scan.ini: [scan]
scan.ini: tool = csmock
scan.ini: tool-version = csmock-3.3.5-1.fc36
scan.ini: tool-args = '/usr/bin/csmock' '-o' '/home/mockbuilder/aufover-benchmark/workdir-for-sync/rpm-pkgs/libproxy-0.4.17-3.fc35/cbmc/output' '-f' '/home/mockbuilder/aufover-benchmark/workdir-for-sync/rpm-pkgs/libproxy-0.4.17-3.fc35/libproxy-0.4.17-3.fc35.src.rpm' '-r' 'fedora-35-x86_64' '-t' 'cbmc' '--cbmc-timeout=8' '--keep-going'
scan.ini: host = dell-pe-fm120-1c.dell2.lab.eng.bos.redhat.com
scan.ini: store-results-to = /home/mockbuilder/aufover-benchmark/workdir-for-sync/rpm-pkgs/libproxy-0.4.17-3.fc35/cbmc/output
scan.ini: time-created = 2023-01-26 11:11:29
scan.ini: enabled-plugins = cbmc, gcc
scan.ini: mock-config = fedora-35-x86_64
scan.ini: project-name = libproxy-0.4.17-3.fc35
>>> 2023-01-26 11:11:29	"rpm -qa | sort -V > '/home/mockbuilder/aufover-benchmark/workdir-for-sync/rpm-pkgs/libproxy-0.4.17-3.fc35/cbmc/output/debug/rpm-list-host.txt'"

>>> 2023-01-26 11:11:30	"/usr/bin/mock" "-r" "fedora-35-x86_64" "--plugin-option=tmpfs:keep_mounted=True" "--config-opts=print_main_output=True" "--init"
INFO: mock.py version 3.5 starting (python version = 3.10.9, NVR = mock-3.5-1.fc36)...
Start(bootstrap): init plugins
INFO: selinux enabled
Finish(bootstrap): init plugins
Start: init plugins
INFO: selinux enabled
Finish: init plugins
INFO: Signal handler active
Start: run
Start: clean chroot
Finish: clean chroot
Start(bootstrap): chroot init
INFO: calling preinit hooks
INFO: enabled root cache
INFO: enabled package manager cache
Start(bootstrap): cleaning package manager metadata
Finish(bootstrap): cleaning package manager metadata
INFO: enabled HW Info plugin
Mock Version: 3.5
INFO: Mock Version: 3.5
Finish(bootstrap): chroot init
Start: chroot init
INFO: calling preinit hooks
INFO: enabled root cache
Start: unpacking root cache
Finish: unpacking root cache
INFO: enabled package manager cache
Start: cleaning package manager metadata
Finish: cleaning package manager metadata
INFO: enabled HW Info plugin
Mock Version: 3.5
INFO: Mock Version: 3.5
Finish: chroot init
Finish: run

>>> 2023-01-26 11:11:37	"/usr/bin/mock" "-r" "fedora-35-x86_64" "--plugin-option=tmpfs:keep_mounted=True" "--config-opts=print_main_output=True" "--quiet" "--installdeps" "/tmp/csmockgyzsaz4s/libproxy-0.4.17-3.fc35.src.rpm"
No matches found for the following disable plugin patterns: local, spacewalk, versionlock
fedora                   [===                 ] ---  B/s |   0  B     --:-- ETAfedora                                           24 kB/s | 4.5 kB     00:00    
updates                  [===                 ] ---  B/s |   0  B     --:-- ETAupdates                                          24 kB/s | 2.8 kB     00:00    
Dependencies resolved.
================================================================================
 Package                       Arch      Version               Repository  Size
================================================================================
Installing:
 [1mNetworkManager-libnm-devel   [m x86_64    1:1.32.12-2.fc35      updates    844 k
 [1mcmake                        [m x86_64    3.24.2-1.fc35         updates    6.5 M
 [1mdbus-devel                   [m x86_64    1:1.12.24-1.fc35      updates     33 k
 [1mgcc-c++                      [m x86_64    11.3.1-3.fc35         updates     12 M
 [1mglib2-devel                  [m x86_64    2.70.5-1.fc35         updates    478 k
 [1mpython3-devel                [m x86_64    3.10.8-3.fc35         updates    208 k
 [1mwebkit2gtk3-jsc-devel        [m x86_64    2.38.2-1.fc35         updates    156 k
Installing dependencies:
 [1mNetworkManager-libnm         [m x86_64    1:1.32.12-2.fc35      updates    1.7 M
 [1mannobin-docs                 [m noarch    10.79-1.fc35          updates     91 k
 [1mannobin-plugin-gcc           [m x86_64    10.79-1.fc35          updates    882 k
 [1mcmake-data                   [m noarch    3.24.2-1.fc35         updates    1.7 M
 [1mcmake-filesystem             [m x86_64    3.24.2-1.fc35         updates     16 k
 [1mcmake-rpm-macros             [m noarch    3.24.2-1.fc35         updates     15 k
 [1mcpp                          [m x86_64    11.3.1-3.fc35         updates     10 M
 [1mdbus-libs                    [m x86_64    1:1.12.24-1.fc35      updates    151 k
 [1memacs-filesystem             [m noarch    1:27.2-9.fc35         fedora     9.0 k
 [1mexpat                        [m x86_64    2.5.0-1.fc35          updates    115 k
 [1mgc                           [m x86_64    8.0.4-6.fc35          fedora     103 k
 [1mgcc                          [m x86_64    11.3.1-3.fc35         updates     31 M
 [1mglib2                        [m x86_64    2.70.5-1.fc35         updates    2.6 M
 [1mglibc-devel                  [m x86_64    2.34-49.fc35          updates     45 k
 [1mglibc-headers-x86            [m noarch    2.34-49.fc35          updates    445 k
 [1mgnutls                       [m x86_64    3.7.8-3.fc35          updates    1.1 M
 [1mguile22                      [m x86_64    2.2.7-3.fc35          fedora     6.4 M
 [1mjsoncpp                      [m x86_64    1.9.4-5.fc35          updates     93 k
 [1mkernel-headers               [m x86_64    6.0.5-100.fc35        updates    1.3 M
 [1mlibatomic                    [m x86_64    11.3.1-3.fc35         updates     60 k
 [1mlibblkid-devel               [m x86_64    2.37.4-1.fc35         updates     16 k
 [1mlibffi-devel                 [m x86_64    3.1-29.fc35           fedora      22 k
 [1mlibicu                       [m x86_64    69.1-6.fc35           updates    9.8 M
 [1mlibmount-devel               [m x86_64    2.37.4-1.fc35         updates     18 k
 [1mlibmpc                       [m x86_64    1.2.1-3.fc35          fedora      62 k
 [1mlibselinux-devel             [m x86_64    3.3-1.fc35            updates    112 k
 [1mlibsepol-devel               [m x86_64    3.3-2.fc35            updates     40 k
 [1mlibstdc++-devel              [m x86_64    11.3.1-3.fc35         updates    2.2 M
 [1mlibtool-ltdl                 [m x86_64    2.4.6-50.fc35         updates     36 k
 [1mlibuv                        [m x86_64    1:1.44.2-1.fc35       updates    151 k
 [1mlibxcrypt-devel              [m x86_64    4.4.33-3.fc35         updates     30 k
 [1mmake                         [m x86_64    1:4.3-6.fc35          fedora     533 k
 [1mmpdecimal                    [m x86_64    2.5.1-2.fc35          fedora      99 k
 [1mnettle                       [m x86_64    3.8-1.fc35            updates    411 k
 [1mpcre-cpp                     [m x86_64    8.45-1.fc35           fedora      26 k
 [1mpcre-devel                   [m x86_64    8.45-1.fc35           fedora     470 k
 [1mpcre-utf16                   [m x86_64    8.45-1.fc35           fedora     184 k
 [1mpcre-utf32                   [m x86_64    8.45-1.fc35           fedora     175 k
 [1mpcre2-devel                  [m x86_64    10.40-1.fc35          updates    474 k
 [1mpcre2-utf16                  [m x86_64    10.40-1.fc35          updates    215 k
 [1mpcre2-utf32                  [m x86_64    10.40-1.fc35          updates    205 k
 [1mpyproject-rpm-macros         [m noarch    1.4.0-1.fc35          updates     40 k
 [1mpython-pip-wheel             [m noarch    21.2.3-4.fc35         updates    1.1 M
 [1mpython-rpm-macros            [m noarch    3.10-13.fc35          updates     16 k
 [1mpython-setuptools-wheel      [m noarch    57.4.0-1.fc35         fedora     505 k
 [1mpython3                      [m x86_64    3.10.8-3.fc35         updates     26 k
 [1mpython3-libs                 [m x86_64    3.10.8-3.fc35         updates    7.5 M
 [1mpython3-packaging            [m noarch    21.3-2.fc35           updates     72 k
 [1mpython3-pyparsing            [m noarch    2.4.7-9.fc35          fedora     151 k
 [1mpython3-rpm-generators       [m noarch    12-8.fc35             fedora      31 k
 [1mpython3-rpm-macros           [m noarch    3.10-13.fc35          updates     12 k
 [1mrhash                        [m x86_64    1.4.0-4.fc35          fedora     178 k
 [1msysprof-capture-devel        [m x86_64    3.42.1-1.fc35         updates     58 k
 [1mvim-filesystem               [m noarch    2:9.0.915-1.fc35      updates     19 k
 [1mwebkit2gtk3-jsc              [m x86_64    2.38.2-1.fc35         updates    6.5 M
 [1mxml-common                   [m noarch    0.6.3-57.fc35         fedora      31 k
 [1mzlib-devel                   [m x86_64    1.2.11-32.fc35        updates     44 k

Transaction Summary
================================================================================
Install  64 Packages

Total size: 110 M
Total download size: 9.2 M
Installed size: 375 M
Downloading Packages:
[SKIPPED] emacs-filesystem-27.2-9.fc35.noarch.rpm: Already downloaded          
[SKIPPED] gc-8.0.4-6.fc35.x86_64.rpm: Already downloaded                       
[SKIPPED] guile22-2.2.7-3.fc35.x86_64.rpm: Already downloaded                  
[SKIPPED] libffi-devel-3.1-29.fc35.x86_64.rpm: Already downloaded              
[SKIPPED] libmpc-1.2.1-3.fc35.x86_64.rpm: Already downloaded                   
[SKIPPED] make-4.3-6.fc35.x86_64.rpm: Already downloaded                       
[SKIPPED] mpdecimal-2.5.1-2.fc35.x86_64.rpm: Already downloaded                
[SKIPPED] pcre-cpp-8.45-1.fc35.x86_64.rpm: Already downloaded                  
[SKIPPED] pcre-devel-8.45-1.fc35.x86_64.rpm: Already downloaded                
[SKIPPED] pcre-utf16-8.45-1.fc35.x86_64.rpm: Already downloaded                
[SKIPPED] pcre-utf32-8.45-1.fc35.x86_64.rpm: Already downloaded                
[SKIPPED] python-setuptools-wheel-57.4.0-1.fc35.noarch.rpm: Already downloaded 
[SKIPPED] python3-pyparsing-2.4.7-9.fc35.noarch.rpm: Already downloaded        
[SKIPPED] python3-rpm-generators-12-8.fc35.noarch.rpm: Already downloaded      
[SKIPPED] rhash-1.4.0-4.fc35.x86_64.rpm: Already downloaded                    
[SKIPPED] xml-common-0.6.3-57.fc35.noarch.rpm: Already downloaded              
updates                  [   ===              ] ---  B/s |   0  B     --:-- ETA[SKIPPED] annobin-docs-10.79-1.fc35.noarch.rpm: Already downloaded             
[SKIPPED] annobin-plugin-gcc-10.79-1.fc35.x86_64.rpm: Already downloaded       
[SKIPPED] cmake-3.24.2-1.fc35.x86_64.rpm: Already downloaded                   
[SKIPPED] cmake-data-3.24.2-1.fc35.noarch.rpm: Already downloaded              
[SKIPPED] cmake-filesystem-3.24.2-1.fc35.x86_64.rpm: Already downloaded        
[SKIPPED] cmake-rpm-macros-3.24.2-1.fc35.noarch.rpm: Already downloaded        
[SKIPPED] cpp-11.3.1-3.fc35.x86_64.rpm: Already downloaded                     
[SKIPPED] dbus-devel-1.12.24-1.fc35.x86_64.rpm: Already downloaded             
[SKIPPED] dbus-libs-1.12.24-1.fc35.x86_64.rpm: Already downloaded              
[SKIPPED] expat-2.5.0-1.fc35.x86_64.rpm: Already downloaded                    
[SKIPPED] gcc-11.3.1-3.fc35.x86_64.rpm: Already downloaded                     
[SKIPPED] gcc-c++-11.3.1-3.fc35.x86_64.rpm: Already downloaded                 
[SKIPPED] glib2-2.70.5-1.fc35.x86_64.rpm: Already downloaded                   
[SKIPPED] glib2-devel-2.70.5-1.fc35.x86_64.rpm: Already downloaded             
[SKIPPED] glibc-devel-2.34-49.fc35.x86_64.rpm: Already downloaded              
[SKIPPED] glibc-headers-x86-2.34-49.fc35.noarch.rpm: Already downloaded        
[SKIPPED] gnutls-3.7.8-3.fc35.x86_64.rpm: Already downloaded                   
[SKIPPED] jsoncpp-1.9.4-5.fc35.x86_64.rpm: Already downloaded                  
[SKIPPED] kernel-headers-6.0.5-100.fc35.x86_64.rpm: Already downloaded         
[SKIPPED] libblkid-devel-2.37.4-1.fc35.x86_64.rpm: Already downloaded          
[SKIPPED] libicu-69.1-6.fc35.x86_64.rpm: Already downloaded                    
[SKIPPED] libmount-devel-2.37.4-1.fc35.x86_64.rpm: Already downloaded          
[SKIPPED] libselinux-devel-3.3-1.fc35.x86_64.rpm: Already downloaded           
[SKIPPED] libsepol-devel-3.3-2.fc35.x86_64.rpm: Already downloaded             
[SKIPPED] libstdc++-devel-11.3.1-3.fc35.x86_64.rpm: Already downloaded         
[SKIPPED] libtool-ltdl-2.4.6-50.fc35.x86_64.rpm: Already downloaded            
[SKIPPED] libuv-1.44.2-1.fc35.x86_64.rpm: Already downloaded                   
[SKIPPED] libxcrypt-devel-4.4.33-3.fc35.x86_64.rpm: Already downloaded         
[SKIPPED] nettle-3.8-1.fc35.x86_64.rpm: Already downloaded                     
[SKIPPED] pcre2-devel-10.40-1.fc35.x86_64.rpm: Already downloaded              
[SKIPPED] pcre2-utf16-10.40-1.fc35.x86_64.rpm: Already downloaded              
[SKIPPED] pcre2-utf32-10.40-1.fc35.x86_64.rpm: Already downloaded              
[SKIPPED] pyproject-rpm-macros-1.4.0-1.fc35.noarch.rpm: Already downloaded     
[SKIPPED] python-pip-wheel-21.2.3-4.fc35.noarch.rpm: Already downloaded        
[SKIPPED] python-rpm-macros-3.10-13.fc35.noarch.rpm: Already downloaded        
[SKIPPED] python3-3.10.8-3.fc35.x86_64.rpm: Already downloaded                 
[SKIPPED] python3-devel-3.10.8-3.fc35.x86_64.rpm: Already downloaded           
[SKIPPED] python3-libs-3.10.8-3.fc35.x86_64.rpm: Already downloaded            
[SKIPPED] python3-packaging-21.3-2.fc35.noarch.rpm: Already downloaded         
[SKIPPED] python3-rpm-macros-3.10-13.fc35.noarch.rpm: Already downloaded       
[SKIPPED] sysprof-capture-devel-3.42.1-1.fc35.x86_64.rpm: Already downloaded   
[SKIPPED] vim-filesystem-9.0.915-1.fc35.noarch.rpm: Already downloaded         
[SKIPPED] zlib-devel-1.2.11-32.fc35.x86_64.rpm: Already downloaded             
(60/64): NetworkMana 91% [==================  ] ---  B/s | 101 MB     --:-- ETA[MIRROR] NetworkManager-libnm-devel-1.32.12-2.fc35.x86_64.rpm: Status code: 404 for https://d2lzkl7pfhq30w.cloudfront.net/pub/fedora/linux/updates/35/Everything/x86_64/Packages/n/NetworkManager-libnm-devel-1.32.12-2.fc35.x86_64.rpm (IP: 18.160.0.87)
(60-62/64): NetworkM 91% [==================  ] 1.2 kB/s | 101 MB    130:02 ETA[MIRROR] libatomic-11.3.1-3.fc35.x86_64.rpm: Status code: 404 for https://d2lzkl7pfhq30w.cloudfront.net/pub/fedora/linux/updates/35/Everything/x86_64/Packages/l/libatomic-11.3.1-3.fc35.x86_64.rpm (IP: 18.160.0.87)
(60-62/64): NetworkM 91% [==================  ] 1.2 kB/s | 101 MB    130:02 ETA[MIRROR] NetworkManager-libnm-1.32.12-2.fc35.x86_64.rpm: Status code: 404 for https://d2lzkl7pfhq30w.cloudfront.net/pub/fedora/linux/updates/35/Everything/x86_64/Packages/n/NetworkManager-libnm-1.32.12-2.fc35.x86_64.rpm (IP: 18.160.0.87)
(60-62/64): NetworkM 91% [==================  ] 1.2 kB/s | 101 MB    130:02 ETA(60/64): libatomic-11.3.1-3.fc35.x86_64.rpm     108 kB/s |  60 kB     00:00    
(61-62/64): NetworkM 91% [==================  ]  35 kB/s | 101 MB     04:21 ETA(61-63/64): NetworkM 92% [==================  ] 180 kB/s | 102 MB     00:47 ETA(61/64): NetworkManager-libnm-devel-1.32.12-2.f 707 kB/s | 844 kB     00:01    
(62-63/64): webkit2g 93% [==================- ] 465 kB/s | 103 MB     00:15 ETA(62/64): webkit2gtk3-jsc-devel-2.38.2-1.fc35.x8 857 kB/s | 156 kB     00:00    
(63-64/64): webkit2g 95% [=================== ] 802 kB/s | 105 MB     00:06 ETA(63/64): NetworkManager-libnm-1.32.12-2.fc35.x8 1.1 MB/s | 1.7 MB     00:01    
(64/64): webkit2gtk3 95% [=================== ] 859 kB/s | 105 MB     00:05 ETA(64/64): webkit2gtk3 97% [===================-] 1.2 MB/s | 107 MB     00:02 ETA(64/64): webkit2gtk3 99% [===================-] 1.6 MB/s | 109 MB     00:00 ETA(64/64): webkit2gtk3-jsc-2.38.2-1.fc35.x86_64.r 3.4 MB/s | 6.5 MB     00:01    
--------------------------------------------------------------------------------
Total                                           3.3 MB/s | 9.2 MB     00:02     
Running transaction check
Transaction check succeeded.
Running transaction test
Transaction test succeeded.
Running transaction
  Preparing        :  [                                                   ] 1/1  Preparing        :  [=                                                  ] 1/1  Preparing        :  [==                                                 ] 1/1  Preparing        :  [===                                                ] 1/1  Preparing        :  [====                                               ] 1/1  Preparing        :  [=====                                              ] 1/1  Preparing        :  [======                                             ] 1/1  Preparing        :  [=======                                            ] 1/1  Preparing        :  [========                                           ] 1/1  Preparing        :  [=========                                          ] 1/1  Preparing        :  [==========                                         ] 1/1  Preparing        :  [===========                                        ] 1/1  Preparing        :  [============                                       ] 1/1  Preparing        :  [=============                                      ] 1/1  Preparing        :  [==============                                     ] 1/1  Preparing        :  [===============                                    ] 1/1  Preparing        :  [================                                   ] 1/1  Preparing        :  [=================                                  ] 1/1  Preparing        :  [==================                                 ] 1/1  Preparing        :  [===================                                ] 1/1  Preparing        :  [====================                               ] 1/1  Preparing        :  [=====================                              ] 1/1  Preparing        :  [======================                             ] 1/1  Preparing        :  [=======================                            ] 1/1  Preparing        :  [========================                           ] 1/1  Preparing        :  [=========================                          ] 1/1  Preparing        :  [==========================                         ] 1/1  Preparing        :  [===========================                        ] 1/1  Preparing        :  [============================                       ] 1/1  Preparing        :  [=============================                      ] 1/1  Preparing        :  [==============================                     ] 1/1  Preparing        :  [===============================                    ] 1/1  Preparing        :  [================================                   ] 1/1  Preparing        :  [=================================                  ] 1/1  Preparing        :  [==================================                 ] 1/1  Preparing        :  [===================================                ] 1/1  Preparing        :  [====================================               ] 1/1  Preparing        :  [=====================================              ] 1/1  Preparing        :  [======================================             ] 1/1  Preparing        :  [=======================================            ] 1/1  Preparing        :  [========================================           ] 1/1  Preparing        :  [=========================================          ] 1/1  Preparing        :  [==========================================         ] 1/1  Preparing        :  [===========================================        ] 1/1  Preparing        :  [============================================       ] 1/1  Preparing        :  [=============================================      ] 1/1  Preparing        :  [==============================================     ] 1/1  Preparing        :  [===============================================    ] 1/1  Preparing        :  [================================================   ] 1/1  Preparing        :  [=================================================  ] 1/1  Preparing        :                                                        1/1 
  Installing       : python-rpm-macros-3.10-1 [                         ]  1/64  Installing       : python-rpm-macros-3.10-1 [===                      ]  1/64  Installing       : python-rpm-macros-3.10-1 [===========              ]  1/64  Installing       : python-rpm-macros-3.10-1 [=================        ]  1/64  Installing       : python-rpm-macros-3.10-1 [======================== ]  1/64  Installing       : python-rpm-macros-3.10-13.fc35.noarch                 1/64 
  Installing       : cmake-filesystem-3.24.2- [                         ]  2/64  Installing       : cmake-filesystem-3.24.2- [=                        ]  2/64  Installing       : cmake-filesystem-3.24.2- [==                       ]  2/64  Installing       : cmake-filesystem-3.24.2- [===                      ]  2/64  Installing       : cmake-filesystem-3.24.2- [====                     ]  2/64  Installing       : cmake-filesystem-3.24.2- [=====                    ]  2/64  Installing       : cmake-filesystem-3.24.2- [======                   ]  2/64  Installing       : cmake-filesystem-3.24.2- [=======                  ]  2/64  Installing       : cmake-filesystem-3.24.2- [========                 ]  2/64  Installing       : cmake-filesystem-3.24.2- [=========                ]  2/64  Installing       : cmake-filesystem-3.24.2- [==========               ]  2/64  Installing       : cmake-filesystem-3.24.2- [===========              ]  2/64  Installing       : cmake-filesystem-3.24.2- [============             ]  2/64  Installing       : cmake-filesystem-3.24.2- [=============            ]  2/64  Installing       : cmake-filesystem-3.24.2- [==============           ]  2/64  Installing       : cmake-filesystem-3.24.2- [===============          ]  2/64  Installing       : cmake-filesystem-3.24.2- [================         ]  2/64  Installing       : cmake-filesystem-3.24.2- [=================        ]  2/64  Installing       : cmake-filesystem-3.24.2- [==================       ]  2/64  Installing       : cmake-filesystem-3.24.2- [===================      ]  2/64  Installing       : cmake-filesystem-3.24.2- [====================     ]  2/64  Installing       : cmake-filesystem-3.24.2- [=====================    ]  2/64  Installing       : cmake-filesystem-3.24.2- [======================   ]  2/64  Installing       : cmake-filesystem-3.24.2- [=======================  ]  2/64  Installing       : cmake-filesystem-3.24.2- [======================== ]  2/64  Installing       : cmake-filesystem-3.24.2-1.fc35.x86_64                 2/64 
  Installing       : libmpc-1.2.1-3.fc35.x86_ [                         ]  3/64  Installing       : libmpc-1.2.1-3.fc35.x86_ [=====                    ]  3/64  Installing       : libmpc-1.2.1-3.fc35.x86_ [===========              ]  3/64  Installing       : libmpc-1.2.1-3.fc35.x86_ [=================        ]  3/64  Installing       : libmpc-1.2.1-3.fc35.x86_ [=====================    ]  3/64  Installing       : libmpc-1.2.1-3.fc35.x86_ [======================   ]  3/64  Installing       : libmpc-1.2.1-3.fc35.x86_ [=======================  ]  3/64  Installing       : libmpc-1.2.1-3.fc35.x86_ [======================== ]  3/64  Installing       : libmpc-1.2.1-3.fc35.x86_64                            3/64 
  Installing       : python3-rpm-macros-3.10- [                         ]  4/64  Installing       : python3-rpm-macros-3.10- [======================== ]  4/64  Installing       : python3-rpm-macros-3.10-13.fc35.noarch                4/64 
  Installing       : expat-2.5.0-1.fc35.x86_6 [                         ]  5/64  Installing       : expat-2.5.0-1.fc35.x86_6 [==                       ]  5/64  Installing       : expat-2.5.0-1.fc35.x86_6 [===                      ]  5/64  Installing       : expat-2.5.0-1.fc35.x86_6 [======                   ]  5/64  Installing       : expat-2.5.0-1.fc35.x86_6 [========                 ]  5/64  Installing       : expat-2.5.0-1.fc35.x86_6 [===========              ]  5/64  Installing       : expat-2.5.0-1.fc35.x86_6 [=============            ]  5/64  Installing       : expat-2.5.0-1.fc35.x86_6 [================         ]  5/64  Installing       : expat-2.5.0-1.fc35.x86_6 [===================      ]  5/64  Installing       : expat-2.5.0-1.fc35.x86_6 [=====================    ]  5/64  Installing       : expat-2.5.0-1.fc35.x86_6 [======================== ]  5/64  Installing       : expat-2.5.0-1.fc35.x86_64                             5/64 
  Installing       : pyproject-rpm-macros-1.4 [                         ]  6/64  Installing       : pyproject-rpm-macros-1.4 [==                       ]  6/64  Installing       : pyproject-rpm-macros-1.4 [=======                  ]  6/64  Installing       : pyproject-rpm-macros-1.4 [=========                ]  6/64  Installing       : pyproject-rpm-macros-1.4 [==========               ]  6/64  Installing       : pyproject-rpm-macros-1.4 [===========              ]  6/64  Installing       : pyproject-rpm-macros-1.4 [==================       ]  6/64  Installing       : pyproject-rpm-macros-1.4 [===================      ]  6/64  Installing       : pyproject-rpm-macros-1.4 [======================== ]  6/64  Installing       : pyproject-rpm-macros-1.4.0-1.fc35.noarch              6/64 
  Installing       : cpp-11.3.1-3.fc35.x86_64 [                         ]  7/64  Installing       : cpp-11.3.1-3.fc35.x86_64 [=                        ]  7/64  Installing       : cpp-11.3.1-3.fc35.x86_64 [==                       ]  7/64  Installing       : cpp-11.3.1-3.fc35.x86_64 [===                      ]  7/64  Installing       : cpp-11.3.1-3.fc35.x86_64 [====                     ]  7/64  Installing       : cpp-11.3.1-3.fc35.x86_64 [=====                    ]  7/64  Installing       : cpp-11.3.1-3.fc35.x86_64 [======                   ]  7/64  Installing       : cpp-11.3.1-3.fc35.x86_64 [=======                  ]  7/64  Installing       : cpp-11.3.1-3.fc35.x86_64 [========                 ]  7/64  Installing       : cpp-11.3.1-3.fc35.x86_64 [=========                ]  7/64  Installing       : cpp-11.3.1-3.fc35.x86_64 [==========               ]  7/64  Installing       : cpp-11.3.1-3.fc35.x86_64 [===========              ]  7/64  Installing       : cpp-11.3.1-3.fc35.x86_64 [============             ]  7/64  Installing       : cpp-11.3.1-3.fc35.x86_64 [=============            ]  7/64  Installing       : cpp-11.3.1-3.fc35.x86_64 [==============           ]  7/64  Installing       : cpp-11.3.1-3.fc35.x86_64 [===============          ]  7/64  Installing       : cpp-11.3.1-3.fc35.x86_64 [================         ]  7/64  Installing       : cpp-11.3.1-3.fc35.x86_64 [=================        ]  7/64  Installing       : cpp-11.3.1-3.fc35.x86_64 [==================       ]  7/64  Installing       : cpp-11.3.1-3.fc35.x86_64 [===================      ]  7/64  Installing       : cpp-11.3.1-3.fc35.x86_64 [====================     ]  7/64  Installing       : cpp-11.3.1-3.fc35.x86_64 [=====================    ]  7/64  Installing       : cpp-11.3.1-3.fc35.x86_64 [======================   ]  7/64  Installing       : cpp-11.3.1-3.fc35.x86_64 [=======================  ]  7/64  Installing       : cpp-11.3.1-3.fc35.x86_64 [======================== ]  7/64  Installing       : cpp-11.3.1-3.fc35.x86_64                              7/64 
  Installing       : zlib-devel-1.2.11-32.fc3 [                         ]  8/64  Installing       : zlib-devel-1.2.11-32.fc3 [==                       ]  8/64  Installing       : zlib-devel-1.2.11-32.fc3 [========                 ]  8/64  Installing       : zlib-devel-1.2.11-32.fc3 [==============           ]  8/64  Installing       : zlib-devel-1.2.11-32.fc3 [===================      ]  8/64  Installing       : zlib-devel-1.2.11-32.fc3 [=====================    ]  8/64  Installing       : zlib-devel-1.2.11-32.fc3 [======================== ]  8/64  Installing       : zlib-devel-1.2.11-32.fc35.x86_64                      8/64 
  Installing       : vim-filesystem-2:9.0.915 [                         ]  9/64  Installing       : vim-filesystem-2:9.0.915 [=                        ]  9/64  Installing       : vim-filesystem-2:9.0.915 [==                       ]  9/64  Installing       : vim-filesystem-2:9.0.915 [===                      ]  9/64  Installing       : vim-filesystem-2:9.0.915 [====                     ]  9/64  Installing       : vim-filesystem-2:9.0.915 [=====                    ]  9/64  Installing       : vim-filesystem-2:9.0.915 [======                   ]  9/64  Installing       : vim-filesystem-2:9.0.915 [=======                  ]  9/64  Installing       : vim-filesystem-2:9.0.915 [========                 ]  9/64  Installing       : vim-filesystem-2:9.0.915 [=========                ]  9/64  Installing       : vim-filesystem-2:9.0.915 [==========               ]  9/64  Installing       : vim-filesystem-2:9.0.915 [===========              ]  9/64  Installing       : vim-filesystem-2:9.0.915 [============             ]  9/64  Installing       : vim-filesystem-2:9.0.915 [=============            ]  9/64  Installing       : vim-filesystem-2:9.0.915 [==============           ]  9/64  Installing       : vim-filesystem-2:9.0.915 [===============          ]  9/64  Installing       : vim-filesystem-2:9.0.915 [================         ]  9/64  Installing       : vim-filesystem-2:9.0.915 [=================        ]  9/64  Installing       : vim-filesystem-2:9.0.915 [==================       ]  9/64  Installing       : vim-filesystem-2:9.0.915 [===================      ]  9/64  Installing       : vim-filesystem-2:9.0.915 [====================     ]  9/64  Installing       : vim-filesystem-2:9.0.915 [=====================    ]  9/64  Installing       : vim-filesystem-2:9.0.915 [======================   ]  9/64  Installing       : vim-filesystem-2:9.0.915 [=======================  ]  9/64  Installing       : vim-filesystem-2:9.0.915 [======================== ]  9/64  Installing       : vim-filesystem-2:9.0.915-1.fc35.noarch                9/64 
  Installing       : sysprof-capture-devel-3. [                         ] 10/64  Installing       : sysprof-capture-devel-3. [=                        ] 10/64  Installing       : sysprof-capture-devel-3. [==                       ] 10/64  Installing       : sysprof-capture-devel-3. [====                     ] 10/64  Installing       : sysprof-capture-devel-3. [=====                    ] 10/64  Installing       : sysprof-capture-devel-3. [======                   ] 10/64  Installing       : sysprof-capture-devel-3. [=========                ] 10/64  Installing       : sysprof-capture-devel-3. [===========              ] 10/64  Installing       : sysprof-capture-devel-3. [=============            ] 10/64  Installing       : sysprof-capture-devel-3. [================         ] 10/64  Installing       : sysprof-capture-devel-3. [==================       ] 10/64  Installing       : sysprof-capture-devel-3. [====================     ] 10/64  Installing       : sysprof-capture-devel-3. [=======================  ] 10/64  Installing       : sysprof-capture-devel-3. [======================== ] 10/64  Installing       : sysprof-capture-devel-3.42.1-1.fc35.x86_64           10/64 
  Installing       : python-pip-wheel-21.2.3- [                         ] 11/64  Installing       : python-pip-wheel-21.2.3- [=                        ] 11/64  Installing       : python-pip-wheel-21.2.3- [==                       ] 11/64  Installing       : python-pip-wheel-21.2.3- [===                      ] 11/64  Installing       : python-pip-wheel-21.2.3- [====                     ] 11/64  Installing       : python-pip-wheel-21.2.3- [=====                    ] 11/64  Installing       : python-pip-wheel-21.2.3- [======                   ] 11/64  Installing       : python-pip-wheel-21.2.3- [=======                  ] 11/64  Installing       : python-pip-wheel-21.2.3- [========                 ] 11/64  Installing       : python-pip-wheel-21.2.3- [=========                ] 11/64  Installing       : python-pip-wheel-21.2.3- [==========               ] 11/64  Installing       : python-pip-wheel-21.2.3- [===========              ] 11/64  Installing       : python-pip-wheel-21.2.3- [============             ] 11/64  Installing       : python-pip-wheel-21.2.3- [=============            ] 11/64  Installing       : python-pip-wheel-21.2.3- [==============           ] 11/64  Installing       : python-pip-wheel-21.2.3- [===============          ] 11/64  Installing       : python-pip-wheel-21.2.3- [================         ] 11/64  Installing       : python-pip-wheel-21.2.3- [=================        ] 11/64  Installing       : python-pip-wheel-21.2.3- [==================       ] 11/64  Installing       : python-pip-wheel-21.2.3- [===================      ] 11/64  Installing       : python-pip-wheel-21.2.3- [====================     ] 11/64  Installing       : python-pip-wheel-21.2.3- [=====================    ] 11/64  Installing       : python-pip-wheel-21.2.3- [======================   ] 11/64  Installing       : python-pip-wheel-21.2.3- [=======================  ] 11/64  Installing       : python-pip-wheel-21.2.3- [======================== ] 11/64  Installing       : python-pip-wheel-21.2.3-4.fc35.noarch                11/64 
  Installing       : pcre2-utf32-10.40-1.fc35 [                         ] 12/64  Installing       : pcre2-utf32-10.40-1.fc35 [=                        ] 12/64  Installing       : pcre2-utf32-10.40-1.fc35 [==                       ] 12/64  Installing       : pcre2-utf32-10.40-1.fc35 [====                     ] 12/64  Installing       : pcre2-utf32-10.40-1.fc35 [=====                    ] 12/64  Installing       : pcre2-utf32-10.40-1.fc35 [=======                  ] 12/64  Installing       : pcre2-utf32-10.40-1.fc35 [========                 ] 12/64  Installing       : pcre2-utf32-10.40-1.fc35 [==========               ] 12/64  Installing       : pcre2-utf32-10.40-1.fc35 [===========              ] 12/64  Installing       : pcre2-utf32-10.40-1.fc35 [=============            ] 12/64  Installing       : pcre2-utf32-10.40-1.fc35 [==============           ] 12/64  Installing       : pcre2-utf32-10.40-1.fc35 [================         ] 12/64  Installing       : pcre2-utf32-10.40-1.fc35 [=================        ] 12/64  Installing       : pcre2-utf32-10.40-1.fc35 [===================      ] 12/64  Installing       : pcre2-utf32-10.40-1.fc35 [====================     ] 12/64  Installing       : pcre2-utf32-10.40-1.fc35 [=====================    ] 12/64  Installing       : pcre2-utf32-10.40-1.fc35 [=======================  ] 12/64  Installing       : pcre2-utf32-10.40-1.fc35 [======================== ] 12/64  Installing       : pcre2-utf32-10.40-1.fc35.x86_64                      12/64 
  Installing       : pcre2-utf16-10.40-1.fc35 [                         ] 13/64  Installing       : pcre2-utf16-10.40-1.fc35 [=                        ] 13/64  Installing       : pcre2-utf16-10.40-1.fc35 [==                       ] 13/64  Installing       : pcre2-utf16-10.40-1.fc35 [====                     ] 13/64  Installing       : pcre2-utf16-10.40-1.fc35 [=====                    ] 13/64  Installing       : pcre2-utf16-10.40-1.fc35 [=======                  ] 13/64  Installing       : pcre2-utf16-10.40-1.fc35 [========                 ] 13/64  Installing       : pcre2-utf16-10.40-1.fc35 [=========                ] 13/64  Installing       : pcre2-utf16-10.40-1.fc35 [===========              ] 13/64  Installing       : pcre2-utf16-10.40-1.fc35 [============             ] 13/64  Installing       : pcre2-utf16-10.40-1.fc35 [==============           ] 13/64  Installing       : pcre2-utf16-10.40-1.fc35 [===============          ] 13/64  Installing       : pcre2-utf16-10.40-1.fc35 [================         ] 13/64  Installing       : pcre2-utf16-10.40-1.fc35 [==================       ] 13/64  Installing       : pcre2-utf16-10.40-1.fc35 [===================      ] 13/64  Installing       : pcre2-utf16-10.40-1.fc35 [=====================    ] 13/64  Installing       : pcre2-utf16-10.40-1.fc35 [======================   ] 13/64  Installing       : pcre2-utf16-10.40-1.fc35 [=======================  ] 13/64  Installing       : pcre2-utf16-10.40-1.fc35 [======================== ] 13/64  Installing       : pcre2-utf16-10.40-1.fc35.x86_64                      13/64 
  Installing       : pcre2-devel-10.40-1.fc35 [                         ] 14/64  Installing       : pcre2-devel-10.40-1.fc35 [=                        ] 14/64  Installing       : pcre2-devel-10.40-1.fc35 [==                       ] 14/64  Installing       : pcre2-devel-10.40-1.fc35 [===                      ] 14/64  Installing       : pcre2-devel-10.40-1.fc35 [====                     ] 14/64  Installing       : pcre2-devel-10.40-1.fc35 [=====                    ] 14/64  Installing       : pcre2-devel-10.40-1.fc35 [======                   ] 14/64  Installing       : pcre2-devel-10.40-1.fc35 [=======                  ] 14/64  Installing       : pcre2-devel-10.40-1.fc35 [========                 ] 14/64  Installing       : pcre2-devel-10.40-1.fc35 [=========                ] 14/64  Installing       : pcre2-devel-10.40-1.fc35 [==========               ] 14/64  Installing       : pcre2-devel-10.40-1.fc35 [===========              ] 14/64  Installing       : pcre2-devel-10.40-1.fc35 [============             ] 14/64  Installing       : pcre2-devel-10.40-1.fc35 [=============            ] 14/64  Installing       : pcre2-devel-10.40-1.fc35 [==============           ] 14/64  Installing       : pcre2-devel-10.40-1.fc35 [===============          ] 14/64  Installing       : pcre2-devel-10.40-1.fc35 [================         ] 14/64  Installing       : pcre2-devel-10.40-1.fc35 [=================        ] 14/64  Installing       : pcre2-devel-10.40-1.fc35 [==================       ] 14/64  Installing       : pcre2-devel-10.40-1.fc35 [===================      ] 14/64  Installing       : pcre2-devel-10.40-1.fc35 [====================     ] 14/64  Installing       : pcre2-devel-10.40-1.fc35 [=====================    ] 14/64  Installing       : pcre2-devel-10.40-1.fc35 [======================   ] 14/64  Installing       : pcre2-devel-10.40-1.fc35 [=======================  ] 14/64  Installing       : pcre2-devel-10.40-1.fc35 [======================== ] 14/64  Installing       : pcre2-devel-10.40-1.fc35.x86_64                      14/64 
  Installing       : nettle-3.8-1.fc35.x86_64 [                         ] 15/64  Installing       : nettle-3.8-1.fc35.x86_64 [=                        ] 15/64  Installing       : nettle-3.8-1.fc35.x86_64 [==                       ] 15/64  Installing       : nettle-3.8-1.fc35.x86_64 [===                      ] 15/64  Installing       : nettle-3.8-1.fc35.x86_64 [====                     ] 15/64  Installing       : nettle-3.8-1.fc35.x86_64 [=====                    ] 15/64  Installing       : nettle-3.8-1.fc35.x86_64 [======                   ] 15/64  Installing       : nettle-3.8-1.fc35.x86_64 [=======                  ] 15/64  Installing       : nettle-3.8-1.fc35.x86_64 [========                 ] 15/64  Installing       : nettle-3.8-1.fc35.x86_64 [=========                ] 15/64  Installing       : nettle-3.8-1.fc35.x86_64 [==========               ] 15/64  Installing       : nettle-3.8-1.fc35.x86_64 [===========              ] 15/64  Installing       : nettle-3.8-1.fc35.x86_64 [============             ] 15/64  Installing       : nettle-3.8-1.fc35.x86_64 [==============           ] 15/64  Installing       : nettle-3.8-1.fc35.x86_64 [===============          ] 15/64  Installing       : nettle-3.8-1.fc35.x86_64 [================         ] 15/64  Installing       : nettle-3.8-1.fc35.x86_64 [=================        ] 15/64  Installing       : nettle-3.8-1.fc35.x86_64 [==================       ] 15/64  Installing       : nettle-3.8-1.fc35.x86_64 [===================      ] 15/64  Installing       : nettle-3.8-1.fc35.x86_64 [====================     ] 15/64  Installing       : nettle-3.8-1.fc35.x86_64 [=====================    ] 15/64  Installing       : nettle-3.8-1.fc35.x86_64 [======================   ] 15/64  Installing       : nettle-3.8-1.fc35.x86_64 [======================== ] 15/64  Installing       : nettle-3.8-1.fc35.x86_64                             15/64 
  Installing       : gnutls-3.7.8-3.fc35.x86_ [                         ] 16/64  Installing       : gnutls-3.7.8-3.fc35.x86_ [=                        ] 16/64  Installing       : gnutls-3.7.8-3.fc35.x86_ [==                       ] 16/64  Installing       : gnutls-3.7.8-3.fc35.x86_ [===                      ] 16/64  Installing       : gnutls-3.7.8-3.fc35.x86_ [====                     ] 16/64  Installing       : gnutls-3.7.8-3.fc35.x86_ [=====                    ] 16/64  Installing       : gnutls-3.7.8-3.fc35.x86_ [======                   ] 16/64  Installing       : gnutls-3.7.8-3.fc35.x86_ [=======                  ] 16/64  Installing       : gnutls-3.7.8-3.fc35.x86_ [========                 ] 16/64  Installing       : gnutls-3.7.8-3.fc35.x86_ [=========                ] 16/64  Installing       : gnutls-3.7.8-3.fc35.x86_ [==========               ] 16/64  Installing       : gnutls-3.7.8-3.fc35.x86_ [===========              ] 16/64  Installing       : gnutls-3.7.8-3.fc35.x86_ [============             ] 16/64  Installing       : gnutls-3.7.8-3.fc35.x86_ [=============            ] 16/64  Installing       : gnutls-3.7.8-3.fc35.x86_ [==============           ] 16/64  Installing       : gnutls-3.7.8-3.fc35.x86_ [===============          ] 16/64  Installing       : gnutls-3.7.8-3.fc35.x86_ [================         ] 16/64  Installing       : gnutls-3.7.8-3.fc35.x86_ [=================        ] 16/64  Installing       : gnutls-3.7.8-3.fc35.x86_ [==================       ] 16/64  Installing       : gnutls-3.7.8-3.fc35.x86_ [===================      ] 16/64  Installing       : gnutls-3.7.8-3.fc35.x86_ [====================     ] 16/64  Installing       : gnutls-3.7.8-3.fc35.x86_ [=====================    ] 16/64  Installing       : gnutls-3.7.8-3.fc35.x86_ [======================   ] 16/64  Installing       : gnutls-3.7.8-3.fc35.x86_ [=======================  ] 16/64  Installing       : gnutls-3.7.8-3.fc35.x86_ [======================== ] 16/64  Installing       : gnutls-3.7.8-3.fc35.x86_64                           16/64 
  Installing       : glib2-2.70.5-1.fc35.x86_ [                         ] 17/64  Installing       : glib2-2.70.5-1.fc35.x86_ [=                        ] 17/64  Installing       : glib2-2.70.5-1.fc35.x86_ [==                       ] 17/64  Installing       : glib2-2.70.5-1.fc35.x86_ [===                      ] 17/64  Installing       : glib2-2.70.5-1.fc35.x86_ [====                     ] 17/64  Installing       : glib2-2.70.5-1.fc35.x86_ [=====                    ] 17/64  Installing       : glib2-2.70.5-1.fc35.x86_ [======                   ] 17/64  Installing       : glib2-2.70.5-1.fc35.x86_ [=======                  ] 17/64  Installing       : glib2-2.70.5-1.fc35.x86_ [========                 ] 17/64  Installing       : glib2-2.70.5-1.fc35.x86_ [=========                ] 17/64  Installing       : glib2-2.70.5-1.fc35.x86_ [==========               ] 17/64  Installing       : glib2-2.70.5-1.fc35.x86_ [===========              ] 17/64  Installing       : glib2-2.70.5-1.fc35.x86_ [============             ] 17/64  Installing       : glib2-2.70.5-1.fc35.x86_ [=============            ] 17/64  Installing       : glib2-2.70.5-1.fc35.x86_ [==============           ] 17/64  Installing       : glib2-2.70.5-1.fc35.x86_ [===============          ] 17/64  Installing       : glib2-2.70.5-1.fc35.x86_ [================         ] 17/64  Installing       : glib2-2.70.5-1.fc35.x86_ [=================        ] 17/64  Installing       : glib2-2.70.5-1.fc35.x86_ [==================       ] 17/64  Installing       : glib2-2.70.5-1.fc35.x86_ [===================      ] 17/64  Installing       : glib2-2.70.5-1.fc35.x86_ [====================     ] 17/64  Installing       : glib2-2.70.5-1.fc35.x86_ [=====================    ] 17/64  Installing       : glib2-2.70.5-1.fc35.x86_ [======================   ] 17/64  Installing       : glib2-2.70.5-1.fc35.x86_ [=======================  ] 17/64  Installing       : glib2-2.70.5-1.fc35.x86_ [======================== ] 17/64  Installing       : glib2-2.70.5-1.fc35.x86_64                           17/64 
  Installing       : NetworkManager-libnm-1:1 [                         ] 18/64  Installing       : NetworkManager-libnm-1:1 [=                        ] 18/64  Installing       : NetworkManager-libnm-1:1 [==                       ] 18/64  Installing       : NetworkManager-libnm-1:1 [===                      ] 18/64  Installing       : NetworkManager-libnm-1:1 [====                     ] 18/64  Installing       : NetworkManager-libnm-1:1 [=====                    ] 18/64  Installing       : NetworkManager-libnm-1:1 [======                   ] 18/64  Installing       : NetworkManager-libnm-1:1 [=======                  ] 18/64  Installing       : NetworkManager-libnm-1:1 [========                 ] 18/64  Installing       : NetworkManager-libnm-1:1 [=========                ] 18/64  Installing       : NetworkManager-libnm-1:1 [==========               ] 18/64  Installing       : NetworkManager-libnm-1:1 [===========              ] 18/64  Installing       : NetworkManager-libnm-1:1 [============             ] 18/64  Installing       : NetworkManager-libnm-1:1 [=============            ] 18/64  Installing       : NetworkManager-libnm-1:1 [==============           ] 18/64  Installing       : NetworkManager-libnm-1:1 [===============          ] 18/64  Installing       : NetworkManager-libnm-1:1 [================         ] 18/64  Installing       : NetworkManager-libnm-1:1 [=================        ] 18/64  Installing       : NetworkManager-libnm-1:1 [==================       ] 18/64  Installing       : NetworkManager-libnm-1:1 [===================      ] 18/64  Installing       : NetworkManager-libnm-1:1 [====================     ] 18/64  Installing       : NetworkManager-libnm-1:1 [=====================    ] 18/64  Installing       : NetworkManager-libnm-1:1 [======================   ] 18/64  Installing       : NetworkManager-libnm-1:1 [=======================  ] 18/64  Installing       : NetworkManager-libnm-1:1 [======================== ] 18/64  Installing       : NetworkManager-libnm-1:1.32.12-2.fc35.x86_64         18/64 
  Installing       : libuv-1:1.44.2-1.fc35.x8 [                         ] 19/64  Installing       : libuv-1:1.44.2-1.fc35.x8 [==                       ] 19/64  Installing       : libuv-1:1.44.2-1.fc35.x8 [===                      ] 19/64  Installing       : libuv-1:1.44.2-1.fc35.x8 [=====                    ] 19/64  Installing       : libuv-1:1.44.2-1.fc35.x8 [=======                  ] 19/64  Installing       : libuv-1:1.44.2-1.fc35.x8 [=========                ] 19/64  Installing       : libuv-1:1.44.2-1.fc35.x8 [===========              ] 19/64  Installing       : libuv-1:1.44.2-1.fc35.x8 [============             ] 19/64  Installing       : libuv-1:1.44.2-1.fc35.x8 [=============            ] 19/64  Installing       : libuv-1:1.44.2-1.fc35.x8 [==============           ] 19/64  Installing       : libuv-1:1.44.2-1.fc35.x8 [===============          ] 19/64  Installing       : libuv-1:1.44.2-1.fc35.x8 [=================        ] 19/64  Installing       : libuv-1:1.44.2-1.fc35.x8 [===================      ] 19/64  Installing       : libuv-1:1.44.2-1.fc35.x8 [=====================    ] 19/64  Installing       : libuv-1:1.44.2-1.fc35.x8 [=======================  ] 19/64  Installing       : libuv-1:1.44.2-1.fc35.x8 [======================== ] 19/64  Installing       : libuv-1:1.44.2-1.fc35.x86_64                         19/64 
  Installing       : libtool-ltdl-2.4.6-50.fc [                         ] 20/64  Installing       : libtool-ltdl-2.4.6-50.fc [===========              ] 20/64  Installing       : libtool-ltdl-2.4.6-50.fc [===============          ] 20/64  Installing       : libtool-ltdl-2.4.6-50.fc [======================== ] 20/64  Installing       : libtool-ltdl-2.4.6-50.fc35.x86_64                    20/64 
  Installing       : libstdc++-devel-11.3.1-3 [                         ] 21/64  Installing       : libstdc++-devel-11.3.1-3 [=                        ] 21/64  Installing       : libstdc++-devel-11.3.1-3 [==                       ] 21/64  Installing       : libstdc++-devel-11.3.1-3 [===                      ] 21/64  Installing       : libstdc++-devel-11.3.1-3 [====                     ] 21/64  Installing       : libstdc++-devel-11.3.1-3 [=====                    ] 21/64  Installing       : libstdc++-devel-11.3.1-3 [======                   ] 21/64  Installing       : libstdc++-devel-11.3.1-3 [=======                  ] 21/64  Installing       : libstdc++-devel-11.3.1-3 [========                 ] 21/64  Installing       : libstdc++-devel-11.3.1-3 [=========                ] 21/64  Installing       : libstdc++-devel-11.3.1-3 [==========               ] 21/64  Installing       : libstdc++-devel-11.3.1-3 [===========              ] 21/64  Installing       : libstdc++-devel-11.3.1-3 [============             ] 21/64  Installing       : libstdc++-devel-11.3.1-3 [=============            ] 21/64  Installing       : libstdc++-devel-11.3.1-3 [==============           ] 21/64  Installing       : libstdc++-devel-11.3.1-3 [===============          ] 21/64  Installing       : libstdc++-devel-11.3.1-3 [================         ] 21/64  Installing       : libstdc++-devel-11.3.1-3 [=================        ] 21/64  Installing       : libstdc++-devel-11.3.1-3 [==================       ] 21/64  Installing       : libstdc++-devel-11.3.1-3 [===================      ] 21/64  Installing       : libstdc++-devel-11.3.1-3 [====================     ] 21/64  Installing       : libstdc++-devel-11.3.1-3 [=====================    ] 21/64  Installing       : libstdc++-devel-11.3.1-3 [======================   ] 21/64  Installing       : libstdc++-devel-11.3.1-3 [=======================  ] 21/64  Installing       : libstdc++-devel-11.3.1-3 [======================== ] 21/64  Installing       : libstdc++-devel-11.3.1-3.fc35.x86_64                 21/64 
  Installing       : libsepol-devel-3.3-2.fc3 [                         ] 22/64  Installing       : libsepol-devel-3.3-2.fc3 [=                        ] 22/64  Installing       : libsepol-devel-3.3-2.fc3 [==                       ] 22/64  Installing       : libsepol-devel-3.3-2.fc3 [===                      ] 22/64  Installing       : libsepol-devel-3.3-2.fc3 [====                     ] 22/64  Installing       : libsepol-devel-3.3-2.fc3 [=====                    ] 22/64  Installing       : libsepol-devel-3.3-2.fc3 [======                   ] 22/64  Installing       : libsepol-devel-3.3-2.fc3 [=======                  ] 22/64  Installing       : libsepol-devel-3.3-2.fc3 [========                 ] 22/64  Installing       : libsepol-devel-3.3-2.fc3 [=========                ] 22/64  Installing       : libsepol-devel-3.3-2.fc3 [==========               ] 22/64  Installing       : libsepol-devel-3.3-2.fc3 [===========              ] 22/64  Installing       : libsepol-devel-3.3-2.fc3 [============             ] 22/64  Installing       : libsepol-devel-3.3-2.fc3 [=============            ] 22/64  Installing       : libsepol-devel-3.3-2.fc3 [==============           ] 22/64  Installing       : libsepol-devel-3.3-2.fc3 [===============          ] 22/64  Installing       : libsepol-devel-3.3-2.fc3 [====================     ] 22/64  Installing       : libsepol-devel-3.3-2.fc3 [======================   ] 22/64  Installing       : libsepol-devel-3.3-2.fc3 [=======================  ] 22/64  Installing       : libsepol-devel-3.3-2.fc3 [======================== ] 22/64  Installing       : libsepol-devel-3.3-2.fc35.x86_64                     22/64 
  Installing       : libselinux-devel-3.3-1.f [                         ] 23/64  Installing       : libselinux-devel-3.3-1.f [==                       ] 23/64  Installing       : libselinux-devel-3.3-1.f [===                      ] 23/64  Installing       : libselinux-devel-3.3-1.f [====                     ] 23/64  Installing       : libselinux-devel-3.3-1.f [=====                    ] 23/64  Installing       : libselinux-devel-3.3-1.f [==========               ] 23/64  Installing       : libselinux-devel-3.3-1.f [===========              ] 23/64  Installing       : libselinux-devel-3.3-1.f [============             ] 23/64  Installing       : libselinux-devel-3.3-1.f [=============            ] 23/64  Installing       : libselinux-devel-3.3-1.f [==============           ] 23/64  Installing       : libselinux-devel-3.3-1.f [===============          ] 23/64  Installing       : libselinux-devel-3.3-1.f [================         ] 23/64  Installing       : libselinux-devel-3.3-1.f [=================        ] 23/64  Installing       : libselinux-devel-3.3-1.f [==================       ] 23/64  Installing       : libselinux-devel-3.3-1.f [===================      ] 23/64  Installing       : libselinux-devel-3.3-1.f [====================     ] 23/64  Installing       : libselinux-devel-3.3-1.f [=====================    ] 23/64  Installing       : libselinux-devel-3.3-1.f [======================   ] 23/64  Installing       : libselinux-devel-3.3-1.f [=======================  ] 23/64  Installing       : libselinux-devel-3.3-1.f [======================== ] 23/64  Installing       : libselinux-devel-3.3-1.fc35.x86_64                   23/64 
  Installing       : libicu-69.1-6.fc35.x86_6 [                         ] 24/64  Installing       : libicu-69.1-6.fc35.x86_6 [=                        ] 24/64  Installing       : libicu-69.1-6.fc35.x86_6 [==                       ] 24/64  Installing       : libicu-69.1-6.fc35.x86_6 [===                      ] 24/64  Installing       : libicu-69.1-6.fc35.x86_6 [====                     ] 24/64  Installing       : libicu-69.1-6.fc35.x86_6 [=====                    ] 24/64  Installing       : libicu-69.1-6.fc35.x86_6 [======                   ] 24/64  Installing       : libicu-69.1-6.fc35.x86_6 [=======                  ] 24/64  Installing       : libicu-69.1-6.fc35.x86_6 [========                 ] 24/64  Installing       : libicu-69.1-6.fc35.x86_6 [=========                ] 24/64  Installing       : libicu-69.1-6.fc35.x86_6 [==========               ] 24/64  Installing       : libicu-69.1-6.fc35.x86_6 [===========              ] 24/64  Installing       : libicu-69.1-6.fc35.x86_6 [============             ] 24/64  Installing       : libicu-69.1-6.fc35.x86_6 [=============            ] 24/64  Installing       : libicu-69.1-6.fc35.x86_6 [==============           ] 24/64  Installing       : libicu-69.1-6.fc35.x86_6 [===============          ] 24/64  Installing       : libicu-69.1-6.fc35.x86_6 [================         ] 24/64  Installing       : libicu-69.1-6.fc35.x86_6 [=================        ] 24/64  Installing       : libicu-69.1-6.fc35.x86_6 [==================       ] 24/64  Installing       : libicu-69.1-6.fc35.x86_6 [===================      ] 24/64  Installing       : libicu-69.1-6.fc35.x86_6 [====================     ] 24/64  Installing       : libicu-69.1-6.fc35.x86_6 [=====================    ] 24/64  Installing       : libicu-69.1-6.fc35.x86_6 [======================   ] 24/64  Installing       : libicu-69.1-6.fc35.x86_6 [=======================  ] 24/64  Installing       : libicu-69.1-6.fc35.x86_6 [======================== ] 24/64  Installing       : libicu-69.1-6.fc35.x86_64                            24/64 
  Installing       : libblkid-devel-2.37.4-1. [                         ] 25/64  Installing       : libblkid-devel-2.37.4-1. [====================     ] 25/64  Installing       : libblkid-devel-2.37.4-1. [=====================    ] 25/64  Installing       : libblkid-devel-2.37.4-1. [======================   ] 25/64  Installing       : libblkid-devel-2.37.4-1. [======================== ] 25/64  Installing       : libblkid-devel-2.37.4-1.fc35.x86_64                  25/64 
  Installing       : libmount-devel-2.37.4-1. [                         ] 26/64  Installing       : libmount-devel-2.37.4-1. [=====================    ] 26/64  Installing       : libmount-devel-2.37.4-1. [======================== ] 26/64  Installing       : libmount-devel-2.37.4-1.fc35.x86_64                  26/64 
  Installing       : libatomic-11.3.1-3.fc35. [                         ] 27/64  Installing       : libatomic-11.3.1-3.fc35. [======================== ] 27/64  Installing       : libatomic-11.3.1-3.fc35.x86_64                       27/64 
  Installing       : webkit2gtk3-jsc-2.38.2-1 [                         ] 28/64  Installing       : webkit2gtk3-jsc-2.38.2-1 [=                        ] 28/64  Installing       : webkit2gtk3-jsc-2.38.2-1 [==                       ] 28/64  Installing       : webkit2gtk3-jsc-2.38.2-1 [===                      ] 28/64  Installing       : webkit2gtk3-jsc-2.38.2-1 [====                     ] 28/64  Installing       : webkit2gtk3-jsc-2.38.2-1 [=====                    ] 28/64  Installing       : webkit2gtk3-jsc-2.38.2-1 [======                   ] 28/64  Installing       : webkit2gtk3-jsc-2.38.2-1 [=======                  ] 28/64  Installing       : webkit2gtk3-jsc-2.38.2-1 [========                 ] 28/64  Installing       : webkit2gtk3-jsc-2.38.2-1 [=========                ] 28/64  Installing       : webkit2gtk3-jsc-2.38.2-1 [==========               ] 28/64  Installing       : webkit2gtk3-jsc-2.38.2-1 [===========              ] 28/64  Installing       : webkit2gtk3-jsc-2.38.2-1 [============             ] 28/64  Installing       : webkit2gtk3-jsc-2.38.2-1 [=============            ] 28/64  Installing       : webkit2gtk3-jsc-2.38.2-1 [==============           ] 28/64  Installing       : webkit2gtk3-jsc-2.38.2-1 [===============          ] 28/64  Installing       : webkit2gtk3-jsc-2.38.2-1 [================         ] 28/64  Installing       : webkit2gtk3-jsc-2.38.2-1 [=================        ] 28/64  Installing       : webkit2gtk3-jsc-2.38.2-1 [==================       ] 28/64  Installing       : webkit2gtk3-jsc-2.38.2-1 [===================      ] 28/64  Installing       : webkit2gtk3-jsc-2.38.2-1 [====================     ] 28/64  Installing       : webkit2gtk3-jsc-2.38.2-1 [=====================    ] 28/64  Installing       : webkit2gtk3-jsc-2.38.2-1 [======================   ] 28/64  Installing       : webkit2gtk3-jsc-2.38.2-1 [=======================  ] 28/64  Installing       : webkit2gtk3-jsc-2.38.2-1 [======================== ] 28/64  Installing       : webkit2gtk3-jsc-2.38.2-1.fc35.x86_64                 28/64 
  Installing       : kernel-headers-6.0.5-100 [                         ] 29/64  Installing       : kernel-headers-6.0.5-100 [=                        ] 29/64  Installing       : kernel-headers-6.0.5-100 [==                       ] 29/64  Installing       : kernel-headers-6.0.5-100 [===                      ] 29/64  Installing       : kernel-headers-6.0.5-100 [====                     ] 29/64  Installing       : kernel-headers-6.0.5-100 [=====                    ] 29/64  Installing       : kernel-headers-6.0.5-100 [======                   ] 29/64  Installing       : kernel-headers-6.0.5-100 [=======                  ] 29/64  Installing       : kernel-headers-6.0.5-100 [========                 ] 29/64  Installing       : kernel-headers-6.0.5-100 [=========                ] 29/64  Installing       : kernel-headers-6.0.5-100 [==========               ] 29/64  Installing       : kernel-headers-6.0.5-100 [===========              ] 29/64  Installing       : kernel-headers-6.0.5-100 [============             ] 29/64  Installing       : kernel-headers-6.0.5-100 [=============            ] 29/64  Installing       : kernel-headers-6.0.5-100 [==============           ] 29/64  Installing       : kernel-headers-6.0.5-100 [===============          ] 29/64  Installing       : kernel-headers-6.0.5-100 [================         ] 29/64  Installing       : kernel-headers-6.0.5-100 [=================        ] 29/64  Installing       : kernel-headers-6.0.5-100 [==================       ] 29/64  Installing       : kernel-headers-6.0.5-100 [===================      ] 29/64  Installing       : kernel-headers-6.0.5-100 [====================     ] 29/64  Installing       : kernel-headers-6.0.5-100 [=====================    ] 29/64  Installing       : kernel-headers-6.0.5-100 [======================   ] 29/64  Installing       : kernel-headers-6.0.5-100 [=======================  ] 29/64  Installing       : kernel-headers-6.0.5-100 [======================== ] 29/64  Installing       : kernel-headers-6.0.5-100.fc35.x86_64                 29/64 
  Installing       : jsoncpp-1.9.4-5.fc35.x86 [                         ] 30/64  Installing       : jsoncpp-1.9.4-5.fc35.x86 [===                      ] 30/64  Installing       : jsoncpp-1.9.4-5.fc35.x86 [======                   ] 30/64  Installing       : jsoncpp-1.9.4-5.fc35.x86 [==========               ] 30/64  Installing       : jsoncpp-1.9.4-5.fc35.x86 [=============            ] 30/64  Installing       : jsoncpp-1.9.4-5.fc35.x86 [================         ] 30/64  Installing       : jsoncpp-1.9.4-5.fc35.x86 [====================     ] 30/64  Installing       : jsoncpp-1.9.4-5.fc35.x86 [=======================  ] 30/64  Installing       : jsoncpp-1.9.4-5.fc35.x86 [======================== ] 30/64  Installing       : jsoncpp-1.9.4-5.fc35.x86_64                          30/64 
  Installing       : glibc-headers-x86-2.34-4 [                         ] 31/64  Installing       : glibc-headers-x86-2.34-4 [=                        ] 31/64  Installing       : glibc-headers-x86-2.34-4 [==                       ] 31/64  Installing       : glibc-headers-x86-2.34-4 [===                      ] 31/64  Installing       : glibc-headers-x86-2.34-4 [====                     ] 31/64  Installing       : glibc-headers-x86-2.34-4 [=====                    ] 31/64  Installing       : glibc-headers-x86-2.34-4 [======                   ] 31/64  Installing       : glibc-headers-x86-2.34-4 [=======                  ] 31/64  Installing       : glibc-headers-x86-2.34-4 [========                 ] 31/64  Installing       : glibc-headers-x86-2.34-4 [=========                ] 31/64  Installing       : glibc-headers-x86-2.34-4 [==========               ] 31/64  Installing       : glibc-headers-x86-2.34-4 [===========              ] 31/64  Installing       : glibc-headers-x86-2.34-4 [============             ] 31/64  Installing       : glibc-headers-x86-2.34-4 [=============            ] 31/64  Installing       : glibc-headers-x86-2.34-4 [==============           ] 31/64  Installing       : glibc-headers-x86-2.34-4 [===============          ] 31/64  Installing       : glibc-headers-x86-2.34-4 [================         ] 31/64  Installing       : glibc-headers-x86-2.34-4 [=================        ] 31/64  Installing       : glibc-headers-x86-2.34-4 [==================       ] 31/64  Installing       : glibc-headers-x86-2.34-4 [===================      ] 31/64  Installing       : glibc-headers-x86-2.34-4 [====================     ] 31/64  Installing       : glibc-headers-x86-2.34-4 [=====================    ] 31/64  Installing       : glibc-headers-x86-2.34-4 [======================   ] 31/64  Installing       : glibc-headers-x86-2.34-4 [=======================  ] 31/64  Installing       : glibc-headers-x86-2.34-4 [======================== ] 31/64  Installing       : glibc-headers-x86-2.34-49.fc35.noarch                31/64 
  Installing       : libxcrypt-devel-4.4.33-3 [                         ] 32/64  Installing       : libxcrypt-devel-4.4.33-3 [========                 ] 32/64  Installing       : libxcrypt-devel-4.4.33-3 [=========                ] 32/64  Installing       : libxcrypt-devel-4.4.33-3 [=============            ] 32/64  Installing       : libxcrypt-devel-4.4.33-3 [=================        ] 32/64  Installing       : libxcrypt-devel-4.4.33-3 [====================     ] 32/64  Installing       : libxcrypt-devel-4.4.33-3 [=====================    ] 32/64  Installing       : libxcrypt-devel-4.4.33-3 [=======================  ] 32/64  Installing       : libxcrypt-devel-4.4.33-3 [======================== ] 32/64  Installing       : libxcrypt-devel-4.4.33-3.fc35.x86_64                 32/64 
  Installing       : glibc-devel-2.34-49.fc35 [                         ] 33/64  Installing       : glibc-devel-2.34-49.fc35 [=                        ] 33/64  Installing       : glibc-devel-2.34-49.fc35 [====                     ] 33/64  Installing       : glibc-devel-2.34-49.fc35 [=======                  ] 33/64  Installing       : glibc-devel-2.34-49.fc35 [========                 ] 33/64  Installing       : glibc-devel-2.34-49.fc35 [=============            ] 33/64  Installing       : glibc-devel-2.34-49.fc35 [=================        ] 33/64  Installing       : glibc-devel-2.34-49.fc35 [==================       ] 33/64  Installing       : glibc-devel-2.34-49.fc35 [====================     ] 33/64  Installing       : glibc-devel-2.34-49.fc35 [======================   ] 33/64  Installing       : glibc-devel-2.34-49.fc35 [======================== ] 33/64  Installing       : glibc-devel-2.34-49.fc35.x86_64                      33/64 
  Installing       : dbus-libs-1:1.12.24-1.fc [                         ] 34/64  Installing       : dbus-libs-1:1.12.24-1.fc [==                       ] 34/64  Installing       : dbus-libs-1:1.12.24-1.fc [====                     ] 34/64  Installing       : dbus-libs-1:1.12.24-1.fc [======                   ] 34/64  Installing       : dbus-libs-1:1.12.24-1.fc [========                 ] 34/64  Installing       : dbus-libs-1:1.12.24-1.fc [===========              ] 34/64  Installing       : dbus-libs-1:1.12.24-1.fc [=============            ] 34/64  Installing       : dbus-libs-1:1.12.24-1.fc [===============          ] 34/64  Installing       : dbus-libs-1:1.12.24-1.fc [=================        ] 34/64  Installing       : dbus-libs-1:1.12.24-1.fc [===================      ] 34/64  Installing       : dbus-libs-1:1.12.24-1.fc [=====================    ] 34/64  Installing       : dbus-libs-1:1.12.24-1.fc [=======================  ] 34/64  Installing       : dbus-libs-1:1.12.24-1.fc [======================== ] 34/64  Installing       : dbus-libs-1:1.12.24-1.fc35.x86_64                    34/64 
  Installing       : annobin-docs-10.79-1.fc3 [                         ] 35/64  Installing       : annobin-docs-10.79-1.fc3 [==                       ] 35/64  Installing       : annobin-docs-10.79-1.fc3 [===========              ] 35/64  Installing       : annobin-docs-10.79-1.fc3 [=============            ] 35/64  Installing       : annobin-docs-10.79-1.fc3 [======================   ] 35/64  Installing       : annobin-docs-10.79-1.fc3 [=======================  ] 35/64  Installing       : annobin-docs-10.79-1.fc3 [======================== ] 35/64  Installing       : annobin-docs-10.79-1.fc35.noarch                     35/64 
  Running scriptlet: xml-common-0.6.3-57.fc35.noarch                      36/64 
  Installing       : xml-common-0.6.3-57.fc35 [                         ] 36/64  Installing       : xml-common-0.6.3-57.fc35 [==========               ] 36/64  Installing       : xml-common-0.6.3-57.fc35 [===========              ] 36/64  Installing       : xml-common-0.6.3-57.fc35 [============             ] 36/64  Installing       : xml-common-0.6.3-57.fc35 [=================        ] 36/64  Installing       : xml-common-0.6.3-57.fc35 [===================      ] 36/64  Installing       : xml-common-0.6.3-57.fc35 [=====================    ] 36/64  Installing       : xml-common-0.6.3-57.fc35 [======================== ] 36/64  Installing       : xml-common-0.6.3-57.fc35.noarch                      36/64 
  Installing       : rhash-1.4.0-4.fc35.x86_6 [                         ] 37/64  Installing       : rhash-1.4.0-4.fc35.x86_6 [==                       ] 37/64  Installing       : rhash-1.4.0-4.fc35.x86_6 [=====                    ] 37/64  Installing       : rhash-1.4.0-4.fc35.x86_6 [=======                  ] 37/64  Installing       : rhash-1.4.0-4.fc35.x86_6 [=========                ] 37/64  Installing       : rhash-1.4.0-4.fc35.x86_6 [============             ] 37/64  Installing       : rhash-1.4.0-4.fc35.x86_6 [==============           ] 37/64  Installing       : rhash-1.4.0-4.fc35.x86_6 [=================        ] 37/64  Installing       : rhash-1.4.0-4.fc35.x86_6 [===================      ] 37/64  Installing       : rhash-1.4.0-4.fc35.x86_6 [======================   ] 37/64  Installing       : rhash-1.4.0-4.fc35.x86_6 [======================== ] 37/64  Installing       : rhash-1.4.0-4.fc35.x86_64                            37/64 
  Installing       : python-setuptools-wheel- [                         ] 38/64  Installing       : python-setuptools-wheel- [=                        ] 38/64  Installing       : python-setuptools-wheel- [==                       ] 38/64  Installing       : python-setuptools-wheel- [====                     ] 38/64  Installing       : python-setuptools-wheel- [=====                    ] 38/64  Installing       : python-setuptools-wheel- [======                   ] 38/64  Installing       : python-setuptools-wheel- [========                 ] 38/64  Installing       : python-setuptools-wheel- [=========                ] 38/64  Installing       : python-setuptools-wheel- [===========              ] 38/64  Installing       : python-setuptools-wheel- [============             ] 38/64  Installing       : python-setuptools-wheel- [=============            ] 38/64  Installing       : python-setuptools-wheel- [===============          ] 38/64  Installing       : python-setuptools-wheel- [================         ] 38/64  Installing       : python-setuptools-wheel- [=================        ] 38/64  Installing       : python-setuptools-wheel- [===================      ] 38/64  Installing       : python-setuptools-wheel- [====================     ] 38/64  Installing       : python-setuptools-wheel- [======================   ] 38/64  Installing       : python-setuptools-wheel- [=======================  ] 38/64  Installing       : python-setuptools-wheel- [======================== ] 38/64  Installing       : python-setuptools-wheel-57.4.0-1.fc35.noarch         38/64 
  Installing       : pcre-utf32-8.45-1.fc35.x [                         ] 39/64  Installing       : pcre-utf32-8.45-1.fc35.x [=                        ] 39/64  Installing       : pcre-utf32-8.45-1.fc35.x [===                      ] 39/64  Installing       : pcre-utf32-8.45-1.fc35.x [=====                    ] 39/64  Installing       : pcre-utf32-8.45-1.fc35.x [=======                  ] 39/64  Installing       : pcre-utf32-8.45-1.fc35.x [========                 ] 39/64  Installing       : pcre-utf32-8.45-1.fc35.x [==========               ] 39/64  Installing       : pcre-utf32-8.45-1.fc35.x [============             ] 39/64  Installing       : pcre-utf32-8.45-1.fc35.x [==============           ] 39/64  Installing       : pcre-utf32-8.45-1.fc35.x [===============          ] 39/64  Installing       : pcre-utf32-8.45-1.fc35.x [=================        ] 39/64  Installing       : pcre-utf32-8.45-1.fc35.x [===================      ] 39/64  Installing       : pcre-utf32-8.45-1.fc35.x [=====================    ] 39/64  Installing       : pcre-utf32-8.45-1.fc35.x [======================   ] 39/64  Installing       : pcre-utf32-8.45-1.fc35.x [=======================  ] 39/64  Installing       : pcre-utf32-8.45-1.fc35.x [======================== ] 39/64  Installing       : pcre-utf32-8.45-1.fc35.x86_64                        39/64 
  Installing       : pcre-utf16-8.45-1.fc35.x [                         ] 40/64  Installing       : pcre-utf16-8.45-1.fc35.x [=                        ] 40/64  Installing       : pcre-utf16-8.45-1.fc35.x [===                      ] 40/64  Installing       : pcre-utf16-8.45-1.fc35.x [=====                    ] 40/64  Installing       : pcre-utf16-8.45-1.fc35.x [======                   ] 40/64  Installing       : pcre-utf16-8.45-1.fc35.x [========                 ] 40/64  Installing       : pcre-utf16-8.45-1.fc35.x [==========               ] 40/64  Installing       : pcre-utf16-8.45-1.fc35.x [===========              ] 40/64  Installing       : pcre-utf16-8.45-1.fc35.x [=============            ] 40/64  Installing       : pcre-utf16-8.45-1.fc35.x [===============          ] 40/64  Installing       : pcre-utf16-8.45-1.fc35.x [================         ] 40/64  Installing       : pcre-utf16-8.45-1.fc35.x [==================       ] 40/64  Installing       : pcre-utf16-8.45-1.fc35.x [====================     ] 40/64  Installing       : pcre-utf16-8.45-1.fc35.x [=====================    ] 40/64  Installing       : pcre-utf16-8.45-1.fc35.x [=======================  ] 40/64  Installing       : pcre-utf16-8.45-1.fc35.x [======================== ] 40/64  Installing       : pcre-utf16-8.45-1.fc35.x86_64                        40/64 
  Installing       : pcre-cpp-8.45-1.fc35.x86 [                         ] 41/64  Installing       : pcre-cpp-8.45-1.fc35.x86 [================         ] 41/64  Installing       : pcre-cpp-8.45-1.fc35.x86 [======================== ] 41/64  Installing       : pcre-cpp-8.45-1.fc35.x86_64                          41/64 
  Installing       : pcre-devel-8.45-1.fc35.x [                         ] 42/64  Installing       : pcre-devel-8.45-1.fc35.x [=                        ] 42/64  Installing       : pcre-devel-8.45-1.fc35.x [==                       ] 42/64  Installing       : pcre-devel-8.45-1.fc35.x [===                      ] 42/64  Installing       : pcre-devel-8.45-1.fc35.x [====                     ] 42/64  Installing       : pcre-devel-8.45-1.fc35.x [=====                    ] 42/64  Installing       : pcre-devel-8.45-1.fc35.x [======                   ] 42/64  Installing       : pcre-devel-8.45-1.fc35.x [=======                  ] 42/64  Installing       : pcre-devel-8.45-1.fc35.x [========                 ] 42/64  Installing       : pcre-devel-8.45-1.fc35.x [=========                ] 42/64  Installing       : pcre-devel-8.45-1.fc35.x [==========               ] 42/64  Installing       : pcre-devel-8.45-1.fc35.x [===========              ] 42/64  Installing       : pcre-devel-8.45-1.fc35.x [============             ] 42/64  Installing       : pcre-devel-8.45-1.fc35.x [=============            ] 42/64  Installing       : pcre-devel-8.45-1.fc35.x [==============           ] 42/64  Installing       : pcre-devel-8.45-1.fc35.x [===============          ] 42/64  Installing       : pcre-devel-8.45-1.fc35.x [================         ] 42/64  Installing       : pcre-devel-8.45-1.fc35.x [=================        ] 42/64  Installing       : pcre-devel-8.45-1.fc35.x [==================       ] 42/64  Installing       : pcre-devel-8.45-1.fc35.x [===================      ] 42/64  Installing       : pcre-devel-8.45-1.fc35.x [====================     ] 42/64  Installing       : pcre-devel-8.45-1.fc35.x [=====================    ] 42/64  Installing       : pcre-devel-8.45-1.fc35.x [======================   ] 42/64  Installing       : pcre-devel-8.45-1.fc35.x [=======================  ] 42/64  Installing       : pcre-devel-8.45-1.fc35.x [======================== ] 42/64  Installing       : pcre-devel-8.45-1.fc35.x86_64                        42/64 
  Installing       : mpdecimal-2.5.1-2.fc35.x [                         ] 43/64  Installing       : mpdecimal-2.5.1-2.fc35.x [===                      ] 43/64  Installing       : mpdecimal-2.5.1-2.fc35.x [====                     ] 43/64  Installing       : mpdecimal-2.5.1-2.fc35.x [=======                  ] 43/64  Installing       : mpdecimal-2.5.1-2.fc35.x [==========               ] 43/64  Installing       : mpdecimal-2.5.1-2.fc35.x [==============           ] 43/64  Installing       : mpdecimal-2.5.1-2.fc35.x [=================        ] 43/64  Installing       : mpdecimal-2.5.1-2.fc35.x [====================     ] 43/64  Installing       : mpdecimal-2.5.1-2.fc35.x [======================== ] 43/64  Installing       : mpdecimal-2.5.1-2.fc35.x86_64                        43/64 
  Installing       : python3-3.10.8-3.fc35.x8 [                         ] 44/64  Installing       : python3-3.10.8-3.fc35.x8 [===========              ] 44/64  Installing       : python3-3.10.8-3.fc35.x8 [============             ] 44/64  Installing       : python3-3.10.8-3.fc35.x8 [===================      ] 44/64  Installing       : python3-3.10.8-3.fc35.x8 [======================== ] 44/64  Installing       : python3-3.10.8-3.fc35.x86_64                         44/64 
  Installing       : python3-libs-3.10.8-3.fc [                         ] 45/64  Installing       : python3-libs-3.10.8-3.fc [=                        ] 45/64  Installing       : python3-libs-3.10.8-3.fc [==                       ] 45/64  Installing       : python3-libs-3.10.8-3.fc [===                      ] 45/64  Installing       : python3-libs-3.10.8-3.fc [====                     ] 45/64  Installing       : python3-libs-3.10.8-3.fc [=====                    ] 45/64  Installing       : python3-libs-3.10.8-3.fc [======                   ] 45/64  Installing       : python3-libs-3.10.8-3.fc [=======                  ] 45/64  Installing       : python3-libs-3.10.8-3.fc [========                 ] 45/64  Installing       : python3-libs-3.10.8-3.fc [=========                ] 45/64  Installing       : python3-libs-3.10.8-3.fc [==========               ] 45/64  Installing       : python3-libs-3.10.8-3.fc [===========              ] 45/64  Installing       : python3-libs-3.10.8-3.fc [============             ] 45/64  Installing       : python3-libs-3.10.8-3.fc [=============            ] 45/64  Installing       : python3-libs-3.10.8-3.fc [==============           ] 45/64  Installing       : python3-libs-3.10.8-3.fc [===============          ] 45/64  Installing       : python3-libs-3.10.8-3.fc [================         ] 45/64  Installing       : python3-libs-3.10.8-3.fc [=================        ] 45/64  Installing       : python3-libs-3.10.8-3.fc [==================       ] 45/64  Installing       : python3-libs-3.10.8-3.fc [===================      ] 45/64  Installing       : python3-libs-3.10.8-3.fc [====================     ] 45/64  Installing       : python3-libs-3.10.8-3.fc [=====================    ] 45/64  Installing       : python3-libs-3.10.8-3.fc [======================   ] 45/64  Installing       : python3-libs-3.10.8-3.fc [=======================  ] 45/64  Installing       : python3-libs-3.10.8-3.fc [======================== ] 45/64  Installing       : python3-libs-3.10.8-3.fc35.x86_64                    45/64 
  Installing       : cmake-rpm-macros-3.24.2- [                         ] 46/64  Installing       : cmake-rpm-macros-3.24.2- [=========                ] 46/64  Installing       : cmake-rpm-macros-3.24.2- [================         ] 46/64  Installing       : cmake-rpm-macros-3.24.2- [=================        ] 46/64  Installing       : cmake-rpm-macros-3.24.2- [======================== ] 46/64  Installing       : cmake-rpm-macros-3.24.2-1.fc35.noarch                46/64 
  Installing       : python3-pyparsing-2.4.7- [                         ] 47/64  Installing       : python3-pyparsing-2.4.7- [=                        ] 47/64  Installing       : python3-pyparsing-2.4.7- [==                       ] 47/64  Installing       : python3-pyparsing-2.4.7- [====                     ] 47/64  Installing       : python3-pyparsing-2.4.7- [=====                    ] 47/64  Installing       : python3-pyparsing-2.4.7- [======                   ] 47/64  Installing       : python3-pyparsing-2.4.7- [=======                  ] 47/64  Installing       : python3-pyparsing-2.4.7- [=========                ] 47/64  Installing       : python3-pyparsing-2.4.7- [==========               ] 47/64  Installing       : python3-pyparsing-2.4.7- [============             ] 47/64  Installing       : python3-pyparsing-2.4.7- [=============            ] 47/64  Installing       : python3-pyparsing-2.4.7- [==============           ] 47/64  Installing       : python3-pyparsing-2.4.7- [===============          ] 47/64  Installing       : python3-pyparsing-2.4.7- [=================        ] 47/64  Installing       : python3-pyparsing-2.4.7- [==================       ] 47/64  Installing       : python3-pyparsing-2.4.7- [===================      ] 47/64  Installing       : python3-pyparsing-2.4.7- [====================     ] 47/64  Installing       : python3-pyparsing-2.4.7- [======================   ] 47/64  Installing       : python3-pyparsing-2.4.7- [=======================  ] 47/64  Installing       : python3-pyparsing-2.4.7- [======================== ] 47/64  Installing       : python3-pyparsing-2.4.7-9.fc35.noarch                47/64 
  Installing       : python3-packaging-21.3-2 [                         ] 48/64  Installing       : python3-packaging-21.3-2 [=                        ] 48/64  Installing       : python3-packaging-21.3-2 [==                       ] 48/64  Installing       : python3-packaging-21.3-2 [===                      ] 48/64  Installing       : python3-packaging-21.3-2 [====                     ] 48/64  Installing       : python3-packaging-21.3-2 [=====                    ] 48/64  Installing       : python3-packaging-21.3-2 [======                   ] 48/64  Installing       : python3-packaging-21.3-2 [=======                  ] 48/64  Installing       : python3-packaging-21.3-2 [========                 ] 48/64  Installing       : python3-packaging-21.3-2 [=========                ] 48/64  Installing       : python3-packaging-21.3-2 [==========               ] 48/64  Installing       : python3-packaging-21.3-2 [=============            ] 48/64  Installing       : python3-packaging-21.3-2 [==============           ] 48/64  Installing       : python3-packaging-21.3-2 [===============          ] 48/64  Installing       : python3-packaging-21.3-2 [================         ] 48/64  Installing       : python3-packaging-21.3-2 [=================        ] 48/64  Installing       : python3-packaging-21.3-2 [==================       ] 48/64  Installing       : python3-packaging-21.3-2 [===================      ] 48/64  Installing       : python3-packaging-21.3-2 [======================   ] 48/64  Installing       : python3-packaging-21.3-2 [=======================  ] 48/64  Installing       : python3-packaging-21.3-2 [======================== ] 48/64  Installing       : python3-packaging-21.3-2.fc35.noarch                 48/64 
  Installing       : python3-rpm-generators-1 [                         ] 49/64  Installing       : python3-rpm-generators-1 [==                       ] 49/64  Installing       : python3-rpm-generators-1 [==========               ] 49/64  Installing       : python3-rpm-generators-1 [===========              ] 49/64  Installing       : python3-rpm-generators-1 [=====================    ] 49/64  Installing       : python3-rpm-generators-1 [======================== ] 49/64  Installing       : python3-rpm-generators-12-8.fc35.noarch              49/64 
  Installing       : libffi-devel-3.1-29.fc35 [                         ] 50/64  Installing       : libffi-devel-3.1-29.fc35 [===========              ] 50/64  Installing       : libffi-devel-3.1-29.fc35 [===============          ] 50/64  Installing       : libffi-devel-3.1-29.fc35 [================         ] 50/64  Installing       : libffi-devel-3.1-29.fc35 [======================   ] 50/64  Installing       : libffi-devel-3.1-29.fc35 [=======================  ] 50/64  Installing       : libffi-devel-3.1-29.fc35 [======================== ] 50/64  Installing       : libffi-devel-3.1-29.fc35.x86_64                      50/64 
  Installing       : glib2-devel-2.70.5-1.fc3 [                         ] 51/64  Installing       : glib2-devel-2.70.5-1.fc3 [=                        ] 51/64  Installing       : glib2-devel-2.70.5-1.fc3 [==                       ] 51/64  Installing       : glib2-devel-2.70.5-1.fc3 [===                      ] 51/64  Installing       : glib2-devel-2.70.5-1.fc3 [====                     ] 51/64  Installing       : glib2-devel-2.70.5-1.fc3 [=====                    ] 51/64  Installing       : glib2-devel-2.70.5-1.fc3 [======                   ] 51/64  Installing       : glib2-devel-2.70.5-1.fc3 [=======                  ] 51/64  Installing       : glib2-devel-2.70.5-1.fc3 [========                 ] 51/64  Installing       : glib2-devel-2.70.5-1.fc3 [=========                ] 51/64  Installing       : glib2-devel-2.70.5-1.fc3 [==========               ] 51/64  Installing       : glib2-devel-2.70.5-1.fc3 [===========              ] 51/64  Installing       : glib2-devel-2.70.5-1.fc3 [============             ] 51/64  Installing       : glib2-devel-2.70.5-1.fc3 [=============            ] 51/64  Installing       : glib2-devel-2.70.5-1.fc3 [==============           ] 51/64  Installing       : glib2-devel-2.70.5-1.fc3 [===============          ] 51/64  Installing       : glib2-devel-2.70.5-1.fc3 [================         ] 51/64  Installing       : glib2-devel-2.70.5-1.fc3 [=================        ] 51/64  Installing       : glib2-devel-2.70.5-1.fc3 [==================       ] 51/64  Installing       : glib2-devel-2.70.5-1.fc3 [===================      ] 51/64  Installing       : glib2-devel-2.70.5-1.fc3 [====================     ] 51/64  Installing       : glib2-devel-2.70.5-1.fc3 [=====================    ] 51/64  Installing       : glib2-devel-2.70.5-1.fc3 [======================   ] 51/64  Installing       : glib2-devel-2.70.5-1.fc3 [=======================  ] 51/64  Installing       : glib2-devel-2.70.5-1.fc3 [======================== ] 51/64  Installing       : glib2-devel-2.70.5-1.fc35.x86_64                     51/64 
  Installing       : gc-8.0.4-6.fc35.x86_64 [                           ] 52/64  Installing       : gc-8.0.4-6.fc35.x86_64 [===                        ] 52/64  Installing       : gc-8.0.4-6.fc35.x86_64 [====                       ] 52/64  Installing       : gc-8.0.4-6.fc35.x86_64 [========                   ] 52/64  Installing       : gc-8.0.4-6.fc35.x86_64 [===========                ] 52/64  Installing       : gc-8.0.4-6.fc35.x86_64 [===============            ] 52/64  Installing       : gc-8.0.4-6.fc35.x86_64 [===================        ] 52/64  Installing       : gc-8.0.4-6.fc35.x86_64 [======================     ] 52/64  Installing       : gc-8.0.4-6.fc35.x86_64 [=========================  ] 52/64  Installing       : gc-8.0.4-6.fc35.x86_64 [========================== ] 52/64  Installing       : gc-8.0.4-6.fc35.x86_64                               52/64 
  Installing       : guile22-2.2.7-3.fc35.x86 [                         ] 53/64  Installing       : guile22-2.2.7-3.fc35.x86 [=                        ] 53/64  Installing       : guile22-2.2.7-3.fc35.x86 [==                       ] 53/64  Installing       : guile22-2.2.7-3.fc35.x86 [===                      ] 53/64  Installing       : guile22-2.2.7-3.fc35.x86 [====                     ] 53/64  Installing       : guile22-2.2.7-3.fc35.x86 [=====                    ] 53/64  Installing       : guile22-2.2.7-3.fc35.x86 [======                   ] 53/64  Installing       : guile22-2.2.7-3.fc35.x86 [=======                  ] 53/64  Installing       : guile22-2.2.7-3.fc35.x86 [========                 ] 53/64  Installing       : guile22-2.2.7-3.fc35.x86 [=========                ] 53/64  Installing       : guile22-2.2.7-3.fc35.x86 [==========               ] 53/64  Installing       : guile22-2.2.7-3.fc35.x86 [===========              ] 53/64  Installing       : guile22-2.2.7-3.fc35.x86 [============             ] 53/64  Installing       : guile22-2.2.7-3.fc35.x86 [=============            ] 53/64  Installing       : guile22-2.2.7-3.fc35.x86 [==============           ] 53/64  Installing       : guile22-2.2.7-3.fc35.x86 [===============          ] 53/64  Installing       : guile22-2.2.7-3.fc35.x86 [================         ] 53/64  Installing       : guile22-2.2.7-3.fc35.x86 [=================        ] 53/64  Installing       : guile22-2.2.7-3.fc35.x86 [==================       ] 53/64  Installing       : guile22-2.2.7-3.fc35.x86 [===================      ] 53/64  Installing       : guile22-2.2.7-3.fc35.x86 [====================     ] 53/64  Installing       : guile22-2.2.7-3.fc35.x86 [=====================    ] 53/64  Installing       : guile22-2.2.7-3.fc35.x86 [======================   ] 53/64  Installing       : guile22-2.2.7-3.fc35.x86 [=======================  ] 53/64  Installing       : guile22-2.2.7-3.fc35.x86 [======================== ] 53/64  Installing       : guile22-2.2.7-3.fc35.x86_64                          53/64 
  Installing       : make-1:4.3-6.fc35.x86_64 [                         ] 54/64  Installing       : make-1:4.3-6.fc35.x86_64 [=                        ] 54/64  Installing       : make-1:4.3-6.fc35.x86_64 [==                       ] 54/64  Installing       : make-1:4.3-6.fc35.x86_64 [===                      ] 54/64  Installing       : make-1:4.3-6.fc35.x86_64 [====                     ] 54/64  Installing       : make-1:4.3-6.fc35.x86_64 [=====                    ] 54/64  Installing       : make-1:4.3-6.fc35.x86_64 [======                   ] 54/64  Installing       : make-1:4.3-6.fc35.x86_64 [=======                  ] 54/64  Installing       : make-1:4.3-6.fc35.x86_64 [========                 ] 54/64  Installing       : make-1:4.3-6.fc35.x86_64 [=========                ] 54/64  Installing       : make-1:4.3-6.fc35.x86_64 [==========               ] 54/64  Installing       : make-1:4.3-6.fc35.x86_64 [===========              ] 54/64  Installing       : make-1:4.3-6.fc35.x86_64 [============             ] 54/64  Installing       : make-1:4.3-6.fc35.x86_64 [=============            ] 54/64  Installing       : make-1:4.3-6.fc35.x86_64 [==============           ] 54/64  Installing       : make-1:4.3-6.fc35.x86_64 [===============          ] 54/64  Installing       : make-1:4.3-6.fc35.x86_64 [================         ] 54/64  Installing       : make-1:4.3-6.fc35.x86_64 [=================        ] 54/64  Installing       : make-1:4.3-6.fc35.x86_64 [==================       ] 54/64  Installing       : make-1:4.3-6.fc35.x86_64 [===================      ] 54/64  Installing       : make-1:4.3-6.fc35.x86_64 [====================     ] 54/64  Installing       : make-1:4.3-6.fc35.x86_64 [=====================    ] 54/64  Installing       : make-1:4.3-6.fc35.x86_64 [======================   ] 54/64  Installing       : make-1:4.3-6.fc35.x86_64 [=======================  ] 54/64  Installing       : make-1:4.3-6.fc35.x86_64 [======================== ] 54/64  Installing       : make-1:4.3-6.fc35.x86_64                             54/64 
  Installing       : gcc-11.3.1-3.fc35.x86_64 [                         ] 55/64  Installing       : gcc-11.3.1-3.fc35.x86_64 [=                        ] 55/64  Installing       : gcc-11.3.1-3.fc35.x86_64 [==                       ] 55/64  Installing       : gcc-11.3.1-3.fc35.x86_64 [===                      ] 55/64  Installing       : gcc-11.3.1-3.fc35.x86_64 [====                     ] 55/64  Installing       : gcc-11.3.1-3.fc35.x86_64 [=====                    ] 55/64  Installing       : gcc-11.3.1-3.fc35.x86_64 [======                   ] 55/64  Installing       : gcc-11.3.1-3.fc35.x86_64 [=======                  ] 55/64  Installing       : gcc-11.3.1-3.fc35.x86_64 [========                 ] 55/64  Installing       : gcc-11.3.1-3.fc35.x86_64 [=========                ] 55/64  Installing       : gcc-11.3.1-3.fc35.x86_64 [==========               ] 55/64  Installing       : gcc-11.3.1-3.fc35.x86_64 [===========              ] 55/64  Installing       : gcc-11.3.1-3.fc35.x86_64 [============             ] 55/64  Installing       : gcc-11.3.1-3.fc35.x86_64 [=============            ] 55/64  Installing       : gcc-11.3.1-3.fc35.x86_64 [==============           ] 55/64  Installing       : gcc-11.3.1-3.fc35.x86_64 [===============          ] 55/64  Installing       : gcc-11.3.1-3.fc35.x86_64 [================         ] 55/64  Installing       : gcc-11.3.1-3.fc35.x86_64 [=================        ] 55/64  Installing       : gcc-11.3.1-3.fc35.x86_64 [==================       ] 55/64  Installing       : gcc-11.3.1-3.fc35.x86_64 [===================      ] 55/64  Installing       : gcc-11.3.1-3.fc35.x86_64 [====================     ] 55/64  Installing       : gcc-11.3.1-3.fc35.x86_64 [=====================    ] 55/64  Installing       : gcc-11.3.1-3.fc35.x86_64 [======================   ] 55/64  Installing       : gcc-11.3.1-3.fc35.x86_64 [=======================  ] 55/64  Installing       : gcc-11.3.1-3.fc35.x86_64 [======================== ] 55/64  Installing       : gcc-11.3.1-3.fc35.x86_64                             55/64 
  Installing       : emacs-filesystem-1:27.2- [                         ] 56/64  Installing       : emacs-filesystem-1:27.2- [=====                    ] 56/64  Installing       : emacs-filesystem-1:27.2- [============             ] 56/64  Installing       : emacs-filesystem-1:27.2- [===================      ] 56/64  Installing       : emacs-filesystem-1:27.2-9.fc35.noarch                56/64 
  Installing       : cmake-3.24.2-1.fc35.x86_ [                         ] 57/64  Installing       : cmake-3.24.2-1.fc35.x86_ [=                        ] 57/64  Installing       : cmake-3.24.2-1.fc35.x86_ [==                       ] 57/64  Installing       : cmake-3.24.2-1.fc35.x86_ [===                      ] 57/64  Installing       : cmake-3.24.2-1.fc35.x86_ [====                     ] 57/64  Installing       : cmake-3.24.2-1.fc35.x86_ [=====                    ] 57/64  Installing       : cmake-3.24.2-1.fc35.x86_ [======                   ] 57/64  Installing       : cmake-3.24.2-1.fc35.x86_ [=======                  ] 57/64  Installing       : cmake-3.24.2-1.fc35.x86_ [========                 ] 57/64  Installing       : cmake-3.24.2-1.fc35.x86_ [=========                ] 57/64  Installing       : cmake-3.24.2-1.fc35.x86_ [==========               ] 57/64  Installing       : cmake-3.24.2-1.fc35.x86_ [===========              ] 57/64  Installing       : cmake-3.24.2-1.fc35.x86_ [============             ] 57/64  Installing       : cmake-3.24.2-1.fc35.x86_ [=============            ] 57/64  Installing       : cmake-3.24.2-1.fc35.x86_ [==============           ] 57/64  Installing       : cmake-3.24.2-1.fc35.x86_ [===============          ] 57/64  Installing       : cmake-3.24.2-1.fc35.x86_ [================         ] 57/64  Installing       : cmake-3.24.2-1.fc35.x86_ [=================        ] 57/64  Installing       : cmake-3.24.2-1.fc35.x86_ [==================       ] 57/64  Installing       : cmake-3.24.2-1.fc35.x86_ [===================      ] 57/64  Installing       : cmake-3.24.2-1.fc35.x86_ [====================     ] 57/64  Installing       : cmake-3.24.2-1.fc35.x86_ [=====================    ] 57/64  Installing       : cmake-3.24.2-1.fc35.x86_ [======================   ] 57/64  Installing       : cmake-3.24.2-1.fc35.x86_ [=======================  ] 57/64  Installing       : cmake-3.24.2-1.fc35.x86_ [======================== ] 57/64  Installing       : cmake-3.24.2-1.fc35.x86_64                           57/64 
  Installing       : cmake-data-3.24.2-1.fc35 [                         ] 58/64  Installing       : cmake-data-3.24.2-1.fc35 [=                        ] 58/64  Installing       : cmake-data-3.24.2-1.fc35 [==                       ] 58/64  Installing       : cmake-data-3.24.2-1.fc35 [===                      ] 58/64  Installing       : cmake-data-3.24.2-1.fc35 [====                     ] 58/64  Installing       : cmake-data-3.24.2-1.fc35 [=====                    ] 58/64  Installing       : cmake-data-3.24.2-1.fc35 [======                   ] 58/64  Installing       : cmake-data-3.24.2-1.fc35 [=======                  ] 58/64  Installing       : cmake-data-3.24.2-1.fc35 [========                 ] 58/64  Installing       : cmake-data-3.24.2-1.fc35 [=========                ] 58/64  Installing       : cmake-data-3.24.2-1.fc35 [==========               ] 58/64  Installing       : cmake-data-3.24.2-1.fc35 [===========              ] 58/64  Installing       : cmake-data-3.24.2-1.fc35 [============             ] 58/64  Installing       : cmake-data-3.24.2-1.fc35 [=============            ] 58/64  Installing       : cmake-data-3.24.2-1.fc35 [==============           ] 58/64  Installing       : cmake-data-3.24.2-1.fc35 [===============          ] 58/64  Installing       : cmake-data-3.24.2-1.fc35 [================         ] 58/64  Installing       : cmake-data-3.24.2-1.fc35 [=================        ] 58/64  Installing       : cmake-data-3.24.2-1.fc35 [==================       ] 58/64  Installing       : cmake-data-3.24.2-1.fc35 [===================      ] 58/64  Installing       : cmake-data-3.24.2-1.fc35 [====================     ] 58/64  Installing       : cmake-data-3.24.2-1.fc35 [=====================    ] 58/64  Installing       : cmake-data-3.24.2-1.fc35 [======================   ] 58/64  Installing       : cmake-data-3.24.2-1.fc35 [=======================  ] 58/64  Installing       : cmake-data-3.24.2-1.fc35 [======================== ] 58/64  Installing       : cmake-data-3.24.2-1.fc35.noarch                      58/64 
  Installing       : annobin-plugin-gcc-10.79 [                         ] 59/64  Installing       : annobin-plugin-gcc-10.79 [=                        ] 59/64  Installing       : annobin-plugin-gcc-10.79 [==                       ] 59/64  Installing       : annobin-plugin-gcc-10.79 [===                      ] 59/64  Installing       : annobin-plugin-gcc-10.79 [====                     ] 59/64  Installing       : annobin-plugin-gcc-10.79 [=====                    ] 59/64  Installing       : annobin-plugin-gcc-10.79 [======                   ] 59/64  Installing       : annobin-plugin-gcc-10.79 [=======                  ] 59/64  Installing       : annobin-plugin-gcc-10.79 [========                 ] 59/64  Installing       : annobin-plugin-gcc-10.79 [=========                ] 59/64  Installing       : annobin-plugin-gcc-10.79 [==========               ] 59/64  Installing       : annobin-plugin-gcc-10.79 [===========              ] 59/64  Installing       : annobin-plugin-gcc-10.79 [============             ] 59/64  Installing       : annobin-plugin-gcc-10.79 [=============            ] 59/64  Installing       : annobin-plugin-gcc-10.79 [==============           ] 59/64  Installing       : annobin-plugin-gcc-10.79 [===============          ] 59/64  Installing       : annobin-plugin-gcc-10.79 [================         ] 59/64  Installing       : annobin-plugin-gcc-10.79 [=================        ] 59/64  Installing       : annobin-plugin-gcc-10.79 [==================       ] 59/64  Installing       : annobin-plugin-gcc-10.79 [===================      ] 59/64  Installing       : annobin-plugin-gcc-10.79 [====================     ] 59/64  Installing       : annobin-plugin-gcc-10.79 [=====================    ] 59/64  Installing       : annobin-plugin-gcc-10.79 [======================   ] 59/64  Installing       : annobin-plugin-gcc-10.79 [=======================  ] 59/64  Installing       : annobin-plugin-gcc-10.79 [======================== ] 59/64  Installing       : annobin-plugin-gcc-10.79-1.fc35.x86_64               59/64 
  Installing       : gcc-c++-11.3.1-3.fc35.x8 [                         ] 60/64  Installing       : gcc-c++-11.3.1-3.fc35.x8 [=                        ] 60/64  Installing       : gcc-c++-11.3.1-3.fc35.x8 [==                       ] 60/64  Installing       : gcc-c++-11.3.1-3.fc35.x8 [===                      ] 60/64  Installing       : gcc-c++-11.3.1-3.fc35.x8 [====                     ] 60/64  Installing       : gcc-c++-11.3.1-3.fc35.x8 [=====                    ] 60/64  Installing       : gcc-c++-11.3.1-3.fc35.x8 [======                   ] 60/64  Installing       : gcc-c++-11.3.1-3.fc35.x8 [=======                  ] 60/64  Installing       : gcc-c++-11.3.1-3.fc35.x8 [========                 ] 60/64  Installing       : gcc-c++-11.3.1-3.fc35.x8 [=========                ] 60/64  Installing       : gcc-c++-11.3.1-3.fc35.x8 [==========               ] 60/64  Installing       : gcc-c++-11.3.1-3.fc35.x8 [===========              ] 60/64  Installing       : gcc-c++-11.3.1-3.fc35.x8 [============             ] 60/64  Installing       : gcc-c++-11.3.1-3.fc35.x8 [=============            ] 60/64  Installing       : gcc-c++-11.3.1-3.fc35.x8 [==============           ] 60/64  Installing       : gcc-c++-11.3.1-3.fc35.x8 [===============          ] 60/64  Installing       : gcc-c++-11.3.1-3.fc35.x8 [================         ] 60/64  Installing       : gcc-c++-11.3.1-3.fc35.x8 [=================        ] 60/64  Installing       : gcc-c++-11.3.1-3.fc35.x8 [==================       ] 60/64  Installing       : gcc-c++-11.3.1-3.fc35.x8 [===================      ] 60/64  Installing       : gcc-c++-11.3.1-3.fc35.x8 [====================     ] 60/64  Installing       : gcc-c++-11.3.1-3.fc35.x8 [=====================    ] 60/64  Installing       : gcc-c++-11.3.1-3.fc35.x8 [======================   ] 60/64  Installing       : gcc-c++-11.3.1-3.fc35.x8 [=======================  ] 60/64  Installing       : gcc-c++-11.3.1-3.fc35.x8 [======================== ] 60/64  Installing       : gcc-c++-11.3.1-3.fc35.x86_64                         60/64 
  Installing       : NetworkManager-libnm-dev [                         ] 61/64  Installing       : NetworkManager-libnm-dev [=                        ] 61/64  Installing       : NetworkManager-libnm-dev [==                       ] 61/64  Installing       : NetworkManager-libnm-dev [===                      ] 61/64  Installing       : NetworkManager-libnm-dev [====                     ] 61/64  Installing       : NetworkManager-libnm-dev [=====                    ] 61/64  Installing       : NetworkManager-libnm-dev [======                   ] 61/64  Installing       : NetworkManager-libnm-dev [=======                  ] 61/64  Installing       : NetworkManager-libnm-dev [========                 ] 61/64  Installing       : NetworkManager-libnm-dev [=========                ] 61/64  Installing       : NetworkManager-libnm-dev [==========               ] 61/64  Installing       : NetworkManager-libnm-dev [===========              ] 61/64  Installing       : NetworkManager-libnm-dev [============             ] 61/64  Installing       : NetworkManager-libnm-dev [=============            ] 61/64  Installing       : NetworkManager-libnm-dev [==============           ] 61/64  Installing       : NetworkManager-libnm-dev [===============          ] 61/64  Installing       : NetworkManager-libnm-dev [================         ] 61/64  Installing       : NetworkManager-libnm-dev [=================        ] 61/64  Installing       : NetworkManager-libnm-dev [==================       ] 61/64  Installing       : NetworkManager-libnm-dev [===================      ] 61/64  Installing       : NetworkManager-libnm-dev [====================     ] 61/64  Installing       : NetworkManager-libnm-dev [=====================    ] 61/64  Installing       : NetworkManager-libnm-dev [======================   ] 61/64  Installing       : NetworkManager-libnm-dev [=======================  ] 61/64  Installing       : NetworkManager-libnm-dev [======================== ] 61/64  Installing       : NetworkManager-libnm-devel-1:1.32.12-2.fc35.x86_64   61/64 
  Installing       : webkit2gtk3-jsc-devel-2. [                         ] 62/64  Installing       : webkit2gtk3-jsc-devel-2. [=                        ] 62/64  Installing       : webkit2gtk3-jsc-devel-2. [==                       ] 62/64  Installing       : webkit2gtk3-jsc-devel-2. [===                      ] 62/64  Installing       : webkit2gtk3-jsc-devel-2. [====                     ] 62/64  Installing       : webkit2gtk3-jsc-devel-2. [======                   ] 62/64  Installing       : webkit2gtk3-jsc-devel-2. [=======                  ] 62/64  Installing       : webkit2gtk3-jsc-devel-2. [========                 ] 62/64  Installing       : webkit2gtk3-jsc-devel-2. [=========                ] 62/64  Installing       : webkit2gtk3-jsc-devel-2. [==========               ] 62/64  Installing       : webkit2gtk3-jsc-devel-2. [===========              ] 62/64  Installing       : webkit2gtk3-jsc-devel-2. [============             ] 62/64  Installing       : webkit2gtk3-jsc-devel-2. [=============            ] 62/64  Installing       : webkit2gtk3-jsc-devel-2. [===============          ] 62/64  Installing       : webkit2gtk3-jsc-devel-2. [================         ] 62/64  Installing       : webkit2gtk3-jsc-devel-2. [=================        ] 62/64  Installing       : webkit2gtk3-jsc-devel-2. [==================       ] 62/64  Installing       : webkit2gtk3-jsc-devel-2. [===================      ] 62/64  Installing       : webkit2gtk3-jsc-devel-2. [====================     ] 62/64  Installing       : webkit2gtk3-jsc-devel-2. [======================   ] 62/64  Installing       : webkit2gtk3-jsc-devel-2. [=======================  ] 62/64  Installing       : webkit2gtk3-jsc-devel-2. [======================== ] 62/64  Installing       : webkit2gtk3-jsc-devel-2.38.2-1.fc35.x86_64           62/64 
  Installing       : python3-devel-3.10.8-3.f [                         ] 63/64  Installing       : python3-devel-3.10.8-3.f [=                        ] 63/64  Installing       : python3-devel-3.10.8-3.f [==                       ] 63/64  Installing       : python3-devel-3.10.8-3.f [===                      ] 63/64  Installing       : python3-devel-3.10.8-3.f [====                     ] 63/64  Installing       : python3-devel-3.10.8-3.f [=====                    ] 63/64  Installing       : python3-devel-3.10.8-3.f [======                   ] 63/64  Installing       : python3-devel-3.10.8-3.f [=======                  ] 63/64  Installing       : python3-devel-3.10.8-3.f [========                 ] 63/64  Installing       : python3-devel-3.10.8-3.f [=========                ] 63/64  Installing       : python3-devel-3.10.8-3.f [==========               ] 63/64  Installing       : python3-devel-3.10.8-3.f [===========              ] 63/64  Installing       : python3-devel-3.10.8-3.f [============             ] 63/64  Installing       : python3-devel-3.10.8-3.f [=============            ] 63/64  Installing       : python3-devel-3.10.8-3.f [==============           ] 63/64  Installing       : python3-devel-3.10.8-3.f [===============          ] 63/64  Installing       : python3-devel-3.10.8-3.f [================         ] 63/64  Installing       : python3-devel-3.10.8-3.f [=================        ] 63/64  Installing       : python3-devel-3.10.8-3.f [==================       ] 63/64  Installing       : python3-devel-3.10.8-3.f [===================      ] 63/64  Installing       : python3-devel-3.10.8-3.f [====================     ] 63/64  Installing       : python3-devel-3.10.8-3.f [=====================    ] 63/64  Installing       : python3-devel-3.10.8-3.f [======================   ] 63/64  Installing       : python3-devel-3.10.8-3.f [=======================  ] 63/64  Installing       : python3-devel-3.10.8-3.f [======================== ] 63/64  Installing       : python3-devel-3.10.8-3.fc35.x86_64                   63/64 
  Installing       : dbus-devel-1:1.12.24-1.f [                         ] 64/64  Installing       : dbus-devel-1:1.12.24-1.f [=                        ] 64/64  Installing       : dbus-devel-1:1.12.24-1.f [======                   ] 64/64  Installing       : dbus-devel-1:1.12.24-1.f [========                 ] 64/64  Installing       : dbus-devel-1:1.12.24-1.f [===========              ] 64/64  Installing       : dbus-devel-1:1.12.24-1.f [============             ] 64/64  Installing       : dbus-devel-1:1.12.24-1.f [================         ] 64/64  Installing       : dbus-devel-1:1.12.24-1.f [=================        ] 64/64  Installing       : dbus-devel-1:1.12.24-1.f [==================       ] 64/64  Installing       : dbus-devel-1:1.12.24-1.f [===================      ] 64/64  Installing       : dbus-devel-1:1.12.24-1.f [=====================    ] 64/64  Installing       : dbus-devel-1:1.12.24-1.f [======================   ] 64/64  Installing       : dbus-devel-1:1.12.24-1.f [=======================  ] 64/64  Installing       : dbus-devel-1:1.12.24-1.f [======================== ] 64/64  Installing       : dbus-devel-1:1.12.24-1.fc35.x86_64                   64/64 
  Running scriptlet: dbus-devel-1:1.12.24-1.fc35.x86_64                   64/64 
  Verifying        : emacs-filesystem-1:27.2-9.fc35.noarch                 1/64 
  Verifying        : gc-8.0.4-6.fc35.x86_64                                2/64 
  Verifying        : guile22-2.2.7-3.fc35.x86_64                           3/64 
  Verifying        : libffi-devel-3.1-29.fc35.x86_64                       4/64 
  Verifying        : libmpc-1.2.1-3.fc35.x86_64                            5/64 
  Verifying        : make-1:4.3-6.fc35.x86_64                              6/64 
  Verifying        : mpdecimal-2.5.1-2.fc35.x86_64                         7/64 
  Verifying        : pcre-cpp-8.45-1.fc35.x86_64                           8/64 
  Verifying        : pcre-devel-8.45-1.fc35.x86_64                         9/64 
  Verifying        : pcre-utf16-8.45-1.fc35.x86_64                        10/64 
  Verifying        : pcre-utf32-8.45-1.fc35.x86_64                        11/64 
  Verifying        : python-setuptools-wheel-57.4.0-1.fc35.noarch         12/64 
  Verifying        : python3-pyparsing-2.4.7-9.fc35.noarch                13/64 
  Verifying        : python3-rpm-generators-12-8.fc35.noarch              14/64 
  Verifying        : rhash-1.4.0-4.fc35.x86_64                            15/64 
  Verifying        : xml-common-0.6.3-57.fc35.noarch                      16/64 
  Verifying        : NetworkManager-libnm-1:1.32.12-2.fc35.x86_64         17/64 
  Verifying        : NetworkManager-libnm-devel-1:1.32.12-2.fc35.x86_64   18/64 
  Verifying        : annobin-docs-10.79-1.fc35.noarch                     19/64 
  Verifying        : annobin-plugin-gcc-10.79-1.fc35.x86_64               20/64 
  Verifying        : cmake-3.24.2-1.fc35.x86_64                           21/64 
  Verifying        : cmake-data-3.24.2-1.fc35.noarch                      22/64 
  Verifying        : cmake-filesystem-3.24.2-1.fc35.x86_64                23/64 
  Verifying        : cmake-rpm-macros-3.24.2-1.fc35.noarch                24/64 
  Verifying        : cpp-11.3.1-3.fc35.x86_64                             25/64 
  Verifying        : dbus-devel-1:1.12.24-1.fc35.x86_64                   26/64 
  Verifying        : dbus-libs-1:1.12.24-1.fc35.x86_64                    27/64 
  Verifying        : expat-2.5.0-1.fc35.x86_64                            28/64 
  Verifying        : gcc-11.3.1-3.fc35.x86_64                             29/64 
  Verifying        : gcc-c++-11.3.1-3.fc35.x86_64                         30/64 
  Verifying        : glib2-2.70.5-1.fc35.x86_64                           31/64 
  Verifying        : glib2-devel-2.70.5-1.fc35.x86_64                     32/64 
  Verifying        : glibc-devel-2.34-49.fc35.x86_64                      33/64 
  Verifying        : glibc-headers-x86-2.34-49.fc35.noarch                34/64 
  Verifying        : gnutls-3.7.8-3.fc35.x86_64                           35/64 
  Verifying        : jsoncpp-1.9.4-5.fc35.x86_64                          36/64 
  Verifying        : kernel-headers-6.0.5-100.fc35.x86_64                 37/64 
  Verifying        : libatomic-11.3.1-3.fc35.x86_64                       38/64 
  Verifying        : libblkid-devel-2.37.4-1.fc35.x86_64                  39/64 
  Verifying        : libicu-69.1-6.fc35.x86_64                            40/64 
  Verifying        : libmount-devel-2.37.4-1.fc35.x86_64                  41/64 
  Verifying        : libselinux-devel-3.3-1.fc35.x86_64                   42/64 
  Verifying        : libsepol-devel-3.3-2.fc35.x86_64                     43/64 
  Verifying        : libstdc++-devel-11.3.1-3.fc35.x86_64                 44/64 
  Verifying        : libtool-ltdl-2.4.6-50.fc35.x86_64                    45/64 
  Verifying        : libuv-1:1.44.2-1.fc35.x86_64                         46/64 
  Verifying        : libxcrypt-devel-4.4.33-3.fc35.x86_64                 47/64 
  Verifying        : nettle-3.8-1.fc35.x86_64                             48/64 
  Verifying        : pcre2-devel-10.40-1.fc35.x86_64                      49/64 
  Verifying        : pcre2-utf16-10.40-1.fc35.x86_64                      50/64 
  Verifying        : pcre2-utf32-10.40-1.fc35.x86_64                      51/64 
  Verifying        : pyproject-rpm-macros-1.4.0-1.fc35.noarch             52/64 
  Verifying        : python-pip-wheel-21.2.3-4.fc35.noarch                53/64 
  Verifying        : python-rpm-macros-3.10-13.fc35.noarch                54/64 
  Verifying        : python3-3.10.8-3.fc35.x86_64                         55/64 
  Verifying        : python3-devel-3.10.8-3.fc35.x86_64                   56/64 
  Verifying        : python3-libs-3.10.8-3.fc35.x86_64                    57/64 
  Verifying        : python3-packaging-21.3-2.fc35.noarch                 58/64 
  Verifying        : python3-rpm-macros-3.10-13.fc35.noarch               59/64 
  Verifying        : sysprof-capture-devel-3.42.1-1.fc35.x86_64           60/64 
  Verifying        : vim-filesystem-2:9.0.915-1.fc35.noarch               61/64 
  Verifying        : webkit2gtk3-jsc-2.38.2-1.fc35.x86_64                 62/64 
  Verifying        : webkit2gtk3-jsc-devel-2.38.2-1.fc35.x86_64           63/64 
  Verifying        : zlib-devel-1.2.11-32.fc35.x86_64                     64/64 

Installed:
  NetworkManager-libnm-1:1.32.12-2.fc35.x86_64                                  
  NetworkManager-libnm-devel-1:1.32.12-2.fc35.x86_64                            
  annobin-docs-10.79-1.fc35.noarch                                              
  annobin-plugin-gcc-10.79-1.fc35.x86_64                                        
  cmake-3.24.2-1.fc35.x86_64                                                    
  cmake-data-3.24.2-1.fc35.noarch                                               
  cmake-filesystem-3.24.2-1.fc35.x86_64                                         
  cmake-rpm-macros-3.24.2-1.fc35.noarch                                         
  cpp-11.3.1-3.fc35.x86_64                                                      
  dbus-devel-1:1.12.24-1.fc35.x86_64                                            
  dbus-libs-1:1.12.24-1.fc35.x86_64                                             
  emacs-filesystem-1:27.2-9.fc35.noarch                                         
  expat-2.5.0-1.fc35.x86_64                                                     
  gc-8.0.4-6.fc35.x86_64                                                        
  gcc-11.3.1-3.fc35.x86_64                                                      
  gcc-c++-11.3.1-3.fc35.x86_64                                                  
  glib2-2.70.5-1.fc35.x86_64                                                    
  glib2-devel-2.70.5-1.fc35.x86_64                                              
  glibc-devel-2.34-49.fc35.x86_64                                               
  glibc-headers-x86-2.34-49.fc35.noarch                                         
  gnutls-3.7.8-3.fc35.x86_64                                                    
  guile22-2.2.7-3.fc35.x86_64                                                   
  jsoncpp-1.9.4-5.fc35.x86_64                                                   
  kernel-headers-6.0.5-100.fc35.x86_64                                          
  libatomic-11.3.1-3.fc35.x86_64                                                
  libblkid-devel-2.37.4-1.fc35.x86_64                                           
  libffi-devel-3.1-29.fc35.x86_64                                               
  libicu-69.1-6.fc35.x86_64                                                     
  libmount-devel-2.37.4-1.fc35.x86_64                                           
  libmpc-1.2.1-3.fc35.x86_64                                                    
  libselinux-devel-3.3-1.fc35.x86_64                                            
  libsepol-devel-3.3-2.fc35.x86_64                                              
  libstdc++-devel-11.3.1-3.fc35.x86_64                                          
  libtool-ltdl-2.4.6-50.fc35.x86_64                                             
  libuv-1:1.44.2-1.fc35.x86_64                                                  
  libxcrypt-devel-4.4.33-3.fc35.x86_64                                          
  make-1:4.3-6.fc35.x86_64                                                      
  mpdecimal-2.5.1-2.fc35.x86_64                                                 
  nettle-3.8-1.fc35.x86_64                                                      
  pcre-cpp-8.45-1.fc35.x86_64                                                   
  pcre-devel-8.45-1.fc35.x86_64                                                 
  pcre-utf16-8.45-1.fc35.x86_64                                                 
  pcre-utf32-8.45-1.fc35.x86_64                                                 
  pcre2-devel-10.40-1.fc35.x86_64                                               
  pcre2-utf16-10.40-1.fc35.x86_64                                               
  pcre2-utf32-10.40-1.fc35.x86_64                                               
  pyproject-rpm-macros-1.4.0-1.fc35.noarch                                      
  python-pip-wheel-21.2.3-4.fc35.noarch                                         
  python-rpm-macros-3.10-13.fc35.noarch                                         
  python-setuptools-wheel-57.4.0-1.fc35.noarch                                  
  python3-3.10.8-3.fc35.x86_64                                                  
  python3-devel-3.10.8-3.fc35.x86_64                                            
  python3-libs-3.10.8-3.fc35.x86_64                                             
  python3-packaging-21.3-2.fc35.noarch                                          
  python3-pyparsing-2.4.7-9.fc35.noarch                                         
  python3-rpm-generators-12-8.fc35.noarch                                       
  python3-rpm-macros-3.10-13.fc35.noarch                                        
  rhash-1.4.0-4.fc35.x86_64                                                     
  sysprof-capture-devel-3.42.1-1.fc35.x86_64                                    
  vim-filesystem-2:9.0.915-1.fc35.noarch                                        
  webkit2gtk3-jsc-2.38.2-1.fc35.x86_64                                          
  webkit2gtk3-jsc-devel-2.38.2-1.fc35.x86_64                                    
  xml-common-0.6.3-57.fc35.noarch                                               
  zlib-devel-1.2.11-32.fc35.x86_64                                              

Complete!

>>> 2023-01-26 11:12:42	"/usr/bin/mock" "-r" "fedora-35-x86_64" "--plugin-option=tmpfs:keep_mounted=True" "--config-opts=print_main_output=True" "--quiet" "--install" "cbmc" "cbmc-utils" "csexec" "gcc"
No matches found for the following disable plugin patterns: local, spacewalk, versionlock
fedora                   [===                 ] ---  B/s |   0  B     --:-- ETAfedora                                           30 kB/s | 4.5 kB     00:00    
updates                  [===                 ] ---  B/s |   0  B     --:-- ETAupdates                                          18 kB/s | 2.8 kB     00:00    
Package gcc-11.3.1-3.fc35.x86_64 is already installed.
Dependencies resolved.
================================================================================
 Package              Architecture  Version                Repository      Size
================================================================================
Installing:
 [1mcbmc                [m x86_64        5.50.0-1.fc35          updates         15 M
 [1mcbmc-utils          [m x86_64        5.50.0-1.fc35          updates         13 k
 [1mcsexec              [m x86_64        2.2.2-1.fc35           updates        365 k
Installing dependencies:
 [1mminisat2-libs       [m x86_64        2.2.1-13.fc35          fedora          44 k

Transaction Summary
================================================================================
Install  4 Packages

Total size: 15 M
Installed size: 59 M
Downloading Packages:
[SKIPPED] minisat2-libs-2.2.1-13.fc35.x86_64.rpm: Already downloaded           
[SKIPPED] cbmc-5.50.0-1.fc35.x86_64.rpm: Already downloaded                    
[SKIPPED] cbmc-utils-5.50.0-1.fc35.x86_64.rpm: Already downloaded              
[SKIPPED] csexec-2.2.2-1.fc35.x86_64.rpm: Already downloaded                   
Running transaction check
Transaction check succeeded.
Running transaction test
Transaction test succeeded.
Running transaction
  Preparing        :  [============                                       ] 1/1  Preparing        :  [=========================                          ] 1/1  Preparing        :  [======================================             ] 1/1  Preparing        :                                                        1/1 
  Installing       : minisat2-libs-2.2.1-13.fc [                          ] 1/4  Installing       : minisat2-libs-2.2.1-13.fc [==========                ] 1/4  Installing       : minisat2-libs-2.2.1-13.fc [====================      ] 1/4  Installing       : minisat2-libs-2.2.1-13.fc [========================= ] 1/4  Installing       : minisat2-libs-2.2.1-13.fc35.x86_64                     1/4 
  Installing       : cbmc-5.50.0-1.fc35.x86_64 [                          ] 2/4  Installing       : cbmc-5.50.0-1.fc35.x86_64 [=                         ] 2/4  Installing       : cbmc-5.50.0-1.fc35.x86_64 [==                        ] 2/4  Installing       : cbmc-5.50.0-1.fc35.x86_64 [===                       ] 2/4  Installing       : cbmc-5.50.0-1.fc35.x86_64 [====                      ] 2/4  Installing       : cbmc-5.50.0-1.fc35.x86_64 [=====                     ] 2/4  Installing       : cbmc-5.50.0-1.fc35.x86_64 [======                    ] 2/4  Installing       : cbmc-5.50.0-1.fc35.x86_64 [=======                   ] 2/4  Installing       : cbmc-5.50.0-1.fc35.x86_64 [========                  ] 2/4  Installing       : cbmc-5.50.0-1.fc35.x86_64 [=========                 ] 2/4  Installing       : cbmc-5.50.0-1.fc35.x86_64 [==========                ] 2/4  Installing       : cbmc-5.50.0-1.fc35.x86_64 [===========               ] 2/4  Installing       : cbmc-5.50.0-1.fc35.x86_64 [============              ] 2/4  Installing       : cbmc-5.50.0-1.fc35.x86_64 [=============             ] 2/4  Installing       : cbmc-5.50.0-1.fc35.x86_64 [==============            ] 2/4  Installing       : cbmc-5.50.0-1.fc35.x86_64 [===============           ] 2/4  Installing       : cbmc-5.50.0-1.fc35.x86_64 [================          ] 2/4  Installing       : cbmc-5.50.0-1.fc35.x86_64 [=================         ] 2/4  Installing       : cbmc-5.50.0-1.fc35.x86_64 [==================        ] 2/4  Installing       : cbmc-5.50.0-1.fc35.x86_64 [===================       ] 2/4  Installing       : cbmc-5.50.0-1.fc35.x86_64 [====================      ] 2/4  Installing       : cbmc-5.50.0-1.fc35.x86_64 [=====================     ] 2/4  Installing       : cbmc-5.50.0-1.fc35.x86_64 [======================    ] 2/4  Installing       : cbmc-5.50.0-1.fc35.x86_64 [=======================   ] 2/4  Installing       : cbmc-5.50.0-1.fc35.x86_64 [========================  ] 2/4  Installing       : cbmc-5.50.0-1.fc35.x86_64 [========================= ] 2/4  Installing       : cbmc-5.50.0-1.fc35.x86_64                              2/4 
  Installing       : csexec-2.2.2-1.fc35.x86_6 [                          ] 3/4  Installing       : csexec-2.2.2-1.fc35.x86_6 [=                         ] 3/4  Installing       : csexec-2.2.2-1.fc35.x86_6 [==                        ] 3/4  Installing       : csexec-2.2.2-1.fc35.x86_6 [===                       ] 3/4  Installing       : csexec-2.2.2-1.fc35.x86_6 [====                      ] 3/4  Installing       : csexec-2.2.2-1.fc35.x86_6 [=====                     ] 3/4  Installing       : csexec-2.2.2-1.fc35.x86_6 [======                    ] 3/4  Installing       : csexec-2.2.2-1.fc35.x86_6 [=======                   ] 3/4  Installing       : csexec-2.2.2-1.fc35.x86_6 [========                  ] 3/4  Installing       : csexec-2.2.2-1.fc35.x86_6 [=========                 ] 3/4  Installing       : csexec-2.2.2-1.fc35.x86_6 [==========                ] 3/4  Installing       : csexec-2.2.2-1.fc35.x86_6 [===========               ] 3/4  Installing       : csexec-2.2.2-1.fc35.x86_6 [============              ] 3/4  Installing       : csexec-2.2.2-1.fc35.x86_6 [=============             ] 3/4  Installing       : csexec-2.2.2-1.fc35.x86_6 [==============            ] 3/4  Installing       : csexec-2.2.2-1.fc35.x86_6 [===============           ] 3/4  Installing       : csexec-2.2.2-1.fc35.x86_6 [================          ] 3/4  Installing       : csexec-2.2.2-1.fc35.x86_6 [=================         ] 3/4  Installing       : csexec-2.2.2-1.fc35.x86_6 [==================        ] 3/4  Installing       : csexec-2.2.2-1.fc35.x86_6 [===================       ] 3/4  Installing       : csexec-2.2.2-1.fc35.x86_6 [====================      ] 3/4  Installing       : csexec-2.2.2-1.fc35.x86_6 [=====================     ] 3/4  Installing       : csexec-2.2.2-1.fc35.x86_6 [======================    ] 3/4  Installing       : csexec-2.2.2-1.fc35.x86_6 [=======================   ] 3/4  Installing       : csexec-2.2.2-1.fc35.x86_6 [========================  ] 3/4  Installing       : csexec-2.2.2-1.fc35.x86_6 [========================= ] 3/4  Installing       : csexec-2.2.2-1.fc35.x86_64                             3/4 
  Installing       : cbmc-utils-5.50.0-1.fc35. [                          ] 4/4  Installing       : cbmc-utils-5.50.0-1.fc35. [===============           ] 4/4  Installing       : cbmc-utils-5.50.0-1.fc35. [====================      ] 4/4  Installing       : cbmc-utils-5.50.0-1.fc35. [========================= ] 4/4  Installing       : cbmc-utils-5.50.0-1.fc35.x86_64                        4/4 
  Running scriptlet: cbmc-utils-5.50.0-1.fc35.x86_64                        4/4 
  Verifying        : minisat2-libs-2.2.1-13.fc35.x86_64                     1/4 
  Verifying        : cbmc-5.50.0-1.fc35.x86_64                              2/4 
  Verifying        : cbmc-utils-5.50.0-1.fc35.x86_64                        3/4 
  Verifying        : csexec-2.2.2-1.fc35.x86_64                             4/4 

Installed:
  cbmc-5.50.0-1.fc35.x86_64          cbmc-utils-5.50.0-1.fc35.x86_64           
  csexec-2.2.2-1.fc35.x86_64         minisat2-libs-2.2.1-13.fc35.x86_64        

Complete!

>>> 2023-01-26 11:12:59	"'/usr/bin/mock' '-r' 'fedora-35-x86_64' '--plugin-option=tmpfs:keep_mounted=True' '--config-opts=print_main_output=True' '--quiet' '--shell' 'rpm -qa' | sort -V > /home/mockbuilder/aufover-benchmark/workdir-for-sync/rpm-pkgs/libproxy-0.4.17-3.fc35/cbmc/output/debug/rpm-list-mock.txt"

>>> 2023-01-26 11:13:05	"'/usr/bin/mock' '-r' 'fedora-35-x86_64' '--plugin-option=tmpfs:keep_mounted=True' '--config-opts=print_main_output=True' '--quiet' '--shell' 'rpm -qa --provides' | sort -V > /tmp/csmockgyzsaz4s/rpm-list-mock-provides.txt"

>>> 2023-01-26 11:13:11	"/usr/bin/mock" "-r" "fedora-35-x86_64" "--plugin-option=tmpfs:keep_mounted=True" "--config-opts=print_main_output=True" "--quiet" "--copyin" "/tmp/csmockgyzsaz4s/libproxy-0.4.17-3.fc35.src.rpm" "/builddir/libproxy-0.4.17-3.fc35.src.rpm"

>>> 2023-01-26 11:13:16	"/usr/bin/mock" "-r" "fedora-35-x86_64" "--plugin-option=tmpfs:keep_mounted=True" "--config-opts=print_main_output=True" "--quiet" "--chroot" "chown mockbuild -R /builddir"

>>> 2023-01-26 11:13:22	"/usr/bin/mock" "-r" "fedora-35-x86_64" "--plugin-option=tmpfs:keep_mounted=True" "--config-opts=print_main_output=True" "--quiet" "--chroot" "/bin/su mockbuild -l -c \"rpm -Uvh --nodeps '/builddir/libproxy-0.4.17-3.fc35.src.rpm'\""
Updating / installing...
libproxy-0.4.17-3.fc35                ########################################

>>> 2023-01-26 11:13:27	"/usr/bin/mock" "-r" "fedora-35-x86_64" "--plugin-option=tmpfs:keep_mounted=True" "--config-opts=print_main_output=True" "--quiet" "--chroot" "/bin/su mockbuild -l -c \"sed -e 's|^ExclusiveArch:.*\\\$||' -i /builddir/build/SPECS/libproxy.spec\""

>>> 2023-01-26 11:13:33	"/usr/bin/mock" "-r" "fedora-35-x86_64" "--plugin-option=tmpfs:keep_mounted=True" "--config-opts=print_main_output=True" "--quiet" "--chroot" "/bin/su mockbuild -l -c \"rpmbuild -bs --nodeps /builddir/build/SPECS/libproxy.spec '--define' '_unpackaged_files_terminate_build 0' '--define' 'apidocs 0' '--define' 'with_publican 0' '--without' 'docs' '--without' 'langpacks' '--define' '__cc goto-gcc' '--define' '__cxx goto-gcc' '--define' '__cpp goto-gcc -E' '--define' 'optflags -O0' '--define' 'build_ldflags -O0' && sh -c 'cd /builddir/build/SRPMS && eval mv -v *.src.rpm /builddir/libproxy-0.4.17-3.fc35.src.rpm || :'\""
setting SOURCE_DATE_EPOCH=1626912000
Wrote: /builddir/build/SRPMS/libproxy-0.4.17-3.fc35.src.rpm
renamed 'libproxy-0.4.17-3.fc35.src.rpm' -> '/builddir/libproxy-0.4.17-3.fc35.src.rpm'

>>> 2023-01-26 11:13:39	"/usr/bin/mock" "-r" "fedora-35-x86_64" "--plugin-option=tmpfs:keep_mounted=True" "--config-opts=print_main_output=True" "--quiet" "--disable-plugin=selinux" "--copyout" "/builddir/libproxy-0.4.17-3.fc35.src.rpm" "/tmp/csmockgyzsaz4s/libproxy-0.4.17-3.fc35.src.rpm"

>>> 2023-01-26 11:13:45	"/usr/bin/mock" "-r" "fedora-35-x86_64" "--plugin-option=tmpfs:keep_mounted=True" "--config-opts=print_main_output=True" "--quiet" "--installdeps" "/tmp/csmockgyzsaz4s/libproxy-0.4.17-3.fc35.src.rpm"
No matches found for the following disable plugin patterns: local, spacewalk, versionlock
fedora                   [===                 ] ---  B/s |   0  B     --:-- ETAfedora                                           29 kB/s | 4.5 kB     00:00    
updates                  [===                 ] ---  B/s |   0  B     --:-- ETAupdates                                          24 kB/s | 2.8 kB     00:00    
Package cmake-3.24.2-1.fc35.x86_64 is already installed.
Package gcc-c++-11.3.1-3.fc35.x86_64 is already installed.
Package dbus-devel-1:1.12.24-1.fc35.x86_64 is already installed.
Package glib2-devel-2.70.5-1.fc35.x86_64 is already installed.
Package webkit2gtk3-jsc-devel-2.38.2-1.fc35.x86_64 is already installed.
Package NetworkManager-libnm-devel-1:1.32.12-2.fc35.x86_64 is already installed.
Package python3-devel-3.10.8-3.fc35.x86_64 is already installed.
Dependencies resolved.
Nothing to do.
Complete!

>>> 2023-01-26 11:13:56	"/usr/bin/mock" "-r" "fedora-35-x86_64" "--plugin-option=tmpfs:keep_mounted=True" "--config-opts=print_main_output=True" "--quiet" "--install" "cbmc" "cbmc-utils" "csexec" "gcc"
No matches found for the following disable plugin patterns: local, spacewalk, versionlock
fedora                   [===                 ] ---  B/s |   0  B     --:-- ETAfedora                                           23 kB/s | 4.5 kB     00:00    
updates                  [===                 ] ---  B/s |   0  B     --:-- ETAupdates                                          16 kB/s | 2.8 kB     00:00    
Package cbmc-5.50.0-1.fc35.x86_64 is already installed.
Package cbmc-utils-5.50.0-1.fc35.x86_64 is already installed.
Package csexec-2.2.2-1.fc35.x86_64 is already installed.
Package gcc-11.3.1-3.fc35.x86_64 is already installed.
Dependencies resolved.
Nothing to do.
Complete!

>>> 2023-01-26 11:14:06	"'/usr/bin/mock' '-r' 'fedora-35-x86_64' '--plugin-option=tmpfs:keep_mounted=True' '--config-opts=print_main_output=True' '--quiet' '--shell' 'rpm -qa' | sort -V > /home/mockbuilder/aufover-benchmark/workdir-for-sync/rpm-pkgs/libproxy-0.4.17-3.fc35/cbmc/output/debug/rpm-list-mock.txt"

>>> 2023-01-26 11:14:12	"'/usr/bin/mock' '-r' 'fedora-35-x86_64' '--plugin-option=tmpfs:keep_mounted=True' '--config-opts=print_main_output=True' '--quiet' '--shell' 'rpm -qa --provides' | sort -V > /tmp/csmockgyzsaz4s/rpm-list-mock-provides.txt"

>>> 2023-01-26 11:14:18	"/usr/bin/mock" "-r" "fedora-35-x86_64" "--plugin-option=tmpfs:keep_mounted=True" "--config-opts=print_main_output=True" "--quiet" "--install" "csdiff"
No matches found for the following disable plugin patterns: local, spacewalk, versionlock
fedora                   [===                 ] ---  B/s |   0  B     --:-- ETAfedora                   [===                 ] ---  B/s |   0  B     --:-- ETAfedora                                          9.6 kB/s | 4.5 kB     00:00    
updates                  [   ===              ] ---  B/s |   0  B     --:-- ETAupdates                                         9.5 kB/s | 2.8 kB     00:00    
Dependencies resolved.
================================================================================
 Package                    Arch        Version              Repository    Size
================================================================================
Installing:
 [1mcsdiff                    [m x86_64      2.7.0-1.fc35         updates      894 k
Installing dependencies:
 [1mboost-filesystem          [m x86_64      1.76.0-5.fc35        updates       58 k
 [1mboost-program-options     [m x86_64      1.76.0-5.fc35        updates      107 k
 [1mboost-system              [m x86_64      1.76.0-5.fc35        updates       14 k

Transaction Summary
================================================================================
Install  4 Packages

Total size: 1.0 M
Installed size: 4.2 M
Downloading Packages:
[SKIPPED] boost-filesystem-1.76.0-5.fc35.x86_64.rpm: Already downloaded        
[SKIPPED] boost-program-options-1.76.0-5.fc35.x86_64.rpm: Already downloaded   
[SKIPPED] boost-system-1.76.0-5.fc35.x86_64.rpm: Already downloaded            
[SKIPPED] csdiff-2.7.0-1.fc35.x86_64.rpm: Already downloaded                   
Running transaction check
Transaction check succeeded.
Running transaction test
Transaction test succeeded.
Running transaction
  Preparing        :  [============                                       ] 1/1  Preparing        :  [=========================                          ] 1/1  Preparing        :  [======================================             ] 1/1  Preparing        :                                                        1/1 
  Installing       : boost-system-1.76.0-5.fc3 [                          ] 1/4  Installing       : boost-system-1.76.0-5.fc3 [=======================   ] 1/4  Installing       : boost-system-1.76.0-5.fc3 [========================= ] 1/4  Installing       : boost-system-1.76.0-5.fc35.x86_64                      1/4 
  Installing       : boost-filesystem-1.76.0-5 [                          ] 2/4  Installing       : boost-filesystem-1.76.0-5 [======                    ] 2/4  Installing       : boost-filesystem-1.76.0-5 [=============             ] 2/4  Installing       : boost-filesystem-1.76.0-5 [====================      ] 2/4  Installing       : boost-filesystem-1.76.0-5 [========================= ] 2/4  Installing       : boost-filesystem-1.76.0-5.fc35.x86_64                  2/4 
  Installing       : boost-program-options-1.7 [                          ] 3/4  Installing       : boost-program-options-1.7 [==                        ] 3/4  Installing       : boost-program-options-1.7 [=====                     ] 3/4  Installing       : boost-program-options-1.7 [========                  ] 3/4  Installing       : boost-program-options-1.7 [===========               ] 3/4  Installing       : boost-program-options-1.7 [==============            ] 3/4  Installing       : boost-program-options-1.7 [=================         ] 3/4  Installing       : boost-program-options-1.7 [====================      ] 3/4  Installing       : boost-program-options-1.7 [=======================   ] 3/4  Installing       : boost-program-options-1.7 [========================= ] 3/4  Installing       : boost-program-options-1.76.0-5.fc35.x86_64             3/4 
  Installing       : csdiff-2.7.0-1.fc35.x86_6 [                          ] 4/4  Installing       : csdiff-2.7.0-1.fc35.x86_6 [=                         ] 4/4  Installing       : csdiff-2.7.0-1.fc35.x86_6 [==                        ] 4/4  Installing       : csdiff-2.7.0-1.fc35.x86_6 [===                       ] 4/4  Installing       : csdiff-2.7.0-1.fc35.x86_6 [====                      ] 4/4  Installing       : csdiff-2.7.0-1.fc35.x86_6 [=====                     ] 4/4  Installing       : csdiff-2.7.0-1.fc35.x86_6 [======                    ] 4/4  Installing       : csdiff-2.7.0-1.fc35.x86_6 [=======                   ] 4/4  Installing       : csdiff-2.7.0-1.fc35.x86_6 [========                  ] 4/4  Installing       : csdiff-2.7.0-1.fc35.x86_6 [=========                 ] 4/4  Installing       : csdiff-2.7.0-1.fc35.x86_6 [==========                ] 4/4  Installing       : csdiff-2.7.0-1.fc35.x86_6 [===========               ] 4/4  Installing       : csdiff-2.7.0-1.fc35.x86_6 [============              ] 4/4  Installing       : csdiff-2.7.0-1.fc35.x86_6 [=============             ] 4/4  Installing       : csdiff-2.7.0-1.fc35.x86_6 [==============            ] 4/4  Installing       : csdiff-2.7.0-1.fc35.x86_6 [===============           ] 4/4  Installing       : csdiff-2.7.0-1.fc35.x86_6 [================          ] 4/4  Installing       : csdiff-2.7.0-1.fc35.x86_6 [=================         ] 4/4  Installing       : csdiff-2.7.0-1.fc35.x86_6 [==================        ] 4/4  Installing       : csdiff-2.7.0-1.fc35.x86_6 [===================       ] 4/4  Installing       : csdiff-2.7.0-1.fc35.x86_6 [====================      ] 4/4  Installing       : csdiff-2.7.0-1.fc35.x86_6 [=====================     ] 4/4  Installing       : csdiff-2.7.0-1.fc35.x86_6 [======================    ] 4/4  Installing       : csdiff-2.7.0-1.fc35.x86_6 [=======================   ] 4/4  Installing       : csdiff-2.7.0-1.fc35.x86_6 [========================  ] 4/4  Installing       : csdiff-2.7.0-1.fc35.x86_6 [========================= ] 4/4  Installing       : csdiff-2.7.0-1.fc35.x86_64                             4/4 
  Running scriptlet: csdiff-2.7.0-1.fc35.x86_64                             4/4 
  Verifying        : boost-filesystem-1.76.0-5.fc35.x86_64                  1/4 
  Verifying        : boost-program-options-1.76.0-5.fc35.x86_64             2/4 
  Verifying        : boost-system-1.76.0-5.fc35.x86_64                      3/4 
  Verifying        : csdiff-2.7.0-1.fc35.x86_64                             4/4 

Installed:
  boost-filesystem-1.76.0-5.fc35.x86_64                                         
  boost-program-options-1.76.0-5.fc35.x86_64                                    
  boost-system-1.76.0-5.fc35.x86_64                                             
  csdiff-2.7.0-1.fc35.x86_64                                                    

Complete!

>>> 2023-01-26 11:14:32	"'/usr/bin/mock' '-r' 'fedora-35-x86_64' '--plugin-option=tmpfs:keep_mounted=True' '--config-opts=print_main_output=True' '--quiet' '--shell' 'rpm -qa' | sort -V > /home/mockbuilder/aufover-benchmark/workdir-for-sync/rpm-pkgs/libproxy-0.4.17-3.fc35/cbmc/output/debug/rpm-list-mock.txt"

>>> 2023-01-26 11:14:38	"'/usr/bin/mock' '-r' 'fedora-35-x86_64' '--plugin-option=tmpfs:keep_mounted=True' '--config-opts=print_main_output=True' '--quiet' '--shell' 'rpm -qa --provides' | sort -V > /tmp/csmockgyzsaz4s/rpm-list-mock-provides.txt"

>>> 2023-01-26 11:14:43	"tar -cP '/usr/share/csmock/scripts' '/usr/bin/cswrap' '/usr/lib64/cswrap' '/tmp/csmockgyzsaz4s/libproxy-0.4.17-3.fc35.src.rpm' | '/usr/bin/mock' '-r' 'fedora-35-x86_64' '--plugin-option=tmpfs:keep_mounted=True' '--config-opts=print_main_output=True' '--quiet' '--shell' 'tar -xC/'"
tar: Removing leading `/' from member names

scan.ini: analyzer-version-cbmc = 5.50.0
>>> 2023-01-26 11:14:49	"/usr/bin/mock" "-r" "fedora-35-x86_64" "--plugin-option=tmpfs:keep_mounted=True" "--config-opts=print_main_output=True" "--quiet" "--chroot" "/bin/su mockbuild -l -c \"mkdir -pv '/builddir/cbmc-capture'\""
mkdir: created directory '/builddir/cbmc-capture'

scan.ini: analyzer-version-gcc = 11.3.1
>>> 2023-01-26 11:14:55	"/usr/bin/mock" "-r" "fedora-35-x86_64" "--plugin-option=tmpfs:keep_mounted=True" "--config-opts=print_main_output=True" "--quiet" "--chroot" "rpm -Uvh --nodeps '/tmp/csmockgyzsaz4s/libproxy-0.4.17-3.fc35.src.rpm'"
Updating / installing...
libproxy-0.4.17-3.fc35                ########################################

>>> 2023-01-26 11:15:00	"/usr/bin/mock" "-r" "fedora-35-x86_64" "--plugin-option=tmpfs:keep_mounted=True" "--config-opts=print_main_output=True" "--quiet" "--chroot" "chmod -R +r /builddir"

>>> 2023-01-26 11:15:06	"/usr/bin/mock" "-r" "fedora-35-x86_64" "--plugin-option=tmpfs:keep_mounted=True" "--config-opts=print_main_output=True" "--quiet" "--chroot" "ln -fv '/usr/share/csmock/scripts/enable-keep-going.sh' '/usr/share/csmock/scripts/chroot-fixups'"
'/usr/share/csmock/scripts/chroot-fixups/enable-keep-going.sh' => '/usr/share/csmock/scripts/enable-keep-going.sh'

>>> 2023-01-26 11:15:11	"/usr/bin/mock" "-r" "fedora-35-x86_64" "--plugin-option=tmpfs:keep_mounted=True" "--config-opts=print_main_output=True" "--quiet" "--shell" "for i in /usr/share/csmock/scripts/chroot-fixups/*; do test -x \$i && echo RUN: \$i >&2 && \$i; done"
RUN: /usr/share/csmock/scripts/chroot-fixups/enable-keep-going.sh
renamed '/usr/bin/make' -> '/usr/bin/make.orig'
+ ls -l /usr/bin/make
-rwxr-xr-x. 1 root root 42 Jan 26 11:15 /usr/bin/make
+ cat /usr/bin/make
#!/bin/sh
exec /usr/bin/make.orig -k "$@"
RUN: /usr/share/csmock/scripts/chroot-fixups/gdk-pixbuf2-triggers.sh
RUN: /usr/share/csmock/scripts/chroot-fixups/glib2-triggers.sh
+ /usr/bin/gio-querymodules-64 /usr/lib64/gio/modules
+ /usr/bin/glib-compile-schemas /usr/share/glib-2.0/schemas
No schema files found: doing nothing.
RUN: /usr/share/csmock/scripts/chroot-fixups/kpathsea-texhash.sh
RUN: /usr/share/csmock/scripts/chroot-fixups/openssl-public-header-files.sh
RUN: /usr/share/csmock/scripts/chroot-fixups/qt5-core-abi.sh
RUN: /usr/share/csmock/scripts/chroot-fixups/rpm-build-scripts.sh
+ sed -e s/fail=1/fail=0/ -i /usr/lib/rpm/redhat/brp-mangle-shebangs
'/usr/lib/rpm/brp-strip-static-archive' -> '/bin/true'
RUN: /usr/share/csmock/scripts/chroot-fixups/rpm-macros.sh
+ sed -e 's|> */dev/stderr|>\&2|' -i /usr/lib/rpm/macros.d/macros.pyproject
RUN: /usr/share/csmock/scripts/chroot-fixups/rpm-python-extras.sh
+ sed -e 's|print(.*PYTHON_EXTRAS_NOT_FOUND_ERROR.*) *$|continue|' -i /usr/lib/rpm/pythondistdeps.py
RUN: /usr/share/csmock/scripts/chroot-fixups/shared-mime-info-triggers.sh
RUN: /usr/share/csmock/scripts/chroot-fixups/symbiotic-timeout.sh

>>> 2023-01-26 11:15:17	"/usr/bin/mock" "-r" "fedora-35-x86_64" "--plugin-option=tmpfs:keep_mounted=True" "--config-opts=print_main_output=True" "--chroot" "/bin/su mockbuild -l -c \"rpmbuild -bp --nodeps /builddir/build/SPECS/libproxy.spec '--define' '_unpackaged_files_terminate_build 0' '--define' 'apidocs 0' '--define' 'with_publican 0' '--without' 'docs' '--without' 'langpacks' '--define' '__cc goto-gcc' '--define' '__cxx goto-gcc' '--define' '__cpp goto-gcc -E' '--define' 'optflags -O0' '--define' 'build_ldflags -O0'\""
INFO: mock.py version 3.5 starting (python version = 3.10.9, NVR = mock-3.5-1.fc36)...
Start(bootstrap): init plugins
INFO: selinux enabled
Finish(bootstrap): init plugins
Start: init plugins
INFO: selinux enabled
Finish: init plugins
INFO: Signal handler active
Start: run
Start(bootstrap): chroot init
INFO: calling preinit hooks
INFO: enabled root cache
INFO: enabled package manager cache
Start(bootstrap): cleaning package manager metadata
Finish(bootstrap): cleaning package manager metadata
INFO: enabled HW Info plugin
Mock Version: 3.5
INFO: Mock Version: 3.5
Finish(bootstrap): chroot init
Start: chroot init
INFO: calling preinit hooks
INFO: enabled root cache
INFO: enabled package manager cache
Start: cleaning package manager metadata
Finish: cleaning package manager metadata
INFO: enabled HW Info plugin
Mock Version: 3.5
INFO: Mock Version: 3.5
Finish: chroot init
INFO: Running in chroot: ['/bin/su mockbuild -l -c "rpmbuild -bp --nodeps /builddir/build/SPECS/libproxy.spec \'--define\' \'_unpackaged_files_terminate_build 0\' \'--define\' \'apidocs 0\' \'--define\' \'with_publican 0\' \'--without\' \'docs\' \'--without\' \'langpacks\' \'--define\' \'__cc goto-gcc\' \'--define\' \'__cxx goto-gcc\' \'--define\' \'__cpp goto-gcc -E\' \'--define\' \'optflags -O0\' \'--define\' \'build_ldflags -O0\'"']
Start: chroot ['/bin/su mockbuild -l -c "rpmbuild -bp --nodeps /builddir/build/SPECS/libproxy.spec \'--define\' \'_unpackaged_files_terminate_build 0\' \'--define\' \'apidocs 0\' \'--define\' \'with_publican 0\' \'--without\' \'docs\' \'--without\' \'langpacks\' \'--define\' \'__cc goto-gcc\' \'--define\' \'__cxx goto-gcc\' \'--define\' \'__cpp goto-gcc -E\' \'--define\' \'optflags -O0\' \'--define\' \'build_ldflags -O0\'"']
setting SOURCE_DATE_EPOCH=1626912000
Executing(%prep): /bin/sh -e /var/tmp/rpm-tmp.DHoyAp
+ umask 022
+ cd /builddir/build/BUILD
+ cd /builddir/build/BUILD
+ rm -rf libproxy-0.4.17
+ /usr/bin/xz -dc /builddir/build/SOURCES/libproxy-0.4.17.tar.xz
+ /usr/bin/tar -xof -
+ STATUS=0
+ '[' 0 -ne 0 ']'
+ cd libproxy-0.4.17
+ /usr/bin/chmod -Rf a+rX,u+w,g-w,o-w .
+ /usr/bin/cat /builddir/build/SOURCES/libproxy-0.4.17-fix-python-version-check.patch
+ /usr/bin/patch -p1 -s --fuzz=0 --no-backup-if-mismatch -f
+ RPM_EC=0
++ jobs -p
+ exit 0
Finish: chroot ['/bin/su mockbuild -l -c "rpmbuild -bp --nodeps /builddir/build/SPECS/libproxy.spec \'--define\' \'_unpackaged_files_terminate_build 0\' \'--define\' \'apidocs 0\' \'--define\' \'with_publican 0\' \'--without\' \'docs\' \'--without\' \'langpacks\' \'--define\' \'__cc goto-gcc\' \'--define\' \'__cxx goto-gcc\' \'--define\' \'__cpp goto-gcc -E\' \'--define\' \'optflags -O0\' \'--define\' \'build_ldflags -O0\'"']

>>> 2023-01-26 11:15:23	"/usr/bin/mock" "-r" "fedora-35-x86_64" "--plugin-option=tmpfs:keep_mounted=True" "--config-opts=print_main_output=True" "--quiet" "--chroot" "chmod -R +r /builddir/build"

>>> 2023-01-26 11:15:28	"/usr/bin/mock" "-r" "fedora-35-x86_64" "--plugin-option=tmpfs:keep_mounted=True" "--config-opts=print_main_output=True" "--chroot" "/bin/su mockbuild -l -c \"PATH=/usr/lib64/cswrap:\\\$PATH CSWRAP_CAP_FILE=\\\$'/builddir/cswrap-capture.err' CSWRAP_TIMEOUT=\\\$'30' CSWRAP_TIMEOUT_FOR=\\\$':' CC=\\\$'goto-gcc' CXX=\\\$'goto-gcc' CSEXEC_WRAP_CMD=\\\$'--skip-ld-linux\\\\a/usr/bin/csexec-cbmc\\\\a-t\\\\a8\\\\a-l\\\\a/builddir/cbmc-capture\\\\a-c\\\\a--unwind 1 --json-ui --verbosity 4 --pointer-overflow-check --memory-leak-check ' CSWRAP_ADD_CFLAGS=\\\$'-Wno-unknown-pragmas:-Wno-unknown-warning-option:-O0:-g:-Wl,--dynamic-linker,/usr/bin/csexec-loader:-Wno-unknown-pragmas:-Wl,--dynamic-linker,/usr/bin/csexec-loader' CSWRAP_DEL_CFLAGS=\\\$'-Werror*:-fdiagnostics-color*:-no-canonical-prefixes:-Wno-error=deprecated-register:-O1:-O2:-O3:-Os:-Ofast:-Og:-Werror*:-fdiagnostics-color*:-no-canonical-prefixes:-Wno-error=deprecated-register' CSWRAP_ADD_CXXFLAGS=\\\$'-Wno-unknown-warning-option:-O0:-g:-Wl,--dynamic-linker,/usr/bin/csexec-loader:-Wl,--dynamic-linker,/usr/bin/csexec-loader' CSWRAP_DEL_CXXFLAGS=\\\$'-Werror*:-fdiagnostics-color*:-no-canonical-prefixes:-Wno-error=deprecated-register:-O1:-O2:-O3:-Os:-Ofast:-Og:-Werror*:-fdiagnostics-color*:-no-canonical-prefixes:-Wno-error=deprecated-register' sh -c \\\"rpmbuild -bc --nodeps --short-circuit /builddir/build/SPECS/libproxy.spec '--define' '_unpackaged_files_terminate_build 0' '--define' 'apidocs 0' '--define' 'with_publican 0' '--without' 'docs' '--without' 'langpacks' '--define' '__cc goto-gcc' '--define' '__cxx goto-gcc' '--define' '__cpp goto-gcc -E' '--define' 'optflags -O0' '--define' 'build_ldflags -O0'\\\"\""
INFO: mock.py version 3.5 starting (python version = 3.10.9, NVR = mock-3.5-1.fc36)...
Start(bootstrap): init plugins
INFO: selinux enabled
Finish(bootstrap): init plugins
Start: init plugins
INFO: selinux enabled
Finish: init plugins
INFO: Signal handler active
Start: run
Start(bootstrap): chroot init
INFO: calling preinit hooks
INFO: enabled root cache
INFO: enabled package manager cache
Start(bootstrap): cleaning package manager metadata
Finish(bootstrap): cleaning package manager metadata
INFO: enabled HW Info plugin
Mock Version: 3.5
INFO: Mock Version: 3.5
Finish(bootstrap): chroot init
Start: chroot init
INFO: calling preinit hooks
INFO: enabled root cache
INFO: enabled package manager cache
Start: cleaning package manager metadata
Finish: cleaning package manager metadata
INFO: enabled HW Info plugin
Mock Version: 3.5
INFO: Mock Version: 3.5
Finish: chroot init
INFO: Running in chroot: ['/bin/su mockbuild -l -c "PATH=/usr/lib64/cswrap:\\$PATH CSWRAP_CAP_FILE=\\$\'/builddir/cswrap-capture.err\' CSWRAP_TIMEOUT=\\$\'30\' CSWRAP_TIMEOUT_FOR=\\$\':\' CC=\\$\'goto-gcc\' CXX=\\$\'goto-gcc\' CSEXEC_WRAP_CMD=\\$\'--skip-ld-linux\\\\a/usr/bin/csexec-cbmc\\\\a-t\\\\a8\\\\a-l\\\\a/builddir/cbmc-capture\\\\a-c\\\\a--unwind 1 --json-ui --verbosity 4 --pointer-overflow-check --memory-leak-check \' CSWRAP_ADD_CFLAGS=\\$\'-Wno-unknown-pragmas:-Wno-unknown-warning-option:-O0:-g:-Wl,--dynamic-linker,/usr/bin/csexec-loader:-Wno-unknown-pragmas:-Wl,--dynamic-linker,/usr/bin/csexec-loader\' CSWRAP_DEL_CFLAGS=\\$\'-Werror*:-fdiagnostics-color*:-no-canonical-prefixes:-Wno-error=deprecated-register:-O1:-O2:-O3:-Os:-Ofast:-Og:-Werror*:-fdiagnostics-color*:-no-canonical-prefixes:-Wno-error=deprecated-register\' CSWRAP_ADD_CXXFLAGS=\\$\'-Wno-unknown-warning-option:-O0:-g:-Wl,--dynamic-linker,/usr/bin/csexec-loader:-Wl,--dynamic-linker,/usr/bin/csexec-loader\' CSWRAP_DEL_CXXFLAGS=\\$\'-Werror*:-fdiagnostics-color*:-no-canonical-prefixes:-Wno-error=deprecated-register:-O1:-O2:-O3:-Os:-Ofast:-Og:-Werror*:-fdiagnostics-color*:-no-canonical-prefixes:-Wno-error=deprecated-register\' sh -c \\"rpmbuild -bc --nodeps --short-circuit /builddir/build/SPECS/libproxy.spec \'--define\' \'_unpackaged_files_terminate_build 0\' \'--define\' \'apidocs 0\' \'--define\' \'with_publican 0\' \'--without\' \'docs\' \'--without\' \'langpacks\' \'--define\' \'__cc goto-gcc\' \'--define\' \'__cxx goto-gcc\' \'--define\' \'__cpp goto-gcc -E\' \'--define\' \'optflags -O0\' \'--define\' \'build_ldflags -O0\'\\""']
Start: chroot ['/bin/su mockbuild -l -c "PATH=/usr/lib64/cswrap:\\$PATH CSWRAP_CAP_FILE=\\$\'/builddir/cswrap-capture.err\' CSWRAP_TIMEOUT=\\$\'30\' CSWRAP_TIMEOUT_FOR=\\$\':\' CC=\\$\'goto-gcc\' CXX=\\$\'goto-gcc\' CSEXEC_WRAP_CMD=\\$\'--skip-ld-linux\\\\a/usr/bin/csexec-cbmc\\\\a-t\\\\a8\\\\a-l\\\\a/builddir/cbmc-capture\\\\a-c\\\\a--unwind 1 --json-ui --verbosity 4 --pointer-overflow-check --memory-leak-check \' CSWRAP_ADD_CFLAGS=\\$\'-Wno-unknown-pragmas:-Wno-unknown-warning-option:-O0:-g:-Wl,--dynamic-linker,/usr/bin/csexec-loader:-Wno-unknown-pragmas:-Wl,--dynamic-linker,/usr/bin/csexec-loader\' CSWRAP_DEL_CFLAGS=\\$\'-Werror*:-fdiagnostics-color*:-no-canonical-prefixes:-Wno-error=deprecated-register:-O1:-O2:-O3:-Os:-Ofast:-Og:-Werror*:-fdiagnostics-color*:-no-canonical-prefixes:-Wno-error=deprecated-register\' CSWRAP_ADD_CXXFLAGS=\\$\'-Wno-unknown-warning-option:-O0:-g:-Wl,--dynamic-linker,/usr/bin/csexec-loader:-Wl,--dynamic-linker,/usr/bin/csexec-loader\' CSWRAP_DEL_CXXFLAGS=\\$\'-Werror*:-fdiagnostics-color*:-no-canonical-prefixes:-Wno-error=deprecated-register:-O1:-O2:-O3:-Os:-Ofast:-Og:-Werror*:-fdiagnostics-color*:-no-canonical-prefixes:-Wno-error=deprecated-register\' sh -c \\"rpmbuild -bc --nodeps --short-circuit /builddir/build/SPECS/libproxy.spec \'--define\' \'_unpackaged_files_terminate_build 0\' \'--define\' \'apidocs 0\' \'--define\' \'with_publican 0\' \'--without\' \'docs\' \'--without\' \'langpacks\' \'--define\' \'__cc goto-gcc\' \'--define\' \'__cxx goto-gcc\' \'--define\' \'__cpp goto-gcc -E\' \'--define\' \'optflags -O0\' \'--define\' \'build_ldflags -O0\'\\""']
setting SOURCE_DATE_EPOCH=1626912000
Executing(%build): /bin/sh -e /var/tmp/rpm-tmp.SbaUit
+ umask 022
+ cd /builddir/build/BUILD
+ cd libproxy-0.4.17
+ export 'CXXFLAGS=-std=c++14 -O0'
+ CXXFLAGS='-std=c++14 -O0'
+ CFLAGS=-O0
+ export CFLAGS
+ CXXFLAGS='-std=c++14 -O0'
+ export CXXFLAGS
+ FFLAGS='-O0 -I/usr/lib64/gfortran/modules'
+ export FFLAGS
+ FCFLAGS='-O0 -I/usr/lib64/gfortran/modules'
+ export FCFLAGS
+ LDFLAGS=-O0
+ export LDFLAGS
+ LT_SYS_LIBRARY_PATH=/usr/lib64:
+ export LT_SYS_LIBRARY_PATH
+ CC=goto-gcc
+ export CC
+ CXX=goto-gcc
+ export CXX
+ /usr/bin/cmake -S . -B redhat-linux-build -DCMAKE_C_FLAGS_RELEASE:STRING=-DNDEBUG -DCMAKE_CXX_FLAGS_RELEASE:STRING=-DNDEBUG -DCMAKE_Fortran_FLAGS_RELEASE:STRING=-DNDEBUG -DCMAKE_VERBOSE_MAKEFILE:BOOL=ON -DCMAKE_INSTALL_DO_STRIP:BOOL=OFF -DCMAKE_INSTALL_PREFIX:PATH=/usr -DINCLUDE_INSTALL_DIR:PATH=/usr/include -DLIB_INSTALL_DIR:PATH=/usr/lib64 -DSYSCONF_INSTALL_DIR:PATH=/etc -DSHARE_INSTALL_PREFIX:PATH=/usr/share -DLIB_SUFFIX=64 -DBUILD_SHARED_LIBS:BOOL=ON -DMODULE_INSTALL_DIR=/usr/lib64/libproxy/0.4.17/modules -DBIPR=OFF -DWITH_KDE=ON -DWITH_MOZJS=OFF -DWITH_PERL=OFF -DWITH_GNOME3=ON -DWITH_PYTHON2=OFF -DWITH_PYTHON3=ON -DWITH_WEBKIT3=ON .
CMake Deprecation Warning at CMakeLists.txt:2 (cmake_minimum_required):
  Compatibility with CMake < 2.8.12 will be removed from a future version of
  CMake.

  Update the VERSION argument <min> value or use a ...<max> suffix to tell
  CMake that the project does not need compatibility with older versions.


-- The C compiler identification is GNU 11.3.1
-- The CXX compiler identification is GNU 11.3.1
-- Detecting C compiler ABI info
-- Detecting C compiler ABI info - done
-- Check for working C compiler: /usr/lib64/cswrap/goto-gcc - skipped
-- Detecting C compile features
-- Detecting C compile features - done
-- Detecting CXX compiler ABI info
-- Detecting CXX compiler ABI info - done
-- Check for working CXX compiler: /usr/lib64/cswrap/goto-gcc - skipped
-- Detecting CXX compile features
-- Detecting CXX compile features - done
-- Found Python3Interp: /usr/bin/python3.10  
-- Found python 3 version 3.10
<string>:1: DeprecationWarning: The distutils package is deprecated and slated for removal in Python 3.12. Use setuptools or check PEP 632 for potential alternatives
<string>:1: DeprecationWarning: The distutils.sysconfig module is deprecated, use sysconfig instead
-- Using PYTHON3_SITEPKG_DIR=/usr/lib/python3.10/site-packages
-- Found PkgConfig: /usr/bin/pkg-config (found version "1.8.0") 
-- Checking for module 'dbus-1'
--   Found dbus-1, version 1.12.24
-- Checking for modules 'gio-2.0>=2.26;gobject-2.0'
--   Found gio-2.0, version 2.70.5
--   Found gobject-2.0, version 2.70.5
-- Checking for modules 'libnm;dbus-1'
--   Found libnm, version 1.32.12
--   Found dbus-1, version 1.12.24
-- Checking for module 'natus'
--   Package 'natus', required by 'virtual:world', not found
-- Checking for module 'javascriptcoregtk-4.0'
--   Found javascriptcoregtk-4.0, version 2.38.2
MODULES TO BUILD:
	m	config_pacrunner
	*	config_envvar
	*	config_sysconfig
		config_gnome
	m	config_gnome3
	m	config_kde
		config_macosx
		config_w32reg
	*	ignore_domain
	*	ignore_hostname
	*	ignore_ip
	m	network_networkmanager
		pacrunner_mozjs
		pacrunner_natus
	m	pacrunner_webkit
	*	wpad_dns_alias

-- Configuring done
-- Generating done
CMake Warning:
  Manually-specified variables were not used by the project:

    CMAKE_CXX_FLAGS_RELEASE
    CMAKE_C_FLAGS_RELEASE
    CMAKE_Fortran_FLAGS_RELEASE
    CMAKE_INSTALL_DO_STRIP
    SHARE_INSTALL_PREFIX
    SYSCONF_INSTALL_DIR


-- Build files have been written to: /builddir/build/BUILD/libproxy-0.4.17/redhat-linux-build
+ /usr/bin/cmake --build redhat-linux-build -j4 --verbose
/usr/bin/cmake -S/builddir/build/BUILD/libproxy-0.4.17 -B/builddir/build/BUILD/libproxy-0.4.17/redhat-linux-build --check-build-system CMakeFiles/Makefile.cmake 0
/usr/bin/cmake -E cmake_progress_start /builddir/build/BUILD/libproxy-0.4.17/redhat-linux-build/CMakeFiles /builddir/build/BUILD/libproxy-0.4.17/redhat-linux-build//CMakeFiles/progress.marks
/usr/bin/make.orig  -f CMakeFiles/Makefile2 all
make.orig[1]: Entering directory '/builddir/build/BUILD/libproxy-0.4.17/redhat-linux-build'
/usr/bin/make.orig  -f libmodman/CMakeFiles/modman.dir/build.make libmodman/CMakeFiles/modman.dir/depend
/usr/bin/make.orig  -f libproxy/CMakeFiles/pxgsettings.dir/build.make libproxy/CMakeFiles/pxgsettings.dir/depend
/usr/bin/make.orig  -f libproxy/test/CMakeFiles/url-test.dir/build.make libproxy/test/CMakeFiles/url-test.dir/depend
/usr/bin/make.orig  -f libproxy/test/CMakeFiles/url-encode.dir/build.make libproxy/test/CMakeFiles/url-encode.dir/depend
make.orig[2]: Entering directory '/builddir/build/BUILD/libproxy-0.4.17/redhat-linux-build'
cd /builddir/build/BUILD/libproxy-0.4.17/redhat-linux-build && /usr/bin/cmake -E cmake_depends "Unix Makefiles" /builddir/build/BUILD/libproxy-0.4.17 /builddir/build/BUILD/libproxy-0.4.17/libmodman /builddir/build/BUILD/libproxy-0.4.17/redhat-linux-build /builddir/build/BUILD/libproxy-0.4.17/redhat-linux-build/libmodman /builddir/build/BUILD/libproxy-0.4.17/redhat-linux-build/libmodman/CMakeFiles/modman.dir/DependInfo.cmake --color=
make.orig[2]: Entering directory '/builddir/build/BUILD/libproxy-0.4.17/redhat-linux-build'
cd /builddir/build/BUILD/libproxy-0.4.17/redhat-linux-build && /usr/bin/cmake -E cmake_depends "Unix Makefiles" /builddir/build/BUILD/libproxy-0.4.17 /builddir/build/BUILD/libproxy-0.4.17/libproxy /builddir/build/BUILD/libproxy-0.4.17/redhat-linux-build /builddir/build/BUILD/libproxy-0.4.17/redhat-linux-build/libproxy /builddir/build/BUILD/libproxy-0.4.17/redhat-linux-build/libproxy/CMakeFiles/pxgsettings.dir/DependInfo.cmake --color=
make.orig[2]: Entering directory '/builddir/build/BUILD/libproxy-0.4.17/redhat-linux-build'
cd /builddir/build/BUILD/libproxy-0.4.17/redhat-linux-build && /usr/bin/cmake -E cmake_depends "Unix Makefiles" /builddir/build/BUILD/libproxy-0.4.17 /builddir/build/BUILD/libproxy-0.4.17/libproxy/test /builddir/build/BUILD/libproxy-0.4.17/redhat-linux-build /builddir/build/BUILD/libproxy-0.4.17/redhat-linux-build/libproxy/test /builddir/build/BUILD/libproxy-0.4.17/redhat-linux-build/libproxy/test/CMakeFiles/url-test.dir/DependInfo.cmake --color=
make.orig[2]: Entering directory '/builddir/build/BUILD/libproxy-0.4.17/redhat-linux-build'
cd /builddir/build/BUILD/libproxy-0.4.17/redhat-linux-build && /usr/bin/cmake -E cmake_depends "Unix Makefiles" /builddir/build/BUILD/libproxy-0.4.17 /builddir/build/BUILD/libproxy-0.4.17/libproxy/test /builddir/build/BUILD/libproxy-0.4.17/redhat-linux-build /builddir/build/BUILD/libproxy-0.4.17/redhat-linux-build/libproxy/test /builddir/build/BUILD/libproxy-0.4.17/redhat-linux-build/libproxy/test/CMakeFiles/url-encode.dir/DependInfo.cmake --color=
make.orig[2]: Leaving directory '/builddir/build/BUILD/libproxy-0.4.17/redhat-linux-build'
make.orig[2]: Leaving directory '/builddir/build/BUILD/libproxy-0.4.17/redhat-linux-build'
/usr/bin/make.orig  -f libmodman/CMakeFiles/modman.dir/build.make libmodman/CMakeFiles/modman.dir/build
/usr/bin/make.orig  -f libproxy/CMakeFiles/pxgsettings.dir/build.make libproxy/CMakeFiles/pxgsettings.dir/build
make.orig[2]: Leaving directory '/builddir/build/BUILD/libproxy-0.4.17/redhat-linux-build'
/usr/bin/make.orig  -f libproxy/test/CMakeFiles/url-test.dir/build.make libproxy/test/CMakeFiles/url-test.dir/build
make.orig[2]: Entering directory '/builddir/build/BUILD/libproxy-0.4.17/redhat-linux-build'
make.orig[2]: Entering directory '/builddir/build/BUILD/libproxy-0.4.17/redhat-linux-build'
make.orig[2]: Entering directory '/builddir/build/BUILD/libproxy-0.4.17/redhat-linux-build'
make.orig[2]: Leaving directory '/builddir/build/BUILD/libproxy-0.4.17/redhat-linux-build'
/usr/bin/make.orig  -f libproxy/test/CMakeFiles/url-encode.dir/build.make libproxy/test/CMakeFiles/url-encode.dir/build
make.orig[2]: Entering directory '/builddir/build/BUILD/libproxy-0.4.17/redhat-linux-build'
[  1%] Building CXX object libmodman/CMakeFiles/modman.dir/module_manager.cpp.o
[  2%] Building CXX object libproxy/test/CMakeFiles/url-test.dir/url-test.cpp.o
[  4%] Building CXX object libproxy/CMakeFiles/pxgsettings.dir/modules/pxgsettings.cpp.o
cd /builddir/build/BUILD/libproxy-0.4.17/redhat-linux-build/libmodman && /usr/lib64/cswrap/goto-gcc  -I/builddir/build/BUILD/libproxy-0.4.17 -fvisibility=hidden -fPIC -std=c++14 -O0 -O2 -g -DNDEBUG -MD -MT libmodman/CMakeFiles/modman.dir/module_manager.cpp.o -MF CMakeFiles/modman.dir/module_manager.cpp.o.d -o CMakeFiles/modman.dir/module_manager.cpp.o -c /builddir/build/BUILD/libproxy-0.4.17/libmodman/module_manager.cpp
cd /builddir/build/BUILD/libproxy-0.4.17/redhat-linux-build/libproxy/test && /usr/lib64/cswrap/goto-gcc -D_POSIX_C_SOURCE=200112L -I/builddir/build/BUILD/libproxy-0.4.17 -I/usr/include/dbus-1.0 -I/usr/lib64/dbus-1.0/include -I/usr/include/glib-2.0 -I/usr/lib64/glib-2.0/include -I/usr/include/sysprof-4 -I/usr/include/libmount -I/usr/include/blkid -I/usr/include/libnm -I/usr/include/webkitgtk-4.0 -I/builddir/build/BUILD/libproxy-0.4.17/libproxy -fvisibility=hidden -std=c++14 -O0 -O2 -g -DNDEBUG -MD -MT libproxy/test/CMakeFiles/url-test.dir/url-test.cpp.o -MF CMakeFiles/url-test.dir/url-test.cpp.o.d -o CMakeFiles/url-test.dir/url-test.cpp.o -c /builddir/build/BUILD/libproxy-0.4.17/libproxy/test/url-test.cpp
cd /builddir/build/BUILD/libproxy-0.4.17/redhat-linux-build/libproxy && /usr/lib64/cswrap/goto-gcc -D_POSIX_C_SOURCE=200112L -I/builddir/build/BUILD/libproxy-0.4.17 -I/usr/include/dbus-1.0 -I/usr/lib64/dbus-1.0/include -I/usr/include/glib-2.0 -I/usr/lib64/glib-2.0/include -I/usr/include/sysprof-4 -I/usr/include/libmount -I/usr/include/blkid -I/usr/include/libnm -I/usr/include/webkitgtk-4.0 -fvisibility=hidden -std=c++14 -O0 -O2 -g -DNDEBUG -MD -MT libproxy/CMakeFiles/pxgsettings.dir/modules/pxgsettings.cpp.o -MF CMakeFiles/pxgsettings.dir/modules/pxgsettings.cpp.o.d -o CMakeFiles/pxgsettings.dir/modules/pxgsettings.cpp.o -c /builddir/build/BUILD/libproxy-0.4.17/libproxy/modules/pxgsettings.cpp
[  5%] Building CXX object libproxy/test/CMakeFiles/url-encode.dir/url-encode.cpp.o
cd /builddir/build/BUILD/libproxy-0.4.17/redhat-linux-build/libproxy/test && /usr/lib64/cswrap/goto-gcc -D_POSIX_C_SOURCE=200112L -I/builddir/build/BUILD/libproxy-0.4.17 -I/usr/include/dbus-1.0 -I/usr/lib64/dbus-1.0/include -I/usr/include/glib-2.0 -I/usr/lib64/glib-2.0/include -I/usr/include/sysprof-4 -I/usr/include/libmount -I/usr/include/blkid -I/usr/include/libnm -I/usr/include/webkitgtk-4.0 -I/builddir/build/BUILD/libproxy-0.4.17/libproxy -fvisibility=hidden -std=c++14 -O0 -O2 -g -DNDEBUG -MD -MT libproxy/test/CMakeFiles/url-encode.dir/url-encode.cpp.o -MF CMakeFiles/url-encode.dir/url-encode.cpp.o.d -o CMakeFiles/url-encode.dir/url-encode.cpp.o -c /builddir/build/BUILD/libproxy-0.4.17/libproxy/test/url-encode.cpp
/usr/include/c++/11/type_traits:70:1: error: parse error before 'constexpr operator value_type (' <--[goto-gcc]
       constexpr operator value_type() const noexcept { return value; }
/usr/include/c++/11/type_traits:75:1: error: parse error before '( ) ( )' <--[goto-gcc]
       constexpr value_type operator()() const noexcept { return value; }
/usr/include/c++/11/type_traits:77:1: error: parse error before '} ; template <' <--[goto-gcc]
     };
/usr/include/c++/11/type_traits:70:1: error: parse error before 'constexpr operator value_type (' <--[goto-gcc]
/usr/include/c++/11/type_traits:70:1: error: parse error before 'constexpr operator value_type (' <--[goto-gcc]
/usr/include/c++/11/type_traits:2068:1: error: parse error before 'struct __attribute__ ( (' <--[goto-gcc]
 	struct __attribute__((__aligned__)) { } __align;
/usr/include/c++/11/type_traits:2070:1: error: parse error before '} ; template <' <--[goto-gcc]
     };
/usr/include/c++/11/type_traits:2089:1: error: parse error before 'struct __attribute__ ( (' <--[goto-gcc]
 	struct __attribute__((__aligned__((_Align)))) { } __align;
/usr/include/c++/11/type_traits:2091:1: error: parse error before '} ; template <' <--[goto-gcc]
     };
/usr/include/c++/11/type_traits:2283:1: error: parse error before '> struct __common_type_impl {' <--[goto-gcc]
 	   typename _Dp1 = __decay_t<_Tp1>, typename _Dp2 = __decay_t<_Tp2>>
/usr/include/c++/11/type_traits:2289:1: error: parse error before '} ; template <' <--[goto-gcc]
     };
/usr/include/c++/11/type_traits:2501:1: error: parse error before '> struct __inv_unwrap {' <--[goto-gcc]
   template<typename _Tp, typename _Up = __remove_cvref_t<_Tp>>
PARSING ERROR
       constexpr operator value_type() const noexcept { return value; }
/usr/include/c++/11/type_traits:75:1: error: parse error before '( ) ( )' <--[goto-gcc]
       constexpr value_type operator()() const noexcept { return value; }
/usr/include/c++/11/type_traits:77:1: error: parse error before '} ; template <' <--[goto-gcc]
     };
/usr/include/c++/11/type_traits:2068:1: error: parse error before 'struct __attribute__ ( (' <--[goto-gcc]
 	struct __attribute__((__aligned__)) { } __align;
/usr/include/c++/11/type_traits:2070:1: error: parse error before '} ; template <' <--[goto-gcc]
     };
/usr/include/c++/11/type_traits:2089:1: error: parse error before 'struct __attribute__ ( (' <--[goto-gcc]
 	struct __attribute__((__aligned__((_Align)))) { } __align;
/usr/include/c++/11/type_traits:2091:1: error: parse error before '} ; template <' <--[goto-gcc]
     };
/usr/include/c++/11/type_traits:2283:1: error: parse error before '> struct __common_type_impl {' <--[goto-gcc]
 	   typename _Dp1 = __decay_t<_Tp1>, typename _Dp2 = __decay_t<_Tp2>>
/usr/include/c++/11/type_traits:2289:1: error: parse error before '} ; template <' <--[goto-gcc]
     };
/usr/include/c++/11/type_traits:2501:1: error: parse error before '> struct __inv_unwrap {' <--[goto-gcc]
   template<typename _Tp, typename _Up = __remove_cvref_t<_Tp>>
PARSING ERROR
make.orig[2]: *** [libmodman/CMakeFiles/modman.dir/build.make:79: libmodman/CMakeFiles/modman.dir/module_manager.cpp.o] Error 1
make.orig[2]: Target 'libmodman/CMakeFiles/modman.dir/build' not remade because of errors.
make.orig[2]: Leaving directory '/builddir/build/BUILD/libproxy-0.4.17/redhat-linux-build'
make.orig[1]: *** [CMakeFiles/Makefile2:1004: libmodman/CMakeFiles/modman.dir/all] Error 2
/usr/bin/make.orig  -f libproxy/test/CMakeFiles/get-pac-test.dir/build.make libproxy/test/CMakeFiles/get-pac-test.dir/depend
make.orig[2]: Entering directory '/builddir/build/BUILD/libproxy-0.4.17/redhat-linux-build'
cd /builddir/build/BUILD/libproxy-0.4.17/redhat-linux-build && /usr/bin/cmake -E cmake_depends "Unix Makefiles" /builddir/build/BUILD/libproxy-0.4.17 /builddir/build/BUILD/libproxy-0.4.17/libproxy/test /builddir/build/BUILD/libproxy-0.4.17/redhat-linux-build /builddir/build/BUILD/libproxy-0.4.17/redhat-linux-build/libproxy/test /builddir/build/BUILD/libproxy-0.4.17/redhat-linux-build/libproxy/test/CMakeFiles/get-pac-test.dir/DependInfo.cmake --color=
       constexpr operator value_type() const noexcept { return value; }
/usr/include/c++/11/type_traits:75:1: error: parse error before '( ) ( )' <--[goto-gcc]
       constexpr value_type operator()() const noexcept { return value; }
/usr/include/c++/11/type_traits:77:1: error: parse error before '} ; template <' <--[goto-gcc]
     };
/usr/include/c++/11/type_traits:2068:1: error: parse error before 'struct __attribute__ ( (' <--[goto-gcc]
 	struct __attribute__((__aligned__)) { } __align;
/usr/include/c++/11/type_traits:2070:1: error: parse error before '} ; template <' <--[goto-gcc]
     };
/usr/include/c++/11/type_traits:2089:1: error: parse error before 'struct __attribute__ ( (' <--[goto-gcc]
 	struct __attribute__((__aligned__((_Align)))) { } __align;
/usr/include/c++/11/type_traits:2091:1: error: parse error before '} ; template <' <--[goto-gcc]
     };
/usr/include/c++/11/type_traits:2283:1: error: parse error before '> struct __common_type_impl {' <--[goto-gcc]
 	   typename _Dp1 = __decay_t<_Tp1>, typename _Dp2 = __decay_t<_Tp2>>
/usr/include/c++/11/type_traits:2289:1: error: parse error before '} ; template <' <--[goto-gcc]
     };
/usr/include/c++/11/type_traits:2501:1: error: parse error before '> struct __inv_unwrap {' <--[goto-gcc]
   template<typename _Tp, typename _Up = __remove_cvref_t<_Tp>>
PARSING ERROR
make.orig[2]: *** [libproxy/test/CMakeFiles/url-test.dir/build.make:79: libproxy/test/CMakeFiles/url-test.dir/url-test.cpp.o] Error 1
make.orig[2]: *** [libproxy/test/CMakeFiles/url-encode.dir/build.make:79: libproxy/test/CMakeFiles/url-encode.dir/url-encode.cpp.o] Error 1
[  7%] Building CXX object libproxy/test/CMakeFiles/url-test.dir/__/url.cpp.o
cd /builddir/build/BUILD/libproxy-0.4.17/redhat-linux-build/libproxy/test && /usr/lib64/cswrap/goto-gcc -D_POSIX_C_SOURCE=200112L -I/builddir/build/BUILD/libproxy-0.4.17 -I/usr/include/dbus-1.0 -I/usr/lib64/dbus-1.0/include -I/usr/include/glib-2.0 -I/usr/lib64/glib-2.0/include -I/usr/include/sysprof-4 -I/usr/include/libmount -I/usr/include/blkid -I/usr/include/libnm -I/usr/include/webkitgtk-4.0 -I/builddir/build/BUILD/libproxy-0.4.17/libproxy -fvisibility=hidden -std=c++14 -O0 -O2 -g -DNDEBUG -MD -MT libproxy/test/CMakeFiles/url-test.dir/__/url.cpp.o -MF CMakeFiles/url-test.dir/__/url.cpp.o.d -o CMakeFiles/url-test.dir/__/url.cpp.o -c /builddir/build/BUILD/libproxy-0.4.17/libproxy/url.cpp
[  8%] Building CXX object libproxy/test/CMakeFiles/url-encode.dir/__/url.cpp.o
make.orig[2]: Leaving directory '/builddir/build/BUILD/libproxy-0.4.17/redhat-linux-build'
cd /builddir/build/BUILD/libproxy-0.4.17/redhat-linux-build/libproxy/test && /usr/lib64/cswrap/goto-gcc -D_POSIX_C_SOURCE=200112L -I/builddir/build/BUILD/libproxy-0.4.17 -I/usr/include/dbus-1.0 -I/usr/lib64/dbus-1.0/include -I/usr/include/glib-2.0 -I/usr/lib64/glib-2.0/include -I/usr/include/sysprof-4 -I/usr/include/libmount -I/usr/include/blkid -I/usr/include/libnm -I/usr/include/webkitgtk-4.0 -I/builddir/build/BUILD/libproxy-0.4.17/libproxy -fvisibility=hidden -std=c++14 -O0 -O2 -g -DNDEBUG -MD -MT libproxy/test/CMakeFiles/url-encode.dir/__/url.cpp.o -MF CMakeFiles/url-encode.dir/__/url.cpp.o.d -o CMakeFiles/url-encode.dir/__/url.cpp.o -c /builddir/build/BUILD/libproxy-0.4.17/libproxy/url.cpp
/usr/bin/make.orig  -f libproxy/test/CMakeFiles/get-pac-test.dir/build.make libproxy/test/CMakeFiles/get-pac-test.dir/build
make.orig[2]: Entering directory '/builddir/build/BUILD/libproxy-0.4.17/redhat-linux-build'
[ 10%] Building CXX object libproxy/test/CMakeFiles/get-pac-test.dir/get-pac-test.cpp.o
cd /builddir/build/BUILD/libproxy-0.4.17/redhat-linux-build/libproxy/test && /usr/lib64/cswrap/goto-gcc -D_POSIX_C_SOURCE=200112L -I/builddir/build/BUILD/libproxy-0.4.17 -I/usr/include/dbus-1.0 -I/usr/lib64/dbus-1.0/include -I/usr/include/glib-2.0 -I/usr/lib64/glib-2.0/include -I/usr/include/sysprof-4 -I/usr/include/libmount -I/usr/include/blkid -I/usr/include/libnm -I/usr/include/webkitgtk-4.0 -I/builddir/build/BUILD/libproxy-0.4.17/libproxy -fvisibility=hidden -std=c++14 -O0 -O2 -g -DNDEBUG -MD -MT libproxy/test/CMakeFiles/get-pac-test.dir/get-pac-test.cpp.o -MF CMakeFiles/get-pac-test.dir/get-pac-test.cpp.o.d -o CMakeFiles/get-pac-test.dir/get-pac-test.cpp.o -c /builddir/build/BUILD/libproxy-0.4.17/libproxy/test/get-pac-test.cpp
/usr/include/c++/11/type_traits:70:1: error: parse error before 'constexpr operator value_type (' <--[goto-gcc]
       constexpr operator value_type() const noexcept { return value; }
/usr/include/c++/11/type_traits:75:1: error: parse error before '( ) ( )' <--[goto-gcc]
       constexpr value_type operator()() const noexcept { return value; }
/usr/include/c++/11/type_traits:77:1: error: parse error before '} ; template <' <--[goto-gcc]
     };
/usr/include/c++/11/type_traits:2068:1: error: parse error before 'struct __attribute__ ( (' <--[goto-gcc]
 	struct __attribute__((__aligned__)) { } __align;
/usr/include/c++/11/type_traits:2070:1: error: parse error before '} ; template <' <--[goto-gcc]
     };
/usr/include/c++/11/type_traits:2089:1: error: parse error before 'struct __attribute__ ( (' <--[goto-gcc]
 	struct __attribute__((__aligned__((_Align)))) { } __align;
/usr/include/c++/11/type_traits:2091:1: error: parse error before '} ; template <' <--[goto-gcc]
     };
/usr/include/c++/11/type_traits:2283:1: error: parse error before '> struct __common_type_impl {' <--[goto-gcc]
 	   typename _Dp1 = __decay_t<_Tp1>, typename _Dp2 = __decay_t<_Tp2>>
/usr/include/c++/11/type_traits:2289:1: error: parse error before '} ; template <' <--[goto-gcc]
     };
/usr/include/c++/11/type_traits:2501:1: error: parse error before '> struct __inv_unwrap {' <--[goto-gcc]
   template<typename _Tp, typename _Up = __remove_cvref_t<_Tp>>
PARSING ERROR
make.orig[2]: *** [libproxy/CMakeFiles/pxgsettings.dir/build.make:79: libproxy/CMakeFiles/pxgsettings.dir/modules/pxgsettings.cpp.o] Error 1
make.orig[2]: Target 'libproxy/CMakeFiles/pxgsettings.dir/build' not remade because of errors.
make.orig[2]: Leaving directory '/builddir/build/BUILD/libproxy-0.4.17/redhat-linux-build'
make.orig[1]: *** [CMakeFiles/Makefile2:1420: libproxy/CMakeFiles/pxgsettings.dir/all] Error 2
[ 11%] Building CXX object libproxy/test/CMakeFiles/get-pac-test.dir/__/url.cpp.o
cd /builddir/build/BUILD/libproxy-0.4.17/redhat-linux-build/libproxy/test && /usr/lib64/cswrap/goto-gcc -D_POSIX_C_SOURCE=200112L -I/builddir/build/BUILD/libproxy-0.4.17 -I/usr/include/dbus-1.0 -I/usr/lib64/dbus-1.0/include -I/usr/include/glib-2.0 -I/usr/lib64/glib-2.0/include -I/usr/include/sysprof-4 -I/usr/include/libmount -I/usr/include/blkid -I/usr/include/libnm -I/usr/include/webkitgtk-4.0 -I/builddir/build/BUILD/libproxy-0.4.17/libproxy -fvisibility=hidden -std=c++14 -O0 -O2 -g -DNDEBUG -MD -MT libproxy/test/CMakeFiles/get-pac-test.dir/__/url.cpp.o -MF CMakeFiles/get-pac-test.dir/__/url.cpp.o.d -o CMakeFiles/get-pac-test.dir/__/url.cpp.o -c /builddir/build/BUILD/libproxy-0.4.17/libproxy/url.cpp
/usr/include/c++/11/type_traits/usr/include/c++/11/type_traits:70:1: error: parse error before 'constexpr operator value_type (':70:1: error: parse error before 'constexpr operator value_type (' <--[goto-gcc]
 <--[goto-gcc]
       constexpr operator value_type() const noexcept { return value; }
/usr/include/c++/11/type_traits:75:1: error: parse error before '( ) ( )' <--[goto-gcc]
       constexpr value_type operator()() const noexcept { return value; }
/usr/include/c++/11/type_traits:77:1: error: parse error before '} ; template <' <--[goto-gcc]
     };
/usr/include/c++/11/type_traits:70:1: error: parse error before 'constexpr operator value_type (' <--[goto-gcc]
/usr/include/c++/11/type_traits:2068:1: error: parse error before 'struct __attribute__ ( (' <--[goto-gcc]
 	struct __attribute__((__aligned__)) { } __align;
/usr/include/c++/11/type_traits:2070:1: error: parse error before '} ; template <' <--[goto-gcc]
     };
/usr/include/c++/11/type_traits:2089:1: error: parse error before 'struct __attribute__ ( (' <--[goto-gcc]
 	struct __attribute__((__aligned__((_Align)))) { } __align;
/usr/include/c++/11/type_traits:2091:1: error: parse error before '} ; template <' <--[goto-gcc]
     };
/usr/include/c++/11/type_traits:2283:1: error: parse error before '> struct __common_type_impl {' <--[goto-gcc]
 	   typename _Dp1 = __decay_t<_Tp1>, typename _Dp2 = __decay_t<_Tp2>>
/usr/include/c++/11/type_traits:2289:1: error: parse error before '} ; template <' <--[goto-gcc]
     };
/usr/include/c++/11/type_traits:2501:1: error: parse error before '> struct __inv_unwrap {' <--[goto-gcc]
   template<typename _Tp, typename _Up = __remove_cvref_t<_Tp>>
PARSING ERROR
       constexpr operator value_type() const noexcept { return value; }
/usr/include/c++/11/type_traits:75:1: error: parse error before '( ) ( )' <--[goto-gcc]
       constexpr value_type operator()() const noexcept { return value; }
/usr/include/c++/11/type_traits:77:1: error: parse error before '} ; template <' <--[goto-gcc]
     };
make.orig[2]: Leaving directory '/builddir/build/BUILD/libproxy-0.4.17/redhat-linux-build'
/usr/include/c++/11/type_traits:2068:1: error: parse error before 'struct __attribute__ ( (' <--[goto-gcc]
 	struct __attribute__((__aligned__)) { } __align;
/usr/include/c++/11/type_traits:2070:1: error: parse error before '} ; template <' <--[goto-gcc]
     };
make.orig[2]: *** [libproxy/test/CMakeFiles/url-test.dir/build.make:93: libproxy/test/CMakeFiles/url-test.dir/__/url.cpp.o] Error 1
/usr/include/c++/11/type_traits:2089:1: error: parse error before 'struct __attribute__ ( (' <--[goto-gcc]
 	struct __attribute__((__aligned__((_Align)))) { } __align;
make.orig[2]: Target 'libproxy/test/CMakeFiles/url-test.dir/build' not remade because of errors.
/usr/include/c++/11/type_traits:2091:1: error: parse error before '} ; template <' <--[goto-gcc]
     };
/usr/include/c++/11/type_traits:2283:1: error: parse error before '> struct __common_type_impl {' <--[goto-gcc]
 	   typename _Dp1 = __decay_t<_Tp1>, typename _Dp2 = __decay_t<_Tp2>>
/usr/include/c++/11/type_traits:2289:1: error: parse error before '} ; template <' <--[goto-gcc]
     };
/usr/include/c++/11/type_traits:2501:1: error: parse error before '> struct __inv_unwrap {' <--[goto-gcc]
   template<typename _Tp, typename _Up = __remove_cvref_t<_Tp>>
PARSING ERROR
make.orig[1]: *** [CMakeFiles/Makefile2:1602: libproxy/test/CMakeFiles/url-test.dir/all] Error 2
make.orig[2]: *** [libproxy/test/CMakeFiles/get-pac-test.dir/build.make:79: libproxy/test/CMakeFiles/get-pac-test.dir/get-pac-test.cpp.o] Error 1
       constexpr operator value_type() const noexcept { return value; }
/usr/include/c++/11/type_traits:75:1: error: parse error before '( ) ( )' <--[goto-gcc]
       constexpr value_type operator()() const noexcept { return value; }
make.orig[2]: Leaving directory '/builddir/build/BUILD/libproxy-0.4.17/redhat-linux-build'
/usr/include/c++/11/type_traits:77:1: error: parse error before '} ; template <' <--[goto-gcc]
     };
/usr/include/c++/11/type_traits:2068:1: error: parse error before 'struct __attribute__ ( (' <--[goto-gcc]
 	struct __attribute__((__aligned__)) { } __align;
/usr/include/c++/11/type_traits:2070:1: error: parse error before '} ; template <' <--[goto-gcc]
     };
/usr/include/c++/11/type_traits:2089:1: error: parse error before 'struct __attribute__ ( (' <--[goto-gcc]
 	struct __attribute__((__aligned__((_Align)))) { } __align;
/usr/include/c++/11/type_traits:2091:1: error: parse error before '} ; template <' <--[goto-gcc]
     };
/usr/include/c++/11/type_traits:2283:1: error: parse error before '> struct __common_type_impl {' <--[goto-gcc]
 	   typename _Dp1 = __decay_t<_Tp1>, typename _Dp2 = __decay_t<_Tp2>>
/usr/include/c++/11/type_traits:2289:1: error: parse error before '} ; template <' <--[goto-gcc]
     };
/usr/include/c++/11/type_traits:2501:1: error: parse error before '> struct __inv_unwrap {' <--[goto-gcc]
   template<typename _Tp, typename _Up = __remove_cvref_t<_Tp>>
PARSING ERROR
make.orig[2]: *** [libproxy/test/CMakeFiles/url-encode.dir/build.make:93: libproxy/test/CMakeFiles/url-encode.dir/__/url.cpp.o] Error 1
make.orig[2]: Target 'libproxy/test/CMakeFiles/url-encode.dir/build' not remade because of errors.
make.orig[1]: *** [CMakeFiles/Makefile2:1628: libproxy/test/CMakeFiles/url-encode.dir/all] Error 2
/usr/include/c++/11/type_traits:70:1: error: parse error before 'constexpr operator value_type (' <--[goto-gcc]
       constexpr operator value_type() const noexcept { return value; }
/usr/include/c++/11/type_traits:75:1: error: parse error before '( ) ( )' <--[goto-gcc]
       constexpr value_type operator()() const noexcept { return value; }
/usr/include/c++/11/type_traits:77:1: error: parse error before '} ; template <' <--[goto-gcc]
     };
/usr/include/c++/11/type_traits:2068:1: error: parse error before 'struct __attribute__ ( (' <--[goto-gcc]
 	struct __attribute__((__aligned__)) { } __align;
/usr/include/c++/11/type_traits:2070:1: error: parse error before '} ; template <' <--[goto-gcc]
     };
/usr/include/c++/11/type_traits:2089:1: error: parse error before 'struct __attribute__ ( (' <--[goto-gcc]
 	struct __attribute__((__aligned__((_Align)))) { } __align;
/usr/include/c++/11/type_traits:2091:1: error: parse error before '} ; template <' <--[goto-gcc]
     };
/usr/include/c++/11/type_traits:2283:1: error: parse error before '> struct __common_type_impl {' <--[goto-gcc]
 	   typename _Dp1 = __decay_t<_Tp1>, typename _Dp2 = __decay_t<_Tp2>>
/usr/include/c++/11/type_traits:2289:1: error: parse error before '} ; template <' <--[goto-gcc]
     };
/usr/include/c++/11/type_traits:2501:1: error: parse error before '> struct __inv_unwrap {' <--[goto-gcc]
   template<typename _Tp, typename _Up = __remove_cvref_t<_Tp>>
PARSING ERROR
make.orig[2]: *** [libproxy/test/CMakeFiles/get-pac-test.dir/build.make:93: libproxy/test/CMakeFiles/get-pac-test.dir/__/url.cpp.o] Error 1
make.orig[2]: Target 'libproxy/test/CMakeFiles/get-pac-test.dir/build' not remade because of errors.
make.orig[2]: Leaving directory '/builddir/build/BUILD/libproxy-0.4.17/redhat-linux-build'
make.orig[1]: Leaving directory '/builddir/build/BUILD/libproxy-0.4.17/redhat-linux-build'
make.orig[1]: *** [CMakeFiles/Makefile2:1654: libproxy/test/CMakeFiles/get-pac-test.dir/all] Error 2
make.orig[1]: Target 'all' not remade because of errors.
make.orig: *** [Makefile:169: all] Error 2
make.orig: Target 'default_target' not remade because of errors.
error: Bad exit status from /var/tmp/rpm-tmp.SbaUit (%build)
    Bad exit status from /var/tmp/rpm-tmp.SbaUit (%build)

RPM build errors:
Finish: chroot ['/bin/su mockbuild -l -c "PATH=/usr/lib64/cswrap:\\$PATH CSWRAP_CAP_FILE=\\$\'/builddir/cswrap-capture.err\' CSWRAP_TIMEOUT=\\$\'30\' CSWRAP_TIMEOUT_FOR=\\$\':\' CC=\\$\'goto-gcc\' CXX=\\$\'goto-gcc\' CSEXEC_WRAP_CMD=\\$\'--skip-ld-linux\\\\a/usr/bin/csexec-cbmc\\\\a-t\\\\a8\\\\a-l\\\\a/builddir/cbmc-capture\\\\a-c\\\\a--unwind 1 --json-ui --verbosity 4 --pointer-overflow-check --memory-leak-check \' CSWRAP_ADD_CFLAGS=\\$\'-Wno-unknown-pragmas:-Wno-unknown-warning-option:-O0:-g:-Wl,--dynamic-linker,/usr/bin/csexec-loader:-Wno-unknown-pragmas:-Wl,--dynamic-linker,/usr/bin/csexec-loader\' CSWRAP_DEL_CFLAGS=\\$\'-Werror*:-fdiagnostics-color*:-no-canonical-prefixes:-Wno-error=deprecated-register:-O1:-O2:-O3:-Os:-Ofast:-Og:-Werror*:-fdiagnostics-color*:-no-canonical-prefixes:-Wno-error=deprecated-register\' CSWRAP_ADD_CXXFLAGS=\\$\'-Wno-unknown-warning-option:-O0:-g:-Wl,--dynamic-linker,/usr/bin/csexec-loader:-Wl,--dynamic-linker,/usr/bin/csexec-loader\' CSWRAP_DEL_CXXFLAGS=\\$\'-Werror*:-fdiagnostics-color*:-no-canonical-prefixes:-Wno-error=deprecated-register:-O1:-O2:-O3:-Os:-Ofast:-Og:-Werror*:-fdiagnostics-color*:-no-canonical-prefixes:-Wno-error=deprecated-register\' sh -c \\"rpmbuild -bc --nodeps --short-circuit /builddir/build/SPECS/libproxy.spec \'--define\' \'_unpackaged_files_terminate_build 0\' \'--define\' \'apidocs 0\' \'--define\' \'with_publican 0\' \'--without\' \'docs\' \'--without\' \'langpacks\' \'--define\' \'__cc goto-gcc\' \'--define\' \'__cxx goto-gcc\' \'--define\' \'__cpp goto-gcc -E\' \'--define\' \'optflags -O0\' \'--define\' \'build_ldflags -O0\'\\""']

!!! 2023-01-26 11:15:41	error: %build failed

>>> 2023-01-26 11:15:41	"/usr/bin/mock" "-r" "fedora-35-x86_64" "--plugin-option=tmpfs:keep_mounted=True" "--config-opts=print_main_output=True" "--chroot" "/bin/su mockbuild -l -c \"PATH=/usr/lib64/cswrap:\\\$PATH CSWRAP_CAP_FILE=\\\$'/builddir/cswrap-capture.err' CSWRAP_TIMEOUT=\\\$'30' CSWRAP_TIMEOUT_FOR=\\\$':' CC=\\\$'goto-gcc' CXX=\\\$'goto-gcc' CSEXEC_WRAP_CMD=\\\$'--skip-ld-linux\\\\a/usr/bin/csexec-cbmc\\\\a-t\\\\a8\\\\a-l\\\\a/builddir/cbmc-capture\\\\a-c\\\\a--unwind 1 --json-ui --verbosity 4 --pointer-overflow-check --memory-leak-check ' CSWRAP_ADD_CFLAGS=\\\$'-Wno-unknown-pragmas:-Wno-unknown-warning-option:-O0:-g:-Wl,--dynamic-linker,/usr/bin/csexec-loader:-Wno-unknown-pragmas:-Wl,--dynamic-linker,/usr/bin/csexec-loader' CSWRAP_DEL_CFLAGS=\\\$'-Werror*:-fdiagnostics-color*:-no-canonical-prefixes:-Wno-error=deprecated-register:-O1:-O2:-O3:-Os:-Ofast:-Og:-Werror*:-fdiagnostics-color*:-no-canonical-prefixes:-Wno-error=deprecated-register' CSWRAP_ADD_CXXFLAGS=\\\$'-Wno-unknown-warning-option:-O0:-g:-Wl,--dynamic-linker,/usr/bin/csexec-loader:-Wl,--dynamic-linker,/usr/bin/csexec-loader' CSWRAP_DEL_CXXFLAGS=\\\$'-Werror*:-fdiagnostics-color*:-no-canonical-prefixes:-Wno-error=deprecated-register:-O1:-O2:-O3:-Os:-Ofast:-Og:-Werror*:-fdiagnostics-color*:-no-canonical-prefixes:-Wno-error=deprecated-register' sh -c \\\"rpmbuild -bi --nodeps --short-circuit /builddir/build/SPECS/libproxy.spec '--define' '_unpackaged_files_terminate_build 0' '--define' 'apidocs 0' '--define' 'with_publican 0' '--without' 'docs' '--without' 'langpacks' '--define' '__cc goto-gcc' '--define' '__cxx goto-gcc' '--define' '__cpp goto-gcc -E' '--define' 'optflags -O0' '--define' 'build_ldflags -O0'\\\"\""
INFO: mock.py version 3.5 starting (python version = 3.10.9, NVR = mock-3.5-1.fc36)...
Start(bootstrap): init plugins
INFO: selinux enabled
Finish(bootstrap): init plugins
Start: init plugins
INFO: selinux enabled
Finish: init plugins
INFO: Signal handler active
Start: run
Start(bootstrap): chroot init
INFO: calling preinit hooks
INFO: enabled root cache
INFO: enabled package manager cache
Start(bootstrap): cleaning package manager metadata
Finish(bootstrap): cleaning package manager metadata
INFO: enabled HW Info plugin
Mock Version: 3.5
INFO: Mock Version: 3.5
Finish(bootstrap): chroot init
Start: chroot init
INFO: calling preinit hooks
INFO: enabled root cache
INFO: enabled package manager cache
Start: cleaning package manager metadata
Finish: cleaning package manager metadata
INFO: enabled HW Info plugin
Mock Version: 3.5
INFO: Mock Version: 3.5
Finish: chroot init
INFO: Running in chroot: ['/bin/su mockbuild -l -c "PATH=/usr/lib64/cswrap:\\$PATH CSWRAP_CAP_FILE=\\$\'/builddir/cswrap-capture.err\' CSWRAP_TIMEOUT=\\$\'30\' CSWRAP_TIMEOUT_FOR=\\$\':\' CC=\\$\'goto-gcc\' CXX=\\$\'goto-gcc\' CSEXEC_WRAP_CMD=\\$\'--skip-ld-linux\\\\a/usr/bin/csexec-cbmc\\\\a-t\\\\a8\\\\a-l\\\\a/builddir/cbmc-capture\\\\a-c\\\\a--unwind 1 --json-ui --verbosity 4 --pointer-overflow-check --memory-leak-check \' CSWRAP_ADD_CFLAGS=\\$\'-Wno-unknown-pragmas:-Wno-unknown-warning-option:-O0:-g:-Wl,--dynamic-linker,/usr/bin/csexec-loader:-Wno-unknown-pragmas:-Wl,--dynamic-linker,/usr/bin/csexec-loader\' CSWRAP_DEL_CFLAGS=\\$\'-Werror*:-fdiagnostics-color*:-no-canonical-prefixes:-Wno-error=deprecated-register:-O1:-O2:-O3:-Os:-Ofast:-Og:-Werror*:-fdiagnostics-color*:-no-canonical-prefixes:-Wno-error=deprecated-register\' CSWRAP_ADD_CXXFLAGS=\\$\'-Wno-unknown-warning-option:-O0:-g:-Wl,--dynamic-linker,/usr/bin/csexec-loader:-Wl,--dynamic-linker,/usr/bin/csexec-loader\' CSWRAP_DEL_CXXFLAGS=\\$\'-Werror*:-fdiagnostics-color*:-no-canonical-prefixes:-Wno-error=deprecated-register:-O1:-O2:-O3:-Os:-Ofast:-Og:-Werror*:-fdiagnostics-color*:-no-canonical-prefixes:-Wno-error=deprecated-register\' sh -c \\"rpmbuild -bi --nodeps --short-circuit /builddir/build/SPECS/libproxy.spec \'--define\' \'_unpackaged_files_terminate_build 0\' \'--define\' \'apidocs 0\' \'--define\' \'with_publican 0\' \'--without\' \'docs\' \'--without\' \'langpacks\' \'--define\' \'__cc goto-gcc\' \'--define\' \'__cxx goto-gcc\' \'--define\' \'__cpp goto-gcc -E\' \'--define\' \'optflags -O0\' \'--define\' \'build_ldflags -O0\'\\""']
Start: chroot ['/bin/su mockbuild -l -c "PATH=/usr/lib64/cswrap:\\$PATH CSWRAP_CAP_FILE=\\$\'/builddir/cswrap-capture.err\' CSWRAP_TIMEOUT=\\$\'30\' CSWRAP_TIMEOUT_FOR=\\$\':\' CC=\\$\'goto-gcc\' CXX=\\$\'goto-gcc\' CSEXEC_WRAP_CMD=\\$\'--skip-ld-linux\\\\a/usr/bin/csexec-cbmc\\\\a-t\\\\a8\\\\a-l\\\\a/builddir/cbmc-capture\\\\a-c\\\\a--unwind 1 --json-ui --verbosity 4 --pointer-overflow-check --memory-leak-check \' CSWRAP_ADD_CFLAGS=\\$\'-Wno-unknown-pragmas:-Wno-unknown-warning-option:-O0:-g:-Wl,--dynamic-linker,/usr/bin/csexec-loader:-Wno-unknown-pragmas:-Wl,--dynamic-linker,/usr/bin/csexec-loader\' CSWRAP_DEL_CFLAGS=\\$\'-Werror*:-fdiagnostics-color*:-no-canonical-prefixes:-Wno-error=deprecated-register:-O1:-O2:-O3:-Os:-Ofast:-Og:-Werror*:-fdiagnostics-color*:-no-canonical-prefixes:-Wno-error=deprecated-register\' CSWRAP_ADD_CXXFLAGS=\\$\'-Wno-unknown-warning-option:-O0:-g:-Wl,--dynamic-linker,/usr/bin/csexec-loader:-Wl,--dynamic-linker,/usr/bin/csexec-loader\' CSWRAP_DEL_CXXFLAGS=\\$\'-Werror*:-fdiagnostics-color*:-no-canonical-prefixes:-Wno-error=deprecated-register:-O1:-O2:-O3:-Os:-Ofast:-Og:-Werror*:-fdiagnostics-color*:-no-canonical-prefixes:-Wno-error=deprecated-register\' sh -c \\"rpmbuild -bi --nodeps --short-circuit /builddir/build/SPECS/libproxy.spec \'--define\' \'_unpackaged_files_terminate_build 0\' \'--define\' \'apidocs 0\' \'--define\' \'with_publican 0\' \'--without\' \'docs\' \'--without\' \'langpacks\' \'--define\' \'__cc goto-gcc\' \'--define\' \'__cxx goto-gcc\' \'--define\' \'__cpp goto-gcc -E\' \'--define\' \'optflags -O0\' \'--define\' \'build_ldflags -O0\'\\""']
setting SOURCE_DATE_EPOCH=1626912000
Executing(%install): /bin/sh -e /var/tmp/rpm-tmp.GNyKbL
+ umask 022
+ cd /builddir/build/BUILD
+ '[' /builddir/build/BUILDROOT/libproxy-0.4.17-3.fc35.x86_64 '!=' / ']'
+ rm -rf /builddir/build/BUILDROOT/libproxy-0.4.17-3.fc35.x86_64
++ dirname /builddir/build/BUILDROOT/libproxy-0.4.17-3.fc35.x86_64
+ mkdir -p /builddir/build/BUILDROOT
+ mkdir /builddir/build/BUILDROOT/libproxy-0.4.17-3.fc35.x86_64
+ cd libproxy-0.4.17
+ DESTDIR=/builddir/build/BUILDROOT/libproxy-0.4.17-3.fc35.x86_64
+ /usr/bin/cmake --install redhat-linux-build
-- Install configuration: "RelWithDebInfo"
-- Installing: /builddir/build/BUILDROOT/libproxy-0.4.17-3.fc35.x86_64/usr/lib/python3.10/site-packages/libproxy.py
CMake Error at redhat-linux-build/libproxy/cmake_install.cmake:52 (file):
  file INSTALL cannot find
  "/builddir/build/BUILD/libproxy-0.4.17/redhat-linux-build/libproxy/pxgsettings":
  No such file or directory.
Call Stack (most recent call first):
  redhat-linux-build/cmake_install.cmake:49 (include)



RPM build errors:
error: Bad exit status from /var/tmp/rpm-tmp.GNyKbL (%install)
    Bad exit status from /var/tmp/rpm-tmp.GNyKbL (%install)
Finish: chroot ['/bin/su mockbuild -l -c "PATH=/usr/lib64/cswrap:\\$PATH CSWRAP_CAP_FILE=\\$\'/builddir/cswrap-capture.err\' CSWRAP_TIMEOUT=\\$\'30\' CSWRAP_TIMEOUT_FOR=\\$\':\' CC=\\$\'goto-gcc\' CXX=\\$\'goto-gcc\' CSEXEC_WRAP_CMD=\\$\'--skip-ld-linux\\\\a/usr/bin/csexec-cbmc\\\\a-t\\\\a8\\\\a-l\\\\a/builddir/cbmc-capture\\\\a-c\\\\a--unwind 1 --json-ui --verbosity 4 --pointer-overflow-check --memory-leak-check \' CSWRAP_ADD_CFLAGS=\\$\'-Wno-unknown-pragmas:-Wno-unknown-warning-option:-O0:-g:-Wl,--dynamic-linker,/usr/bin/csexec-loader:-Wno-unknown-pragmas:-Wl,--dynamic-linker,/usr/bin/csexec-loader\' CSWRAP_DEL_CFLAGS=\\$\'-Werror*:-fdiagnostics-color*:-no-canonical-prefixes:-Wno-error=deprecated-register:-O1:-O2:-O3:-Os:-Ofast:-Og:-Werror*:-fdiagnostics-color*:-no-canonical-prefixes:-Wno-error=deprecated-register\' CSWRAP_ADD_CXXFLAGS=\\$\'-Wno-unknown-warning-option:-O0:-g:-Wl,--dynamic-linker,/usr/bin/csexec-loader:-Wl,--dynamic-linker,/usr/bin/csexec-loader\' CSWRAP_DEL_CXXFLAGS=\\$\'-Werror*:-fdiagnostics-color*:-no-canonical-prefixes:-Wno-error=deprecated-register:-O1:-O2:-O3:-Os:-Ofast:-Og:-Werror*:-fdiagnostics-color*:-no-canonical-prefixes:-Wno-error=deprecated-register\' sh -c \\"rpmbuild -bi --nodeps --short-circuit /builddir/build/SPECS/libproxy.spec \'--define\' \'_unpackaged_files_terminate_build 0\' \'--define\' \'apidocs 0\' \'--define\' \'with_publican 0\' \'--without\' \'docs\' \'--without\' \'langpacks\' \'--define\' \'__cc goto-gcc\' \'--define\' \'__cxx goto-gcc\' \'--define\' \'__cpp goto-gcc -E\' \'--define\' \'optflags -O0\' \'--define\' \'build_ldflags -O0\'\\""']

!!! 2023-01-26 11:15:46	error: %install failed

>>> 2023-01-26 11:15:46	"'/usr/bin/mock' '-r' 'fedora-35-x86_64' '--plugin-option=tmpfs:keep_mounted=True' '--config-opts=print_main_output=True' '--quiet' '--shell' 'tar -c --remove-files '/builddir/cswrap-capture.err' '/builddir/cbmc-capture'' | tar -xC '/home/mockbuilder/aufover-benchmark/workdir-for-sync/rpm-pkgs/libproxy-0.4.17-3.fc35/cbmc/output/debug/raw-results'"
tar: Removing leading `/' from member names
tar: Removing leading `/' from hard link targets

>>> 2023-01-26 11:15:52	"chmod" "-R" "+r" "/home/mockbuilder/aufover-benchmark/workdir-for-sync/rpm-pkgs/libproxy-0.4.17-3.fc35/cbmc/output/debug/raw-results/builddir/cbmc-capture"

>>> 2023-01-26 11:15:52	"cd '/home/mockbuilder/aufover-benchmark/workdir-for-sync/rpm-pkgs/libproxy-0.4.17-3.fc35/cbmc/output/debug/raw-results/builddir/cbmc-capture' && touch empty.conv && csgrep --mode=json --remove-duplicates *.conv > '/home/mockbuilder/aufover-benchmark/workdir-for-sync/rpm-pkgs/libproxy-0.4.17-3.fc35/cbmc/output/debug/uni-results/cbmc-capture.js'"

scan.ini: time-finished = 2023-01-26 11:15:52
scan.ini: exit-code = 1
>>> 2023-01-26 11:15:52	"cslinker --quiet --cwelist '/usr/share/csmock/cwe-map.csv' --inifile '/home/mockbuilder/aufover-benchmark/workdir-for-sync/rpm-pkgs/libproxy-0.4.17-3.fc35/cbmc/output/scan.ini' '/home/mockbuilder/aufover-benchmark/workdir-for-sync/rpm-pkgs/libproxy-0.4.17-3.fc35/cbmc/output/debug/uni-results'/* > '/home/mockbuilder/aufover-benchmark/workdir-for-sync/rpm-pkgs/libproxy-0.4.17-3.fc35/cbmc/output/debug/scan-results-all.js'"

>>> 2023-01-26 11:15:52	"'/usr/bin/mock' '-r' 'fedora-35-x86_64' '--plugin-option=tmpfs:keep_mounted=True' '--config-opts=print_main_output=True' '--quiet' '--shell' 'csgrep --mode=json --embed-context 3' < '/home/mockbuilder/aufover-benchmark/workdir-for-sync/rpm-pkgs/libproxy-0.4.17-3.fc35/cbmc/output/debug/scan-results-all.js' > '/home/mockbuilder/aufover-benchmark/workdir-for-sync/rpm-pkgs/libproxy-0.4.17-3.fc35/cbmc/output/debug/scan-results-all.js.tmp'"

>>> 2023-01-26 11:15:57	"/usr/bin/mock" "-r" "fedora-35-x86_64" "--plugin-option=tmpfs:keep_mounted=True" "--config-opts=print_main_output=True" "--quiet" "--clean"

>>> 2023-01-26 11:16:11	"cat '/home/mockbuilder/aufover-benchmark/workdir-for-sync/rpm-pkgs/libproxy-0.4.17-3.fc35/cbmc/output/debug/scan-results-all.js' | sed 's|/builddir/build/BUILDROOT/[^/]*/|/builddir/build/BUILD//|' | csgrep --mode=json --path '^/builddir/build/BUILD/' --strip-path-prefix /builddir/build/BUILD/ | csgrep --mode=json --invert-match --path '^ksh-.*[0-9]+\\.c\$' | csgrep --mode=json --invert-match --path 'CMakeFiles/CMakeTmp|conftest.c' | cssort --key=path > '/home/mockbuilder/aufover-benchmark/workdir-for-sync/rpm-pkgs/libproxy-0.4.17-3.fc35/cbmc/output/scan-results.js'"

>>> 2023-01-26 11:16:11	"sed 's|/builddir/build/BUILDROOT/[^/]*/|/builddir/build/BUILD//|' '/home/mockbuilder/aufover-benchmark/workdir-for-sync/rpm-pkgs/libproxy-0.4.17-3.fc35/cbmc/output/debug/scan-results-all.js' | csgrep --mode=json --strip-path-prefix /builddir/build/BUILD/ | csdiff --show-internal '/home/mockbuilder/aufover-benchmark/workdir-for-sync/rpm-pkgs/libproxy-0.4.17-3.fc35/cbmc/output/scan-results.js' - | cssort > '/home/mockbuilder/aufover-benchmark/workdir-for-sync/rpm-pkgs/libproxy-0.4.17-3.fc35/cbmc/output/debug/suppressed-results.js'"

>>> 2023-01-26 11:16:11	"csgrep --mode=grep --invert-match --event \"internal warning\" --prune-events=1 '/home/mockbuilder/aufover-benchmark/workdir-for-sync/rpm-pkgs/libproxy-0.4.17-3.fc35/cbmc/output/debug/suppressed-results.js' > '/home/mockbuilder/aufover-benchmark/workdir-for-sync/rpm-pkgs/libproxy-0.4.17-3.fc35/cbmc/output/debug/suppressed-results.err'"

>>> 2023-01-26 11:16:11	"csgrep --mode=json --invert-match --event \"internal warning\" --prune-events=1 '/home/mockbuilder/aufover-benchmark/workdir-for-sync/rpm-pkgs/libproxy-0.4.17-3.fc35/cbmc/output/debug/suppressed-results.js' | cshtml - > '/home/mockbuilder/aufover-benchmark/workdir-for-sync/rpm-pkgs/libproxy-0.4.17-3.fc35/cbmc/output/debug/suppressed-results.html'"

>>> 2023-01-26 11:16:11	"csgrep --mode=evtstat --invert-match --event \"internal warning\" --prune-events=1 '/home/mockbuilder/aufover-benchmark/workdir-for-sync/rpm-pkgs/libproxy-0.4.17-3.fc35/cbmc/output/debug/suppressed-results.js' | tee '/home/mockbuilder/aufover-benchmark/workdir-for-sync/rpm-pkgs/libproxy-0.4.17-3.fc35/cbmc/output/debug/suppressed-results-summary.txt'"

>>> 2023-01-26 11:16:11	"csgrep --mode=grep --invert-match --event \"internal warning\" --prune-events=1 '/home/mockbuilder/aufover-benchmark/workdir-for-sync/rpm-pkgs/libproxy-0.4.17-3.fc35/cbmc/output/scan-results.js' > '/home/mockbuilder/aufover-benchmark/workdir-for-sync/rpm-pkgs/libproxy-0.4.17-3.fc35/cbmc/output/scan-results.err'"

>>> 2023-01-26 11:16:11	"csgrep --mode=json --invert-match --event \"internal warning\" --prune-events=1 '/home/mockbuilder/aufover-benchmark/workdir-for-sync/rpm-pkgs/libproxy-0.4.17-3.fc35/cbmc/output/scan-results.js' | cshtml - > '/home/mockbuilder/aufover-benchmark/workdir-for-sync/rpm-pkgs/libproxy-0.4.17-3.fc35/cbmc/output/scan-results.html'"

>>> 2023-01-26 11:16:11	"csgrep --mode=evtstat --invert-match --event \"internal warning\" --prune-events=1 '/home/mockbuilder/aufover-benchmark/workdir-for-sync/rpm-pkgs/libproxy-0.4.17-3.fc35/cbmc/output/scan-results.js' | tee '/home/mockbuilder/aufover-benchmark/workdir-for-sync/rpm-pkgs/libproxy-0.4.17-3.fc35/cbmc/output/scan-results-summary.txt'"

<<< 2023-01-26 11:16:11	csmock exit code: 1

