scan.ini: [scan]
scan.ini: tool = csmock
scan.ini: tool-version = csmock-3.1.0.20211130.175245.g27e99a8.internal-1.el7
scan.ini: tool-args = '/usr/bin/csmock' '-o' '/home/kdudka/aufover-benchmark/workdir-for-sync/rpm-pkgs/at-3.2.2-2.fc35/divine/output' '-f' '/home/kdudka/aufover-benchmark/workdir-for-sync/rpm-pkgs/at-3.2.2-2.fc35/at-3.2.2-2.fc35.src.rpm' '-r' 'fedora-35-x86_64' '-t' 'divine' '--divine-timeout=8' '--keep-going'
scan.ini: host = cov03.lab.eng.brq.redhat.com
scan.ini: store-results-to = /home/kdudka/aufover-benchmark/workdir-for-sync/rpm-pkgs/at-3.2.2-2.fc35/divine/output
scan.ini: time-created = 2021-12-01 11:13:57
scan.ini: enabled-plugins = divine, gcc
scan.ini: mock-config = fedora-35-x86_64
scan.ini: project-name = at-3.2.2-2.fc35
scan.ini: known-false-positives = /usr/share/csmock/known-false-positives.js
>>> 2021-12-01 11:13:57	"rpm -qa | sort -V > '/home/kdudka/aufover-benchmark/workdir-for-sync/rpm-pkgs/at-3.2.2-2.fc35/divine/output/debug/rpm-list-host.txt'"

>>> 2021-12-01 11:13:58	"/usr/bin/mock-unbuffered" "-r" "fedora-35-x86_64" "--plugin-option=tmpfs:keep_mounted=True" "--config-opts=print_main_output=True" "--init"
INFO: mock.py version 2.13 starting (python version = 3.6.8, NVR = mock-2.13-1.kdudka.1.el7)...
Start(bootstrap): init plugins
INFO: selinux enabled
Finish(bootstrap): init plugins
Start: init plugins
INFO: selinux enabled
Finish: init plugins
INFO: Signal handler active
Start: run
Start: clean chroot
Finish: clean chroot
Start(bootstrap): chroot init
INFO: calling preinit hooks
INFO: enabled root cache
INFO: enabled package manager cache
Start(bootstrap): cleaning package manager metadata
Finish(bootstrap): cleaning package manager metadata
INFO: enabled HW Info plugin
Mock Version: 2.13
INFO: Mock Version: 2.13
Finish(bootstrap): chroot init
Start: chroot init
INFO: calling preinit hooks
INFO: enabled root cache
Start: unpacking root cache
Finish: unpacking root cache
INFO: enabled package manager cache
Start: cleaning package manager metadata
Finish: cleaning package manager metadata
INFO: enabled HW Info plugin
Mock Version: 2.13
INFO: Mock Version: 2.13
Finish: chroot init
Finish: run

>>> 2021-12-01 11:14:02	"/usr/bin/mock-unbuffered" "-r" "fedora-35-x86_64" "--plugin-option=tmpfs:keep_mounted=True" "--config-opts=print_main_output=True" "--quiet" "--installdeps" "/tmp/csmockvs_4l4jf/at-3.2.2-2.fc35.src.rpm"
No matches found for the following disable plugin patterns: local, spacewalk, versionlock
Dependencies resolved.
================================================================================
 Package               Arch   Version                           Repo       Size
================================================================================
Installing:
 [1mautoconf             [m noarch 2.69-37.fc35                      f35-build 666 k
 [1mbison                [m x86_64 3.7.6-3.fc35                      f35-build 927 k
 [1mexim                 [m x86_64 4.94.2-3.fc35                     f35-build 1.4 M
 [1mflex                 [m x86_64 2.6.4-9.fc35                      f35-build 308 k
 [1mgcc                  [m x86_64 11.2.1-1.fc35                     f35-build  31 M
 [1mlibfl-static         [m x86_64 2.6.4-9.fc35                      f35-build  11 k
 [1mlibselinux-devel     [m x86_64 3.3-1.fc35                        f35-build 112 k
 [1mmake                 [m x86_64 1:4.3-6.fc35                      f35-build 533 k
 [1mpam-devel            [m x86_64 1.5.2-5.fc35                      f35-build 148 k
 [1mperl-Test-Harness    [m noarch 1:3.43-479.fc35                   f35-build 267 k
 [1mperl-Test-Simple     [m noarch 3:1.302188-1.fc35                 f35-build 525 k
Installing dependencies:
 [1macl                  [m x86_64 2.3.1-2.fc35                      f35-build  71 k
 [1mannobin-docs         [m noarch 9.87-3.fc35                       f35-build  78 k
 [1mannobin-plugin-gcc   [m x86_64 9.87-3.fc35                       f35-build  42 k
 [1mcpp                  [m x86_64 11.2.1-1.fc35                     f35-build  10 M
 [1mcryptsetup-libs      [m x86_64 2.4.2-1.fc35                      f35-build 438 k
 [1mdbus                 [m x86_64 1:1.12.20-5.fc35                  f35-build 7.4 k
 [1mdbus-broker          [m x86_64 29-4.fc35                         f35-build 171 k
 [1mdbus-common          [m noarch 1:1.12.20-5.fc35                  f35-build  14 k
 [1mdevice-mapper        [m x86_64 1.02.175-6.fc35                   f35-build 140 k
 [1mdevice-mapper-libs   [m x86_64 1.02.175-6.fc35                   f35-build 179 k
 [1memacs-filesystem     [m noarch 1:27.2-9.fc35                     f35-build 9.0 k
 [1mexpat                [m x86_64 2.4.1-2.fc35                      f35-build 110 k
 [1mgc                   [m x86_64 8.0.4-6.fc35                      f35-build 103 k
 [1mglibc-devel          [m x86_64 2.34-8.fc35                       f35-build 146 k
 [1mglibc-headers-x86    [m noarch 2.34-8.fc35                       f35-build 544 k
 [1mgroff-base           [m x86_64 1.22.4-8.fc35                     f35-build 1.0 M
 [1mguile22              [m x86_64 2.2.7-3.fc35                      f35-build 6.4 M
 [1miptables-legacy-libs [m x86_64 1.8.7-13.fc35                     f35-build  39 k
 [1mjson-c               [m x86_64 0.15-2.fc35                       f35-build  43 k
 [1mkernel-headers       [m x86_64 5.15.4-200.fc35                   f35-build 1.3 M
 [1mkmod-libs            [m x86_64 29-4.fc35                         f35-build  63 k
 [1mlibargon2            [m x86_64 20171227-7.fc35                   f35-build  28 k
 [1mlibbsd               [m x86_64 0.10.0-8.fc35                     f35-build 104 k
 [1mlibgsasl             [m x86_64 1.10.0-2.fc35                     f35-build 153 k
 [1mlibibverbs           [m x86_64 38.0-1.fc35                       f35-build 391 k
 [1mlibidn               [m x86_64 1.38-1.fc35                       f35-build 191 k
 [1mlibmpc               [m x86_64 1.2.1-3.fc35                      f35-build  62 k
 [1mlibnl3               [m x86_64 3.5.0-8.fc35                      f35-build 328 k
 [1mlibntlm              [m x86_64 1.6-3.fc35                        f35-build  91 k
 [1mlibopendmarc         [m x86_64 1.4.1.1-5.fc35                    f35-build  31 k
 [1mlibpcap              [m x86_64 14:1.10.1-2.fc35                  f35-build 171 k
 [1mlibseccomp           [m x86_64 2.5.3-1.fc35                      f35-build  71 k
 [1mlibselinux-utils     [m x86_64 3.3-1.fc35                        f35-build 140 k
 [1mlibsepol-devel       [m x86_64 3.3-2.fc35                        f35-build  40 k
 [1mlibspf2              [m x86_64 1.2.11-1.20210922git4915c308.fc35 f35-build  68 k
 [1mlibtool-ltdl         [m x86_64 2.4.6-42.fc35                     f35-build  36 k
 [1mlibxcrypt-devel      [m x86_64 4.4.26-4.fc35                     f35-build  29 k
 [1mm4                   [m x86_64 1.4.19-2.fc35                     f35-build 294 k
 [1mncurses              [m x86_64 6.2-8.20210508.fc35               f35-build 400 k
 [1mpcre2-devel          [m x86_64 10.37-4.fc35                      f35-build 476 k
 [1mpcre2-utf16          [m x86_64 10.37-4.fc35                      f35-build 211 k
 [1mpcre2-utf32          [m x86_64 10.37-4.fc35                      f35-build 201 k
 [1mperl-B               [m x86_64 1.82-482.fc35                     f35-build 188 k
 [1mperl-Benchmark       [m noarch 1.23-482.fc35                     f35-build  35 k
 [1mperl-Carp            [m noarch 1.52-478.fc35                     f35-build  29 k
 [1mperl-Class-Struct    [m noarch 0.66-482.fc35                     f35-build  30 k
 [1mperl-Data-Dumper     [m x86_64 2.183-2.fc35                      f35-build  56 k
 [1mperl-DynaLoader      [m x86_64 1.50-482.fc35                     f35-build  34 k
 [1mperl-Encode          [m x86_64 4:3.15-482.fc35                   f35-build 1.7 M
 [1mperl-Errno           [m x86_64 1.33-482.fc35                     f35-build  23 k
 [1mperl-Exporter        [m noarch 5.76-479.fc35                     f35-build  31 k
 [1mperl-Fcntl           [m x86_64 1.14-482.fc35                     f35-build  28 k
 [1mperl-File-Basename   [m noarch 2.85-482.fc35                     f35-build  25 k
 [1mperl-File-Compare    [m noarch 1.100.600-482.fc35                f35-build  21 k
 [1mperl-File-Copy       [m noarch 2.35-482.fc35                     f35-build  28 k
 [1mperl-File-Find       [m noarch 1.39-482.fc35                     f35-build  33 k
 [1mperl-File-Path       [m noarch 2.18-478.fc35                     f35-build  35 k
 [1mperl-File-Temp       [m noarch 1:0.231.100-478.fc35              f35-build  59 k
 [1mperl-File-stat       [m noarch 1.09-482.fc35                     f35-build  25 k
 [1mperl-Getopt-Long     [m noarch 1:2.52-478.fc35                   f35-build  60 k
 [1mperl-Getopt-Std      [m noarch 1.13-482.fc35                     f35-build  23 k
 [1mperl-HTTP-Tiny       [m noarch 0.080-1.fc35                      f35-build  55 k
 [1mperl-IO              [m x86_64 1.46-482.fc35                     f35-build  95 k
 [1mperl-IPC-Open3       [m noarch 1.21-482.fc35                     f35-build  31 k
 [1mperl-Importer        [m noarch 0.026-4.fc35                      f35-build  39 k
 [1mperl-JSON-PP         [m noarch 1:4.06-479.fc35                   f35-build  66 k
 [1mperl-MIME-Base64     [m x86_64 3.16-478.fc35                     f35-build  30 k
 [1mperl-Math-BigInt     [m noarch 1:1.9998.24-1.fc35                f35-build 193 k
 [1mperl-Math-Complex    [m noarch 1.59-482.fc35                     f35-build  54 k
 [1mperl-Object-HashBase [m noarch 0.009-7.fc35                      f35-build  25 k
 [1mperl-POSIX           [m x86_64 1.97-482.fc35                     f35-build 105 k
 [1mperl-PathTools       [m x86_64 3.80-478.fc35                     f35-build  85 k
 [1mperl-Pod-Escapes     [m noarch 1:1.07-478.fc35                   f35-build  20 k
 [1mperl-Pod-Perldoc     [m noarch 3.28.01-479.fc35                  f35-build  84 k
 [1mperl-Pod-Simple      [m noarch 1:3.43-2.fc35                     f35-build 215 k
 [1mperl-Pod-Usage       [m noarch 4:2.01-478.fc35                   f35-build  40 k
 [1mperl-Scalar-List-Utils[m
                       x86_64 5:1.60-462.fc35                   f35-build  72 k
 [1mperl-SelectSaver     [m noarch 1.02-482.fc35                     f35-build  19 k
 [1mperl-Socket          [m x86_64 4:2.032-2.fc35                    f35-build  55 k
 [1mperl-Storable        [m x86_64 1:3.25-1.fc35                     f35-build  95 k
 [1mperl-Symbol          [m noarch 1.09-482.fc35                     f35-build  22 k
 [1mperl-Term-ANSIColor  [m noarch 5.01-479.fc35                     f35-build  48 k
 [1mperl-Term-Cap        [m noarch 1.17-478.fc35                     f35-build  22 k
 [1mperl-Term-Table      [m noarch 0.015-8.fc35                      f35-build  35 k
 [1mperl-Text-ParseWords [m noarch 3.30-478.fc35                     f35-build  16 k
 [1mperl-Text-Tabs+Wrap  [m noarch 2021.0814-1.fc35                  f35-build  22 k
 [1mperl-Time-Local      [m noarch 2:1.300-478.fc35                  f35-build  33 k
 [1mperl-base            [m noarch 2.27-482.fc35                     f35-build  24 k
 [1mperl-constant        [m noarch 1.33-479.fc35                     f35-build  23 k
 [1mperl-if              [m noarch 0.60.900-482.fc35                 f35-build  22 k
 [1mperl-interpreter     [m x86_64 4:5.34.0-482.fc35                 f35-build  79 k
 [1mperl-libs            [m x86_64 4:5.34.0-482.fc35                 f35-build 2.1 M
 [1mperl-mro             [m x86_64 1.25-482.fc35                     f35-build  36 k
 [1mperl-overload        [m noarch 1.33-482.fc35                     f35-build  53 k
 [1mperl-overloading     [m noarch 0.02-482.fc35                     f35-build  21 k
 [1mperl-parent          [m noarch 1:0.238-478.fc35                  f35-build  14 k
 [1mperl-podlators       [m noarch 1:4.14-478.fc35                   f35-build 111 k
 [1mperl-subs            [m noarch 1.04-482.fc35                     f35-build  19 k
 [1mperl-vars            [m noarch 1.05-482.fc35                     f35-build  21 k
 [1mpolicycoreutils      [m x86_64 3.3-1.fc35                        f35-build 199 k
 [1msystemd              [m x86_64 249.7-2.fc35                      f35-build 4.2 M
 [1msystemd-pam          [m x86_64 249.7-2.fc35                      f35-build 325 k
 [1msystemd-rpm-macros   [m noarch 249.7-2.fc35                      f35-build  29 k

Transaction Summary
================================================================================
Install  114 Packages

Total size: 72 M
Installed size: 230 M
Downloading Packages:
Running transaction check
Transaction check succeeded.
Running transaction test
Transaction test succeeded.
Running transaction
useradd warning: dbus's uid 81 outside of the SYS_UID_MIN 201 and SYS_UID_MAX 999 range.

Creating group input with gid 104.
Creating group kvm with gid 36.
Creating group render with gid 105.
Creating group sgx with gid 106.
Creating group systemd-journal with gid 190.
Creating group systemd-network with gid 192.
Creating user systemd-network (systemd Network Management) with uid 192 and gid 192.
Creating group systemd-oom with gid 999.
Creating user systemd-oom (systemd Userspace OOM Killer) with uid 999 and gid 999.
Creating group systemd-resolve with gid 193.
Creating user systemd-resolve (systemd Resolver) with uid 193 and gid 193.
Creating group systemd-timesync with gid 998.
Creating user systemd-timesync (systemd Time Synchronization) with uid 998 and gid 998.
Creating group systemd-coredump with gid 997.
Creating user systemd-coredump (systemd Core Dumper) with uid 997 and gid 997.


Installed:
  acl-2.3.1-2.fc35.x86_64                                                       
  annobin-docs-9.87-3.fc35.noarch                                               
  annobin-plugin-gcc-9.87-3.fc35.x86_64                                         
  autoconf-2.69-37.fc35.noarch                                                  
  bison-3.7.6-3.fc35.x86_64                                                     
  cpp-11.2.1-1.fc35.x86_64                                                      
  cryptsetup-libs-2.4.2-1.fc35.x86_64                                           
  dbus-1:1.12.20-5.fc35.x86_64                                                  
  dbus-broker-29-4.fc35.x86_64                                                  
  dbus-common-1:1.12.20-5.fc35.noarch                                           
  device-mapper-1.02.175-6.fc35.x86_64                                          
  device-mapper-libs-1.02.175-6.fc35.x86_64                                     
  emacs-filesystem-1:27.2-9.fc35.noarch                                         
  exim-4.94.2-3.fc35.x86_64                                                     
  expat-2.4.1-2.fc35.x86_64                                                     
  flex-2.6.4-9.fc35.x86_64                                                      
  gc-8.0.4-6.fc35.x86_64                                                        
  gcc-11.2.1-1.fc35.x86_64                                                      
  glibc-devel-2.34-8.fc35.x86_64                                                
  glibc-headers-x86-2.34-8.fc35.noarch                                          
  groff-base-1.22.4-8.fc35.x86_64                                               
  guile22-2.2.7-3.fc35.x86_64                                                   
  iptables-legacy-libs-1.8.7-13.fc35.x86_64                                     
  json-c-0.15-2.fc35.x86_64                                                     
  kernel-headers-5.15.4-200.fc35.x86_64                                         
  kmod-libs-29-4.fc35.x86_64                                                    
  libargon2-20171227-7.fc35.x86_64                                              
  libbsd-0.10.0-8.fc35.x86_64                                                   
  libfl-static-2.6.4-9.fc35.x86_64                                              
  libgsasl-1.10.0-2.fc35.x86_64                                                 
  libibverbs-38.0-1.fc35.x86_64                                                 
  libidn-1.38-1.fc35.x86_64                                                     
  libmpc-1.2.1-3.fc35.x86_64                                                    
  libnl3-3.5.0-8.fc35.x86_64                                                    
  libntlm-1.6-3.fc35.x86_64                                                     
  libopendmarc-1.4.1.1-5.fc35.x86_64                                            
  libpcap-14:1.10.1-2.fc35.x86_64                                               
  libseccomp-2.5.3-1.fc35.x86_64                                                
  libselinux-devel-3.3-1.fc35.x86_64                                            
  libselinux-utils-3.3-1.fc35.x86_64                                            
  libsepol-devel-3.3-2.fc35.x86_64                                              
  libspf2-1.2.11-1.20210922git4915c308.fc35.x86_64                              
  libtool-ltdl-2.4.6-42.fc35.x86_64                                             
  libxcrypt-devel-4.4.26-4.fc35.x86_64                                          
  m4-1.4.19-2.fc35.x86_64                                                       
  make-1:4.3-6.fc35.x86_64                                                      
  ncurses-6.2-8.20210508.fc35.x86_64                                            
  pam-devel-1.5.2-5.fc35.x86_64                                                 
  pcre2-devel-10.37-4.fc35.x86_64                                               
  pcre2-utf16-10.37-4.fc35.x86_64                                               
  pcre2-utf32-10.37-4.fc35.x86_64                                               
  perl-B-1.82-482.fc35.x86_64                                                   
  perl-Benchmark-1.23-482.fc35.noarch                                           
  perl-Carp-1.52-478.fc35.noarch                                                
  perl-Class-Struct-0.66-482.fc35.noarch                                        
  perl-Data-Dumper-2.183-2.fc35.x86_64                                          
  perl-DynaLoader-1.50-482.fc35.x86_64                                          
  perl-Encode-4:3.15-482.fc35.x86_64                                            
  perl-Errno-1.33-482.fc35.x86_64                                               
  perl-Exporter-5.76-479.fc35.noarch                                            
  perl-Fcntl-1.14-482.fc35.x86_64                                               
  perl-File-Basename-2.85-482.fc35.noarch                                       
  perl-File-Compare-1.100.600-482.fc35.noarch                                   
  perl-File-Copy-2.35-482.fc35.noarch                                           
  perl-File-Find-1.39-482.fc35.noarch                                           
  perl-File-Path-2.18-478.fc35.noarch                                           
  perl-File-Temp-1:0.231.100-478.fc35.noarch                                    
  perl-File-stat-1.09-482.fc35.noarch                                           
  perl-Getopt-Long-1:2.52-478.fc35.noarch                                       
  perl-Getopt-Std-1.13-482.fc35.noarch                                          
  perl-HTTP-Tiny-0.080-1.fc35.noarch                                            
  perl-IO-1.46-482.fc35.x86_64                                                  
  perl-IPC-Open3-1.21-482.fc35.noarch                                           
  perl-Importer-0.026-4.fc35.noarch                                             
  perl-JSON-PP-1:4.06-479.fc35.noarch                                           
  perl-MIME-Base64-3.16-478.fc35.x86_64                                         
  perl-Math-BigInt-1:1.9998.24-1.fc35.noarch                                    
  perl-Math-Complex-1.59-482.fc35.noarch                                        
  perl-Object-HashBase-0.009-7.fc35.noarch                                      
  perl-POSIX-1.97-482.fc35.x86_64                                               
  perl-PathTools-3.80-478.fc35.x86_64                                           
  perl-Pod-Escapes-1:1.07-478.fc35.noarch                                       
  perl-Pod-Perldoc-3.28.01-479.fc35.noarch                                      
  perl-Pod-Simple-1:3.43-2.fc35.noarch                                          
  perl-Pod-Usage-4:2.01-478.fc35.noarch                                         
  perl-Scalar-List-Utils-5:1.60-462.fc35.x86_64                                 
  perl-SelectSaver-1.02-482.fc35.noarch                                         
  perl-Socket-4:2.032-2.fc35.x86_64                                             
  perl-Storable-1:3.25-1.fc35.x86_64                                            
  perl-Symbol-1.09-482.fc35.noarch                                              
  perl-Term-ANSIColor-5.01-479.fc35.noarch                                      
  perl-Term-Cap-1.17-478.fc35.noarch                                            
  perl-Term-Table-0.015-8.fc35.noarch                                           
  perl-Test-Harness-1:3.43-479.fc35.noarch                                      
  perl-Test-Simple-3:1.302188-1.fc35.noarch                                     
  perl-Text-ParseWords-3.30-478.fc35.noarch                                     
  perl-Text-Tabs+Wrap-2021.0814-1.fc35.noarch                                   
  perl-Time-Local-2:1.300-478.fc35.noarch                                       
  perl-base-2.27-482.fc35.noarch                                                
  perl-constant-1.33-479.fc35.noarch                                            
  perl-if-0.60.900-482.fc35.noarch                                              
  perl-interpreter-4:5.34.0-482.fc35.x86_64                                     
  perl-libs-4:5.34.0-482.fc35.x86_64                                            
  perl-mro-1.25-482.fc35.x86_64                                                 
  perl-overload-1.33-482.fc35.noarch                                            
  perl-overloading-0.02-482.fc35.noarch                                         
  perl-parent-1:0.238-478.fc35.noarch                                           
  perl-podlators-1:4.14-478.fc35.noarch                                         
  perl-subs-1.04-482.fc35.noarch                                                
  perl-vars-1.05-482.fc35.noarch                                                
  policycoreutils-3.3-1.fc35.x86_64                                             
  systemd-249.7-2.fc35.x86_64                                                   
  systemd-pam-249.7-2.fc35.x86_64                                               
  systemd-rpm-macros-249.7-2.fc35.noarch                                        

Complete!

>>> 2021-12-01 11:15:00	"/usr/bin/mock-unbuffered" "-r" "fedora-35-x86_64" "--plugin-option=tmpfs:keep_mounted=True" "--config-opts=print_main_output=True" "--quiet" "--addrepo" "https://download.copr.fedorainfracloud.org/results/@aufover/divine/fedora-\$releasever-\$basearch/" "--install" "divine"
No matches found for the following disable plugin patterns: local, spacewalk, versionlock
Dependencies resolved.
====================================================================================================================================================
 Package                   Arch    Version                   Repository                                                                         Size
====================================================================================================================================================
Installing:
 [1mdivine                   [m x86_64  4.4.2_4_gd47985e0b-7.fc35 downloadcoprfedorainfracloudorg_results_aufover_divine_fedorareleaseverbasearch_   68 M
Installing dependencies:
 [1mlibedit                  [m x86_64  3.1-40.20210910cvs.fc35   f35-build                                                                         105 k
 [1mlibyaml                  [m x86_64  0.2.5-6.fc35              f35-build                                                                          60 k
 [1mmpdecimal                [m x86_64  2.5.1-2.fc35              f35-build                                                                          99 k
 [1mpython-pip-wheel         [m noarch  21.2.3-4.fc35             f35-build                                                                         1.1 M
 [1mpython-setuptools-wheel  [m noarch  57.4.0-1.fc35             f35-build                                                                         505 k
 [1mpython3                  [m x86_64  3.10.0-1.fc35             f35-build                                                                          25 k
 [1mpython3-libs             [m x86_64  3.10.0-1.fc35             f35-build                                                                         7.5 M
 [1mpython3-pygments         [m noarch  2.9.0-2.fc35              f35-build                                                                         1.9 M
 [1mpython3-pyyaml           [m x86_64  5.4.1-4.fc35              f35-build                                                                         191 k
 [1mz3                       [m x86_64  4.8.13-1.fc35             f35-build                                                                         5.9 M
 [1mz3-libs                  [m x86_64  4.8.13-1.fc35             f35-build                                                                         5.8 M

Transaction Summary
====================================================================================================================================================
Install  12 Packages

Total size: 91 M
Installed size: 480 M
Downloading Packages:
Running transaction check
Transaction check succeeded.
Running transaction test
Transaction test succeeded.
Running transaction

Installed:
  divine-4.4.2_4_gd47985e0b-7.fc35.x86_64                                       
  libedit-3.1-40.20210910cvs.fc35.x86_64                                        
  libyaml-0.2.5-6.fc35.x86_64                                                   
  mpdecimal-2.5.1-2.fc35.x86_64                                                 
  python-pip-wheel-21.2.3-4.fc35.noarch                                         
  python-setuptools-wheel-57.4.0-1.fc35.noarch                                  
  python3-3.10.0-1.fc35.x86_64                                                  
  python3-libs-3.10.0-1.fc35.x86_64                                             
  python3-pygments-2.9.0-2.fc35.noarch                                          
  python3-pyyaml-5.4.1-4.fc35.x86_64                                            
  z3-4.8.13-1.fc35.x86_64                                                       
  z3-libs-4.8.13-1.fc35.x86_64                                                  

Complete!

>>> 2021-12-01 11:15:21	"'/usr/bin/mock-unbuffered' '-r' 'fedora-35-x86_64' '--plugin-option=tmpfs:keep_mounted=True' '--config-opts=print_main_output=True' '--quiet' '--shell' 'rpm -qa' | sort -V > /home/kdudka/aufover-benchmark/workdir-for-sync/rpm-pkgs/at-3.2.2-2.fc35/divine/output/debug/rpm-list-mock.txt"

>>> 2021-12-01 11:15:24	"'/usr/bin/mock-unbuffered' '-r' 'fedora-35-x86_64' '--plugin-option=tmpfs:keep_mounted=True' '--config-opts=print_main_output=True' '--quiet' '--shell' 'rpm -qa --provides' | sort -V > /tmp/csmockvs_4l4jf/rpm-list-mock-provides.txt"

>>> 2021-12-01 11:15:27	"/usr/bin/mock-unbuffered" "-r" "fedora-35-x86_64" "--plugin-option=tmpfs:keep_mounted=True" "--config-opts=print_main_output=True" "--quiet" "--copyin" "/tmp/csmockvs_4l4jf/at-3.2.2-2.fc35.src.rpm" "/builddir/at-3.2.2-2.fc35.src.rpm"

>>> 2021-12-01 11:15:29	"/usr/bin/mock-unbuffered" "-r" "fedora-35-x86_64" "--plugin-option=tmpfs:keep_mounted=True" "--config-opts=print_main_output=True" "--quiet" "--chroot" "chown mockbuild -R /builddir"

>>> 2021-12-01 11:15:32	"/usr/bin/mock-unbuffered" "-r" "fedora-35-x86_64" "--plugin-option=tmpfs:keep_mounted=True" "--config-opts=print_main_output=True" "--quiet" "--chroot" "/bin/su mockbuild -l -c \"rpm -Uvh --nodeps '/builddir/at-3.2.2-2.fc35.src.rpm'\""
Updating / installing...
at-3.2.2-2.fc35                       ########################################

>>> 2021-12-01 11:15:35	"/usr/bin/mock-unbuffered" "-r" "fedora-35-x86_64" "--plugin-option=tmpfs:keep_mounted=True" "--config-opts=print_main_output=True" "--quiet" "--chroot" "/bin/su mockbuild -l -c \"sed -e 's|^ExclusiveArch:.*\\\$||' -i /builddir/build/SPECS/at.spec\""

>>> 2021-12-01 11:15:37	"/usr/bin/mock-unbuffered" "-r" "fedora-35-x86_64" "--plugin-option=tmpfs:keep_mounted=True" "--config-opts=print_main_output=True" "--quiet" "--chroot" "/bin/su mockbuild -l -c \"rpmbuild -bs --nodeps /builddir/build/SPECS/at.spec '--define' 'apidocs 0' '--define' 'with_publican 0' '--without' 'docs' '--without' 'langpacks' '--define' '__cc dioscc' '--define' '__cxx diosc++' '--define' '__cpp dioscc -E' '--define' 'toolchain clang' '--define' 'optflags -O0' '--define' 'build_ldflags -O0' && sh -c 'cd /builddir/build/SRPMS && eval mv -v *.src.rpm /builddir/at-3.2.2-2.fc35.src.rpm || :'\""
setting SOURCE_DATE_EPOCH=1626825600
Wrote: /builddir/build/SRPMS/at-3.2.2-2.fc35.src.rpm
renamed 'at-3.2.2-2.fc35.src.rpm' -> '/builddir/at-3.2.2-2.fc35.src.rpm'

>>> 2021-12-01 11:15:40	"/usr/bin/mock-unbuffered" "-r" "fedora-35-x86_64" "--plugin-option=tmpfs:keep_mounted=True" "--config-opts=print_main_output=True" "--quiet" "--disable-plugin=selinux" "--copyout" "/builddir/at-3.2.2-2.fc35.src.rpm" "/tmp/csmockvs_4l4jf/at-3.2.2-2.fc35.src.rpm"

>>> 2021-12-01 11:15:43	"/usr/bin/mock-unbuffered" "-r" "fedora-35-x86_64" "--plugin-option=tmpfs:keep_mounted=True" "--config-opts=print_main_output=True" "--quiet" "--installdeps" "/tmp/csmockvs_4l4jf/at-3.2.2-2.fc35.src.rpm"
No matches found for the following disable plugin patterns: local, spacewalk, versionlock
Package autoconf-2.69-37.fc35.noarch is already installed.
Package bison-3.7.6-3.fc35.x86_64 is already installed.
Package flex-2.6.4-9.fc35.x86_64 is already installed.
Package libfl-static-2.6.4-9.fc35.x86_64 is already installed.
Package gcc-11.2.1-1.fc35.x86_64 is already installed.
Package libselinux-devel-3.3-1.fc35.x86_64 is already installed.
Package make-1:4.3-6.fc35.x86_64 is already installed.
Package pam-devel-1.5.2-5.fc35.x86_64 is already installed.
Package perl-Test-Harness-1:3.43-479.fc35.noarch is already installed.
Package perl-Test-Simple-3:1.302188-1.fc35.noarch is already installed.
Package exim-4.94.2-3.fc35.x86_64 is already installed.
Dependencies resolved.
Nothing to do.
Complete!

>>> 2021-12-01 11:15:50	"/usr/bin/mock-unbuffered" "-r" "fedora-35-x86_64" "--plugin-option=tmpfs:keep_mounted=True" "--config-opts=print_main_output=True" "--quiet" "--addrepo" "https://download.copr.fedorainfracloud.org/results/@aufover/divine/fedora-\$releasever-\$basearch/" "--install" "divine"
No matches found for the following disable plugin patterns: local, spacewalk, versionlock
Package divine-4.4.2_4_gd47985e0b-7.fc35.x86_64 is already installed.
Dependencies resolved.
Nothing to do.
Complete!

>>> 2021-12-01 11:16:30	"'/usr/bin/mock-unbuffered' '-r' 'fedora-35-x86_64' '--plugin-option=tmpfs:keep_mounted=True' '--config-opts=print_main_output=True' '--quiet' '--shell' 'rpm -qa' | sort -V > /home/kdudka/aufover-benchmark/workdir-for-sync/rpm-pkgs/at-3.2.2-2.fc35/divine/output/debug/rpm-list-mock.txt"

>>> 2021-12-01 11:16:32	"'/usr/bin/mock-unbuffered' '-r' 'fedora-35-x86_64' '--plugin-option=tmpfs:keep_mounted=True' '--config-opts=print_main_output=True' '--quiet' '--shell' 'rpm -qa --provides' | sort -V > /tmp/csmockvs_4l4jf/rpm-list-mock-provides.txt"

>>> 2021-12-01 11:16:35	"/usr/bin/mock-unbuffered" "-r" "fedora-35-x86_64" "--plugin-option=tmpfs:keep_mounted=True" "--config-opts=print_main_output=True" "--quiet" "--addrepo" "https://download.copr.fedorainfracloud.org/results/@aufover/divine/fedora-\$releasever-\$basearch/" "--install" "csdiff"
No matches found for the following disable plugin patterns: local, spacewalk, versionlock
Dependencies resolved.
================================================================================
 Package                    Arch        Version            Repository      Size
================================================================================
Installing:
 [1mcsdiff                    [m x86_64      2.2.0-1.fc35       f35-build      895 k
Installing dependencies:
 [1mboost-filesystem          [m x86_64      1.76.0-4.fc35      f35-build       60 k
 [1mboost-program-options     [m x86_64      1.76.0-4.fc35      f35-build      108 k
 [1mboost-system              [m x86_64      1.76.0-4.fc35      f35-build       15 k

Transaction Summary
================================================================================
Install  4 Packages

Total size: 1.1 M
Installed size: 4.8 M
Downloading Packages:
Running transaction check
Transaction check succeeded.
Running transaction test
Transaction test succeeded.
Running transaction

Installed:
  boost-filesystem-1.76.0-4.fc35.x86_64                                         
  boost-program-options-1.76.0-4.fc35.x86_64                                    
  boost-system-1.76.0-4.fc35.x86_64                                             
  csdiff-2.2.0-1.fc35.x86_64                                                    

Complete!

>>> 2021-12-01 11:16:43	"'/usr/bin/mock-unbuffered' '-r' 'fedora-35-x86_64' '--plugin-option=tmpfs:keep_mounted=True' '--config-opts=print_main_output=True' '--quiet' '--shell' 'rpm -qa' | sort -V > /home/kdudka/aufover-benchmark/workdir-for-sync/rpm-pkgs/at-3.2.2-2.fc35/divine/output/debug/rpm-list-mock.txt"

>>> 2021-12-01 11:16:45	"'/usr/bin/mock-unbuffered' '-r' 'fedora-35-x86_64' '--plugin-option=tmpfs:keep_mounted=True' '--config-opts=print_main_output=True' '--quiet' '--shell' 'rpm -qa --provides' | sort -V > /tmp/csmockvs_4l4jf/rpm-list-mock-provides.txt"

>>> 2021-12-01 11:16:48	"tar -cP '/usr/share/csmock/scripts' '/usr/bin/cswrap' '/usr/lib64/cswrap' '/usr/bin/csexec' '/usr/bin/csexec-loader' '/usr/lib64/libcsexec-preload.so' '/tmp/csmockvs_4l4jf/at-3.2.2-2.fc35.src.rpm' | '/usr/bin/mock-unbuffered' '-r' 'fedora-35-x86_64' '--plugin-option=tmpfs:keep_mounted=True' '--config-opts=print_main_output=True' '--quiet' '--shell' 'tar -xC/'"
tar: Removing leading `/' from member names
tar: Removing leading `/' from hard link targets

scan.ini: analyzer-version-divine = 4.4.2_4_gd47985e0b
>>> 2021-12-01 11:16:51	"/usr/bin/mock-unbuffered" "-r" "fedora-35-x86_64" "--plugin-option=tmpfs:keep_mounted=True" "--config-opts=print_main_output=True" "--quiet" "--chroot" "/bin/su mockbuild -l -c \"mkdir -pv '/builddir/divine-capture'\""
mkdir: created directory '/builddir/divine-capture'

scan.ini: analyzer-version-gcc = 11.2.1
>>> 2021-12-01 11:16:53	"/usr/bin/mock-unbuffered" "-r" "fedora-35-x86_64" "--plugin-option=tmpfs:keep_mounted=True" "--config-opts=print_main_output=True" "--quiet" "--chroot" "rpm -Uvh --nodeps '/tmp/csmockvs_4l4jf/at-3.2.2-2.fc35.src.rpm'"
Updating / installing...
at-3.2.2-2.fc35                       ########################################

>>> 2021-12-01 11:16:56	"/usr/bin/mock-unbuffered" "-r" "fedora-35-x86_64" "--plugin-option=tmpfs:keep_mounted=True" "--config-opts=print_main_output=True" "--quiet" "--chroot" "chmod -R +r /builddir"

>>> 2021-12-01 11:16:58	"/usr/bin/mock-unbuffered" "-r" "fedora-35-x86_64" "--plugin-option=tmpfs:keep_mounted=True" "--config-opts=print_main_output=True" "--quiet" "--chroot" "ln -fv '/usr/share/csmock/scripts/enable-keep-going.sh' '/usr/share/csmock/scripts/chroot-fixups'"
'/usr/share/csmock/scripts/chroot-fixups/enable-keep-going.sh' => '/usr/share/csmock/scripts/enable-keep-going.sh'

>>> 2021-12-01 11:17:00	"/usr/bin/mock-unbuffered" "-r" "fedora-35-x86_64" "--plugin-option=tmpfs:keep_mounted=True" "--config-opts=print_main_output=True" "--quiet" "--shell" "for i in /usr/share/csmock/scripts/chroot-fixups/*; do test -x \$i && echo RUN: \$i >&2 && \$i; done"
RUN: /usr/share/csmock/scripts/chroot-fixups/enable-keep-going.sh
renamed '/usr/bin/make' -> '/usr/bin/make.orig'
+ ls -l /usr/bin/make
-rwxr-xr-x. 1 root root 42 Dec  1 11:17 /usr/bin/make
+ cat /usr/bin/make
#!/bin/sh
exec /usr/bin/make.orig -k "$@"
RUN: /usr/share/csmock/scripts/chroot-fixups/gdk-pixbuf2-triggers.sh
RUN: /usr/share/csmock/scripts/chroot-fixups/glib2-triggers.sh
RUN: /usr/share/csmock/scripts/chroot-fixups/kpathsea-texhash.sh
RUN: /usr/share/csmock/scripts/chroot-fixups/openssl-public-header-files.sh
RUN: /usr/share/csmock/scripts/chroot-fixups/qt5-core-abi.sh
RUN: /usr/share/csmock/scripts/chroot-fixups/rpm-build-scripts.sh
+ sed -e s/fail=1/fail=0/ -i /usr/lib/rpm/redhat/brp-mangle-shebangs
'/usr/lib/rpm/brp-strip-static-archive' -> '/bin/true'
RUN: /usr/share/csmock/scripts/chroot-fixups/rpm-macros.sh
RUN: /usr/share/csmock/scripts/chroot-fixups/rpm-python-extras.sh
RUN: /usr/share/csmock/scripts/chroot-fixups/shared-mime-info-triggers.sh
RUN: /usr/share/csmock/scripts/chroot-fixups/simplify-cpp-includes.sh
RUN: /usr/share/csmock/scripts/chroot-fixups/simplify-glib-includes.sh
RUN: /usr/share/csmock/scripts/chroot-fixups/simplify-systemd-includes.sh

>>> 2021-12-01 11:17:03	"/usr/bin/mock-unbuffered" "-r" "fedora-35-x86_64" "--plugin-option=tmpfs:keep_mounted=True" "--config-opts=print_main_output=True" "--chroot" "/bin/su mockbuild -l -c \"rpmbuild -bp --nodeps /builddir/build/SPECS/at.spec '--define' 'apidocs 0' '--define' 'with_publican 0' '--without' 'docs' '--without' 'langpacks' '--define' '__cc dioscc' '--define' '__cxx diosc++' '--define' '__cpp dioscc -E' '--define' 'toolchain clang' '--define' 'optflags -O0' '--define' 'build_ldflags -O0'\""
INFO: mock.py version 2.13 starting (python version = 3.6.8, NVR = mock-2.13-1.kdudka.1.el7)...
Start(bootstrap): init plugins
INFO: selinux enabled
Finish(bootstrap): init plugins
Start: init plugins
INFO: selinux enabled
Finish: init plugins
INFO: Signal handler active
Start: run
Start(bootstrap): chroot init
INFO: calling preinit hooks
INFO: enabled root cache
INFO: enabled package manager cache
Start(bootstrap): cleaning package manager metadata
Finish(bootstrap): cleaning package manager metadata
INFO: enabled HW Info plugin
Mock Version: 2.13
INFO: Mock Version: 2.13
Finish(bootstrap): chroot init
Start: chroot init
INFO: calling preinit hooks
INFO: enabled root cache
INFO: enabled package manager cache
Start: cleaning package manager metadata
Finish: cleaning package manager metadata
INFO: enabled HW Info plugin
Mock Version: 2.13
INFO: Mock Version: 2.13
Finish: chroot init
INFO: Running in chroot: ['/bin/su mockbuild -l -c "rpmbuild -bp --nodeps /builddir/build/SPECS/at.spec \'--define\' \'apidocs 0\' \'--define\' \'with_publican 0\' \'--without\' \'docs\' \'--without\' \'langpacks\' \'--define\' \'__cc dioscc\' \'--define\' \'__cxx diosc++\' \'--define\' \'__cpp dioscc -E\' \'--define\' \'toolchain clang\' \'--define\' \'optflags -O0\' \'--define\' \'build_ldflags -O0\'"']
Start: chroot ['/bin/su mockbuild -l -c "rpmbuild -bp --nodeps /builddir/build/SPECS/at.spec \'--define\' \'apidocs 0\' \'--define\' \'with_publican 0\' \'--without\' \'docs\' \'--without\' \'langpacks\' \'--define\' \'__cc dioscc\' \'--define\' \'__cxx diosc++\' \'--define\' \'__cpp dioscc -E\' \'--define\' \'toolchain clang\' \'--define\' \'optflags -O0\' \'--define\' \'build_ldflags -O0\'"']
setting SOURCE_DATE_EPOCH=1626825600
Executing(%prep): /bin/sh -e /var/tmp/rpm-tmp.QHDlqp
+ umask 022
+ cd /builddir/build/BUILD
+ cd /builddir/build/BUILD
+ rm -rf at-3.2.2
+ /usr/bin/gzip -dc /builddir/build/SOURCES/at_3.2.2.orig.tar.gz
+ /usr/bin/tar -xof -
+ STATUS=0
+ '[' 0 -ne 0 ']'
+ cd at-3.2.2
+ /usr/bin/chmod -Rf a+rX,u+w,g-w,o-w .
+ cp /builddir/build/SOURCES/pam_atd .
+ /usr/bin/cat /builddir/build/SOURCES/at-aarch64.patch
+ /usr/bin/patch -p1 -s --fuzz=0 --no-backup-if-mismatch -f
+ /usr/bin/cat /builddir/build/SOURCES/at-3.2.2-make.patch
+ /usr/bin/patch -p1 -s --fuzz=0 --no-backup-if-mismatch -f
+ /usr/bin/cat /builddir/build/SOURCES/at-3.2.2-pam.patch
+ /usr/bin/patch -p1 -s --fuzz=0 --no-backup-if-mismatch -f
+ /usr/bin/cat /builddir/build/SOURCES/at-3.1.14-opt_V.patch
+ /usr/bin/patch -p1 -s --fuzz=0 --no-backup-if-mismatch -f
+ /usr/bin/cat /builddir/build/SOURCES/at-3.2.2-shell.patch
+ /usr/bin/patch -p1 -s --fuzz=0 --no-backup-if-mismatch -f
+ /usr/bin/cat /builddir/build/SOURCES/at-3.1.18-nitpicks.patch
+ /usr/bin/patch -p1 -s --fuzz=0 --no-backup-if-mismatch -f
+ /usr/bin/cat /builddir/build/SOURCES/at-3.1.14-fix_no_export.patch
+ /usr/bin/patch -p1 -s --fuzz=0 --no-backup-if-mismatch -f
+ /usr/bin/cat /builddir/build/SOURCES/at-3.1.14-mailwithhostname.patch
+ /usr/bin/patch -p1 -s --fuzz=0 --no-backup-if-mismatch -f
+ /usr/bin/cat /builddir/build/SOURCES/at-3.1.14-usePOSIXtimers.patch
+ /usr/bin/patch -p1 -s --fuzz=0 --no-backup-if-mismatch -f
+ /usr/bin/cat /builddir/build/SOURCES/at-3.1.20-aborted-jobs.patch
+ /usr/bin/patch -p1 -s --fuzz=0 --no-backup-if-mismatch -f
+ /usr/bin/cat /builddir/build/SOURCES/at-3.1.18-noabort.patch
+ /usr/bin/patch -p1 -s --fuzz=0 --no-backup-if-mismatch -f
+ /usr/bin/cat /builddir/build/SOURCES/at-3.1.16-fclose-error.patch
+ /usr/bin/patch -p1 -s --fuzz=0 --no-backup-if-mismatch -f
+ /usr/bin/cat /builddir/build/SOURCES/at-3.1.16-clear-nonjobs.patch
+ /usr/bin/patch -p1 -s --fuzz=0 --no-backup-if-mismatch -f
+ /usr/bin/cat /builddir/build/SOURCES/at-3.2.2-lock-locks.patch
+ /usr/bin/patch -p1 -s --fuzz=0 --no-backup-if-mismatch -f
+ /usr/bin/cat /builddir/build/SOURCES/at-3.1.23-document-n.patch
+ /usr/bin/patch -p1 -s --fuzz=0 --no-backup-if-mismatch -f
+ /usr/bin/cat /builddir/build/SOURCES/at-3.1.20-log-jobs.patch
+ /usr/bin/patch -p1 -s --fuzz=0 --no-backup-if-mismatch -f
+ /usr/bin/cat /builddir/build/SOURCES/at-3.2.23-coverity-fix.patch
+ /usr/bin/patch -p1 -s --fuzz=0 --no-backup-if-mismatch -f
+ RPM_EC=0
++ jobs -p
+ exit 0
Finish: chroot ['/bin/su mockbuild -l -c "rpmbuild -bp --nodeps /builddir/build/SPECS/at.spec \'--define\' \'apidocs 0\' \'--define\' \'with_publican 0\' \'--without\' \'docs\' \'--without\' \'langpacks\' \'--define\' \'__cc dioscc\' \'--define\' \'__cxx diosc++\' \'--define\' \'__cpp dioscc -E\' \'--define\' \'toolchain clang\' \'--define\' \'optflags -O0\' \'--define\' \'build_ldflags -O0\'"']

>>> 2021-12-01 11:17:05	"/usr/bin/mock-unbuffered" "-r" "fedora-35-x86_64" "--plugin-option=tmpfs:keep_mounted=True" "--config-opts=print_main_output=True" "--quiet" "--chroot" "chmod -R +r /builddir/build"

>>> 2021-12-01 11:17:07	"/usr/bin/mock-unbuffered" "-r" "fedora-35-x86_64" "--plugin-option=tmpfs:keep_mounted=True" "--config-opts=print_main_output=True" "--chroot" "/bin/su mockbuild -l -c \"PATH=/usr/lib64/cswrap:\\\$PATH CSWRAP_CAP_FILE=\\\$'/builddir/cswrap-capture.err' CSWRAP_TIMEOUT=\\\$'30' CSWRAP_TIMEOUT_FOR=\\\$':' CC=\\\$'dioscc' CXX=\\\$'diosc++' CSEXEC_WRAP_CMD=\\\$'--skip-ld-linux\\\\acsexec-divine\\\\a-l\\\\a/builddir/divine-capture\\\\a-d\\\\acheck --lart stubs -o ignore:exit --max-time 8 ' CSWRAP_ADD_CFLAGS=\\\$'-Wno-unknown-pragmas:-Wno-unknown-warning-option:-O0:-g:-Wl,--dynamic-linker,/usr/bin/csexec-loader:-Wno-unknown-pragmas:-Wl,--dynamic-linker,/usr/bin/csexec-loader' CSWRAP_DEL_CFLAGS=\\\$'-Werror*:-fdiagnostics-color*:-no-canonical-prefixes:-Wno-error=deprecated-register:-O1:-O2:-O3:-Os:-Ofast:-Og:-Werror*:-fdiagnostics-color*:-no-canonical-prefixes:-Wno-error=deprecated-register' CSWRAP_ADD_CXXFLAGS=\\\$'-Wno-unknown-warning-option:-O0:-g:-Wl,--dynamic-linker,/usr/bin/csexec-loader:-Wl,--dynamic-linker,/usr/bin/csexec-loader' CSWRAP_DEL_CXXFLAGS=\\\$'-Werror*:-fdiagnostics-color*:-no-canonical-prefixes:-Wno-error=deprecated-register:-O1:-O2:-O3:-Os:-Ofast:-Og:-Werror*:-fdiagnostics-color*:-no-canonical-prefixes:-Wno-error=deprecated-register' sh -c \\\"rpmbuild -bc --nodeps --short-circuit /builddir/build/SPECS/at.spec '--define' 'apidocs 0' '--define' 'with_publican 0' '--without' 'docs' '--without' 'langpacks' '--define' '__cc dioscc' '--define' '__cxx diosc++' '--define' '__cpp dioscc -E' '--define' 'toolchain clang' '--define' 'optflags -O0' '--define' 'build_ldflags -O0'\\\"\""
INFO: mock.py version 2.13 starting (python version = 3.6.8, NVR = mock-2.13-1.kdudka.1.el7)...
Start(bootstrap): init plugins
INFO: selinux enabled
Finish(bootstrap): init plugins
Start: init plugins
INFO: selinux enabled
Finish: init plugins
INFO: Signal handler active
Start: run
Start(bootstrap): chroot init
INFO: calling preinit hooks
INFO: enabled root cache
INFO: enabled package manager cache
Start(bootstrap): cleaning package manager metadata
Finish(bootstrap): cleaning package manager metadata
INFO: enabled HW Info plugin
Mock Version: 2.13
INFO: Mock Version: 2.13
Finish(bootstrap): chroot init
Start: chroot init
INFO: calling preinit hooks
INFO: enabled root cache
INFO: enabled package manager cache
Start: cleaning package manager metadata
Finish: cleaning package manager metadata
INFO: enabled HW Info plugin
Mock Version: 2.13
INFO: Mock Version: 2.13
Finish: chroot init
INFO: Running in chroot: ['/bin/su mockbuild -l -c "PATH=/usr/lib64/cswrap:\\$PATH CSWRAP_CAP_FILE=\\$\'/builddir/cswrap-capture.err\' CSWRAP_TIMEOUT=\\$\'30\' CSWRAP_TIMEOUT_FOR=\\$\':\' CC=\\$\'dioscc\' CXX=\\$\'diosc++\' CSEXEC_WRAP_CMD=\\$\'--skip-ld-linux\\\\acsexec-divine\\\\a-l\\\\a/builddir/divine-capture\\\\a-d\\\\acheck --lart stubs -o ignore:exit --max-time 8 \' CSWRAP_ADD_CFLAGS=\\$\'-Wno-unknown-pragmas:-Wno-unknown-warning-option:-O0:-g:-Wl,--dynamic-linker,/usr/bin/csexec-loader:-Wno-unknown-pragmas:-Wl,--dynamic-linker,/usr/bin/csexec-loader\' CSWRAP_DEL_CFLAGS=\\$\'-Werror*:-fdiagnostics-color*:-no-canonical-prefixes:-Wno-error=deprecated-register:-O1:-O2:-O3:-Os:-Ofast:-Og:-Werror*:-fdiagnostics-color*:-no-canonical-prefixes:-Wno-error=deprecated-register\' CSWRAP_ADD_CXXFLAGS=\\$\'-Wno-unknown-warning-option:-O0:-g:-Wl,--dynamic-linker,/usr/bin/csexec-loader:-Wl,--dynamic-linker,/usr/bin/csexec-loader\' CSWRAP_DEL_CXXFLAGS=\\$\'-Werror*:-fdiagnostics-color*:-no-canonical-prefixes:-Wno-error=deprecated-register:-O1:-O2:-O3:-Os:-Ofast:-Og:-Werror*:-fdiagnostics-color*:-no-canonical-prefixes:-Wno-error=deprecated-register\' sh -c \\"rpmbuild -bc --nodeps --short-circuit /builddir/build/SPECS/at.spec \'--define\' \'apidocs 0\' \'--define\' \'with_publican 0\' \'--without\' \'docs\' \'--without\' \'langpacks\' \'--define\' \'__cc dioscc\' \'--define\' \'__cxx diosc++\' \'--define\' \'__cpp dioscc -E\' \'--define\' \'toolchain clang\' \'--define\' \'optflags -O0\' \'--define\' \'build_ldflags -O0\'\\""']
Start: chroot ['/bin/su mockbuild -l -c "PATH=/usr/lib64/cswrap:\\$PATH CSWRAP_CAP_FILE=\\$\'/builddir/cswrap-capture.err\' CSWRAP_TIMEOUT=\\$\'30\' CSWRAP_TIMEOUT_FOR=\\$\':\' CC=\\$\'dioscc\' CXX=\\$\'diosc++\' CSEXEC_WRAP_CMD=\\$\'--skip-ld-linux\\\\acsexec-divine\\\\a-l\\\\a/builddir/divine-capture\\\\a-d\\\\acheck --lart stubs -o ignore:exit --max-time 8 \' CSWRAP_ADD_CFLAGS=\\$\'-Wno-unknown-pragmas:-Wno-unknown-warning-option:-O0:-g:-Wl,--dynamic-linker,/usr/bin/csexec-loader:-Wno-unknown-pragmas:-Wl,--dynamic-linker,/usr/bin/csexec-loader\' CSWRAP_DEL_CFLAGS=\\$\'-Werror*:-fdiagnostics-color*:-no-canonical-prefixes:-Wno-error=deprecated-register:-O1:-O2:-O3:-Os:-Ofast:-Og:-Werror*:-fdiagnostics-color*:-no-canonical-prefixes:-Wno-error=deprecated-register\' CSWRAP_ADD_CXXFLAGS=\\$\'-Wno-unknown-warning-option:-O0:-g:-Wl,--dynamic-linker,/usr/bin/csexec-loader:-Wl,--dynamic-linker,/usr/bin/csexec-loader\' CSWRAP_DEL_CXXFLAGS=\\$\'-Werror*:-fdiagnostics-color*:-no-canonical-prefixes:-Wno-error=deprecated-register:-O1:-O2:-O3:-Os:-Ofast:-Og:-Werror*:-fdiagnostics-color*:-no-canonical-prefixes:-Wno-error=deprecated-register\' sh -c \\"rpmbuild -bc --nodeps --short-circuit /builddir/build/SPECS/at.spec \'--define\' \'apidocs 0\' \'--define\' \'with_publican 0\' \'--without\' \'docs\' \'--without\' \'langpacks\' \'--define\' \'__cc dioscc\' \'--define\' \'__cxx diosc++\' \'--define\' \'__cpp dioscc -E\' \'--define\' \'toolchain clang\' \'--define\' \'optflags -O0\' \'--define\' \'build_ldflags -O0\'\\""']
setting SOURCE_DATE_EPOCH=1626825600
Executing(%build): /bin/sh -e /var/tmp/rpm-tmp.2QZsoB
+ umask 022
+ cd /builddir/build/BUILD
+ cd at-3.2.2
+ autoconf
+ rm -f 'lex.yy.*' 'y.tab.*'
+ CFLAGS=-O0
+ export CFLAGS
+ CXXFLAGS=-O0
+ export CXXFLAGS
+ FFLAGS='-O0 -I/usr/lib64/gfortran/modules'
+ export FFLAGS
+ FCFLAGS='-O0 -I/usr/lib64/gfortran/modules'
+ export FCFLAGS
+ LDFLAGS=-O0
+ export LDFLAGS
+ LT_SYS_LIBRARY_PATH=/usr/lib64:
+ export LT_SYS_LIBRARY_PATH
+ CC=dioscc
+ export CC
+ CXX=diosc++
+ export CXX
+ '[' -fltox '!=' x ']'
++ find . -type f -name configure -print
+ for file in $(find . -type f -name configure -print)
+ /usr/bin/sed -r --in-place=.backup 's/^char \(\*f\) \(\) = /__attribute__ ((used)) char (*f) () = /g' ./configure
+ diff -u ./configure.backup ./configure
+ mv ./configure.backup ./configure
+ /usr/bin/sed -r --in-place=.backup 's/^char \(\*f\) \(\);/__attribute__ ((used)) char (*f) ();/g' ./configure
+ diff -u ./configure.backup ./configure
+ mv ./configure.backup ./configure
+ /usr/bin/sed -r --in-place=.backup 's/^char \$2 \(\);/__attribute__ ((used)) char \$2 ();/g' ./configure
+ diff -u ./configure.backup ./configure
--- ./configure.backup	2021-12-01 11:17:10.137217606 +0100
+++ ./configure	2021-12-01 11:17:10.154217505 +0100
@@ -1828,7 +1828,7 @@
 #ifdef __cplusplus
 extern "C"
 #endif
-char $2 ();
+__attribute__ ((used)) char $2 ();
 /* The GNU C library defines this for functions which it implements
     to always fail with ENOSYS.  Some functions are actually named
     something starting with __ and the normal name is an alias.  */
+ /usr/bin/sed --in-place=.backup '1{$!N;$!N};$!N;s/int x = 1;\nint y = 0;\nint z;\nint nan;/volatile int x = 1; volatile int y = 0; volatile int z, nan;/;P;D' ./configure
+ diff -u ./configure.backup ./configure
+ mv ./configure.backup ./configure
+ /usr/bin/sed --in-place=.backup 's#^lt_cv_sys_global_symbol_to_cdecl=.*#lt_cv_sys_global_symbol_to_cdecl="sed -n -e '\''s/^T .* \\(.*\\)$/extern int \\1();/p'\'' -e '\''s/^$symcode* .* \\(.*\\)$/extern char \\1;/p'\''"#' ./configure
+ diff -u ./configure.backup ./configure
+ mv ./configure.backup ./configure
+ '[' 1 = 1 ']'
+++ dirname ./configure
++ find . -name config.guess -o -name config.sub
+ for i in $(find $(dirname ./configure) -name config.guess -o -name config.sub)
++ basename ./config.guess
+ '[' -f /usr/lib/rpm/redhat/config.guess ']'
+ /usr/bin/rm -f ./config.guess
++ basename ./config.guess
+ /usr/bin/cp -fv /usr/lib/rpm/redhat/config.guess ./config.guess
'/usr/lib/rpm/redhat/config.guess' -> './config.guess'
+ for i in $(find $(dirname ./configure) -name config.guess -o -name config.sub)
++ basename ./config.sub
+ '[' -f /usr/lib/rpm/redhat/config.sub ']'
+ /usr/bin/rm -f ./config.sub
++ basename ./config.sub
+ /usr/bin/cp -fv /usr/lib/rpm/redhat/config.sub ./config.sub
'/usr/lib/rpm/redhat/config.sub' -> './config.sub'
+ '[' 1 = 1 ']'
+ '[' x '!=' 'x-Wl,-z,now ' ']'
++ find . -name ltmain.sh
+ ./configure --build=x86_64-redhat-linux-gnu --host=x86_64-redhat-linux-gnu --program-prefix= --disable-dependency-tracking --prefix=/usr --exec-prefix=/usr --bindir=/usr/bin --sbindir=/usr/sbin --sysconfdir=/etc --datadir=/usr/share --includedir=/usr/include --libdir=/usr/lib64 --libexecdir=/usr/libexec --localstatedir=/var --sharedstatedir=/var/lib --mandir=/usr/share/man --infodir=/usr/share/info --with-atspool=/var/spool/at/spool --with-jobdir=/var/spool/at --with-daemon_username=root --with-daemon_groupname=root --with-selinux --with-pam
configure: WARNING: unrecognized options: --disable-dependency-tracking
checking build system type... x86_64-redhat-linux-gnu
checking host system type... x86_64-redhat-linux-gnu
checking for x86_64-redhat-linux-gnu-gcc... dioscc
checking whether the C compiler works... yes
checking for C compiler default output file name... a.out
checking for suffix of executables... 
checking whether we are cross compiling... no
checking for suffix of object files... o
checking whether we are using the GNU C compiler... yes
checking whether dioscc accepts -g... yes
checking for dioscc option to accept ISO C89... none needed
checking for a BSD-compatible install... /usr/bin/install -c
checking whether ln -s works... yes
checking for bison... bison -y
checking for flex... flex
checking lex output file root... lex.yy
checking lex library... none needed
checking whether yytext is a pointer... no
checking HP-UX -Aa... no
checking __attribute__((noreturn))... yes
checking for yywrap in -lfl... no
checking for dirent.h that defines DIR... yes
checking for library containing opendir... none required
checking how to run the C preprocessor... dioscc -E
checking for grep that handles long lines and -e... /usr/bin/grep
checking for egrep... /usr/bin/grep -E
checking for ANSI C header files... yes
checking for sys/wait.h that is POSIX.1 compatible... yes
checking for sys/types.h... yes
checking for sys/stat.h... yes
checking for stdlib.h... yes
checking for string.h... yes
checking for memory.h... no
checking for strings.h... yes
checking for inttypes.h... yes
checking for stdint.h... yes
checking for unistd.h... yes
checking fcntl.h usability... yes
checking fcntl.h presence... yes
checking for fcntl.h... yes
checking syslog.h usability... yes
checking syslog.h presence... yes
checking for syslog.h... yes
checking for unistd.h... (cached) yes
checking errno.h usability... yes
checking errno.h presence... yes
checking for errno.h... yes
checking sys/fcntl.h usability... yes
checking sys/fcntl.h presence... yes
checking for sys/fcntl.h... yes
checking getopt.h usability... yes
checking getopt.h presence... yes
checking for getopt.h... yes
checking stdarg.h usability... yes
checking stdarg.h presence... yes
checking for stdarg.h... yes
checking for an ANSI C-conforming const... yes
checking return type of signal handlers... void
checking for uid_t in sys/types.h... yes
checking for mode_t... yes
checking for off_t... yes
checking for pid_t... yes
checking for size_t... yes
checking whether struct tm is in sys/time.h or time.h... time.h
checking for vprintf... yes
checking for _doprnt... no
checking for getloadavg... no
checking for pstat_getdynamic... no
checking for kstat_open in -lkstat... no
checking for elf_begin in -lelf... no
checking for kvm_open in -lkvm... no
checking for getloadavg in -lutil... no
checking for getloadavg in -lgetloadavg... no
checking for getloadavg... no
checking sys/dg_sys_info.h usability... no
checking sys/dg_sys_info.h presence... no
checking for sys/dg_sys_info.h... no
checking locale.h usability... yes
checking locale.h presence... yes
checking for locale.h... yes
checking for setlocale... yes
checking inq_stats/cpustats.h usability... no
checking inq_stats/cpustats.h presence... no
checking for inq_stats/cpustats.h... no
checking sys/cpustats.h usability... no
checking sys/cpustats.h presence... no
checking for sys/cpustats.h... no
checking mach/mach.h usability... no
checking mach/mach.h presence... no
checking for mach/mach.h... no
checking nlist.h usability... no
checking nlist.h presence... no
checking for nlist.h... no
checking whether getloadavg requires setgid... no
checking for getcwd... yes
checking for mktime... yes
checking for strftime... yes
checking for setreuid... no
checking for setresuid... no
checking for sigaction... yes
checking for waitpid... yes
checking security/pam_appl.h usability... yes
checking security/pam_appl.h presence... yes
checking for security/pam_appl.h... yes
checking for sendmail... /usr/sbin/sendmail
checking etcdir... /etc
checking location of pid file... /var/run
checking location of spool directory... not found
checking jobdir... /var/spool/at
checking atspool... /var/spool/at/spool
checking maximum load average for batch to start jobs... 0.8
checking username to run under... root
checking for pam_start in -lpam... no
checking for is_selinux_enabled in -lselinux... no
configure: error: in `/builddir/build/BUILD/at-3.2.2':
configure: error: --with-selinux is given, but test for selinux failed yes
See `config.log' for more details
error: Bad exit status from /var/tmp/rpm-tmp.2QZsoB (%build)
    Bad exit status from /var/tmp/rpm-tmp.2QZsoB (%build)


RPM build errors:
Finish: chroot ['/bin/su mockbuild -l -c "PATH=/usr/lib64/cswrap:\\$PATH CSWRAP_CAP_FILE=\\$\'/builddir/cswrap-capture.err\' CSWRAP_TIMEOUT=\\$\'30\' CSWRAP_TIMEOUT_FOR=\\$\':\' CC=\\$\'dioscc\' CXX=\\$\'diosc++\' CSEXEC_WRAP_CMD=\\$\'--skip-ld-linux\\\\acsexec-divine\\\\a-l\\\\a/builddir/divine-capture\\\\a-d\\\\acheck --lart stubs -o ignore:exit --max-time 8 \' CSWRAP_ADD_CFLAGS=\\$\'-Wno-unknown-pragmas:-Wno-unknown-warning-option:-O0:-g:-Wl,--dynamic-linker,/usr/bin/csexec-loader:-Wno-unknown-pragmas:-Wl,--dynamic-linker,/usr/bin/csexec-loader\' CSWRAP_DEL_CFLAGS=\\$\'-Werror*:-fdiagnostics-color*:-no-canonical-prefixes:-Wno-error=deprecated-register:-O1:-O2:-O3:-Os:-Ofast:-Og:-Werror*:-fdiagnostics-color*:-no-canonical-prefixes:-Wno-error=deprecated-register\' CSWRAP_ADD_CXXFLAGS=\\$\'-Wno-unknown-warning-option:-O0:-g:-Wl,--dynamic-linker,/usr/bin/csexec-loader:-Wl,--dynamic-linker,/usr/bin/csexec-loader\' CSWRAP_DEL_CXXFLAGS=\\$\'-Werror*:-fdiagnostics-color*:-no-canonical-prefixes:-Wno-error=deprecated-register:-O1:-O2:-O3:-Os:-Ofast:-Og:-Werror*:-fdiagnostics-color*:-no-canonical-prefixes:-Wno-error=deprecated-register\' sh -c \\"rpmbuild -bc --nodeps --short-circuit /builddir/build/SPECS/at.spec \'--define\' \'apidocs 0\' \'--define\' \'with_publican 0\' \'--without\' \'docs\' \'--without\' \'langpacks\' \'--define\' \'__cc dioscc\' \'--define\' \'__cxx diosc++\' \'--define\' \'__cpp dioscc -E\' \'--define\' \'toolchain clang\' \'--define\' \'optflags -O0\' \'--define\' \'build_ldflags -O0\'\\""']

!!! 2021-12-01 11:17:19	error: %build failed

>>> 2021-12-01 11:17:19	"/usr/bin/mock-unbuffered" "-r" "fedora-35-x86_64" "--plugin-option=tmpfs:keep_mounted=True" "--config-opts=print_main_output=True" "--chroot" "/bin/su mockbuild -l -c \"PATH=/usr/lib64/cswrap:\\\$PATH CSWRAP_CAP_FILE=\\\$'/builddir/cswrap-capture.err' CSWRAP_TIMEOUT=\\\$'30' CSWRAP_TIMEOUT_FOR=\\\$':' CC=\\\$'dioscc' CXX=\\\$'diosc++' CSEXEC_WRAP_CMD=\\\$'--skip-ld-linux\\\\acsexec-divine\\\\a-l\\\\a/builddir/divine-capture\\\\a-d\\\\acheck --lart stubs -o ignore:exit --max-time 8 ' CSWRAP_ADD_CFLAGS=\\\$'-Wno-unknown-pragmas:-Wno-unknown-warning-option:-O0:-g:-Wl,--dynamic-linker,/usr/bin/csexec-loader:-Wno-unknown-pragmas:-Wl,--dynamic-linker,/usr/bin/csexec-loader' CSWRAP_DEL_CFLAGS=\\\$'-Werror*:-fdiagnostics-color*:-no-canonical-prefixes:-Wno-error=deprecated-register:-O1:-O2:-O3:-Os:-Ofast:-Og:-Werror*:-fdiagnostics-color*:-no-canonical-prefixes:-Wno-error=deprecated-register' CSWRAP_ADD_CXXFLAGS=\\\$'-Wno-unknown-warning-option:-O0:-g:-Wl,--dynamic-linker,/usr/bin/csexec-loader:-Wl,--dynamic-linker,/usr/bin/csexec-loader' CSWRAP_DEL_CXXFLAGS=\\\$'-Werror*:-fdiagnostics-color*:-no-canonical-prefixes:-Wno-error=deprecated-register:-O1:-O2:-O3:-Os:-Ofast:-Og:-Werror*:-fdiagnostics-color*:-no-canonical-prefixes:-Wno-error=deprecated-register' sh -c \\\"rpmbuild -bi --nodeps --short-circuit /builddir/build/SPECS/at.spec '--define' 'apidocs 0' '--define' 'with_publican 0' '--without' 'docs' '--without' 'langpacks' '--define' '__cc dioscc' '--define' '__cxx diosc++' '--define' '__cpp dioscc -E' '--define' 'toolchain clang' '--define' 'optflags -O0' '--define' 'build_ldflags -O0'\\\"\""
INFO: mock.py version 2.13 starting (python version = 3.6.8, NVR = mock-2.13-1.kdudka.1.el7)...
Start(bootstrap): init plugins
INFO: selinux enabled
Finish(bootstrap): init plugins
Start: init plugins
INFO: selinux enabled
Finish: init plugins
INFO: Signal handler active
Start: run
Start(bootstrap): chroot init
INFO: calling preinit hooks
INFO: enabled root cache
INFO: enabled package manager cache
Start(bootstrap): cleaning package manager metadata
Finish(bootstrap): cleaning package manager metadata
INFO: enabled HW Info plugin
Mock Version: 2.13
INFO: Mock Version: 2.13
Finish(bootstrap): chroot init
Start: chroot init
INFO: calling preinit hooks
INFO: enabled root cache
INFO: enabled package manager cache
Start: cleaning package manager metadata
Finish: cleaning package manager metadata
INFO: enabled HW Info plugin
Mock Version: 2.13
INFO: Mock Version: 2.13
Finish: chroot init
INFO: Running in chroot: ['/bin/su mockbuild -l -c "PATH=/usr/lib64/cswrap:\\$PATH CSWRAP_CAP_FILE=\\$\'/builddir/cswrap-capture.err\' CSWRAP_TIMEOUT=\\$\'30\' CSWRAP_TIMEOUT_FOR=\\$\':\' CC=\\$\'dioscc\' CXX=\\$\'diosc++\' CSEXEC_WRAP_CMD=\\$\'--skip-ld-linux\\\\acsexec-divine\\\\a-l\\\\a/builddir/divine-capture\\\\a-d\\\\acheck --lart stubs -o ignore:exit --max-time 8 \' CSWRAP_ADD_CFLAGS=\\$\'-Wno-unknown-pragmas:-Wno-unknown-warning-option:-O0:-g:-Wl,--dynamic-linker,/usr/bin/csexec-loader:-Wno-unknown-pragmas:-Wl,--dynamic-linker,/usr/bin/csexec-loader\' CSWRAP_DEL_CFLAGS=\\$\'-Werror*:-fdiagnostics-color*:-no-canonical-prefixes:-Wno-error=deprecated-register:-O1:-O2:-O3:-Os:-Ofast:-Og:-Werror*:-fdiagnostics-color*:-no-canonical-prefixes:-Wno-error=deprecated-register\' CSWRAP_ADD_CXXFLAGS=\\$\'-Wno-unknown-warning-option:-O0:-g:-Wl,--dynamic-linker,/usr/bin/csexec-loader:-Wl,--dynamic-linker,/usr/bin/csexec-loader\' CSWRAP_DEL_CXXFLAGS=\\$\'-Werror*:-fdiagnostics-color*:-no-canonical-prefixes:-Wno-error=deprecated-register:-O1:-O2:-O3:-Os:-Ofast:-Og:-Werror*:-fdiagnostics-color*:-no-canonical-prefixes:-Wno-error=deprecated-register\' sh -c \\"rpmbuild -bi --nodeps --short-circuit /builddir/build/SPECS/at.spec \'--define\' \'apidocs 0\' \'--define\' \'with_publican 0\' \'--without\' \'docs\' \'--without\' \'langpacks\' \'--define\' \'__cc dioscc\' \'--define\' \'__cxx diosc++\' \'--define\' \'__cpp dioscc -E\' \'--define\' \'toolchain clang\' \'--define\' \'optflags -O0\' \'--define\' \'build_ldflags -O0\'\\""']
Start: chroot ['/bin/su mockbuild -l -c "PATH=/usr/lib64/cswrap:\\$PATH CSWRAP_CAP_FILE=\\$\'/builddir/cswrap-capture.err\' CSWRAP_TIMEOUT=\\$\'30\' CSWRAP_TIMEOUT_FOR=\\$\':\' CC=\\$\'dioscc\' CXX=\\$\'diosc++\' CSEXEC_WRAP_CMD=\\$\'--skip-ld-linux\\\\acsexec-divine\\\\a-l\\\\a/builddir/divine-capture\\\\a-d\\\\acheck --lart stubs -o ignore:exit --max-time 8 \' CSWRAP_ADD_CFLAGS=\\$\'-Wno-unknown-pragmas:-Wno-unknown-warning-option:-O0:-g:-Wl,--dynamic-linker,/usr/bin/csexec-loader:-Wno-unknown-pragmas:-Wl,--dynamic-linker,/usr/bin/csexec-loader\' CSWRAP_DEL_CFLAGS=\\$\'-Werror*:-fdiagnostics-color*:-no-canonical-prefixes:-Wno-error=deprecated-register:-O1:-O2:-O3:-Os:-Ofast:-Og:-Werror*:-fdiagnostics-color*:-no-canonical-prefixes:-Wno-error=deprecated-register\' CSWRAP_ADD_CXXFLAGS=\\$\'-Wno-unknown-warning-option:-O0:-g:-Wl,--dynamic-linker,/usr/bin/csexec-loader:-Wl,--dynamic-linker,/usr/bin/csexec-loader\' CSWRAP_DEL_CXXFLAGS=\\$\'-Werror*:-fdiagnostics-color*:-no-canonical-prefixes:-Wno-error=deprecated-register:-O1:-O2:-O3:-Os:-Ofast:-Og:-Werror*:-fdiagnostics-color*:-no-canonical-prefixes:-Wno-error=deprecated-register\' sh -c \\"rpmbuild -bi --nodeps --short-circuit /builddir/build/SPECS/at.spec \'--define\' \'apidocs 0\' \'--define\' \'with_publican 0\' \'--without\' \'docs\' \'--without\' \'langpacks\' \'--define\' \'__cc dioscc\' \'--define\' \'__cxx diosc++\' \'--define\' \'__cpp dioscc -E\' \'--define\' \'toolchain clang\' \'--define\' \'optflags -O0\' \'--define\' \'build_ldflags -O0\'\\""']
setting SOURCE_DATE_EPOCH=1626825600
Executing(%install): /bin/sh -e /var/tmp/rpm-tmp.2U8XRH
+ umask 022
+ cd /builddir/build/BUILD
+ '[' /builddir/build/BUILDROOT/at-3.2.2-2.fc35.x86_64 '!=' / ']'
+ rm -rf /builddir/build/BUILDROOT/at-3.2.2-2.fc35.x86_64
++ dirname /builddir/build/BUILDROOT/at-3.2.2-2.fc35.x86_64
+ mkdir -p /builddir/build/BUILDROOT
+ mkdir /builddir/build/BUILDROOT/at-3.2.2-2.fc35.x86_64
+ cd at-3.2.2
++ id -nu
++ id -ng
++ id -nu
++ id -nu
+ make install DAEMON_USERNAME=mockbuild DAEMON_GROUPNAME=mock DESTDIR=/builddir/build/BUILDROOT/at-3.2.2-2.fc35.x86_64 sbindir=/builddir/build/BUILDROOT/at-3.2.2-2.fc35.x86_64/usr/sbin bindir=/builddir/build/BUILDROOT/at-3.2.2-2.fc35.x86_64/usr/bin prefix=/builddir/build/BUILDROOT/at-3.2.2-2.fc35.x86_64/usr exec_prefix=/builddir/build/BUILDROOT/at-3.2.2-2.fc35.x86_64/usr docdir=/builddir/build/BUILDROOT/at-3.2.2-2.fc35.x86_64/usr/doc mandir=/builddir/build/BUILDROOT/at-3.2.2-2.fc35.x86_64/usr/share/man etcdir=/builddir/build/BUILDROOT/at-3.2.2-2.fc35.x86_64/etc ATJOB_DIR=/builddir/build/BUILDROOT/at-3.2.2-2.fc35.x86_64/var/spool/at ATSPOOL_DIR=/builddir/build/BUILDROOT/at-3.2.2-2.fc35.x86_64/var/spool/at/spool INSTALL_ROOT_USER=mockbuild INSTALL_ROOT_GROUP=mockbuild
make.orig: *** No rule to make target 'install'.
error: Bad exit status from /var/tmp/rpm-tmp.2U8XRH (%install)


RPM build errors:
    Bad exit status from /var/tmp/rpm-tmp.2U8XRH (%install)
Finish: chroot ['/bin/su mockbuild -l -c "PATH=/usr/lib64/cswrap:\\$PATH CSWRAP_CAP_FILE=\\$\'/builddir/cswrap-capture.err\' CSWRAP_TIMEOUT=\\$\'30\' CSWRAP_TIMEOUT_FOR=\\$\':\' CC=\\$\'dioscc\' CXX=\\$\'diosc++\' CSEXEC_WRAP_CMD=\\$\'--skip-ld-linux\\\\acsexec-divine\\\\a-l\\\\a/builddir/divine-capture\\\\a-d\\\\acheck --lart stubs -o ignore:exit --max-time 8 \' CSWRAP_ADD_CFLAGS=\\$\'-Wno-unknown-pragmas:-Wno-unknown-warning-option:-O0:-g:-Wl,--dynamic-linker,/usr/bin/csexec-loader:-Wno-unknown-pragmas:-Wl,--dynamic-linker,/usr/bin/csexec-loader\' CSWRAP_DEL_CFLAGS=\\$\'-Werror*:-fdiagnostics-color*:-no-canonical-prefixes:-Wno-error=deprecated-register:-O1:-O2:-O3:-Os:-Ofast:-Og:-Werror*:-fdiagnostics-color*:-no-canonical-prefixes:-Wno-error=deprecated-register\' CSWRAP_ADD_CXXFLAGS=\\$\'-Wno-unknown-warning-option:-O0:-g:-Wl,--dynamic-linker,/usr/bin/csexec-loader:-Wl,--dynamic-linker,/usr/bin/csexec-loader\' CSWRAP_DEL_CXXFLAGS=\\$\'-Werror*:-fdiagnostics-color*:-no-canonical-prefixes:-Wno-error=deprecated-register:-O1:-O2:-O3:-Os:-Ofast:-Og:-Werror*:-fdiagnostics-color*:-no-canonical-prefixes:-Wno-error=deprecated-register\' sh -c \\"rpmbuild -bi --nodeps --short-circuit /builddir/build/SPECS/at.spec \'--define\' \'apidocs 0\' \'--define\' \'with_publican 0\' \'--without\' \'docs\' \'--without\' \'langpacks\' \'--define\' \'__cc dioscc\' \'--define\' \'__cxx diosc++\' \'--define\' \'__cpp dioscc -E\' \'--define\' \'toolchain clang\' \'--define\' \'optflags -O0\' \'--define\' \'build_ldflags -O0\'\\""']

!!! 2021-12-01 11:17:22	error: %install failed

>>> 2021-12-01 11:17:22	"'/usr/bin/mock-unbuffered' '-r' 'fedora-35-x86_64' '--plugin-option=tmpfs:keep_mounted=True' '--config-opts=print_main_output=True' '--quiet' '--shell' 'tar -c --remove-files '/builddir/cswrap-capture.err' '/builddir/divine-capture'' | tar -xC '/home/kdudka/aufover-benchmark/workdir-for-sync/rpm-pkgs/at-3.2.2-2.fc35/divine/output/debug/raw-results'"
tar: Removing leading `/' from member names
tar: Removing leading `/' from hard link targets

>>> 2021-12-01 11:17:24	"csgrep --mode=json --remove-duplicates '/home/kdudka/aufover-benchmark/workdir-for-sync/rpm-pkgs/at-3.2.2-2.fc35/divine/output/debug/raw-results/builddir/divine-capture'/pid-*.conv > '/home/kdudka/aufover-benchmark/workdir-for-sync/rpm-pkgs/at-3.2.2-2.fc35/divine/output/debug/uni-results/divine-capture.js'"
/home/kdudka/aufover-benchmark/workdir-for-sync/rpm-pkgs/at-3.2.2-2.fc35/divine/output/debug/raw-results/builddir/divine-capture/pid-*.conv: failed to open input file

!!! 2021-12-01 11:17:24	error: post-process hook failed

scan.ini: time-finished = 2021-12-01 11:17:24
scan.ini: exit-code = 1
>>> 2021-12-01 11:17:24	"cslinker --quiet --cwelist '/usr/share/csmock/cwe-map.csv' --inifile '/home/kdudka/aufover-benchmark/workdir-for-sync/rpm-pkgs/at-3.2.2-2.fc35/divine/output/scan.ini' '/home/kdudka/aufover-benchmark/workdir-for-sync/rpm-pkgs/at-3.2.2-2.fc35/divine/output/debug/uni-results'/* > '/home/kdudka/aufover-benchmark/workdir-for-sync/rpm-pkgs/at-3.2.2-2.fc35/divine/output/debug/scan-results-all.js'"

>>> 2021-12-01 11:17:24	"'/usr/bin/mock-unbuffered' '-r' 'fedora-35-x86_64' '--plugin-option=tmpfs:keep_mounted=True' '--config-opts=print_main_output=True' '--quiet' '--shell' 'csgrep --mode=json --embed-context 3' < '/home/kdudka/aufover-benchmark/workdir-for-sync/rpm-pkgs/at-3.2.2-2.fc35/divine/output/debug/scan-results-all.js' > '/home/kdudka/aufover-benchmark/workdir-for-sync/rpm-pkgs/at-3.2.2-2.fc35/divine/output/debug/scan-results-all.js.tmp'"

>>> 2021-12-01 11:17:26	"/usr/bin/mock-unbuffered" "-r" "fedora-35-x86_64" "--plugin-option=tmpfs:keep_mounted=True" "--config-opts=print_main_output=True" "--quiet" "--clean"

>>> 2021-12-01 11:17:29	"cat '/home/kdudka/aufover-benchmark/workdir-for-sync/rpm-pkgs/at-3.2.2-2.fc35/divine/output/debug/scan-results-all.js' | sed 's|/builddir/build/BUILDROOT/[^/]*/|/builddir/build/BUILD//|' | csgrep --mode=json --path '^/builddir/build/BUILD/' --strip-path-prefix /builddir/build/BUILD/ | csgrep --mode=json --invert-match --path '^ksh-.*[0-9]+\\.c\$' | csgrep --mode=json --invert-match --path 'CMakeFiles/CMakeTmp|conftest.c' | csdiff --json-output --show-internal \"/usr/share/csmock/known-false-positives.js\" - | cssort --key=path > '/home/kdudka/aufover-benchmark/workdir-for-sync/rpm-pkgs/at-3.2.2-2.fc35/divine/output/scan-results.js'"

>>> 2021-12-01 11:17:30	"sed 's|/builddir/build/BUILDROOT/[^/]*/|/builddir/build/BUILD//|' '/home/kdudka/aufover-benchmark/workdir-for-sync/rpm-pkgs/at-3.2.2-2.fc35/divine/output/debug/scan-results-all.js' | csgrep --mode=json --strip-path-prefix /builddir/build/BUILD/ | csdiff --show-internal '/home/kdudka/aufover-benchmark/workdir-for-sync/rpm-pkgs/at-3.2.2-2.fc35/divine/output/scan-results.js' - | cssort > '/home/kdudka/aufover-benchmark/workdir-for-sync/rpm-pkgs/at-3.2.2-2.fc35/divine/output/debug/suppressed-results.js'"

>>> 2021-12-01 11:17:30	"\"bash\" \"-c\" \"csgrep '/home/kdudka/aufover-benchmark/workdir-for-sync/rpm-pkgs/at-3.2.2-2.fc35/divine/output/debug/suppressed-results.js' --mode=json --checker '^(COMPILER_WARNING)\\\$' | csdiff <(csgrep '/home/kdudka/aufover-benchmark/workdir-for-sync/rpm-pkgs/at-3.2.2-2.fc35/divine/output/debug/suppressed-results.js' --mode=json --drop-scan-props --invert-regex --checker '^()\\\$' --event '-W(address|bool-compare|builtin-declaration-mismatch|format-overflow|implicit-function-declaration|implicit-int|int-in-bool-context|logical-not-parentheses|logical-op|memset-transposed-args|misleading-indentation|pointer-compare|stack-protector|stringop-overflow|switch-unreachable|tautological-compare)=?\\\\]\\\$') - > '/home/kdudka/aufover-benchmark/workdir-for-sync/rpm-pkgs/at-3.2.2-2.fc35/divine/output/debug/suppressed-results-imp.js'\""

>>> 2021-12-01 11:17:30	"csgrep --mode=grep --invert-match --event \"internal warning\" --prune-events=1 '/home/kdudka/aufover-benchmark/workdir-for-sync/rpm-pkgs/at-3.2.2-2.fc35/divine/output/debug/suppressed-results-imp.js' > '/home/kdudka/aufover-benchmark/workdir-for-sync/rpm-pkgs/at-3.2.2-2.fc35/divine/output/debug/suppressed-results-imp.err'"

>>> 2021-12-01 11:17:30	"csgrep --mode=json --invert-match --event \"internal warning\" --prune-events=1 '/home/kdudka/aufover-benchmark/workdir-for-sync/rpm-pkgs/at-3.2.2-2.fc35/divine/output/debug/suppressed-results-imp.js' | cshtml - > '/home/kdudka/aufover-benchmark/workdir-for-sync/rpm-pkgs/at-3.2.2-2.fc35/divine/output/debug/suppressed-results-imp.html'"

>>> 2021-12-01 11:17:30	"csgrep --mode=evtstat --invert-match --event \"internal warning\" --prune-events=1 '/home/kdudka/aufover-benchmark/workdir-for-sync/rpm-pkgs/at-3.2.2-2.fc35/divine/output/debug/suppressed-results-imp.js' | tee '/home/kdudka/aufover-benchmark/workdir-for-sync/rpm-pkgs/at-3.2.2-2.fc35/divine/output/debug/suppressed-results-imp-summary.txt'"

>>> 2021-12-01 11:17:30	"cslinker --implist '/home/kdudka/aufover-benchmark/workdir-for-sync/rpm-pkgs/at-3.2.2-2.fc35/divine/output/debug/suppressed-results-imp.js' '/home/kdudka/aufover-benchmark/workdir-for-sync/rpm-pkgs/at-3.2.2-2.fc35/divine/output/debug/suppressed-results.js' > '/home/kdudka/aufover-benchmark/workdir-for-sync/rpm-pkgs/at-3.2.2-2.fc35/divine/output/debug/suppressed-results-tmp.js' && mv -v '/home/kdudka/aufover-benchmark/workdir-for-sync/rpm-pkgs/at-3.2.2-2.fc35/divine/output/debug/suppressed-results-tmp.js' '/home/kdudka/aufover-benchmark/workdir-for-sync/rpm-pkgs/at-3.2.2-2.fc35/divine/output/debug/suppressed-results.js'"
'/home/kdudka/aufover-benchmark/workdir-for-sync/rpm-pkgs/at-3.2.2-2.fc35/divine/output/debug/suppressed-results-tmp.js' -> '/home/kdudka/aufover-benchmark/workdir-for-sync/rpm-pkgs/at-3.2.2-2.fc35/divine/output/debug/suppressed-results.js'

>>> 2021-12-01 11:17:30	"csgrep --mode=grep --invert-match --event \"internal warning\" --prune-events=1 '/home/kdudka/aufover-benchmark/workdir-for-sync/rpm-pkgs/at-3.2.2-2.fc35/divine/output/debug/suppressed-results.js' > '/home/kdudka/aufover-benchmark/workdir-for-sync/rpm-pkgs/at-3.2.2-2.fc35/divine/output/debug/suppressed-results.err'"

>>> 2021-12-01 11:17:30	"csgrep --mode=json --invert-match --event \"internal warning\" --prune-events=1 '/home/kdudka/aufover-benchmark/workdir-for-sync/rpm-pkgs/at-3.2.2-2.fc35/divine/output/debug/suppressed-results.js' | cshtml - > '/home/kdudka/aufover-benchmark/workdir-for-sync/rpm-pkgs/at-3.2.2-2.fc35/divine/output/debug/suppressed-results.html'"

>>> 2021-12-01 11:17:30	"csgrep --mode=evtstat --invert-match --event \"internal warning\" --prune-events=1 '/home/kdudka/aufover-benchmark/workdir-for-sync/rpm-pkgs/at-3.2.2-2.fc35/divine/output/debug/suppressed-results.js' | tee '/home/kdudka/aufover-benchmark/workdir-for-sync/rpm-pkgs/at-3.2.2-2.fc35/divine/output/debug/suppressed-results-summary.txt'"

>>> 2021-12-01 11:17:30	"\"bash\" \"-c\" \"csgrep '/home/kdudka/aufover-benchmark/workdir-for-sync/rpm-pkgs/at-3.2.2-2.fc35/divine/output/scan-results.js' --mode=json --checker '^(COMPILER_WARNING)\\\$' | csdiff <(csgrep '/home/kdudka/aufover-benchmark/workdir-for-sync/rpm-pkgs/at-3.2.2-2.fc35/divine/output/scan-results.js' --mode=json --drop-scan-props --invert-regex --checker '^()\\\$' --event '-W(address|bool-compare|builtin-declaration-mismatch|format-overflow|implicit-function-declaration|implicit-int|int-in-bool-context|logical-not-parentheses|logical-op|memset-transposed-args|misleading-indentation|pointer-compare|stack-protector|stringop-overflow|switch-unreachable|tautological-compare)=?\\\\]\\\$') - > '/home/kdudka/aufover-benchmark/workdir-for-sync/rpm-pkgs/at-3.2.2-2.fc35/divine/output/scan-results-imp.js'\""

>>> 2021-12-01 11:17:30	"csgrep --mode=grep --invert-match --event \"internal warning\" --prune-events=1 '/home/kdudka/aufover-benchmark/workdir-for-sync/rpm-pkgs/at-3.2.2-2.fc35/divine/output/scan-results-imp.js' > '/home/kdudka/aufover-benchmark/workdir-for-sync/rpm-pkgs/at-3.2.2-2.fc35/divine/output/scan-results-imp.err'"

>>> 2021-12-01 11:17:30	"csgrep --mode=json --invert-match --event \"internal warning\" --prune-events=1 '/home/kdudka/aufover-benchmark/workdir-for-sync/rpm-pkgs/at-3.2.2-2.fc35/divine/output/scan-results-imp.js' | cshtml - > '/home/kdudka/aufover-benchmark/workdir-for-sync/rpm-pkgs/at-3.2.2-2.fc35/divine/output/scan-results-imp.html'"

>>> 2021-12-01 11:17:30	"csgrep --mode=evtstat --invert-match --event \"internal warning\" --prune-events=1 '/home/kdudka/aufover-benchmark/workdir-for-sync/rpm-pkgs/at-3.2.2-2.fc35/divine/output/scan-results-imp.js' | tee '/home/kdudka/aufover-benchmark/workdir-for-sync/rpm-pkgs/at-3.2.2-2.fc35/divine/output/scan-results-imp-summary.txt'"

>>> 2021-12-01 11:17:30	"cslinker --implist '/home/kdudka/aufover-benchmark/workdir-for-sync/rpm-pkgs/at-3.2.2-2.fc35/divine/output/scan-results-imp.js' '/home/kdudka/aufover-benchmark/workdir-for-sync/rpm-pkgs/at-3.2.2-2.fc35/divine/output/scan-results.js' > '/home/kdudka/aufover-benchmark/workdir-for-sync/rpm-pkgs/at-3.2.2-2.fc35/divine/output/scan-results-tmp.js' && mv -v '/home/kdudka/aufover-benchmark/workdir-for-sync/rpm-pkgs/at-3.2.2-2.fc35/divine/output/scan-results-tmp.js' '/home/kdudka/aufover-benchmark/workdir-for-sync/rpm-pkgs/at-3.2.2-2.fc35/divine/output/scan-results.js'"
'/home/kdudka/aufover-benchmark/workdir-for-sync/rpm-pkgs/at-3.2.2-2.fc35/divine/output/scan-results-tmp.js' -> '/home/kdudka/aufover-benchmark/workdir-for-sync/rpm-pkgs/at-3.2.2-2.fc35/divine/output/scan-results.js'

>>> 2021-12-01 11:17:30	"csgrep --mode=grep --invert-match --event \"internal warning\" --prune-events=1 '/home/kdudka/aufover-benchmark/workdir-for-sync/rpm-pkgs/at-3.2.2-2.fc35/divine/output/scan-results.js' > '/home/kdudka/aufover-benchmark/workdir-for-sync/rpm-pkgs/at-3.2.2-2.fc35/divine/output/scan-results.err'"

>>> 2021-12-01 11:17:30	"csgrep --mode=json --invert-match --event \"internal warning\" --prune-events=1 '/home/kdudka/aufover-benchmark/workdir-for-sync/rpm-pkgs/at-3.2.2-2.fc35/divine/output/scan-results.js' | cshtml - > '/home/kdudka/aufover-benchmark/workdir-for-sync/rpm-pkgs/at-3.2.2-2.fc35/divine/output/scan-results.html'"

>>> 2021-12-01 11:17:30	"csgrep --mode=evtstat --invert-match --event \"internal warning\" --prune-events=1 '/home/kdudka/aufover-benchmark/workdir-for-sync/rpm-pkgs/at-3.2.2-2.fc35/divine/output/scan-results.js' | tee '/home/kdudka/aufover-benchmark/workdir-for-sync/rpm-pkgs/at-3.2.2-2.fc35/divine/output/scan-results-summary.txt'"

<<< 2021-12-01 11:17:30	csmock exit code: 1

