Error: SYMBIOTIC_WARNING:
findutils-4.8.0/build/gl/lib/../../../gl/lib/fflush.c:43: error: memory error: out of bound pointer
findutils-4.8.0/build/gl/lib/../../../gl/lib/fflush.c:43: note: call stack: function clear_ungetc_buffer_preserving_position (=140528833447104)
findutils-4.8.0/build/gl/lib/../../../gl/lib/fflush.c:156: note: call stack: function rpl_fflush (=140528833447104)
findutils-4.8.0/build/gnulib-tests/../../gnulib-tests/test-wcrtomb.c:68: note: call stack: function main (=2, =0)
findutils-4.8.0/build/gl/lib/../../../gl/lib/fflush.c:43: note: Additional Info: address: 0:140528833447104
findutils-4.8.0/build/gl/lib/../../../gl/lib/fflush.c:43: note: Additional Info: pointing to: none
findutils-4.8.0/build/gnulib-tests/../../gnulib-tests/test-wcrtomb.c:61:7: note: Non-deterministic values: setlocale: len 8 bytes, [0x1|7 times 0x0] (i64: 1)
/builddir/build/BUILD/findutils-4.8.0/build/gnulib-tests/../../gnulib-tests/test-wcrtomb.c:61:7 (offset): note: Non-deterministic values: setlocale: len 8 bytes, [8 times 0x0] (i64: 0)
findutils-4.8.0/build/gnulib-tests/../../gnulib-tests/test-wcrtomb.c:67:11: note: Non-deterministic values: wcrtomb: len 8 bytes, [8 times 0x0] (i64: 0)
findutils-4.8.0/build/gl/lib/../../../gl/lib/fflush.c:150:27: note: Non-deterministic values: __freading: len 4 bytes, [0x1|3 times 0x0] (i32: 1)
#   41|   clear_ungetc_buffer_preserving_position (FILE *fp)
#   42|   {
#   43|->   if (fp->_flags & _IO_IN_BACKUP)
#   44|       /* _IO_free_backup_area is a bit complicated.  Simply call fseek.  */
#   45|       fseeko (fp, 0, SEEK_CUR);

Error: SYMBIOTIC_WARNING:
findutils-4.8.0/build/gl/lib/../../../gl/lib/freadahead.c:38: error: memory error: out of bound pointer
findutils-4.8.0/build/gl/lib/../../../gl/lib/freadahead.c:38: note: call stack: function freadahead (=140187031517376)
findutils-4.8.0/build/gl/lib/../../../gl/lib/closein.c:87: note: call stack: function close_stdin ()
/opt/symbiotic/lib/libc/klee/atexit.c:13: note: call stack: function RunAtExit ()
findutils-4.8.0/build/gnulib-tests/../../gnulib-tests/test-yesno.c:61: note: call stack: function main (=2, =0)
findutils-4.8.0/build/gl/lib/../../../gl/lib/freadahead.c:38: note: Additional Info: address: 0:140187031517416
findutils-4.8.0/build/gl/lib/../../../gl/lib/freadahead.c:38: note: Additional Info: pointing to: none
findutils-4.8.0/build/gl/lib/../../../gl/lib/yesno.c:39:26: note: Non-deterministic values: getline: len 8 bytes, [8 times 0x0] (i64: 0)
/opt/symbiotic/lib/libc/klee/puts.c:3:16: note: Non-deterministic values: __VERIFIER_nondet_int: len 4 bytes, [4 times 0x0] (i32: 0)
#   36|   #if defined _IO_EOF_SEEN || defined _IO_ftrylockfile || __GNU_LIBRARY__ == 1
#   37|     /* GNU libc, BeOS, Haiku, Linux libc5 */
#   38|->   if (fp->_IO_write_ptr > fp->_IO_write_base)
#   39|       return 0;
#   40|     return (fp->_IO_read_end - fp->_IO_read_ptr)

Error: SYMBIOTIC_WARNING:
findutils-4.8.0/build/gl/lib/../../../gl/lib/fseeko.c:52: error: memory error: out of bound pointer
findutils-4.8.0/build/gl/lib/../../../gl/lib/fseeko.c:52: note: call stack: function rpl_fseeko (=140340701837504, =0, =1)
findutils-4.8.0/build/gl/lib/../../../gl/lib/fseek.c:29: note: call stack: function rpl_fseek (=140340701837504, =0, =1)
findutils-4.8.0/build/gnulib-tests/../../gnulib-tests/test-fseek.c:41: note: call stack: function main (=2, =0)
findutils-4.8.0/build/gl/lib/../../../gl/lib/fseeko.c:52: note: Additional Info: address: 0:140340701837520
findutils-4.8.0/build/gl/lib/../../../gl/lib/fseeko.c:52: note: Additional Info: pointing to: none
#   50|   #if defined _IO_EOF_SEEN || defined _IO_ftrylockfile || __GNU_LIBRARY__ == 1
#   51|     /* GNU libc, BeOS, Haiku, Linux libc5 */
#   52|->   if (fp->_IO_read_end == fp->_IO_read_ptr
#   53|         && fp->_IO_write_ptr == fp->_IO_write_base
#   54|         && fp->_IO_save_base == NULL)

Error: SYMBIOTIC_WARNING:
findutils-4.8.0/build/gl/lib/../../../gl/lib/xalloc-die.c:40: error: abort failure
findutils-4.8.0/build/gl/lib/../../../gl/lib/xalloc-die.c:40: note: call stack: function xalloc_die ()
findutils-4.8.0/build/gl/lib/../../../gl/lib/xstrndup.c:34: note: call stack: function xstrndup (=2, =1)
findutils-4.8.0/build/gl/lib/../../../gl/lib/basename.c:57: note: call stack: function base_name (=0)
findutils-4.8.0/build/gnulib-tests/../../gnulib-tests/test-dirname.c:142: note: call stack: function main ()
findutils-4.8.0/build/gl/lib/../../../gl/lib/xstrndup.c:32:13: note: Non-deterministic values: strndup: len 8 bytes, [8 times 0x0] (i64: 0)
#   38|        xalloc_die does not return, call abort.  Also, the abort is a
#   39|        safety feature if exit_failure is 0 (which shouldn't happen).  */
#   40|->   abort ();
#   41|   }

Error: SYMBIOTIC_WARNING:
findutils-4.8.0/build/gl/lib/../../../gl/lib/xstrtol.c:127: error: memory error: out of bound pointer
findutils-4.8.0/build/gl/lib/../../../gl/lib/xstrtol.c:127: note: call stack: function xstrtol (=0, =0, =0, =0, =0)
findutils-4.8.0/build/gnulib-tests/../../gnulib-tests/test-xstrtol.c:51: note: call stack: function main (=2, =0)
findutils-4.8.0/build/gl/lib/../../../gl/lib/xstrtol.c:127: note: Additional Info: address: 0:12370169555311111083
findutils-4.8.0/build/gl/lib/../../../gl/lib/xstrtol.c:127: note: Additional Info: pointing to: none
findutils-4.8.0/build/gl/lib/../../../gl/lib/xstrtol.c:100:9: note: Non-deterministic values: strtol: len 8 bytes, [8 times 0x0] (i64: 0)
#  125|       }
#  126|   
#  127|->   if (**p != '\0')
#  128|       {
#  129|         int base = 1024;

Error: SYMBIOTIC_WARNING:
findutils-4.8.0/build/gl/lib/../../../gl/lib/yesno.c:47: error: memory error: out of bound pointer
findutils-4.8.0/build/gl/lib/../../../gl/lib/yesno.c:47: note: call stack: function yesno ()
findutils-4.8.0/build/gnulib-tests/../../gnulib-tests/test-yesno.c:60: note: call stack: function main (=2, =0)
findutils-4.8.0/build/gl/lib/../../../gl/lib/yesno.c:47: note: Additional Info: address: 0:(Add w64 18446744073709551615
findutils-4.8.0/build/gl/lib/../../../gl/lib/yesno.c:47: note: Additional Info: (ReadLSB w64 0 getline))
findutils-4.8.0/build/gl/lib/../../../gl/lib/yesno.c:47: note: Additional Info: example: 0:0
findutils-4.8.0/build/gl/lib/../../../gl/lib/yesno.c:47: note: Additional Info: segment range: [0, 0]
findutils-4.8.0/build/gl/lib/../../../gl/lib/yesno.c:47: note: Additional Info: offset range: [0, 9223372036854775806]
findutils-4.8.0/build/gl/lib/../../../gl/lib/yesno.c:47: note: Additional Info: pointing to: none
findutils-4.8.0/build/gl/lib/../../../gl/lib/yesno.c:39:26: note: Non-deterministic values: getline: len 8 bytes, [0x1|7 times 0x0] (i64: 1)
#   45|         /* Remove EOL if present as that's not part of the matched response,
#   46|            and not matched by $ for example.  */
#   47|->       if (response[response_len - 1] == '\n')
#   48|           response[response_len - 1] = '\0';
#   49|         yes = (0 < rpmatch (response));

Error: SYMBIOTIC_WARNING:
findutils-4.8.0/build/gnulib-tests/../../gnulib-tests/test-accept.c:42: error: reached "unreachable" instruction
findutils-4.8.0/build/gnulib-tests/../../gnulib-tests/test-accept.c:42: note: call stack: function main ()
findutils-4.8.0/build/gnulib-tests/../../gnulib-tests/test-accept.c:42:5: note: Non-deterministic values: accept: len 4 bytes, [4 times 0x0] (i32: 0)
findutils-4.8.0/build/gl/lib/../../../gl/lib/fflush.c:150:27: note: Non-deterministic values: __freading: len 4 bytes, [4 times 0x0] (i32: 0)
#   40|   
#   41|       errno = 0;
#   42|->     ASSERT (accept (-1, (struct sockaddr *) &addr, &addrlen) == -1);
#   43|       ASSERT (errno == EBADF);
#   44|     }

Error: SYMBIOTIC_WARNING:
findutils-4.8.0/build/gnulib-tests/../../gnulib-tests/test-accept.c:43: error: reached "unreachable" instruction
findutils-4.8.0/build/gnulib-tests/../../gnulib-tests/test-accept.c:43: note: call stack: function main ()
findutils-4.8.0/build/gnulib-tests/../../gnulib-tests/test-accept.c:42:5: note: Non-deterministic values: accept: len 4 bytes, [4 times 0xff] (i32: -1)
findutils-4.8.0/build/gl/lib/../../../gl/lib/fflush.c:150:27: note: Non-deterministic values: __freading: len 4 bytes, [4 times 0x0] (i32: 0)
#   41|       errno = 0;
#   42|       ASSERT (accept (-1, (struct sockaddr *) &addr, &addrlen) == -1);
#   43|->     ASSERT (errno == EBADF);
#   44|     }
#   45|     {

Error: SYMBIOTIC_WARNING:
findutils-4.8.0/build/gnulib-tests/../../gnulib-tests/test-bind.c:46: error: reached "unreachable" instruction
findutils-4.8.0/build/gnulib-tests/../../gnulib-tests/test-bind.c:46: note: call stack: function main ()
findutils-4.8.0/build/gnulib-tests/../../gnulib-tests/test-bind.c:46:7: note: Non-deterministic values: bind: len 4 bytes, [4 times 0x0] (i32: 0)
findutils-4.8.0/build/gl/lib/../../../gl/lib/fflush.c:150:27: note: Non-deterministic values: __freading: len 4 bytes, [4 times 0x0] (i32: 0)
#   44|       {
#   45|         errno = 0;
#   46|->       ASSERT (bind (-1, (const struct sockaddr *) &addr, sizeof (addr)) == -1);
#   47|         ASSERT (errno == EBADF);
#   48|       }

Error: SYMBIOTIC_WARNING:
findutils-4.8.0/build/gnulib-tests/../../gnulib-tests/test-bind.c:47: error: reached "unreachable" instruction
findutils-4.8.0/build/gnulib-tests/../../gnulib-tests/test-bind.c:47: note: call stack: function main ()
findutils-4.8.0/build/gnulib-tests/../../gnulib-tests/test-bind.c:46:7: note: Non-deterministic values: bind: len 4 bytes, [4 times 0xff] (i32: -1)
findutils-4.8.0/build/gl/lib/../../../gl/lib/fflush.c:150:27: note: Non-deterministic values: __freading: len 4 bytes, [4 times 0x0] (i32: 0)
#   45|         errno = 0;
#   46|         ASSERT (bind (-1, (const struct sockaddr *) &addr, sizeof (addr)) == -1);
#   47|->       ASSERT (errno == EBADF);
#   48|       }
#   49|       {

Error: SYMBIOTIC_WARNING:
findutils-4.8.0/build/gnulib-tests/../../gnulib-tests/test-c-strstr.c:34: error: reached "unreachable" instruction
findutils-4.8.0/build/gnulib-tests/../../gnulib-tests/test-c-strstr.c:34: note: call stack: function main ()
findutils-4.8.0/build/gl/lib/../../../gl/lib/fflush.c:150:27: note: Non-deterministic values: __freading: len 4 bytes, [4 times 0x0] (i32: 0)
#   32|       const char input[] = "foo";
#   33|       const char *result = c_strstr (input, "");
#   34|->     ASSERT (result == input);
#   35|     }
#   36|   

Error: SYMBIOTIC_WARNING:
findutils-4.8.0/build/gnulib-tests/../../gnulib-tests/test-chdir.c:30: error: reached "unreachable" instruction
findutils-4.8.0/build/gnulib-tests/../../gnulib-tests/test-chdir.c:30: note: call stack: function main ()
findutils-4.8.0/build/gnulib-tests/../../gnulib-tests/test-chdir.c:30:3: note: Non-deterministic values: chdir: len 4 bytes, [0x1|3 times 0x0] (i32: 1)
findutils-4.8.0/build/gl/lib/../../../gl/lib/fflush.c:150:27: note: Non-deterministic values: __freading: len 4 bytes, [4 times 0x0] (i32: 0)
#   28|   main (void)
#   29|   {
#   30|->   ASSERT (chdir ("/") == 0);
#   31|   
#   32|     return 0;

Error: SYMBIOTIC_WARNING:
findutils-4.8.0/build/gnulib-tests/../../gnulib-tests/test-close.c:34: error: reached "unreachable" instruction
findutils-4.8.0/build/gnulib-tests/../../gnulib-tests/test-close.c:34: note: call stack: function main ()
findutils-4.8.0/build/gnulib-tests/../../gnulib-tests/test-close.c:34:5: note: Non-deterministic values: close: len 4 bytes, [4 times 0x0] (i32: 0)
findutils-4.8.0/build/gl/lib/../../../gl/lib/fflush.c:150:27: note: Non-deterministic values: __freading: len 4 bytes, [4 times 0x0] (i32: 0)
#   32|     {
#   33|       errno = 0;
#   34|->     ASSERT (close (-1) == -1);
#   35|       ASSERT (errno == EBADF);
#   36|     }

Error: SYMBIOTIC_WARNING:
findutils-4.8.0/build/gnulib-tests/../../gnulib-tests/test-close.c:35: error: reached "unreachable" instruction
findutils-4.8.0/build/gnulib-tests/../../gnulib-tests/test-close.c:35: note: call stack: function main ()
findutils-4.8.0/build/gnulib-tests/../../gnulib-tests/test-close.c:34:5: note: Non-deterministic values: close: len 4 bytes, [4 times 0xff] (i32: -1)
findutils-4.8.0/build/gl/lib/../../../gl/lib/fflush.c:150:27: note: Non-deterministic values: __freading: len 4 bytes, [4 times 0x0] (i32: 0)
#   33|       errno = 0;
#   34|       ASSERT (close (-1) == -1);
#   35|->     ASSERT (errno == EBADF);
#   36|     }
#   37|     {

Error: SYMBIOTIC_WARNING:
findutils-4.8.0/build/gnulib-tests/../../gnulib-tests/test-connect.c:46: error: reached "unreachable" instruction
findutils-4.8.0/build/gnulib-tests/../../gnulib-tests/test-connect.c:46: note: call stack: function main ()
findutils-4.8.0/build/gnulib-tests/../../gnulib-tests/test-connect.c:46:7: note: Non-deterministic values: connect: len 4 bytes, [4 times 0x0] (i32: 0)
findutils-4.8.0/build/gl/lib/../../../gl/lib/fflush.c:150:27: note: Non-deterministic values: __freading: len 4 bytes, [4 times 0x0] (i32: 0)
#   44|       {
#   45|         errno = 0;
#   46|->       ASSERT (connect (-1, (const struct sockaddr *) &addr, sizeof (addr))
#   47|                 == -1);
#   48|         ASSERT (errno == EBADF);

Error: SYMBIOTIC_WARNING:
findutils-4.8.0/build/gnulib-tests/../../gnulib-tests/test-connect.c:48: error: reached "unreachable" instruction
findutils-4.8.0/build/gnulib-tests/../../gnulib-tests/test-connect.c:48: note: call stack: function main ()
findutils-4.8.0/build/gnulib-tests/../../gnulib-tests/test-connect.c:46:7: note: Non-deterministic values: connect: len 4 bytes, [4 times 0xff] (i32: -1)
findutils-4.8.0/build/gl/lib/../../../gl/lib/fflush.c:150:27: note: Non-deterministic values: __freading: len 4 bytes, [4 times 0x0] (i32: 0)
#   46|         ASSERT (connect (-1, (const struct sockaddr *) &addr, sizeof (addr))
#   47|                 == -1);
#   48|->       ASSERT (errno == EBADF);
#   49|       }
#   50|       {

Error: SYMBIOTIC_WARNING:
findutils-4.8.0/build/gnulib-tests/../../gnulib-tests/test-dup.c:34: error: reached "unreachable" instruction
findutils-4.8.0/build/gnulib-tests/../../gnulib-tests/test-dup.c:34: note: call stack: function main ()
findutils-4.8.0/build/gnulib-tests/../../gnulib-tests/test-dup.c:34:5: note: Non-deterministic values: dup: len 4 bytes, [4 times 0x0] (i32: 0)
findutils-4.8.0/build/gl/lib/../../../gl/lib/fflush.c:150:27: note: Non-deterministic values: __freading: len 4 bytes, [4 times 0x0] (i32: 0)
#   32|     {
#   33|       errno = 0;
#   34|->     ASSERT (dup (-1) == -1);
#   35|       ASSERT (errno == EBADF);
#   36|     }

Error: SYMBIOTIC_WARNING:
findutils-4.8.0/build/gnulib-tests/../../gnulib-tests/test-dup.c:35: error: reached "unreachable" instruction
findutils-4.8.0/build/gnulib-tests/../../gnulib-tests/test-dup.c:35: note: call stack: function main ()
findutils-4.8.0/build/gnulib-tests/../../gnulib-tests/test-dup.c:34:5: note: Non-deterministic values: dup: len 4 bytes, [4 times 0xff] (i32: -1)
findutils-4.8.0/build/gl/lib/../../../gl/lib/fflush.c:150:27: note: Non-deterministic values: __freading: len 4 bytes, [4 times 0x0] (i32: 0)
#   33|       errno = 0;
#   34|       ASSERT (dup (-1) == -1);
#   35|->     ASSERT (errno == EBADF);
#   36|     }
#   37|     {

Error: SYMBIOTIC_WARNING:
findutils-4.8.0/build/gnulib-tests/../../gnulib-tests/test-faccessat.c:37: error: reached "unreachable" instruction
findutils-4.8.0/build/gnulib-tests/../../gnulib-tests/test-faccessat.c:37: note: call stack: function main ()
findutils-4.8.0/build/gnulib-tests/../../gnulib-tests/test-faccessat.c:37:5: note: Non-deterministic values: faccessat: len 4 bytes, [4 times 0x0] (i32: 0)
findutils-4.8.0/build/gl/lib/../../../gl/lib/fflush.c:150:27: note: Non-deterministic values: __freading: len 4 bytes, [4 times 0x0] (i32: 0)
#   35|     {
#   36|       errno = 0;
#   37|->     ASSERT (faccessat (-1, "foo", F_OK, 0) == -1);
#   38|       ASSERT (errno == EBADF);
#   39|     }

Error: SYMBIOTIC_WARNING:
findutils-4.8.0/build/gnulib-tests/../../gnulib-tests/test-faccessat.c:38: error: reached "unreachable" instruction
findutils-4.8.0/build/gnulib-tests/../../gnulib-tests/test-faccessat.c:38: note: call stack: function main ()
findutils-4.8.0/build/gnulib-tests/../../gnulib-tests/test-faccessat.c:37:5: note: Non-deterministic values: faccessat: len 4 bytes, [4 times 0xff] (i32: -1)
findutils-4.8.0/build/gl/lib/../../../gl/lib/fflush.c:150:27: note: Non-deterministic values: __freading: len 4 bytes, [4 times 0x0] (i32: 0)
#   36|       errno = 0;
#   37|       ASSERT (faccessat (-1, "foo", F_OK, 0) == -1);
#   38|->     ASSERT (errno == EBADF);
#   39|     }
#   40|     {

Error: SYMBIOTIC_WARNING:
findutils-4.8.0/build/gnulib-tests/../../gnulib-tests/test-fseeko3.c:33: error: reached "unreachable" instruction
findutils-4.8.0/build/gnulib-tests/../../gnulib-tests/test-fseeko3.c:33: note: call stack: function main (=2, =0)
findutils-4.8.0/build/gnulib-tests/../../gnulib-tests/test-fseeko3.c:32:14: note: Non-deterministic values: fopen: len 8 bytes, [8 times 0x0] (i64: 0)
findutils-4.8.0/build/gl/lib/../../../gl/lib/fflush.c:150:27: note: Non-deterministic values: __freading: len 4 bytes, [4 times 0x0] (i32: 0)
#   31|     const char *filename = argv[2];
#   32|     FILE *fp = fopen (filename, "r");
#   33|->   ASSERT (fp != NULL);
#   34|   
#   35|     if (do_initial_ftell)

Error: SYMBIOTIC_WARNING:
findutils-4.8.0/build/gnulib-tests/../../gnulib-tests/test-fstat.c:37: error: reached "unreachable" instruction
findutils-4.8.0/build/gnulib-tests/../../gnulib-tests/test-fstat.c:37: note: call stack: function main (=2, =0)
findutils-4.8.0/build/gnulib-tests/../../gnulib-tests/test-fstat.c:37:5: note: Non-deterministic values: fstat: len 4 bytes, [4 times 0x0] (i32: 0)
findutils-4.8.0/build/gl/lib/../../../gl/lib/fflush.c:150:27: note: Non-deterministic values: __freading: len 4 bytes, [4 times 0x0] (i32: 0)
#   35|   
#   36|       errno = 0;
#   37|->     ASSERT (fstat (-1, &statbuf) == -1);
#   38|       ASSERT (errno == EBADF);
#   39|     }

Error: SYMBIOTIC_WARNING:
findutils-4.8.0/build/gnulib-tests/../../gnulib-tests/test-fstat.c:38: error: reached "unreachable" instruction
findutils-4.8.0/build/gnulib-tests/../../gnulib-tests/test-fstat.c:38: note: call stack: function main (=2, =0)
findutils-4.8.0/build/gnulib-tests/../../gnulib-tests/test-fstat.c:37:5: note: Non-deterministic values: fstat: len 4 bytes, [4 times 0xff] (i32: -1)
findutils-4.8.0/build/gl/lib/../../../gl/lib/fflush.c:150:27: note: Non-deterministic values: __freading: len 4 bytes, [4 times 0x0] (i32: 0)
#   36|       errno = 0;
#   37|       ASSERT (fstat (-1, &statbuf) == -1);
#   38|->     ASSERT (errno == EBADF);
#   39|     }
#   40|     {

Error: SYMBIOTIC_WARNING:
findutils-4.8.0/build/gnulib-tests/../../gnulib-tests/test-fstatat.c:82: error: reached "unreachable" instruction
findutils-4.8.0/build/gnulib-tests/../../gnulib-tests/test-fstatat.c:82: note: call stack: function main (=2, =0)
findutils-4.8.0/build/gnulib-tests/../../gnulib-tests/test-fstatat.c:82:5: note: Non-deterministic values: fstatat: len 4 bytes, [4 times 0x0] (i32: 0)
findutils-4.8.0/build/gl/lib/../../../gl/lib/fflush.c:150:27: note: Non-deterministic values: __freading: len 4 bytes, [4 times 0x0] (i32: 0)
#   80|   
#   81|       errno = 0;
#   82|->     ASSERT (fstatat (-1, "foo", &statbuf, 0) == -1);
#   83|       ASSERT (errno == EBADF);
#   84|     }

Error: SYMBIOTIC_WARNING:
findutils-4.8.0/build/gnulib-tests/../../gnulib-tests/test-fstatat.c:83: error: reached "unreachable" instruction
findutils-4.8.0/build/gnulib-tests/../../gnulib-tests/test-fstatat.c:83: note: call stack: function main (=2, =0)
findutils-4.8.0/build/gnulib-tests/../../gnulib-tests/test-fstatat.c:82:5: note: Non-deterministic values: fstatat: len 4 bytes, [4 times 0xff] (i32: -1)
findutils-4.8.0/build/gl/lib/../../../gl/lib/fflush.c:150:27: note: Non-deterministic values: __freading: len 4 bytes, [4 times 0x0] (i32: 0)
#   81|       errno = 0;
#   82|       ASSERT (fstatat (-1, "foo", &statbuf, 0) == -1);
#   83|->     ASSERT (errno == EBADF);
#   84|     }
#   85|     {

Error: SYMBIOTIC_WARNING:
findutils-4.8.0/build/gnulib-tests/../../gnulib-tests/test-ftruncate.c:37: error: reached "unreachable" instruction
findutils-4.8.0/build/gnulib-tests/../../gnulib-tests/test-ftruncate.c:37: note: call stack: function main (=2, =0)
findutils-4.8.0/build/gnulib-tests/../../gnulib-tests/test-ftruncate.c:37:5: note: Non-deterministic values: ftruncate: len 4 bytes, [4 times 0x0] (i32: 0)
findutils-4.8.0/build/gl/lib/../../../gl/lib/fflush.c:150:27: note: Non-deterministic values: __freading: len 4 bytes, [4 times 0x0] (i32: 0)
#   35|     {
#   36|       errno = 0;
#   37|->     ASSERT (ftruncate (-1, 0) == -1);
#   38|       ASSERT (errno == EBADF);
#   39|     }

Error: SYMBIOTIC_WARNING:
findutils-4.8.0/build/gnulib-tests/../../gnulib-tests/test-ftruncate.c:38: error: reached "unreachable" instruction
findutils-4.8.0/build/gnulib-tests/../../gnulib-tests/test-ftruncate.c:38: note: call stack: function main (=2, =0)
findutils-4.8.0/build/gnulib-tests/../../gnulib-tests/test-ftruncate.c:37:5: note: Non-deterministic values: ftruncate: len 4 bytes, [4 times 0xff] (i32: -1)
findutils-4.8.0/build/gl/lib/../../../gl/lib/fflush.c:150:27: note: Non-deterministic values: __freading: len 4 bytes, [4 times 0x0] (i32: 0)
#   36|       errno = 0;
#   37|       ASSERT (ftruncate (-1, 0) == -1);
#   38|->     ASSERT (errno == EBADF);
#   39|     }
#   40|     {

Error: SYMBIOTIC_WARNING:
findutils-4.8.0/build/gnulib-tests/../../gnulib-tests/test-getcwd-lgpl.c:44: error: memory error: out of bound pointer
findutils-4.8.0/build/gnulib-tests/../../gnulib-tests/test-getcwd-lgpl.c:44: note: call stack: function main (=2, =0)
findutils-4.8.0/build/gnulib-tests/../../gnulib-tests/test-getcwd-lgpl.c:44: note: Additional Info: address: 65280:0
findutils-4.8.0/build/gnulib-tests/../../gnulib-tests/test-getcwd-lgpl.c:44: note: Additional Info: pointing to: none
findutils-4.8.0/build/gnulib-tests/../../gnulib-tests/test-getcwd-lgpl.c:39:11: note: Non-deterministic values: chdir: len 4 bytes, [0x1|3 times 0x0] (i32: 1)
findutils-4.8.0/build/gnulib-tests/../../gnulib-tests/test-getcwd-lgpl.c:43:10: note: Non-deterministic values: getcwd: len 8 bytes, [0x0|0xff|6 times 0x0] (i64: 65280)
/builddir/build/BUILD/findutils-4.8.0/build/gnulib-tests/../../gnulib-tests/test-getcwd-lgpl.c:43:10 (offset): note: Non-deterministic values: getcwd: len 8 bytes, [8 times 0x0] (i64: 0)
#   42|   
#   43|     pwd1 = getcwd (NULL, 0);
#   44|->   ASSERT (pwd1 && *pwd1);
#   45|     if (1 < argc)
#   46|       printf ("cwd=%s\n", pwd1);

Error: SYMBIOTIC_WARNING:
findutils-4.8.0/build/gnulib-tests/../../gnulib-tests/test-getcwd-lgpl.c:44: error: reached "unreachable" instruction
findutils-4.8.0/build/gnulib-tests/../../gnulib-tests/test-getcwd-lgpl.c:44: note: call stack: function main (=2, =0)
findutils-4.8.0/build/gnulib-tests/../../gnulib-tests/test-getcwd-lgpl.c:39:11: note: Non-deterministic values: chdir: len 4 bytes, [0x1|3 times 0x0] (i32: 1)
findutils-4.8.0/build/gnulib-tests/../../gnulib-tests/test-getcwd-lgpl.c:43:10: note: Non-deterministic values: getcwd: len 8 bytes, [8 times 0x0] (i64: 0)
findutils-4.8.0/build/gl/lib/../../../gl/lib/fflush.c:150:27: note: Non-deterministic values: __freading: len 4 bytes, [4 times 0x0] (i32: 0)
#   42|   
#   43|     pwd1 = getcwd (NULL, 0);
#   44|->   ASSERT (pwd1 && *pwd1);
#   45|     if (1 < argc)
#   46|       printf ("cwd=%s\n", pwd1);

Error: SYMBIOTIC_WARNING:
findutils-4.8.0/build/gnulib-tests/../../gnulib-tests/test-getgroups.c:55: error: reached "unreachable" instruction
findutils-4.8.0/build/gnulib-tests/../../gnulib-tests/test-getgroups.c:55: note: call stack: function main (=2, =0)
findutils-4.8.0/build/gnulib-tests/../../gnulib-tests/test-getgroups.c:49:12: note: Non-deterministic values: getgroups: len 4 bytes, [3 times 0x0|0x80] (i32: -2147483648)
findutils-4.8.0/build/gl/lib/../../../gl/lib/fflush.c:150:27: note: Non-deterministic values: __freading: len 4 bytes, [4 times 0x0] (i32: 0)
#   53|         return 77;
#   54|       }
#   55|->   ASSERT (0 <= result);
#   56|     ASSERT (result + 1 < SIZE_MAX / sizeof *groups);
#   57|     groups = malloc ((result + 1) * sizeof *groups);

Error: SYMBIOTIC_WARNING:
findutils-4.8.0/build/gnulib-tests/../../gnulib-tests/test-getgroups.c:56: error: reached "unreachable" instruction
findutils-4.8.0/build/gnulib-tests/../../gnulib-tests/test-getgroups.c:56: note: call stack: function main (=2, =0)
findutils-4.8.0/build/gnulib-tests/../../gnulib-tests/test-getgroups.c:49:12: note: Non-deterministic values: getgroups: len 4 bytes, [3 times 0xff|0x7f] (i32: 2147483647)
findutils-4.8.0/build/gl/lib/../../../gl/lib/fflush.c:150:27: note: Non-deterministic values: __freading: len 4 bytes, [4 times 0x0] (i32: 0)
#   54|       }
#   55|     ASSERT (0 <= result);
#   56|->   ASSERT (result + 1 < SIZE_MAX / sizeof *groups);
#   57|     groups = malloc ((result + 1) * sizeof *groups);
#   58|     ASSERT (groups);

Error: SYMBIOTIC_WARNING:
findutils-4.8.0/build/gnulib-tests/../../gnulib-tests/test-getgroups.c:70: error: reached "unreachable" instruction
findutils-4.8.0/build/gnulib-tests/../../gnulib-tests/test-getgroups.c:70: note: call stack: function main (=2, =0)
findutils-4.8.0/build/gnulib-tests/../../gnulib-tests/test-getgroups.c:49:12: note: Non-deterministic values: getgroups: len 4 bytes, [4 times 0x0] (i32: 0)
findutils-4.8.0/build/gnulib-tests/../../gnulib-tests/test-getgroups.c:70:3: note: Non-deterministic values: getgroups: len 4 bytes, [0x1|3 times 0x0] (i32: 1)
findutils-4.8.0/build/gl/lib/../../../gl/lib/fflush.c:150:27: note: Non-deterministic values: __freading: len 4 bytes, [4 times 0x0] (i32: 0)
#   68|         ASSERT (errno == EINVAL);
#   69|       }
#   70|->   ASSERT (getgroups (result, groups) == result);
#   71|     ASSERT (getgroups (result + 1, groups) == result);
#   72|     ASSERT (groups[result] == -1);

Error: SYMBIOTIC_WARNING:
findutils-4.8.0/build/gnulib-tests/../../gnulib-tests/test-inet_pton.c:43: error: reached "unreachable" instruction
findutils-4.8.0/build/gnulib-tests/../../gnulib-tests/test-inet_pton.c:43: note: call stack: function main ()
findutils-4.8.0/build/gnulib-tests/../../gnulib-tests/test-inet_pton.c:42:11: note: Non-deterministic values: inet_pton: len 4 bytes, [4 times 0x0] (i32: 0)
findutils-4.8.0/build/gl/lib/../../../gl/lib/fflush.c:150:27: note: Non-deterministic values: __freading: len 4 bytes, [4 times 0x0] (i32: 0)
#   41|   
#   42|       ret = inet_pton (AF_INET, printable, &internal);
#   43|->     ASSERT (ret == 1);
#   44|       /* Verify that internal is filled in network byte order.  */
#   45|       ASSERT (((unsigned char *) &internal)[0] == 0x81);

Error: SYMBIOTIC_WARNING:
findutils-4.8.0/build/gnulib-tests/../../gnulib-tests/test-inet_pton.c:45: error: reached "unreachable" instruction
findutils-4.8.0/build/gnulib-tests/../../gnulib-tests/test-inet_pton.c:45: note: call stack: function main ()
findutils-4.8.0/build/gnulib-tests/../../gnulib-tests/test-inet_pton.c:42:11: note: Non-deterministic values: inet_pton: len 4 bytes, [0x1|3 times 0x0] (i32: 1)
findutils-4.8.0/build/gl/lib/../../../gl/lib/fflush.c:150:27: note: Non-deterministic values: __freading: len 4 bytes, [4 times 0x0] (i32: 0)
#   43|       ASSERT (ret == 1);
#   44|       /* Verify that internal is filled in network byte order.  */
#   45|->     ASSERT (((unsigned char *) &internal)[0] == 0x81);
#   46|       ASSERT (((unsigned char *) &internal)[1] == 0x0D);
#   47|       ASSERT (((unsigned char *) &internal)[2] == 0x73);

Error: SYMBIOTIC_WARNING:
findutils-4.8.0/build/gnulib-tests/../../gnulib-tests/test-ioctl.c:38: error: reached "unreachable" instruction
findutils-4.8.0/build/gnulib-tests/../../gnulib-tests/test-ioctl.c:38: note: call stack: function main ()
findutils-4.8.0/build/gnulib-tests/../../gnulib-tests/ioctl.c:42:10: note: Non-deterministic values: ioctl: len 4 bytes, [4 times 0x0] (i32: 0)
findutils-4.8.0/build/gl/lib/../../../gl/lib/fflush.c:150:27: note: Non-deterministic values: __freading: len 4 bytes, [4 times 0x0] (i32: 0)
#   36|       int value;
#   37|       errno = 0;
#   38|->     ASSERT (ioctl (-1, FIONREAD, &value) == -1);
#   39|       ASSERT (errno == EBADF);
#   40|     }

Error: SYMBIOTIC_WARNING:
findutils-4.8.0/build/gnulib-tests/../../gnulib-tests/test-ioctl.c:39: error: reached "unreachable" instruction
findutils-4.8.0/build/gnulib-tests/../../gnulib-tests/test-ioctl.c:39: note: call stack: function main ()
findutils-4.8.0/build/gnulib-tests/../../gnulib-tests/ioctl.c:42:10: note: Non-deterministic values: ioctl: len 4 bytes, [4 times 0xff] (i32: -1)
findutils-4.8.0/build/gl/lib/../../../gl/lib/fflush.c:150:27: note: Non-deterministic values: __freading: len 4 bytes, [4 times 0x0] (i32: 0)
#   37|       errno = 0;
#   38|       ASSERT (ioctl (-1, FIONREAD, &value) == -1);
#   39|->     ASSERT (errno == EBADF);
#   40|     }
#   41|     {

Error: SYMBIOTIC_WARNING:
findutils-4.8.0/build/gnulib-tests/../../gnulib-tests/test-iswblank.c:32: error: reached "unreachable" instruction
findutils-4.8.0/build/gnulib-tests/../../gnulib-tests/test-iswblank.c:32: note: call stack: function main ()
findutils-4.8.0/build/gnulib-tests/../../gnulib-tests/test-iswblank.c:32:3: note: Non-deterministic values: iswblank: len 4 bytes, [0x1|3 times 0x0] (i32: 1)
findutils-4.8.0/build/gl/lib/../../../gl/lib/fflush.c:150:27: note: Non-deterministic values: __freading: len 4 bytes, [4 times 0x0] (i32: 0)
#   30|     (void) iswblank (0);
#   31|     /* Check that the isw* functions map WEOF to 0.  */
#   32|->   ASSERT (!iswblank (e));
#   33|   
#   34|     return 0;

Error: SYMBIOTIC_WARNING:
findutils-4.8.0/build/gnulib-tests/../../gnulib-tests/test-listen.c:38: error: reached "unreachable" instruction
findutils-4.8.0/build/gnulib-tests/../../gnulib-tests/test-listen.c:38: note: call stack: function main ()
findutils-4.8.0/build/gnulib-tests/../../gnulib-tests/test-listen.c:38:5: note: Non-deterministic values: listen: len 4 bytes, [4 times 0x0] (i32: 0)
findutils-4.8.0/build/gl/lib/../../../gl/lib/fflush.c:150:27: note: Non-deterministic values: __freading: len 4 bytes, [4 times 0x0] (i32: 0)
#   36|     {
#   37|       errno = 0;
#   38|->     ASSERT (listen (-1, 1) == -1);
#   39|       ASSERT (errno == EBADF);
#   40|     }

Error: SYMBIOTIC_WARNING:
findutils-4.8.0/build/gnulib-tests/../../gnulib-tests/test-listen.c:39: error: reached "unreachable" instruction
findutils-4.8.0/build/gnulib-tests/../../gnulib-tests/test-listen.c:39: note: call stack: function main ()
findutils-4.8.0/build/gnulib-tests/../../gnulib-tests/test-listen.c:38:5: note: Non-deterministic values: listen: len 4 bytes, [4 times 0xff] (i32: -1)
findutils-4.8.0/build/gl/lib/../../../gl/lib/fflush.c:150:27: note: Non-deterministic values: __freading: len 4 bytes, [4 times 0x0] (i32: 0)
#   37|       errno = 0;
#   38|       ASSERT (listen (-1, 1) == -1);
#   39|->     ASSERT (errno == EBADF);
#   40|     }
#   41|     {

Error: SYMBIOTIC_WARNING:
findutils-4.8.0/build/gnulib-tests/../../gnulib-tests/test-lstat.h:32: error: abort failure
findutils-4.8.0/build/gnulib-tests/../../gnulib-tests/test-lstat.h:32: note: call stack: function test_lstat_func ()
findutils-4.8.0/build/gnulib-tests/../../gnulib-tests/test-lstat.c:59: note: call stack: function main ()
findutils-4.8.0/build/gnulib-tests/../../gnulib-tests/test-lstat.c:50:10: note: Non-deterministic values: lstat: len 4 bytes, [0x1|3 times 0x0] (i32: 1)
findutils-4.8.0/build/gl/lib/../../../gl/lib/fflush.c:150:27: note: Non-deterministic values: __freading: len 4 bytes, [4 times 0x0] (i32: 0)
#   30|   
#   31|     /* Test for common directories.  */
#   32|->   ASSERT (func (".", &st1) == 0);
#   33|     ASSERT (func ("./", &st2) == 0);
#   34|   #if !(defined _WIN32 && !defined __CYGWIN__ && !_GL_WINDOWS_STAT_INODES)

Error: SYMBIOTIC_WARNING:
findutils-4.8.0/build/gnulib-tests/../../gnulib-tests/test-lstat.h:33: error: abort failure
findutils-4.8.0/build/gnulib-tests/../../gnulib-tests/test-lstat.h:33: note: call stack: function test_lstat_func ()
findutils-4.8.0/build/gnulib-tests/../../gnulib-tests/test-lstat.c:59: note: call stack: function main ()
findutils-4.8.0/build/gnulib-tests/../../gnulib-tests/test-lstat.c:50:10: note: Non-deterministic values: lstat: len 4 bytes, [4 times 0x0] (i32: 0)
findutils-4.8.0/build/gnulib-tests/../../gnulib-tests/test-lstat.c:50:10: note: Non-deterministic values: lstat: len 4 bytes, [0x1|3 times 0x0] (i32: 1)
findutils-4.8.0/build/gl/lib/../../../gl/lib/fflush.c:150:27: note: Non-deterministic values: __freading: len 4 bytes, [4 times 0x0] (i32: 0)
#   31|     /* Test for common directories.  */
#   32|     ASSERT (func (".", &st1) == 0);
#   33|->   ASSERT (func ("./", &st2) == 0);
#   34|   #if !(defined _WIN32 && !defined __CYGWIN__ && !_GL_WINDOWS_STAT_INODES)
#   35|     ASSERT (SAME_INODE (st1, st2));

Error: SYMBIOTIC_WARNING:
findutils-4.8.0/build/gnulib-tests/../../gnulib-tests/test-lstat.h:37: error: abort failure
findutils-4.8.0/build/gnulib-tests/../../gnulib-tests/test-lstat.h:37: note: call stack: function test_lstat_func ()
findutils-4.8.0/build/gnulib-tests/../../gnulib-tests/test-lstat.c:59: note: call stack: function main ()
findutils-4.8.0/build/gnulib-tests/../../gnulib-tests/test-lstat.c:50:10: note: Non-deterministic values: lstat: len 4 bytes, [4 times 0x0] (i32: 0)
findutils-4.8.0/build/gnulib-tests/../../gnulib-tests/test-lstat.c:50:10: note: Non-deterministic values: lstat: len 4 bytes, [4 times 0x0] (i32: 0)
findutils-4.8.0/build/gl/lib/../../../gl/lib/fflush.c:150:27: note: Non-deterministic values: __freading: len 4 bytes, [4 times 0x0] (i32: 0)
#   35|     ASSERT (SAME_INODE (st1, st2));
#   36|   #endif
#   37|->   ASSERT (S_ISDIR (st1.st_mode));
#   38|     ASSERT (S_ISDIR (st2.st_mode));
#   39|     ASSERT (func ("/", &st1) == 0);

Error: SYMBIOTIC_WARNING:
findutils-4.8.0/build/gnulib-tests/../../gnulib-tests/test-memchr.c:59: error: reached "unreachable" instruction
findutils-4.8.0/build/gnulib-tests/../../gnulib-tests/test-memchr.c:59: note: call stack: function main ()
findutils-4.8.0/build/gnulib-tests/../../gnulib-tests/zerosize-ptr.h:71:22: note: Non-deterministic values: getpagesize: len 4 bytes, [4 times 0x0] (i32: 0)
findutils-4.8.0/build/gnulib-tests/../../gnulib-tests/zerosize-ptr.h:73:18: note: Non-deterministic values: mmap: len 8 bytes, [8 times 0xff] (i64: -1)
findutils-4.8.0/build/gl/lib/../../../gl/lib/fflush.c:150:27: note: Non-deterministic values: __freading: len 4 bytes, [4 times 0x0] (i32: 0)
#   57|     }
#   58|   
#   59|->   ASSERT (MEMCHR (input, 'b', n) == input + 1);
#   60|     ASSERT (MEMCHR (input, 'c', n) == input + 2);
#   61|     ASSERT (MEMCHR (input, 'd', n) == input + 1026);

Error: SYMBIOTIC_WARNING:
findutils-4.8.0/build/gnulib-tests/../../gnulib-tests/test-memrchr.c:49: error: reached "unreachable" instruction
findutils-4.8.0/build/gnulib-tests/../../gnulib-tests/test-memrchr.c:49: note: call stack: function main ()
findutils-4.8.0/build/gl/lib/../../../gl/lib/fflush.c:150:27: note: Non-deterministic values: __freading: len 4 bytes, [4 times 0x0] (i32: 0)
#   47|   
#   48|     /* Basic behavior tests.  */
#   49|->   ASSERT (MEMRCHR (input, 'a', n) == input + n - 1);
#   50|   
#   51|     ASSERT (MEMRCHR (input, 'a', 0) == NULL);

Error: SYMBIOTIC_WARNING:
findutils-4.8.0/build/gnulib-tests/../../gnulib-tests/test-nanosleep.c:58: error: reached "unreachable" instruction
findutils-4.8.0/build/gnulib-tests/../../gnulib-tests/test-nanosleep.c:58: note: call stack: function main ()
findutils-4.8.0/build/gnulib-tests/../../gnulib-tests/nanosleep.c:85:12: note: Non-deterministic values: nanosleep: len 4 bytes, [0x1|3 times 0x0] (i32: 1)
findutils-4.8.0/build/gl/lib/../../../gl/lib/fflush.c:150:27: note: Non-deterministic values: __freading: len 4 bytes, [4 times 0x0] (i32: 0)
#   56|     ts.tv_sec = 0;
#   57|     ts.tv_nsec = 1;
#   58|->   ASSERT (nanosleep (&ts, &ts) == 0);
#   59|     /* Remaining time is only defined on EINTR failure; but on success,
#   60|        it is typically either 0 or unchanged from input.  At any rate,

Error: SYMBIOTIC_WARNING:
findutils-4.8.0/build/gnulib-tests/../../gnulib-tests/test-nanosleep.c:65: error: reached "unreachable" instruction
findutils-4.8.0/build/gnulib-tests/../../gnulib-tests/test-nanosleep.c:65: note: call stack: function main ()
findutils-4.8.0/build/gnulib-tests/../../gnulib-tests/nanosleep.c:85:12: note: Non-deterministic values: nanosleep: len 4 bytes, [4 times 0x0] (i32: 0)
findutils-4.8.0/build/gnulib-tests/../../gnulib-tests/nanosleep.c:85:12: note: Non-deterministic values: nanosleep: len 4 bytes, [0x1|3 times 0x0] (i32: 1)
findutils-4.8.0/build/gl/lib/../../../gl/lib/fflush.c:150:27: note: Non-deterministic values: __freading: len 4 bytes, [4 times 0x0] (i32: 0)
#   63|     ASSERT (ts.tv_nsec == 0 || ts.tv_nsec == 1);
#   64|     ts.tv_nsec = 0;
#   65|->   ASSERT (nanosleep (&ts, NULL) == 0);
#   66|   
#   67|   #if HAVE_DECL_ALARM

Error: SYMBIOTIC_WARNING:
findutils-4.8.0/build/gnulib-tests/../../gnulib-tests/test-nanosleep.c:75: error: reached "unreachable" instruction
findutils-4.8.0/build/gnulib-tests/../../gnulib-tests/test-nanosleep.c:75: note: call stack: function main ()
findutils-4.8.0/build/gnulib-tests/../../gnulib-tests/nanosleep.c:85:12: note: Non-deterministic values: nanosleep: len 4 bytes, [4 times 0x0] (i32: 0)
findutils-4.8.0/build/gnulib-tests/../../gnulib-tests/nanosleep.c:85:12: note: Non-deterministic values: nanosleep: len 4 bytes, [4 times 0x0] (i32: 0)
findutils-4.8.0/build/gnulib-tests/../../gnulib-tests/nanosleep.c:74:18: note: Non-deterministic values: nanosleep: len 4 bytes, [0x1|3 times 0x0] (i32: 1)
findutils-4.8.0/build/gl/lib/../../../gl/lib/fflush.c:150:27: note: Non-deterministic values: __freading: len 4 bytes, [4 times 0x0] (i32: 0)
#   73|       ts.tv_nsec = 999999999;
#   74|       errno = 0;
#   75|->     ASSERT (nanosleep (&ts, &ts) == -1);
#   76|       ASSERT (errno == EINTR);
#   77|       ASSERT (pentecost - 10 < ts.tv_sec && ts.tv_sec <= pentecost);

Error: SYMBIOTIC_WARNING:
findutils-4.8.0/build/gnulib-tests/../../gnulib-tests/test-nanosleep.c:76: error: reached "unreachable" instruction
findutils-4.8.0/build/gnulib-tests/../../gnulib-tests/test-nanosleep.c:76: note: call stack: function main ()
findutils-4.8.0/build/gnulib-tests/../../gnulib-tests/nanosleep.c:85:12: note: Non-deterministic values: nanosleep: len 4 bytes, [4 times 0x0] (i32: 0)
findutils-4.8.0/build/gnulib-tests/../../gnulib-tests/nanosleep.c:85:12: note: Non-deterministic values: nanosleep: len 4 bytes, [4 times 0x0] (i32: 0)
findutils-4.8.0/build/gnulib-tests/../../gnulib-tests/nanosleep.c:74:18: note: Non-deterministic values: nanosleep: len 4 bytes, [4 times 0xff] (i32: -1)
findutils-4.8.0/build/gl/lib/../../../gl/lib/fflush.c:150:27: note: Non-deterministic values: __freading: len 4 bytes, [4 times 0x0] (i32: 0)
#   74|       errno = 0;
#   75|       ASSERT (nanosleep (&ts, &ts) == -1);
#   76|->     ASSERT (errno == EINTR);
#   77|       ASSERT (pentecost - 10 < ts.tv_sec && ts.tv_sec <= pentecost);
#   78|       ASSERT (0 <= ts.tv_nsec && ts.tv_nsec <= 999999999);

Error: SYMBIOTIC_WARNING:
findutils-4.8.0/build/gnulib-tests/../../gnulib-tests/test-once.c:40: error: reached "unreachable" instruction
findutils-4.8.0/build/gnulib-tests/../../gnulib-tests/test-once.c:40: note: call stack: function main ()
findutils-4.8.0/build/gnulib-tests/../../gnulib-tests/test-once.c:38:3: note: Non-deterministic values: pthread_once: len 4 bytes, [4 times 0x0] (i32: 0)
findutils-4.8.0/build/gl/lib/../../../gl/lib/fflush.c:150:27: note: Non-deterministic values: __freading: len 4 bytes, [4 times 0x0] (i32: 0)
#   38|     gl_once (a_once, a_init);
#   39|   
#   40|->   ASSERT (a == 42);
#   41|   
#   42|     return 0;

Error: SYMBIOTIC_WARNING:
findutils-4.8.0/build/gnulib-tests/../../gnulib-tests/test-openat.c:68: error: abort failure
findutils-4.8.0/build/gnulib-tests/../../gnulib-tests/test-openat.c:68: note: call stack: function main (=2, =0)
findutils-4.8.0/build/gnulib-tests/../../gnulib-tests/test-openat.c:68:5: note: Non-deterministic values: openat: len 4 bytes, [4 times 0x0] (i32: 0)
findutils-4.8.0/build/gl/lib/../../../gl/lib/fflush.c:150:27: note: Non-deterministic values: __freading: len 4 bytes, [4 times 0x0] (i32: 0)
/opt/symbiotic/lib/libc/klee/fflush.c:9:9: note: Non-deterministic values: __VERIFIER_nondet__Bool: len 1 bytes, [0x0] (i8: 0)
#   66|     {
#   67|       errno = 0;
#   68|->     ASSERT (openat (-1, "foo", O_RDONLY) == -1);
#   69|       ASSERT (errno == EBADF);
#   70|     }

Error: SYMBIOTIC_WARNING:
findutils-4.8.0/build/gnulib-tests/../../gnulib-tests/test-openat.c:69: error: abort failure
findutils-4.8.0/build/gnulib-tests/../../gnulib-tests/test-openat.c:69: note: call stack: function main (=2, =0)
findutils-4.8.0/build/gnulib-tests/../../gnulib-tests/test-openat.c:68:5: note: Non-deterministic values: openat: len 4 bytes, [4 times 0xff] (i32: -1)
findutils-4.8.0/build/gl/lib/../../../gl/lib/fflush.c:150:27: note: Non-deterministic values: __freading: len 4 bytes, [4 times 0x0] (i32: 0)
/opt/symbiotic/lib/libc/klee/fflush.c:9:9: note: Non-deterministic values: __VERIFIER_nondet__Bool: len 1 bytes, [0x1] (i8: 1)
#   67|       errno = 0;
#   68|       ASSERT (openat (-1, "foo", O_RDONLY) == -1);
#   69|->     ASSERT (errno == EBADF);
#   70|     }
#   71|     {

Error: SYMBIOTIC_WARNING:
findutils-4.8.0/build/gnulib-tests/../../gnulib-tests/test-pipe.c:96: error: reached "unreachable" instruction
findutils-4.8.0/build/gnulib-tests/../../gnulib-tests/test-pipe.c:96: note: call stack: function main ()
findutils-4.8.0/build/gnulib-tests/../../gnulib-tests/test-pipe.c:96:3: note: Non-deterministic values: pipe: len 4 bytes, [3 times 0x0|0x80] (i32: -2147483648)
findutils-4.8.0/build/gl/lib/../../../gl/lib/fflush.c:150:27: note: Non-deterministic values: __freading: len 4 bytes, [4 times 0x0] (i32: 0)
#   94|     fd[0] = -1;
#   95|     fd[1] = -1;
#   96|->   ASSERT (pipe (fd) >= 0);
#   97|     ASSERT (fd[0] >= 0);
#   98|     ASSERT (fd[1] >= 0);

Error: SYMBIOTIC_WARNING:
findutils-4.8.0/build/gnulib-tests/../../gnulib-tests/test-pipe.c:97: error: reached "unreachable" instruction
findutils-4.8.0/build/gnulib-tests/../../gnulib-tests/test-pipe.c:97: note: call stack: function main ()
findutils-4.8.0/build/gnulib-tests/../../gnulib-tests/test-pipe.c:96:3: note: Non-deterministic values: pipe: len 4 bytes, [4 times 0x0] (i32: 0)
findutils-4.8.0/build/gl/lib/../../../gl/lib/fflush.c:150:27: note: Non-deterministic values: __freading: len 4 bytes, [4 times 0x0] (i32: 0)
#   95|     fd[1] = -1;
#   96|     ASSERT (pipe (fd) >= 0);
#   97|->   ASSERT (fd[0] >= 0);
#   98|     ASSERT (fd[1] >= 0);
#   99|     ASSERT (fd[0] != fd[1]);

Error: SYMBIOTIC_WARNING:
findutils-4.8.0/build/gnulib-tests/../../gnulib-tests/test-readlink.h:34: error: abort failure
findutils-4.8.0/build/gnulib-tests/../../gnulib-tests/test-readlink.h:34: note: call stack: function test_readlink ()
findutils-4.8.0/build/gnulib-tests/../../gnulib-tests/test-readlink.c:47: note: call stack: function main ()
findutils-4.8.0/build/gnulib-tests/../../gnulib-tests/test-readlink.h:34:3: note: Non-deterministic values: readlink: len 8 bytes, [8 times 0x0] (i64: 0)
findutils-4.8.0/build/gl/lib/../../../gl/lib/fflush.c:150:27: note: Non-deterministic values: __freading: len 4 bytes, [4 times 0x0] (i32: 0)
#   32|     memset (buf, 0xff, sizeof buf);
#   33|     errno = 0;
#   34|->   ASSERT (func ("no_such", buf, sizeof buf) == -1);
#   35|     ASSERT (errno == ENOENT);
#   36|     errno = 0;

Error: SYMBIOTIC_WARNING:
findutils-4.8.0/build/gnulib-tests/../../gnulib-tests/test-readlink.h:35: error: abort failure
findutils-4.8.0/build/gnulib-tests/../../gnulib-tests/test-readlink.h:35: note: call stack: function test_readlink ()
findutils-4.8.0/build/gnulib-tests/../../gnulib-tests/test-readlink.c:47: note: call stack: function main ()
findutils-4.8.0/build/gnulib-tests/../../gnulib-tests/test-readlink.h:34:3: note: Non-deterministic values: readlink: len 8 bytes, [8 times 0xff] (i64: -1)
findutils-4.8.0/build/gl/lib/../../../gl/lib/fflush.c:150:27: note: Non-deterministic values: __freading: len 4 bytes, [4 times 0x0] (i32: 0)
#   33|     errno = 0;
#   34|     ASSERT (func ("no_such", buf, sizeof buf) == -1);
#   35|->   ASSERT (errno == ENOENT);
#   36|     errno = 0;
#   37|     ASSERT (func ("no_such/", buf, sizeof buf) == -1);

Error: SYMBIOTIC_WARNING:
findutils-4.8.0/build/gnulib-tests/../../gnulib-tests/test-readlinkat.c:65: error: reached "unreachable" instruction
findutils-4.8.0/build/gnulib-tests/../../gnulib-tests/test-readlinkat.c:65: note: call stack: function main ()
findutils-4.8.0/build/gnulib-tests/../../gnulib-tests/test-readlinkat.c:65:5: note: Non-deterministic values: readlinkat: len 8 bytes, [8 times 0x0] (i64: 0)
findutils-4.8.0/build/gl/lib/../../../gl/lib/fflush.c:150:27: note: Non-deterministic values: __freading: len 4 bytes, [4 times 0x0] (i32: 0)
#   63|     {
#   64|       errno = 0;
#   65|->     ASSERT (readlinkat (-1, "foo", buf, sizeof buf) == -1);
#   66|       ASSERT (errno == EBADF);
#   67|     }

Error: SYMBIOTIC_WARNING:
findutils-4.8.0/build/gnulib-tests/../../gnulib-tests/test-readlinkat.c:66: error: reached "unreachable" instruction
findutils-4.8.0/build/gnulib-tests/../../gnulib-tests/test-readlinkat.c:66: note: call stack: function main ()
findutils-4.8.0/build/gnulib-tests/../../gnulib-tests/test-readlinkat.c:65:5: note: Non-deterministic values: readlinkat: len 8 bytes, [8 times 0xff] (i64: -1)
findutils-4.8.0/build/gl/lib/../../../gl/lib/fflush.c:150:27: note: Non-deterministic values: __freading: len 4 bytes, [4 times 0x0] (i32: 0)
#   64|       errno = 0;
#   65|       ASSERT (readlinkat (-1, "foo", buf, sizeof buf) == -1);
#   66|->     ASSERT (errno == EBADF);
#   67|     }
#   68|     {

Error: SYMBIOTIC_WARNING:
findutils-4.8.0/build/gnulib-tests/../../gnulib-tests/test-rmdir.h:29: error: abort failure
findutils-4.8.0/build/gnulib-tests/../../gnulib-tests/test-rmdir.h:29: note: call stack: function test_rmdir_func ()
findutils-4.8.0/build/gnulib-tests/../../gnulib-tests/test-rmdir.c:46: note: call stack: function main ()
findutils-4.8.0/build/gnulib-tests/../../gnulib-tests/test-rmdir.h:29:3: note: Non-deterministic values: mkdir: len 4 bytes, [0x1|3 times 0x0] (i32: 1)
findutils-4.8.0/build/gl/lib/../../../gl/lib/fflush.c:150:27: note: Non-deterministic values: __freading: len 4 bytes, [4 times 0x0] (i32: 0)
#   27|   {
#   28|     /* Setup.  */
#   29|->   ASSERT (mkdir (BASE "dir", 0700) == 0);
#   30|     ASSERT (close (creat (BASE "dir/file", 0600)) == 0);
#   31|   

Error: SYMBIOTIC_WARNING:
findutils-4.8.0/build/gnulib-tests/../../gnulib-tests/test-rmdir.h:30: error: abort failure
findutils-4.8.0/build/gnulib-tests/../../gnulib-tests/test-rmdir.h:30: note: call stack: function test_rmdir_func ()
findutils-4.8.0/build/gnulib-tests/../../gnulib-tests/test-rmdir.c:46: note: call stack: function main ()
findutils-4.8.0/build/gnulib-tests/../../gnulib-tests/test-rmdir.h:29:3: note: Non-deterministic values: mkdir: len 4 bytes, [4 times 0x0] (i32: 0)
findutils-4.8.0/build/gnulib-tests/../../gnulib-tests/test-rmdir.h:30:3: note: Non-deterministic values: creat: len 4 bytes, [4 times 0x0] (i32: 0)
findutils-4.8.0/build/gnulib-tests/../../gnulib-tests/test-rmdir.h:30:3: note: Non-deterministic values: close: len 4 bytes, [0x1|3 times 0x0] (i32: 1)
findutils-4.8.0/build/gl/lib/../../../gl/lib/fflush.c:150:27: note: Non-deterministic values: __freading: len 4 bytes, [4 times 0x0] (i32: 0)
#   28|     /* Setup.  */
#   29|     ASSERT (mkdir (BASE "dir", 0700) == 0);
#   30|->   ASSERT (close (creat (BASE "dir/file", 0600)) == 0);
#   31|   
#   32|     /* Basic error conditions.  */

Error: SYMBIOTIC_WARNING:
findutils-4.8.0/build/gnulib-tests/../../gnulib-tests/test-rmdir.h:34: error: abort failure
findutils-4.8.0/build/gnulib-tests/../../gnulib-tests/test-rmdir.h:34: note: call stack: function test_rmdir_func ()
findutils-4.8.0/build/gnulib-tests/../../gnulib-tests/test-rmdir.c:46: note: call stack: function main ()
findutils-4.8.0/build/gnulib-tests/../../gnulib-tests/test-rmdir.h:29:3: note: Non-deterministic values: mkdir: len 4 bytes, [4 times 0x0] (i32: 0)
findutils-4.8.0/build/gnulib-tests/../../gnulib-tests/test-rmdir.h:30:3: note: Non-deterministic values: creat: len 4 bytes, [4 times 0x0] (i32: 0)
findutils-4.8.0/build/gnulib-tests/../../gnulib-tests/test-rmdir.h:30:3: note: Non-deterministic values: close: len 4 bytes, [4 times 0x0] (i32: 0)
findutils-4.8.0/build/gnulib-tests/../../gnulib-tests/test-rmdir.h:34:3: note: Non-deterministic values: rmdir: len 4 bytes, [4 times 0x0] (i32: 0)
findutils-4.8.0/build/gl/lib/../../../gl/lib/fflush.c:150:27: note: Non-deterministic values: __freading: len 4 bytes, [4 times 0x0] (i32: 0)
#   32|     /* Basic error conditions.  */
#   33|     errno = 0;
#   34|->   ASSERT (func ("") == -1);
#   35|     ASSERT (errno == ENOENT);
#   36|     errno = 0;

Error: SYMBIOTIC_WARNING:
findutils-4.8.0/build/gnulib-tests/../../gnulib-tests/test-rmdir.h:35: error: abort failure
findutils-4.8.0/build/gnulib-tests/../../gnulib-tests/test-rmdir.h:35: note: call stack: function test_rmdir_func ()
findutils-4.8.0/build/gnulib-tests/../../gnulib-tests/test-rmdir.c:46: note: call stack: function main ()
findutils-4.8.0/build/gnulib-tests/../../gnulib-tests/test-rmdir.h:29:3: note: Non-deterministic values: mkdir: len 4 bytes, [4 times 0x0] (i32: 0)
findutils-4.8.0/build/gnulib-tests/../../gnulib-tests/test-rmdir.h:30:3: note: Non-deterministic values: creat: len 4 bytes, [4 times 0x0] (i32: 0)
findutils-4.8.0/build/gnulib-tests/../../gnulib-tests/test-rmdir.h:30:3: note: Non-deterministic values: close: len 4 bytes, [4 times 0x0] (i32: 0)
findutils-4.8.0/build/gnulib-tests/../../gnulib-tests/test-rmdir.h:34:3: note: Non-deterministic values: rmdir: len 4 bytes, [4 times 0xff] (i32: -1)
findutils-4.8.0/build/gl/lib/../../../gl/lib/fflush.c:150:27: note: Non-deterministic values: __freading: len 4 bytes, [4 times 0x0] (i32: 0)
#   33|     errno = 0;
#   34|     ASSERT (func ("") == -1);
#   35|->   ASSERT (errno == ENOENT);
#   36|     errno = 0;
#   37|     ASSERT (func (BASE "nosuch") == -1);

Error: SYMBIOTIC_WARNING:
findutils-4.8.0/build/gnulib-tests/../../gnulib-tests/test-setsockopt.c:40: error: reached "unreachable" instruction
findutils-4.8.0/build/gnulib-tests/../../gnulib-tests/test-setsockopt.c:40: note: call stack: function main ()
findutils-4.8.0/build/gnulib-tests/../../gnulib-tests/test-setsockopt.c:40:5: note: Non-deterministic values: setsockopt: len 4 bytes, [4 times 0x0] (i32: 0)
findutils-4.8.0/build/gl/lib/../../../gl/lib/fflush.c:150:27: note: Non-deterministic values: __freading: len 4 bytes, [4 times 0x0] (i32: 0)
#   38|   
#   39|       errno = 0;
#   40|->     ASSERT (setsockopt (-1, SOL_SOCKET, SO_REUSEADDR, &value, sizeof (value))
#   41|               == -1);
#   42|       ASSERT (errno == EBADF);

Error: SYMBIOTIC_WARNING:
findutils-4.8.0/build/gnulib-tests/../../gnulib-tests/test-setsockopt.c:42: error: reached "unreachable" instruction
findutils-4.8.0/build/gnulib-tests/../../gnulib-tests/test-setsockopt.c:42: note: call stack: function main ()
findutils-4.8.0/build/gnulib-tests/../../gnulib-tests/test-setsockopt.c:40:5: note: Non-deterministic values: setsockopt: len 4 bytes, [4 times 0xff] (i32: -1)
findutils-4.8.0/build/gl/lib/../../../gl/lib/fflush.c:150:27: note: Non-deterministic values: __freading: len 4 bytes, [4 times 0x0] (i32: 0)
#   40|       ASSERT (setsockopt (-1, SOL_SOCKET, SO_REUSEADDR, &value, sizeof (value))
#   41|               == -1);
#   42|->     ASSERT (errno == EBADF);
#   43|     }
#   44|     {

Error: SYMBIOTIC_WARNING:
findutils-4.8.0/build/gnulib-tests/../../gnulib-tests/test-sigaction.c:97: error: reached "unreachable" instruction
findutils-4.8.0/build/gnulib-tests/../../gnulib-tests/test-sigaction.c:97: note: call stack: function main ()
findutils-4.8.0/build/gnulib-tests/../../gnulib-tests/test-sigaction.c:97:3: note: Non-deterministic values: sigemptyset: len 4 bytes, [0x1|3 times 0x0] (i32: 1)
findutils-4.8.0/build/gl/lib/../../../gl/lib/fflush.c:150:27: note: Non-deterministic values: __freading: len 4 bytes, [4 times 0x0] (i32: 0)
#   95|   
#   96|     sa.sa_flags = 0;
#   97|->   ASSERT (sigemptyset (&sa.sa_mask) == 0);
#   98|     ASSERT (sigaction (SIGABRT, &sa, NULL) == 0);
#   99|     ASSERT (raise (SIGABRT) == 0);

Error: SYMBIOTIC_WARNING:
findutils-4.8.0/build/gnulib-tests/../../gnulib-tests/test-sigaction.c:98: error: reached "unreachable" instruction
findutils-4.8.0/build/gnulib-tests/../../gnulib-tests/test-sigaction.c:98: note: call stack: function main ()
findutils-4.8.0/build/gnulib-tests/../../gnulib-tests/test-sigaction.c:97:3: note: Non-deterministic values: sigemptyset: len 4 bytes, [4 times 0x0] (i32: 0)
findutils-4.8.0/build/gnulib-tests/../../gnulib-tests/test-sigaction.c:98:3: note: Non-deterministic values: sigaction: len 4 bytes, [0x1|3 times 0x0] (i32: 1)
findutils-4.8.0/build/gl/lib/../../../gl/lib/fflush.c:150:27: note: Non-deterministic values: __freading: len 4 bytes, [4 times 0x0] (i32: 0)
#   96|     sa.sa_flags = 0;
#   97|     ASSERT (sigemptyset (&sa.sa_mask) == 0);
#   98|->   ASSERT (sigaction (SIGABRT, &sa, NULL) == 0);
#   99|     ASSERT (raise (SIGABRT) == 0);
#  100|   

Error: SYMBIOTIC_WARNING:
findutils-4.8.0/build/gnulib-tests/../../gnulib-tests/test-sigaction.c:99: error: reached "unreachable" instruction
findutils-4.8.0/build/gnulib-tests/../../gnulib-tests/test-sigaction.c:99: note: call stack: function main ()
findutils-4.8.0/build/gnulib-tests/../../gnulib-tests/test-sigaction.c:97:3: note: Non-deterministic values: sigemptyset: len 4 bytes, [4 times 0x0] (i32: 0)
findutils-4.8.0/build/gnulib-tests/../../gnulib-tests/test-sigaction.c:98:3: note: Non-deterministic values: sigaction: len 4 bytes, [4 times 0x0] (i32: 0)
findutils-4.8.0/build/gnulib-tests/../../gnulib-tests/test-sigaction.c:99:3: note: Non-deterministic values: raise: len 4 bytes, [0x1|3 times 0x0] (i32: 1)
findutils-4.8.0/build/gl/lib/../../../gl/lib/fflush.c:150:27: note: Non-deterministic values: __freading: len 4 bytes, [4 times 0x0] (i32: 0)
#   97|     ASSERT (sigemptyset (&sa.sa_mask) == 0);
#   98|     ASSERT (sigaction (SIGABRT, &sa, NULL) == 0);
#   99|->   ASSERT (raise (SIGABRT) == 0);
#  100|   
#  101|     sa.sa_flags = SA_RESETHAND | SA_NODEFER;

Error: SYMBIOTIC_WARNING:
findutils-4.8.0/build/gnulib-tests/../../gnulib-tests/test-sigaction.c:102: error: reached "unreachable" instruction
findutils-4.8.0/build/gnulib-tests/../../gnulib-tests/test-sigaction.c:102: note: call stack: function main ()
findutils-4.8.0/build/gnulib-tests/../../gnulib-tests/test-sigaction.c:97:3: note: Non-deterministic values: sigemptyset: len 4 bytes, [4 times 0x0] (i32: 0)
findutils-4.8.0/build/gnulib-tests/../../gnulib-tests/test-sigaction.c:98:3: note: Non-deterministic values: sigaction: len 4 bytes, [4 times 0x0] (i32: 0)
findutils-4.8.0/build/gnulib-tests/../../gnulib-tests/test-sigaction.c:99:3: note: Non-deterministic values: raise: len 4 bytes, [4 times 0x0] (i32: 0)
findutils-4.8.0/build/gnulib-tests/../../gnulib-tests/test-sigaction.c:102:3: note: Non-deterministic values: sigaction: len 4 bytes, [0x1|3 times 0x0] (i32: 1)
findutils-4.8.0/build/gl/lib/../../../gl/lib/fflush.c:150:27: note: Non-deterministic values: __freading: len 4 bytes, [4 times 0x0] (i32: 0)
#  100|   
#  101|     sa.sa_flags = SA_RESETHAND | SA_NODEFER;
#  102|->   ASSERT (sigaction (SIGABRT, &sa, &old_sa) == 0);
#  103|     ASSERT ((old_sa.sa_flags & MASK_SA_FLAGS) == 0);
#  104|     ASSERT (old_sa.sa_handler == handler);

Error: SYMBIOTIC_WARNING:
findutils-4.8.0/build/gnulib-tests/../../gnulib-tests/test-sigaction.c:103: error: reached "unreachable" instruction
findutils-4.8.0/build/gnulib-tests/../../gnulib-tests/test-sigaction.c:103: note: call stack: function main ()
findutils-4.8.0/build/gnulib-tests/../../gnulib-tests/test-sigaction.c:97:3: note: Non-deterministic values: sigemptyset: len 4 bytes, [4 times 0x0] (i32: 0)
findutils-4.8.0/build/gnulib-tests/../../gnulib-tests/test-sigaction.c:98:3: note: Non-deterministic values: sigaction: len 4 bytes, [4 times 0x0] (i32: 0)
findutils-4.8.0/build/gnulib-tests/../../gnulib-tests/test-sigaction.c:99:3: note: Non-deterministic values: raise: len 4 bytes, [4 times 0x0] (i32: 0)
findutils-4.8.0/build/gnulib-tests/../../gnulib-tests/test-sigaction.c:102:3: note: Non-deterministic values: sigaction: len 4 bytes, [4 times 0x0] (i32: 0)
findutils-4.8.0/build/gl/lib/../../../gl/lib/fflush.c:150:27: note: Non-deterministic values: __freading: len 4 bytes, [4 times 0x0] (i32: 0)
#  101|     sa.sa_flags = SA_RESETHAND | SA_NODEFER;
#  102|     ASSERT (sigaction (SIGABRT, &sa, &old_sa) == 0);
#  103|->   ASSERT ((old_sa.sa_flags & MASK_SA_FLAGS) == 0);
#  104|     ASSERT (old_sa.sa_handler == handler);
#  105|     ASSERT (raise (SIGABRT) == 0);

Error: SYMBIOTIC_WARNING:
findutils-4.8.0/build/gnulib-tests/../../gnulib-tests/test-sigprocmask.c:62: error: reached "unreachable" instruction
findutils-4.8.0/build/gnulib-tests/../../gnulib-tests/test-sigprocmask.c:62: note: call stack: function main (=2, =0)
findutils-4.8.0/build/gnulib-tests/../../gnulib-tests/test-sigprocmask.c:62:3: note: Non-deterministic values: sigprocmask: len 4 bytes, [4 times 0x0] (i32: 0)
findutils-4.8.0/build/gl/lib/../../../gl/lib/fflush.c:150:27: note: Non-deterministic values: __freading: len 4 bytes, [4 times 0x0] (i32: 0)
#   60|   
#   61|     /* Check error handling.  */
#   62|->   ASSERT (sigprocmask (1729, &set, NULL) == -1);
#   63|     ASSERT (errno == EINVAL);
#   64|   

Error: SYMBIOTIC_WARNING:
findutils-4.8.0/build/gnulib-tests/../../gnulib-tests/test-sigprocmask.c:63: error: reached "unreachable" instruction
findutils-4.8.0/build/gnulib-tests/../../gnulib-tests/test-sigprocmask.c:63: note: call stack: function main (=2, =0)
findutils-4.8.0/build/gnulib-tests/../../gnulib-tests/test-sigprocmask.c:62:3: note: Non-deterministic values: sigprocmask: len 4 bytes, [4 times 0xff] (i32: -1)
findutils-4.8.0/build/gl/lib/../../../gl/lib/fflush.c:150:27: note: Non-deterministic values: __freading: len 4 bytes, [4 times 0x0] (i32: 0)
#   61|     /* Check error handling.  */
#   62|     ASSERT (sigprocmask (1729, &set, NULL) == -1);
#   63|->   ASSERT (errno == EINVAL);
#   64|   
#   65|     /* Block SIGINT.  */

Error: SYMBIOTIC_WARNING:
findutils-4.8.0/build/gnulib-tests/../../gnulib-tests/test-sleep.c:42: error: reached "unreachable" instruction
findutils-4.8.0/build/gnulib-tests/../../gnulib-tests/test-sleep.c:42: note: call stack: function main ()
findutils-4.8.0/build/gnulib-tests/../../gnulib-tests/test-sleep.c:42:3: note: Non-deterministic values: sleep: len 4 bytes, [0x2|3 times 0x0] (i32: 2)
findutils-4.8.0/build/gl/lib/../../../gl/lib/fflush.c:150:27: note: Non-deterministic values: __freading: len 4 bytes, [4 times 0x0] (i32: 0)
#   40|   main (void)
#   41|   {
#   42|->   ASSERT (sleep (1) <= 1);
#   43|   
#   44|     ASSERT (sleep (0) == 0);

Error: SYMBIOTIC_WARNING:
findutils-4.8.0/build/gnulib-tests/../../gnulib-tests/test-sleep.c:44: error: reached "unreachable" instruction
findutils-4.8.0/build/gnulib-tests/../../gnulib-tests/test-sleep.c:44: note: call stack: function main ()
findutils-4.8.0/build/gnulib-tests/../../gnulib-tests/test-sleep.c:42:3: note: Non-deterministic values: sleep: len 4 bytes, [4 times 0x0] (i32: 0)
findutils-4.8.0/build/gnulib-tests/../../gnulib-tests/test-sleep.c:44:3: note: Non-deterministic values: sleep: len 4 bytes, [0x1|3 times 0x0] (i32: 1)
findutils-4.8.0/build/gl/lib/../../../gl/lib/fflush.c:150:27: note: Non-deterministic values: __freading: len 4 bytes, [4 times 0x0] (i32: 0)
#   42|     ASSERT (sleep (1) <= 1);
#   43|   
#   44|->   ASSERT (sleep (0) == 0);
#   45|   
#   46|   #if HAVE_DECL_ALARM

Error: SYMBIOTIC_WARNING:
findutils-4.8.0/build/gnulib-tests/../../gnulib-tests/test-sleep.c:53: error: reached "unreachable" instruction
findutils-4.8.0/build/gnulib-tests/../../gnulib-tests/test-sleep.c:53: note: call stack: function main ()
findutils-4.8.0/build/gnulib-tests/../../gnulib-tests/test-sleep.c:42:3: note: Non-deterministic values: sleep: len 4 bytes, [4 times 0x0] (i32: 0)
findutils-4.8.0/build/gnulib-tests/../../gnulib-tests/test-sleep.c:44:3: note: Non-deterministic values: sleep: len 4 bytes, [4 times 0x0] (i32: 0)
findutils-4.8.0/build/gnulib-tests/../../gnulib-tests/test-sleep.c:52:17: note: Non-deterministic values: sleep: len 4 bytes, [4 times 0x0] (i32: 0)
findutils-4.8.0/build/gl/lib/../../../gl/lib/fflush.c:150:27: note: Non-deterministic values: __freading: len 4 bytes, [4 times 0x0] (i32: 0)
#   51|       alarm (1);
#   52|       remaining = sleep (pentecost);
#   53|->     ASSERT (pentecost - 10 < remaining && remaining <= pentecost);
#   54|     }
#   55|   #endif

Error: SYMBIOTIC_WARNING:
findutils-4.8.0/build/gnulib-tests/../../gnulib-tests/test-strstr.c:48: error: reached "unreachable" instruction
findutils-4.8.0/build/gnulib-tests/../../gnulib-tests/test-strstr.c:48: note: call stack: function main (=2, =0)
findutils-4.8.0/build/gl/lib/../../../gl/lib/fflush.c:150:27: note: Non-deterministic values: __freading: len 4 bytes, [4 times 0x0] (i32: 0)
#   46|       const char input[] = "foo";
#   47|       const char *result = strstr (input, "");
#   48|->     ASSERT (result == input);
#   49|     }
#   50|   

Error: SYMBIOTIC_WARNING:
findutils-4.8.0/build/gnulib-tests/../../gnulib-tests/test-strtoll.c:41: error: reached "unreachable" instruction
findutils-4.8.0/build/gnulib-tests/../../gnulib-tests/test-strtoll.c:41: note: call stack: function main ()
findutils-4.8.0/build/gl/lib/../../../gl/lib/fflush.c:150:27: note: Non-deterministic values: __freading: len 4 bytes, [4 times 0x0] (i32: 0)
#   39|       result = strtoll (input, &ptr, 10);
#   40|       ASSERT (result == 0);
#   41|->     ASSERT (ptr == input);
#   42|       ASSERT (errno == 0 || errno == EINVAL);
#   43|     }

Error: SYMBIOTIC_WARNING:
findutils-4.8.0/build/gnulib-tests/../../gnulib-tests/test-strtoumax.c:40: error: reached "unreachable" instruction
findutils-4.8.0/build/gnulib-tests/../../gnulib-tests/test-strtoumax.c:40: note: call stack: function main ()
findutils-4.8.0/build/gnulib-tests/../../gnulib-tests/test-strtoumax.c:39:14: note: Non-deterministic values: strtoumax: len 8 bytes, [0x1|7 times 0x0] (i64: 1)
findutils-4.8.0/build/gl/lib/../../../gl/lib/fflush.c:150:27: note: Non-deterministic values: __freading: len 4 bytes, [4 times 0x0] (i32: 0)
#   38|       errno = 0;
#   39|       result = strtoumax (input, &ptr, 10);
#   40|->     ASSERT (result == 0);
#   41|       ASSERT (ptr == input);
#   42|       ASSERT (errno == 0 || errno == EINVAL);

Error: SYMBIOTIC_WARNING:
findutils-4.8.0/build/gnulib-tests/../../gnulib-tests/test-strtoumax.c:41: error: reached "unreachable" instruction
findutils-4.8.0/build/gnulib-tests/../../gnulib-tests/test-strtoumax.c:41: note: call stack: function main ()
findutils-4.8.0/build/gnulib-tests/../../gnulib-tests/test-strtoumax.c:39:14: note: Non-deterministic values: strtoumax: len 8 bytes, [8 times 0x0] (i64: 0)
findutils-4.8.0/build/gl/lib/../../../gl/lib/fflush.c:150:27: note: Non-deterministic values: __freading: len 4 bytes, [4 times 0x0] (i32: 0)
#   39|       result = strtoumax (input, &ptr, 10);
#   40|       ASSERT (result == 0);
#   41|->     ASSERT (ptr == input);
#   42|       ASSERT (errno == 0 || errno == EINVAL);
#   43|     }

Error: SYMBIOTIC_WARNING:
findutils-4.8.0/build/gnulib-tests/../../gnulib-tests/test-symlinkat.c:64: error: reached "unreachable" instruction
findutils-4.8.0/build/gnulib-tests/../../gnulib-tests/test-symlinkat.c:64: note: call stack: function main ()
findutils-4.8.0/build/gnulib-tests/../../gnulib-tests/test-symlinkat.c:64:5: note: Non-deterministic values: symlinkat: len 4 bytes, [4 times 0x0] (i32: 0)
findutils-4.8.0/build/gl/lib/../../../gl/lib/fflush.c:150:27: note: Non-deterministic values: __freading: len 4 bytes, [4 times 0x0] (i32: 0)
#   62|     {
#   63|       errno = 0;
#   64|->     ASSERT (symlinkat ("foo", -1, "bar") == -1);
#   65|       ASSERT (errno == EBADF
#   66|               || errno == ENOSYS /* seen on mingw */

Error: SYMBIOTIC_WARNING:
findutils-4.8.0/build/gnulib-tests/../../gnulib-tests/test-symlinkat.c:65: error: reached "unreachable" instruction
findutils-4.8.0/build/gnulib-tests/../../gnulib-tests/test-symlinkat.c:65: note: call stack: function main ()
findutils-4.8.0/build/gnulib-tests/../../gnulib-tests/test-symlinkat.c:64:5: note: Non-deterministic values: symlinkat: len 4 bytes, [4 times 0xff] (i32: -1)
findutils-4.8.0/build/gl/lib/../../../gl/lib/fflush.c:150:27: note: Non-deterministic values: __freading: len 4 bytes, [4 times 0x0] (i32: 0)
#   63|       errno = 0;
#   64|       ASSERT (symlinkat ("foo", -1, "bar") == -1);
#   65|->     ASSERT (errno == EBADF
#   66|               || errno == ENOSYS /* seen on mingw */
#   67|              );

Error: SYMBIOTIC_WARNING:
findutils-4.8.0/build/gnulib-tests/../../gnulib-tests/test-uname.c:43: error: reached "unreachable" instruction
findutils-4.8.0/build/gnulib-tests/../../gnulib-tests/test-uname.c:43: note: call stack: function main (=2, =0)
findutils-4.8.0/build/gnulib-tests/../../gnulib-tests/test-uname.c:43:3: note: Non-deterministic values: uname: len 4 bytes, [3 times 0x0|0x80] (i32: -2147483648)
findutils-4.8.0/build/gl/lib/../../../gl/lib/fflush.c:150:27: note: Non-deterministic values: __freading: len 4 bytes, [4 times 0x0] (i32: 0)
#   41|     memset (&buf, '?', sizeof (buf));
#   42|   
#   43|->   ASSERT (uname (&buf) >= 0);
#   44|   
#   45|     /* Verify that every field's value is NUL terminated.  */

Error: SYMBIOTIC_WARNING:
findutils-4.8.0/build/gnulib-tests/../../gnulib-tests/test-unlink.h:29: error: abort failure
findutils-4.8.0/build/gnulib-tests/../../gnulib-tests/test-unlink.h:29: note: call stack: function test_unlink_func ()
findutils-4.8.0/build/gnulib-tests/../../gnulib-tests/test-unlink.c:48: note: call stack: function main ()
findutils-4.8.0/build/gnulib-tests/../../gnulib-tests/test-unlink.h:29:3: note: Non-deterministic values: mkdir: len 4 bytes, [0x1|3 times 0x0] (i32: 1)
findutils-4.8.0/build/gl/lib/../../../gl/lib/fflush.c:150:27: note: Non-deterministic values: __freading: len 4 bytes, [4 times 0x0] (i32: 0)
#   27|   {
#   28|     /* Setup.  */
#   29|->   ASSERT (mkdir (BASE "dir", 0700) == 0);
#   30|     ASSERT (close (creat (BASE "dir/file", 0600)) == 0);
#   31|   

Error: SYMBIOTIC_WARNING:
findutils-4.8.0/build/gnulib-tests/../../gnulib-tests/test-unlink.h:30: error: abort failure
findutils-4.8.0/build/gnulib-tests/../../gnulib-tests/test-unlink.h:30: note: call stack: function test_unlink_func ()
findutils-4.8.0/build/gnulib-tests/../../gnulib-tests/test-unlink.c:48: note: call stack: function main ()
findutils-4.8.0/build/gnulib-tests/../../gnulib-tests/test-unlink.h:29:3: note: Non-deterministic values: mkdir: len 4 bytes, [4 times 0x0] (i32: 0)
findutils-4.8.0/build/gnulib-tests/../../gnulib-tests/test-unlink.h:30:3: note: Non-deterministic values: creat: len 4 bytes, [4 times 0x0] (i32: 0)
findutils-4.8.0/build/gnulib-tests/../../gnulib-tests/test-unlink.h:30:3: note: Non-deterministic values: close: len 4 bytes, [0x1|3 times 0x0] (i32: 1)
findutils-4.8.0/build/gl/lib/../../../gl/lib/fflush.c:150:27: note: Non-deterministic values: __freading: len 4 bytes, [4 times 0x0] (i32: 0)
#   28|     /* Setup.  */
#   29|     ASSERT (mkdir (BASE "dir", 0700) == 0);
#   30|->   ASSERT (close (creat (BASE "dir/file", 0600)) == 0);
#   31|   
#   32|     /* Basic error conditions.  */

Error: SYMBIOTIC_WARNING:
findutils-4.8.0/build/gnulib-tests/../../gnulib-tests/test-unlink.h:34: error: abort failure
findutils-4.8.0/build/gnulib-tests/../../gnulib-tests/test-unlink.h:34: note: call stack: function test_unlink_func ()
findutils-4.8.0/build/gnulib-tests/../../gnulib-tests/test-unlink.c:48: note: call stack: function main ()
findutils-4.8.0/build/gnulib-tests/../../gnulib-tests/test-unlink.h:29:3: note: Non-deterministic values: mkdir: len 4 bytes, [4 times 0x0] (i32: 0)
findutils-4.8.0/build/gnulib-tests/../../gnulib-tests/test-unlink.h:30:3: note: Non-deterministic values: creat: len 4 bytes, [4 times 0x0] (i32: 0)
findutils-4.8.0/build/gnulib-tests/../../gnulib-tests/test-unlink.h:30:3: note: Non-deterministic values: close: len 4 bytes, [4 times 0x0] (i32: 0)
findutils-4.8.0/build/gnulib-tests/../../gnulib-tests/test-unlink.h:34:3: note: Non-deterministic values: unlink: len 4 bytes, [4 times 0x0] (i32: 0)
findutils-4.8.0/build/gl/lib/../../../gl/lib/fflush.c:150:27: note: Non-deterministic values: __freading: len 4 bytes, [4 times 0x0] (i32: 0)
#   32|     /* Basic error conditions.  */
#   33|     errno = 0;
#   34|->   ASSERT (func ("") == -1);
#   35|     ASSERT (errno == ENOENT);
#   36|     errno = 0;

Error: SYMBIOTIC_WARNING:
findutils-4.8.0/build/gnulib-tests/../../gnulib-tests/test-unlink.h:35: error: abort failure
findutils-4.8.0/build/gnulib-tests/../../gnulib-tests/test-unlink.h:35: note: call stack: function test_unlink_func ()
findutils-4.8.0/build/gnulib-tests/../../gnulib-tests/test-unlink.c:48: note: call stack: function main ()
findutils-4.8.0/build/gnulib-tests/../../gnulib-tests/test-unlink.h:29:3: note: Non-deterministic values: mkdir: len 4 bytes, [4 times 0x0] (i32: 0)
findutils-4.8.0/build/gnulib-tests/../../gnulib-tests/test-unlink.h:30:3: note: Non-deterministic values: creat: len 4 bytes, [4 times 0x0] (i32: 0)
findutils-4.8.0/build/gnulib-tests/../../gnulib-tests/test-unlink.h:30:3: note: Non-deterministic values: close: len 4 bytes, [4 times 0x0] (i32: 0)
findutils-4.8.0/build/gnulib-tests/../../gnulib-tests/test-unlink.h:34:3: note: Non-deterministic values: unlink: len 4 bytes, [4 times 0xff] (i32: -1)
findutils-4.8.0/build/gl/lib/../../../gl/lib/fflush.c:150:27: note: Non-deterministic values: __freading: len 4 bytes, [4 times 0x0] (i32: 0)
#   33|     errno = 0;
#   34|     ASSERT (func ("") == -1);
#   35|->   ASSERT (errno == ENOENT);
#   36|     errno = 0;
#   37|     ASSERT (func (BASE "nosuch") == -1);

Error: SYMBIOTIC_WARNING:
findutils-4.8.0/build/gnulib-tests/../../gnulib-tests/test-unlinkat.c:71: error: reached "unreachable" instruction
findutils-4.8.0/build/gnulib-tests/../../gnulib-tests/test-unlinkat.c:71: note: call stack: function main (=2, =0)
findutils-4.8.0/build/gnulib-tests/../../gnulib-tests/test-unlinkat.c:71:5: note: Non-deterministic values: unlinkat: len 4 bytes, [4 times 0x0] (i32: 0)
findutils-4.8.0/build/gl/lib/../../../gl/lib/fflush.c:150:27: note: Non-deterministic values: __freading: len 4 bytes, [4 times 0x0] (i32: 0)
#   69|     {
#   70|       errno = 0;
#   71|->     ASSERT (unlinkat (-1, "foo", 0) == -1);
#   72|       ASSERT (errno == EBADF);
#   73|     }

Error: SYMBIOTIC_WARNING:
findutils-4.8.0/build/gnulib-tests/../../gnulib-tests/test-unlinkat.c:72: error: reached "unreachable" instruction
findutils-4.8.0/build/gnulib-tests/../../gnulib-tests/test-unlinkat.c:72: note: call stack: function main (=2, =0)
findutils-4.8.0/build/gnulib-tests/../../gnulib-tests/test-unlinkat.c:71:5: note: Non-deterministic values: unlinkat: len 4 bytes, [4 times 0xff] (i32: -1)
findutils-4.8.0/build/gl/lib/../../../gl/lib/fflush.c:150:27: note: Non-deterministic values: __freading: len 4 bytes, [4 times 0x0] (i32: 0)
#   70|       errno = 0;
#   71|       ASSERT (unlinkat (-1, "foo", 0) == -1);
#   72|->     ASSERT (errno == EBADF);
#   73|     }
#   74|     {

Error: SYMBIOTIC_WARNING:
findutils-4.8.0/build/gnulib-tests/../../gnulib-tests/test-usleep.c:34: error: reached "unreachable" instruction
findutils-4.8.0/build/gnulib-tests/../../gnulib-tests/test-usleep.c:34: note: call stack: function main ()
findutils-4.8.0/build/gnulib-tests/../../gnulib-tests/test-usleep.c:34:3: note: Non-deterministic values: usleep: len 4 bytes, [0x1|3 times 0x0] (i32: 1)
findutils-4.8.0/build/gl/lib/../../../gl/lib/fflush.c:150:27: note: Non-deterministic values: __freading: len 4 bytes, [4 times 0x0] (i32: 0)
#   32|   {
#   33|     time_t start = time (NULL);
#   34|->   ASSERT (usleep (1000000) == 0);
#   35|     ASSERT (start < time (NULL));
#   36|   

Error: SYMBIOTIC_WARNING:
findutils-4.8.0/build/gnulib-tests/../../gnulib-tests/test-usleep.c:35: error: reached "unreachable" instruction
findutils-4.8.0/build/gnulib-tests/../../gnulib-tests/test-usleep.c:35: note: call stack: function main ()
findutils-4.8.0/build/gnulib-tests/../../gnulib-tests/test-usleep.c:34:3: note: Non-deterministic values: usleep: len 4 bytes, [4 times 0x0] (i32: 0)
findutils-4.8.0/build/gl/lib/../../../gl/lib/fflush.c:150:27: note: Non-deterministic values: __freading: len 4 bytes, [4 times 0x0] (i32: 0)
#   33|     time_t start = time (NULL);
#   34|     ASSERT (usleep (1000000) == 0);
#   35|->   ASSERT (start < time (NULL));
#   36|   
#   37|     ASSERT (usleep (0) == 0);

Error: SYMBIOTIC_WARNING:
findutils-4.8.0/build/gnulib-tests/../../gnulib-tests/test-usleep.c:37: error: reached "unreachable" instruction
findutils-4.8.0/build/gnulib-tests/../../gnulib-tests/test-usleep.c:37: note: call stack: function main ()
findutils-4.8.0/build/gnulib-tests/../../gnulib-tests/test-usleep.c:34:3: note: Non-deterministic values: usleep: len 4 bytes, [4 times 0x0] (i32: 0)
findutils-4.8.0/build/gnulib-tests/../../gnulib-tests/test-usleep.c:37:3: note: Non-deterministic values: usleep: len 4 bytes, [0x1|3 times 0x0] (i32: 1)
findutils-4.8.0/build/gl/lib/../../../gl/lib/fflush.c:150:27: note: Non-deterministic values: __freading: len 4 bytes, [4 times 0x0] (i32: 0)
#   35|     ASSERT (start < time (NULL));
#   36|   
#   37|->   ASSERT (usleep (0) == 0);
#   38|   
#   39|     return 0;

Error: SYMBIOTIC_WARNING:
findutils-4.8.0/build/gnulib-tests/../../gnulib-tests/test-wcrtomb.c:68: error: reached "unreachable" instruction
findutils-4.8.0/build/gnulib-tests/../../gnulib-tests/test-wcrtomb.c:68: note: call stack: function main (=2, =0)
findutils-4.8.0/build/gnulib-tests/../../gnulib-tests/test-wcrtomb.c:61:7: note: Non-deterministic values: setlocale: len 8 bytes, [0x1|7 times 0x0] (i64: 1)
/builddir/build/BUILD/findutils-4.8.0/build/gnulib-tests/../../gnulib-tests/test-wcrtomb.c:61:7 (offset): note: Non-deterministic values: setlocale: len 8 bytes, [8 times 0x0] (i64: 0)
findutils-4.8.0/build/gnulib-tests/../../gnulib-tests/test-wcrtomb.c:67:11: note: Non-deterministic values: wcrtomb: len 8 bytes, [8 times 0x0] (i64: 0)
findutils-4.8.0/build/gl/lib/../../../gl/lib/fflush.c:150:27: note: Non-deterministic values: __freading: len 4 bytes, [4 times 0x0] (i32: 0)
#   66|       buf[0] = 'x';
#   67|       ret = wcrtomb (buf, 0, NULL);
#   68|->     ASSERT (ret == 1);
#   69|       ASSERT (buf[0] == '\0');
#   70|     }

Error: SYMBIOTIC_WARNING:
findutils-4.8.0/build/gnulib-tests/../../gnulib-tests/test-wcrtomb.c:69: error: reached "unreachable" instruction
findutils-4.8.0/build/gnulib-tests/../../gnulib-tests/test-wcrtomb.c:69: note: call stack: function main (=2, =0)
findutils-4.8.0/build/gnulib-tests/../../gnulib-tests/test-wcrtomb.c:61:7: note: Non-deterministic values: setlocale: len 8 bytes, [0x1|7 times 0x0] (i64: 1)
/builddir/build/BUILD/findutils-4.8.0/build/gnulib-tests/../../gnulib-tests/test-wcrtomb.c:61:7 (offset): note: Non-deterministic values: setlocale: len 8 bytes, [8 times 0x0] (i64: 0)
findutils-4.8.0/build/gnulib-tests/../../gnulib-tests/test-wcrtomb.c:67:11: note: Non-deterministic values: wcrtomb: len 8 bytes, [0x1|7 times 0x0] (i64: 1)
findutils-4.8.0/build/gl/lib/../../../gl/lib/fflush.c:150:27: note: Non-deterministic values: __freading: len 4 bytes, [4 times 0x0] (i32: 0)
#   67|       ret = wcrtomb (buf, 0, NULL);
#   68|       ASSERT (ret == 1);
#   69|->     ASSERT (buf[0] == '\0');
#   70|     }
#   71|   

Error: COMPILER_WARNING (CWE-758):
findutils-4.8.0/gnulib-tests/dtotimespec.c:34:27: warning[-Wimplicit-const-int-float-conversion]: implicit conversion from 'time_t' (aka 'long') to 'double' changes value from 9223372036854775807 to 9223372036854775808
#  else if (! (sec < 1.0 + TYPE_MAXIMUM (time_t)))
#                        ~ ^~~~~~~~~~~~~~~~~~~~~
findutils-4.8.0/gl/lib/intprops.h:58:4: note: expanded from macro 'TYPE_MAXIMUM'
#  ((t) (! TYPE_SIGNED (t)                                               \
#   ^~~~~~~~~~~~~~~~~~~~~~~~~~~~~~~~~~~~~~~~~~~~~~~~~~~~~~~~~~~~~~~~~~~~~~
#   32|     if (! (TYPE_MINIMUM (time_t) < sec))
#   33|       return make_timespec (TYPE_MINIMUM (time_t), 0);
#   34|->   else if (! (sec < 1.0 + TYPE_MAXIMUM (time_t)))
#   35|       return make_timespec (TYPE_MAXIMUM (time_t), TIMESPEC_HZ - 1);
#   36|     else
