scan.ini: [scan]
scan.ini: tool = csmock
scan.ini: tool-version = csmock-3.3.5-1.fc36
scan.ini: tool-args = '/usr/bin/csmock' '-o' '/home/mockbuilder/aufover-benchmark/workdir-for-sync/rpm-pkgs/npth-1.6-7.fc35/divine/output' '-f' '/home/mockbuilder/aufover-benchmark/workdir-for-sync/rpm-pkgs/npth-1.6-7.fc35/npth-1.6-7.fc35.src.rpm' '-r' 'fedora-35-x86_64' '-t' 'divine' '--divine-timeout=8' '--keep-going'
scan.ini: host = dell-pe-fm120-1b.dell2.lab.eng.bos.redhat.com
scan.ini: store-results-to = /home/mockbuilder/aufover-benchmark/workdir-for-sync/rpm-pkgs/npth-1.6-7.fc35/divine/output
scan.ini: time-created = 2023-01-26 06:23:11
scan.ini: enabled-plugins = divine, gcc
scan.ini: mock-config = fedora-35-x86_64
scan.ini: project-name = npth-1.6-7.fc35
>>> 2023-01-26 06:23:11	"rpm -qa | sort -V > '/home/mockbuilder/aufover-benchmark/workdir-for-sync/rpm-pkgs/npth-1.6-7.fc35/divine/output/debug/rpm-list-host.txt'"

>>> 2023-01-26 06:23:12	"/usr/bin/mock" "-r" "fedora-35-x86_64" "--plugin-option=tmpfs:keep_mounted=True" "--config-opts=print_main_output=True" "--init"
INFO: mock.py version 3.5 starting (python version = 3.10.9, NVR = mock-3.5-1.fc36)...
Start(bootstrap): init plugins
INFO: selinux enabled
Finish(bootstrap): init plugins
Start: init plugins
INFO: selinux enabled
Finish: init plugins
INFO: Signal handler active
Start: run
Start: clean chroot
Finish: clean chroot
Start(bootstrap): chroot init
INFO: calling preinit hooks
INFO: enabled root cache
INFO: enabled package manager cache
Start(bootstrap): cleaning package manager metadata
Finish(bootstrap): cleaning package manager metadata
INFO: enabled HW Info plugin
Mock Version: 3.5
INFO: Mock Version: 3.5
Finish(bootstrap): chroot init
Start: chroot init
INFO: calling preinit hooks
INFO: enabled root cache
Start: unpacking root cache
Finish: unpacking root cache
INFO: enabled package manager cache
Start: cleaning package manager metadata
Finish: cleaning package manager metadata
INFO: enabled HW Info plugin
Mock Version: 3.5
INFO: Mock Version: 3.5
Finish: chroot init
Finish: run

>>> 2023-01-26 06:23:19	"/usr/bin/mock" "-r" "fedora-35-x86_64" "--plugin-option=tmpfs:keep_mounted=True" "--config-opts=print_main_output=True" "--quiet" "--installdeps" "/tmp/csmockfrk15qqx/npth-1.6-7.fc35.src.rpm"
No matches found for the following disable plugin patterns: local, spacewalk, versionlock
fedora                   [===                 ] ---  B/s |   0  B     --:-- ETAfedora                                           17 kB/s | 4.5 kB     00:00    
updates                  [===                 ] ---  B/s |   0  B     --:-- ETAupdates                                          25 kB/s | 2.8 kB     00:00    
Dependencies resolved.
================================================================================
 Package                  Architecture Version              Repository     Size
================================================================================
Installing:
 [1mgcc                     [m x86_64       11.3.1-3.fc35        updates        31 M
 [1mmake                    [m x86_64       1:4.3-6.fc35         fedora        533 k
Installing dependencies:
 [1mannobin-docs            [m noarch       10.79-1.fc35         updates        91 k
 [1mannobin-plugin-gcc      [m x86_64       10.79-1.fc35         updates       882 k
 [1mcpp                     [m x86_64       11.3.1-3.fc35        updates        10 M
 [1mgc                      [m x86_64       8.0.4-6.fc35         fedora        103 k
 [1mglibc-devel             [m x86_64       2.34-49.fc35         updates        45 k
 [1mglibc-headers-x86       [m noarch       2.34-49.fc35         updates       445 k
 [1mguile22                 [m x86_64       2.2.7-3.fc35         fedora        6.4 M
 [1mkernel-headers          [m x86_64       6.0.5-100.fc35       updates       1.3 M
 [1mlibmpc                  [m x86_64       1.2.1-3.fc35         fedora         62 k
 [1mlibtool-ltdl            [m x86_64       2.4.6-50.fc35        updates        36 k
 [1mlibxcrypt-devel         [m x86_64       4.4.33-3.fc35        updates        30 k

Transaction Summary
================================================================================
Install  13 Packages

Total size: 51 M
Installed size: 162 M
Downloading Packages:
[SKIPPED] gc-8.0.4-6.fc35.x86_64.rpm: Already downloaded                       
[SKIPPED] guile22-2.2.7-3.fc35.x86_64.rpm: Already downloaded                  
[SKIPPED] libmpc-1.2.1-3.fc35.x86_64.rpm: Already downloaded                   
[SKIPPED] make-4.3-6.fc35.x86_64.rpm: Already downloaded                       
[SKIPPED] annobin-docs-10.79-1.fc35.noarch.rpm: Already downloaded             
[SKIPPED] annobin-plugin-gcc-10.79-1.fc35.x86_64.rpm: Already downloaded       
[SKIPPED] cpp-11.3.1-3.fc35.x86_64.rpm: Already downloaded                     
[SKIPPED] gcc-11.3.1-3.fc35.x86_64.rpm: Already downloaded                     
[SKIPPED] glibc-devel-2.34-49.fc35.x86_64.rpm: Already downloaded              
[SKIPPED] glibc-headers-x86-2.34-49.fc35.noarch.rpm: Already downloaded        
[SKIPPED] kernel-headers-6.0.5-100.fc35.x86_64.rpm: Already downloaded         
[SKIPPED] libtool-ltdl-2.4.6-50.fc35.x86_64.rpm: Already downloaded            
[SKIPPED] libxcrypt-devel-4.4.33-3.fc35.x86_64.rpm: Already downloaded         
Running transaction check
Transaction check succeeded.
Running transaction test
Transaction test succeeded.
Running transaction
  Preparing        :  [===                                                ] 1/1  Preparing        :  [=======                                            ] 1/1  Preparing        :  [===========                                        ] 1/1  Preparing        :  [===============                                    ] 1/1  Preparing        :  [===================                                ] 1/1  Preparing        :  [=======================                            ] 1/1  Preparing        :  [===========================                        ] 1/1  Preparing        :  [===============================                    ] 1/1  Preparing        :  [===================================                ] 1/1  Preparing        :  [======================================             ] 1/1  Preparing        :  [==========================================         ] 1/1  Preparing        :  [==============================================     ] 1/1  Preparing        :                                                        1/1 
  Installing       : libmpc-1.2.1-3.fc35.x86_ [                         ]  1/13  Installing       : libmpc-1.2.1-3.fc35.x86_ [=====                    ]  1/13  Installing       : libmpc-1.2.1-3.fc35.x86_ [===========              ]  1/13  Installing       : libmpc-1.2.1-3.fc35.x86_ [=================        ]  1/13  Installing       : libmpc-1.2.1-3.fc35.x86_ [=====================    ]  1/13  Installing       : libmpc-1.2.1-3.fc35.x86_ [======================   ]  1/13  Installing       : libmpc-1.2.1-3.fc35.x86_ [=======================  ]  1/13  Installing       : libmpc-1.2.1-3.fc35.x86_ [======================== ]  1/13  Installing       : libmpc-1.2.1-3.fc35.x86_64                            1/13 
  Installing       : cpp-11.3.1-3.fc35.x86_64 [                         ]  2/13  Installing       : cpp-11.3.1-3.fc35.x86_64 [=                        ]  2/13  Installing       : cpp-11.3.1-3.fc35.x86_64 [==                       ]  2/13  Installing       : cpp-11.3.1-3.fc35.x86_64 [===                      ]  2/13  Installing       : cpp-11.3.1-3.fc35.x86_64 [====                     ]  2/13  Installing       : cpp-11.3.1-3.fc35.x86_64 [=====                    ]  2/13  Installing       : cpp-11.3.1-3.fc35.x86_64 [======                   ]  2/13  Installing       : cpp-11.3.1-3.fc35.x86_64 [=======                  ]  2/13  Installing       : cpp-11.3.1-3.fc35.x86_64 [========                 ]  2/13  Installing       : cpp-11.3.1-3.fc35.x86_64 [=========                ]  2/13  Installing       : cpp-11.3.1-3.fc35.x86_64 [==========               ]  2/13  Installing       : cpp-11.3.1-3.fc35.x86_64 [===========              ]  2/13  Installing       : cpp-11.3.1-3.fc35.x86_64 [============             ]  2/13  Installing       : cpp-11.3.1-3.fc35.x86_64 [=============            ]  2/13  Installing       : cpp-11.3.1-3.fc35.x86_64 [==============           ]  2/13  Installing       : cpp-11.3.1-3.fc35.x86_64 [===============          ]  2/13  Installing       : cpp-11.3.1-3.fc35.x86_64 [================         ]  2/13  Installing       : cpp-11.3.1-3.fc35.x86_64 [=================        ]  2/13  Installing       : cpp-11.3.1-3.fc35.x86_64 [==================       ]  2/13  Installing       : cpp-11.3.1-3.fc35.x86_64 [===================      ]  2/13  Installing       : cpp-11.3.1-3.fc35.x86_64 [====================     ]  2/13  Installing       : cpp-11.3.1-3.fc35.x86_64 [=====================    ]  2/13  Installing       : cpp-11.3.1-3.fc35.x86_64 [======================   ]  2/13  Installing       : cpp-11.3.1-3.fc35.x86_64 [=======================  ]  2/13  Installing       : cpp-11.3.1-3.fc35.x86_64 [======================== ]  2/13  Installing       : cpp-11.3.1-3.fc35.x86_64                              2/13 
  Installing       : libtool-ltdl-2.4.6-50.fc [                         ]  3/13  Installing       : libtool-ltdl-2.4.6-50.fc [===========              ]  3/13  Installing       : libtool-ltdl-2.4.6-50.fc [===============          ]  3/13  Installing       : libtool-ltdl-2.4.6-50.fc [======================== ]  3/13  Installing       : libtool-ltdl-2.4.6-50.fc35.x86_64                     3/13 
  Installing       : kernel-headers-6.0.5-100 [                         ]  4/13  Installing       : kernel-headers-6.0.5-100 [=                        ]  4/13  Installing       : kernel-headers-6.0.5-100 [==                       ]  4/13  Installing       : kernel-headers-6.0.5-100 [===                      ]  4/13  Installing       : kernel-headers-6.0.5-100 [====                     ]  4/13  Installing       : kernel-headers-6.0.5-100 [=====                    ]  4/13  Installing       : kernel-headers-6.0.5-100 [======                   ]  4/13  Installing       : kernel-headers-6.0.5-100 [=======                  ]  4/13  Installing       : kernel-headers-6.0.5-100 [========                 ]  4/13  Installing       : kernel-headers-6.0.5-100 [=========                ]  4/13  Installing       : kernel-headers-6.0.5-100 [==========               ]  4/13  Installing       : kernel-headers-6.0.5-100 [===========              ]  4/13  Installing       : kernel-headers-6.0.5-100 [============             ]  4/13  Installing       : kernel-headers-6.0.5-100 [=============            ]  4/13  Installing       : kernel-headers-6.0.5-100 [==============           ]  4/13  Installing       : kernel-headers-6.0.5-100 [===============          ]  4/13  Installing       : kernel-headers-6.0.5-100 [================         ]  4/13  Installing       : kernel-headers-6.0.5-100 [=================        ]  4/13  Installing       : kernel-headers-6.0.5-100 [==================       ]  4/13  Installing       : kernel-headers-6.0.5-100 [===================      ]  4/13  Installing       : kernel-headers-6.0.5-100 [====================     ]  4/13  Installing       : kernel-headers-6.0.5-100 [=====================    ]  4/13  Installing       : kernel-headers-6.0.5-100 [======================   ]  4/13  Installing       : kernel-headers-6.0.5-100 [=======================  ]  4/13  Installing       : kernel-headers-6.0.5-100 [======================== ]  4/13  Installing       : kernel-headers-6.0.5-100.fc35.x86_64                  4/13 
  Installing       : glibc-headers-x86-2.34-4 [                         ]  5/13  Installing       : glibc-headers-x86-2.34-4 [=                        ]  5/13  Installing       : glibc-headers-x86-2.34-4 [==                       ]  5/13  Installing       : glibc-headers-x86-2.34-4 [===                      ]  5/13  Installing       : glibc-headers-x86-2.34-4 [====                     ]  5/13  Installing       : glibc-headers-x86-2.34-4 [=====                    ]  5/13  Installing       : glibc-headers-x86-2.34-4 [======                   ]  5/13  Installing       : glibc-headers-x86-2.34-4 [=======                  ]  5/13  Installing       : glibc-headers-x86-2.34-4 [========                 ]  5/13  Installing       : glibc-headers-x86-2.34-4 [=========                ]  5/13  Installing       : glibc-headers-x86-2.34-4 [==========               ]  5/13  Installing       : glibc-headers-x86-2.34-4 [===========              ]  5/13  Installing       : glibc-headers-x86-2.34-4 [============             ]  5/13  Installing       : glibc-headers-x86-2.34-4 [=============            ]  5/13  Installing       : glibc-headers-x86-2.34-4 [==============           ]  5/13  Installing       : glibc-headers-x86-2.34-4 [===============          ]  5/13  Installing       : glibc-headers-x86-2.34-4 [================         ]  5/13  Installing       : glibc-headers-x86-2.34-4 [=================        ]  5/13  Installing       : glibc-headers-x86-2.34-4 [==================       ]  5/13  Installing       : glibc-headers-x86-2.34-4 [===================      ]  5/13  Installing       : glibc-headers-x86-2.34-4 [====================     ]  5/13  Installing       : glibc-headers-x86-2.34-4 [=====================    ]  5/13  Installing       : glibc-headers-x86-2.34-4 [======================   ]  5/13  Installing       : glibc-headers-x86-2.34-4 [=======================  ]  5/13  Installing       : glibc-headers-x86-2.34-4 [======================== ]  5/13  Installing       : glibc-headers-x86-2.34-49.fc35.noarch                 5/13 
  Installing       : libxcrypt-devel-4.4.33-3 [                         ]  6/13  Installing       : libxcrypt-devel-4.4.33-3 [========                 ]  6/13  Installing       : libxcrypt-devel-4.4.33-3 [=========                ]  6/13  Installing       : libxcrypt-devel-4.4.33-3 [=============            ]  6/13  Installing       : libxcrypt-devel-4.4.33-3 [=================        ]  6/13  Installing       : libxcrypt-devel-4.4.33-3 [====================     ]  6/13  Installing       : libxcrypt-devel-4.4.33-3 [=====================    ]  6/13  Installing       : libxcrypt-devel-4.4.33-3 [=======================  ]  6/13  Installing       : libxcrypt-devel-4.4.33-3 [======================== ]  6/13  Installing       : libxcrypt-devel-4.4.33-3.fc35.x86_64                  6/13 
  Installing       : glibc-devel-2.34-49.fc35 [                         ]  7/13  Installing       : glibc-devel-2.34-49.fc35 [=                        ]  7/13  Installing       : glibc-devel-2.34-49.fc35 [====                     ]  7/13  Installing       : glibc-devel-2.34-49.fc35 [=======                  ]  7/13  Installing       : glibc-devel-2.34-49.fc35 [========                 ]  7/13  Installing       : glibc-devel-2.34-49.fc35 [=============            ]  7/13  Installing       : glibc-devel-2.34-49.fc35 [=================        ]  7/13  Installing       : glibc-devel-2.34-49.fc35 [==================       ]  7/13  Installing       : glibc-devel-2.34-49.fc35 [====================     ]  7/13  Installing       : glibc-devel-2.34-49.fc35 [======================   ]  7/13  Installing       : glibc-devel-2.34-49.fc35 [======================== ]  7/13  Installing       : glibc-devel-2.34-49.fc35.x86_64                       7/13 
  Installing       : annobin-docs-10.79-1.fc3 [                         ]  8/13  Installing       : annobin-docs-10.79-1.fc3 [==                       ]  8/13  Installing       : annobin-docs-10.79-1.fc3 [===========              ]  8/13  Installing       : annobin-docs-10.79-1.fc3 [=============            ]  8/13  Installing       : annobin-docs-10.79-1.fc3 [======================   ]  8/13  Installing       : annobin-docs-10.79-1.fc3 [=======================  ]  8/13  Installing       : annobin-docs-10.79-1.fc3 [======================== ]  8/13  Installing       : annobin-docs-10.79-1.fc35.noarch                      8/13 
  Installing       : gc-8.0.4-6.fc35.x86_64 [                           ]  9/13  Installing       : gc-8.0.4-6.fc35.x86_64 [===                        ]  9/13  Installing       : gc-8.0.4-6.fc35.x86_64 [====                       ]  9/13  Installing       : gc-8.0.4-6.fc35.x86_64 [========                   ]  9/13  Installing       : gc-8.0.4-6.fc35.x86_64 [===========                ]  9/13  Installing       : gc-8.0.4-6.fc35.x86_64 [===============            ]  9/13  Installing       : gc-8.0.4-6.fc35.x86_64 [===================        ]  9/13  Installing       : gc-8.0.4-6.fc35.x86_64 [======================     ]  9/13  Installing       : gc-8.0.4-6.fc35.x86_64 [=========================  ]  9/13  Installing       : gc-8.0.4-6.fc35.x86_64 [========================== ]  9/13  Installing       : gc-8.0.4-6.fc35.x86_64                                9/13 
  Installing       : guile22-2.2.7-3.fc35.x86 [                         ] 10/13  Installing       : guile22-2.2.7-3.fc35.x86 [=                        ] 10/13  Installing       : guile22-2.2.7-3.fc35.x86 [==                       ] 10/13  Installing       : guile22-2.2.7-3.fc35.x86 [===                      ] 10/13  Installing       : guile22-2.2.7-3.fc35.x86 [====                     ] 10/13  Installing       : guile22-2.2.7-3.fc35.x86 [=====                    ] 10/13  Installing       : guile22-2.2.7-3.fc35.x86 [======                   ] 10/13  Installing       : guile22-2.2.7-3.fc35.x86 [=======                  ] 10/13  Installing       : guile22-2.2.7-3.fc35.x86 [========                 ] 10/13  Installing       : guile22-2.2.7-3.fc35.x86 [=========                ] 10/13  Installing       : guile22-2.2.7-3.fc35.x86 [==========               ] 10/13  Installing       : guile22-2.2.7-3.fc35.x86 [===========              ] 10/13  Installing       : guile22-2.2.7-3.fc35.x86 [============             ] 10/13  Installing       : guile22-2.2.7-3.fc35.x86 [=============            ] 10/13  Installing       : guile22-2.2.7-3.fc35.x86 [==============           ] 10/13  Installing       : guile22-2.2.7-3.fc35.x86 [===============          ] 10/13  Installing       : guile22-2.2.7-3.fc35.x86 [================         ] 10/13  Installing       : guile22-2.2.7-3.fc35.x86 [=================        ] 10/13  Installing       : guile22-2.2.7-3.fc35.x86 [==================       ] 10/13  Installing       : guile22-2.2.7-3.fc35.x86 [===================      ] 10/13  Installing       : guile22-2.2.7-3.fc35.x86 [====================     ] 10/13  Installing       : guile22-2.2.7-3.fc35.x86 [=====================    ] 10/13  Installing       : guile22-2.2.7-3.fc35.x86 [======================   ] 10/13  Installing       : guile22-2.2.7-3.fc35.x86 [=======================  ] 10/13  Installing       : guile22-2.2.7-3.fc35.x86 [======================== ] 10/13  Installing       : guile22-2.2.7-3.fc35.x86_64                          10/13 
  Installing       : make-1:4.3-6.fc35.x86_64 [                         ] 11/13  Installing       : make-1:4.3-6.fc35.x86_64 [=                        ] 11/13  Installing       : make-1:4.3-6.fc35.x86_64 [==                       ] 11/13  Installing       : make-1:4.3-6.fc35.x86_64 [===                      ] 11/13  Installing       : make-1:4.3-6.fc35.x86_64 [====                     ] 11/13  Installing       : make-1:4.3-6.fc35.x86_64 [=====                    ] 11/13  Installing       : make-1:4.3-6.fc35.x86_64 [======                   ] 11/13  Installing       : make-1:4.3-6.fc35.x86_64 [=======                  ] 11/13  Installing       : make-1:4.3-6.fc35.x86_64 [========                 ] 11/13  Installing       : make-1:4.3-6.fc35.x86_64 [=========                ] 11/13  Installing       : make-1:4.3-6.fc35.x86_64 [==========               ] 11/13  Installing       : make-1:4.3-6.fc35.x86_64 [===========              ] 11/13  Installing       : make-1:4.3-6.fc35.x86_64 [============             ] 11/13  Installing       : make-1:4.3-6.fc35.x86_64 [=============            ] 11/13  Installing       : make-1:4.3-6.fc35.x86_64 [==============           ] 11/13  Installing       : make-1:4.3-6.fc35.x86_64 [===============          ] 11/13  Installing       : make-1:4.3-6.fc35.x86_64 [================         ] 11/13  Installing       : make-1:4.3-6.fc35.x86_64 [=================        ] 11/13  Installing       : make-1:4.3-6.fc35.x86_64 [==================       ] 11/13  Installing       : make-1:4.3-6.fc35.x86_64 [===================      ] 11/13  Installing       : make-1:4.3-6.fc35.x86_64 [====================     ] 11/13  Installing       : make-1:4.3-6.fc35.x86_64 [=====================    ] 11/13  Installing       : make-1:4.3-6.fc35.x86_64 [======================   ] 11/13  Installing       : make-1:4.3-6.fc35.x86_64 [=======================  ] 11/13  Installing       : make-1:4.3-6.fc35.x86_64 [======================== ] 11/13  Installing       : make-1:4.3-6.fc35.x86_64                             11/13 
  Installing       : gcc-11.3.1-3.fc35.x86_64 [                         ] 12/13  Installing       : gcc-11.3.1-3.fc35.x86_64 [=                        ] 12/13  Installing       : gcc-11.3.1-3.fc35.x86_64 [==                       ] 12/13  Installing       : gcc-11.3.1-3.fc35.x86_64 [===                      ] 12/13  Installing       : gcc-11.3.1-3.fc35.x86_64 [====                     ] 12/13  Installing       : gcc-11.3.1-3.fc35.x86_64 [=====                    ] 12/13  Installing       : gcc-11.3.1-3.fc35.x86_64 [======                   ] 12/13  Installing       : gcc-11.3.1-3.fc35.x86_64 [=======                  ] 12/13  Installing       : gcc-11.3.1-3.fc35.x86_64 [========                 ] 12/13  Installing       : gcc-11.3.1-3.fc35.x86_64 [=========                ] 12/13  Installing       : gcc-11.3.1-3.fc35.x86_64 [==========               ] 12/13  Installing       : gcc-11.3.1-3.fc35.x86_64 [===========              ] 12/13  Installing       : gcc-11.3.1-3.fc35.x86_64 [============             ] 12/13  Installing       : gcc-11.3.1-3.fc35.x86_64 [=============            ] 12/13  Installing       : gcc-11.3.1-3.fc35.x86_64 [==============           ] 12/13  Installing       : gcc-11.3.1-3.fc35.x86_64 [===============          ] 12/13  Installing       : gcc-11.3.1-3.fc35.x86_64 [================         ] 12/13  Installing       : gcc-11.3.1-3.fc35.x86_64 [=================        ] 12/13  Installing       : gcc-11.3.1-3.fc35.x86_64 [==================       ] 12/13  Installing       : gcc-11.3.1-3.fc35.x86_64 [===================      ] 12/13  Installing       : gcc-11.3.1-3.fc35.x86_64 [====================     ] 12/13  Installing       : gcc-11.3.1-3.fc35.x86_64 [=====================    ] 12/13  Installing       : gcc-11.3.1-3.fc35.x86_64 [======================   ] 12/13  Installing       : gcc-11.3.1-3.fc35.x86_64 [=======================  ] 12/13  Installing       : gcc-11.3.1-3.fc35.x86_64 [======================== ] 12/13  Installing       : gcc-11.3.1-3.fc35.x86_64                             12/13 
  Installing       : annobin-plugin-gcc-10.79 [                         ] 13/13  Installing       : annobin-plugin-gcc-10.79 [=                        ] 13/13  Installing       : annobin-plugin-gcc-10.79 [==                       ] 13/13  Installing       : annobin-plugin-gcc-10.79 [===                      ] 13/13  Installing       : annobin-plugin-gcc-10.79 [====                     ] 13/13  Installing       : annobin-plugin-gcc-10.79 [=====                    ] 13/13  Installing       : annobin-plugin-gcc-10.79 [======                   ] 13/13  Installing       : annobin-plugin-gcc-10.79 [=======                  ] 13/13  Installing       : annobin-plugin-gcc-10.79 [========                 ] 13/13  Installing       : annobin-plugin-gcc-10.79 [=========                ] 13/13  Installing       : annobin-plugin-gcc-10.79 [==========               ] 13/13  Installing       : annobin-plugin-gcc-10.79 [===========              ] 13/13  Installing       : annobin-plugin-gcc-10.79 [============             ] 13/13  Installing       : annobin-plugin-gcc-10.79 [=============            ] 13/13  Installing       : annobin-plugin-gcc-10.79 [==============           ] 13/13  Installing       : annobin-plugin-gcc-10.79 [===============          ] 13/13  Installing       : annobin-plugin-gcc-10.79 [================         ] 13/13  Installing       : annobin-plugin-gcc-10.79 [=================        ] 13/13  Installing       : annobin-plugin-gcc-10.79 [==================       ] 13/13  Installing       : annobin-plugin-gcc-10.79 [===================      ] 13/13  Installing       : annobin-plugin-gcc-10.79 [====================     ] 13/13  Installing       : annobin-plugin-gcc-10.79 [=====================    ] 13/13  Installing       : annobin-plugin-gcc-10.79 [======================   ] 13/13  Installing       : annobin-plugin-gcc-10.79 [=======================  ] 13/13  Installing       : annobin-plugin-gcc-10.79 [======================== ] 13/13  Installing       : annobin-plugin-gcc-10.79-1.fc35.x86_64               13/13 
  Running scriptlet: annobin-plugin-gcc-10.79-1.fc35.x86_64               13/13 
  Verifying        : gc-8.0.4-6.fc35.x86_64                                1/13 
  Verifying        : guile22-2.2.7-3.fc35.x86_64                           2/13 
  Verifying        : libmpc-1.2.1-3.fc35.x86_64                            3/13 
  Verifying        : make-1:4.3-6.fc35.x86_64                              4/13 
  Verifying        : annobin-docs-10.79-1.fc35.noarch                      5/13 
  Verifying        : annobin-plugin-gcc-10.79-1.fc35.x86_64                6/13 
  Verifying        : cpp-11.3.1-3.fc35.x86_64                              7/13 
  Verifying        : gcc-11.3.1-3.fc35.x86_64                              8/13 
  Verifying        : glibc-devel-2.34-49.fc35.x86_64                       9/13 
  Verifying        : glibc-headers-x86-2.34-49.fc35.noarch                10/13 
  Verifying        : kernel-headers-6.0.5-100.fc35.x86_64                 11/13 
  Verifying        : libtool-ltdl-2.4.6-50.fc35.x86_64                    12/13 
  Verifying        : libxcrypt-devel-4.4.33-3.fc35.x86_64                 13/13 

Installed:
  annobin-docs-10.79-1.fc35.noarch       annobin-plugin-gcc-10.79-1.fc35.x86_64 
  cpp-11.3.1-3.fc35.x86_64               gc-8.0.4-6.fc35.x86_64                 
  gcc-11.3.1-3.fc35.x86_64               glibc-devel-2.34-49.fc35.x86_64        
  glibc-headers-x86-2.34-49.fc35.noarch  guile22-2.2.7-3.fc35.x86_64            
  kernel-headers-6.0.5-100.fc35.x86_64   libmpc-1.2.1-3.fc35.x86_64             
  libtool-ltdl-2.4.6-50.fc35.x86_64      libxcrypt-devel-4.4.33-3.fc35.x86_64   
  make-1:4.3-6.fc35.x86_64              

Complete!

>>> 2023-01-26 06:23:51	"/usr/bin/mock" "-r" "fedora-35-x86_64" "--plugin-option=tmpfs:keep_mounted=True" "--config-opts=print_main_output=True" "--quiet" "--addrepo" "https://download.copr.fedorainfracloud.org/results/@aufover/divine/fedora-\$releasever-\$basearch/" "--install" "divine" "csexec" "gcc"
No matches found for the following disable plugin patterns: local, spacewalk, versionlock
https://download.cop     [===                 ] ---  B/s |   0  B     --:-- ETAhttps://download.copr.fedorainfracloud.org/resu  15 kB/s | 3.3 kB     00:00    
fedora                   [===                 ] ---  B/s |   0  B     --:-- ETAfedora                                           21 kB/s | 4.5 kB     00:00    
updates                  [   ===              ] ---  B/s |   0  B     --:-- ETAupdates                                          18 kB/s | 2.8 kB     00:00    
Package gcc-11.3.1-3.fc35.x86_64 is already installed.
Dependencies resolved.
=====================================================================================================================================================
 Package                   Arch    Version                    Repository                                                                         Size
=====================================================================================================================================================
Installing:
 [1mcsexec                   [m x86_64  2.2.2-1.fc35               updates                                                                           365 k
 [1mdivine                   [m x86_64  4.4.2_4_gd47985e0b-14.fc35 downloadcoprfedorainfracloudorg_results_aufover_divine_fedorareleaseverbasearch_   68 M
Installing dependencies:
 [1mexpat                    [m x86_64  2.5.0-1.fc35               updates                                                                           115 k
 [1mgroff-base               [m x86_64  1.22.4-8.fc35              fedora                                                                            1.0 M
 [1mlibedit                  [m x86_64  3.1-40.20210910cvs.fc35    fedora                                                                            105 k
 [1mlibyaml                  [m x86_64  0.2.5-6.fc35               fedora                                                                             60 k
 [1mmpdecimal                [m x86_64  2.5.1-2.fc35               fedora                                                                             99 k
 [1mncurses                  [m x86_64  6.2-8.20210508.fc35        fedora                                                                            400 k
 [1mperl-Carp                [m noarch  1.52-478.fc35              fedora                                                                             29 k
 [1mperl-Class-Struct        [m noarch  0.66-486.fc35              updates                                                                            27 k
 [1mperl-DynaLoader          [m x86_64  1.50-486.fc35              updates                                                                            30 k
 [1mperl-Encode              [m x86_64  4:3.15-482.fc35            updates                                                                           1.7 M
 [1mperl-Errno               [m x86_64  1.33-486.fc35              updates                                                                            19 k
 [1mperl-Exporter            [m noarch  5.76-479.fc35              fedora                                                                             31 k
 [1mperl-Fcntl               [m x86_64  1.14-486.fc35              updates                                                                            25 k
 [1mperl-File-Basename       [m noarch  2.85-486.fc35              updates                                                                            22 k
 [1mperl-File-Path           [m noarch  2.18-478.fc35              fedora                                                                             35 k
 [1mperl-File-Temp           [m noarch  1:0.231.100-478.fc35       fedora                                                                             59 k
 [1mperl-File-stat           [m noarch  1.09-486.fc35              updates                                                                            22 k
 [1mperl-Getopt-Long         [m noarch  1:2.52-478.fc35            fedora                                                                             60 k
 [1mperl-Getopt-Std          [m noarch  1.13-486.fc35              updates                                                                            20 k
 [1mperl-HTTP-Tiny           [m noarch  0.080-1.fc35               updates                                                                            55 k
 [1mperl-IO                  [m x86_64  1.46-486.fc35              updates                                                                            91 k
 [1mperl-IPC-Open3           [m noarch  1.21-486.fc35              updates                                                                            27 k
 [1mperl-MIME-Base64         [m x86_64  3.16-478.fc35              fedora                                                                             30 k
 [1mperl-POSIX               [m x86_64  1.97-486.fc35              updates                                                                           102 k
 [1mperl-PathTools           [m x86_64  3.80-478.fc35              fedora                                                                             85 k
 [1mperl-Pod-Escapes         [m noarch  1:1.07-478.fc35            fedora                                                                             20 k
 [1mperl-Pod-Perldoc         [m noarch  3.28.01-479.fc35           fedora                                                                             84 k
 [1mperl-Pod-Simple          [m noarch  1:3.43-2.fc35              fedora                                                                            215 k
 [1mperl-Pod-Usage           [m noarch  4:2.01-478.fc35            fedora                                                                             40 k
 [1mperl-Scalar-List-Utils   [m x86_64  5:1.62-463.fc35            updates                                                                            72 k
 [1mperl-SelectSaver         [m noarch  1.02-486.fc35              updates                                                                            16 k
 [1mperl-Socket              [m x86_64  4:2.032-2.fc35             fedora                                                                             55 k
 [1mperl-Storable            [m x86_64  1:3.25-1.fc35              fedora                                                                             95 k
 [1mperl-Symbol              [m noarch  1.09-486.fc35              updates                                                                            19 k
 [1mperl-Term-ANSIColor      [m noarch  5.01-479.fc35              fedora                                                                             48 k
 [1mperl-Term-Cap            [m noarch  1.17-478.fc35              fedora                                                                             22 k
 [1mperl-Text-ParseWords     [m noarch  3.30-478.fc35              fedora                                                                             16 k
 [1mperl-Text-Tabs+Wrap      [m noarch  2021.0814-1.fc35           fedora                                                                             22 k
 [1mperl-Time-Local          [m noarch  2:1.300-478.fc35           fedora                                                                             33 k
 [1mperl-constant            [m noarch  1.33-479.fc35              fedora                                                                             23 k
 [1mperl-if                  [m noarch  0.60.900-486.fc35          updates                                                                            18 k
 [1mperl-interpreter         [m x86_64  4:5.34.1-486.fc35          updates                                                                            76 k
 [1mperl-libs                [m x86_64  4:5.34.1-486.fc35          updates                                                                           2.1 M
 [1mperl-mro                 [m x86_64  1.25-486.fc35              updates                                                                            33 k
 [1mperl-overload            [m noarch  1.33-486.fc35              updates                                                                            50 k
 [1mperl-overloading         [m noarch  0.02-486.fc35              updates                                                                            17 k
 [1mperl-parent              [m noarch  1:0.238-478.fc35           fedora                                                                             14 k
 [1mperl-podlators           [m noarch  1:4.14-478.fc35            fedora                                                                            111 k
 [1mperl-subs                [m noarch  1.04-486.fc35              updates                                                                            16 k
 [1mperl-vars                [m noarch  1.05-486.fc35              updates                                                                            17 k
 [1mpython-pip-wheel         [m noarch  21.2.3-4.fc35              updates                                                                           1.1 M
 [1mpython-setuptools-wheel  [m noarch  57.4.0-1.fc35              fedora                                                                            505 k
 [1mpython3                  [m x86_64  3.10.8-3.fc35              updates                                                                            26 k
 [1mpython3-libs             [m x86_64  3.10.8-3.fc35              updates                                                                           7.5 M
 [1mpython3-pygments         [m noarch  2.9.0-2.fc35               fedora                                                                            1.9 M
 [1mpython3-pyyaml           [m x86_64  5.4.1-4.fc35               fedora                                                                            191 k

Transaction Summary
=====================================================================================================================================================
Install  58 Packages

Total size: 87 M
Installed size: 475 M
Downloading Packages:
[SKIPPED] divine-4.4.2_4_gd47985e0b-14.fc35.x86_64.rpm: Already downloaded     
[SKIPPED] groff-base-1.22.4-8.fc35.x86_64.rpm: Already downloaded              
[SKIPPED] libedit-3.1-40.20210910cvs.fc35.x86_64.rpm: Already downloaded       
[SKIPPED] libyaml-0.2.5-6.fc35.x86_64.rpm: Already downloaded                  
[SKIPPED] mpdecimal-2.5.1-2.fc35.x86_64.rpm: Already downloaded                
[SKIPPED] ncurses-6.2-8.20210508.fc35.x86_64.rpm: Already downloaded           
[SKIPPED] perl-Carp-1.52-478.fc35.noarch.rpm: Already downloaded               
[SKIPPED] perl-Exporter-5.76-479.fc35.noarch.rpm: Already downloaded           
[SKIPPED] perl-File-Path-2.18-478.fc35.noarch.rpm: Already downloaded          
[SKIPPED] perl-File-Temp-0.231.100-478.fc35.noarch.rpm: Already downloaded     
[SKIPPED] perl-Getopt-Long-2.52-478.fc35.noarch.rpm: Already downloaded        
[SKIPPED] perl-MIME-Base64-3.16-478.fc35.x86_64.rpm: Already downloaded        
[SKIPPED] perl-PathTools-3.80-478.fc35.x86_64.rpm: Already downloaded          
[SKIPPED] perl-Pod-Escapes-1.07-478.fc35.noarch.rpm: Already downloaded        
[SKIPPED] perl-Pod-Perldoc-3.28.01-479.fc35.noarch.rpm: Already downloaded     
[SKIPPED] perl-Pod-Simple-3.43-2.fc35.noarch.rpm: Already downloaded           
[SKIPPED] perl-Pod-Usage-2.01-478.fc35.noarch.rpm: Already downloaded          
[SKIPPED] perl-Socket-2.032-2.fc35.x86_64.rpm: Already downloaded              
[SKIPPED] perl-Storable-3.25-1.fc35.x86_64.rpm: Already downloaded             
[SKIPPED] perl-Term-ANSIColor-5.01-479.fc35.noarch.rpm: Already downloaded     
[SKIPPED] perl-Term-Cap-1.17-478.fc35.noarch.rpm: Already downloaded           
[SKIPPED] perl-Text-ParseWords-3.30-478.fc35.noarch.rpm: Already downloaded    
[SKIPPED] perl-Text-Tabs+Wrap-2021.0814-1.fc35.noarch.rpm: Already downloaded  
[SKIPPED] perl-Time-Local-1.300-478.fc35.noarch.rpm: Already downloaded        
[SKIPPED] perl-constant-1.33-479.fc35.noarch.rpm: Already downloaded           
[SKIPPED] perl-parent-0.238-478.fc35.noarch.rpm: Already downloaded            
[SKIPPED] perl-podlators-4.14-478.fc35.noarch.rpm: Already downloaded          
[SKIPPED] python-setuptools-wheel-57.4.0-1.fc35.noarch.rpm: Already downloaded 
[SKIPPED] python3-pygments-2.9.0-2.fc35.noarch.rpm: Already downloaded         
[SKIPPED] python3-pyyaml-5.4.1-4.fc35.x86_64.rpm: Already downloaded           
[SKIPPED] csexec-2.2.2-1.fc35.x86_64.rpm: Already downloaded                   
[SKIPPED] expat-2.5.0-1.fc35.x86_64.rpm: Already downloaded                    
[SKIPPED] perl-Class-Struct-0.66-486.fc35.noarch.rpm: Already downloaded       
[SKIPPED] perl-DynaLoader-1.50-486.fc35.x86_64.rpm: Already downloaded         
[SKIPPED] perl-Encode-3.15-482.fc35.x86_64.rpm: Already downloaded             
[SKIPPED] perl-Errno-1.33-486.fc35.x86_64.rpm: Already downloaded              
[SKIPPED] perl-Fcntl-1.14-486.fc35.x86_64.rpm: Already downloaded              
[SKIPPED] perl-File-Basename-2.85-486.fc35.noarch.rpm: Already downloaded      
[SKIPPED] perl-File-stat-1.09-486.fc35.noarch.rpm: Already downloaded          
[SKIPPED] perl-Getopt-Std-1.13-486.fc35.noarch.rpm: Already downloaded         
[SKIPPED] perl-HTTP-Tiny-0.080-1.fc35.noarch.rpm: Already downloaded           
[SKIPPED] perl-IO-1.46-486.fc35.x86_64.rpm: Already downloaded                 
[SKIPPED] perl-IPC-Open3-1.21-486.fc35.noarch.rpm: Already downloaded          
[SKIPPED] perl-POSIX-1.97-486.fc35.x86_64.rpm: Already downloaded              
[SKIPPED] perl-Scalar-List-Utils-1.62-463.fc35.x86_64.rpm: Already downloaded  
[SKIPPED] perl-SelectSaver-1.02-486.fc35.noarch.rpm: Already downloaded        
[SKIPPED] perl-Symbol-1.09-486.fc35.noarch.rpm: Already downloaded             
[SKIPPED] perl-if-0.60.900-486.fc35.noarch.rpm: Already downloaded             
[SKIPPED] perl-interpreter-5.34.1-486.fc35.x86_64.rpm: Already downloaded      
[SKIPPED] perl-libs-5.34.1-486.fc35.x86_64.rpm: Already downloaded             
[SKIPPED] perl-mro-1.25-486.fc35.x86_64.rpm: Already downloaded                
[SKIPPED] perl-overload-1.33-486.fc35.noarch.rpm: Already downloaded           
[SKIPPED] perl-overloading-0.02-486.fc35.noarch.rpm: Already downloaded        
[SKIPPED] perl-subs-1.04-486.fc35.noarch.rpm: Already downloaded               
[SKIPPED] perl-vars-1.05-486.fc35.noarch.rpm: Already downloaded               
[SKIPPED] python-pip-wheel-21.2.3-4.fc35.noarch.rpm: Already downloaded        
[SKIPPED] python3-3.10.8-3.fc35.x86_64.rpm: Already downloaded                 
[SKIPPED] python3-libs-3.10.8-3.fc35.x86_64.rpm: Already downloaded            
Running transaction check
Transaction check succeeded.
Running transaction test
Transaction test succeeded.
Running transaction
  Preparing        :  [                                                   ] 1/1  Preparing        :  [=                                                  ] 1/1  Preparing        :  [==                                                 ] 1/1  Preparing        :  [===                                                ] 1/1  Preparing        :  [====                                               ] 1/1  Preparing        :  [=====                                              ] 1/1  Preparing        :  [======                                             ] 1/1  Preparing        :  [=======                                            ] 1/1  Preparing        :  [========                                           ] 1/1  Preparing        :  [=========                                          ] 1/1  Preparing        :  [==========                                         ] 1/1  Preparing        :  [===========                                        ] 1/1  Preparing        :  [============                                       ] 1/1  Preparing        :  [=============                                      ] 1/1  Preparing        :  [==============                                     ] 1/1  Preparing        :  [===============                                    ] 1/1  Preparing        :  [================                                   ] 1/1  Preparing        :  [=================                                  ] 1/1  Preparing        :  [==================                                 ] 1/1  Preparing        :  [===================                                ] 1/1  Preparing        :  [====================                               ] 1/1  Preparing        :  [=====================                              ] 1/1  Preparing        :  [======================                             ] 1/1  Preparing        :  [=======================                            ] 1/1  Preparing        :  [========================                           ] 1/1  Preparing        :  [=========================                          ] 1/1  Preparing        :  [==========================                         ] 1/1  Preparing        :  [===========================                        ] 1/1  Preparing        :  [============================                       ] 1/1  Preparing        :  [=============================                      ] 1/1  Preparing        :  [==============================                     ] 1/1  Preparing        :  [===============================                    ] 1/1  Preparing        :  [================================                   ] 1/1  Preparing        :  [=================================                  ] 1/1  Preparing        :  [==================================                 ] 1/1  Preparing        :  [===================================                ] 1/1  Preparing        :  [====================================               ] 1/1  Preparing        :  [=====================================              ] 1/1  Preparing        :  [======================================             ] 1/1  Preparing        :  [=======================================            ] 1/1  Preparing        :  [========================================           ] 1/1  Preparing        :  [=========================================          ] 1/1  Preparing        :  [==========================================         ] 1/1  Preparing        :  [===========================================        ] 1/1  Preparing        :  [============================================       ] 1/1  Preparing        :  [=============================================      ] 1/1  Preparing        :  [==============================================     ] 1/1  Preparing        :  [===============================================    ] 1/1  Preparing        :  [================================================   ] 1/1  Preparing        :  [=================================================  ] 1/1  Preparing        :                                                        1/1 
  Installing       : python-pip-wheel-21.2.3- [                         ]  1/58  Installing       : python-pip-wheel-21.2.3- [=                        ]  1/58  Installing       : python-pip-wheel-21.2.3- [==                       ]  1/58  Installing       : python-pip-wheel-21.2.3- [===                      ]  1/58  Installing       : python-pip-wheel-21.2.3- [====                     ]  1/58  Installing       : python-pip-wheel-21.2.3- [=====                    ]  1/58  Installing       : python-pip-wheel-21.2.3- [======                   ]  1/58  Installing       : python-pip-wheel-21.2.3- [=======                  ]  1/58  Installing       : python-pip-wheel-21.2.3- [========                 ]  1/58  Installing       : python-pip-wheel-21.2.3- [=========                ]  1/58  Installing       : python-pip-wheel-21.2.3- [==========               ]  1/58  Installing       : python-pip-wheel-21.2.3- [===========              ]  1/58  Installing       : python-pip-wheel-21.2.3- [============             ]  1/58  Installing       : python-pip-wheel-21.2.3- [=============            ]  1/58  Installing       : python-pip-wheel-21.2.3- [==============           ]  1/58  Installing       : python-pip-wheel-21.2.3- [===============          ]  1/58  Installing       : python-pip-wheel-21.2.3- [================         ]  1/58  Installing       : python-pip-wheel-21.2.3- [=================        ]  1/58  Installing       : python-pip-wheel-21.2.3- [==================       ]  1/58  Installing       : python-pip-wheel-21.2.3- [===================      ]  1/58  Installing       : python-pip-wheel-21.2.3- [====================     ]  1/58  Installing       : python-pip-wheel-21.2.3- [=====================    ]  1/58  Installing       : python-pip-wheel-21.2.3- [======================   ]  1/58  Installing       : python-pip-wheel-21.2.3- [=======================  ]  1/58  Installing       : python-pip-wheel-21.2.3- [======================== ]  1/58  Installing       : python-pip-wheel-21.2.3-4.fc35.noarch                 1/58 
  Installing       : expat-2.5.0-1.fc35.x86_6 [                         ]  2/58  Installing       : expat-2.5.0-1.fc35.x86_6 [==                       ]  2/58  Installing       : expat-2.5.0-1.fc35.x86_6 [===                      ]  2/58  Installing       : expat-2.5.0-1.fc35.x86_6 [======                   ]  2/58  Installing       : expat-2.5.0-1.fc35.x86_6 [========                 ]  2/58  Installing       : expat-2.5.0-1.fc35.x86_6 [===========              ]  2/58  Installing       : expat-2.5.0-1.fc35.x86_6 [=============            ]  2/58  Installing       : expat-2.5.0-1.fc35.x86_6 [================         ]  2/58  Installing       : expat-2.5.0-1.fc35.x86_6 [===================      ]  2/58  Installing       : expat-2.5.0-1.fc35.x86_6 [=====================    ]  2/58  Installing       : expat-2.5.0-1.fc35.x86_6 [======================== ]  2/58  Installing       : expat-2.5.0-1.fc35.x86_64                             2/58 
  Installing       : python-setuptools-wheel- [                         ]  3/58  Installing       : python-setuptools-wheel- [=                        ]  3/58  Installing       : python-setuptools-wheel- [==                       ]  3/58  Installing       : python-setuptools-wheel- [====                     ]  3/58  Installing       : python-setuptools-wheel- [=====                    ]  3/58  Installing       : python-setuptools-wheel- [======                   ]  3/58  Installing       : python-setuptools-wheel- [========                 ]  3/58  Installing       : python-setuptools-wheel- [=========                ]  3/58  Installing       : python-setuptools-wheel- [===========              ]  3/58  Installing       : python-setuptools-wheel- [============             ]  3/58  Installing       : python-setuptools-wheel- [=============            ]  3/58  Installing       : python-setuptools-wheel- [===============          ]  3/58  Installing       : python-setuptools-wheel- [================         ]  3/58  Installing       : python-setuptools-wheel- [=================        ]  3/58  Installing       : python-setuptools-wheel- [===================      ]  3/58  Installing       : python-setuptools-wheel- [====================     ]  3/58  Installing       : python-setuptools-wheel- [======================   ]  3/58  Installing       : python-setuptools-wheel- [=======================  ]  3/58  Installing       : python-setuptools-wheel- [======================== ]  3/58  Installing       : python-setuptools-wheel-57.4.0-1.fc35.noarch          3/58 
  Installing       : ncurses-6.2-8.20210508.f [                         ]  4/58  Installing       : ncurses-6.2-8.20210508.f [=                        ]  4/58  Installing       : ncurses-6.2-8.20210508.f [===                      ]  4/58  Installing       : ncurses-6.2-8.20210508.f [====                     ]  4/58  Installing       : ncurses-6.2-8.20210508.f [=====                    ]  4/58  Installing       : ncurses-6.2-8.20210508.f [======                   ]  4/58  Installing       : ncurses-6.2-8.20210508.f [=======                  ]  4/58  Installing       : ncurses-6.2-8.20210508.f [========                 ]  4/58  Installing       : ncurses-6.2-8.20210508.f [=========                ]  4/58  Installing       : ncurses-6.2-8.20210508.f [==========               ]  4/58  Installing       : ncurses-6.2-8.20210508.f [============             ]  4/58  Installing       : ncurses-6.2-8.20210508.f [=============            ]  4/58  Installing       : ncurses-6.2-8.20210508.f [===============          ]  4/58  Installing       : ncurses-6.2-8.20210508.f [================         ]  4/58  Installing       : ncurses-6.2-8.20210508.f [=================        ]  4/58  Installing       : ncurses-6.2-8.20210508.f [===================      ]  4/58  Installing       : ncurses-6.2-8.20210508.f [====================     ]  4/58  Installing       : ncurses-6.2-8.20210508.f [=====================    ]  4/58  Installing       : ncurses-6.2-8.20210508.f [======================   ]  4/58  Installing       : ncurses-6.2-8.20210508.f [=======================  ]  4/58  Installing       : ncurses-6.2-8.20210508.f [======================== ]  4/58  Installing       : ncurses-6.2-8.20210508.fc35.x86_64                    4/58 
  Installing       : mpdecimal-2.5.1-2.fc35.x [                         ]  5/58  Installing       : mpdecimal-2.5.1-2.fc35.x [===                      ]  5/58  Installing       : mpdecimal-2.5.1-2.fc35.x [====                     ]  5/58  Installing       : mpdecimal-2.5.1-2.fc35.x [=======                  ]  5/58  Installing       : mpdecimal-2.5.1-2.fc35.x [==========               ]  5/58  Installing       : mpdecimal-2.5.1-2.fc35.x [==============           ]  5/58  Installing       : mpdecimal-2.5.1-2.fc35.x [=================        ]  5/58  Installing       : mpdecimal-2.5.1-2.fc35.x [====================     ]  5/58  Installing       : mpdecimal-2.5.1-2.fc35.x [======================== ]  5/58  Installing       : mpdecimal-2.5.1-2.fc35.x86_64                         5/58 
  Installing       : python3-3.10.8-3.fc35.x8 [                         ]  6/58  Installing       : python3-3.10.8-3.fc35.x8 [===========              ]  6/58  Installing       : python3-3.10.8-3.fc35.x8 [============             ]  6/58  Installing       : python3-3.10.8-3.fc35.x8 [===================      ]  6/58  Installing       : python3-3.10.8-3.fc35.x8 [======================== ]  6/58  Installing       : python3-3.10.8-3.fc35.x86_64                          6/58 
  Installing       : python3-libs-3.10.8-3.fc [                         ]  7/58  Installing       : python3-libs-3.10.8-3.fc [=                        ]  7/58  Installing       : python3-libs-3.10.8-3.fc [==                       ]  7/58  Installing       : python3-libs-3.10.8-3.fc [===                      ]  7/58  Installing       : python3-libs-3.10.8-3.fc [====                     ]  7/58  Installing       : python3-libs-3.10.8-3.fc [=====                    ]  7/58  Installing       : python3-libs-3.10.8-3.fc [======                   ]  7/58  Installing       : python3-libs-3.10.8-3.fc [=======                  ]  7/58  Installing       : python3-libs-3.10.8-3.fc [========                 ]  7/58  Installing       : python3-libs-3.10.8-3.fc [=========                ]  7/58  Installing       : python3-libs-3.10.8-3.fc [==========               ]  7/58  Installing       : python3-libs-3.10.8-3.fc [===========              ]  7/58  Installing       : python3-libs-3.10.8-3.fc [============             ]  7/58  Installing       : python3-libs-3.10.8-3.fc [=============            ]  7/58  Installing       : python3-libs-3.10.8-3.fc [==============           ]  7/58  Installing       : python3-libs-3.10.8-3.fc [===============          ]  7/58  Installing       : python3-libs-3.10.8-3.fc [================         ]  7/58  Installing       : python3-libs-3.10.8-3.fc [=================        ]  7/58  Installing       : python3-libs-3.10.8-3.fc [==================       ]  7/58  Installing       : python3-libs-3.10.8-3.fc [===================      ]  7/58  Installing       : python3-libs-3.10.8-3.fc [====================     ]  7/58  Installing       : python3-libs-3.10.8-3.fc [=====================    ]  7/58  Installing       : python3-libs-3.10.8-3.fc [======================   ]  7/58  Installing       : python3-libs-3.10.8-3.fc [=======================  ]  7/58  Installing       : python3-libs-3.10.8-3.fc [======================== ]  7/58  Installing       : python3-libs-3.10.8-3.fc35.x86_64                     7/58 
  Installing       : python3-pygments-2.9.0-2 [                         ]  8/58  Installing       : python3-pygments-2.9.0-2 [=                        ]  8/58  Installing       : python3-pygments-2.9.0-2 [==                       ]  8/58  Installing       : python3-pygments-2.9.0-2 [===                      ]  8/58  Installing       : python3-pygments-2.9.0-2 [====                     ]  8/58  Installing       : python3-pygments-2.9.0-2 [=====                    ]  8/58  Installing       : python3-pygments-2.9.0-2 [======                   ]  8/58  Installing       : python3-pygments-2.9.0-2 [=======                  ]  8/58  Installing       : python3-pygments-2.9.0-2 [========                 ]  8/58  Installing       : python3-pygments-2.9.0-2 [=========                ]  8/58  Installing       : python3-pygments-2.9.0-2 [==========               ]  8/58  Installing       : python3-pygments-2.9.0-2 [===========              ]  8/58  Installing       : python3-pygments-2.9.0-2 [============             ]  8/58  Installing       : python3-pygments-2.9.0-2 [=============            ]  8/58  Installing       : python3-pygments-2.9.0-2 [==============           ]  8/58  Installing       : python3-pygments-2.9.0-2 [===============          ]  8/58  Installing       : python3-pygments-2.9.0-2 [================         ]  8/58  Installing       : python3-pygments-2.9.0-2 [=================        ]  8/58  Installing       : python3-pygments-2.9.0-2 [==================       ]  8/58  Installing       : python3-pygments-2.9.0-2 [===================      ]  8/58  Installing       : python3-pygments-2.9.0-2 [====================     ]  8/58  Installing       : python3-pygments-2.9.0-2 [=====================    ]  8/58  Installing       : python3-pygments-2.9.0-2 [======================   ]  8/58  Installing       : python3-pygments-2.9.0-2 [=======================  ]  8/58  Installing       : python3-pygments-2.9.0-2 [======================== ]  8/58  Installing       : python3-pygments-2.9.0-2.fc35.noarch                  8/58 
  Installing       : libyaml-0.2.5-6.fc35.x86 [                         ]  9/58  Installing       : libyaml-0.2.5-6.fc35.x86 [======                   ]  9/58  Installing       : libyaml-0.2.5-6.fc35.x86 [===========              ]  9/58  Installing       : libyaml-0.2.5-6.fc35.x86 [=================        ]  9/58  Installing       : libyaml-0.2.5-6.fc35.x86 [=======================  ]  9/58  Installing       : libyaml-0.2.5-6.fc35.x86 [======================== ]  9/58  Installing       : libyaml-0.2.5-6.fc35.x86_64                           9/58 
  Installing       : python3-pyyaml-5.4.1-4.f [                         ] 10/58  Installing       : python3-pyyaml-5.4.1-4.f [=                        ] 10/58  Installing       : python3-pyyaml-5.4.1-4.f [==                       ] 10/58  Installing       : python3-pyyaml-5.4.1-4.f [===                      ] 10/58  Installing       : python3-pyyaml-5.4.1-4.f [====                     ] 10/58  Installing       : python3-pyyaml-5.4.1-4.f [=====                    ] 10/58  Installing       : python3-pyyaml-5.4.1-4.f [======                   ] 10/58  Installing       : python3-pyyaml-5.4.1-4.f [========                 ] 10/58  Installing       : python3-pyyaml-5.4.1-4.f [=========                ] 10/58  Installing       : python3-pyyaml-5.4.1-4.f [==========               ] 10/58  Installing       : python3-pyyaml-5.4.1-4.f [===========              ] 10/58  Installing       : python3-pyyaml-5.4.1-4.f [============             ] 10/58  Installing       : python3-pyyaml-5.4.1-4.f [=============            ] 10/58  Installing       : python3-pyyaml-5.4.1-4.f [==============           ] 10/58  Installing       : python3-pyyaml-5.4.1-4.f [===============          ] 10/58  Installing       : python3-pyyaml-5.4.1-4.f [================         ] 10/58  Installing       : python3-pyyaml-5.4.1-4.f [=================        ] 10/58  Installing       : python3-pyyaml-5.4.1-4.f [==================       ] 10/58  Installing       : python3-pyyaml-5.4.1-4.f [===================      ] 10/58  Installing       : python3-pyyaml-5.4.1-4.f [====================     ] 10/58  Installing       : python3-pyyaml-5.4.1-4.f [=====================    ] 10/58  Installing       : python3-pyyaml-5.4.1-4.f [======================   ] 10/58  Installing       : python3-pyyaml-5.4.1-4.f [=======================  ] 10/58  Installing       : python3-pyyaml-5.4.1-4.f [======================== ] 10/58  Installing       : python3-pyyaml-5.4.1-4.fc35.x86_64                   10/58 
  Installing       : libedit-3.1-40.20210910c [                         ] 11/58  Installing       : libedit-3.1-40.20210910c [===                      ] 11/58  Installing       : libedit-3.1-40.20210910c [======                   ] 11/58  Installing       : libedit-3.1-40.20210910c [=========                ] 11/58  Installing       : libedit-3.1-40.20210910c [============             ] 11/58  Installing       : libedit-3.1-40.20210910c [================         ] 11/58  Installing       : libedit-3.1-40.20210910c [===================      ] 11/58  Installing       : libedit-3.1-40.20210910c [======================   ] 11/58  Installing       : libedit-3.1-40.20210910c [=======================  ] 11/58  Installing       : libedit-3.1-40.20210910c [======================== ] 11/58  Installing       : libedit-3.1-40.20210910cvs.fc35.x86_64               11/58 
  Running scriptlet: groff-base-1.22.4-8.fc35.x86_64                      12/58 
  Installing       : groff-base-1.22.4-8.fc35 [                         ] 12/58  Installing       : groff-base-1.22.4-8.fc35 [=                        ] 12/58  Installing       : groff-base-1.22.4-8.fc35 [==                       ] 12/58  Installing       : groff-base-1.22.4-8.fc35 [===                      ] 12/58  Installing       : groff-base-1.22.4-8.fc35 [====                     ] 12/58  Installing       : groff-base-1.22.4-8.fc35 [=====                    ] 12/58  Installing       : groff-base-1.22.4-8.fc35 [======                   ] 12/58  Installing       : groff-base-1.22.4-8.fc35 [=======                  ] 12/58  Installing       : groff-base-1.22.4-8.fc35 [========                 ] 12/58  Installing       : groff-base-1.22.4-8.fc35 [=========                ] 12/58  Installing       : groff-base-1.22.4-8.fc35 [==========               ] 12/58  Installing       : groff-base-1.22.4-8.fc35 [===========              ] 12/58  Installing       : groff-base-1.22.4-8.fc35 [============             ] 12/58  Installing       : groff-base-1.22.4-8.fc35 [=============            ] 12/58  Installing       : groff-base-1.22.4-8.fc35 [==============           ] 12/58  Installing       : groff-base-1.22.4-8.fc35 [===============          ] 12/58  Installing       : groff-base-1.22.4-8.fc35 [================         ] 12/58  Installing       : groff-base-1.22.4-8.fc35 [=================        ] 12/58  Installing       : groff-base-1.22.4-8.fc35 [==================       ] 12/58  Installing       : groff-base-1.22.4-8.fc35 [===================      ] 12/58  Installing       : groff-base-1.22.4-8.fc35 [====================     ] 12/58  Installing       : groff-base-1.22.4-8.fc35 [=====================    ] 12/58  Installing       : groff-base-1.22.4-8.fc35 [======================   ] 12/58  Installing       : groff-base-1.22.4-8.fc35 [=======================  ] 12/58  Installing       : groff-base-1.22.4-8.fc35 [======================== ] 12/58  Installing       : groff-base-1.22.4-8.fc35.x86_64                      12/58 
  Running scriptlet: groff-base-1.22.4-8.fc35.x86_64                      12/58 
  Installing       : perl-Text-Tabs+Wrap-2021 [                         ] 13/58  Installing       : perl-Text-Tabs+Wrap-2021 [=====                    ] 13/58  Installing       : perl-Text-Tabs+Wrap-2021 [======                   ] 13/58  Installing       : perl-Text-Tabs+Wrap-2021 [========                 ] 13/58  Installing       : perl-Text-Tabs+Wrap-2021 [============             ] 13/58  Installing       : perl-Text-Tabs+Wrap-2021 [================         ] 13/58  Installing       : perl-Text-Tabs+Wrap-2021 [======================== ] 13/58  Installing       : perl-Text-Tabs+Wrap-2021.0814-1.fc35.noarch          13/58 
  Installing       : perl-Time-Local-2:1.300- [                         ] 14/58  Installing       : perl-Time-Local-2:1.300- [=                        ] 14/58  Installing       : perl-Time-Local-2:1.300- [==                       ] 14/58  Installing       : perl-Time-Local-2:1.300- [======                   ] 14/58  Installing       : perl-Time-Local-2:1.300- [==========               ] 14/58  Installing       : perl-Time-Local-2:1.300- [================         ] 14/58  Installing       : perl-Time-Local-2:1.300- [==================       ] 14/58  Installing       : perl-Time-Local-2:1.300- [======================== ] 14/58  Installing       : perl-Time-Local-2:1.300-478.fc35.noarch              14/58 
  Installing       : perl-if-0.60.900-486.fc3 [                         ] 15/58  Installing       : perl-if-0.60.900-486.fc3 [===========              ] 15/58  Installing       : perl-if-0.60.900-486.fc3 [======================== ] 15/58  Installing       : perl-if-0.60.900-486.fc35.noarch                     15/58 
  Installing       : perl-File-Path-2.18-478. [                         ] 16/58  Installing       : perl-File-Path-2.18-478. [====                     ] 16/58  Installing       : perl-File-Path-2.18-478. [========                 ] 16/58  Installing       : perl-File-Path-2.18-478. [=====================    ] 16/58  Installing       : perl-File-Path-2.18-478. [======================== ] 16/58  Installing       : perl-File-Path-2.18-478.fc35.noarch                  16/58 
  Installing       : perl-Pod-Escapes-1:1.07- [                         ] 17/58  Installing       : perl-Pod-Escapes-1:1.07- [==                       ] 17/58  Installing       : perl-Pod-Escapes-1:1.07- [====                     ] 17/58  Installing       : perl-Pod-Escapes-1:1.07- [=======                  ] 17/58  Installing       : perl-Pod-Escapes-1:1.07- [========                 ] 17/58  Installing       : perl-Pod-Escapes-1:1.07- [======================== ] 17/58  Installing       : perl-Pod-Escapes-1:1.07-478.fc35.noarch              17/58 
  Installing       : perl-Term-ANSIColor-5.01 [                         ] 18/58  Installing       : perl-Term-ANSIColor-5.01 [===                      ] 18/58  Installing       : perl-Term-ANSIColor-5.01 [====                     ] 18/58  Installing       : perl-Term-ANSIColor-5.01 [=====                    ] 18/58  Installing       : perl-Term-ANSIColor-5.01 [=======                  ] 18/58  Installing       : perl-Term-ANSIColor-5.01 [===========              ] 18/58  Installing       : perl-Term-ANSIColor-5.01 [===================      ] 18/58  Installing       : perl-Term-ANSIColor-5.01 [======================== ] 18/58  Installing       : perl-Term-ANSIColor-5.01-479.fc35.noarch             18/58 
  Installing       : perl-Class-Struct-0.66-4 [                         ] 19/58  Installing       : perl-Class-Struct-0.66-4 [======                   ] 19/58  Installing       : perl-Class-Struct-0.66-4 [======================== ] 19/58  Installing       : perl-Class-Struct-0.66-486.fc35.noarch               19/58 
  Installing       : perl-POSIX-1.97-486.fc35 [                         ] 20/58  Installing       : perl-POSIX-1.97-486.fc35 [==                       ] 20/58  Installing       : perl-POSIX-1.97-486.fc35 [=====                    ] 20/58  Installing       : perl-POSIX-1.97-486.fc35 [========                 ] 20/58  Installing       : perl-POSIX-1.97-486.fc35 [==========               ] 20/58  Installing       : perl-POSIX-1.97-486.fc35 [==============           ] 20/58  Installing       : perl-POSIX-1.97-486.fc35 [=================        ] 20/58  Installing       : perl-POSIX-1.97-486.fc35 [====================     ] 20/58  Installing       : perl-POSIX-1.97-486.fc35 [======================   ] 20/58  Installing       : perl-POSIX-1.97-486.fc35 [======================== ] 20/58  Installing       : perl-POSIX-1.97-486.fc35.x86_64                      20/58 
  Installing       : perl-HTTP-Tiny-0.080-1.f [                         ] 21/58  Installing       : perl-HTTP-Tiny-0.080-1.f [===                      ] 21/58  Installing       : perl-HTTP-Tiny-0.080-1.f [=======                  ] 21/58  Installing       : perl-HTTP-Tiny-0.080-1.f [==========               ] 21/58  Installing       : perl-HTTP-Tiny-0.080-1.f [============             ] 21/58  Installing       : perl-HTTP-Tiny-0.080-1.f [=================        ] 21/58  Installing       : perl-HTTP-Tiny-0.080-1.f [======================   ] 21/58  Installing       : perl-HTTP-Tiny-0.080-1.f [======================== ] 21/58  Installing       : perl-HTTP-Tiny-0.080-1.fc35.noarch                   21/58 
  Installing       : perl-IPC-Open3-1.21-486. [                         ] 22/58  Installing       : perl-IPC-Open3-1.21-486. [===                      ] 22/58  Installing       : perl-IPC-Open3-1.21-486. [=======                  ] 22/58  Installing       : perl-IPC-Open3-1.21-486. [===========              ] 22/58  Installing       : perl-IPC-Open3-1.21-486. [======================== ] 22/58  Installing       : perl-IPC-Open3-1.21-486.fc35.noarch                  22/58 
  Installing       : perl-subs-1.04-486.fc35. [                         ] 23/58  Installing       : perl-subs-1.04-486.fc35. [================         ] 23/58  Installing       : perl-subs-1.04-486.fc35. [======================== ] 23/58  Installing       : perl-subs-1.04-486.fc35.noarch                       23/58 
  Installing       : perl-File-Temp-1:0.231.1 [                         ] 24/58  Installing       : perl-File-Temp-1:0.231.1 [==                       ] 24/58  Installing       : perl-File-Temp-1:0.231.1 [=====                    ] 24/58  Installing       : perl-File-Temp-1:0.231.1 [=======                  ] 24/58  Installing       : perl-File-Temp-1:0.231.1 [============             ] 24/58  Installing       : perl-File-Temp-1:0.231.1 [=================        ] 24/58  Installing       : perl-File-Temp-1:0.231.1 [=====================    ] 24/58  Installing       : perl-File-Temp-1:0.231.1 [======================== ] 24/58  Installing       : perl-File-Temp-1:0.231.100-478.fc35.noarch           24/58 
  Installing       : perl-Pod-Simple-1:3.43-2 [                         ] 25/58  Installing       : perl-Pod-Simple-1:3.43-2 [=                        ] 25/58  Installing       : perl-Pod-Simple-1:3.43-2 [==                       ] 25/58  Installing       : perl-Pod-Simple-1:3.43-2 [===                      ] 25/58  Installing       : perl-Pod-Simple-1:3.43-2 [====                     ] 25/58  Installing       : perl-Pod-Simple-1:3.43-2 [=====                    ] 25/58  Installing       : perl-Pod-Simple-1:3.43-2 [======                   ] 25/58  Installing       : perl-Pod-Simple-1:3.43-2 [=======                  ] 25/58  Installing       : perl-Pod-Simple-1:3.43-2 [========                 ] 25/58  Installing       : perl-Pod-Simple-1:3.43-2 [=========                ] 25/58  Installing       : perl-Pod-Simple-1:3.43-2 [===========              ] 25/58  Installing       : perl-Pod-Simple-1:3.43-2 [============             ] 25/58  Installing       : perl-Pod-Simple-1:3.43-2 [==============           ] 25/58  Installing       : perl-Pod-Simple-1:3.43-2 [===============          ] 25/58  Installing       : perl-Pod-Simple-1:3.43-2 [================         ] 25/58  Installing       : perl-Pod-Simple-1:3.43-2 [=================        ] 25/58  Installing       : perl-Pod-Simple-1:3.43-2 [==================       ] 25/58  Installing       : perl-Pod-Simple-1:3.43-2 [===================      ] 25/58  Installing       : perl-Pod-Simple-1:3.43-2 [=====================    ] 25/58  Installing       : perl-Pod-Simple-1:3.43-2 [======================   ] 25/58  Installing       : perl-Pod-Simple-1:3.43-2 [=======================  ] 25/58  Installing       : perl-Pod-Simple-1:3.43-2 [======================== ] 25/58  Installing       : perl-Pod-Simple-1:3.43-2.fc35.noarch                 25/58 
  Installing       : perl-Term-Cap-1.17-478.f [                         ] 26/58  Installing       : perl-Term-Cap-1.17-478.f [==                       ] 26/58  Installing       : perl-Term-Cap-1.17-478.f [===                      ] 26/58  Installing       : perl-Term-Cap-1.17-478.f [=====                    ] 26/58  Installing       : perl-Term-Cap-1.17-478.f [========                 ] 26/58  Installing       : perl-Term-Cap-1.17-478.f [======================== ] 26/58  Installing       : perl-Term-Cap-1.17-478.fc35.noarch                   26/58 
  Installing       : perl-Socket-4:2.032-2.fc [                         ] 27/58  Installing       : perl-Socket-4:2.032-2.fc [======                   ] 27/58  Installing       : perl-Socket-4:2.032-2.fc [=======                  ] 27/58  Installing       : perl-Socket-4:2.032-2.fc [=============            ] 27/58  Installing       : perl-Socket-4:2.032-2.fc [=================        ] 27/58  Installing       : perl-Socket-4:2.032-2.fc [===================      ] 27/58  Installing       : perl-Socket-4:2.032-2.fc [====================     ] 27/58  Installing       : perl-Socket-4:2.032-2.fc [======================   ] 27/58  Installing       : perl-Socket-4:2.032-2.fc [=======================  ] 27/58  Installing       : perl-Socket-4:2.032-2.fc [======================== ] 27/58  Installing       : perl-Socket-4:2.032-2.fc35.x86_64                    27/58 
  Installing       : perl-SelectSaver-1.02-48 [                         ] 28/58  Installing       : perl-SelectSaver-1.02-48 [===============          ] 28/58  Installing       : perl-SelectSaver-1.02-48 [======================== ] 28/58  Installing       : perl-SelectSaver-1.02-486.fc35.noarch                28/58 
  Installing       : perl-Symbol-1.09-486.fc3 [                         ] 29/58  Installing       : perl-Symbol-1.09-486.fc3 [=========                ] 29/58  Installing       : perl-Symbol-1.09-486.fc3 [======================== ] 29/58  Installing       : perl-Symbol-1.09-486.fc35.noarch                     29/58 
  Installing       : perl-File-stat-1.09-486. [                         ] 30/58  Installing       : perl-File-stat-1.09-486. [======                   ] 30/58  Installing       : perl-File-stat-1.09-486. [======================== ] 30/58  Installing       : perl-File-stat-1.09-486.fc35.noarch                  30/58 
  Installing       : perl-podlators-1:4.14-47 [                         ] 31/58  Installing       : perl-podlators-1:4.14-47 [=                        ] 31/58  Installing       : perl-podlators-1:4.14-47 [==                       ] 31/58  Installing       : perl-podlators-1:4.14-47 [=====                    ] 31/58  Installing       : perl-podlators-1:4.14-47 [======                   ] 31/58  Installing       : perl-podlators-1:4.14-47 [=======                  ] 31/58  Installing       : perl-podlators-1:4.14-47 [========                 ] 31/58  Installing       : perl-podlators-1:4.14-47 [=========                ] 31/58  Installing       : perl-podlators-1:4.14-47 [==========               ] 31/58  Installing       : perl-podlators-1:4.14-47 [===========              ] 31/58  Installing       : perl-podlators-1:4.14-47 [============             ] 31/58  Installing       : perl-podlators-1:4.14-47 [===============          ] 31/58  Installing       : perl-podlators-1:4.14-47 [==================       ] 31/58  Installing       : perl-podlators-1:4.14-47 [===================      ] 31/58  Installing       : perl-podlators-1:4.14-47 [====================     ] 31/58  Installing       : perl-podlators-1:4.14-47 [======================   ] 31/58  Installing       : perl-podlators-1:4.14-47 [=======================  ] 31/58  Installing       : perl-podlators-1:4.14-47 [======================== ] 31/58  Installing       : perl-podlators-1:4.14-478.fc35.noarch                31/58 
  Installing       : perl-Pod-Perldoc-3.28.01 [                         ] 32/58  Installing       : perl-Pod-Perldoc-3.28.01 [==                       ] 32/58  Installing       : perl-Pod-Perldoc-3.28.01 [===                      ] 32/58  Installing       : perl-Pod-Perldoc-3.28.01 [====                     ] 32/58  Installing       : perl-Pod-Perldoc-3.28.01 [=====                    ] 32/58  Installing       : perl-Pod-Perldoc-3.28.01 [======                   ] 32/58  Installing       : perl-Pod-Perldoc-3.28.01 [=======                  ] 32/58  Installing       : perl-Pod-Perldoc-3.28.01 [============             ] 32/58  Installing       : perl-Pod-Perldoc-3.28.01 [================         ] 32/58  Installing       : perl-Pod-Perldoc-3.28.01 [=================        ] 32/58  Installing       : perl-Pod-Perldoc-3.28.01 [==================       ] 32/58  Installing       : perl-Pod-Perldoc-3.28.01 [====================     ] 32/58  Installing       : perl-Pod-Perldoc-3.28.01 [=====================    ] 32/58  Installing       : perl-Pod-Perldoc-3.28.01 [======================   ] 32/58  Installing       : perl-Pod-Perldoc-3.28.01 [=======================  ] 32/58  Installing       : perl-Pod-Perldoc-3.28.01 [======================== ] 32/58  Installing       : perl-Pod-Perldoc-3.28.01-479.fc35.noarch             32/58 
  Installing       : perl-Text-ParseWords-3.3 [                         ] 33/58  Installing       : perl-Text-ParseWords-3.3 [=                        ] 33/58  Installing       : perl-Text-ParseWords-3.3 [====                     ] 33/58  Installing       : perl-Text-ParseWords-3.3 [=========                ] 33/58  Installing       : perl-Text-ParseWords-3.3 [==========               ] 33/58  Installing       : perl-Text-ParseWords-3.3 [======================== ] 33/58  Installing       : perl-Text-ParseWords-3.30-478.fc35.noarch            33/58 
  Installing       : perl-Fcntl-1.14-486.fc35 [                         ] 34/58  Installing       : perl-Fcntl-1.14-486.fc35 [===                      ] 34/58  Installing       : perl-Fcntl-1.14-486.fc35 [======================   ] 34/58  Installing       : perl-Fcntl-1.14-486.fc35 [======================== ] 34/58  Installing       : perl-Fcntl-1.14-486.fc35.x86_64                      34/58 
  Installing       : perl-mro-1.25-486.fc35.x [                         ] 35/58  Installing       : perl-mro-1.25-486.fc35.x [================         ] 35/58  Installing       : perl-mro-1.25-486.fc35.x [=====================    ] 35/58  Installing       : perl-mro-1.25-486.fc35.x [======================== ] 35/58  Installing       : perl-mro-1.25-486.fc35.x86_64                        35/58 
  Installing       : perl-IO-1.46-486.fc35.x8 [                         ] 36/58  Installing       : perl-IO-1.46-486.fc35.x8 [=                        ] 36/58  Installing       : perl-IO-1.46-486.fc35.x8 [====                     ] 36/58  Installing       : perl-IO-1.46-486.fc35.x8 [=====                    ] 36/58  Installing       : perl-IO-1.46-486.fc35.x8 [======                   ] 36/58  Installing       : perl-IO-1.46-486.fc35.x8 [=======                  ] 36/58  Installing       : perl-IO-1.46-486.fc35.x8 [===========              ] 36/58  Installing       : perl-IO-1.46-486.fc35.x8 [=============            ] 36/58  Installing       : perl-IO-1.46-486.fc35.x8 [==============           ] 36/58  Installing       : perl-IO-1.46-486.fc35.x8 [==================       ] 36/58  Installing       : perl-IO-1.46-486.fc35.x8 [===================      ] 36/58  Installing       : perl-IO-1.46-486.fc35.x8 [====================     ] 36/58  Installing       : perl-IO-1.46-486.fc35.x8 [=====================    ] 36/58  Installing       : perl-IO-1.46-486.fc35.x8 [======================   ] 36/58  Installing       : perl-IO-1.46-486.fc35.x8 [=======================  ] 36/58  Installing       : perl-IO-1.46-486.fc35.x8 [======================== ] 36/58  Installing       : perl-IO-1.46-486.fc35.x86_64                         36/58 
  Installing       : perl-overloading-0.02-48 [                         ] 37/58  Installing       : perl-overloading-0.02-48 [========                 ] 37/58  Installing       : perl-overloading-0.02-48 [=========                ] 37/58  Installing       : perl-overloading-0.02-48 [=================        ] 37/58  Installing       : perl-overloading-0.02-48 [======================== ] 37/58  Installing       : perl-overloading-0.02-486.fc35.noarch                37/58 
  Installing       : perl-Pod-Usage-4:2.01-47 [                         ] 38/58  Installing       : perl-Pod-Usage-4:2.01-47 [=                        ] 38/58  Installing       : perl-Pod-Usage-4:2.01-47 [==                       ] 38/58  Installing       : perl-Pod-Usage-4:2.01-47 [========                 ] 38/58  Installing       : perl-Pod-Usage-4:2.01-47 [=============            ] 38/58  Installing       : perl-Pod-Usage-4:2.01-47 [==============           ] 38/58  Installing       : perl-Pod-Usage-4:2.01-47 [================         ] 38/58  Installing       : perl-Pod-Usage-4:2.01-47 [======================== ] 38/58  Installing       : perl-Pod-Usage-4:2.01-478.fc35.noarch                38/58 
  Installing       : perl-MIME-Base64-3.16-47 [                         ] 39/58  Installing       : perl-MIME-Base64-3.16-47 [===                      ] 39/58  Installing       : perl-MIME-Base64-3.16-47 [====                     ] 39/58  Installing       : perl-MIME-Base64-3.16-47 [=====                    ] 39/58  Installing       : perl-MIME-Base64-3.16-47 [==============           ] 39/58  Installing       : perl-MIME-Base64-3.16-47 [===================      ] 39/58  Installing       : perl-MIME-Base64-3.16-47 [=====================    ] 39/58  Installing       : perl-MIME-Base64-3.16-47 [=======================  ] 39/58  Installing       : perl-MIME-Base64-3.16-47 [======================== ] 39/58  Installing       : perl-MIME-Base64-3.16-478.fc35.x86_64                39/58 
  Installing       : perl-constant-1.33-479.f [                         ] 40/58  Installing       : perl-constant-1.33-479.f [====                     ] 40/58  Installing       : perl-constant-1.33-479.f [======                   ] 40/58  Installing       : perl-constant-1.33-479.f [=======                  ] 40/58  Installing       : perl-constant-1.33-479.f [===========              ] 40/58  Installing       : perl-constant-1.33-479.f [======================== ] 40/58  Installing       : perl-constant-1.33-479.fc35.noarch                   40/58 
  Installing       : perl-parent-1:0.238-478. [                         ] 41/58  Installing       : perl-parent-1:0.238-478. [============             ] 41/58  Installing       : perl-parent-1:0.238-478. [=================        ] 41/58  Installing       : perl-parent-1:0.238-478. [======================== ] 41/58  Installing       : perl-parent-1:0.238-478.fc35.noarch                  41/58 
  Installing       : perl-Errno-1.33-486.fc35 [                         ] 42/58  Installing       : perl-Errno-1.33-486.fc35 [=================        ] 42/58  Installing       : perl-Errno-1.33-486.fc35 [======================== ] 42/58  Installing       : perl-Errno-1.33-486.fc35.x86_64                      42/58 
  Installing       : perl-File-Basename-2.85- [                         ] 43/58  Installing       : perl-File-Basename-2.85- [======                   ] 43/58  Installing       : perl-File-Basename-2.85- [======================== ] 43/58  Installing       : perl-File-Basename-2.85-486.fc35.noarch              43/58 
  Installing       : perl-Getopt-Std-1.13-486 [                         ] 44/58  Installing       : perl-Getopt-Std-1.13-486 [======                   ] 44/58  Installing       : perl-Getopt-Std-1.13-486 [=======                  ] 44/58  Installing       : perl-Getopt-Std-1.13-486 [======================== ] 44/58  Installing       : perl-Getopt-Std-1.13-486.fc35.noarch                 44/58 
  Installing       : perl-Scalar-List-Utils-5 [                         ] 45/58  Installing       : perl-Scalar-List-Utils-5 [====                     ] 45/58  Installing       : perl-Scalar-List-Utils-5 [======                   ] 45/58  Installing       : perl-Scalar-List-Utils-5 [=======                  ] 45/58  Installing       : perl-Scalar-List-Utils-5 [=============            ] 45/58  Installing       : perl-Scalar-List-Utils-5 [=================        ] 45/58  Installing       : perl-Scalar-List-Utils-5 [=====================    ] 45/58  Installing       : perl-Scalar-List-Utils-5 [=======================  ] 45/58  Installing       : perl-Scalar-List-Utils-5 [======================== ] 45/58  Installing       : perl-Scalar-List-Utils-5:1.62-463.fc35.x86_64        45/58 
  Installing       : perl-Storable-1:3.25-1.f [                         ] 46/58  Installing       : perl-Storable-1:3.25-1.f [===                      ] 46/58  Installing       : perl-Storable-1:3.25-1.f [=====                    ] 46/58  Installing       : perl-Storable-1:3.25-1.f [=========                ] 46/58  Installing       : perl-Storable-1:3.25-1.f [============             ] 46/58  Installing       : perl-Storable-1:3.25-1.f [================         ] 46/58  Installing       : perl-Storable-1:3.25-1.f [=================        ] 46/58  Installing       : perl-Storable-1:3.25-1.f [==================       ] 46/58  Installing       : perl-Storable-1:3.25-1.f [=====================    ] 46/58  Installing       : perl-Storable-1:3.25-1.f [======================   ] 46/58  Installing       : perl-Storable-1:3.25-1.f [=======================  ] 46/58  Installing       : perl-Storable-1:3.25-1.f [======================== ] 46/58  Installing       : perl-Storable-1:3.25-1.fc35.x86_64                   46/58 
  Installing       : perl-overload-1.33-486.f [                         ] 47/58  Installing       : perl-overload-1.33-486.f [======                   ] 47/58  Installing       : perl-overload-1.33-486.f [=================        ] 47/58  Installing       : perl-overload-1.33-486.f [======================== ] 47/58  Installing       : perl-overload-1.33-486.fc35.noarch                   47/58 
  Installing       : perl-vars-1.05-486.fc35. [                         ] 48/58  Installing       : perl-vars-1.05-486.fc35. [============             ] 48/58  Installing       : perl-vars-1.05-486.fc35. [======================== ] 48/58  Installing       : perl-vars-1.05-486.fc35.noarch                       48/58 
  Installing       : perl-Getopt-Long-1:2.52- [                         ] 49/58  Installing       : perl-Getopt-Long-1:2.52- [===                      ] 49/58  Installing       : perl-Getopt-Long-1:2.52- [====                     ] 49/58  Installing       : perl-Getopt-Long-1:2.52- [=====                    ] 49/58  Installing       : perl-Getopt-Long-1:2.52- [======                   ] 49/58  Installing       : perl-Getopt-Long-1:2.52- [=======                  ] 49/58  Installing       : perl-Getopt-Long-1:2.52- [=========                ] 49/58  Installing       : perl-Getopt-Long-1:2.52- [===============          ] 49/58  Installing       : perl-Getopt-Long-1:2.52- [=====================    ] 49/58  Installing       : perl-Getopt-Long-1:2.52- [======================== ] 49/58  Installing       : perl-Getopt-Long-1:2.52-478.fc35.noarch              49/58 
  Installing       : perl-Carp-1.52-478.fc35. [                         ] 50/58  Installing       : perl-Carp-1.52-478.fc35. [==                       ] 50/58  Installing       : perl-Carp-1.52-478.fc35. [===                      ] 50/58  Installing       : perl-Carp-1.52-478.fc35. [=====                    ] 50/58  Installing       : perl-Carp-1.52-478.fc35. [======                   ] 50/58  Installing       : perl-Carp-1.52-478.fc35. [======================   ] 50/58  Installing       : perl-Carp-1.52-478.fc35. [======================== ] 50/58  Installing       : perl-Carp-1.52-478.fc35.noarch                       50/58 
  Installing       : perl-Exporter-5.76-479.f [                         ] 51/58  Installing       : perl-Exporter-5.76-479.f [=                        ] 51/58  Installing       : perl-Exporter-5.76-479.f [=========                ] 51/58  Installing       : perl-Exporter-5.76-479.f [============             ] 51/58  Installing       : perl-Exporter-5.76-479.f [=============            ] 51/58  Installing       : perl-Exporter-5.76-479.f [=====================    ] 51/58  Installing       : perl-Exporter-5.76-479.f [======================== ] 51/58  Installing       : perl-Exporter-5.76-479.fc35.noarch                   51/58 
  Installing       : perl-DynaLoader-1.50-486 [                         ] 52/58  Installing       : perl-DynaLoader-1.50-486 [==================       ] 52/58  Installing       : perl-DynaLoader-1.50-486 [======================== ] 52/58  Installing       : perl-DynaLoader-1.50-486.fc35.x86_64                 52/58 
  Installing       : perl-PathTools-3.80-478. [                         ] 53/58  Installing       : perl-PathTools-3.80-478. [===                      ] 53/58  Installing       : perl-PathTools-3.80-478. [====                     ] 53/58  Installing       : perl-PathTools-3.80-478. [=====                    ] 53/58  Installing       : perl-PathTools-3.80-478. [========                 ] 53/58  Installing       : perl-PathTools-3.80-478. [=========                ] 53/58  Installing       : perl-PathTools-3.80-478. [===========              ] 53/58  Installing       : perl-PathTools-3.80-478. [=============            ] 53/58  Installing       : perl-PathTools-3.80-478. [===============          ] 53/58  Installing       : perl-PathTools-3.80-478. [====================     ] 53/58  Installing       : perl-PathTools-3.80-478. [=====================    ] 53/58  Installing       : perl-PathTools-3.80-478. [======================   ] 53/58  Installing       : perl-PathTools-3.80-478. [=======================  ] 53/58  Installing       : perl-PathTools-3.80-478. [======================== ] 53/58  Installing       : perl-PathTools-3.80-478.fc35.x86_64                  53/58 
  Installing       : perl-Encode-4:3.15-482.f [                         ] 54/58  Installing       : perl-Encode-4:3.15-482.f [=                        ] 54/58  Installing       : perl-Encode-4:3.15-482.f [==                       ] 54/58  Installing       : perl-Encode-4:3.15-482.f [===                      ] 54/58  Installing       : perl-Encode-4:3.15-482.f [====                     ] 54/58  Installing       : perl-Encode-4:3.15-482.f [=====                    ] 54/58  Installing       : perl-Encode-4:3.15-482.f [======                   ] 54/58  Installing       : perl-Encode-4:3.15-482.f [=======                  ] 54/58  Installing       : perl-Encode-4:3.15-482.f [========                 ] 54/58  Installing       : perl-Encode-4:3.15-482.f [=========                ] 54/58  Installing       : perl-Encode-4:3.15-482.f [==========               ] 54/58  Installing       : perl-Encode-4:3.15-482.f [===========              ] 54/58  Installing       : perl-Encode-4:3.15-482.f [============             ] 54/58  Installing       : perl-Encode-4:3.15-482.f [=============            ] 54/58  Installing       : perl-Encode-4:3.15-482.f [==============           ] 54/58  Installing       : perl-Encode-4:3.15-482.f [===============          ] 54/58  Installing       : perl-Encode-4:3.15-482.f [================         ] 54/58  Installing       : perl-Encode-4:3.15-482.f [=================        ] 54/58  Installing       : perl-Encode-4:3.15-482.f [==================       ] 54/58  Installing       : perl-Encode-4:3.15-482.f [===================      ] 54/58  Installing       : perl-Encode-4:3.15-482.f [====================     ] 54/58  Installing       : perl-Encode-4:3.15-482.f [=====================    ] 54/58  Installing       : perl-Encode-4:3.15-482.f [======================   ] 54/58  Installing       : perl-Encode-4:3.15-482.f [=======================  ] 54/58  Installing       : perl-Encode-4:3.15-482.f [======================== ] 54/58  Installing       : perl-Encode-4:3.15-482.fc35.x86_64                   54/58 
  Installing       : perl-libs-4:5.34.1-486.f [                         ] 55/58  Installing       : perl-libs-4:5.34.1-486.f [=                        ] 55/58  Installing       : perl-libs-4:5.34.1-486.f [==                       ] 55/58  Installing       : perl-libs-4:5.34.1-486.f [===                      ] 55/58  Installing       : perl-libs-4:5.34.1-486.f [====                     ] 55/58  Installing       : perl-libs-4:5.34.1-486.f [=====                    ] 55/58  Installing       : perl-libs-4:5.34.1-486.f [======                   ] 55/58  Installing       : perl-libs-4:5.34.1-486.f [=======                  ] 55/58  Installing       : perl-libs-4:5.34.1-486.f [========                 ] 55/58  Installing       : perl-libs-4:5.34.1-486.f [=========                ] 55/58  Installing       : perl-libs-4:5.34.1-486.f [==========               ] 55/58  Installing       : perl-libs-4:5.34.1-486.f [===========              ] 55/58  Installing       : perl-libs-4:5.34.1-486.f [============             ] 55/58  Installing       : perl-libs-4:5.34.1-486.f [=============            ] 55/58  Installing       : perl-libs-4:5.34.1-486.f [==============           ] 55/58  Installing       : perl-libs-4:5.34.1-486.f [===============          ] 55/58  Installing       : perl-libs-4:5.34.1-486.f [================         ] 55/58  Installing       : perl-libs-4:5.34.1-486.f [=================        ] 55/58  Installing       : perl-libs-4:5.34.1-486.f [==================       ] 55/58  Installing       : perl-libs-4:5.34.1-486.f [===================      ] 55/58  Installing       : perl-libs-4:5.34.1-486.f [====================     ] 55/58  Installing       : perl-libs-4:5.34.1-486.f [=====================    ] 55/58  Installing       : perl-libs-4:5.34.1-486.f [======================   ] 55/58  Installing       : perl-libs-4:5.34.1-486.f [=======================  ] 55/58  Installing       : perl-libs-4:5.34.1-486.f [======================== ] 55/58  Installing       : perl-libs-4:5.34.1-486.fc35.x86_64                   55/58 
  Installing       : perl-interpreter-4:5.34. [                         ] 56/58  Installing       : perl-interpreter-4:5.34. [=                        ] 56/58  Installing       : perl-interpreter-4:5.34. [======                   ] 56/58  Installing       : perl-interpreter-4:5.34. [==========               ] 56/58  Installing       : perl-interpreter-4:5.34. [================         ] 56/58  Installing       : perl-interpreter-4:5.34. [=====================    ] 56/58  Installing       : perl-interpreter-4:5.34. [======================== ] 56/58  Installing       : perl-interpreter-4:5.34.1-486.fc35.x86_64            56/58 
  Installing       : divine-4.4.2_4_gd47985e0 [                         ] 57/58  Installing       : divine-4.4.2_4_gd47985e0 [=                        ] 57/58  Installing       : divine-4.4.2_4_gd47985e0 [==                       ] 57/58  Installing       : divine-4.4.2_4_gd47985e0 [===                      ] 57/58  Installing       : divine-4.4.2_4_gd47985e0 [====                     ] 57/58  Installing       : divine-4.4.2_4_gd47985e0 [=====                    ] 57/58  Installing       : divine-4.4.2_4_gd47985e0 [======                   ] 57/58  Installing       : divine-4.4.2_4_gd47985e0 [=======                  ] 57/58  Installing       : divine-4.4.2_4_gd47985e0 [========                 ] 57/58  Installing       : divine-4.4.2_4_gd47985e0 [=========                ] 57/58  Installing       : divine-4.4.2_4_gd47985e0 [==========               ] 57/58  Installing       : divine-4.4.2_4_gd47985e0 [===========              ] 57/58  Installing       : divine-4.4.2_4_gd47985e0 [============             ] 57/58  Installing       : divine-4.4.2_4_gd47985e0 [=============            ] 57/58  Installing       : divine-4.4.2_4_gd47985e0 [==============           ] 57/58  Installing       : divine-4.4.2_4_gd47985e0 [===============          ] 57/58  Installing       : divine-4.4.2_4_gd47985e0 [================         ] 57/58  Installing       : divine-4.4.2_4_gd47985e0 [=================        ] 57/58  Installing       : divine-4.4.2_4_gd47985e0 [==================       ] 57/58  Installing       : divine-4.4.2_4_gd47985e0 [===================      ] 57/58  Installing       : divine-4.4.2_4_gd47985e0 [====================     ] 57/58  Installing       : divine-4.4.2_4_gd47985e0 [=====================    ] 57/58  Installing       : divine-4.4.2_4_gd47985e0 [======================   ] 57/58  Installing       : divine-4.4.2_4_gd47985e0 [=======================  ] 57/58  Installing       : divine-4.4.2_4_gd47985e0 [======================== ] 57/58  Installing       : divine-4.4.2_4_gd47985e0b-14.fc35.x86_64             57/58 
  Installing       : csexec-2.2.2-1.fc35.x86_ [                         ] 58/58  Installing       : csexec-2.2.2-1.fc35.x86_ [=                        ] 58/58  Installing       : csexec-2.2.2-1.fc35.x86_ [==                       ] 58/58  Installing       : csexec-2.2.2-1.fc35.x86_ [===                      ] 58/58  Installing       : csexec-2.2.2-1.fc35.x86_ [====                     ] 58/58  Installing       : csexec-2.2.2-1.fc35.x86_ [=====                    ] 58/58  Installing       : csexec-2.2.2-1.fc35.x86_ [======                   ] 58/58  Installing       : csexec-2.2.2-1.fc35.x86_ [=======                  ] 58/58  Installing       : csexec-2.2.2-1.fc35.x86_ [========                 ] 58/58  Installing       : csexec-2.2.2-1.fc35.x86_ [=========                ] 58/58  Installing       : csexec-2.2.2-1.fc35.x86_ [==========               ] 58/58  Installing       : csexec-2.2.2-1.fc35.x86_ [===========              ] 58/58  Installing       : csexec-2.2.2-1.fc35.x86_ [============             ] 58/58  Installing       : csexec-2.2.2-1.fc35.x86_ [=============            ] 58/58  Installing       : csexec-2.2.2-1.fc35.x86_ [==============           ] 58/58  Installing       : csexec-2.2.2-1.fc35.x86_ [===============          ] 58/58  Installing       : csexec-2.2.2-1.fc35.x86_ [================         ] 58/58  Installing       : csexec-2.2.2-1.fc35.x86_ [=================        ] 58/58  Installing       : csexec-2.2.2-1.fc35.x86_ [==================       ] 58/58  Installing       : csexec-2.2.2-1.fc35.x86_ [===================      ] 58/58  Installing       : csexec-2.2.2-1.fc35.x86_ [====================     ] 58/58  Installing       : csexec-2.2.2-1.fc35.x86_ [=====================    ] 58/58  Installing       : csexec-2.2.2-1.fc35.x86_ [======================   ] 58/58  Installing       : csexec-2.2.2-1.fc35.x86_ [=======================  ] 58/58  Installing       : csexec-2.2.2-1.fc35.x86_ [======================== ] 58/58  Installing       : csexec-2.2.2-1.fc35.x86_64                           58/58 
  Running scriptlet: csexec-2.2.2-1.fc35.x86_64                           58/58 
  Verifying        : divine-4.4.2_4_gd47985e0b-14.fc35.x86_64              1/58 
  Verifying        : groff-base-1.22.4-8.fc35.x86_64                       2/58 
  Verifying        : libedit-3.1-40.20210910cvs.fc35.x86_64                3/58 
  Verifying        : libyaml-0.2.5-6.fc35.x86_64                           4/58 
  Verifying        : mpdecimal-2.5.1-2.fc35.x86_64                         5/58 
  Verifying        : ncurses-6.2-8.20210508.fc35.x86_64                    6/58 
  Verifying        : perl-Carp-1.52-478.fc35.noarch                        7/58 
  Verifying        : perl-Exporter-5.76-479.fc35.noarch                    8/58 
  Verifying        : perl-File-Path-2.18-478.fc35.noarch                   9/58 
  Verifying        : perl-File-Temp-1:0.231.100-478.fc35.noarch           10/58 
  Verifying        : perl-Getopt-Long-1:2.52-478.fc35.noarch              11/58 
  Verifying        : perl-MIME-Base64-3.16-478.fc35.x86_64                12/58 
  Verifying        : perl-PathTools-3.80-478.fc35.x86_64                  13/58 
  Verifying        : perl-Pod-Escapes-1:1.07-478.fc35.noarch              14/58 
  Verifying        : perl-Pod-Perldoc-3.28.01-479.fc35.noarch             15/58 
  Verifying        : perl-Pod-Simple-1:3.43-2.fc35.noarch                 16/58 
  Verifying        : perl-Pod-Usage-4:2.01-478.fc35.noarch                17/58 
  Verifying        : perl-Socket-4:2.032-2.fc35.x86_64                    18/58 
  Verifying        : perl-Storable-1:3.25-1.fc35.x86_64                   19/58 
  Verifying        : perl-Term-ANSIColor-5.01-479.fc35.noarch             20/58 
  Verifying        : perl-Term-Cap-1.17-478.fc35.noarch                   21/58 
  Verifying        : perl-Text-ParseWords-3.30-478.fc35.noarch            22/58 
  Verifying        : perl-Text-Tabs+Wrap-2021.0814-1.fc35.noarch          23/58 
  Verifying        : perl-Time-Local-2:1.300-478.fc35.noarch              24/58 
  Verifying        : perl-constant-1.33-479.fc35.noarch                   25/58 
  Verifying        : perl-parent-1:0.238-478.fc35.noarch                  26/58 
  Verifying        : perl-podlators-1:4.14-478.fc35.noarch                27/58 
  Verifying        : python-setuptools-wheel-57.4.0-1.fc35.noarch         28/58 
  Verifying        : python3-pygments-2.9.0-2.fc35.noarch                 29/58 
  Verifying        : python3-pyyaml-5.4.1-4.fc35.x86_64                   30/58 
  Verifying        : csexec-2.2.2-1.fc35.x86_64                           31/58 
  Verifying        : expat-2.5.0-1.fc35.x86_64                            32/58 
  Verifying        : perl-Class-Struct-0.66-486.fc35.noarch               33/58 
  Verifying        : perl-DynaLoader-1.50-486.fc35.x86_64                 34/58 
  Verifying        : perl-Encode-4:3.15-482.fc35.x86_64                   35/58 
  Verifying        : perl-Errno-1.33-486.fc35.x86_64                      36/58 
  Verifying        : perl-Fcntl-1.14-486.fc35.x86_64                      37/58 
  Verifying        : perl-File-Basename-2.85-486.fc35.noarch              38/58 
  Verifying        : perl-File-stat-1.09-486.fc35.noarch                  39/58 
  Verifying        : perl-Getopt-Std-1.13-486.fc35.noarch                 40/58 
  Verifying        : perl-HTTP-Tiny-0.080-1.fc35.noarch                   41/58 
  Verifying        : perl-IO-1.46-486.fc35.x86_64                         42/58 
  Verifying        : perl-IPC-Open3-1.21-486.fc35.noarch                  43/58 
  Verifying        : perl-POSIX-1.97-486.fc35.x86_64                      44/58 
  Verifying        : perl-Scalar-List-Utils-5:1.62-463.fc35.x86_64        45/58 
  Verifying        : perl-SelectSaver-1.02-486.fc35.noarch                46/58 
  Verifying        : perl-Symbol-1.09-486.fc35.noarch                     47/58 
  Verifying        : perl-if-0.60.900-486.fc35.noarch                     48/58 
  Verifying        : perl-interpreter-4:5.34.1-486.fc35.x86_64            49/58 
  Verifying        : perl-libs-4:5.34.1-486.fc35.x86_64                   50/58 
  Verifying        : perl-mro-1.25-486.fc35.x86_64                        51/58 
  Verifying        : perl-overload-1.33-486.fc35.noarch                   52/58 
  Verifying        : perl-overloading-0.02-486.fc35.noarch                53/58 
  Verifying        : perl-subs-1.04-486.fc35.noarch                       54/58 
  Verifying        : perl-vars-1.05-486.fc35.noarch                       55/58 
  Verifying        : python-pip-wheel-21.2.3-4.fc35.noarch                56/58 
  Verifying        : python3-3.10.8-3.fc35.x86_64                         57/58 
  Verifying        : python3-libs-3.10.8-3.fc35.x86_64                    58/58 

Installed:
  csexec-2.2.2-1.fc35.x86_64                                                    
  divine-4.4.2_4_gd47985e0b-14.fc35.x86_64                                      
  expat-2.5.0-1.fc35.x86_64                                                     
  groff-base-1.22.4-8.fc35.x86_64                                               
  libedit-3.1-40.20210910cvs.fc35.x86_64                                        
  libyaml-0.2.5-6.fc35.x86_64                                                   
  mpdecimal-2.5.1-2.fc35.x86_64                                                 
  ncurses-6.2-8.20210508.fc35.x86_64                                            
  perl-Carp-1.52-478.fc35.noarch                                                
  perl-Class-Struct-0.66-486.fc35.noarch                                        
  perl-DynaLoader-1.50-486.fc35.x86_64                                          
  perl-Encode-4:3.15-482.fc35.x86_64                                            
  perl-Errno-1.33-486.fc35.x86_64                                               
  perl-Exporter-5.76-479.fc35.noarch                                            
  perl-Fcntl-1.14-486.fc35.x86_64                                               
  perl-File-Basename-2.85-486.fc35.noarch                                       
  perl-File-Path-2.18-478.fc35.noarch                                           
  perl-File-Temp-1:0.231.100-478.fc35.noarch                                    
  perl-File-stat-1.09-486.fc35.noarch                                           
  perl-Getopt-Long-1:2.52-478.fc35.noarch                                       
  perl-Getopt-Std-1.13-486.fc35.noarch                                          
  perl-HTTP-Tiny-0.080-1.fc35.noarch                                            
  perl-IO-1.46-486.fc35.x86_64                                                  
  perl-IPC-Open3-1.21-486.fc35.noarch                                           
  perl-MIME-Base64-3.16-478.fc35.x86_64                                         
  perl-POSIX-1.97-486.fc35.x86_64                                               
  perl-PathTools-3.80-478.fc35.x86_64                                           
  perl-Pod-Escapes-1:1.07-478.fc35.noarch                                       
  perl-Pod-Perldoc-3.28.01-479.fc35.noarch                                      
  perl-Pod-Simple-1:3.43-2.fc35.noarch                                          
  perl-Pod-Usage-4:2.01-478.fc35.noarch                                         
  perl-Scalar-List-Utils-5:1.62-463.fc35.x86_64                                 
  perl-SelectSaver-1.02-486.fc35.noarch                                         
  perl-Socket-4:2.032-2.fc35.x86_64                                             
  perl-Storable-1:3.25-1.fc35.x86_64                                            
  perl-Symbol-1.09-486.fc35.noarch                                              
  perl-Term-ANSIColor-5.01-479.fc35.noarch                                      
  perl-Term-Cap-1.17-478.fc35.noarch                                            
  perl-Text-ParseWords-3.30-478.fc35.noarch                                     
  perl-Text-Tabs+Wrap-2021.0814-1.fc35.noarch                                   
  perl-Time-Local-2:1.300-478.fc35.noarch                                       
  perl-constant-1.33-479.fc35.noarch                                            
  perl-if-0.60.900-486.fc35.noarch                                              
  perl-interpreter-4:5.34.1-486.fc35.x86_64                                     
  perl-libs-4:5.34.1-486.fc35.x86_64                                            
  perl-mro-1.25-486.fc35.x86_64                                                 
  perl-overload-1.33-486.fc35.noarch                                            
  perl-overloading-0.02-486.fc35.noarch                                         
  perl-parent-1:0.238-478.fc35.noarch                                           
  perl-podlators-1:4.14-478.fc35.noarch                                         
  perl-subs-1.04-486.fc35.noarch                                                
  perl-vars-1.05-486.fc35.noarch                                                
  python-pip-wheel-21.2.3-4.fc35.noarch                                         
  python-setuptools-wheel-57.4.0-1.fc35.noarch                                  
  python3-3.10.8-3.fc35.x86_64                                                  
  python3-libs-3.10.8-3.fc35.x86_64                                             
  python3-pygments-2.9.0-2.fc35.noarch                                          
  python3-pyyaml-5.4.1-4.fc35.x86_64                                            

Complete!

>>> 2023-01-26 06:24:42	"'/usr/bin/mock' '-r' 'fedora-35-x86_64' '--plugin-option=tmpfs:keep_mounted=True' '--config-opts=print_main_output=True' '--quiet' '--shell' 'rpm -qa' | sort -V > /home/mockbuilder/aufover-benchmark/workdir-for-sync/rpm-pkgs/npth-1.6-7.fc35/divine/output/debug/rpm-list-mock.txt"

>>> 2023-01-26 06:24:48	"'/usr/bin/mock' '-r' 'fedora-35-x86_64' '--plugin-option=tmpfs:keep_mounted=True' '--config-opts=print_main_output=True' '--quiet' '--shell' 'rpm -qa --provides' | sort -V > /tmp/csmockfrk15qqx/rpm-list-mock-provides.txt"

>>> 2023-01-26 06:24:53	"/usr/bin/mock" "-r" "fedora-35-x86_64" "--plugin-option=tmpfs:keep_mounted=True" "--config-opts=print_main_output=True" "--quiet" "--copyin" "/tmp/csmockfrk15qqx/npth-1.6-7.fc35.src.rpm" "/builddir/npth-1.6-7.fc35.src.rpm"

>>> 2023-01-26 06:24:59	"/usr/bin/mock" "-r" "fedora-35-x86_64" "--plugin-option=tmpfs:keep_mounted=True" "--config-opts=print_main_output=True" "--quiet" "--chroot" "chown mockbuild -R /builddir"

>>> 2023-01-26 06:25:04	"/usr/bin/mock" "-r" "fedora-35-x86_64" "--plugin-option=tmpfs:keep_mounted=True" "--config-opts=print_main_output=True" "--quiet" "--chroot" "/bin/su mockbuild -l -c \"rpm -Uvh --nodeps '/builddir/npth-1.6-7.fc35.src.rpm'\""
Updating / installing...
npth-1.6-7.fc35                       ########################################

>>> 2023-01-26 06:25:10	"/usr/bin/mock" "-r" "fedora-35-x86_64" "--plugin-option=tmpfs:keep_mounted=True" "--config-opts=print_main_output=True" "--quiet" "--chroot" "/bin/su mockbuild -l -c \"sed -e 's|^ExclusiveArch:.*\\\$||' -i /builddir/build/SPECS/npth.spec\""

>>> 2023-01-26 06:25:15	"/usr/bin/mock" "-r" "fedora-35-x86_64" "--plugin-option=tmpfs:keep_mounted=True" "--config-opts=print_main_output=True" "--quiet" "--chroot" "/bin/su mockbuild -l -c \"rpmbuild -bs --nodeps /builddir/build/SPECS/npth.spec '--define' '_unpackaged_files_terminate_build 0' '--define' 'apidocs 0' '--define' 'with_publican 0' '--without' 'docs' '--without' 'langpacks' '--define' '__cc dioscc' '--define' '__cxx diosc++' '--define' '__cpp dioscc -E' '--define' 'toolchain clang' '--define' 'optflags -O0' '--define' 'build_ldflags -O0' && sh -c 'cd /builddir/build/SRPMS && eval mv -v *.src.rpm /builddir/npth-1.6-7.fc35.src.rpm || :'\""
warning: Macro expanded in comment on line 8: %{version}.tar.bz2.sig

setting SOURCE_DATE_EPOCH=1626912000
Wrote: /builddir/build/SRPMS/npth-1.6-7.fc35.src.rpm

RPM build warnings:
    Macro expanded in comment on line 8: %{version}.tar.bz2.sig

renamed 'npth-1.6-7.fc35.src.rpm' -> '/builddir/npth-1.6-7.fc35.src.rpm'

>>> 2023-01-26 06:25:21	"/usr/bin/mock" "-r" "fedora-35-x86_64" "--plugin-option=tmpfs:keep_mounted=True" "--config-opts=print_main_output=True" "--quiet" "--disable-plugin=selinux" "--copyout" "/builddir/npth-1.6-7.fc35.src.rpm" "/tmp/csmockfrk15qqx/npth-1.6-7.fc35.src.rpm"

>>> 2023-01-26 06:25:27	"/usr/bin/mock" "-r" "fedora-35-x86_64" "--plugin-option=tmpfs:keep_mounted=True" "--config-opts=print_main_output=True" "--quiet" "--installdeps" "/tmp/csmockfrk15qqx/npth-1.6-7.fc35.src.rpm"
No matches found for the following disable plugin patterns: local, spacewalk, versionlock
fedora                   [===                 ] ---  B/s |   0  B     --:-- ETAfedora                                           17 kB/s | 4.5 kB     00:00    
updates                  [===                 ] ---  B/s |   0  B     --:-- ETAupdates                  [   ===              ] ---  B/s |   0  B     --:-- ETAupdates                                         7.7 kB/s | 2.8 kB     00:00    
Package gcc-11.3.1-3.fc35.x86_64 is already installed.
Package make-1:4.3-6.fc35.x86_64 is already installed.
Dependencies resolved.
Nothing to do.
Complete!

>>> 2023-01-26 06:25:38	"/usr/bin/mock" "-r" "fedora-35-x86_64" "--plugin-option=tmpfs:keep_mounted=True" "--config-opts=print_main_output=True" "--quiet" "--addrepo" "https://download.copr.fedorainfracloud.org/results/@aufover/divine/fedora-\$releasever-\$basearch/" "--install" "divine" "csexec" "gcc"
No matches found for the following disable plugin patterns: local, spacewalk, versionlock
https://download.cop     [===                 ] ---  B/s |   0  B     --:-- ETAhttps://download.copr.fedorainfracloud.org/resu  18 kB/s | 3.3 kB     00:00    
fedora                   [===                 ] ---  B/s |   0  B     --:-- ETAfedora                   [   ===              ] ---  B/s |   0  B     --:-- ETAfedora                                           14 kB/s | 4.5 kB     00:00    
updates                  [      ===           ] ---  B/s |   0  B     --:-- ETAupdates                                          22 kB/s | 2.8 kB     00:00    
Package divine-4.4.2_4_gd47985e0b-14.fc35.x86_64 is already installed.
Package csexec-2.2.2-1.fc35.x86_64 is already installed.
Package gcc-11.3.1-3.fc35.x86_64 is already installed.
Dependencies resolved.
Nothing to do.
Complete!

>>> 2023-01-26 06:25:49	"'/usr/bin/mock' '-r' 'fedora-35-x86_64' '--plugin-option=tmpfs:keep_mounted=True' '--config-opts=print_main_output=True' '--quiet' '--shell' 'rpm -qa' | sort -V > /home/mockbuilder/aufover-benchmark/workdir-for-sync/rpm-pkgs/npth-1.6-7.fc35/divine/output/debug/rpm-list-mock.txt"

>>> 2023-01-26 06:25:55	"'/usr/bin/mock' '-r' 'fedora-35-x86_64' '--plugin-option=tmpfs:keep_mounted=True' '--config-opts=print_main_output=True' '--quiet' '--shell' 'rpm -qa --provides' | sort -V > /tmp/csmockfrk15qqx/rpm-list-mock-provides.txt"

>>> 2023-01-26 06:26:01	"/usr/bin/mock" "-r" "fedora-35-x86_64" "--plugin-option=tmpfs:keep_mounted=True" "--config-opts=print_main_output=True" "--quiet" "--addrepo" "https://download.copr.fedorainfracloud.org/results/@aufover/divine/fedora-\$releasever-\$basearch/" "--install" "csdiff"
No matches found for the following disable plugin patterns: local, spacewalk, versionlock
https://download.cop     [===                 ] ---  B/s |   0  B     --:-- ETAhttps://download.cop     [===                 ] ---  B/s |   0  B     --:-- ETAhttps://download.copr.fedorainfracloud.org/resu 9.8 kB/s | 3.3 kB     00:00    
fedora                   [   ===              ] ---  B/s |   0  B     --:-- ETAfedora                                           16 kB/s | 4.5 kB     00:00    
updates                  [      ===           ] ---  B/s |   0  B     --:-- ETAupdates                                          21 kB/s | 2.8 kB     00:00    
Dependencies resolved.
================================================================================
 Package                    Arch        Version              Repository    Size
================================================================================
Installing:
 [1mcsdiff                    [m x86_64      2.7.0-1.fc35         updates      894 k
Installing dependencies:
 [1mboost-filesystem          [m x86_64      1.76.0-5.fc35        updates       58 k
 [1mboost-program-options     [m x86_64      1.76.0-5.fc35        updates      107 k
 [1mboost-system              [m x86_64      1.76.0-5.fc35        updates       14 k

Transaction Summary
================================================================================
Install  4 Packages

Total size: 1.0 M
Installed size: 4.2 M
Downloading Packages:
[SKIPPED] boost-filesystem-1.76.0-5.fc35.x86_64.rpm: Already downloaded        
[SKIPPED] boost-program-options-1.76.0-5.fc35.x86_64.rpm: Already downloaded   
[SKIPPED] boost-system-1.76.0-5.fc35.x86_64.rpm: Already downloaded            
[SKIPPED] csdiff-2.7.0-1.fc35.x86_64.rpm: Already downloaded                   
Running transaction check
Transaction check succeeded.
Running transaction test
Transaction test succeeded.
Running transaction
  Preparing        :  [============                                       ] 1/1  Preparing        :  [=========================                          ] 1/1  Preparing        :  [======================================             ] 1/1  Preparing        :                                                        1/1 
  Installing       : boost-system-1.76.0-5.fc3 [                          ] 1/4  Installing       : boost-system-1.76.0-5.fc3 [=======================   ] 1/4  Installing       : boost-system-1.76.0-5.fc3 [========================= ] 1/4  Installing       : boost-system-1.76.0-5.fc35.x86_64                      1/4 
  Installing       : boost-filesystem-1.76.0-5 [                          ] 2/4  Installing       : boost-filesystem-1.76.0-5 [======                    ] 2/4  Installing       : boost-filesystem-1.76.0-5 [=============             ] 2/4  Installing       : boost-filesystem-1.76.0-5 [====================      ] 2/4  Installing       : boost-filesystem-1.76.0-5 [========================= ] 2/4  Installing       : boost-filesystem-1.76.0-5.fc35.x86_64                  2/4 
  Installing       : boost-program-options-1.7 [                          ] 3/4  Installing       : boost-program-options-1.7 [==                        ] 3/4  Installing       : boost-program-options-1.7 [=====                     ] 3/4  Installing       : boost-program-options-1.7 [========                  ] 3/4  Installing       : boost-program-options-1.7 [===========               ] 3/4  Installing       : boost-program-options-1.7 [==============            ] 3/4  Installing       : boost-program-options-1.7 [=================         ] 3/4  Installing       : boost-program-options-1.7 [====================      ] 3/4  Installing       : boost-program-options-1.7 [=======================   ] 3/4  Installing       : boost-program-options-1.7 [========================= ] 3/4  Installing       : boost-program-options-1.76.0-5.fc35.x86_64             3/4 
  Installing       : csdiff-2.7.0-1.fc35.x86_6 [                          ] 4/4  Installing       : csdiff-2.7.0-1.fc35.x86_6 [=                         ] 4/4  Installing       : csdiff-2.7.0-1.fc35.x86_6 [==                        ] 4/4  Installing       : csdiff-2.7.0-1.fc35.x86_6 [===                       ] 4/4  Installing       : csdiff-2.7.0-1.fc35.x86_6 [====                      ] 4/4  Installing       : csdiff-2.7.0-1.fc35.x86_6 [=====                     ] 4/4  Installing       : csdiff-2.7.0-1.fc35.x86_6 [======                    ] 4/4  Installing       : csdiff-2.7.0-1.fc35.x86_6 [=======                   ] 4/4  Installing       : csdiff-2.7.0-1.fc35.x86_6 [========                  ] 4/4  Installing       : csdiff-2.7.0-1.fc35.x86_6 [=========                 ] 4/4  Installing       : csdiff-2.7.0-1.fc35.x86_6 [==========                ] 4/4  Installing       : csdiff-2.7.0-1.fc35.x86_6 [===========               ] 4/4  Installing       : csdiff-2.7.0-1.fc35.x86_6 [============              ] 4/4  Installing       : csdiff-2.7.0-1.fc35.x86_6 [=============             ] 4/4  Installing       : csdiff-2.7.0-1.fc35.x86_6 [==============            ] 4/4  Installing       : csdiff-2.7.0-1.fc35.x86_6 [===============           ] 4/4  Installing       : csdiff-2.7.0-1.fc35.x86_6 [================          ] 4/4  Installing       : csdiff-2.7.0-1.fc35.x86_6 [=================         ] 4/4  Installing       : csdiff-2.7.0-1.fc35.x86_6 [==================        ] 4/4  Installing       : csdiff-2.7.0-1.fc35.x86_6 [===================       ] 4/4  Installing       : csdiff-2.7.0-1.fc35.x86_6 [====================      ] 4/4  Installing       : csdiff-2.7.0-1.fc35.x86_6 [=====================     ] 4/4  Installing       : csdiff-2.7.0-1.fc35.x86_6 [======================    ] 4/4  Installing       : csdiff-2.7.0-1.fc35.x86_6 [=======================   ] 4/4  Installing       : csdiff-2.7.0-1.fc35.x86_6 [========================  ] 4/4  Installing       : csdiff-2.7.0-1.fc35.x86_6 [========================= ] 4/4  Installing       : csdiff-2.7.0-1.fc35.x86_64                             4/4 
  Running scriptlet: csdiff-2.7.0-1.fc35.x86_64                             4/4 
  Verifying        : boost-filesystem-1.76.0-5.fc35.x86_64                  1/4 
  Verifying        : boost-program-options-1.76.0-5.fc35.x86_64             2/4 
  Verifying        : boost-system-1.76.0-5.fc35.x86_64                      3/4 
  Verifying        : csdiff-2.7.0-1.fc35.x86_64                             4/4 

Installed:
  boost-filesystem-1.76.0-5.fc35.x86_64                                         
  boost-program-options-1.76.0-5.fc35.x86_64                                    
  boost-system-1.76.0-5.fc35.x86_64                                             
  csdiff-2.7.0-1.fc35.x86_64                                                    

Complete!

>>> 2023-01-26 06:26:14	"/usr/bin/mock" "-r" "fedora-35-x86_64" "--plugin-option=tmpfs:keep_mounted=True" "--config-opts=print_main_output=True" "--quiet" "--addrepo" "https://download.copr.fedorainfracloud.org/results/@aufover/divine/fedora-\$releasever-\$basearch/" "--install" "glibc-devel(x86-32)"
No matches found for the following disable plugin patterns: local, spacewalk, versionlock
https://download.cop     [===                 ] ---  B/s |   0  B     --:-- ETAhttps://download.copr.fedorainfracloud.org/resu  23 kB/s | 3.3 kB     00:00    
fedora                   [===                 ] ---  B/s |   0  B     --:-- ETAfedora                                           27 kB/s | 4.5 kB     00:00    
updates                  [   ===              ] ---  B/s |   0  B     --:-- ETAupdates                                          19 kB/s | 2.8 kB     00:00    
Dependencies resolved.
================================================================================
 Package                  Arch        Version              Repository      Size
================================================================================
Installing:
 [1mglibc-devel             [m i686        2.34-49.fc35         updates         45 k
Installing dependencies:
 [1mglibc                   [m i686        2.34-49.fc35         updates        1.9 M
 [1mglibc-gconv-extra       [m i686        2.34-49.fc35         updates        1.6 M
 [1mlibgcc                  [m i686        11.3.1-3.fc35        updates        127 k
 [1mlibxcrypt               [m i686        4.4.33-3.fc35        updates        125 k
 [1mlibxcrypt-devel         [m i686        4.4.33-3.fc35        updates         30 k

Transaction Summary
================================================================================
Install  6 Packages

Total size: 3.7 M
Installed size: 14 M
Downloading Packages:
[SKIPPED] glibc-2.34-49.fc35.i686.rpm: Already downloaded                      
[SKIPPED] glibc-devel-2.34-49.fc35.i686.rpm: Already downloaded                
[SKIPPED] glibc-gconv-extra-2.34-49.fc35.i686.rpm: Already downloaded          
[SKIPPED] libgcc-11.3.1-3.fc35.i686.rpm: Already downloaded                    
[SKIPPED] libxcrypt-4.4.33-3.fc35.i686.rpm: Already downloaded                 
[SKIPPED] libxcrypt-devel-4.4.33-3.fc35.i686.rpm: Already downloaded           
Running transaction check
Transaction check succeeded.
Running transaction test
Transaction test succeeded.
Running transaction
  Preparing        :  [========                                           ] 1/1  Preparing        :  [================                                   ] 1/1  Preparing        :  [=========================                          ] 1/1  Preparing        :  [=================================                  ] 1/1  Preparing        :  [==========================================         ] 1/1  Preparing        :                                                        1/1 
  Installing       : libgcc-11.3.1-3.fc35.i686 [                          ] 1/6  Installing       : libgcc-11.3.1-3.fc35.i686 [===                       ] 1/6  Installing       : libgcc-11.3.1-3.fc35.i686 [========                  ] 1/6  Installing       : libgcc-11.3.1-3.fc35.i686 [===========               ] 1/6  Installing       : libgcc-11.3.1-3.fc35.i686 [==============            ] 1/6  Installing       : libgcc-11.3.1-3.fc35.i686 [================          ] 1/6  Installing       : libgcc-11.3.1-3.fc35.i686 [====================      ] 1/6  Installing       : libgcc-11.3.1-3.fc35.i686 [========================  ] 1/6  Installing       : libgcc-11.3.1-3.fc35.i686 [========================= ] 1/6  Installing       : libgcc-11.3.1-3.fc35.i686                              1/6 
  Running scriptlet: libgcc-11.3.1-3.fc35.i686                              1/6 
  Installing       : glibc-gconv-extra-2.34-49 [                          ] 2/6  Installing       : glibc-gconv-extra-2.34-49 [=                         ] 2/6  Installing       : glibc-gconv-extra-2.34-49 [==                        ] 2/6  Installing       : glibc-gconv-extra-2.34-49 [===                       ] 2/6  Installing       : glibc-gconv-extra-2.34-49 [====                      ] 2/6  Installing       : glibc-gconv-extra-2.34-49 [=====                     ] 2/6  Installing       : glibc-gconv-extra-2.34-49 [======                    ] 2/6  Installing       : glibc-gconv-extra-2.34-49 [=======                   ] 2/6  Installing       : glibc-gconv-extra-2.34-49 [========                  ] 2/6  Installing       : glibc-gconv-extra-2.34-49 [=========                 ] 2/6  Installing       : glibc-gconv-extra-2.34-49 [==========                ] 2/6  Installing       : glibc-gconv-extra-2.34-49 [===========               ] 2/6  Installing       : glibc-gconv-extra-2.34-49 [============              ] 2/6  Installing       : glibc-gconv-extra-2.34-49 [=============             ] 2/6  Installing       : glibc-gconv-extra-2.34-49 [==============            ] 2/6  Installing       : glibc-gconv-extra-2.34-49 [===============           ] 2/6  Installing       : glibc-gconv-extra-2.34-49 [================          ] 2/6  Installing       : glibc-gconv-extra-2.34-49 [=================         ] 2/6  Installing       : glibc-gconv-extra-2.34-49 [==================        ] 2/6  Installing       : glibc-gconv-extra-2.34-49 [===================       ] 2/6  Installing       : glibc-gconv-extra-2.34-49 [====================      ] 2/6  Installing       : glibc-gconv-extra-2.34-49 [=====================     ] 2/6  Installing       : glibc-gconv-extra-2.34-49 [======================    ] 2/6  Installing       : glibc-gconv-extra-2.34-49 [=======================   ] 2/6  Installing       : glibc-gconv-extra-2.34-49 [========================  ] 2/6  Installing       : glibc-gconv-extra-2.34-49 [========================= ] 2/6  Installing       : glibc-gconv-extra-2.34-49.fc35.i686                    2/6 
  Running scriptlet: glibc-gconv-extra-2.34-49.fc35.i686                    2/6 
  Running scriptlet: glibc-2.34-49.fc35.i686                                3/6 
  Installing       : glibc-2.34-49.fc35.i686 [                            ] 3/6  Installing       : glibc-2.34-49.fc35.i686 [=                           ] 3/6  Installing       : glibc-2.34-49.fc35.i686 [==                          ] 3/6  Installing       : glibc-2.34-49.fc35.i686 [===                         ] 3/6  Installing       : glibc-2.34-49.fc35.i686 [====                        ] 3/6  Installing       : glibc-2.34-49.fc35.i686 [=====                       ] 3/6  Installing       : glibc-2.34-49.fc35.i686 [======                      ] 3/6  Installing       : glibc-2.34-49.fc35.i686 [=======                     ] 3/6  Installing       : glibc-2.34-49.fc35.i686 [========                    ] 3/6  Installing       : glibc-2.34-49.fc35.i686 [=========                   ] 3/6  Installing       : glibc-2.34-49.fc35.i686 [==========                  ] 3/6  Installing       : glibc-2.34-49.fc35.i686 [===========                 ] 3/6  Installing       : glibc-2.34-49.fc35.i686 [============                ] 3/6  Installing       : glibc-2.34-49.fc35.i686 [=============               ] 3/6  Installing       : glibc-2.34-49.fc35.i686 [==============              ] 3/6  Installing       : glibc-2.34-49.fc35.i686 [===============             ] 3/6  Installing       : glibc-2.34-49.fc35.i686 [================            ] 3/6  Installing       : glibc-2.34-49.fc35.i686 [=================           ] 3/6  Installing       : glibc-2.34-49.fc35.i686 [==================          ] 3/6  Installing       : glibc-2.34-49.fc35.i686 [===================         ] 3/6  Installing       : glibc-2.34-49.fc35.i686 [====================        ] 3/6  Installing       : glibc-2.34-49.fc35.i686 [=====================       ] 3/6  Installing       : glibc-2.34-49.fc35.i686 [==========================  ] 3/6  Installing       : glibc-2.34-49.fc35.i686 [=========================== ] 3/6  Installing       : glibc-2.34-49.fc35.i686                                3/6 
  Running scriptlet: glibc-2.34-49.fc35.i686                                3/6 
  Installing       : libxcrypt-4.4.33-3.fc35.i [                          ] 4/6  Installing       : libxcrypt-4.4.33-3.fc35.i [==                        ] 4/6  Installing       : libxcrypt-4.4.33-3.fc35.i [=====                     ] 4/6  Installing       : libxcrypt-4.4.33-3.fc35.i [========                  ] 4/6  Installing       : libxcrypt-4.4.33-3.fc35.i [===========               ] 4/6  Installing       : libxcrypt-4.4.33-3.fc35.i [==============            ] 4/6  Installing       : libxcrypt-4.4.33-3.fc35.i [=================         ] 4/6  Installing       : libxcrypt-4.4.33-3.fc35.i [==================        ] 4/6  Installing       : libxcrypt-4.4.33-3.fc35.i [=====================     ] 4/6  Installing       : libxcrypt-4.4.33-3.fc35.i [======================    ] 4/6  Installing       : libxcrypt-4.4.33-3.fc35.i [========================  ] 4/6  Installing       : libxcrypt-4.4.33-3.fc35.i [========================= ] 4/6  Installing       : libxcrypt-4.4.33-3.fc35.i686                           4/6 
  Installing       : glibc-devel-2.34-49.fc35. [                          ] 5/6  Installing       : glibc-devel-2.34-49.fc35. [=                         ] 5/6  Installing       : glibc-devel-2.34-49.fc35. [====                      ] 5/6  Installing       : glibc-devel-2.34-49.fc35. [========                  ] 5/6  Installing       : glibc-devel-2.34-49.fc35. [=============             ] 5/6  Installing       : glibc-devel-2.34-49.fc35. [=================         ] 5/6  Installing       : glibc-devel-2.34-49.fc35. [===================       ] 5/6  Installing       : glibc-devel-2.34-49.fc35. [====================      ] 5/6  Installing       : glibc-devel-2.34-49.fc35. [=====================     ] 5/6  Installing       : glibc-devel-2.34-49.fc35. [=======================   ] 5/6  Installing       : glibc-devel-2.34-49.fc35. [========================= ] 5/6  Installing       : glibc-devel-2.34-49.fc35.i686                          5/6 
  Installing       : libxcrypt-devel-4.4.33-3. [                          ] 6/6  Installing       : libxcrypt-devel-4.4.33-3. [========                  ] 6/6  Installing       : libxcrypt-devel-4.4.33-3. [=========                 ] 6/6  Installing       : libxcrypt-devel-4.4.33-3. [==============            ] 6/6  Installing       : libxcrypt-devel-4.4.33-3. [=================         ] 6/6  Installing       : libxcrypt-devel-4.4.33-3. [=====================     ] 6/6  Installing       : libxcrypt-devel-4.4.33-3. [======================    ] 6/6  Installing       : libxcrypt-devel-4.4.33-3. [========================  ] 6/6  Installing       : libxcrypt-devel-4.4.33-3. [========================= ] 6/6  Installing       : libxcrypt-devel-4.4.33-3.fc35.i686                     6/6 
  Running scriptlet: libxcrypt-devel-4.4.33-3.fc35.i686                     6/6 
  Verifying        : glibc-2.34-49.fc35.i686                                1/6 
  Verifying        : glibc-devel-2.34-49.fc35.i686                          2/6 
  Verifying        : glibc-gconv-extra-2.34-49.fc35.i686                    3/6 
  Verifying        : libgcc-11.3.1-3.fc35.i686                              4/6 
  Verifying        : libxcrypt-4.4.33-3.fc35.i686                           5/6 
  Verifying        : libxcrypt-devel-4.4.33-3.fc35.i686                     6/6 

Installed:
  glibc-2.34-49.fc35.i686                 glibc-devel-2.34-49.fc35.i686         
  glibc-gconv-extra-2.34-49.fc35.i686     libgcc-11.3.1-3.fc35.i686             
  libxcrypt-4.4.33-3.fc35.i686            libxcrypt-devel-4.4.33-3.fc35.i686    

Complete!

>>> 2023-01-26 06:26:30	"'/usr/bin/mock' '-r' 'fedora-35-x86_64' '--plugin-option=tmpfs:keep_mounted=True' '--config-opts=print_main_output=True' '--quiet' '--shell' 'rpm -qa' | sort -V > /home/mockbuilder/aufover-benchmark/workdir-for-sync/rpm-pkgs/npth-1.6-7.fc35/divine/output/debug/rpm-list-mock.txt"

>>> 2023-01-26 06:26:36	"'/usr/bin/mock' '-r' 'fedora-35-x86_64' '--plugin-option=tmpfs:keep_mounted=True' '--config-opts=print_main_output=True' '--quiet' '--shell' 'rpm -qa --provides' | sort -V > /tmp/csmockfrk15qqx/rpm-list-mock-provides.txt"

>>> 2023-01-26 06:26:42	"tar -cP '/usr/share/csmock/scripts' '/usr/bin/cswrap' '/usr/lib64/cswrap' '/tmp/csmockfrk15qqx/npth-1.6-7.fc35.src.rpm' | '/usr/bin/mock' '-r' 'fedora-35-x86_64' '--plugin-option=tmpfs:keep_mounted=True' '--config-opts=print_main_output=True' '--quiet' '--shell' 'tar -xC/'"
tar: Removing leading `/' from member names

scan.ini: analyzer-version-divine = 4.4.2_4_gd47985e0b
>>> 2023-01-26 06:26:47	"/usr/bin/mock" "-r" "fedora-35-x86_64" "--plugin-option=tmpfs:keep_mounted=True" "--config-opts=print_main_output=True" "--quiet" "--chroot" "/bin/su mockbuild -l -c \"mkdir -pv '/builddir/divine-capture'\""
mkdir: created directory '/builddir/divine-capture'

scan.ini: analyzer-version-gcc = 11.3.1
>>> 2023-01-26 06:26:53	"/usr/bin/mock" "-r" "fedora-35-x86_64" "--plugin-option=tmpfs:keep_mounted=True" "--config-opts=print_main_output=True" "--quiet" "--chroot" "rpm -Uvh --nodeps '/tmp/csmockfrk15qqx/npth-1.6-7.fc35.src.rpm'"
Updating / installing...
npth-1.6-7.fc35                       ########################################

>>> 2023-01-26 06:26:59	"/usr/bin/mock" "-r" "fedora-35-x86_64" "--plugin-option=tmpfs:keep_mounted=True" "--config-opts=print_main_output=True" "--quiet" "--chroot" "chmod -R +r /builddir"

>>> 2023-01-26 06:27:04	"/usr/bin/mock" "-r" "fedora-35-x86_64" "--plugin-option=tmpfs:keep_mounted=True" "--config-opts=print_main_output=True" "--quiet" "--chroot" "ln -fv '/usr/share/csmock/scripts/enable-keep-going.sh' '/usr/share/csmock/scripts/chroot-fixups'"
'/usr/share/csmock/scripts/chroot-fixups/enable-keep-going.sh' => '/usr/share/csmock/scripts/enable-keep-going.sh'

>>> 2023-01-26 06:27:10	"/usr/bin/mock" "-r" "fedora-35-x86_64" "--plugin-option=tmpfs:keep_mounted=True" "--config-opts=print_main_output=True" "--quiet" "--shell" "for i in /usr/share/csmock/scripts/chroot-fixups/*; do test -x \$i && echo RUN: \$i >&2 && \$i; done"
RUN: /usr/share/csmock/scripts/chroot-fixups/enable-keep-going.sh
renamed '/usr/bin/make' -> '/usr/bin/make.orig'
+ ls -l /usr/bin/make
-rwxr-xr-x. 1 root root 42 Jan 26 06:27 /usr/bin/make
+ cat /usr/bin/make
#!/bin/sh
exec /usr/bin/make.orig -k "$@"
RUN: /usr/share/csmock/scripts/chroot-fixups/gdk-pixbuf2-triggers.sh
RUN: /usr/share/csmock/scripts/chroot-fixups/glib2-triggers.sh
RUN: /usr/share/csmock/scripts/chroot-fixups/kpathsea-texhash.sh
RUN: /usr/share/csmock/scripts/chroot-fixups/openssl-public-header-files.sh
RUN: /usr/share/csmock/scripts/chroot-fixups/qt5-core-abi.sh
RUN: /usr/share/csmock/scripts/chroot-fixups/rpm-build-scripts.sh
+ sed -e s/fail=1/fail=0/ -i /usr/lib/rpm/redhat/brp-mangle-shebangs
'/usr/lib/rpm/brp-strip-static-archive' -> '/bin/true'
RUN: /usr/share/csmock/scripts/chroot-fixups/rpm-macros.sh
RUN: /usr/share/csmock/scripts/chroot-fixups/rpm-python-extras.sh
RUN: /usr/share/csmock/scripts/chroot-fixups/shared-mime-info-triggers.sh
RUN: /usr/share/csmock/scripts/chroot-fixups/symbiotic-timeout.sh

>>> 2023-01-26 06:27:15	"/usr/bin/mock" "-r" "fedora-35-x86_64" "--plugin-option=tmpfs:keep_mounted=True" "--config-opts=print_main_output=True" "--chroot" "/bin/su mockbuild -l -c \"rpmbuild -bp --nodeps /builddir/build/SPECS/npth.spec '--define' '_unpackaged_files_terminate_build 0' '--define' 'apidocs 0' '--define' 'with_publican 0' '--without' 'docs' '--without' 'langpacks' '--define' '__cc dioscc' '--define' '__cxx diosc++' '--define' '__cpp dioscc -E' '--define' 'toolchain clang' '--define' 'optflags -O0' '--define' 'build_ldflags -O0'\""
INFO: mock.py version 3.5 starting (python version = 3.10.9, NVR = mock-3.5-1.fc36)...
Start(bootstrap): init plugins
INFO: selinux enabled
Finish(bootstrap): init plugins
Start: init plugins
INFO: selinux enabled
Finish: init plugins
INFO: Signal handler active
Start: run
Start(bootstrap): chroot init
INFO: calling preinit hooks
INFO: enabled root cache
INFO: enabled package manager cache
Start(bootstrap): cleaning package manager metadata
Finish(bootstrap): cleaning package manager metadata
INFO: enabled HW Info plugin
Mock Version: 3.5
INFO: Mock Version: 3.5
Finish(bootstrap): chroot init
Start: chroot init
INFO: calling preinit hooks
INFO: enabled root cache
INFO: enabled package manager cache
Start: cleaning package manager metadata
Finish: cleaning package manager metadata
INFO: enabled HW Info plugin
Mock Version: 3.5
INFO: Mock Version: 3.5
Finish: chroot init
INFO: Running in chroot: ['/bin/su mockbuild -l -c "rpmbuild -bp --nodeps /builddir/build/SPECS/npth.spec \'--define\' \'_unpackaged_files_terminate_build 0\' \'--define\' \'apidocs 0\' \'--define\' \'with_publican 0\' \'--without\' \'docs\' \'--without\' \'langpacks\' \'--define\' \'__cc dioscc\' \'--define\' \'__cxx diosc++\' \'--define\' \'__cpp dioscc -E\' \'--define\' \'toolchain clang\' \'--define\' \'optflags -O0\' \'--define\' \'build_ldflags -O0\'"']
Start: chroot ['/bin/su mockbuild -l -c "rpmbuild -bp --nodeps /builddir/build/SPECS/npth.spec \'--define\' \'_unpackaged_files_terminate_build 0\' \'--define\' \'apidocs 0\' \'--define\' \'with_publican 0\' \'--without\' \'docs\' \'--without\' \'langpacks\' \'--define\' \'__cc dioscc\' \'--define\' \'__cxx diosc++\' \'--define\' \'__cpp dioscc -E\' \'--define\' \'toolchain clang\' \'--define\' \'optflags -O0\' \'--define\' \'build_ldflags -O0\'"']
warning: Macro expanded in comment on line 8: %{version}.tar.bz2.sig

setting SOURCE_DATE_EPOCH=1626912000
Executing(%prep): /bin/sh -e /var/tmp/rpm-tmp.vxfIl5
+ umask 022
+ cd /builddir/build/BUILD
+ cd /builddir/build/BUILD
+ rm -rf npth-1.6
+ /usr/bin/bzip2 -dc /builddir/build/SOURCES/npth-1.6.tar.bz2
+ /usr/bin/tar -xof -
+ STATUS=0
+ '[' 0 -ne 0 ']'
+ cd npth-1.6
+ /usr/bin/chmod -Rf a+rX,u+w,g-w,o-w .
+ RPM_EC=0
++ jobs -p
+ exit 0

RPM build warnings:
    Macro expanded in comment on line 8: %{version}.tar.bz2.sig

Finish: chroot ['/bin/su mockbuild -l -c "rpmbuild -bp --nodeps /builddir/build/SPECS/npth.spec \'--define\' \'_unpackaged_files_terminate_build 0\' \'--define\' \'apidocs 0\' \'--define\' \'with_publican 0\' \'--without\' \'docs\' \'--without\' \'langpacks\' \'--define\' \'__cc dioscc\' \'--define\' \'__cxx diosc++\' \'--define\' \'__cpp dioscc -E\' \'--define\' \'toolchain clang\' \'--define\' \'optflags -O0\' \'--define\' \'build_ldflags -O0\'"']

>>> 2023-01-26 06:27:21	"/usr/bin/mock" "-r" "fedora-35-x86_64" "--plugin-option=tmpfs:keep_mounted=True" "--config-opts=print_main_output=True" "--quiet" "--chroot" "chmod -R +r /builddir/build"

>>> 2023-01-26 06:27:27	"/usr/bin/mock" "-r" "fedora-35-x86_64" "--plugin-option=tmpfs:keep_mounted=True" "--config-opts=print_main_output=True" "--chroot" "/bin/su mockbuild -l -c \"PATH=/usr/lib64/cswrap:\\\$PATH CSWRAP_CAP_FILE=\\\$'/builddir/cswrap-capture.err' CSWRAP_TIMEOUT=\\\$'30' CSWRAP_TIMEOUT_FOR=\\\$':' CC=\\\$'dioscc' CXX=\\\$'diosc++' CSEXEC_WRAP_CMD=\\\$'--skip-ld-linux\\\\a/usr/bin/csexec-divine\\\\a-l\\\\a/builddir/divine-capture\\\\a-d\\\\acheck --lart stubs -o ignore:notimplemented -o ignore:exit --max-time 8 ' CSWRAP_ADD_CFLAGS=\\\$'-Wno-unknown-pragmas:-Wno-unknown-warning-option:-O0:-g:-Wl,--dynamic-linker,/usr/bin/csexec-loader:-Wno-unknown-pragmas:-Wl,--dynamic-linker,/usr/bin/csexec-loader' CSWRAP_DEL_CFLAGS=\\\$'-Werror*:-fdiagnostics-color*:-no-canonical-prefixes:-Wno-error=deprecated-register:-O1:-O2:-O3:-Os:-Ofast:-Og:-Werror*:-fdiagnostics-color*:-no-canonical-prefixes:-Wno-error=deprecated-register' CSWRAP_ADD_CXXFLAGS=\\\$'-Wno-unknown-warning-option:-O0:-g:-Wl,--dynamic-linker,/usr/bin/csexec-loader:-Wl,--dynamic-linker,/usr/bin/csexec-loader' CSWRAP_DEL_CXXFLAGS=\\\$'-Werror*:-fdiagnostics-color*:-no-canonical-prefixes:-Wno-error=deprecated-register:-O1:-O2:-O3:-Os:-Ofast:-Og:-Werror*:-fdiagnostics-color*:-no-canonical-prefixes:-Wno-error=deprecated-register' sh -c \\\"rpmbuild -bc --nodeps --short-circuit /builddir/build/SPECS/npth.spec '--define' '_unpackaged_files_terminate_build 0' '--define' 'apidocs 0' '--define' 'with_publican 0' '--without' 'docs' '--without' 'langpacks' '--define' '__cc dioscc' '--define' '__cxx diosc++' '--define' '__cpp dioscc -E' '--define' 'toolchain clang' '--define' 'optflags -O0' '--define' 'build_ldflags -O0'\\\"\""
INFO: mock.py version 3.5 starting (python version = 3.10.9, NVR = mock-3.5-1.fc36)...
Start(bootstrap): init plugins
INFO: selinux enabled
Finish(bootstrap): init plugins
Start: init plugins
INFO: selinux enabled
Finish: init plugins
INFO: Signal handler active
Start: run
Start(bootstrap): chroot init
INFO: calling preinit hooks
INFO: enabled root cache
INFO: enabled package manager cache
Start(bootstrap): cleaning package manager metadata
Finish(bootstrap): cleaning package manager metadata
INFO: enabled HW Info plugin
Mock Version: 3.5
INFO: Mock Version: 3.5
Finish(bootstrap): chroot init
Start: chroot init
INFO: calling preinit hooks
INFO: enabled root cache
INFO: enabled package manager cache
Start: cleaning package manager metadata
Finish: cleaning package manager metadata
INFO: enabled HW Info plugin
Mock Version: 3.5
INFO: Mock Version: 3.5
Finish: chroot init
INFO: Running in chroot: ['/bin/su mockbuild -l -c "PATH=/usr/lib64/cswrap:\\$PATH CSWRAP_CAP_FILE=\\$\'/builddir/cswrap-capture.err\' CSWRAP_TIMEOUT=\\$\'30\' CSWRAP_TIMEOUT_FOR=\\$\':\' CC=\\$\'dioscc\' CXX=\\$\'diosc++\' CSEXEC_WRAP_CMD=\\$\'--skip-ld-linux\\\\a/usr/bin/csexec-divine\\\\a-l\\\\a/builddir/divine-capture\\\\a-d\\\\acheck --lart stubs -o ignore:notimplemented -o ignore:exit --max-time 8 \' CSWRAP_ADD_CFLAGS=\\$\'-Wno-unknown-pragmas:-Wno-unknown-warning-option:-O0:-g:-Wl,--dynamic-linker,/usr/bin/csexec-loader:-Wno-unknown-pragmas:-Wl,--dynamic-linker,/usr/bin/csexec-loader\' CSWRAP_DEL_CFLAGS=\\$\'-Werror*:-fdiagnostics-color*:-no-canonical-prefixes:-Wno-error=deprecated-register:-O1:-O2:-O3:-Os:-Ofast:-Og:-Werror*:-fdiagnostics-color*:-no-canonical-prefixes:-Wno-error=deprecated-register\' CSWRAP_ADD_CXXFLAGS=\\$\'-Wno-unknown-warning-option:-O0:-g:-Wl,--dynamic-linker,/usr/bin/csexec-loader:-Wl,--dynamic-linker,/usr/bin/csexec-loader\' CSWRAP_DEL_CXXFLAGS=\\$\'-Werror*:-fdiagnostics-color*:-no-canonical-prefixes:-Wno-error=deprecated-register:-O1:-O2:-O3:-Os:-Ofast:-Og:-Werror*:-fdiagnostics-color*:-no-canonical-prefixes:-Wno-error=deprecated-register\' sh -c \\"rpmbuild -bc --nodeps --short-circuit /builddir/build/SPECS/npth.spec \'--define\' \'_unpackaged_files_terminate_build 0\' \'--define\' \'apidocs 0\' \'--define\' \'with_publican 0\' \'--without\' \'docs\' \'--without\' \'langpacks\' \'--define\' \'__cc dioscc\' \'--define\' \'__cxx diosc++\' \'--define\' \'__cpp dioscc -E\' \'--define\' \'toolchain clang\' \'--define\' \'optflags -O0\' \'--define\' \'build_ldflags -O0\'\\""']
Start: chroot ['/bin/su mockbuild -l -c "PATH=/usr/lib64/cswrap:\\$PATH CSWRAP_CAP_FILE=\\$\'/builddir/cswrap-capture.err\' CSWRAP_TIMEOUT=\\$\'30\' CSWRAP_TIMEOUT_FOR=\\$\':\' CC=\\$\'dioscc\' CXX=\\$\'diosc++\' CSEXEC_WRAP_CMD=\\$\'--skip-ld-linux\\\\a/usr/bin/csexec-divine\\\\a-l\\\\a/builddir/divine-capture\\\\a-d\\\\acheck --lart stubs -o ignore:notimplemented -o ignore:exit --max-time 8 \' CSWRAP_ADD_CFLAGS=\\$\'-Wno-unknown-pragmas:-Wno-unknown-warning-option:-O0:-g:-Wl,--dynamic-linker,/usr/bin/csexec-loader:-Wno-unknown-pragmas:-Wl,--dynamic-linker,/usr/bin/csexec-loader\' CSWRAP_DEL_CFLAGS=\\$\'-Werror*:-fdiagnostics-color*:-no-canonical-prefixes:-Wno-error=deprecated-register:-O1:-O2:-O3:-Os:-Ofast:-Og:-Werror*:-fdiagnostics-color*:-no-canonical-prefixes:-Wno-error=deprecated-register\' CSWRAP_ADD_CXXFLAGS=\\$\'-Wno-unknown-warning-option:-O0:-g:-Wl,--dynamic-linker,/usr/bin/csexec-loader:-Wl,--dynamic-linker,/usr/bin/csexec-loader\' CSWRAP_DEL_CXXFLAGS=\\$\'-Werror*:-fdiagnostics-color*:-no-canonical-prefixes:-Wno-error=deprecated-register:-O1:-O2:-O3:-Os:-Ofast:-Og:-Werror*:-fdiagnostics-color*:-no-canonical-prefixes:-Wno-error=deprecated-register\' sh -c \\"rpmbuild -bc --nodeps --short-circuit /builddir/build/SPECS/npth.spec \'--define\' \'_unpackaged_files_terminate_build 0\' \'--define\' \'apidocs 0\' \'--define\' \'with_publican 0\' \'--without\' \'docs\' \'--without\' \'langpacks\' \'--define\' \'__cc dioscc\' \'--define\' \'__cxx diosc++\' \'--define\' \'__cpp dioscc -E\' \'--define\' \'toolchain clang\' \'--define\' \'optflags -O0\' \'--define\' \'build_ldflags -O0\'\\""']
warning: Macro expanded in comment on line 8: %{version}.tar.bz2.sig

setting SOURCE_DATE_EPOCH=1626912000
Executing(%build): /bin/sh -e /var/tmp/rpm-tmp.1zFbz5
+ umask 022
+ cd /builddir/build/BUILD
+ cd npth-1.6
+ CFLAGS=-O0
+ export CFLAGS
+ CXXFLAGS=-O0
+ export CXXFLAGS
+ FFLAGS='-O0 -I/usr/lib64/gfortran/modules'
+ export FFLAGS
+ FCFLAGS='-O0 -I/usr/lib64/gfortran/modules'
+ export FCFLAGS
+ LDFLAGS=-O0
+ export LDFLAGS
+ LT_SYS_LIBRARY_PATH=/usr/lib64:
+ export LT_SYS_LIBRARY_PATH
+ CC=dioscc
+ export CC
+ CXX=diosc++
+ export CXX
+ '[' -fltox '!=' x ']'
++ find . -type f -name configure -print
+ for file in $(find . -type f -name configure -print)
+ /usr/bin/sed -r --in-place=.backup 's/^char \(\*f\) \(\) = /__attribute__ ((used)) char (*f) () = /g' ./configure
+ diff -u ./configure.backup ./configure
+ mv ./configure.backup ./configure
+ /usr/bin/sed -r --in-place=.backup 's/^char \(\*f\) \(\);/__attribute__ ((used)) char (*f) ();/g' ./configure
+ diff -u ./configure.backup ./configure
+ mv ./configure.backup ./configure
+ /usr/bin/sed -r --in-place=.backup 's/^char \$2 \(\);/__attribute__ ((used)) char \$2 ();/g' ./configure
+ diff -u ./configure.backup ./configure
--- ./configure.backup	2018-07-16 03:33:37.000000000 -0400
+++ ./configure	2023-01-26 06:27:32.318817033 -0500
@@ -1867,7 +1867,7 @@
 #ifdef __cplusplus
 extern "C"
 #endif
-char $2 ();
+__attribute__ ((used)) char $2 ();
 /* The GNU C library defines this for functions which it implements
     to always fail with ENOSYS.  Some functions are actually named
     something starting with __ and the normal name is an alias.  */
+ /usr/bin/sed --in-place=.backup '1{$!N;$!N};$!N;s/int x = 1;\nint y = 0;\nint z;\nint nan;/volatile int x = 1; volatile int y = 0; volatile int z, nan;/;P;D' ./configure
+ diff -u ./configure.backup ./configure
+ mv ./configure.backup ./configure
+ /usr/bin/sed --in-place=.backup 's#^lt_cv_sys_global_symbol_to_cdecl=.*#lt_cv_sys_global_symbol_to_cdecl="sed -n -e '\''s/^T .* \\(.*\\)$/extern int \\1();/p'\'' -e '\''s/^$symcode* .* \\(.*\\)$/extern char \\1;/p'\''"#' ./configure
+ diff -u ./configure.backup ./configure
--- ./configure.backup	2023-01-26 06:27:32.318817033 -0500
+++ ./configure	2023-01-26 06:27:32.372816273 -0500
@@ -14571,7 +14571,7 @@
 compiler='`$ECHO "$compiler" | $SED "$delay_single_quote_subst"`'
 GCC='`$ECHO "$GCC" | $SED "$delay_single_quote_subst"`'
 lt_cv_sys_global_symbol_pipe='`$ECHO "$lt_cv_sys_global_symbol_pipe" | $SED "$delay_single_quote_subst"`'
-lt_cv_sys_global_symbol_to_cdecl='`$ECHO "$lt_cv_sys_global_symbol_to_cdecl" | $SED "$delay_single_quote_subst"`'
+lt_cv_sys_global_symbol_to_cdecl="sed -n -e 's/^T .* \(.*\)$/extern int \1();/p' -e 's/^$symcode* .* \(.*\)$/extern char \1;/p'"
 lt_cv_sys_global_symbol_to_c_name_address='`$ECHO "$lt_cv_sys_global_symbol_to_c_name_address" | $SED "$delay_single_quote_subst"`'
 lt_cv_sys_global_symbol_to_c_name_address_lib_prefix='`$ECHO "$lt_cv_sys_global_symbol_to_c_name_address_lib_prefix" | $SED "$delay_single_quote_subst"`'
 nm_file_list_spec='`$ECHO "$nm_file_list_spec" | $SED "$delay_single_quote_subst"`'
+ '[' 1 = 1 ']'
+++ dirname ./configure
++ find . -name config.guess -o -name config.sub
+ for i in $(find $(dirname ./configure) -name config.guess -o -name config.sub)
++ basename ./build-aux/config.sub
+ '[' -f /usr/lib/rpm/redhat/config.sub ']'
+ /usr/bin/rm -f ./build-aux/config.sub
++ basename ./build-aux/config.sub
+ /usr/bin/cp -fv /usr/lib/rpm/redhat/config.sub ./build-aux/config.sub
'/usr/lib/rpm/redhat/config.sub' -> './build-aux/config.sub'
+ for i in $(find $(dirname ./configure) -name config.guess -o -name config.sub)
++ basename ./build-aux/config.guess
+ '[' -f /usr/lib/rpm/redhat/config.guess ']'
+ /usr/bin/rm -f ./build-aux/config.guess
++ basename ./build-aux/config.guess
+ /usr/bin/cp -fv /usr/lib/rpm/redhat/config.guess ./build-aux/config.guess
'/usr/lib/rpm/redhat/config.guess' -> './build-aux/config.guess'
+ '[' 1 = 1 ']'
+ '[' x '!=' 'x-Wl,-z,now ' ']'
++ find . -name ltmain.sh
+ for i in $(find . -name ltmain.sh)
+ /usr/bin/sed -i.backup -e 's~compiler_flags=$~compiler_flags="-Wl,-z,now "~' ./build-aux/ltmain.sh
+ ./configure --build=x86_64-redhat-linux-gnu --host=x86_64-redhat-linux-gnu --program-prefix= --disable-dependency-tracking --prefix=/usr --exec-prefix=/usr --bindir=/usr/bin --sbindir=/usr/sbin --sysconfdir=/etc --datadir=/usr/share --includedir=/usr/include --libdir=/usr/lib64 --libexecdir=/usr/libexec --localstatedir=/var --sharedstatedir=/var/lib --mandir=/usr/share/man --infodir=/usr/share/info --disable-static
checking for a BSD-compatible install... /usr/bin/install -c
checking whether build environment is sane... yes
checking for a thread-safe mkdir -p... /usr/bin/mkdir -p
checking for gawk... gawk
checking whether make sets $(MAKE)... yes
checking whether make supports nested variables... yes
checking whether to enable maintainer-specific portions of Makefiles... no
checking build system type... x86_64-redhat-linux-gnu
checking host system type... x86_64-redhat-linux-gnu
checking whether make supports nested variables... (cached) yes
checking for style of include used by make... GNU
checking for x86_64-redhat-linux-gnu-gcc... dioscc
checking whether the C compiler works... yes
checking for C compiler default output file name... a.out
checking for suffix of executables... 
checking whether we are cross compiling... no
checking for suffix of object files... o
checking whether we are using the GNU C compiler... yes
checking whether dioscc accepts -g... yes
checking for dioscc option to accept ISO C89... none needed
checking whether dioscc understands -c and -o together... yes
checking dependency style of dioscc... none
checking how to run the C preprocessor... dioscc -E
checking for grep that handles long lines and -e... /usr/bin/grep
checking for egrep... /usr/bin/grep -E
checking for ANSI C header files... yes
checking for sys/types.h... yes
checking for sys/stat.h... yes
checking for stdlib.h... yes
checking for string.h... yes
checking for memory.h... yes
checking for strings.h... yes
checking for inttypes.h... yes
checking for stdint.h... yes
checking for unistd.h... yes
checking minix/config.h usability... no
checking minix/config.h presence... no
checking for minix/config.h... no
checking whether it is safe to define __EXTENSIONS__... yes
checking for x86_64-redhat-linux-gnu-gcc... (cached) dioscc
checking whether we are using the GNU C compiler... (cached) yes
checking whether dioscc accepts -g... (cached) yes
checking for dioscc option to accept ISO C89... (cached) none needed
checking whether dioscc understands -c and -o together... (cached) yes
checking dependency style of dioscc... (cached) none
checking how to print strings... printf
checking for a sed that does not truncate output... /usr/bin/sed
checking for fgrep... /usr/bin/grep -F
checking for ld used by dioscc... /usr/bin/ld
checking if the linker (/usr/bin/ld) is GNU ld... yes
checking for BSD- or MS-compatible name lister (nm)... /usr/bin/nm -B
checking the name lister (/usr/bin/nm -B) interface... BSD nm
checking whether ln -s works... yes
checking the maximum length of command line arguments... 1572864
checking whether the shell understands some XSI constructs... yes
checking whether the shell understands "+="... yes
checking how to convert x86_64-redhat-linux-gnu file names to x86_64-redhat-linux-gnu format... func_convert_file_noop
checking how to convert x86_64-redhat-linux-gnu file names to toolchain format... func_convert_file_noop
checking for /usr/bin/ld option to reload object files... -r
checking for x86_64-redhat-linux-gnu-objdump... no
checking for objdump... objdump
checking how to recognize dependent libraries... pass_all
checking for x86_64-redhat-linux-gnu-dlltool... no
checking for dlltool... no
checking how to associate runtime and link libraries... printf %s\n
checking for x86_64-redhat-linux-gnu-ar... no
checking for ar... ar
checking for archiver @FILE support... @
checking for x86_64-redhat-linux-gnu-strip... no
checking for strip... strip
checking for x86_64-redhat-linux-gnu-ranlib... no
checking for ranlib... ranlib
checking command to parse /usr/bin/nm -B output from dioscc object... ok
checking for sysroot... no
checking for x86_64-redhat-linux-gnu-mt... no
checking for mt... no
checking if : is a manifest tool... no
checking for dlfcn.h... yes
checking for objdir... .libs
checking if dioscc supports -fno-rtti -fno-exceptions... yes
checking for dioscc option to produce PIC... -fPIC -DPIC
checking if dioscc PIC flag -fPIC -DPIC works... yes
checking if dioscc static flag -static works... no
checking if dioscc supports -c -o file.o... yes
checking if dioscc supports -c -o file.o... (cached) yes
checking whether the dioscc linker (/usr/bin/ld -m elf_x86_64) supports shared libraries... yes
checking whether -lc should be explicitly linked in... yes
checking dynamic linker characteristics... GNU/Linux ld.so
checking how to hardcode library paths into programs... immediate
checking whether stripping libraries is possible... yes
checking if libtool supports shared libraries... yes
checking whether to build shared libraries... yes
checking whether to build static libraries... no
checking for x86_64-redhat-linux-gnu-windres... no
checking for windres... no
checking sys/socket.h usability... yes
checking sys/socket.h presence... yes
checking for sys/socket.h... yes
checking sys/select.h usability... yes
checking sys/select.h presence... yes
checking for sys/select.h... yes
checking for unistd.h... (cached) yes
checking sys/time.h usability... yes
checking sys/time.h presence... yes
checking for sys/time.h... yes
checking time.h usability... yes
checking time.h presence... yes
checking for time.h... yes
checking signal.h usability... yes
checking signal.h presence... yes
checking for signal.h... yes
checking for sys/socket.h... (cached) yes
checking for socklen_t... yes
checking for pid_t... yes
checking for size_t... yes
checking for ssize_t... yes
checking for library containing pthread_detach... none required
checking for pthread_tryjoin_np... yes
checking for pthread_setname_np... yes
checking for pthread_getname_np... yes
checking for pthread_mutex_timedlock... yes
checking for pthread_rwlock_rdlock... yes
checking for pthread_rwlock_wrlock... yes
checking for pthread_rwlock_timedrdlock... yes
checking for pthread_rwlock_timedwrlock... yes
checking for pthread_rwlock_tryrdlock... yes
checking for pthread_rwlock_trywrlock... yes
checking for pthread_atfork... yes
checking for select... yes
checking for pselect... yes
checking for gettimeofday... yes
checking for library containing setsockopt... none needed
checking for library containing clock_gettime... none required
checking that generated files are newer than configure... done
configure: creating ./config.status
config.status: creating Makefile
config.status: creating src/npth.h
config.status: creating src/Makefile
config.status: creating w32/Makefile
config.status: creating tests/Makefile
config.status: creating npth-config
config.status: creating config.h
config.status: executing depfiles commands
config.status: executing libtool commands

        npth v1.6 prepared for make

        Revision: 7712879  (30482)
        Platform: x86_64-redhat-linux-gnu

+ /usr/bin/make -O -j4 V=1 VERBOSE=1
/usr/bin/make.orig  all-recursive
Making all in src
make.orig[2]: Entering directory '/builddir/build/BUILD/npth-1.6/src'
/bin/sh ../libtool  --tag=CC   --mode=compile dioscc -DHAVE_CONFIG_H -I. -I..     -O0 -c -o npth.lo npth.c
libtool: compile:  dioscc -DHAVE_CONFIG_H -I. -I.. -O0 -c npth.c  -fPIC -DPIC -o .libs/npth.o
make.orig[2]: Leaving directory '/builddir/build/BUILD/npth-1.6/src'
In file included from /builddir/build/BUILD/npth-1.6/src/npth.c:66: <--[dioscc]
In file included from /usr/include/semaphore.h:24: <--[dioscc]
/usr/include/bits/types/struct_timespec.h:11:8: error: redefinition of 'timespec' <--[dioscc]
struct timespec
       ^
/opt/divine/include/dios/include/time.h:40:8: note: previous definition is here <--[dioscc]
struct timespec
       ^
In file included from /builddir/build/BUILD/npth-1.6/src/npth.c:66: <--[dioscc]
In file included from /usr/include/semaphore.h:24: <--[dioscc]
/usr/include/bits/types/struct_timespec.h:21:3: error: unknown type name '__syscall_slong_t' <--[dioscc]
  __syscall_slong_t tv_nsec;    /* Nanoseconds.  */
  ^
In file included from /builddir/build/BUILD/npth-1.6/src/npth.c:66: <--[dioscc]
/usr/include/semaphore.h:36:3: error: expected function body after function declarator <--[dioscc]
  __THROW __nonnull ((1));
  ^
/usr/include/semaphore.h:39:39: error: expected function body after function declarator <--[dioscc]
extern int sem_destroy (sem_t *__sem) __THROW __nonnull ((1));
                                      ^
/usr/include/semaphore.h:43:3: error: expected function body after function declarator <--[dioscc]
  __THROW __nonnull ((1));
  ^
/usr/include/semaphore.h:46:37: error: expected function body after function declarator <--[dioscc]
extern int sem_close (sem_t *__sem) __THROW __nonnull ((1));
                                    ^
/usr/include/semaphore.h:49:44: error: expected function body after function declarator <--[dioscc]
extern int sem_unlink (const char *__name) __THROW __nonnull ((1));
                                           ^
/usr/include/semaphore.h:55:36: error: expected function body after function declarator <--[dioscc]
extern int sem_wait (sem_t *__sem) __nonnull ((1));
                                   ^
/usr/include/semaphore.h:65:3: error: expected function body after function declarator <--[dioscc]
  __nonnull ((1, 2));
  ^
/usr/include/semaphore.h:84:3: error: expected function body after function declarator <--[dioscc]
  __nonnull ((1, 3));
  ^
/usr/include/semaphore.h:100:39: error: expected function body after function declarator <--[dioscc]
extern int sem_trywait (sem_t *__sem) __THROWNL __nonnull ((1));
                                      ^
/usr/include/semaphore.h:103:36: error: expected function body after function declarator <--[dioscc]
extern int sem_post (sem_t *__sem) __THROWNL __nonnull ((1));
                                   ^
/usr/include/semaphore.h:107:3: error: expected function body after function declarator <--[dioscc]
  __THROW __nonnull ((1, 2));
  ^
/builddir/build/BUILD/npth-1.6/src/npth.c:185:9: warning: implicit declaration of function 'sem_post' is invalid in C99 <--[dioscc]
  res = sem_post (sceptre);
        ^
/builddir/build/BUILD/npth-1.6/src/npth.c:197:11: warning: implicit declaration of function 'sem_wait' is invalid in C99 <--[dioscc]
    res = sem_wait (sceptre);
          ^
/builddir/build/BUILD/npth-1.6/src/npth.c:224:9: warning: implicit declaration of function 'sem_init' is invalid in C99 <--[dioscc]
  res = sem_init (sceptre, NPTH_SEMAPHORE_PSHARED, 1);
        ^
/builddir/build/BUILD/npth-1.6/src/npth.c:251:10: warning: implicit declaration of function 'pthread_getname_np' is invalid in C99 <--[dioscc]
  return pthread_getname_np (target_thread, buf, buflen);
         ^
/builddir/build/BUILD/npth-1.6/src/npth.c:274:10: warning: implicit declaration of function 'pthread_setname_np' is invalid in C99 <--[dioscc]
  return pthread_setname_np (target_thread, name);
         ^
/builddir/build/BUILD/npth-1.6/src/npth.c:350:9: warning: implicit declaration of function 'pthread_tryjoin_np' is invalid in C99 <--[dioscc]
  err = pthread_tryjoin_np (thread, retval);
        ^
/builddir/build/BUILD/npth-1.6/src/npth.c:448:9: warning: implicit declaration of function 'pthread_rwlock_timedrdlock' is invalid in C99 <--[dioscc]
  err = pthread_rwlock_timedrdlock (rwlock, abstime);
        ^
/builddir/build/BUILD/npth-1.6/src/npth.c:493:9: warning: implicit declaration of function 'pthread_rwlock_timedwrlock' is invalid in C99 <--[dioscc]
  err = pthread_rwlock_timedwrlock (rwlock, abstime);
        ^
/builddir/build/BUILD/npth-1.6/src/npth.c:708:9: warning: implicit declaration of function 'recvmsg' is invalid in C99 <--[dioscc]
  res = recvmsg (fd, msg, flags);
        ^
/builddir/build/BUILD/npth-1.6/src/npth.c:720:9: warning: implicit declaration of function 'sendmsg' is invalid in C99 <--[dioscc]
  res = sendmsg (fd, msg, flags);
        ^
10 warnings and 13 errors generated.
Error building npth.c
make.orig[2]: *** [Makefile:485: npth.lo] Error 1
make.orig[2]: Entering directory '/builddir/build/BUILD/npth-1.6/src'
/bin/sh ../libtool  --tag=CC   --mode=compile dioscc -DHAVE_CONFIG_H -I. -I..     -O0 -c -o npth-sigev.lo npth-sigev.c
libtool: compile:  dioscc -DHAVE_CONFIG_H -I. -I.. -O0 -c npth-sigev.c  -fPIC -DPIC -o .libs/npth-sigev.o
make.orig[2]: Leaving directory '/builddir/build/BUILD/npth-1.6/src'
Making all in tests
/builddir/build/BUILD/npth-1.6/src/npth-sigev.c:91:3: warning: implicit declaration of function 'pthread_sigmask' is invalid in C99 <--[dioscc]
  pthread_sigmask (SIG_SETMASK, NULL, &sigev_block);
  ^
/builddir/build/BUILD/npth-1.6/src/npth-sigev.c:127:3: warning: implicit declaration of function 'pthread_sigmask' is invalid in C99 <--[dioscc]
  pthread_sigmask (SIG_SETMASK, &sigev_unblock, NULL);
  ^
/builddir/build/BUILD/npth-1.6/src/npth-sigev.c:137:3: warning: implicit declaration of function 'pthread_sigmask' is invalid in C99 <--[dioscc]
  pthread_sigmask (SIG_SETMASK, &sigev_block, NULL);
  ^
3 warnings generated.
make.orig[2]: Target 'all' not remade because of errors.
make.orig[2]: *** No rule to make target '../src/libnpth.la', needed by 't-mutex'.
make.orig[2]: Entering directory '/builddir/build/BUILD/npth-1.6/tests'
dioscc -DHAVE_CONFIG_H -I. -I..  -I../src -D_POSIX_C_SOURCE=200112L   -O0 -c -o t-mutex.o t-mutex.c
make.orig[2]: Leaving directory '/builddir/build/BUILD/npth-1.6/tests'
make.orig[2]: Entering directory '/builddir/build/BUILD/npth-1.6/tests'
dioscc -DHAVE_CONFIG_H -I. -I..  -I../src -D_POSIX_C_SOURCE=200112L   -O0 -c -o t-fork.o t-fork.c
make.orig[2]: Leaving directory '/builddir/build/BUILD/npth-1.6/tests'
make.orig[2]: Entering directory '/builddir/build/BUILD/npth-1.6/tests'
dioscc -DHAVE_CONFIG_H -I. -I..  -I../src -D_POSIX_C_SOURCE=200112L   -O0 -c -o t-thread.o t-thread.c
make.orig[2]: Leaving directory '/builddir/build/BUILD/npth-1.6/tests'
make.orig[2]: Target 'all' not remade because of errors.
make.orig[1]: *** [Makefile:537: all-recursive] Error 1
make.orig: *** [Makefile:410: all] Error 2

RPM build warnings:

RPM build errors:
error: Bad exit status from /var/tmp/rpm-tmp.1zFbz5 (%build)
    Macro expanded in comment on line 8: %{version}.tar.bz2.sig

    Bad exit status from /var/tmp/rpm-tmp.1zFbz5 (%build)
Finish: chroot ['/bin/su mockbuild -l -c "PATH=/usr/lib64/cswrap:\\$PATH CSWRAP_CAP_FILE=\\$\'/builddir/cswrap-capture.err\' CSWRAP_TIMEOUT=\\$\'30\' CSWRAP_TIMEOUT_FOR=\\$\':\' CC=\\$\'dioscc\' CXX=\\$\'diosc++\' CSEXEC_WRAP_CMD=\\$\'--skip-ld-linux\\\\a/usr/bin/csexec-divine\\\\a-l\\\\a/builddir/divine-capture\\\\a-d\\\\acheck --lart stubs -o ignore:notimplemented -o ignore:exit --max-time 8 \' CSWRAP_ADD_CFLAGS=\\$\'-Wno-unknown-pragmas:-Wno-unknown-warning-option:-O0:-g:-Wl,--dynamic-linker,/usr/bin/csexec-loader:-Wno-unknown-pragmas:-Wl,--dynamic-linker,/usr/bin/csexec-loader\' CSWRAP_DEL_CFLAGS=\\$\'-Werror*:-fdiagnostics-color*:-no-canonical-prefixes:-Wno-error=deprecated-register:-O1:-O2:-O3:-Os:-Ofast:-Og:-Werror*:-fdiagnostics-color*:-no-canonical-prefixes:-Wno-error=deprecated-register\' CSWRAP_ADD_CXXFLAGS=\\$\'-Wno-unknown-warning-option:-O0:-g:-Wl,--dynamic-linker,/usr/bin/csexec-loader:-Wl,--dynamic-linker,/usr/bin/csexec-loader\' CSWRAP_DEL_CXXFLAGS=\\$\'-Werror*:-fdiagnostics-color*:-no-canonical-prefixes:-Wno-error=deprecated-register:-O1:-O2:-O3:-Os:-Ofast:-Og:-Werror*:-fdiagnostics-color*:-no-canonical-prefixes:-Wno-error=deprecated-register\' sh -c \\"rpmbuild -bc --nodeps --short-circuit /builddir/build/SPECS/npth.spec \'--define\' \'_unpackaged_files_terminate_build 0\' \'--define\' \'apidocs 0\' \'--define\' \'with_publican 0\' \'--without\' \'docs\' \'--without\' \'langpacks\' \'--define\' \'__cc dioscc\' \'--define\' \'__cxx diosc++\' \'--define\' \'__cpp dioscc -E\' \'--define\' \'toolchain clang\' \'--define\' \'optflags -O0\' \'--define\' \'build_ldflags -O0\'\\""']

!!! 2023-01-26 06:27:56	error: %build failed

>>> 2023-01-26 06:27:56	"/usr/bin/mock" "-r" "fedora-35-x86_64" "--plugin-option=tmpfs:keep_mounted=True" "--config-opts=print_main_output=True" "--chroot" "/bin/su mockbuild -l -c \"PATH=/usr/lib64/cswrap:\\\$PATH CSWRAP_CAP_FILE=\\\$'/builddir/cswrap-capture.err' CSWRAP_TIMEOUT=\\\$'30' CSWRAP_TIMEOUT_FOR=\\\$':' CC=\\\$'dioscc' CXX=\\\$'diosc++' CSEXEC_WRAP_CMD=\\\$'--skip-ld-linux\\\\a/usr/bin/csexec-divine\\\\a-l\\\\a/builddir/divine-capture\\\\a-d\\\\acheck --lart stubs -o ignore:notimplemented -o ignore:exit --max-time 8 ' CSWRAP_ADD_CFLAGS=\\\$'-Wno-unknown-pragmas:-Wno-unknown-warning-option:-O0:-g:-Wl,--dynamic-linker,/usr/bin/csexec-loader:-Wno-unknown-pragmas:-Wl,--dynamic-linker,/usr/bin/csexec-loader' CSWRAP_DEL_CFLAGS=\\\$'-Werror*:-fdiagnostics-color*:-no-canonical-prefixes:-Wno-error=deprecated-register:-O1:-O2:-O3:-Os:-Ofast:-Og:-Werror*:-fdiagnostics-color*:-no-canonical-prefixes:-Wno-error=deprecated-register' CSWRAP_ADD_CXXFLAGS=\\\$'-Wno-unknown-warning-option:-O0:-g:-Wl,--dynamic-linker,/usr/bin/csexec-loader:-Wl,--dynamic-linker,/usr/bin/csexec-loader' CSWRAP_DEL_CXXFLAGS=\\\$'-Werror*:-fdiagnostics-color*:-no-canonical-prefixes:-Wno-error=deprecated-register:-O1:-O2:-O3:-Os:-Ofast:-Og:-Werror*:-fdiagnostics-color*:-no-canonical-prefixes:-Wno-error=deprecated-register' sh -c \\\"rpmbuild -bi --nodeps --short-circuit /builddir/build/SPECS/npth.spec '--define' '_unpackaged_files_terminate_build 0' '--define' 'apidocs 0' '--define' 'with_publican 0' '--without' 'docs' '--without' 'langpacks' '--define' '__cc dioscc' '--define' '__cxx diosc++' '--define' '__cpp dioscc -E' '--define' 'toolchain clang' '--define' 'optflags -O0' '--define' 'build_ldflags -O0'\\\"\""
INFO: mock.py version 3.5 starting (python version = 3.10.9, NVR = mock-3.5-1.fc36)...
Start(bootstrap): init plugins
INFO: selinux enabled
Finish(bootstrap): init plugins
Start: init plugins
INFO: selinux enabled
Finish: init plugins
INFO: Signal handler active
Start: run
Start(bootstrap): chroot init
INFO: calling preinit hooks
INFO: enabled root cache
INFO: enabled package manager cache
Start(bootstrap): cleaning package manager metadata
Finish(bootstrap): cleaning package manager metadata
INFO: enabled HW Info plugin
Mock Version: 3.5
INFO: Mock Version: 3.5
Finish(bootstrap): chroot init
Start: chroot init
INFO: calling preinit hooks
INFO: enabled root cache
INFO: enabled package manager cache
Start: cleaning package manager metadata
Finish: cleaning package manager metadata
INFO: enabled HW Info plugin
Mock Version: 3.5
INFO: Mock Version: 3.5
Finish: chroot init
INFO: Running in chroot: ['/bin/su mockbuild -l -c "PATH=/usr/lib64/cswrap:\\$PATH CSWRAP_CAP_FILE=\\$\'/builddir/cswrap-capture.err\' CSWRAP_TIMEOUT=\\$\'30\' CSWRAP_TIMEOUT_FOR=\\$\':\' CC=\\$\'dioscc\' CXX=\\$\'diosc++\' CSEXEC_WRAP_CMD=\\$\'--skip-ld-linux\\\\a/usr/bin/csexec-divine\\\\a-l\\\\a/builddir/divine-capture\\\\a-d\\\\acheck --lart stubs -o ignore:notimplemented -o ignore:exit --max-time 8 \' CSWRAP_ADD_CFLAGS=\\$\'-Wno-unknown-pragmas:-Wno-unknown-warning-option:-O0:-g:-Wl,--dynamic-linker,/usr/bin/csexec-loader:-Wno-unknown-pragmas:-Wl,--dynamic-linker,/usr/bin/csexec-loader\' CSWRAP_DEL_CFLAGS=\\$\'-Werror*:-fdiagnostics-color*:-no-canonical-prefixes:-Wno-error=deprecated-register:-O1:-O2:-O3:-Os:-Ofast:-Og:-Werror*:-fdiagnostics-color*:-no-canonical-prefixes:-Wno-error=deprecated-register\' CSWRAP_ADD_CXXFLAGS=\\$\'-Wno-unknown-warning-option:-O0:-g:-Wl,--dynamic-linker,/usr/bin/csexec-loader:-Wl,--dynamic-linker,/usr/bin/csexec-loader\' CSWRAP_DEL_CXXFLAGS=\\$\'-Werror*:-fdiagnostics-color*:-no-canonical-prefixes:-Wno-error=deprecated-register:-O1:-O2:-O3:-Os:-Ofast:-Og:-Werror*:-fdiagnostics-color*:-no-canonical-prefixes:-Wno-error=deprecated-register\' sh -c \\"rpmbuild -bi --nodeps --short-circuit /builddir/build/SPECS/npth.spec \'--define\' \'_unpackaged_files_terminate_build 0\' \'--define\' \'apidocs 0\' \'--define\' \'with_publican 0\' \'--without\' \'docs\' \'--without\' \'langpacks\' \'--define\' \'__cc dioscc\' \'--define\' \'__cxx diosc++\' \'--define\' \'__cpp dioscc -E\' \'--define\' \'toolchain clang\' \'--define\' \'optflags -O0\' \'--define\' \'build_ldflags -O0\'\\""']
Start: chroot ['/bin/su mockbuild -l -c "PATH=/usr/lib64/cswrap:\\$PATH CSWRAP_CAP_FILE=\\$\'/builddir/cswrap-capture.err\' CSWRAP_TIMEOUT=\\$\'30\' CSWRAP_TIMEOUT_FOR=\\$\':\' CC=\\$\'dioscc\' CXX=\\$\'diosc++\' CSEXEC_WRAP_CMD=\\$\'--skip-ld-linux\\\\a/usr/bin/csexec-divine\\\\a-l\\\\a/builddir/divine-capture\\\\a-d\\\\acheck --lart stubs -o ignore:notimplemented -o ignore:exit --max-time 8 \' CSWRAP_ADD_CFLAGS=\\$\'-Wno-unknown-pragmas:-Wno-unknown-warning-option:-O0:-g:-Wl,--dynamic-linker,/usr/bin/csexec-loader:-Wno-unknown-pragmas:-Wl,--dynamic-linker,/usr/bin/csexec-loader\' CSWRAP_DEL_CFLAGS=\\$\'-Werror*:-fdiagnostics-color*:-no-canonical-prefixes:-Wno-error=deprecated-register:-O1:-O2:-O3:-Os:-Ofast:-Og:-Werror*:-fdiagnostics-color*:-no-canonical-prefixes:-Wno-error=deprecated-register\' CSWRAP_ADD_CXXFLAGS=\\$\'-Wno-unknown-warning-option:-O0:-g:-Wl,--dynamic-linker,/usr/bin/csexec-loader:-Wl,--dynamic-linker,/usr/bin/csexec-loader\' CSWRAP_DEL_CXXFLAGS=\\$\'-Werror*:-fdiagnostics-color*:-no-canonical-prefixes:-Wno-error=deprecated-register:-O1:-O2:-O3:-Os:-Ofast:-Og:-Werror*:-fdiagnostics-color*:-no-canonical-prefixes:-Wno-error=deprecated-register\' sh -c \\"rpmbuild -bi --nodeps --short-circuit /builddir/build/SPECS/npth.spec \'--define\' \'_unpackaged_files_terminate_build 0\' \'--define\' \'apidocs 0\' \'--define\' \'with_publican 0\' \'--without\' \'docs\' \'--without\' \'langpacks\' \'--define\' \'__cc dioscc\' \'--define\' \'__cxx diosc++\' \'--define\' \'__cpp dioscc -E\' \'--define\' \'toolchain clang\' \'--define\' \'optflags -O0\' \'--define\' \'build_ldflags -O0\'\\""']
warning: Macro expanded in comment on line 8: %{version}.tar.bz2.sig

setting SOURCE_DATE_EPOCH=1626912000
Executing(%install): /bin/sh -e /var/tmp/rpm-tmp.i33akh
+ umask 022
+ cd /builddir/build/BUILD
+ '[' /builddir/build/BUILDROOT/npth-1.6-7.fc35.x86_64 '!=' / ']'
+ rm -rf /builddir/build/BUILDROOT/npth-1.6-7.fc35.x86_64
++ dirname /builddir/build/BUILDROOT/npth-1.6-7.fc35.x86_64
+ mkdir -p /builddir/build/BUILDROOT
+ mkdir /builddir/build/BUILDROOT/npth-1.6-7.fc35.x86_64
+ cd npth-1.6
+ /usr/bin/make install DESTDIR=/builddir/build/BUILDROOT/npth-1.6-7.fc35.x86_64 'INSTALL=/usr/bin/install -p'
Making install in src
make.orig[1]: Entering directory '/builddir/build/BUILD/npth-1.6/src'
/bin/sh ../libtool  --tag=CC   --mode=compile dioscc -DHAVE_CONFIG_H -I. -I..     -O0 -c -o npth.lo npth.c
libtool: compile:  dioscc -DHAVE_CONFIG_H -I. -I.. -O0 -c npth.c  -fPIC -DPIC -o .libs/npth.o
In file included from /builddir/build/BUILD/npth-1.6/src/npth.c:66: <--[dioscc]
In file included from /usr/include/semaphore.h:24: <--[dioscc]
/usr/include/bits/types/struct_timespec.h:11:8: error: redefinition of 'timespec' <--[dioscc]
struct timespec
       ^
/opt/divine/include/dios/include/time.h:40:8: note: previous definition is here <--[dioscc]
struct timespec
       ^
In file included from /builddir/build/BUILD/npth-1.6/src/npth.c:66: <--[dioscc]
In file included from /usr/include/semaphore.h:24: <--[dioscc]
/usr/include/bits/types/struct_timespec.h:21:3: error: unknown type name '__syscall_slong_t' <--[dioscc]
  __syscall_slong_t tv_nsec;    /* Nanoseconds.  */
  ^
In file included from /builddir/build/BUILD/npth-1.6/src/npth.c:66: <--[dioscc]
/usr/include/semaphore.h:36:3: error: expected function body after function declarator <--[dioscc]
  __THROW __nonnull ((1));
  ^
/usr/include/semaphore.h:39:39: error: expected function body after function declarator <--[dioscc]
extern int sem_destroy (sem_t *__sem) __THROW __nonnull ((1));
                                      ^
/usr/include/semaphore.h:43:3: error: expected function body after function declarator <--[dioscc]
  __THROW __nonnull ((1));
  ^
/usr/include/semaphore.h:46:37: error: expected function body after function declarator <--[dioscc]
extern int sem_close (sem_t *__sem) __THROW __nonnull ((1));
                                    ^
/usr/include/semaphore.h:49:44: error: expected function body after function declarator <--[dioscc]
extern int sem_unlink (const char *__name) __THROW __nonnull ((1));
                                           ^
/usr/include/semaphore.h:55:36: error: expected function body after function declarator <--[dioscc]
extern int sem_wait (sem_t *__sem) __nonnull ((1));
                                   ^
/usr/include/semaphore.h:65:3: error: expected function body after function declarator <--[dioscc]
  __nonnull ((1, 2));
  ^
/usr/include/semaphore.h:84:3: error: expected function body after function declarator <--[dioscc]
  __nonnull ((1, 3));
  ^
/usr/include/semaphore.h:100:39: error: expected function body after function declarator <--[dioscc]
extern int sem_trywait (sem_t *__sem) __THROWNL __nonnull ((1));
                                      ^
/usr/include/semaphore.h:103:36: error: expected function body after function declarator <--[dioscc]
extern int sem_post (sem_t *__sem) __THROWNL __nonnull ((1));
                                   ^
/usr/include/semaphore.h:107:3: error: expected function body after function declarator <--[dioscc]
  __THROW __nonnull ((1, 2));
  ^
/builddir/build/BUILD/npth-1.6/src/npth.c:185:9: warning: implicit declaration of function 'sem_post' is invalid in C99 <--[dioscc]
  res = sem_post (sceptre);
        ^
/builddir/build/BUILD/npth-1.6/src/npth.c:197:11: warning: implicit declaration of function 'sem_wait' is invalid in C99 <--[dioscc]
    res = sem_wait (sceptre);
          ^
/builddir/build/BUILD/npth-1.6/src/npth.c:224:9: warning: implicit declaration of function 'sem_init' is invalid in C99 <--[dioscc]
  res = sem_init (sceptre, NPTH_SEMAPHORE_PSHARED, 1);
        ^
/builddir/build/BUILD/npth-1.6/src/npth.c:251:10: warning: implicit declaration of function 'pthread_getname_np' is invalid in C99 <--[dioscc]
  return pthread_getname_np (target_thread, buf, buflen);
         ^
/builddir/build/BUILD/npth-1.6/src/npth.c:274:10: warning: implicit declaration of function 'pthread_setname_np' is invalid in C99 <--[dioscc]
  return pthread_setname_np (target_thread, name);
         ^
/builddir/build/BUILD/npth-1.6/src/npth.c:350:9: warning: implicit declaration of function 'pthread_tryjoin_np' is invalid in C99 <--[dioscc]
  err = pthread_tryjoin_np (thread, retval);
        ^
/builddir/build/BUILD/npth-1.6/src/npth.c:448:9: warning: implicit declaration of function 'pthread_rwlock_timedrdlock' is invalid in C99 <--[dioscc]
  err = pthread_rwlock_timedrdlock (rwlock, abstime);
        ^
/builddir/build/BUILD/npth-1.6/src/npth.c:493:9: warning: implicit declaration of function 'pthread_rwlock_timedwrlock' is invalid in C99 <--[dioscc]
  err = pthread_rwlock_timedwrlock (rwlock, abstime);
        ^
/builddir/build/BUILD/npth-1.6/src/npth.c:708:9: warning: implicit declaration of function 'recvmsg' is invalid in C99 <--[dioscc]
  res = recvmsg (fd, msg, flags);
        ^
/builddir/build/BUILD/npth-1.6/src/npth.c:720:9: warning: implicit declaration of function 'sendmsg' is invalid in C99 <--[dioscc]
  res = sendmsg (fd, msg, flags);
        ^
10 warnings and 13 errors generated.
Error building npth.c
make.orig[1]: *** [Makefile:485: npth.lo] Error 1
make.orig[1]: Leaving directory '/builddir/build/BUILD/npth-1.6/src'
make.orig[1]: Target 'install' not remade because of errors.
Making install in tests
make.orig[1]: Entering directory '/builddir/build/BUILD/npth-1.6/tests'
make.orig[1]: *** No rule to make target '../src/libnpth.la', needed by 't-mutex'.
make.orig[1]: Target 'install' not remade because of errors.
make.orig[1]: Leaving directory '/builddir/build/BUILD/npth-1.6/tests'
make.orig[1]: Entering directory '/builddir/build/BUILD/npth-1.6'
make.orig[2]: Entering directory '/builddir/build/BUILD/npth-1.6'
 /usr/bin/mkdir -p '/builddir/build/BUILDROOT/npth-1.6-7.fc35.x86_64/usr/bin'
 /usr/bin/install -p npth-config '/builddir/build/BUILDROOT/npth-1.6-7.fc35.x86_64/usr/bin'
 /usr/bin/mkdir -p '/builddir/build/BUILDROOT/npth-1.6-7.fc35.x86_64/usr/share/aclocal'
 /usr/bin/install -p -m 644 npth.m4 '/builddir/build/BUILDROOT/npth-1.6-7.fc35.x86_64/usr/share/aclocal'
make.orig[2]: Leaving directory '/builddir/build/BUILD/npth-1.6'
make.orig[1]: Leaving directory '/builddir/build/BUILD/npth-1.6'
make.orig: *** [Makefile:537: install-recursive] Error 1
make.orig: Target 'install' not remade because of errors.
error: Bad exit status from /var/tmp/rpm-tmp.i33akh (%install)
    Macro expanded in comment on line 8: %{version}.tar.bz2.sig

    Bad exit status from /var/tmp/rpm-tmp.i33akh (%install)

RPM build warnings:

RPM build errors:
Finish: chroot ['/bin/su mockbuild -l -c "PATH=/usr/lib64/cswrap:\\$PATH CSWRAP_CAP_FILE=\\$\'/builddir/cswrap-capture.err\' CSWRAP_TIMEOUT=\\$\'30\' CSWRAP_TIMEOUT_FOR=\\$\':\' CC=\\$\'dioscc\' CXX=\\$\'diosc++\' CSEXEC_WRAP_CMD=\\$\'--skip-ld-linux\\\\a/usr/bin/csexec-divine\\\\a-l\\\\a/builddir/divine-capture\\\\a-d\\\\acheck --lart stubs -o ignore:notimplemented -o ignore:exit --max-time 8 \' CSWRAP_ADD_CFLAGS=\\$\'-Wno-unknown-pragmas:-Wno-unknown-warning-option:-O0:-g:-Wl,--dynamic-linker,/usr/bin/csexec-loader:-Wno-unknown-pragmas:-Wl,--dynamic-linker,/usr/bin/csexec-loader\' CSWRAP_DEL_CFLAGS=\\$\'-Werror*:-fdiagnostics-color*:-no-canonical-prefixes:-Wno-error=deprecated-register:-O1:-O2:-O3:-Os:-Ofast:-Og:-Werror*:-fdiagnostics-color*:-no-canonical-prefixes:-Wno-error=deprecated-register\' CSWRAP_ADD_CXXFLAGS=\\$\'-Wno-unknown-warning-option:-O0:-g:-Wl,--dynamic-linker,/usr/bin/csexec-loader:-Wl,--dynamic-linker,/usr/bin/csexec-loader\' CSWRAP_DEL_CXXFLAGS=\\$\'-Werror*:-fdiagnostics-color*:-no-canonical-prefixes:-Wno-error=deprecated-register:-O1:-O2:-O3:-Os:-Ofast:-Og:-Werror*:-fdiagnostics-color*:-no-canonical-prefixes:-Wno-error=deprecated-register\' sh -c \\"rpmbuild -bi --nodeps --short-circuit /builddir/build/SPECS/npth.spec \'--define\' \'_unpackaged_files_terminate_build 0\' \'--define\' \'apidocs 0\' \'--define\' \'with_publican 0\' \'--without\' \'docs\' \'--without\' \'langpacks\' \'--define\' \'__cc dioscc\' \'--define\' \'__cxx diosc++\' \'--define\' \'__cpp dioscc -E\' \'--define\' \'toolchain clang\' \'--define\' \'optflags -O0\' \'--define\' \'build_ldflags -O0\'\\""']

!!! 2023-01-26 06:28:02	error: %install failed

>>> 2023-01-26 06:28:02	"'/usr/bin/mock' '-r' 'fedora-35-x86_64' '--plugin-option=tmpfs:keep_mounted=True' '--config-opts=print_main_output=True' '--quiet' '--shell' 'tar -c --remove-files '/builddir/cswrap-capture.err' '/builddir/divine-capture'' | tar -xC '/home/mockbuilder/aufover-benchmark/workdir-for-sync/rpm-pkgs/npth-1.6-7.fc35/divine/output/debug/raw-results'"
tar: Removing leading `/' from member names
tar: Removing leading `/' from hard link targets

>>> 2023-01-26 06:28:07	"chmod" "-R" "+r" "/home/mockbuilder/aufover-benchmark/workdir-for-sync/rpm-pkgs/npth-1.6-7.fc35/divine/output/debug/raw-results/builddir/divine-capture"

>>> 2023-01-26 06:28:07	"cd '/home/mockbuilder/aufover-benchmark/workdir-for-sync/rpm-pkgs/npth-1.6-7.fc35/divine/output/debug/raw-results/builddir/divine-capture' && touch empty.conv && csgrep --mode=json --remove-duplicates *.conv > '/home/mockbuilder/aufover-benchmark/workdir-for-sync/rpm-pkgs/npth-1.6-7.fc35/divine/output/debug/uni-results/divine-capture.js'"

scan.ini: time-finished = 2023-01-26 06:28:07
scan.ini: exit-code = 1
>>> 2023-01-26 06:28:07	"cslinker --quiet --cwelist '/usr/share/csmock/cwe-map.csv' --inifile '/home/mockbuilder/aufover-benchmark/workdir-for-sync/rpm-pkgs/npth-1.6-7.fc35/divine/output/scan.ini' '/home/mockbuilder/aufover-benchmark/workdir-for-sync/rpm-pkgs/npth-1.6-7.fc35/divine/output/debug/uni-results'/* > '/home/mockbuilder/aufover-benchmark/workdir-for-sync/rpm-pkgs/npth-1.6-7.fc35/divine/output/debug/scan-results-all.js'"

>>> 2023-01-26 06:28:08	"'/usr/bin/mock' '-r' 'fedora-35-x86_64' '--plugin-option=tmpfs:keep_mounted=True' '--config-opts=print_main_output=True' '--quiet' '--shell' 'csgrep --mode=json --embed-context 3' < '/home/mockbuilder/aufover-benchmark/workdir-for-sync/rpm-pkgs/npth-1.6-7.fc35/divine/output/debug/scan-results-all.js' > '/home/mockbuilder/aufover-benchmark/workdir-for-sync/rpm-pkgs/npth-1.6-7.fc35/divine/output/debug/scan-results-all.js.tmp'"

>>> 2023-01-26 06:28:13	"/usr/bin/mock" "-r" "fedora-35-x86_64" "--plugin-option=tmpfs:keep_mounted=True" "--config-opts=print_main_output=True" "--quiet" "--clean"

>>> 2023-01-26 06:28:27	"cat '/home/mockbuilder/aufover-benchmark/workdir-for-sync/rpm-pkgs/npth-1.6-7.fc35/divine/output/debug/scan-results-all.js' | sed 's|/builddir/build/BUILDROOT/[^/]*/|/builddir/build/BUILD//|' | csgrep --mode=json --path '^/builddir/build/BUILD/' --strip-path-prefix /builddir/build/BUILD/ | csgrep --mode=json --invert-match --path '^ksh-.*[0-9]+\\.c\$' | csgrep --mode=json --invert-match --path 'CMakeFiles/CMakeTmp|conftest.c' | cssort --key=path > '/home/mockbuilder/aufover-benchmark/workdir-for-sync/rpm-pkgs/npth-1.6-7.fc35/divine/output/scan-results.js'"

>>> 2023-01-26 06:28:27	"sed 's|/builddir/build/BUILDROOT/[^/]*/|/builddir/build/BUILD//|' '/home/mockbuilder/aufover-benchmark/workdir-for-sync/rpm-pkgs/npth-1.6-7.fc35/divine/output/debug/scan-results-all.js' | csgrep --mode=json --strip-path-prefix /builddir/build/BUILD/ | csdiff --show-internal '/home/mockbuilder/aufover-benchmark/workdir-for-sync/rpm-pkgs/npth-1.6-7.fc35/divine/output/scan-results.js' - | cssort > '/home/mockbuilder/aufover-benchmark/workdir-for-sync/rpm-pkgs/npth-1.6-7.fc35/divine/output/debug/suppressed-results.js'"

>>> 2023-01-26 06:28:27	"csgrep --mode=grep --invert-match --event \"internal warning\" --prune-events=1 '/home/mockbuilder/aufover-benchmark/workdir-for-sync/rpm-pkgs/npth-1.6-7.fc35/divine/output/debug/suppressed-results.js' > '/home/mockbuilder/aufover-benchmark/workdir-for-sync/rpm-pkgs/npth-1.6-7.fc35/divine/output/debug/suppressed-results.err'"

>>> 2023-01-26 06:28:27	"csgrep --mode=json --invert-match --event \"internal warning\" --prune-events=1 '/home/mockbuilder/aufover-benchmark/workdir-for-sync/rpm-pkgs/npth-1.6-7.fc35/divine/output/debug/suppressed-results.js' | cshtml - > '/home/mockbuilder/aufover-benchmark/workdir-for-sync/rpm-pkgs/npth-1.6-7.fc35/divine/output/debug/suppressed-results.html'"

>>> 2023-01-26 06:28:27	"csgrep --mode=evtstat --invert-match --event \"internal warning\" --prune-events=1 '/home/mockbuilder/aufover-benchmark/workdir-for-sync/rpm-pkgs/npth-1.6-7.fc35/divine/output/debug/suppressed-results.js' | tee '/home/mockbuilder/aufover-benchmark/workdir-for-sync/rpm-pkgs/npth-1.6-7.fc35/divine/output/debug/suppressed-results-summary.txt'"

>>> 2023-01-26 06:28:27	"csgrep --mode=grep --invert-match --event \"internal warning\" --prune-events=1 '/home/mockbuilder/aufover-benchmark/workdir-for-sync/rpm-pkgs/npth-1.6-7.fc35/divine/output/scan-results.js' > '/home/mockbuilder/aufover-benchmark/workdir-for-sync/rpm-pkgs/npth-1.6-7.fc35/divine/output/scan-results.err'"

>>> 2023-01-26 06:28:27	"csgrep --mode=json --invert-match --event \"internal warning\" --prune-events=1 '/home/mockbuilder/aufover-benchmark/workdir-for-sync/rpm-pkgs/npth-1.6-7.fc35/divine/output/scan-results.js' | cshtml - > '/home/mockbuilder/aufover-benchmark/workdir-for-sync/rpm-pkgs/npth-1.6-7.fc35/divine/output/scan-results.html'"

>>> 2023-01-26 06:28:27	"csgrep --mode=evtstat --invert-match --event \"internal warning\" --prune-events=1 '/home/mockbuilder/aufover-benchmark/workdir-for-sync/rpm-pkgs/npth-1.6-7.fc35/divine/output/scan-results.js' | tee '/home/mockbuilder/aufover-benchmark/workdir-for-sync/rpm-pkgs/npth-1.6-7.fc35/divine/output/scan-results-summary.txt'"
     13	COMPILER_WARNING                                	warning

<<< 2023-01-26 06:28:27	csmock exit code: 1

