scan.ini: [scan]
scan.ini: tool = csmock
scan.ini: tool-version = csmock-3.3.5-1.fc36
scan.ini: tool-args = '/usr/bin/csmock' '-o' '/home/mockbuilder/aufover-benchmark/workdir-for-sync/rpm-pkgs/libffi-3.1-29.fc35/symbiotic/output' '-f' '/home/mockbuilder/aufover-benchmark/workdir-for-sync/rpm-pkgs/libffi-3.1-29.fc35/libffi-3.1-29.fc35.src.rpm' '-r' 'fedora-35-x86_64' '-t' 'symbiotic' '--symbiotic-timeout=8' '--keep-going'
scan.ini: host = dell-pe-fm120-2a.dell2.lab.eng.bos.redhat.com
scan.ini: store-results-to = /home/mockbuilder/aufover-benchmark/workdir-for-sync/rpm-pkgs/libffi-3.1-29.fc35/symbiotic/output
scan.ini: time-created = 2023-01-30 15:31:26
scan.ini: enabled-plugins = symbiotic, gcc
scan.ini: mock-config = fedora-35-x86_64
scan.ini: project-name = libffi-3.1-29.fc35
>>> 2023-01-30 15:31:26	"rpm -qa | sort -V > '/home/mockbuilder/aufover-benchmark/workdir-for-sync/rpm-pkgs/libffi-3.1-29.fc35/symbiotic/output/debug/rpm-list-host.txt'"

>>> 2023-01-30 15:31:27	"/usr/bin/mock" "-r" "fedora-35-x86_64" "--plugin-option=tmpfs:keep_mounted=True" "--config-opts=print_main_output=True" "--init"
INFO: mock.py version 3.5 starting (python version = 3.10.9, NVR = mock-3.5-1.fc36)...
Start(bootstrap): init plugins
INFO: selinux enabled
Finish(bootstrap): init plugins
Start: init plugins
INFO: selinux enabled
Finish: init plugins
INFO: Signal handler active
Start: run
Start: clean chroot
Finish: clean chroot
Start(bootstrap): chroot init
INFO: calling preinit hooks
INFO: enabled root cache
INFO: enabled package manager cache
Start(bootstrap): cleaning package manager metadata
Finish(bootstrap): cleaning package manager metadata
INFO: enabled HW Info plugin
Mock Version: 3.5
INFO: Mock Version: 3.5
Finish(bootstrap): chroot init
Start: chroot init
INFO: calling preinit hooks
INFO: enabled root cache
Start: unpacking root cache
Finish: unpacking root cache
INFO: enabled package manager cache
Start: cleaning package manager metadata
Finish: cleaning package manager metadata
INFO: enabled HW Info plugin
Mock Version: 3.5
INFO: Mock Version: 3.5
Finish: chroot init
Finish: run

>>> 2023-01-30 15:31:35	"/usr/bin/mock" "-r" "fedora-35-x86_64" "--plugin-option=tmpfs:keep_mounted=True" "--config-opts=print_main_output=True" "--quiet" "--installdeps" "/tmp/csmockg8g9k8jh/libffi-3.1-29.fc35.src.rpm"
No matches found for the following disable plugin patterns: local, spacewalk, versionlock
fedora                   [===                 ] ---  B/s |   0  B     --:-- ETAfedora                   [===                 ] ---  B/s |   0  B     --:-- ETAfedora                                           13 kB/s | 4.5 kB     00:00    
updates                  [   ===              ] ---  B/s |   0  B     --:-- ETAupdates                                          14 kB/s | 2.8 kB     00:00    
Dependencies resolved.
================================================================================
 Package                 Arch        Version                 Repository    Size
================================================================================
Installing:
 [1mdejagnu                [m noarch      1:1.6.3-2.fc35          updates      276 k
 [1mgcc                    [m x86_64      11.3.1-3.fc35           updates       31 M
 [1mgcc-c++                [m x86_64      11.3.1-3.fc35           updates       12 M
 [1mmake                   [m x86_64      1:4.3-6.fc35            fedora       533 k
Installing dependencies:
 [1mannobin-docs           [m noarch      10.79-1.fc35            updates       91 k
 [1mannobin-plugin-gcc     [m x86_64      10.79-1.fc35            updates      882 k
 [1mcpp                    [m x86_64      11.3.1-3.fc35           updates       10 M
 [1mexpect                 [m x86_64      5.45.4-14.fc35          fedora       245 k
 [1mgc                     [m x86_64      8.0.4-6.fc35            fedora       103 k
 [1mglibc-devel            [m x86_64      2.34-49.fc35            updates       45 k
 [1mglibc-headers-x86      [m noarch      2.34-49.fc35            updates      445 k
 [1mguile22                [m x86_64      2.2.7-3.fc35            fedora       6.4 M
 [1mkernel-headers         [m x86_64      6.0.5-100.fc35          updates      1.3 M
 [1mlibmpc                 [m x86_64      1.2.1-3.fc35            fedora        62 k
 [1mlibstdc++-devel        [m x86_64      11.3.1-3.fc35           updates      2.2 M
 [1mlibtool-ltdl           [m x86_64      2.4.6-50.fc35           updates       36 k
 [1mlibxcrypt-devel        [m x86_64      4.4.33-3.fc35           updates       30 k
 [1mtcl                    [m x86_64      1:8.6.10-6.fc35         updates      1.1 M

Transaction Summary
================================================================================
Install  18 Packages

Total size: 67 M
Total download size: 1.6 M
Installed size: 210 M
Downloading Packages:
fedora                   [      ===           ] ---  B/s |   0  B     --:-- ETA[SKIPPED] gc-8.0.4-6.fc35.x86_64.rpm: Already downloaded                       
[SKIPPED] guile22-2.2.7-3.fc35.x86_64.rpm: Already downloaded                  
[SKIPPED] libmpc-1.2.1-3.fc35.x86_64.rpm: Already downloaded                   
[SKIPPED] make-4.3-6.fc35.x86_64.rpm: Already downloaded                       
[SKIPPED] annobin-docs-10.79-1.fc35.noarch.rpm: Already downloaded             
[SKIPPED] annobin-plugin-gcc-10.79-1.fc35.x86_64.rpm: Already downloaded       
[SKIPPED] cpp-11.3.1-3.fc35.x86_64.rpm: Already downloaded                     
updates                  [         ===        ]  13 kB/s | 4.5 kB     --:-- ETA[SKIPPED] gcc-11.3.1-3.fc35.x86_64.rpm: Already downloaded                     
[SKIPPED] gcc-c++-11.3.1-3.fc35.x86_64.rpm: Already downloaded                 
[SKIPPED] glibc-devel-2.34-49.fc35.x86_64.rpm: Already downloaded              
[SKIPPED] glibc-headers-x86-2.34-49.fc35.noarch.rpm: Already downloaded        
[SKIPPED] kernel-headers-6.0.5-100.fc35.x86_64.rpm: Already downloaded         
[SKIPPED] libstdc++-devel-11.3.1-3.fc35.x86_64.rpm: Already downloaded         
[SKIPPED] libtool-ltdl-2.4.6-50.fc35.x86_64.rpm: Already downloaded            
[SKIPPED] libxcrypt-devel-4.4.33-3.fc35.x86_64.rpm: Already downloaded         
(16/18): expect-5.45 97% [===================-] ---  B/s |  66 MB     --:-- ETA[MIRROR] tcl-8.6.10-6.fc35.x86_64.rpm: Status code: 404 for https://d2lzkl7pfhq30w.cloudfront.net/pub/fedora/linux/updates/35/Everything/x86_64/Packages/t/tcl-8.6.10-6.fc35.x86_64.rpm (IP: 99.86.227.83)
(16-18/18): expect-5 97% [===================-] 1.2 kB/s |  66 MB     21:21 ETA[MIRROR] dejagnu-1.6.3-2.fc35.noarch.rpm: Status code: 404 for https://d2lzkl7pfhq30w.cloudfront.net/pub/fedora/linux/updates/35/Everything/x86_64/Packages/d/dejagnu-1.6.3-2.fc35.noarch.rpm (IP: 99.86.227.83)
(16-18/18): expect-5 97% [===================-] 1.2 kB/s |  66 MB     21:21 ETA[MIRROR] tcl-8.6.10-6.fc35.x86_64.rpm: Status code: 404 for https://download-cc-rdu01.fedoraproject.org/pub/fedora/linux/updates/35/Everything/x86_64/Packages/t/tcl-8.6.10-6.fc35.x86_64.rpm (IP: 8.43.85.72)
(16-18/18): dejagnu- 97% [===================-]  16 kB/s |  66 MB     01:36 ETA[MIRROR] dejagnu-1.6.3-2.fc35.noarch.rpm: Status code: 404 for https://download-cc-rdu01.fedoraproject.org/pub/fedora/linux/updates/35/Everything/x86_64/Packages/d/dejagnu-1.6.3-2.fc35.noarch.rpm (IP: 8.43.85.72)
(16-18/18): dejagnu- 97% [===================-]  18 kB/s |  66 MB     01:23 ETA[MIRROR] tcl-8.6.10-6.fc35.x86_64.rpm: Status code: 404 for http://download-cc-rdu01.fedoraproject.org/pub/fedora/linux/updates/35/Everything/x86_64/Packages/t/tcl-8.6.10-6.fc35.x86_64.rpm (IP: 8.43.85.72)
(16-18/18): dejagnu- 97% [===================-]  33 kB/s |  66 MB     00:43 ETA[MIRROR] dejagnu-1.6.3-2.fc35.noarch.rpm: Status code: 404 for http://download-cc-rdu01.fedoraproject.org/pub/fedora/linux/updates/35/Everything/x86_64/Packages/d/dejagnu-1.6.3-2.fc35.noarch.rpm (IP: 8.43.85.72)
(16-18/18): dejagnu- 97% [===================-]  34 kB/s |  66 MB     00:42 ETA(16/18): expect-5.45.4-14.fc35.x86_64.rpm       282 kB/s | 245 kB     00:00    
(17-18/18): dejagnu- 98% [===================-]  48 kB/s |  66 MB     00:28 ETA(17-18/18): dejagnu- 98% [===================-]  49 kB/s |  66 MB     00:27 ETA(17-18/18): tcl-8.6. 98% [===================-]  55 kB/s |  66 MB     00:23 ETA(17-18/18): tcl-8.6. 98% [===================-]  61 kB/s |  66 MB     00:20 ETA(17-18/18): tcl-8.6. 98% [===================-]  68 kB/s |  66 MB     00:17 ETA(17-18/18): dejagnu- 98% [===================-]  73 kB/s |  66 MB     00:15 ETA(17-18/18): dejagnu- 98% [===================-]  78 kB/s |  66 MB     00:13 ETA(17-18/18): dejagnu- 98% [===================-]  80 kB/s |  66 MB     00:13 ETA(17-18/18): tcl-8.6. 98% [===================-]  84 kB/s |  66 MB     00:12 ETA(17-18/18): tcl-8.6. 98% [===================-]  87 kB/s |  66 MB     00:11 ETA(17-18/18): tcl-8.6. 98% [===================-]  91 kB/s |  66 MB     00:10 ETA(17-18/18): dejagnu- 98% [===================-]  95 kB/s |  66 MB     00:09 ETA(17-18/18): dejagnu- 98% [===================-]  98 kB/s |  66 MB     00:08 ETA(17/18): dejagnu-1.6.3-2.fc35.noarch.rpm         53 kB/s | 276 kB     00:05    
(18/18): tcl-8.6.10- 98% [===================-]  92 kB/s |  66 MB     00:08 ETA(18/18): tcl-8.6.10- 98% [===================-]  97 kB/s |  67 MB     00:07 ETA(18/18): tcl-8.6.10- 98% [===================-]  95 kB/s |  67 MB     00:07 ETA(18/18): tcl-8.6.10- 98% [===================-]  93 kB/s |  67 MB     00:07 ETA(18/18): tcl-8.6.10- 98% [===================-]  92 kB/s |  67 MB     00:07 ETA(18/18): tcl-8.6.10- 99% [===================-]  91 kB/s |  67 MB     00:07 ETA(18/18): tcl-8.6.10- 99% [===================-]  90 kB/s |  67 MB     00:07 ETA(18/18): tcl-8.6.10- 99% [===================-]  88 kB/s |  67 MB     00:07 ETA(18/18): tcl-8.6.10- 99% [===================-]  87 kB/s |  67 MB     00:06 ETA(18/18): tcl-8.6.10- 99% [===================-]  86 kB/s |  67 MB     00:06 ETA(18/18): tcl-8.6.10- 99% [===================-]  85 kB/s |  67 MB     00:06 ETA(18/18): tcl-8.6.10- 99% [===================-]  84 kB/s |  67 MB     00:06 ETA(18/18): tcl-8.6.10- 99% [===================-]  84 kB/s |  67 MB     00:06 ETA(18/18): tcl-8.6.10- 99% [===================-]  83 kB/s |  67 MB     00:05 ETA(18/18): tcl-8.6.10- 99% [===================-]  83 kB/s |  67 MB     00:05 ETA(18/18): tcl-8.6.10- 99% [===================-]  82 kB/s |  67 MB     00:05 ETA(18/18): tcl-8.6.10- 99% [===================-]  81 kB/s |  67 MB     00:05 ETA(18/18): tcl-8.6.10- 99% [===================-]  81 kB/s |  67 MB     00:04 ETA(18/18): tcl-8.6.10- 99% [===================-]  80 kB/s |  67 MB     00:04 ETA(18/18): tcl-8.6.10- 99% [===================-]  79 kB/s |  67 MB     00:04 ETA(18/18): tcl-8.6.10- 99% [===================-]  79 kB/s |  67 MB     00:04 ETA(18/18): tcl-8.6.10- 99% [===================-]  79 kB/s |  67 MB     00:03 ETA(18/18): tcl-8.6.10- 99% [===================-]  78 kB/s |  67 MB     00:03 ETA(18/18): tcl-8.6.10- 99% [===================-]  78 kB/s |  67 MB     00:03 ETA(18/18): tcl-8.6.10- 99% [===================-]  78 kB/s |  67 MB     00:03 ETA(18/18): tcl-8.6.10- 99% [===================-]  77 kB/s |  67 MB     00:02 ETA(18/18): tcl-8.6.10- 99% [===================-]  77 kB/s |  67 MB     00:02 ETA(18/18): tcl-8.6.10- 99% [===================-]  77 kB/s |  67 MB     00:02 ETA(18/18): tcl-8.6.10- 99% [===================-]  77 kB/s |  67 MB     00:01 ETA(18/18): tcl-8.6.10- 99% [===================-]  76 kB/s |  67 MB     00:01 ETA(18/18): tcl-8.6.10- 99% [===================-]  76 kB/s |  67 MB     00:01 ETA(18/18): tcl-8.6.10- 99% [===================-]  76 kB/s |  67 MB     00:00 ETA(18/18): tcl-8.6.10- 99% [===================-]  76 kB/s |  67 MB     00:00 ETA(18/18): tcl-8.6.10- 99% [===================-]  75 kB/s |  67 MB     00:00 ETA(18/18): tcl-8.6.10- 99% [===================-]  75 kB/s |  67 MB     00:00 ETA(18/18): tcl-8.6.10-6.fc35.x86_64.rpm            67 kB/s | 1.1 MB     00:16    
--------------------------------------------------------------------------------
Total                                            96 kB/s | 1.6 MB     00:16     
Running transaction check
Transaction check succeeded.
Running transaction test
Transaction test succeeded.
Running transaction
  Preparing        :  [==                                                 ] 1/1  Preparing        :  [=====                                              ] 1/1  Preparing        :  [========                                           ] 1/1  Preparing        :  [===========                                        ] 1/1  Preparing        :  [=============                                      ] 1/1  Preparing        :  [================                                   ] 1/1  Preparing        :  [===================                                ] 1/1  Preparing        :  [======================                             ] 1/1  Preparing        :  [=========================                          ] 1/1  Preparing        :  [============================                       ] 1/1  Preparing        :  [===============================                    ] 1/1  Preparing        :  [=================================                  ] 1/1  Preparing        :  [====================================               ] 1/1  Preparing        :  [=======================================            ] 1/1  Preparing        :  [==========================================         ] 1/1  Preparing        :  [============================================       ] 1/1  Preparing        :  [===============================================    ] 1/1  Preparing        :                                                        1/1 
  Installing       : libmpc-1.2.1-3.fc35.x86_ [                         ]  1/18  Installing       : libmpc-1.2.1-3.fc35.x86_ [=====                    ]  1/18  Installing       : libmpc-1.2.1-3.fc35.x86_ [===========              ]  1/18  Installing       : libmpc-1.2.1-3.fc35.x86_ [=================        ]  1/18  Installing       : libmpc-1.2.1-3.fc35.x86_ [=====================    ]  1/18  Installing       : libmpc-1.2.1-3.fc35.x86_ [======================   ]  1/18  Installing       : libmpc-1.2.1-3.fc35.x86_ [=======================  ]  1/18  Installing       : libmpc-1.2.1-3.fc35.x86_ [======================== ]  1/18  Installing       : libmpc-1.2.1-3.fc35.x86_64                            1/18 
  Installing       : cpp-11.3.1-3.fc35.x86_64 [                         ]  2/18  Installing       : cpp-11.3.1-3.fc35.x86_64 [=                        ]  2/18  Installing       : cpp-11.3.1-3.fc35.x86_64 [==                       ]  2/18  Installing       : cpp-11.3.1-3.fc35.x86_64 [===                      ]  2/18  Installing       : cpp-11.3.1-3.fc35.x86_64 [====                     ]  2/18  Installing       : cpp-11.3.1-3.fc35.x86_64 [=====                    ]  2/18  Installing       : cpp-11.3.1-3.fc35.x86_64 [======                   ]  2/18  Installing       : cpp-11.3.1-3.fc35.x86_64 [=======                  ]  2/18  Installing       : cpp-11.3.1-3.fc35.x86_64 [========                 ]  2/18  Installing       : cpp-11.3.1-3.fc35.x86_64 [=========                ]  2/18  Installing       : cpp-11.3.1-3.fc35.x86_64 [==========               ]  2/18  Installing       : cpp-11.3.1-3.fc35.x86_64 [===========              ]  2/18  Installing       : cpp-11.3.1-3.fc35.x86_64 [============             ]  2/18  Installing       : cpp-11.3.1-3.fc35.x86_64 [=============            ]  2/18  Installing       : cpp-11.3.1-3.fc35.x86_64 [==============           ]  2/18  Installing       : cpp-11.3.1-3.fc35.x86_64 [===============          ]  2/18  Installing       : cpp-11.3.1-3.fc35.x86_64 [================         ]  2/18  Installing       : cpp-11.3.1-3.fc35.x86_64 [=================        ]  2/18  Installing       : cpp-11.3.1-3.fc35.x86_64 [==================       ]  2/18  Installing       : cpp-11.3.1-3.fc35.x86_64 [===================      ]  2/18  Installing       : cpp-11.3.1-3.fc35.x86_64 [====================     ]  2/18  Installing       : cpp-11.3.1-3.fc35.x86_64 [=====================    ]  2/18  Installing       : cpp-11.3.1-3.fc35.x86_64 [======================   ]  2/18  Installing       : cpp-11.3.1-3.fc35.x86_64 [=======================  ]  2/18  Installing       : cpp-11.3.1-3.fc35.x86_64 [======================== ]  2/18  Installing       : cpp-11.3.1-3.fc35.x86_64                              2/18 
  Installing       : tcl-1:8.6.10-6.fc35.x86_ [                         ]  3/18  Installing       : tcl-1:8.6.10-6.fc35.x86_ [=                        ]  3/18  Installing       : tcl-1:8.6.10-6.fc35.x86_ [==                       ]  3/18  Installing       : tcl-1:8.6.10-6.fc35.x86_ [===                      ]  3/18  Installing       : tcl-1:8.6.10-6.fc35.x86_ [====                     ]  3/18  Installing       : tcl-1:8.6.10-6.fc35.x86_ [=====                    ]  3/18  Installing       : tcl-1:8.6.10-6.fc35.x86_ [======                   ]  3/18  Installing       : tcl-1:8.6.10-6.fc35.x86_ [=======                  ]  3/18  Installing       : tcl-1:8.6.10-6.fc35.x86_ [========                 ]  3/18  Installing       : tcl-1:8.6.10-6.fc35.x86_ [=========                ]  3/18  Installing       : tcl-1:8.6.10-6.fc35.x86_ [==========               ]  3/18  Installing       : tcl-1:8.6.10-6.fc35.x86_ [===========              ]  3/18  Installing       : tcl-1:8.6.10-6.fc35.x86_ [============             ]  3/18  Installing       : tcl-1:8.6.10-6.fc35.x86_ [=============            ]  3/18  Installing       : tcl-1:8.6.10-6.fc35.x86_ [==============           ]  3/18  Installing       : tcl-1:8.6.10-6.fc35.x86_ [===============          ]  3/18  Installing       : tcl-1:8.6.10-6.fc35.x86_ [================         ]  3/18  Installing       : tcl-1:8.6.10-6.fc35.x86_ [=================        ]  3/18  Installing       : tcl-1:8.6.10-6.fc35.x86_ [==================       ]  3/18  Installing       : tcl-1:8.6.10-6.fc35.x86_ [===================      ]  3/18  Installing       : tcl-1:8.6.10-6.fc35.x86_ [====================     ]  3/18  Installing       : tcl-1:8.6.10-6.fc35.x86_ [=====================    ]  3/18  Installing       : tcl-1:8.6.10-6.fc35.x86_ [======================   ]  3/18  Installing       : tcl-1:8.6.10-6.fc35.x86_ [=======================  ]  3/18  Installing       : tcl-1:8.6.10-6.fc35.x86_ [======================== ]  3/18  Installing       : tcl-1:8.6.10-6.fc35.x86_64                            3/18 
  Installing       : expect-5.45.4-14.fc35.x8 [                         ]  4/18  Installing       : expect-5.45.4-14.fc35.x8 [=                        ]  4/18  Installing       : expect-5.45.4-14.fc35.x8 [==                       ]  4/18  Installing       : expect-5.45.4-14.fc35.x8 [===                      ]  4/18  Installing       : expect-5.45.4-14.fc35.x8 [====                     ]  4/18  Installing       : expect-5.45.4-14.fc35.x8 [=====                    ]  4/18  Installing       : expect-5.45.4-14.fc35.x8 [=======                  ]  4/18  Installing       : expect-5.45.4-14.fc35.x8 [========                 ]  4/18  Installing       : expect-5.45.4-14.fc35.x8 [==========               ]  4/18  Installing       : expect-5.45.4-14.fc35.x8 [===========              ]  4/18  Installing       : expect-5.45.4-14.fc35.x8 [============             ]  4/18  Installing       : expect-5.45.4-14.fc35.x8 [=============            ]  4/18  Installing       : expect-5.45.4-14.fc35.x8 [===============          ]  4/18  Installing       : expect-5.45.4-14.fc35.x8 [================         ]  4/18  Installing       : expect-5.45.4-14.fc35.x8 [==================       ]  4/18  Installing       : expect-5.45.4-14.fc35.x8 [===================      ]  4/18  Installing       : expect-5.45.4-14.fc35.x8 [====================     ]  4/18  Installing       : expect-5.45.4-14.fc35.x8 [=====================    ]  4/18  Installing       : expect-5.45.4-14.fc35.x8 [======================   ]  4/18  Installing       : expect-5.45.4-14.fc35.x8 [=======================  ]  4/18  Installing       : expect-5.45.4-14.fc35.x8 [======================== ]  4/18  Installing       : expect-5.45.4-14.fc35.x86_64                          4/18 
  Installing       : libtool-ltdl-2.4.6-50.fc [                         ]  5/18  Installing       : libtool-ltdl-2.4.6-50.fc [===========              ]  5/18  Installing       : libtool-ltdl-2.4.6-50.fc [===============          ]  5/18  Installing       : libtool-ltdl-2.4.6-50.fc [======================== ]  5/18  Installing       : libtool-ltdl-2.4.6-50.fc35.x86_64                     5/18 
  Installing       : libstdc++-devel-11.3.1-3 [                         ]  6/18  Installing       : libstdc++-devel-11.3.1-3 [=                        ]  6/18  Installing       : libstdc++-devel-11.3.1-3 [==                       ]  6/18  Installing       : libstdc++-devel-11.3.1-3 [===                      ]  6/18  Installing       : libstdc++-devel-11.3.1-3 [====                     ]  6/18  Installing       : libstdc++-devel-11.3.1-3 [=====                    ]  6/18  Installing       : libstdc++-devel-11.3.1-3 [======                   ]  6/18  Installing       : libstdc++-devel-11.3.1-3 [=======                  ]  6/18  Installing       : libstdc++-devel-11.3.1-3 [========                 ]  6/18  Installing       : libstdc++-devel-11.3.1-3 [=========                ]  6/18  Installing       : libstdc++-devel-11.3.1-3 [==========               ]  6/18  Installing       : libstdc++-devel-11.3.1-3 [===========              ]  6/18  Installing       : libstdc++-devel-11.3.1-3 [============             ]  6/18  Installing       : libstdc++-devel-11.3.1-3 [=============            ]  6/18  Installing       : libstdc++-devel-11.3.1-3 [==============           ]  6/18  Installing       : libstdc++-devel-11.3.1-3 [===============          ]  6/18  Installing       : libstdc++-devel-11.3.1-3 [================         ]  6/18  Installing       : libstdc++-devel-11.3.1-3 [=================        ]  6/18  Installing       : libstdc++-devel-11.3.1-3 [==================       ]  6/18  Installing       : libstdc++-devel-11.3.1-3 [===================      ]  6/18  Installing       : libstdc++-devel-11.3.1-3 [====================     ]  6/18  Installing       : libstdc++-devel-11.3.1-3 [=====================    ]  6/18  Installing       : libstdc++-devel-11.3.1-3 [======================   ]  6/18  Installing       : libstdc++-devel-11.3.1-3 [=======================  ]  6/18  Installing       : libstdc++-devel-11.3.1-3 [======================== ]  6/18  Installing       : libstdc++-devel-11.3.1-3.fc35.x86_64                  6/18 
  Installing       : kernel-headers-6.0.5-100 [                         ]  7/18  Installing       : kernel-headers-6.0.5-100 [=                        ]  7/18  Installing       : kernel-headers-6.0.5-100 [==                       ]  7/18  Installing       : kernel-headers-6.0.5-100 [===                      ]  7/18  Installing       : kernel-headers-6.0.5-100 [====                     ]  7/18  Installing       : kernel-headers-6.0.5-100 [=====                    ]  7/18  Installing       : kernel-headers-6.0.5-100 [======                   ]  7/18  Installing       : kernel-headers-6.0.5-100 [=======                  ]  7/18  Installing       : kernel-headers-6.0.5-100 [========                 ]  7/18  Installing       : kernel-headers-6.0.5-100 [=========                ]  7/18  Installing       : kernel-headers-6.0.5-100 [==========               ]  7/18  Installing       : kernel-headers-6.0.5-100 [===========              ]  7/18  Installing       : kernel-headers-6.0.5-100 [============             ]  7/18  Installing       : kernel-headers-6.0.5-100 [=============            ]  7/18  Installing       : kernel-headers-6.0.5-100 [==============           ]  7/18  Installing       : kernel-headers-6.0.5-100 [===============          ]  7/18  Installing       : kernel-headers-6.0.5-100 [================         ]  7/18  Installing       : kernel-headers-6.0.5-100 [=================        ]  7/18  Installing       : kernel-headers-6.0.5-100 [==================       ]  7/18  Installing       : kernel-headers-6.0.5-100 [===================      ]  7/18  Installing       : kernel-headers-6.0.5-100 [====================     ]  7/18  Installing       : kernel-headers-6.0.5-100 [=====================    ]  7/18  Installing       : kernel-headers-6.0.5-100 [======================   ]  7/18  Installing       : kernel-headers-6.0.5-100 [=======================  ]  7/18  Installing       : kernel-headers-6.0.5-100 [======================== ]  7/18  Installing       : kernel-headers-6.0.5-100.fc35.x86_64                  7/18 
  Installing       : glibc-headers-x86-2.34-4 [                         ]  8/18  Installing       : glibc-headers-x86-2.34-4 [=                        ]  8/18  Installing       : glibc-headers-x86-2.34-4 [==                       ]  8/18  Installing       : glibc-headers-x86-2.34-4 [===                      ]  8/18  Installing       : glibc-headers-x86-2.34-4 [====                     ]  8/18  Installing       : glibc-headers-x86-2.34-4 [=====                    ]  8/18  Installing       : glibc-headers-x86-2.34-4 [======                   ]  8/18  Installing       : glibc-headers-x86-2.34-4 [=======                  ]  8/18  Installing       : glibc-headers-x86-2.34-4 [========                 ]  8/18  Installing       : glibc-headers-x86-2.34-4 [=========                ]  8/18  Installing       : glibc-headers-x86-2.34-4 [==========               ]  8/18  Installing       : glibc-headers-x86-2.34-4 [===========              ]  8/18  Installing       : glibc-headers-x86-2.34-4 [============             ]  8/18  Installing       : glibc-headers-x86-2.34-4 [=============            ]  8/18  Installing       : glibc-headers-x86-2.34-4 [==============           ]  8/18  Installing       : glibc-headers-x86-2.34-4 [===============          ]  8/18  Installing       : glibc-headers-x86-2.34-4 [================         ]  8/18  Installing       : glibc-headers-x86-2.34-4 [=================        ]  8/18  Installing       : glibc-headers-x86-2.34-4 [==================       ]  8/18  Installing       : glibc-headers-x86-2.34-4 [===================      ]  8/18  Installing       : glibc-headers-x86-2.34-4 [====================     ]  8/18  Installing       : glibc-headers-x86-2.34-4 [=====================    ]  8/18  Installing       : glibc-headers-x86-2.34-4 [======================   ]  8/18  Installing       : glibc-headers-x86-2.34-4 [=======================  ]  8/18  Installing       : glibc-headers-x86-2.34-4 [======================== ]  8/18  Installing       : glibc-headers-x86-2.34-49.fc35.noarch                 8/18 
  Installing       : libxcrypt-devel-4.4.33-3 [                         ]  9/18  Installing       : libxcrypt-devel-4.4.33-3 [========                 ]  9/18  Installing       : libxcrypt-devel-4.4.33-3 [=========                ]  9/18  Installing       : libxcrypt-devel-4.4.33-3 [=============            ]  9/18  Installing       : libxcrypt-devel-4.4.33-3 [=================        ]  9/18  Installing       : libxcrypt-devel-4.4.33-3 [====================     ]  9/18  Installing       : libxcrypt-devel-4.4.33-3 [=====================    ]  9/18  Installing       : libxcrypt-devel-4.4.33-3 [=======================  ]  9/18  Installing       : libxcrypt-devel-4.4.33-3 [======================== ]  9/18  Installing       : libxcrypt-devel-4.4.33-3.fc35.x86_64                  9/18 
  Installing       : glibc-devel-2.34-49.fc35 [                         ] 10/18  Installing       : glibc-devel-2.34-49.fc35 [=                        ] 10/18  Installing       : glibc-devel-2.34-49.fc35 [====                     ] 10/18  Installing       : glibc-devel-2.34-49.fc35 [=======                  ] 10/18  Installing       : glibc-devel-2.34-49.fc35 [========                 ] 10/18  Installing       : glibc-devel-2.34-49.fc35 [=============            ] 10/18  Installing       : glibc-devel-2.34-49.fc35 [=================        ] 10/18  Installing       : glibc-devel-2.34-49.fc35 [==================       ] 10/18  Installing       : glibc-devel-2.34-49.fc35 [====================     ] 10/18  Installing       : glibc-devel-2.34-49.fc35 [======================   ] 10/18  Installing       : glibc-devel-2.34-49.fc35 [======================== ] 10/18  Installing       : glibc-devel-2.34-49.fc35.x86_64                      10/18 
  Installing       : annobin-docs-10.79-1.fc3 [                         ] 11/18  Installing       : annobin-docs-10.79-1.fc3 [==                       ] 11/18  Installing       : annobin-docs-10.79-1.fc3 [===========              ] 11/18  Installing       : annobin-docs-10.79-1.fc3 [=============            ] 11/18  Installing       : annobin-docs-10.79-1.fc3 [======================   ] 11/18  Installing       : annobin-docs-10.79-1.fc3 [=======================  ] 11/18  Installing       : annobin-docs-10.79-1.fc3 [======================== ] 11/18  Installing       : annobin-docs-10.79-1.fc35.noarch                     11/18 
  Installing       : gc-8.0.4-6.fc35.x86_64 [                           ] 12/18  Installing       : gc-8.0.4-6.fc35.x86_64 [===                        ] 12/18  Installing       : gc-8.0.4-6.fc35.x86_64 [====                       ] 12/18  Installing       : gc-8.0.4-6.fc35.x86_64 [========                   ] 12/18  Installing       : gc-8.0.4-6.fc35.x86_64 [===========                ] 12/18  Installing       : gc-8.0.4-6.fc35.x86_64 [===============            ] 12/18  Installing       : gc-8.0.4-6.fc35.x86_64 [===================        ] 12/18  Installing       : gc-8.0.4-6.fc35.x86_64 [======================     ] 12/18  Installing       : gc-8.0.4-6.fc35.x86_64 [=========================  ] 12/18  Installing       : gc-8.0.4-6.fc35.x86_64 [========================== ] 12/18  Installing       : gc-8.0.4-6.fc35.x86_64                               12/18 
  Installing       : guile22-2.2.7-3.fc35.x86 [                         ] 13/18  Installing       : guile22-2.2.7-3.fc35.x86 [=                        ] 13/18  Installing       : guile22-2.2.7-3.fc35.x86 [==                       ] 13/18  Installing       : guile22-2.2.7-3.fc35.x86 [===                      ] 13/18  Installing       : guile22-2.2.7-3.fc35.x86 [====                     ] 13/18  Installing       : guile22-2.2.7-3.fc35.x86 [=====                    ] 13/18  Installing       : guile22-2.2.7-3.fc35.x86 [======                   ] 13/18  Installing       : guile22-2.2.7-3.fc35.x86 [=======                  ] 13/18  Installing       : guile22-2.2.7-3.fc35.x86 [========                 ] 13/18  Installing       : guile22-2.2.7-3.fc35.x86 [=========                ] 13/18  Installing       : guile22-2.2.7-3.fc35.x86 [==========               ] 13/18  Installing       : guile22-2.2.7-3.fc35.x86 [===========              ] 13/18  Installing       : guile22-2.2.7-3.fc35.x86 [============             ] 13/18  Installing       : guile22-2.2.7-3.fc35.x86 [=============            ] 13/18  Installing       : guile22-2.2.7-3.fc35.x86 [==============           ] 13/18  Installing       : guile22-2.2.7-3.fc35.x86 [===============          ] 13/18  Installing       : guile22-2.2.7-3.fc35.x86 [================         ] 13/18  Installing       : guile22-2.2.7-3.fc35.x86 [=================        ] 13/18  Installing       : guile22-2.2.7-3.fc35.x86 [==================       ] 13/18  Installing       : guile22-2.2.7-3.fc35.x86 [===================      ] 13/18  Installing       : guile22-2.2.7-3.fc35.x86 [====================     ] 13/18  Installing       : guile22-2.2.7-3.fc35.x86 [=====================    ] 13/18  Installing       : guile22-2.2.7-3.fc35.x86 [======================   ] 13/18  Installing       : guile22-2.2.7-3.fc35.x86 [=======================  ] 13/18  Installing       : guile22-2.2.7-3.fc35.x86 [======================== ] 13/18  Installing       : guile22-2.2.7-3.fc35.x86_64                          13/18 
  Installing       : make-1:4.3-6.fc35.x86_64 [                         ] 14/18  Installing       : make-1:4.3-6.fc35.x86_64 [=                        ] 14/18  Installing       : make-1:4.3-6.fc35.x86_64 [==                       ] 14/18  Installing       : make-1:4.3-6.fc35.x86_64 [===                      ] 14/18  Installing       : make-1:4.3-6.fc35.x86_64 [====                     ] 14/18  Installing       : make-1:4.3-6.fc35.x86_64 [=====                    ] 14/18  Installing       : make-1:4.3-6.fc35.x86_64 [======                   ] 14/18  Installing       : make-1:4.3-6.fc35.x86_64 [=======                  ] 14/18  Installing       : make-1:4.3-6.fc35.x86_64 [========                 ] 14/18  Installing       : make-1:4.3-6.fc35.x86_64 [=========                ] 14/18  Installing       : make-1:4.3-6.fc35.x86_64 [==========               ] 14/18  Installing       : make-1:4.3-6.fc35.x86_64 [===========              ] 14/18  Installing       : make-1:4.3-6.fc35.x86_64 [============             ] 14/18  Installing       : make-1:4.3-6.fc35.x86_64 [=============            ] 14/18  Installing       : make-1:4.3-6.fc35.x86_64 [==============           ] 14/18  Installing       : make-1:4.3-6.fc35.x86_64 [===============          ] 14/18  Installing       : make-1:4.3-6.fc35.x86_64 [================         ] 14/18  Installing       : make-1:4.3-6.fc35.x86_64 [=================        ] 14/18  Installing       : make-1:4.3-6.fc35.x86_64 [==================       ] 14/18  Installing       : make-1:4.3-6.fc35.x86_64 [===================      ] 14/18  Installing       : make-1:4.3-6.fc35.x86_64 [====================     ] 14/18  Installing       : make-1:4.3-6.fc35.x86_64 [=====================    ] 14/18  Installing       : make-1:4.3-6.fc35.x86_64 [======================   ] 14/18  Installing       : make-1:4.3-6.fc35.x86_64 [=======================  ] 14/18  Installing       : make-1:4.3-6.fc35.x86_64 [======================== ] 14/18  Installing       : make-1:4.3-6.fc35.x86_64                             14/18 
  Installing       : gcc-11.3.1-3.fc35.x86_64 [                         ] 15/18  Installing       : gcc-11.3.1-3.fc35.x86_64 [=                        ] 15/18  Installing       : gcc-11.3.1-3.fc35.x86_64 [==                       ] 15/18  Installing       : gcc-11.3.1-3.fc35.x86_64 [===                      ] 15/18  Installing       : gcc-11.3.1-3.fc35.x86_64 [====                     ] 15/18  Installing       : gcc-11.3.1-3.fc35.x86_64 [=====                    ] 15/18  Installing       : gcc-11.3.1-3.fc35.x86_64 [======                   ] 15/18  Installing       : gcc-11.3.1-3.fc35.x86_64 [=======                  ] 15/18  Installing       : gcc-11.3.1-3.fc35.x86_64 [========                 ] 15/18  Installing       : gcc-11.3.1-3.fc35.x86_64 [=========                ] 15/18  Installing       : gcc-11.3.1-3.fc35.x86_64 [==========               ] 15/18  Installing       : gcc-11.3.1-3.fc35.x86_64 [===========              ] 15/18  Installing       : gcc-11.3.1-3.fc35.x86_64 [============             ] 15/18  Installing       : gcc-11.3.1-3.fc35.x86_64 [=============            ] 15/18  Installing       : gcc-11.3.1-3.fc35.x86_64 [==============           ] 15/18  Installing       : gcc-11.3.1-3.fc35.x86_64 [===============          ] 15/18  Installing       : gcc-11.3.1-3.fc35.x86_64 [================         ] 15/18  Installing       : gcc-11.3.1-3.fc35.x86_64 [=================        ] 15/18  Installing       : gcc-11.3.1-3.fc35.x86_64 [==================       ] 15/18  Installing       : gcc-11.3.1-3.fc35.x86_64 [===================      ] 15/18  Installing       : gcc-11.3.1-3.fc35.x86_64 [====================     ] 15/18  Installing       : gcc-11.3.1-3.fc35.x86_64 [=====================    ] 15/18  Installing       : gcc-11.3.1-3.fc35.x86_64 [======================   ] 15/18  Installing       : gcc-11.3.1-3.fc35.x86_64 [=======================  ] 15/18  Installing       : gcc-11.3.1-3.fc35.x86_64 [======================== ] 15/18  Installing       : gcc-11.3.1-3.fc35.x86_64                             15/18 
  Installing       : annobin-plugin-gcc-10.79 [                         ] 16/18  Installing       : annobin-plugin-gcc-10.79 [=                        ] 16/18  Installing       : annobin-plugin-gcc-10.79 [==                       ] 16/18  Installing       : annobin-plugin-gcc-10.79 [===                      ] 16/18  Installing       : annobin-plugin-gcc-10.79 [====                     ] 16/18  Installing       : annobin-plugin-gcc-10.79 [=====                    ] 16/18  Installing       : annobin-plugin-gcc-10.79 [======                   ] 16/18  Installing       : annobin-plugin-gcc-10.79 [=======                  ] 16/18  Installing       : annobin-plugin-gcc-10.79 [========                 ] 16/18  Installing       : annobin-plugin-gcc-10.79 [=========                ] 16/18  Installing       : annobin-plugin-gcc-10.79 [==========               ] 16/18  Installing       : annobin-plugin-gcc-10.79 [===========              ] 16/18  Installing       : annobin-plugin-gcc-10.79 [============             ] 16/18  Installing       : annobin-plugin-gcc-10.79 [=============            ] 16/18  Installing       : annobin-plugin-gcc-10.79 [==============           ] 16/18  Installing       : annobin-plugin-gcc-10.79 [===============          ] 16/18  Installing       : annobin-plugin-gcc-10.79 [================         ] 16/18  Installing       : annobin-plugin-gcc-10.79 [=================        ] 16/18  Installing       : annobin-plugin-gcc-10.79 [==================       ] 16/18  Installing       : annobin-plugin-gcc-10.79 [===================      ] 16/18  Installing       : annobin-plugin-gcc-10.79 [====================     ] 16/18  Installing       : annobin-plugin-gcc-10.79 [=====================    ] 16/18  Installing       : annobin-plugin-gcc-10.79 [======================   ] 16/18  Installing       : annobin-plugin-gcc-10.79 [=======================  ] 16/18  Installing       : annobin-plugin-gcc-10.79 [======================== ] 16/18  Installing       : annobin-plugin-gcc-10.79-1.fc35.x86_64               16/18 
  Installing       : gcc-c++-11.3.1-3.fc35.x8 [                         ] 17/18  Installing       : gcc-c++-11.3.1-3.fc35.x8 [=                        ] 17/18  Installing       : gcc-c++-11.3.1-3.fc35.x8 [==                       ] 17/18  Installing       : gcc-c++-11.3.1-3.fc35.x8 [===                      ] 17/18  Installing       : gcc-c++-11.3.1-3.fc35.x8 [====                     ] 17/18  Installing       : gcc-c++-11.3.1-3.fc35.x8 [=====                    ] 17/18  Installing       : gcc-c++-11.3.1-3.fc35.x8 [======                   ] 17/18  Installing       : gcc-c++-11.3.1-3.fc35.x8 [=======                  ] 17/18  Installing       : gcc-c++-11.3.1-3.fc35.x8 [========                 ] 17/18  Installing       : gcc-c++-11.3.1-3.fc35.x8 [=========                ] 17/18  Installing       : gcc-c++-11.3.1-3.fc35.x8 [==========               ] 17/18  Installing       : gcc-c++-11.3.1-3.fc35.x8 [===========              ] 17/18  Installing       : gcc-c++-11.3.1-3.fc35.x8 [============             ] 17/18  Installing       : gcc-c++-11.3.1-3.fc35.x8 [=============            ] 17/18  Installing       : gcc-c++-11.3.1-3.fc35.x8 [==============           ] 17/18  Installing       : gcc-c++-11.3.1-3.fc35.x8 [===============          ] 17/18  Installing       : gcc-c++-11.3.1-3.fc35.x8 [================         ] 17/18  Installing       : gcc-c++-11.3.1-3.fc35.x8 [=================        ] 17/18  Installing       : gcc-c++-11.3.1-3.fc35.x8 [==================       ] 17/18  Installing       : gcc-c++-11.3.1-3.fc35.x8 [===================      ] 17/18  Installing       : gcc-c++-11.3.1-3.fc35.x8 [====================     ] 17/18  Installing       : gcc-c++-11.3.1-3.fc35.x8 [=====================    ] 17/18  Installing       : gcc-c++-11.3.1-3.fc35.x8 [======================   ] 17/18  Installing       : gcc-c++-11.3.1-3.fc35.x8 [=======================  ] 17/18  Installing       : gcc-c++-11.3.1-3.fc35.x8 [======================== ] 17/18  Installing       : gcc-c++-11.3.1-3.fc35.x86_64                         17/18 
  Installing       : dejagnu-1:1.6.3-2.fc35.n [                         ] 18/18  Installing       : dejagnu-1:1.6.3-2.fc35.n [=                        ] 18/18  Installing       : dejagnu-1:1.6.3-2.fc35.n [==                       ] 18/18  Installing       : dejagnu-1:1.6.3-2.fc35.n [===                      ] 18/18  Installing       : dejagnu-1:1.6.3-2.fc35.n [====                     ] 18/18  Installing       : dejagnu-1:1.6.3-2.fc35.n [=====                    ] 18/18  Installing       : dejagnu-1:1.6.3-2.fc35.n [======                   ] 18/18  Installing       : dejagnu-1:1.6.3-2.fc35.n [=======                  ] 18/18  Installing       : dejagnu-1:1.6.3-2.fc35.n [========                 ] 18/18  Installing       : dejagnu-1:1.6.3-2.fc35.n [=========                ] 18/18  Installing       : dejagnu-1:1.6.3-2.fc35.n [==========               ] 18/18  Installing       : dejagnu-1:1.6.3-2.fc35.n [===========              ] 18/18  Installing       : dejagnu-1:1.6.3-2.fc35.n [============             ] 18/18  Installing       : dejagnu-1:1.6.3-2.fc35.n [=============            ] 18/18  Installing       : dejagnu-1:1.6.3-2.fc35.n [==============           ] 18/18  Installing       : dejagnu-1:1.6.3-2.fc35.n [===============          ] 18/18  Installing       : dejagnu-1:1.6.3-2.fc35.n [================         ] 18/18  Installing       : dejagnu-1:1.6.3-2.fc35.n [=================        ] 18/18  Installing       : dejagnu-1:1.6.3-2.fc35.n [==================       ] 18/18  Installing       : dejagnu-1:1.6.3-2.fc35.n [===================      ] 18/18  Installing       : dejagnu-1:1.6.3-2.fc35.n [====================     ] 18/18  Installing       : dejagnu-1:1.6.3-2.fc35.n [=====================    ] 18/18  Installing       : dejagnu-1:1.6.3-2.fc35.n [======================   ] 18/18  Installing       : dejagnu-1:1.6.3-2.fc35.n [=======================  ] 18/18  Installing       : dejagnu-1:1.6.3-2.fc35.n [======================== ] 18/18  Installing       : dejagnu-1:1.6.3-2.fc35.noarch                        18/18 
  Running scriptlet: dejagnu-1:1.6.3-2.fc35.noarch                        18/18 
  Verifying        : expect-5.45.4-14.fc35.x86_64                          1/18 
  Verifying        : gc-8.0.4-6.fc35.x86_64                                2/18 
  Verifying        : guile22-2.2.7-3.fc35.x86_64                           3/18 
  Verifying        : libmpc-1.2.1-3.fc35.x86_64                            4/18 
  Verifying        : make-1:4.3-6.fc35.x86_64                              5/18 
  Verifying        : annobin-docs-10.79-1.fc35.noarch                      6/18 
  Verifying        : annobin-plugin-gcc-10.79-1.fc35.x86_64                7/18 
  Verifying        : cpp-11.3.1-3.fc35.x86_64                              8/18 
  Verifying        : dejagnu-1:1.6.3-2.fc35.noarch                         9/18 
  Verifying        : gcc-11.3.1-3.fc35.x86_64                             10/18 
  Verifying        : gcc-c++-11.3.1-3.fc35.x86_64                         11/18 
  Verifying        : glibc-devel-2.34-49.fc35.x86_64                      12/18 
  Verifying        : glibc-headers-x86-2.34-49.fc35.noarch                13/18 
  Verifying        : kernel-headers-6.0.5-100.fc35.x86_64                 14/18 
  Verifying        : libstdc++-devel-11.3.1-3.fc35.x86_64                 15/18 
  Verifying        : libtool-ltdl-2.4.6-50.fc35.x86_64                    16/18 
  Verifying        : libxcrypt-devel-4.4.33-3.fc35.x86_64                 17/18 
  Verifying        : tcl-1:8.6.10-6.fc35.x86_64                           18/18 

Installed:
  annobin-docs-10.79-1.fc35.noarch     annobin-plugin-gcc-10.79-1.fc35.x86_64   
  cpp-11.3.1-3.fc35.x86_64             dejagnu-1:1.6.3-2.fc35.noarch            
  expect-5.45.4-14.fc35.x86_64         gc-8.0.4-6.fc35.x86_64                   
  gcc-11.3.1-3.fc35.x86_64             gcc-c++-11.3.1-3.fc35.x86_64             
  glibc-devel-2.34-49.fc35.x86_64      glibc-headers-x86-2.34-49.fc35.noarch    
  guile22-2.2.7-3.fc35.x86_64          kernel-headers-6.0.5-100.fc35.x86_64     
  libmpc-1.2.1-3.fc35.x86_64           libstdc++-devel-11.3.1-3.fc35.x86_64     
  libtool-ltdl-2.4.6-50.fc35.x86_64    libxcrypt-devel-4.4.33-3.fc35.x86_64     
  make-1:4.3-6.fc35.x86_64             tcl-1:8.6.10-6.fc35.x86_64               

Complete!

>>> 2023-01-30 15:32:27	"/usr/bin/mock" "-r" "fedora-35-x86_64" "--plugin-option=tmpfs:keep_mounted=True" "--config-opts=print_main_output=True" "--quiet" "--addrepo" "https://download.copr.fedorainfracloud.org/results/@aufover/symbiotic/fedora-\$releasever-\$basearch/" "--addrepo" "https://download.copr.fedorainfracloud.org/results/@aufover/gllvm/fedora-\$releasever-\$basearch/" "--install" "symbiotic" "gllvm" "csexec" "gcc"
No matches found for the following disable plugin patterns: local, spacewalk, versionlock
https://download.cop     [===                 ] ---  B/s |   0  B     --:-- ETAhttps://download.copr.fedorainfracloud.org/resu  20 kB/s | 3.3 kB     00:00    
https://download.cop     [===                 ] ---  B/s |   0  B     --:-- ETAhttps://download.copr.fedorainfracloud.org/resu  17 kB/s | 3.3 kB     00:00    
fedora                   [   ===              ] ---  B/s |   0  B     --:-- ETAfedora                                           24 kB/s | 4.5 kB     00:00    
updates                  [      ===           ] ---  B/s |   0  B     --:-- ETAupdates                                          20 kB/s | 2.8 kB     00:00    
Package gcc-11.3.1-3.fc35.x86_64 is already installed.
Dependencies resolved.
============================================================================================================================================================
 Package                     Arch    Version                      Repository                                                                            Size
============================================================================================================================================================
Installing:
 [1mcsexec                     [m x86_64  2.2.2-1.fc35                 updates                                                                              365 k
 [1mgllvm                      [m x86_64  1.3.0-2.fc35                 downloadcoprfedorainfracloudorg_results_aufover_gllvm_fedorareleaseverbasearch_      1.6 M
 [1msymbiotic                  [m x86_64  8.0.0.20220822.193644-1.fc35 downloadcoprfedorainfracloudorg_results_aufover_symbiotic_fedorareleaseverbasearch_  2.0 M
Installing dependencies:
 [1mclang                      [m x86_64  13.0.1-1.fc35                updates                                                                               82 k
 [1mclang-libs                 [m x86_64  13.0.1-1.fc35                updates                                                                               22 M
 [1mclang-resource-filesystem  [m x86_64  13.0.1-1.fc35                updates                                                                               12 k
 [1mexpat                      [m x86_64  2.5.0-1.fc35                 updates                                                                              115 k
 [1mjsoncpp                    [m x86_64  1.9.4-5.fc35                 updates                                                                               93 k
 [1mlibedit                    [m x86_64  3.1-40.20210910cvs.fc35      fedora                                                                               105 k
 [1mllvm                       [m x86_64  13.0.1-1.fc35                updates                                                                               15 M
 [1mllvm-libs                  [m x86_64  13.0.1-1.fc35                updates                                                                               25 M
 [1mmpdecimal                  [m x86_64  2.5.1-2.fc35                 fedora                                                                                99 k
 [1mpython-pip-wheel           [m noarch  21.2.3-4.fc35                updates                                                                              1.1 M
 [1mpython-setuptools-wheel    [m noarch  57.4.0-1.fc35                fedora                                                                               505 k
 [1mpython3                    [m x86_64  3.10.8-3.fc35                updates                                                                               26 k
 [1mpython3-libs               [m x86_64  3.10.8-3.fc35                updates                                                                              7.5 M
 [1mz3-libs                    [m x86_64  4.8.14-1.fc35                updates                                                                              5.8 M

Transaction Summary
============================================================================================================================================================
Install  17 Packages

Total size: 81 M
Installed size: 328 M
Downloading Packages:
[SKIPPED] symbiotic-8.0.0.20220822.193644-1.fc35.x86_64.rpm: Already downloaded
[SKIPPED] gllvm-1.3.0-2.fc35.x86_64.rpm: Already downloaded                    
[SKIPPED] libedit-3.1-40.20210910cvs.fc35.x86_64.rpm: Already downloaded       
[SKIPPED] mpdecimal-2.5.1-2.fc35.x86_64.rpm: Already downloaded                
[SKIPPED] python-setuptools-wheel-57.4.0-1.fc35.noarch.rpm: Already downloaded 
[SKIPPED] clang-13.0.1-1.fc35.x86_64.rpm: Already downloaded                   
[SKIPPED] clang-libs-13.0.1-1.fc35.x86_64.rpm: Already downloaded              
[SKIPPED] clang-resource-filesystem-13.0.1-1.fc35.x86_64.rpm: Already downloaded
[SKIPPED] csexec-2.2.2-1.fc35.x86_64.rpm: Already downloaded                   
[SKIPPED] expat-2.5.0-1.fc35.x86_64.rpm: Already downloaded                    
[SKIPPED] jsoncpp-1.9.4-5.fc35.x86_64.rpm: Already downloaded                  
[SKIPPED] llvm-13.0.1-1.fc35.x86_64.rpm: Already downloaded                    
[SKIPPED] llvm-libs-13.0.1-1.fc35.x86_64.rpm: Already downloaded               
[SKIPPED] python-pip-wheel-21.2.3-4.fc35.noarch.rpm: Already downloaded        
[SKIPPED] python3-3.10.8-3.fc35.x86_64.rpm: Already downloaded                 
[SKIPPED] python3-libs-3.10.8-3.fc35.x86_64.rpm: Already downloaded            
[SKIPPED] z3-libs-4.8.14-1.fc35.x86_64.rpm: Already downloaded                 
Running transaction check
Transaction check succeeded.
Running transaction test
Transaction test succeeded.
Running transaction
  Preparing        :  [==                                                 ] 1/1  Preparing        :  [=====                                              ] 1/1  Preparing        :  [========                                           ] 1/1  Preparing        :  [===========                                        ] 1/1  Preparing        :  [==============                                     ] 1/1  Preparing        :  [=================                                  ] 1/1  Preparing        :  [====================                               ] 1/1  Preparing        :  [=======================                            ] 1/1  Preparing        :  [==========================                         ] 1/1  Preparing        :  [=============================                      ] 1/1  Preparing        :  [================================                   ] 1/1  Preparing        :  [===================================                ] 1/1  Preparing        :  [======================================             ] 1/1  Preparing        :  [=========================================          ] 1/1  Preparing        :  [============================================       ] 1/1  Preparing        :  [===============================================    ] 1/1  Preparing        :                                                        1/1 
  Installing       : z3-libs-4.8.14-1.fc35.x8 [                         ]  1/17  Installing       : z3-libs-4.8.14-1.fc35.x8 [=                        ]  1/17  Installing       : z3-libs-4.8.14-1.fc35.x8 [==                       ]  1/17  Installing       : z3-libs-4.8.14-1.fc35.x8 [===                      ]  1/17  Installing       : z3-libs-4.8.14-1.fc35.x8 [====                     ]  1/17  Installing       : z3-libs-4.8.14-1.fc35.x8 [=====                    ]  1/17  Installing       : z3-libs-4.8.14-1.fc35.x8 [======                   ]  1/17  Installing       : z3-libs-4.8.14-1.fc35.x8 [=======                  ]  1/17  Installing       : z3-libs-4.8.14-1.fc35.x8 [========                 ]  1/17  Installing       : z3-libs-4.8.14-1.fc35.x8 [=========                ]  1/17  Installing       : z3-libs-4.8.14-1.fc35.x8 [==========               ]  1/17  Installing       : z3-libs-4.8.14-1.fc35.x8 [===========              ]  1/17  Installing       : z3-libs-4.8.14-1.fc35.x8 [============             ]  1/17  Installing       : z3-libs-4.8.14-1.fc35.x8 [=============            ]  1/17  Installing       : z3-libs-4.8.14-1.fc35.x8 [==============           ]  1/17  Installing       : z3-libs-4.8.14-1.fc35.x8 [===============          ]  1/17  Installing       : z3-libs-4.8.14-1.fc35.x8 [================         ]  1/17  Installing       : z3-libs-4.8.14-1.fc35.x8 [=================        ]  1/17  Installing       : z3-libs-4.8.14-1.fc35.x8 [==================       ]  1/17  Installing       : z3-libs-4.8.14-1.fc35.x8 [===================      ]  1/17  Installing       : z3-libs-4.8.14-1.fc35.x8 [====================     ]  1/17  Installing       : z3-libs-4.8.14-1.fc35.x8 [=====================    ]  1/17  Installing       : z3-libs-4.8.14-1.fc35.x8 [======================   ]  1/17  Installing       : z3-libs-4.8.14-1.fc35.x8 [=======================  ]  1/17  Installing       : z3-libs-4.8.14-1.fc35.x8 [======================== ]  1/17  Installing       : z3-libs-4.8.14-1.fc35.x86_64                          1/17 
  Installing       : python-pip-wheel-21.2.3- [                         ]  2/17  Installing       : python-pip-wheel-21.2.3- [=                        ]  2/17  Installing       : python-pip-wheel-21.2.3- [==                       ]  2/17  Installing       : python-pip-wheel-21.2.3- [===                      ]  2/17  Installing       : python-pip-wheel-21.2.3- [====                     ]  2/17  Installing       : python-pip-wheel-21.2.3- [=====                    ]  2/17  Installing       : python-pip-wheel-21.2.3- [======                   ]  2/17  Installing       : python-pip-wheel-21.2.3- [=======                  ]  2/17  Installing       : python-pip-wheel-21.2.3- [========                 ]  2/17  Installing       : python-pip-wheel-21.2.3- [=========                ]  2/17  Installing       : python-pip-wheel-21.2.3- [==========               ]  2/17  Installing       : python-pip-wheel-21.2.3- [===========              ]  2/17  Installing       : python-pip-wheel-21.2.3- [============             ]  2/17  Installing       : python-pip-wheel-21.2.3- [=============            ]  2/17  Installing       : python-pip-wheel-21.2.3- [==============           ]  2/17  Installing       : python-pip-wheel-21.2.3- [===============          ]  2/17  Installing       : python-pip-wheel-21.2.3- [================         ]  2/17  Installing       : python-pip-wheel-21.2.3- [=================        ]  2/17  Installing       : python-pip-wheel-21.2.3- [==================       ]  2/17  Installing       : python-pip-wheel-21.2.3- [===================      ]  2/17  Installing       : python-pip-wheel-21.2.3- [====================     ]  2/17  Installing       : python-pip-wheel-21.2.3- [=====================    ]  2/17  Installing       : python-pip-wheel-21.2.3- [======================   ]  2/17  Installing       : python-pip-wheel-21.2.3- [=======================  ]  2/17  Installing       : python-pip-wheel-21.2.3- [======================== ]  2/17  Installing       : python-pip-wheel-21.2.3-4.fc35.noarch                 2/17 
  Installing       : jsoncpp-1.9.4-5.fc35.x86 [                         ]  3/17  Installing       : jsoncpp-1.9.4-5.fc35.x86 [===                      ]  3/17  Installing       : jsoncpp-1.9.4-5.fc35.x86 [======                   ]  3/17  Installing       : jsoncpp-1.9.4-5.fc35.x86 [==========               ]  3/17  Installing       : jsoncpp-1.9.4-5.fc35.x86 [=============            ]  3/17  Installing       : jsoncpp-1.9.4-5.fc35.x86 [================         ]  3/17  Installing       : jsoncpp-1.9.4-5.fc35.x86 [====================     ]  3/17  Installing       : jsoncpp-1.9.4-5.fc35.x86 [=======================  ]  3/17  Installing       : jsoncpp-1.9.4-5.fc35.x86 [======================== ]  3/17  Installing       : jsoncpp-1.9.4-5.fc35.x86_64                           3/17 
  Installing       : expat-2.5.0-1.fc35.x86_6 [                         ]  4/17  Installing       : expat-2.5.0-1.fc35.x86_6 [==                       ]  4/17  Installing       : expat-2.5.0-1.fc35.x86_6 [===                      ]  4/17  Installing       : expat-2.5.0-1.fc35.x86_6 [======                   ]  4/17  Installing       : expat-2.5.0-1.fc35.x86_6 [========                 ]  4/17  Installing       : expat-2.5.0-1.fc35.x86_6 [===========              ]  4/17  Installing       : expat-2.5.0-1.fc35.x86_6 [=============            ]  4/17  Installing       : expat-2.5.0-1.fc35.x86_6 [================         ]  4/17  Installing       : expat-2.5.0-1.fc35.x86_6 [===================      ]  4/17  Installing       : expat-2.5.0-1.fc35.x86_6 [=====================    ]  4/17  Installing       : expat-2.5.0-1.fc35.x86_6 [======================== ]  4/17  Installing       : expat-2.5.0-1.fc35.x86_64                             4/17 
  Installing       : clang-resource-filesyste [                         ]  5/17  Installing       : clang-resource-filesyste [====                     ]  5/17  Installing       : clang-resource-filesyste [========                 ]  5/17  Installing       : clang-resource-filesyste [============             ]  5/17  Installing       : clang-resource-filesyste [================         ]  5/17  Installing       : clang-resource-filesyste [=====================    ]  5/17  Installing       : clang-resource-filesystem-13.0.1-1.fc35.x86_64        5/17 
  Installing       : python-setuptools-wheel- [                         ]  6/17  Installing       : python-setuptools-wheel- [=                        ]  6/17  Installing       : python-setuptools-wheel- [==                       ]  6/17  Installing       : python-setuptools-wheel- [====                     ]  6/17  Installing       : python-setuptools-wheel- [=====                    ]  6/17  Installing       : python-setuptools-wheel- [======                   ]  6/17  Installing       : python-setuptools-wheel- [========                 ]  6/17  Installing       : python-setuptools-wheel- [=========                ]  6/17  Installing       : python-setuptools-wheel- [===========              ]  6/17  Installing       : python-setuptools-wheel- [============             ]  6/17  Installing       : python-setuptools-wheel- [=============            ]  6/17  Installing       : python-setuptools-wheel- [===============          ]  6/17  Installing       : python-setuptools-wheel- [================         ]  6/17  Installing       : python-setuptools-wheel- [=================        ]  6/17  Installing       : python-setuptools-wheel- [===================      ]  6/17  Installing       : python-setuptools-wheel- [====================     ]  6/17  Installing       : python-setuptools-wheel- [======================   ]  6/17  Installing       : python-setuptools-wheel- [=======================  ]  6/17  Installing       : python-setuptools-wheel- [======================== ]  6/17  Installing       : python-setuptools-wheel-57.4.0-1.fc35.noarch          6/17 
  Installing       : mpdecimal-2.5.1-2.fc35.x [                         ]  7/17  Installing       : mpdecimal-2.5.1-2.fc35.x [===                      ]  7/17  Installing       : mpdecimal-2.5.1-2.fc35.x [====                     ]  7/17  Installing       : mpdecimal-2.5.1-2.fc35.x [=======                  ]  7/17  Installing       : mpdecimal-2.5.1-2.fc35.x [==========               ]  7/17  Installing       : mpdecimal-2.5.1-2.fc35.x [==============           ]  7/17  Installing       : mpdecimal-2.5.1-2.fc35.x [=================        ]  7/17  Installing       : mpdecimal-2.5.1-2.fc35.x [====================     ]  7/17  Installing       : mpdecimal-2.5.1-2.fc35.x [======================== ]  7/17  Installing       : mpdecimal-2.5.1-2.fc35.x86_64                         7/17 
  Installing       : python3-3.10.8-3.fc35.x8 [                         ]  8/17  Installing       : python3-3.10.8-3.fc35.x8 [===========              ]  8/17  Installing       : python3-3.10.8-3.fc35.x8 [============             ]  8/17  Installing       : python3-3.10.8-3.fc35.x8 [===================      ]  8/17  Installing       : python3-3.10.8-3.fc35.x8 [======================== ]  8/17  Installing       : python3-3.10.8-3.fc35.x86_64                          8/17 
  Installing       : python3-libs-3.10.8-3.fc [                         ]  9/17  Installing       : python3-libs-3.10.8-3.fc [=                        ]  9/17  Installing       : python3-libs-3.10.8-3.fc [==                       ]  9/17  Installing       : python3-libs-3.10.8-3.fc [===                      ]  9/17  Installing       : python3-libs-3.10.8-3.fc [====                     ]  9/17  Installing       : python3-libs-3.10.8-3.fc [=====                    ]  9/17  Installing       : python3-libs-3.10.8-3.fc [======                   ]  9/17  Installing       : python3-libs-3.10.8-3.fc [=======                  ]  9/17  Installing       : python3-libs-3.10.8-3.fc [========                 ]  9/17  Installing       : python3-libs-3.10.8-3.fc [=========                ]  9/17  Installing       : python3-libs-3.10.8-3.fc [==========               ]  9/17  Installing       : python3-libs-3.10.8-3.fc [===========              ]  9/17  Installing       : python3-libs-3.10.8-3.fc [============             ]  9/17  Installing       : python3-libs-3.10.8-3.fc [=============            ]  9/17  Installing       : python3-libs-3.10.8-3.fc [==============           ]  9/17  Installing       : python3-libs-3.10.8-3.fc [===============          ]  9/17  Installing       : python3-libs-3.10.8-3.fc [================         ]  9/17  Installing       : python3-libs-3.10.8-3.fc [=================        ]  9/17  Installing       : python3-libs-3.10.8-3.fc [==================       ]  9/17  Installing       : python3-libs-3.10.8-3.fc [===================      ]  9/17  Installing       : python3-libs-3.10.8-3.fc [====================     ]  9/17  Installing       : python3-libs-3.10.8-3.fc [=====================    ]  9/17  Installing       : python3-libs-3.10.8-3.fc [======================   ]  9/17  Installing       : python3-libs-3.10.8-3.fc [=======================  ]  9/17  Installing       : python3-libs-3.10.8-3.fc [======================== ]  9/17  Installing       : python3-libs-3.10.8-3.fc35.x86_64                     9/17 
  Installing       : libedit-3.1-40.20210910c [                         ] 10/17  Installing       : libedit-3.1-40.20210910c [===                      ] 10/17  Installing       : libedit-3.1-40.20210910c [======                   ] 10/17  Installing       : libedit-3.1-40.20210910c [=========                ] 10/17  Installing       : libedit-3.1-40.20210910c [============             ] 10/17  Installing       : libedit-3.1-40.20210910c [================         ] 10/17  Installing       : libedit-3.1-40.20210910c [===================      ] 10/17  Installing       : libedit-3.1-40.20210910c [======================   ] 10/17  Installing       : libedit-3.1-40.20210910c [=======================  ] 10/17  Installing       : libedit-3.1-40.20210910c [======================== ] 10/17  Installing       : libedit-3.1-40.20210910cvs.fc35.x86_64               10/17 
  Installing       : llvm-libs-13.0.1-1.fc35. [                         ] 11/17  Installing       : llvm-libs-13.0.1-1.fc35. [=                        ] 11/17  Installing       : llvm-libs-13.0.1-1.fc35. [==                       ] 11/17  Installing       : llvm-libs-13.0.1-1.fc35. [===                      ] 11/17  Installing       : llvm-libs-13.0.1-1.fc35. [====                     ] 11/17  Installing       : llvm-libs-13.0.1-1.fc35. [=====                    ] 11/17  Installing       : llvm-libs-13.0.1-1.fc35. [======                   ] 11/17  Installing       : llvm-libs-13.0.1-1.fc35. [=======                  ] 11/17  Installing       : llvm-libs-13.0.1-1.fc35. [========                 ] 11/17  Installing       : llvm-libs-13.0.1-1.fc35. [=========                ] 11/17  Installing       : llvm-libs-13.0.1-1.fc35. [==========               ] 11/17  Installing       : llvm-libs-13.0.1-1.fc35. [===========              ] 11/17  Installing       : llvm-libs-13.0.1-1.fc35. [============             ] 11/17  Installing       : llvm-libs-13.0.1-1.fc35. [=============            ] 11/17  Installing       : llvm-libs-13.0.1-1.fc35. [==============           ] 11/17  Installing       : llvm-libs-13.0.1-1.fc35. [===============          ] 11/17  Installing       : llvm-libs-13.0.1-1.fc35. [================         ] 11/17  Installing       : llvm-libs-13.0.1-1.fc35. [=================        ] 11/17  Installing       : llvm-libs-13.0.1-1.fc35. [==================       ] 11/17  Installing       : llvm-libs-13.0.1-1.fc35. [===================      ] 11/17  Installing       : llvm-libs-13.0.1-1.fc35. [====================     ] 11/17  Installing       : llvm-libs-13.0.1-1.fc35. [=====================    ] 11/17  Installing       : llvm-libs-13.0.1-1.fc35. [======================   ] 11/17  Installing       : llvm-libs-13.0.1-1.fc35. [=======================  ] 11/17  Installing       : llvm-libs-13.0.1-1.fc35. [======================== ] 11/17  Installing       : llvm-libs-13.0.1-1.fc35.x86_64                       11/17 
  Installing       : llvm-13.0.1-1.fc35.x86_6 [                         ] 12/17  Installing       : llvm-13.0.1-1.fc35.x86_6 [=                        ] 12/17  Installing       : llvm-13.0.1-1.fc35.x86_6 [==                       ] 12/17  Installing       : llvm-13.0.1-1.fc35.x86_6 [===                      ] 12/17  Installing       : llvm-13.0.1-1.fc35.x86_6 [====                     ] 12/17  Installing       : llvm-13.0.1-1.fc35.x86_6 [=====                    ] 12/17  Installing       : llvm-13.0.1-1.fc35.x86_6 [======                   ] 12/17  Installing       : llvm-13.0.1-1.fc35.x86_6 [=======                  ] 12/17  Installing       : llvm-13.0.1-1.fc35.x86_6 [========                 ] 12/17  Installing       : llvm-13.0.1-1.fc35.x86_6 [=========                ] 12/17  Installing       : llvm-13.0.1-1.fc35.x86_6 [==========               ] 12/17  Installing       : llvm-13.0.1-1.fc35.x86_6 [===========              ] 12/17  Installing       : llvm-13.0.1-1.fc35.x86_6 [============             ] 12/17  Installing       : llvm-13.0.1-1.fc35.x86_6 [=============            ] 12/17  Installing       : llvm-13.0.1-1.fc35.x86_6 [==============           ] 12/17  Installing       : llvm-13.0.1-1.fc35.x86_6 [===============          ] 12/17  Installing       : llvm-13.0.1-1.fc35.x86_6 [================         ] 12/17  Installing       : llvm-13.0.1-1.fc35.x86_6 [=================        ] 12/17  Installing       : llvm-13.0.1-1.fc35.x86_6 [==================       ] 12/17  Installing       : llvm-13.0.1-1.fc35.x86_6 [===================      ] 12/17  Installing       : llvm-13.0.1-1.fc35.x86_6 [====================     ] 12/17  Installing       : llvm-13.0.1-1.fc35.x86_6 [=====================    ] 12/17  Installing       : llvm-13.0.1-1.fc35.x86_6 [======================   ] 12/17  Installing       : llvm-13.0.1-1.fc35.x86_6 [=======================  ] 12/17  Installing       : llvm-13.0.1-1.fc35.x86_6 [======================== ] 12/17  Installing       : llvm-13.0.1-1.fc35.x86_64                            12/17 
  Installing       : clang-libs-13.0.1-1.fc35 [                         ] 13/17  Installing       : clang-libs-13.0.1-1.fc35 [=                        ] 13/17  Installing       : clang-libs-13.0.1-1.fc35 [==                       ] 13/17  Installing       : clang-libs-13.0.1-1.fc35 [===                      ] 13/17  Installing       : clang-libs-13.0.1-1.fc35 [====                     ] 13/17  Installing       : clang-libs-13.0.1-1.fc35 [=====                    ] 13/17  Installing       : clang-libs-13.0.1-1.fc35 [======                   ] 13/17  Installing       : clang-libs-13.0.1-1.fc35 [=======                  ] 13/17  Installing       : clang-libs-13.0.1-1.fc35 [========                 ] 13/17  Installing       : clang-libs-13.0.1-1.fc35 [=========                ] 13/17  Installing       : clang-libs-13.0.1-1.fc35 [==========               ] 13/17  Installing       : clang-libs-13.0.1-1.fc35 [===========              ] 13/17  Installing       : clang-libs-13.0.1-1.fc35 [============             ] 13/17  Installing       : clang-libs-13.0.1-1.fc35 [=============            ] 13/17  Installing       : clang-libs-13.0.1-1.fc35 [==============           ] 13/17  Installing       : clang-libs-13.0.1-1.fc35 [===============          ] 13/17  Installing       : clang-libs-13.0.1-1.fc35 [================         ] 13/17  Installing       : clang-libs-13.0.1-1.fc35 [=================        ] 13/17  Installing       : clang-libs-13.0.1-1.fc35 [==================       ] 13/17  Installing       : clang-libs-13.0.1-1.fc35 [===================      ] 13/17  Installing       : clang-libs-13.0.1-1.fc35 [====================     ] 13/17  Installing       : clang-libs-13.0.1-1.fc35 [=====================    ] 13/17  Installing       : clang-libs-13.0.1-1.fc35 [======================   ] 13/17  Installing       : clang-libs-13.0.1-1.fc35 [=======================  ] 13/17  Installing       : clang-libs-13.0.1-1.fc35 [======================== ] 13/17  Installing       : clang-libs-13.0.1-1.fc35.x86_64                      13/17 
  Installing       : clang-13.0.1-1.fc35.x86_ [                         ] 14/17  Installing       : clang-13.0.1-1.fc35.x86_ [====                     ] 14/17  Installing       : clang-13.0.1-1.fc35.x86_ [========                 ] 14/17  Installing       : clang-13.0.1-1.fc35.x86_ [============             ] 14/17  Installing       : clang-13.0.1-1.fc35.x86_ [=================        ] 14/17  Installing       : clang-13.0.1-1.fc35.x86_ [=====================    ] 14/17  Installing       : clang-13.0.1-1.fc35.x86_ [=======================  ] 14/17  Installing       : clang-13.0.1-1.fc35.x86_ [======================== ] 14/17  Installing       : clang-13.0.1-1.fc35.x86_64                           14/17 
  Installing       : symbiotic-8.0.0.20220822 [                         ] 15/17  Installing       : symbiotic-8.0.0.20220822 [=                        ] 15/17  Installing       : symbiotic-8.0.0.20220822 [==                       ] 15/17  Installing       : symbiotic-8.0.0.20220822 [===                      ] 15/17  Installing       : symbiotic-8.0.0.20220822 [====                     ] 15/17  Installing       : symbiotic-8.0.0.20220822 [=====                    ] 15/17  Installing       : symbiotic-8.0.0.20220822 [======                   ] 15/17  Installing       : symbiotic-8.0.0.20220822 [=======                  ] 15/17  Installing       : symbiotic-8.0.0.20220822 [========                 ] 15/17  Installing       : symbiotic-8.0.0.20220822 [=========                ] 15/17  Installing       : symbiotic-8.0.0.20220822 [==========               ] 15/17  Installing       : symbiotic-8.0.0.20220822 [===========              ] 15/17  Installing       : symbiotic-8.0.0.20220822 [============             ] 15/17  Installing       : symbiotic-8.0.0.20220822 [=============            ] 15/17  Installing       : symbiotic-8.0.0.20220822 [==============           ] 15/17  Installing       : symbiotic-8.0.0.20220822 [===============          ] 15/17  Installing       : symbiotic-8.0.0.20220822 [================         ] 15/17  Installing       : symbiotic-8.0.0.20220822 [=================        ] 15/17  Installing       : symbiotic-8.0.0.20220822 [==================       ] 15/17  Installing       : symbiotic-8.0.0.20220822 [===================      ] 15/17  Installing       : symbiotic-8.0.0.20220822 [====================     ] 15/17  Installing       : symbiotic-8.0.0.20220822 [=====================    ] 15/17  Installing       : symbiotic-8.0.0.20220822 [======================   ] 15/17  Installing       : symbiotic-8.0.0.20220822 [=======================  ] 15/17  Installing       : symbiotic-8.0.0.20220822 [======================== ] 15/17  Installing       : symbiotic-8.0.0.20220822.193644-1.fc35.x86_64        15/17 
  Installing       : gllvm-1.3.0-2.fc35.x86_6 [                         ] 16/17  Installing       : gllvm-1.3.0-2.fc35.x86_6 [=                        ] 16/17  Installing       : gllvm-1.3.0-2.fc35.x86_6 [==                       ] 16/17  Installing       : gllvm-1.3.0-2.fc35.x86_6 [===                      ] 16/17  Installing       : gllvm-1.3.0-2.fc35.x86_6 [====                     ] 16/17  Installing       : gllvm-1.3.0-2.fc35.x86_6 [=====                    ] 16/17  Installing       : gllvm-1.3.0-2.fc35.x86_6 [======                   ] 16/17  Installing       : gllvm-1.3.0-2.fc35.x86_6 [=======                  ] 16/17  Installing       : gllvm-1.3.0-2.fc35.x86_6 [========                 ] 16/17  Installing       : gllvm-1.3.0-2.fc35.x86_6 [=========                ] 16/17  Installing       : gllvm-1.3.0-2.fc35.x86_6 [==========               ] 16/17  Installing       : gllvm-1.3.0-2.fc35.x86_6 [===========              ] 16/17  Installing       : gllvm-1.3.0-2.fc35.x86_6 [============             ] 16/17  Installing       : gllvm-1.3.0-2.fc35.x86_6 [=============            ] 16/17  Installing       : gllvm-1.3.0-2.fc35.x86_6 [==============           ] 16/17  Installing       : gllvm-1.3.0-2.fc35.x86_6 [===============          ] 16/17  Installing       : gllvm-1.3.0-2.fc35.x86_6 [================         ] 16/17  Installing       : gllvm-1.3.0-2.fc35.x86_6 [=================        ] 16/17  Installing       : gllvm-1.3.0-2.fc35.x86_6 [==================       ] 16/17  Installing       : gllvm-1.3.0-2.fc35.x86_6 [===================      ] 16/17  Installing       : gllvm-1.3.0-2.fc35.x86_6 [====================     ] 16/17  Installing       : gllvm-1.3.0-2.fc35.x86_6 [=====================    ] 16/17  Installing       : gllvm-1.3.0-2.fc35.x86_6 [======================   ] 16/17  Installing       : gllvm-1.3.0-2.fc35.x86_6 [=======================  ] 16/17  Installing       : gllvm-1.3.0-2.fc35.x86_6 [======================== ] 16/17  Installing       : gllvm-1.3.0-2.fc35.x86_64                            16/17 
  Installing       : csexec-2.2.2-1.fc35.x86_ [                         ] 17/17  Installing       : csexec-2.2.2-1.fc35.x86_ [=                        ] 17/17  Installing       : csexec-2.2.2-1.fc35.x86_ [==                       ] 17/17  Installing       : csexec-2.2.2-1.fc35.x86_ [===                      ] 17/17  Installing       : csexec-2.2.2-1.fc35.x86_ [====                     ] 17/17  Installing       : csexec-2.2.2-1.fc35.x86_ [=====                    ] 17/17  Installing       : csexec-2.2.2-1.fc35.x86_ [======                   ] 17/17  Installing       : csexec-2.2.2-1.fc35.x86_ [=======                  ] 17/17  Installing       : csexec-2.2.2-1.fc35.x86_ [========                 ] 17/17  Installing       : csexec-2.2.2-1.fc35.x86_ [=========                ] 17/17  Installing       : csexec-2.2.2-1.fc35.x86_ [==========               ] 17/17  Installing       : csexec-2.2.2-1.fc35.x86_ [===========              ] 17/17  Installing       : csexec-2.2.2-1.fc35.x86_ [============             ] 17/17  Installing       : csexec-2.2.2-1.fc35.x86_ [=============            ] 17/17  Installing       : csexec-2.2.2-1.fc35.x86_ [==============           ] 17/17  Installing       : csexec-2.2.2-1.fc35.x86_ [===============          ] 17/17  Installing       : csexec-2.2.2-1.fc35.x86_ [================         ] 17/17  Installing       : csexec-2.2.2-1.fc35.x86_ [=================        ] 17/17  Installing       : csexec-2.2.2-1.fc35.x86_ [==================       ] 17/17  Installing       : csexec-2.2.2-1.fc35.x86_ [===================      ] 17/17  Installing       : csexec-2.2.2-1.fc35.x86_ [====================     ] 17/17  Installing       : csexec-2.2.2-1.fc35.x86_ [=====================    ] 17/17  Installing       : csexec-2.2.2-1.fc35.x86_ [======================   ] 17/17  Installing       : csexec-2.2.2-1.fc35.x86_ [=======================  ] 17/17  Installing       : csexec-2.2.2-1.fc35.x86_ [======================== ] 17/17  Installing       : csexec-2.2.2-1.fc35.x86_64                           17/17 
  Running scriptlet: csexec-2.2.2-1.fc35.x86_64                           17/17 
  Verifying        : symbiotic-8.0.0.20220822.193644-1.fc35.x86_64         1/17 
  Verifying        : gllvm-1.3.0-2.fc35.x86_64                             2/17 
  Verifying        : libedit-3.1-40.20210910cvs.fc35.x86_64                3/17 
  Verifying        : mpdecimal-2.5.1-2.fc35.x86_64                         4/17 
  Verifying        : python-setuptools-wheel-57.4.0-1.fc35.noarch          5/17 
  Verifying        : clang-13.0.1-1.fc35.x86_64                            6/17 
  Verifying        : clang-libs-13.0.1-1.fc35.x86_64                       7/17 
  Verifying        : clang-resource-filesystem-13.0.1-1.fc35.x86_64        8/17 
  Verifying        : csexec-2.2.2-1.fc35.x86_64                            9/17 
  Verifying        : expat-2.5.0-1.fc35.x86_64                            10/17 
  Verifying        : jsoncpp-1.9.4-5.fc35.x86_64                          11/17 
  Verifying        : llvm-13.0.1-1.fc35.x86_64                            12/17 
  Verifying        : llvm-libs-13.0.1-1.fc35.x86_64                       13/17 
  Verifying        : python-pip-wheel-21.2.3-4.fc35.noarch                14/17 
  Verifying        : python3-3.10.8-3.fc35.x86_64                         15/17 
  Verifying        : python3-libs-3.10.8-3.fc35.x86_64                    16/17 
  Verifying        : z3-libs-4.8.14-1.fc35.x86_64                         17/17 

Installed:
  clang-13.0.1-1.fc35.x86_64                                                    
  clang-libs-13.0.1-1.fc35.x86_64                                               
  clang-resource-filesystem-13.0.1-1.fc35.x86_64                                
  csexec-2.2.2-1.fc35.x86_64                                                    
  expat-2.5.0-1.fc35.x86_64                                                     
  gllvm-1.3.0-2.fc35.x86_64                                                     
  jsoncpp-1.9.4-5.fc35.x86_64                                                   
  libedit-3.1-40.20210910cvs.fc35.x86_64                                        
  llvm-13.0.1-1.fc35.x86_64                                                     
  llvm-libs-13.0.1-1.fc35.x86_64                                                
  mpdecimal-2.5.1-2.fc35.x86_64                                                 
  python-pip-wheel-21.2.3-4.fc35.noarch                                         
  python-setuptools-wheel-57.4.0-1.fc35.noarch                                  
  python3-3.10.8-3.fc35.x86_64                                                  
  python3-libs-3.10.8-3.fc35.x86_64                                             
  symbiotic-8.0.0.20220822.193644-1.fc35.x86_64                                 
  z3-libs-4.8.14-1.fc35.x86_64                                                  

Complete!

>>> 2023-01-30 15:33:04	"'/usr/bin/mock' '-r' 'fedora-35-x86_64' '--plugin-option=tmpfs:keep_mounted=True' '--config-opts=print_main_output=True' '--quiet' '--shell' 'rpm -qa' | sort -V > /home/mockbuilder/aufover-benchmark/workdir-for-sync/rpm-pkgs/libffi-3.1-29.fc35/symbiotic/output/debug/rpm-list-mock.txt"

>>> 2023-01-30 15:33:09	"'/usr/bin/mock' '-r' 'fedora-35-x86_64' '--plugin-option=tmpfs:keep_mounted=True' '--config-opts=print_main_output=True' '--quiet' '--shell' 'rpm -qa --provides' | sort -V > /tmp/csmockg8g9k8jh/rpm-list-mock-provides.txt"

>>> 2023-01-30 15:33:15	"/usr/bin/mock" "-r" "fedora-35-x86_64" "--plugin-option=tmpfs:keep_mounted=True" "--config-opts=print_main_output=True" "--quiet" "--copyin" "/tmp/csmockg8g9k8jh/libffi-3.1-29.fc35.src.rpm" "/builddir/libffi-3.1-29.fc35.src.rpm"

>>> 2023-01-30 15:33:20	"/usr/bin/mock" "-r" "fedora-35-x86_64" "--plugin-option=tmpfs:keep_mounted=True" "--config-opts=print_main_output=True" "--quiet" "--chroot" "chown mockbuild -R /builddir"

>>> 2023-01-30 15:33:26	"/usr/bin/mock" "-r" "fedora-35-x86_64" "--plugin-option=tmpfs:keep_mounted=True" "--config-opts=print_main_output=True" "--quiet" "--chroot" "/bin/su mockbuild -l -c \"rpm -Uvh --nodeps '/builddir/libffi-3.1-29.fc35.src.rpm'\""
Updating / installing...
libffi-3.1-29.fc35                    ########################################

>>> 2023-01-30 15:33:32	"/usr/bin/mock" "-r" "fedora-35-x86_64" "--plugin-option=tmpfs:keep_mounted=True" "--config-opts=print_main_output=True" "--quiet" "--chroot" "/bin/su mockbuild -l -c \"sed -e 's|^ExclusiveArch:.*\\\$||' -i /builddir/build/SPECS/libffi.spec\""

>>> 2023-01-30 15:33:37	"/usr/bin/mock" "-r" "fedora-35-x86_64" "--plugin-option=tmpfs:keep_mounted=True" "--config-opts=print_main_output=True" "--quiet" "--chroot" "/bin/su mockbuild -l -c \"rpmbuild -bs --nodeps /builddir/build/SPECS/libffi.spec '--define' '_unpackaged_files_terminate_build 0' '--define' 'apidocs 0' '--define' 'with_publican 0' '--without' 'docs' '--without' 'langpacks' '--define' '__cc gclang' '--define' '__cxx gclang++' '--define' '__cpp gclang -E' '--define' 'toolchain clang' '--define' 'optflags -O0' '--define' 'build_ldflags -O0' && sh -c 'cd /builddir/build/SRPMS && eval mv -v *.src.rpm /builddir/libffi-3.1-29.fc35.src.rpm || :'\""
error: %changelog not in descending chronological order
setting SOURCE_DATE_EPOCH=1624838400
Wrote: /builddir/build/SRPMS/libffi-3.1-29.fc35.src.rpm
renamed 'libffi-3.1-29.fc35.src.rpm' -> '/builddir/libffi-3.1-29.fc35.src.rpm'

>>> 2023-01-30 15:33:43	"/usr/bin/mock" "-r" "fedora-35-x86_64" "--plugin-option=tmpfs:keep_mounted=True" "--config-opts=print_main_output=True" "--quiet" "--disable-plugin=selinux" "--copyout" "/builddir/libffi-3.1-29.fc35.src.rpm" "/tmp/csmockg8g9k8jh/libffi-3.1-29.fc35.src.rpm"

>>> 2023-01-30 15:33:49	"/usr/bin/mock" "-r" "fedora-35-x86_64" "--plugin-option=tmpfs:keep_mounted=True" "--config-opts=print_main_output=True" "--quiet" "--installdeps" "/tmp/csmockg8g9k8jh/libffi-3.1-29.fc35.src.rpm"
No matches found for the following disable plugin patterns: local, spacewalk, versionlock
fedora                   [===                 ] ---  B/s |   0  B     --:-- ETAfedora                                           21 kB/s | 4.5 kB     00:00    
updates                  [===                 ] ---  B/s |   0  B     --:-- ETAupdates                                          18 kB/s | 2.8 kB     00:00    
Package dejagnu-1:1.6.3-2.fc35.noarch is already installed.
Package gcc-11.3.1-3.fc35.x86_64 is already installed.
Package gcc-c++-11.3.1-3.fc35.x86_64 is already installed.
Package make-1:4.3-6.fc35.x86_64 is already installed.
Dependencies resolved.
Nothing to do.
Complete!

>>> 2023-01-30 15:34:00	"/usr/bin/mock" "-r" "fedora-35-x86_64" "--plugin-option=tmpfs:keep_mounted=True" "--config-opts=print_main_output=True" "--quiet" "--addrepo" "https://download.copr.fedorainfracloud.org/results/@aufover/symbiotic/fedora-\$releasever-\$basearch/" "--addrepo" "https://download.copr.fedorainfracloud.org/results/@aufover/gllvm/fedora-\$releasever-\$basearch/" "--install" "symbiotic" "gllvm" "csexec" "gcc"
No matches found for the following disable plugin patterns: local, spacewalk, versionlock
https://download.cop     [===                 ] ---  B/s |   0  B     --:-- ETAhttps://download.copr.fedorainfracloud.org/resu  24 kB/s | 3.3 kB     00:00    
https://download.cop     [===                 ] ---  B/s |   0  B     --:-- ETAhttps://download.copr.fedorainfracloud.org/resu  29 kB/s | 3.3 kB     00:00    
fedora                   [   ===              ] ---  B/s |   0  B     --:-- ETAfedora                                           31 kB/s | 4.5 kB     00:00    
updates                  [      ===           ] ---  B/s |   0  B     --:-- ETAupdates                  [         ===        ] ---  B/s |   0  B     --:-- ETAupdates                                         6.0 kB/s | 2.8 kB     00:00    
Package symbiotic-8.0.0.20220822.193644-1.fc35.x86_64 is already installed.
Package gllvm-1.3.0-2.fc35.x86_64 is already installed.
Package csexec-2.2.2-1.fc35.x86_64 is already installed.
Package gcc-11.3.1-3.fc35.x86_64 is already installed.
Dependencies resolved.
Nothing to do.
Complete!

>>> 2023-01-30 15:34:11	"'/usr/bin/mock' '-r' 'fedora-35-x86_64' '--plugin-option=tmpfs:keep_mounted=True' '--config-opts=print_main_output=True' '--quiet' '--shell' 'rpm -qa' | sort -V > /home/mockbuilder/aufover-benchmark/workdir-for-sync/rpm-pkgs/libffi-3.1-29.fc35/symbiotic/output/debug/rpm-list-mock.txt"

>>> 2023-01-30 15:34:17	"'/usr/bin/mock' '-r' 'fedora-35-x86_64' '--plugin-option=tmpfs:keep_mounted=True' '--config-opts=print_main_output=True' '--quiet' '--shell' 'rpm -qa --provides' | sort -V > /tmp/csmockg8g9k8jh/rpm-list-mock-provides.txt"

>>> 2023-01-30 15:34:23	"/usr/bin/mock" "-r" "fedora-35-x86_64" "--plugin-option=tmpfs:keep_mounted=True" "--config-opts=print_main_output=True" "--quiet" "--addrepo" "https://download.copr.fedorainfracloud.org/results/@aufover/symbiotic/fedora-\$releasever-\$basearch/" "--addrepo" "https://download.copr.fedorainfracloud.org/results/@aufover/gllvm/fedora-\$releasever-\$basearch/" "--install" "csdiff"
No matches found for the following disable plugin patterns: local, spacewalk, versionlock
https://download.cop     [===                 ] ---  B/s |   0  B     --:-- ETAhttps://download.cop     [===                 ] ---  B/s |   0  B     --:-- ETAhttps://download.copr.fedorainfracloud.org/resu  10 kB/s | 3.3 kB     00:00    
https://download.cop     [   ===              ] ---  B/s |   0  B     --:-- ETAhttps://download.copr.fedorainfracloud.org/resu  20 kB/s | 3.3 kB     00:00    
fedora                   [      ===           ] ---  B/s |   0  B     --:-- ETAfedora                                           27 kB/s | 4.5 kB     00:00    
updates                  [         ===        ] ---  B/s |   0  B     --:-- ETAupdates                                          21 kB/s | 2.8 kB     00:00    
Dependencies resolved.
================================================================================
 Package                    Arch        Version              Repository    Size
================================================================================
Installing:
 [1mcsdiff                    [m x86_64      2.7.0-1.fc35         updates      894 k
Installing dependencies:
 [1mboost-filesystem          [m x86_64      1.76.0-5.fc35        updates       58 k
 [1mboost-program-options     [m x86_64      1.76.0-5.fc35        updates      107 k
 [1mboost-system              [m x86_64      1.76.0-5.fc35        updates       14 k

Transaction Summary
================================================================================
Install  4 Packages

Total size: 1.0 M
Installed size: 4.2 M
Downloading Packages:
[SKIPPED] boost-filesystem-1.76.0-5.fc35.x86_64.rpm: Already downloaded        
[SKIPPED] boost-program-options-1.76.0-5.fc35.x86_64.rpm: Already downloaded   
[SKIPPED] boost-system-1.76.0-5.fc35.x86_64.rpm: Already downloaded            
[SKIPPED] csdiff-2.7.0-1.fc35.x86_64.rpm: Already downloaded                   
Running transaction check
Transaction check succeeded.
Running transaction test
Transaction test succeeded.
Running transaction
  Preparing        :  [============                                       ] 1/1  Preparing        :  [=========================                          ] 1/1  Preparing        :  [======================================             ] 1/1  Preparing        :                                                        1/1 
  Installing       : boost-system-1.76.0-5.fc3 [                          ] 1/4  Installing       : boost-system-1.76.0-5.fc3 [=======================   ] 1/4  Installing       : boost-system-1.76.0-5.fc3 [========================= ] 1/4  Installing       : boost-system-1.76.0-5.fc35.x86_64                      1/4 
  Installing       : boost-filesystem-1.76.0-5 [                          ] 2/4  Installing       : boost-filesystem-1.76.0-5 [======                    ] 2/4  Installing       : boost-filesystem-1.76.0-5 [=============             ] 2/4  Installing       : boost-filesystem-1.76.0-5 [====================      ] 2/4  Installing       : boost-filesystem-1.76.0-5 [========================= ] 2/4  Installing       : boost-filesystem-1.76.0-5.fc35.x86_64                  2/4 
  Installing       : boost-program-options-1.7 [                          ] 3/4  Installing       : boost-program-options-1.7 [==                        ] 3/4  Installing       : boost-program-options-1.7 [=====                     ] 3/4  Installing       : boost-program-options-1.7 [========                  ] 3/4  Installing       : boost-program-options-1.7 [===========               ] 3/4  Installing       : boost-program-options-1.7 [==============            ] 3/4  Installing       : boost-program-options-1.7 [=================         ] 3/4  Installing       : boost-program-options-1.7 [====================      ] 3/4  Installing       : boost-program-options-1.7 [=======================   ] 3/4  Installing       : boost-program-options-1.7 [========================= ] 3/4  Installing       : boost-program-options-1.76.0-5.fc35.x86_64             3/4 
  Installing       : csdiff-2.7.0-1.fc35.x86_6 [                          ] 4/4  Installing       : csdiff-2.7.0-1.fc35.x86_6 [=                         ] 4/4  Installing       : csdiff-2.7.0-1.fc35.x86_6 [==                        ] 4/4  Installing       : csdiff-2.7.0-1.fc35.x86_6 [===                       ] 4/4  Installing       : csdiff-2.7.0-1.fc35.x86_6 [====                      ] 4/4  Installing       : csdiff-2.7.0-1.fc35.x86_6 [=====                     ] 4/4  Installing       : csdiff-2.7.0-1.fc35.x86_6 [======                    ] 4/4  Installing       : csdiff-2.7.0-1.fc35.x86_6 [=======                   ] 4/4  Installing       : csdiff-2.7.0-1.fc35.x86_6 [========                  ] 4/4  Installing       : csdiff-2.7.0-1.fc35.x86_6 [=========                 ] 4/4  Installing       : csdiff-2.7.0-1.fc35.x86_6 [==========                ] 4/4  Installing       : csdiff-2.7.0-1.fc35.x86_6 [===========               ] 4/4  Installing       : csdiff-2.7.0-1.fc35.x86_6 [============              ] 4/4  Installing       : csdiff-2.7.0-1.fc35.x86_6 [=============             ] 4/4  Installing       : csdiff-2.7.0-1.fc35.x86_6 [==============            ] 4/4  Installing       : csdiff-2.7.0-1.fc35.x86_6 [===============           ] 4/4  Installing       : csdiff-2.7.0-1.fc35.x86_6 [================          ] 4/4  Installing       : csdiff-2.7.0-1.fc35.x86_6 [=================         ] 4/4  Installing       : csdiff-2.7.0-1.fc35.x86_6 [==================        ] 4/4  Installing       : csdiff-2.7.0-1.fc35.x86_6 [===================       ] 4/4  Installing       : csdiff-2.7.0-1.fc35.x86_6 [====================      ] 4/4  Installing       : csdiff-2.7.0-1.fc35.x86_6 [=====================     ] 4/4  Installing       : csdiff-2.7.0-1.fc35.x86_6 [======================    ] 4/4  Installing       : csdiff-2.7.0-1.fc35.x86_6 [=======================   ] 4/4  Installing       : csdiff-2.7.0-1.fc35.x86_6 [========================  ] 4/4  Installing       : csdiff-2.7.0-1.fc35.x86_6 [========================= ] 4/4  Installing       : csdiff-2.7.0-1.fc35.x86_64                             4/4 
  Running scriptlet: csdiff-2.7.0-1.fc35.x86_64                             4/4 
  Verifying        : boost-filesystem-1.76.0-5.fc35.x86_64                  1/4 
  Verifying        : boost-program-options-1.76.0-5.fc35.x86_64             2/4 
  Verifying        : boost-system-1.76.0-5.fc35.x86_64                      3/4 
  Verifying        : csdiff-2.7.0-1.fc35.x86_64                             4/4 

Installed:
  boost-filesystem-1.76.0-5.fc35.x86_64                                         
  boost-program-options-1.76.0-5.fc35.x86_64                                    
  boost-system-1.76.0-5.fc35.x86_64                                             
  csdiff-2.7.0-1.fc35.x86_64                                                    

Complete!

>>> 2023-01-30 15:34:37	"'/usr/bin/mock' '-r' 'fedora-35-x86_64' '--plugin-option=tmpfs:keep_mounted=True' '--config-opts=print_main_output=True' '--quiet' '--shell' 'rpm -qa' | sort -V > /home/mockbuilder/aufover-benchmark/workdir-for-sync/rpm-pkgs/libffi-3.1-29.fc35/symbiotic/output/debug/rpm-list-mock.txt"

>>> 2023-01-30 15:34:42	"'/usr/bin/mock' '-r' 'fedora-35-x86_64' '--plugin-option=tmpfs:keep_mounted=True' '--config-opts=print_main_output=True' '--quiet' '--shell' 'rpm -qa --provides' | sort -V > /tmp/csmockg8g9k8jh/rpm-list-mock-provides.txt"

>>> 2023-01-30 15:34:48	"tar -cP '/usr/share/csmock/scripts' '/usr/bin/cswrap' '/usr/lib64/cswrap' '/tmp/csmockg8g9k8jh/libffi-3.1-29.fc35.src.rpm' | '/usr/bin/mock' '-r' 'fedora-35-x86_64' '--plugin-option=tmpfs:keep_mounted=True' '--config-opts=print_main_output=True' '--quiet' '--shell' 'tar -xC/'"
tar: Removing leading `/' from member names

>>> 2023-01-30 15:34:53	"/usr/bin/mock" "-r" "fedora-35-x86_64" "--plugin-option=tmpfs:keep_mounted=True" "--config-opts=print_main_output=True" "--quiet" "--chroot" "/bin/su mockbuild -l -c \"gsanity-check\""

Version info: gsanity-check version 1.3.0
Released: February 18 2021

Logging output to standard error.
Logging level not set, using default of WARNING.

Logging configuration uses the environment variables:

	WLLVM_OUTPUT_LEVEL and WLLVM_OUTPUT_FILE.

Happily sitting atop "linux" operating system.

The C compiler clang is:

	clang version 13.0.1 (Fedora 13.0.1-1.fc35)

The CXX compiler clang++ is:

	clang version 13.0.1 (Fedora 13.0.1-1.fc35)

The bitcode linker llvm-link is:

	LLVM version 13.0.1

The bitcode archiver llvm-ar is:

	LLVM version 13.0.1

Not using a bitcode store.


scan.ini: analyzer-version-symbiotic = 8.0.0.20220822.193644
>>> 2023-01-30 15:34:59	"/usr/bin/mock" "-r" "fedora-35-x86_64" "--plugin-option=tmpfs:keep_mounted=True" "--config-opts=print_main_output=True" "--quiet" "--chroot" "/bin/su mockbuild -l -c \"mkdir -pv '/builddir/symbiotic-capture'\""
mkdir: created directory '/builddir/symbiotic-capture'

scan.ini: analyzer-version-gcc = 11.3.1
>>> 2023-01-30 15:35:05	"/usr/bin/mock" "-r" "fedora-35-x86_64" "--plugin-option=tmpfs:keep_mounted=True" "--config-opts=print_main_output=True" "--quiet" "--chroot" "rpm -Uvh --nodeps '/tmp/csmockg8g9k8jh/libffi-3.1-29.fc35.src.rpm'"
Updating / installing...
libffi-3.1-29.fc35                    ########################################

>>> 2023-01-30 15:35:11	"/usr/bin/mock" "-r" "fedora-35-x86_64" "--plugin-option=tmpfs:keep_mounted=True" "--config-opts=print_main_output=True" "--quiet" "--chroot" "chmod -R +r /builddir"

>>> 2023-01-30 15:35:16	"/usr/bin/mock" "-r" "fedora-35-x86_64" "--plugin-option=tmpfs:keep_mounted=True" "--config-opts=print_main_output=True" "--quiet" "--chroot" "ln -fv '/usr/share/csmock/scripts/enable-keep-going.sh' '/usr/share/csmock/scripts/chroot-fixups'"
'/usr/share/csmock/scripts/chroot-fixups/enable-keep-going.sh' => '/usr/share/csmock/scripts/enable-keep-going.sh'

>>> 2023-01-30 15:35:22	"/usr/bin/mock" "-r" "fedora-35-x86_64" "--plugin-option=tmpfs:keep_mounted=True" "--config-opts=print_main_output=True" "--quiet" "--shell" "for i in /usr/share/csmock/scripts/chroot-fixups/*; do test -x \$i && echo RUN: \$i >&2 && \$i; done"
RUN: /usr/share/csmock/scripts/chroot-fixups/enable-keep-going.sh
renamed '/usr/bin/make' -> '/usr/bin/make.orig'
+ ls -l /usr/bin/make
-rwxr-xr-x. 1 root root 42 Jan 30 15:35 /usr/bin/make
+ cat /usr/bin/make
#!/bin/sh
exec /usr/bin/make.orig -k "$@"
RUN: /usr/share/csmock/scripts/chroot-fixups/gdk-pixbuf2-triggers.sh
RUN: /usr/share/csmock/scripts/chroot-fixups/glib2-triggers.sh
RUN: /usr/share/csmock/scripts/chroot-fixups/kpathsea-texhash.sh
RUN: /usr/share/csmock/scripts/chroot-fixups/openssl-public-header-files.sh
RUN: /usr/share/csmock/scripts/chroot-fixups/qt5-core-abi.sh
RUN: /usr/share/csmock/scripts/chroot-fixups/rpm-build-scripts.sh
+ sed -e s/fail=1/fail=0/ -i /usr/lib/rpm/redhat/brp-mangle-shebangs
'/usr/lib/rpm/brp-strip-static-archive' -> '/bin/true'
RUN: /usr/share/csmock/scripts/chroot-fixups/rpm-macros.sh
RUN: /usr/share/csmock/scripts/chroot-fixups/rpm-python-extras.sh
RUN: /usr/share/csmock/scripts/chroot-fixups/shared-mime-info-triggers.sh
RUN: /usr/share/csmock/scripts/chroot-fixups/symbiotic-timeout.sh
+ sed -e 's|'\''timeout'\''|'\''/usr/bin/timeout'\''|' -i /opt/symbiotic/lib/symbioticpy/symbiotic/transform.py
+ sed -e 's|'\''timeout'\''|'\''/usr/bin/timeout'\''|' -i /opt/symbiotic/lib/symbioticpy/symbiotic/verifier.py

>>> 2023-01-30 15:35:27	"/usr/bin/mock" "-r" "fedora-35-x86_64" "--plugin-option=tmpfs:keep_mounted=True" "--config-opts=print_main_output=True" "--chroot" "/bin/su mockbuild -l -c \"rpmbuild -bp --nodeps /builddir/build/SPECS/libffi.spec '--define' '_unpackaged_files_terminate_build 0' '--define' 'apidocs 0' '--define' 'with_publican 0' '--without' 'docs' '--without' 'langpacks' '--define' '__cc gclang' '--define' '__cxx gclang++' '--define' '__cpp gclang -E' '--define' 'toolchain clang' '--define' 'optflags -O0' '--define' 'build_ldflags -O0'\""
INFO: mock.py version 3.5 starting (python version = 3.10.9, NVR = mock-3.5-1.fc36)...
Start(bootstrap): init plugins
INFO: selinux enabled
Finish(bootstrap): init plugins
Start: init plugins
INFO: selinux enabled
Finish: init plugins
INFO: Signal handler active
Start: run
Start(bootstrap): chroot init
INFO: calling preinit hooks
INFO: enabled root cache
INFO: enabled package manager cache
Start(bootstrap): cleaning package manager metadata
Finish(bootstrap): cleaning package manager metadata
INFO: enabled HW Info plugin
Mock Version: 3.5
INFO: Mock Version: 3.5
Finish(bootstrap): chroot init
Start: chroot init
INFO: calling preinit hooks
INFO: enabled root cache
INFO: enabled package manager cache
Start: cleaning package manager metadata
Finish: cleaning package manager metadata
INFO: enabled HW Info plugin
Mock Version: 3.5
INFO: Mock Version: 3.5
Finish: chroot init
INFO: Running in chroot: ['/bin/su mockbuild -l -c "rpmbuild -bp --nodeps /builddir/build/SPECS/libffi.spec \'--define\' \'_unpackaged_files_terminate_build 0\' \'--define\' \'apidocs 0\' \'--define\' \'with_publican 0\' \'--without\' \'docs\' \'--without\' \'langpacks\' \'--define\' \'__cc gclang\' \'--define\' \'__cxx gclang++\' \'--define\' \'__cpp gclang -E\' \'--define\' \'toolchain clang\' \'--define\' \'optflags -O0\' \'--define\' \'build_ldflags -O0\'"']
Start: chroot ['/bin/su mockbuild -l -c "rpmbuild -bp --nodeps /builddir/build/SPECS/libffi.spec \'--define\' \'_unpackaged_files_terminate_build 0\' \'--define\' \'apidocs 0\' \'--define\' \'with_publican 0\' \'--without\' \'docs\' \'--without\' \'langpacks\' \'--define\' \'__cc gclang\' \'--define\' \'__cxx gclang++\' \'--define\' \'__cpp gclang -E\' \'--define\' \'toolchain clang\' \'--define\' \'optflags -O0\' \'--define\' \'build_ldflags -O0\'"']
error: %changelog not in descending chronological order
setting SOURCE_DATE_EPOCH=1624838400
Executing(%prep): /bin/sh -e /var/tmp/rpm-tmp.9Qgb2A
+ umask 022
+ cd /builddir/build/BUILD
+ cd /builddir/build/BUILD
+ rm -rf libffi-3.1
+ /usr/bin/gzip -dc /builddir/build/SOURCES/libffi-3.1.tar.gz
+ /usr/bin/tar -xof -
+ STATUS=0
+ '[' 0 -ne 0 ']'
+ cd libffi-3.1
+ /usr/bin/chmod -Rf a+rX,u+w,g-w,o-w .
+ echo 'Patch #0 (libffi-3.1-fix-include-path.patch):'
Patch #0 (libffi-3.1-fix-include-path.patch):
+ /usr/bin/patch --no-backup-if-mismatch -f -p1 -b --suffix .fixpath --fuzz=0
patching file libffi.pc.in
Patch #1 (libffi-3.1-fix-exec-stack.patch):
+ echo 'Patch #1 (libffi-3.1-fix-exec-stack.patch):'
+ /usr/bin/patch --no-backup-if-mismatch -f -p1 -b --suffix .execstack --fuzz=0
patching file src/x86/win32.S
Patch #2 (libffi-aarch64-rhbz1174037.patch):
+ echo 'Patch #2 (libffi-aarch64-rhbz1174037.patch):'
+ /usr/bin/patch --no-backup-if-mismatch -f -p1 -b --suffix .aarch64 --fuzz=0
patching file src/aarch64/ffi.c
Patch #3 (libffi-3.1-aarch64-fix-exec-stack.patch):
+ echo 'Patch #3 (libffi-3.1-aarch64-fix-exec-stack.patch):'
+ /usr/bin/patch --no-backup-if-mismatch -f -p1 -b --suffix .aarch64execstack --fuzz=0
patching file src/aarch64/sysv.S
Hunk #1 succeeded at 331 (offset -65 lines).
Patch #4 (libffi-3.1-libffi_tmpdir.patch):
+ echo 'Patch #4 (libffi-3.1-libffi_tmpdir.patch):'
+ /usr/bin/patch --no-backup-if-mismatch -f -p1 -b --suffix .libffitmpdir --fuzz=0
patching file src/closures.c
+ RPM_EC=0
++ jobs -p
+ exit 0
Finish: chroot ['/bin/su mockbuild -l -c "rpmbuild -bp --nodeps /builddir/build/SPECS/libffi.spec \'--define\' \'_unpackaged_files_terminate_build 0\' \'--define\' \'apidocs 0\' \'--define\' \'with_publican 0\' \'--without\' \'docs\' \'--without\' \'langpacks\' \'--define\' \'__cc gclang\' \'--define\' \'__cxx gclang++\' \'--define\' \'__cpp gclang -E\' \'--define\' \'toolchain clang\' \'--define\' \'optflags -O0\' \'--define\' \'build_ldflags -O0\'"']

>>> 2023-01-30 15:35:33	"/usr/bin/mock" "-r" "fedora-35-x86_64" "--plugin-option=tmpfs:keep_mounted=True" "--config-opts=print_main_output=True" "--quiet" "--chroot" "chmod -R +r /builddir/build"

>>> 2023-01-30 15:35:39	"/usr/bin/mock" "-r" "fedora-35-x86_64" "--plugin-option=tmpfs:keep_mounted=True" "--config-opts=print_main_output=True" "--chroot" "/bin/su mockbuild -l -c \"PATH=/usr/lib64/cswrap:\\\$PATH CSWRAP_CAP_FILE=\\\$'/builddir/cswrap-capture.err' CSWRAP_TIMEOUT=\\\$'30' CSWRAP_TIMEOUT_FOR=\\\$':' CC=\\\$'gclang' CXX=\\\$'gclang++' CSEXEC_WRAP_CMD=\\\$'--skip-ld-linux\\\\a/usr/bin/csexec-symbiotic\\\\a-l\\\\a/builddir/symbiotic-capture\\\\a-s\\\\a--timeout=8 --slicer-timeout=8 --instrumentation-timeout=8 --debug=all --prp=memsafety ' CSWRAP_ADD_CFLAGS=\\\$'-Wno-unknown-pragmas:-Wno-unused-command-line-argument:-Wno-unused-parameter:-Wno-unknown-attributes:-Wno-unused-label:-Wno-unknown-pragmas:-Wno-unused-command-line-argument:-fsanitize-address-use-after-scope:-O0:-Xclang:-disable-llvm-passes:-D__inline=:-g:-Wl,--dynamic-linker,/usr/bin/csexec-loader:-Wno-unknown-pragmas:-Wl,--dynamic-linker,/usr/bin/csexec-loader' CSWRAP_DEL_CFLAGS=\\\$'-Werror*:-fdiagnostics-color*:-no-canonical-prefixes:-Wno-error=deprecated-register:-O1:-O2:-O3:-Os:-Ofast:-Og:-Werror*:-fdiagnostics-color*:-no-canonical-prefixes:-Wno-error=deprecated-register' CSWRAP_ADD_CXXFLAGS=\\\$'-Wno-unused-command-line-argument:-Wno-unused-parameter:-Wno-unknown-attributes:-Wno-unused-label:-Wno-unknown-pragmas:-Wno-unused-command-line-argument:-fsanitize-address-use-after-scope:-O0:-Xclang:-disable-llvm-passes:-D__inline=:-g:-Wl,--dynamic-linker,/usr/bin/csexec-loader:-Wl,--dynamic-linker,/usr/bin/csexec-loader' CSWRAP_DEL_CXXFLAGS=\\\$'-Werror*:-fdiagnostics-color*:-no-canonical-prefixes:-Wno-error=deprecated-register:-O1:-O2:-O3:-Os:-Ofast:-Og:-Werror*:-fdiagnostics-color*:-no-canonical-prefixes:-Wno-error=deprecated-register' sh -c \\\"rpmbuild -bc --nodeps --short-circuit /builddir/build/SPECS/libffi.spec '--define' '_unpackaged_files_terminate_build 0' '--define' 'apidocs 0' '--define' 'with_publican 0' '--without' 'docs' '--without' 'langpacks' '--define' '__cc gclang' '--define' '__cxx gclang++' '--define' '__cpp gclang -E' '--define' 'toolchain clang' '--define' 'optflags -O0' '--define' 'build_ldflags -O0'\\\"\""
INFO: mock.py version 3.5 starting (python version = 3.10.9, NVR = mock-3.5-1.fc36)...
Start(bootstrap): init plugins
INFO: selinux enabled
Finish(bootstrap): init plugins
Start: init plugins
INFO: selinux enabled
Finish: init plugins
INFO: Signal handler active
Start: run
Start(bootstrap): chroot init
INFO: calling preinit hooks
INFO: enabled root cache
INFO: enabled package manager cache
Start(bootstrap): cleaning package manager metadata
Finish(bootstrap): cleaning package manager metadata
INFO: enabled HW Info plugin
Mock Version: 3.5
INFO: Mock Version: 3.5
Finish(bootstrap): chroot init
Start: chroot init
INFO: calling preinit hooks
INFO: enabled root cache
INFO: enabled package manager cache
Start: cleaning package manager metadata
Finish: cleaning package manager metadata
INFO: enabled HW Info plugin
Mock Version: 3.5
INFO: Mock Version: 3.5
Finish: chroot init
INFO: Running in chroot: ['/bin/su mockbuild -l -c "PATH=/usr/lib64/cswrap:\\$PATH CSWRAP_CAP_FILE=\\$\'/builddir/cswrap-capture.err\' CSWRAP_TIMEOUT=\\$\'30\' CSWRAP_TIMEOUT_FOR=\\$\':\' CC=\\$\'gclang\' CXX=\\$\'gclang++\' CSEXEC_WRAP_CMD=\\$\'--skip-ld-linux\\\\a/usr/bin/csexec-symbiotic\\\\a-l\\\\a/builddir/symbiotic-capture\\\\a-s\\\\a--timeout=8 --slicer-timeout=8 --instrumentation-timeout=8 --debug=all --prp=memsafety \' CSWRAP_ADD_CFLAGS=\\$\'-Wno-unknown-pragmas:-Wno-unused-command-line-argument:-Wno-unused-parameter:-Wno-unknown-attributes:-Wno-unused-label:-Wno-unknown-pragmas:-Wno-unused-command-line-argument:-fsanitize-address-use-after-scope:-O0:-Xclang:-disable-llvm-passes:-D__inline=:-g:-Wl,--dynamic-linker,/usr/bin/csexec-loader:-Wno-unknown-pragmas:-Wl,--dynamic-linker,/usr/bin/csexec-loader\' CSWRAP_DEL_CFLAGS=\\$\'-Werror*:-fdiagnostics-color*:-no-canonical-prefixes:-Wno-error=deprecated-register:-O1:-O2:-O3:-Os:-Ofast:-Og:-Werror*:-fdiagnostics-color*:-no-canonical-prefixes:-Wno-error=deprecated-register\' CSWRAP_ADD_CXXFLAGS=\\$\'-Wno-unused-command-line-argument:-Wno-unused-parameter:-Wno-unknown-attributes:-Wno-unused-label:-Wno-unknown-pragmas:-Wno-unused-command-line-argument:-fsanitize-address-use-after-scope:-O0:-Xclang:-disable-llvm-passes:-D__inline=:-g:-Wl,--dynamic-linker,/usr/bin/csexec-loader:-Wl,--dynamic-linker,/usr/bin/csexec-loader\' CSWRAP_DEL_CXXFLAGS=\\$\'-Werror*:-fdiagnostics-color*:-no-canonical-prefixes:-Wno-error=deprecated-register:-O1:-O2:-O3:-Os:-Ofast:-Og:-Werror*:-fdiagnostics-color*:-no-canonical-prefixes:-Wno-error=deprecated-register\' sh -c \\"rpmbuild -bc --nodeps --short-circuit /builddir/build/SPECS/libffi.spec \'--define\' \'_unpackaged_files_terminate_build 0\' \'--define\' \'apidocs 0\' \'--define\' \'with_publican 0\' \'--without\' \'docs\' \'--without\' \'langpacks\' \'--define\' \'__cc gclang\' \'--define\' \'__cxx gclang++\' \'--define\' \'__cpp gclang -E\' \'--define\' \'toolchain clang\' \'--define\' \'optflags -O0\' \'--define\' \'build_ldflags -O0\'\\""']
Start: chroot ['/bin/su mockbuild -l -c "PATH=/usr/lib64/cswrap:\\$PATH CSWRAP_CAP_FILE=\\$\'/builddir/cswrap-capture.err\' CSWRAP_TIMEOUT=\\$\'30\' CSWRAP_TIMEOUT_FOR=\\$\':\' CC=\\$\'gclang\' CXX=\\$\'gclang++\' CSEXEC_WRAP_CMD=\\$\'--skip-ld-linux\\\\a/usr/bin/csexec-symbiotic\\\\a-l\\\\a/builddir/symbiotic-capture\\\\a-s\\\\a--timeout=8 --slicer-timeout=8 --instrumentation-timeout=8 --debug=all --prp=memsafety \' CSWRAP_ADD_CFLAGS=\\$\'-Wno-unknown-pragmas:-Wno-unused-command-line-argument:-Wno-unused-parameter:-Wno-unknown-attributes:-Wno-unused-label:-Wno-unknown-pragmas:-Wno-unused-command-line-argument:-fsanitize-address-use-after-scope:-O0:-Xclang:-disable-llvm-passes:-D__inline=:-g:-Wl,--dynamic-linker,/usr/bin/csexec-loader:-Wno-unknown-pragmas:-Wl,--dynamic-linker,/usr/bin/csexec-loader\' CSWRAP_DEL_CFLAGS=\\$\'-Werror*:-fdiagnostics-color*:-no-canonical-prefixes:-Wno-error=deprecated-register:-O1:-O2:-O3:-Os:-Ofast:-Og:-Werror*:-fdiagnostics-color*:-no-canonical-prefixes:-Wno-error=deprecated-register\' CSWRAP_ADD_CXXFLAGS=\\$\'-Wno-unused-command-line-argument:-Wno-unused-parameter:-Wno-unknown-attributes:-Wno-unused-label:-Wno-unknown-pragmas:-Wno-unused-command-line-argument:-fsanitize-address-use-after-scope:-O0:-Xclang:-disable-llvm-passes:-D__inline=:-g:-Wl,--dynamic-linker,/usr/bin/csexec-loader:-Wl,--dynamic-linker,/usr/bin/csexec-loader\' CSWRAP_DEL_CXXFLAGS=\\$\'-Werror*:-fdiagnostics-color*:-no-canonical-prefixes:-Wno-error=deprecated-register:-O1:-O2:-O3:-Os:-Ofast:-Og:-Werror*:-fdiagnostics-color*:-no-canonical-prefixes:-Wno-error=deprecated-register\' sh -c \\"rpmbuild -bc --nodeps --short-circuit /builddir/build/SPECS/libffi.spec \'--define\' \'_unpackaged_files_terminate_build 0\' \'--define\' \'apidocs 0\' \'--define\' \'with_publican 0\' \'--without\' \'docs\' \'--without\' \'langpacks\' \'--define\' \'__cc gclang\' \'--define\' \'__cxx gclang++\' \'--define\' \'__cpp gclang -E\' \'--define\' \'toolchain clang\' \'--define\' \'optflags -O0\' \'--define\' \'build_ldflags -O0\'\\""']
error: %changelog not in descending chronological order
setting SOURCE_DATE_EPOCH=1624838400
Executing(%build): /bin/sh -e /var/tmp/rpm-tmp.rwuBjY
+ umask 022
+ cd /builddir/build/BUILD
+ cd libffi-3.1
+ CFLAGS=-O0
+ export CFLAGS
+ CXXFLAGS=-O0
+ export CXXFLAGS
+ FFLAGS='-O0 -I/usr/lib64/gfortran/modules'
+ export FFLAGS
+ FCFLAGS='-O0 -I/usr/lib64/gfortran/modules'
+ export FCFLAGS
+ LDFLAGS=-O0
+ export LDFLAGS
+ LT_SYS_LIBRARY_PATH=/usr/lib64:
+ export LT_SYS_LIBRARY_PATH
+ CC=gclang
+ export CC
+ CXX=gclang++
+ export CXX
+ '[' -fltox '!=' x ']'
++ find . -type f -name configure -print
+ for file in $(find . -type f -name configure -print)
+ /usr/bin/sed -r --in-place=.backup 's/^char \(\*f\) \(\) = /__attribute__ ((used)) char (*f) () = /g' ./configure
+ diff -u ./configure.backup ./configure
+ mv ./configure.backup ./configure
+ /usr/bin/sed -r --in-place=.backup 's/^char \(\*f\) \(\);/__attribute__ ((used)) char (*f) ();/g' ./configure
+ diff -u ./configure.backup ./configure
+ mv ./configure.backup ./configure
+ /usr/bin/sed -r --in-place=.backup 's/^char \$2 \(\);/__attribute__ ((used)) char \$2 ();/g' ./configure
+ diff -u ./configure.backup ./configure
--- ./configure.backup	2014-05-19 09:44:03.000000000 -0400
+++ ./configure	2023-01-30 15:35:44.567344661 -0500
@@ -1911,7 +1911,7 @@
 #ifdef __cplusplus
 extern "C"
 #endif
-char $2 ();
+__attribute__ ((used)) char $2 ();
 /* The GNU C library defines this for functions which it implements
     to always fail with ENOSYS.  Some functions are actually named
     something starting with __ and the normal name is an alias.  */
+ /usr/bin/sed --in-place=.backup '1{$!N;$!N};$!N;s/int x = 1;\nint y = 0;\nint z;\nint nan;/volatile int x = 1; volatile int y = 0; volatile int z, nan;/;P;D' ./configure
+ diff -u ./configure.backup ./configure
+ mv ./configure.backup ./configure
+ /usr/bin/sed --in-place=.backup 's#^lt_cv_sys_global_symbol_to_cdecl=.*#lt_cv_sys_global_symbol_to_cdecl="sed -n -e '\''s/^T .* \\(.*\\)$/extern int \\1();/p'\'' -e '\''s/^$symcode* .* \\(.*\\)$/extern char \\1;/p'\''"#' ./configure
+ diff -u ./configure.backup ./configure
--- ./configure.backup	2023-01-30 15:35:44.567344661 -0500
+++ ./configure	2023-01-30 15:35:44.632343832 -0500
@@ -7145,7 +7145,7 @@
 # Transform an extracted symbol line into a proper C declaration.
 # Some systems (esp. on ia64) link data and code symbols differently,
 # so use this general approach.
-lt_cv_sys_global_symbol_to_cdecl="sed -n"\
+lt_cv_sys_global_symbol_to_cdecl="sed -n -e 's/^T .* \(.*\)$/extern int \1();/p' -e 's/^$symcode* .* \(.*\)$/extern char \1;/p'"
 $lt_cdecl_hook\
 " -e 's/^T .* \(.*\)$/extern int \1();/p'"\
 " -e 's/^$symcode$symcode* .* \(.*\)$/extern char \1;/p'"
@@ -19790,7 +19790,7 @@
 compiler='`$ECHO "$compiler" | $SED "$delay_single_quote_subst"`'
 GCC='`$ECHO "$GCC" | $SED "$delay_single_quote_subst"`'
 lt_cv_sys_global_symbol_pipe='`$ECHO "$lt_cv_sys_global_symbol_pipe" | $SED "$delay_single_quote_subst"`'
-lt_cv_sys_global_symbol_to_cdecl='`$ECHO "$lt_cv_sys_global_symbol_to_cdecl" | $SED "$delay_single_quote_subst"`'
+lt_cv_sys_global_symbol_to_cdecl="sed -n -e 's/^T .* \(.*\)$/extern int \1();/p' -e 's/^$symcode* .* \(.*\)$/extern char \1;/p'"
 lt_cv_sys_global_symbol_to_import='`$ECHO "$lt_cv_sys_global_symbol_to_import" | $SED "$delay_single_quote_subst"`'
 lt_cv_sys_global_symbol_to_c_name_address='`$ECHO "$lt_cv_sys_global_symbol_to_c_name_address" | $SED "$delay_single_quote_subst"`'
 lt_cv_sys_global_symbol_to_c_name_address_lib_prefix='`$ECHO "$lt_cv_sys_global_symbol_to_c_name_address_lib_prefix" | $SED "$delay_single_quote_subst"`'
+ '[' 1 = 1 ']'
+++ dirname ./configure
++ find . -name config.guess -o -name config.sub
+ for i in $(find $(dirname ./configure) -name config.guess -o -name config.sub)
++ basename ./config.guess
+ '[' -f /usr/lib/rpm/redhat/config.guess ']'
+ /usr/bin/rm -f ./config.guess
++ basename ./config.guess
+ /usr/bin/cp -fv /usr/lib/rpm/redhat/config.guess ./config.guess
'/usr/lib/rpm/redhat/config.guess' -> './config.guess'
+ for i in $(find $(dirname ./configure) -name config.guess -o -name config.sub)
++ basename ./config.sub
+ '[' -f /usr/lib/rpm/redhat/config.sub ']'
+ /usr/bin/rm -f ./config.sub
++ basename ./config.sub
+ /usr/bin/cp -fv /usr/lib/rpm/redhat/config.sub ./config.sub
'/usr/lib/rpm/redhat/config.sub' -> './config.sub'
+ '[' 1 = 1 ']'
+ '[' x '!=' 'x-Wl,-z,now ' ']'
++ find . -name ltmain.sh
+ for i in $(find . -name ltmain.sh)
+ /usr/bin/sed -i.backup -e 's~compiler_flags=$~compiler_flags="-Wl,-z,now "~' ./ltmain.sh
+ ./configure --build=x86_64-redhat-linux-gnu --host=x86_64-redhat-linux-gnu --program-prefix= --disable-dependency-tracking --prefix=/usr --exec-prefix=/usr --bindir=/usr/bin --sbindir=/usr/sbin --sysconfdir=/etc --datadir=/usr/share --includedir=/usr/include --libdir=/usr/lib64 --libexecdir=/usr/libexec --localstatedir=/var --sharedstatedir=/var/lib --mandir=/usr/share/man --infodir=/usr/share/info --disable-static
checking build system type... x86_64-redhat-linux-gnu
checking host system type... x86_64-redhat-linux-gnu
checking target system type... x86_64-redhat-linux-gnu
continue configure in default builddir "./x86_64-redhat-linux-gnu"
....exec /bin/sh .././configure "--srcdir=.." "--enable-builddir=x86_64-redhat-linux-gnu" "linux
gnu"
checking build system type... x86_64-redhat-linux-gnu
checking host system type... x86_64-redhat-linux-gnu
checking target system type... x86_64-redhat-linux-gnu
checking for gsed... sed
checking for a BSD-compatible install... /usr/bin/install -c
checking whether build environment is sane... yes
checking for a thread-safe mkdir -p... /usr/bin/mkdir -p
checking for gawk... gawk
checking whether make sets $(MAKE)... yes
checking whether make supports nested variables... yes
checking for x86_64-redhat-linux-gnu-gcc... gclang
checking whether the C compiler works... yes
checking for C compiler default output file name... a.out
checking for suffix of executables... 
checking whether we are cross compiling... no
checking for suffix of object files... o
checking whether we are using the GNU C compiler... yes
checking whether gclang accepts -g... yes
checking for gclang option to accept ISO C89... none needed
checking for style of include used by make... GNU
checking dependency style of gclang... none
checking whether we are using the GNU C++ compiler... yes
checking whether gclang++ accepts -g... yes
checking dependency style of gclang++... none
checking dependency style of gclang... none
checking whether gclang and cc understand -c and -o together... yes
checking how to print strings... printf
checking for a sed that does not truncate output... /usr/bin/sed
checking for grep that handles long lines and -e... /usr/bin/grep
checking for egrep... /usr/bin/grep -E
checking for fgrep... /usr/bin/grep -F
checking for ld used by gclang... /usr/bin/ld
checking if the linker (/usr/bin/ld) is GNU ld... yes
checking for BSD- or MS-compatible name lister (nm)... /usr/bin/nm -B
checking the name lister (/usr/bin/nm -B) interface... BSD nm
checking whether ln -s works... yes
checking the maximum length of command line arguments... 1572864
checking how to convert x86_64-redhat-linux-gnu file names to x86_64-redhat-linux-gnu format... func_convert_file_noop
checking how to convert x86_64-redhat-linux-gnu file names to toolchain format... func_convert_file_noop
checking for /usr/bin/ld option to reload object files... -r
checking for x86_64-redhat-linux-gnu-objdump... no
checking for objdump... objdump
checking how to recognize dependent libraries... pass_all
checking for x86_64-redhat-linux-gnu-dlltool... no
checking for dlltool... no
checking how to associate runtime and link libraries... printf %s\n
checking for x86_64-redhat-linux-gnu-ar... no
checking for ar... ar
checking for archiver @FILE support... @
checking for x86_64-redhat-linux-gnu-strip... no
checking for strip... strip
checking for x86_64-redhat-linux-gnu-ranlib... no
checking for ranlib... ranlib
checking command to parse /usr/bin/nm -B output from gclang object... .././configure: line 7151:  -e 's/^T .* \(.*\)$/extern int \1();/p' -e 's/^[ABCDGIRSTW][ABCDGIRSTW]* .* \(.*\)$/extern char \1;/p': No such file or directory
ok
checking for sysroot... no
checking for x86_64-redhat-linux-gnu-mt... no
checking for mt... no
checking if : is a manifest tool... no
checking how to run the C preprocessor... gclang -E
checking for ANSI C header files... yes
checking for sys/types.h... yes
checking for sys/stat.h... yes
checking for stdlib.h... yes
checking for string.h... yes
checking for memory.h... yes
checking for strings.h... yes
checking for inttypes.h... yes
checking for stdint.h... yes
checking for unistd.h... yes
checking for dlfcn.h... yes
checking for objdir... .libs
checking if gclang supports -fno-rtti -fno-exceptions... yes
checking for gclang option to produce PIC... -fPIC -DPIC
checking if gclang PIC flag -fPIC -DPIC works... yes
checking if gclang static flag -static works... no
checking if gclang supports -c -o file.o... yes
checking if gclang supports -c -o file.o... (cached) yes
checking whether the gclang linker (/usr/bin/ld -m elf_x86_64) supports shared libraries... yes
checking whether -lc should be explicitly linked in... no
checking dynamic linker characteristics... GNU/Linux ld.so
checking how to hardcode library paths into programs... immediate
checking whether stripping libraries is possible... yes
checking if libtool supports shared libraries... yes
checking whether to build shared libraries... yes
checking whether to build static libraries... no
checking how to run the C++ preprocessor... gclang++ -E
checking for ld used by gclang++... /usr/bin/ld -m elf_x86_64
checking if the linker (/usr/bin/ld -m elf_x86_64) is GNU ld... yes
checking whether the gclang++ linker (/usr/bin/ld -m elf_x86_64) supports shared libraries... yes
checking for gclang++ option to produce PIC... -fPIC -DPIC
checking if gclang++ PIC flag -fPIC -DPIC works... yes
checking if gclang++ static flag -static works... no
checking if gclang++ supports -c -o file.o... rmdir: failed to remove 'out': Directory not empty
yes
checking if gclang++ supports -c -o file.o... (cached) yes
checking whether the gclang++ linker (/usr/bin/ld -m elf_x86_64) supports shared libraries... yes
checking dynamic linker characteristics... (cached) GNU/Linux ld.so
checking how to hardcode library paths into programs... immediate
checking size of size_t... 8
checking for C compiler vendor... clang
checking CFLAGS for maximum warnings... -Wall
checking whether to enable maintainer-specific portions of Makefiles... no
checking sys/mman.h usability... yes
checking sys/mman.h presence... yes
checking for sys/mman.h... yes
checking for mmap... yes
checking for sys/mman.h... (cached) yes
checking for mmap... (cached) yes
checking whether read-only mmap of a plain file works... yes
checking whether mmap from /dev/zero works... yes
checking for MAP_ANON(YMOUS)... yes
checking whether mmap with MAP_ANON(YMOUS) works... yes
checking for ANSI C header files... (cached) yes
checking for memcpy... yes
checking for size_t... yes
checking for working alloca.h... yes
checking for alloca... yes
checking size of double... 8
checking size of long double... 16
checking whether byte ordering is bigendian... no
checking assembler .cfi pseudo-op support... yes
checking assembler supports pc related relocs... yes
checking assembler .ascii pseudo-op support... yes
checking assembler .string pseudo-op support... yes
checking for _ prefix in compiled symbols... no
checking toolchain supports unwind section type... yes
checking whether .eh_frame section should be read-only... yes
checking for __attribute__((visibility("hidden")))... yes
clang-13: error: unsupported option '-print-multi-os-directory'
ERROR:Failed to compile using given arguments:
clang [-O0 -Wall -fexceptions -print-multi-os-directory -Wno-unknown-pragmas -Wno-unused-command-line-argument -Wno-unused-parameter -Wno-unknown-attributes -Wno-unused-label -Wno-unknown-pragmas -Wno-unused-command-line-argument -fsanitize-address-use-after-scope -O0 -Xclang -disable-llvm-passes -D__inline= -g -Wl,--dynamic-linker,/usr/bin/csexec-loader -Wno-unknown-pragmas -Wl,--dynamic-linker,/usr/bin/csexec-loader]
exit status: exit status 1
checking that generated files are newer than configure... done
configure: creating ./config.status
config.status: creating include/Makefile
config.status: creating include/ffi.h
config.status: creating Makefile
config.status: creating testsuite/Makefile
config.status: creating man/Makefile
config.status: creating libffi.pc
config.status: creating fficonfig.h
config.status: linking ../src/x86/ffitarget.h to include/ffitarget.h
config.status: executing buildir commands
config.status: create top_srcdir/Makefile guessed from local Makefile
config.status: build in x86_64-redhat-linux-gnu (HOST=)
config.status: executing depfiles commands
config.status: executing libtool commands
config.status: executing include commands
config.status: executing src commands
+ /usr/bin/make -O -j4 V=1 VERBOSE=1
MAKE x86_64-pc-linux-gnu : 0 * all-all
/usr/bin/make.orig 'AR_FLAGS=' 'CC_FOR_BUILD=' 'CFLAGS=-O0  -Wall -fexceptions' 'CXXFLAGS=-O0' 'CFLAGS_FOR_BUILD=' 'CFLAGS_FOR_TARGET=' 'INSTALL=/usr/bin/install -c' 'INSTALL_DATA=/usr/bin/install -c -m 644' 'INSTALL_PROGRAM=/usr/bin/install -c' 'INSTALL_SCRIPT=/usr/bin/install -c' 'JC1FLAGS=' 'LDFLAGS=-O0' 'LIBCFLAGS=' 'LIBCFLAGS_FOR_TARGET=' 'MAKE=/usr/bin/make.orig' 'MAKEINFO=/bin/sh /builddir/build/BUILD/libffi-3.1/missing makeinfo ' 'PICFLAG=' 'PICFLAG_FOR_TARGET=' 'RUNTESTFLAGS=' 'SHELL=/bin/sh' 'exec_prefix=/usr' 'infodir=/usr/share/info' 'libdir=/usr/lib64' 'mandir=/usr/share/man' 'prefix=/usr' 'AR=ar' 'AS=as' 'CC=gclang' 'CXX=gclang++' 'LD=/usr/bin/ld -m elf_x86_64' 'NM=/usr/bin/nm -B' 'RANLIB=ranlib' 'DESTDIR=' all-recursive
Making all in include
make.orig[3]: Nothing to be done for 'all'.
Making all in testsuite
make.orig[3]: Nothing to be done for 'all'.
Making all in man
make.orig[3]: Nothing to be done for 'all'.
make.orig[3]: Entering directory '/builddir/build/BUILD/libffi-3.1/x86_64-redhat-linux-gnu'
/bin/sh ./libtool  --tag=CC   --mode=compile gclang -DHAVE_CONFIG_H -I. -I..  -I. -I../include -Iinclude -I../src   -O0  -Wall -fexceptions -c -o src/types.lo ../src/types.c
libtool: compile:  gclang -DHAVE_CONFIG_H -I. -I.. -I. -I../include -Iinclude -I../src -O0 -Wall -fexceptions -c ../src/types.c  -fPIC -DPIC -o src/.libs/types.o
make.orig[3]: Leaving directory '/builddir/build/BUILD/libffi-3.1/x86_64-redhat-linux-gnu'
make.orig[3]: Entering directory '/builddir/build/BUILD/libffi-3.1/x86_64-redhat-linux-gnu'
/bin/sh ./libtool  --tag=CC   --mode=compile gclang -DHAVE_CONFIG_H -I. -I..  -I. -I../include -Iinclude -I../src   -O0  -Wall -fexceptions -c -o src/prep_cif.lo ../src/prep_cif.c
libtool: compile:  gclang -DHAVE_CONFIG_H -I. -I.. -I. -I../include -Iinclude -I../src -O0 -Wall -fexceptions -c ../src/prep_cif.c  -fPIC -DPIC -o src/.libs/prep_cif.o
make.orig[3]: Leaving directory '/builddir/build/BUILD/libffi-3.1/x86_64-redhat-linux-gnu'
make.orig[3]: Entering directory '/builddir/build/BUILD/libffi-3.1/x86_64-redhat-linux-gnu'
/bin/sh ./libtool  --tag=CC   --mode=compile gclang -DHAVE_CONFIG_H -I. -I..  -I. -I../include -Iinclude -I../src   -O0  -Wall -fexceptions -c -o src/raw_api.lo ../src/raw_api.c
libtool: compile:  gclang -DHAVE_CONFIG_H -I. -I.. -I. -I../include -Iinclude -I../src -O0 -Wall -fexceptions -c ../src/raw_api.c  -fPIC -DPIC -o src/.libs/raw_api.o
make.orig[3]: Leaving directory '/builddir/build/BUILD/libffi-3.1/x86_64-redhat-linux-gnu'
make.orig[3]: Entering directory '/builddir/build/BUILD/libffi-3.1/x86_64-redhat-linux-gnu'
/bin/sh ./libtool  --tag=CC   --mode=compile gclang -DHAVE_CONFIG_H -I. -I..  -I. -I../include -Iinclude -I../src   -O0  -Wall -fexceptions -c -o src/java_raw_api.lo ../src/java_raw_api.c
libtool: compile:  gclang -DHAVE_CONFIG_H -I. -I.. -I. -I../include -Iinclude -I../src -O0 -Wall -fexceptions -c ../src/java_raw_api.c  -fPIC -DPIC -o src/.libs/java_raw_api.o
make.orig[3]: Leaving directory '/builddir/build/BUILD/libffi-3.1/x86_64-redhat-linux-gnu'
make.orig[3]: Entering directory '/builddir/build/BUILD/libffi-3.1/x86_64-redhat-linux-gnu'
/bin/sh ./libtool    --mode=compile gclang -DHAVE_CONFIG_H -I. -I..  -I. -I../include -Iinclude -I../src  -I. -I../include -Iinclude -I../src -O0 -c -o src/x86/unix64.lo ../src/x86/unix64.S
libtool: compile:  gclang -DHAVE_CONFIG_H -I. -I.. -I. -I../include -Iinclude -I../src -I. -I../include -Iinclude -I../src -O0 -c ../src/x86/unix64.S  -fPIC -DPIC -o src/x86/.libs/unix64.o
make.orig[3]: Leaving directory '/builddir/build/BUILD/libffi-3.1/x86_64-redhat-linux-gnu'
WARNING: We are skipping bitcode generation because the input file(s) are written in assembly.
make.orig[3]: Entering directory '/builddir/build/BUILD/libffi-3.1/x86_64-redhat-linux-gnu'
/bin/sh ./libtool  --tag=CC   --mode=compile gclang -DHAVE_CONFIG_H -I. -I..  -I. -I../include -Iinclude -I../src   -O0  -Wall -fexceptions -c -o src/x86/ffi.lo ../src/x86/ffi.c
libtool: compile:  gclang -DHAVE_CONFIG_H -I. -I.. -I. -I../include -Iinclude -I../src -O0 -Wall -fexceptions -c ../src/x86/ffi.c  -fPIC -DPIC -o src/x86/.libs/ffi.o
make.orig[3]: Leaving directory '/builddir/build/BUILD/libffi-3.1/x86_64-redhat-linux-gnu'
make.orig[3]: Entering directory '/builddir/build/BUILD/libffi-3.1/x86_64-redhat-linux-gnu'
/bin/sh ./libtool  --tag=CC   --mode=compile gclang -DHAVE_CONFIG_H -I. -I..  -I. -I../include -Iinclude -I../src   -O0  -Wall -fexceptions -c -o src/x86/ffi64.lo ../src/x86/ffi64.c
libtool: compile:  gclang -DHAVE_CONFIG_H -I. -I.. -I. -I../include -Iinclude -I../src -O0 -Wall -fexceptions -c ../src/x86/ffi64.c  -fPIC -DPIC -o src/x86/.libs/ffi64.o
make.orig[3]: Leaving directory '/builddir/build/BUILD/libffi-3.1/x86_64-redhat-linux-gnu'
make.orig[3]: Entering directory '/builddir/build/BUILD/libffi-3.1/x86_64-redhat-linux-gnu'
/bin/sh ./libtool    --mode=compile gclang -DHAVE_CONFIG_H -I. -I..  -I. -I../include -Iinclude -I../src  -I. -I../include -Iinclude -I../src -O0 -c -o src/x86/sysv.lo ../src/x86/sysv.S
libtool: compile:  gclang -DHAVE_CONFIG_H -I. -I.. -I. -I../include -Iinclude -I../src -I. -I../include -Iinclude -I../src -O0 -c ../src/x86/sysv.S  -fPIC -DPIC -o src/x86/.libs/sysv.o
make.orig[3]: Leaving directory '/builddir/build/BUILD/libffi-3.1/x86_64-redhat-linux-gnu'
WARNING: We are skipping bitcode generation because the input file(s) are written in assembly.
make.orig[3]: Entering directory '/builddir/build/BUILD/libffi-3.1/x86_64-redhat-linux-gnu'
/bin/sh ./libtool  --tag=CC   --mode=compile gclang -DHAVE_CONFIG_H -I. -I..  -I. -I../include -Iinclude -I../src   -O0  -Wall -fexceptions -c -o src/closures.lo ../src/closures.c
libtool: compile:  gclang -DHAVE_CONFIG_H -I. -I.. -I. -I../include -Iinclude -I../src -O0 -Wall -fexceptions -c ../src/closures.c  -fPIC -DPIC -o src/.libs/closures.o
make.orig[3]: Leaving directory '/builddir/build/BUILD/libffi-3.1/x86_64-redhat-linux-gnu'
make.orig[3]: Entering directory '/builddir/build/BUILD/libffi-3.1/x86_64-redhat-linux-gnu'
/bin/sh ./libtool  --tag=CC   --mode=link gclang  -O0  -Wall -fexceptions  -O0 -o libffi_convenience.la  src/prep_cif.lo src/types.lo src/raw_api.lo src/java_raw_api.lo src/closures.lo                               src/x86/ffi64.lo src/x86/unix64.lo src/x86/ffi.lo src/x86/sysv.lo          
libtool: link: ar cru .libs/libffi_convenience.a src/.libs/prep_cif.o src/.libs/types.o src/.libs/raw_api.o src/.libs/java_raw_api.o src/.libs/closures.o src/x86/.libs/ffi64.o src/x86/.libs/unix64.o src/x86/.libs/ffi.o src/x86/.libs/sysv.o 
libtool: link: ranlib .libs/libffi_convenience.a
libtool: link: ( cd ".libs" && rm -f "libffi_convenience.la" && ln -s "../libffi_convenience.la" "libffi_convenience.la" )
make.orig[3]: Leaving directory '/builddir/build/BUILD/libffi-3.1/x86_64-redhat-linux-gnu'
make.orig[3]: Entering directory '/builddir/build/BUILD/libffi-3.1/x86_64-redhat-linux-gnu'
/bin/sh ./libtool  --tag=CC   --mode=link gclang  -O0  -Wall -fexceptions -no-undefined -version-info `grep -v '^#' ../libtool-version`  '-O0'  -O0 -o libffi.la -rpath /usr/lib64 src/prep_cif.lo src/types.lo src/raw_api.lo src/java_raw_api.lo src/closures.lo                               src/x86/ffi64.lo src/x86/unix64.lo src/x86/ffi.lo src/x86/sysv.lo          
libtool: link: gclang -shared  -fPIC -DPIC  src/.libs/prep_cif.o src/.libs/types.o src/.libs/raw_api.o src/.libs/java_raw_api.o src/.libs/closures.o src/x86/.libs/ffi64.o src/x86/.libs/unix64.o src/x86/.libs/ffi.o src/x86/.libs/sysv.o   -Wl,-z,now  -O0 -O0 -O0   -Wl,-soname -Wl,libffi.so.6 -o .libs/libffi.so.6.0.2
libtool: link: (cd ".libs" && rm -f "libffi.so.6" && ln -s "libffi.so.6.0.2" "libffi.so.6")
libtool: link: (cd ".libs" && rm -f "libffi.so" && ln -s "libffi.so.6.0.2" "libffi.so")
libtool: link: ( cd ".libs" && rm -f "libffi.la" && ln -s "../libffi.la" "libffi.la" )
make.orig[3]: Leaving directory '/builddir/build/BUILD/libffi-3.1/x86_64-redhat-linux-gnu'
+ RPM_EC=0
++ jobs -p
+ exit 0
Finish: chroot ['/bin/su mockbuild -l -c "PATH=/usr/lib64/cswrap:\\$PATH CSWRAP_CAP_FILE=\\$\'/builddir/cswrap-capture.err\' CSWRAP_TIMEOUT=\\$\'30\' CSWRAP_TIMEOUT_FOR=\\$\':\' CC=\\$\'gclang\' CXX=\\$\'gclang++\' CSEXEC_WRAP_CMD=\\$\'--skip-ld-linux\\\\a/usr/bin/csexec-symbiotic\\\\a-l\\\\a/builddir/symbiotic-capture\\\\a-s\\\\a--timeout=8 --slicer-timeout=8 --instrumentation-timeout=8 --debug=all --prp=memsafety \' CSWRAP_ADD_CFLAGS=\\$\'-Wno-unknown-pragmas:-Wno-unused-command-line-argument:-Wno-unused-parameter:-Wno-unknown-attributes:-Wno-unused-label:-Wno-unknown-pragmas:-Wno-unused-command-line-argument:-fsanitize-address-use-after-scope:-O0:-Xclang:-disable-llvm-passes:-D__inline=:-g:-Wl,--dynamic-linker,/usr/bin/csexec-loader:-Wno-unknown-pragmas:-Wl,--dynamic-linker,/usr/bin/csexec-loader\' CSWRAP_DEL_CFLAGS=\\$\'-Werror*:-fdiagnostics-color*:-no-canonical-prefixes:-Wno-error=deprecated-register:-O1:-O2:-O3:-Os:-Ofast:-Og:-Werror*:-fdiagnostics-color*:-no-canonical-prefixes:-Wno-error=deprecated-register\' CSWRAP_ADD_CXXFLAGS=\\$\'-Wno-unused-command-line-argument:-Wno-unused-parameter:-Wno-unknown-attributes:-Wno-unused-label:-Wno-unknown-pragmas:-Wno-unused-command-line-argument:-fsanitize-address-use-after-scope:-O0:-Xclang:-disable-llvm-passes:-D__inline=:-g:-Wl,--dynamic-linker,/usr/bin/csexec-loader:-Wl,--dynamic-linker,/usr/bin/csexec-loader\' CSWRAP_DEL_CXXFLAGS=\\$\'-Werror*:-fdiagnostics-color*:-no-canonical-prefixes:-Wno-error=deprecated-register:-O1:-O2:-O3:-Os:-Ofast:-Og:-Werror*:-fdiagnostics-color*:-no-canonical-prefixes:-Wno-error=deprecated-register\' sh -c \\"rpmbuild -bc --nodeps --short-circuit /builddir/build/SPECS/libffi.spec \'--define\' \'_unpackaged_files_terminate_build 0\' \'--define\' \'apidocs 0\' \'--define\' \'with_publican 0\' \'--without\' \'docs\' \'--without\' \'langpacks\' \'--define\' \'__cc gclang\' \'--define\' \'__cxx gclang++\' \'--define\' \'__cpp gclang -E\' \'--define\' \'toolchain clang\' \'--define\' \'optflags -O0\' \'--define\' \'build_ldflags -O0\'\\""']

>>> 2023-01-30 15:36:02	"/usr/bin/mock" "-r" "fedora-35-x86_64" "--plugin-option=tmpfs:keep_mounted=True" "--config-opts=print_main_output=True" "--chroot" "/bin/su mockbuild -l -c \"PATH=/usr/lib64/cswrap:\\\$PATH CSWRAP_CAP_FILE=\\\$'/builddir/cswrap-capture.err' CSWRAP_TIMEOUT=\\\$'30' CSWRAP_TIMEOUT_FOR=\\\$':' CC=\\\$'gclang' CXX=\\\$'gclang++' CSEXEC_WRAP_CMD=\\\$'--skip-ld-linux\\\\a/usr/bin/csexec-symbiotic\\\\a-l\\\\a/builddir/symbiotic-capture\\\\a-s\\\\a--timeout=8 --slicer-timeout=8 --instrumentation-timeout=8 --debug=all --prp=memsafety ' CSWRAP_ADD_CFLAGS=\\\$'-Wno-unknown-pragmas:-Wno-unused-command-line-argument:-Wno-unused-parameter:-Wno-unknown-attributes:-Wno-unused-label:-Wno-unknown-pragmas:-Wno-unused-command-line-argument:-fsanitize-address-use-after-scope:-O0:-Xclang:-disable-llvm-passes:-D__inline=:-g:-Wl,--dynamic-linker,/usr/bin/csexec-loader:-Wno-unknown-pragmas:-Wl,--dynamic-linker,/usr/bin/csexec-loader' CSWRAP_DEL_CFLAGS=\\\$'-Werror*:-fdiagnostics-color*:-no-canonical-prefixes:-Wno-error=deprecated-register:-O1:-O2:-O3:-Os:-Ofast:-Og:-Werror*:-fdiagnostics-color*:-no-canonical-prefixes:-Wno-error=deprecated-register' CSWRAP_ADD_CXXFLAGS=\\\$'-Wno-unused-command-line-argument:-Wno-unused-parameter:-Wno-unknown-attributes:-Wno-unused-label:-Wno-unknown-pragmas:-Wno-unused-command-line-argument:-fsanitize-address-use-after-scope:-O0:-Xclang:-disable-llvm-passes:-D__inline=:-g:-Wl,--dynamic-linker,/usr/bin/csexec-loader:-Wl,--dynamic-linker,/usr/bin/csexec-loader' CSWRAP_DEL_CXXFLAGS=\\\$'-Werror*:-fdiagnostics-color*:-no-canonical-prefixes:-Wno-error=deprecated-register:-O1:-O2:-O3:-Os:-Ofast:-Og:-Werror*:-fdiagnostics-color*:-no-canonical-prefixes:-Wno-error=deprecated-register' sh -c \\\"rpmbuild -bi --nodeps --short-circuit /builddir/build/SPECS/libffi.spec '--define' '_unpackaged_files_terminate_build 0' '--define' 'apidocs 0' '--define' 'with_publican 0' '--without' 'docs' '--without' 'langpacks' '--define' '__cc gclang' '--define' '__cxx gclang++' '--define' '__cpp gclang -E' '--define' 'toolchain clang' '--define' 'optflags -O0' '--define' 'build_ldflags -O0'\\\"\""
INFO: mock.py version 3.5 starting (python version = 3.10.9, NVR = mock-3.5-1.fc36)...
Start(bootstrap): init plugins
INFO: selinux enabled
Finish(bootstrap): init plugins
Start: init plugins
INFO: selinux enabled
Finish: init plugins
INFO: Signal handler active
Start: run
Start(bootstrap): chroot init
INFO: calling preinit hooks
INFO: enabled root cache
INFO: enabled package manager cache
Start(bootstrap): cleaning package manager metadata
Finish(bootstrap): cleaning package manager metadata
INFO: enabled HW Info plugin
Mock Version: 3.5
INFO: Mock Version: 3.5
Finish(bootstrap): chroot init
Start: chroot init
INFO: calling preinit hooks
INFO: enabled root cache
INFO: enabled package manager cache
Start: cleaning package manager metadata
Finish: cleaning package manager metadata
INFO: enabled HW Info plugin
Mock Version: 3.5
INFO: Mock Version: 3.5
Finish: chroot init
INFO: Running in chroot: ['/bin/su mockbuild -l -c "PATH=/usr/lib64/cswrap:\\$PATH CSWRAP_CAP_FILE=\\$\'/builddir/cswrap-capture.err\' CSWRAP_TIMEOUT=\\$\'30\' CSWRAP_TIMEOUT_FOR=\\$\':\' CC=\\$\'gclang\' CXX=\\$\'gclang++\' CSEXEC_WRAP_CMD=\\$\'--skip-ld-linux\\\\a/usr/bin/csexec-symbiotic\\\\a-l\\\\a/builddir/symbiotic-capture\\\\a-s\\\\a--timeout=8 --slicer-timeout=8 --instrumentation-timeout=8 --debug=all --prp=memsafety \' CSWRAP_ADD_CFLAGS=\\$\'-Wno-unknown-pragmas:-Wno-unused-command-line-argument:-Wno-unused-parameter:-Wno-unknown-attributes:-Wno-unused-label:-Wno-unknown-pragmas:-Wno-unused-command-line-argument:-fsanitize-address-use-after-scope:-O0:-Xclang:-disable-llvm-passes:-D__inline=:-g:-Wl,--dynamic-linker,/usr/bin/csexec-loader:-Wno-unknown-pragmas:-Wl,--dynamic-linker,/usr/bin/csexec-loader\' CSWRAP_DEL_CFLAGS=\\$\'-Werror*:-fdiagnostics-color*:-no-canonical-prefixes:-Wno-error=deprecated-register:-O1:-O2:-O3:-Os:-Ofast:-Og:-Werror*:-fdiagnostics-color*:-no-canonical-prefixes:-Wno-error=deprecated-register\' CSWRAP_ADD_CXXFLAGS=\\$\'-Wno-unused-command-line-argument:-Wno-unused-parameter:-Wno-unknown-attributes:-Wno-unused-label:-Wno-unknown-pragmas:-Wno-unused-command-line-argument:-fsanitize-address-use-after-scope:-O0:-Xclang:-disable-llvm-passes:-D__inline=:-g:-Wl,--dynamic-linker,/usr/bin/csexec-loader:-Wl,--dynamic-linker,/usr/bin/csexec-loader\' CSWRAP_DEL_CXXFLAGS=\\$\'-Werror*:-fdiagnostics-color*:-no-canonical-prefixes:-Wno-error=deprecated-register:-O1:-O2:-O3:-Os:-Ofast:-Og:-Werror*:-fdiagnostics-color*:-no-canonical-prefixes:-Wno-error=deprecated-register\' sh -c \\"rpmbuild -bi --nodeps --short-circuit /builddir/build/SPECS/libffi.spec \'--define\' \'_unpackaged_files_terminate_build 0\' \'--define\' \'apidocs 0\' \'--define\' \'with_publican 0\' \'--without\' \'docs\' \'--without\' \'langpacks\' \'--define\' \'__cc gclang\' \'--define\' \'__cxx gclang++\' \'--define\' \'__cpp gclang -E\' \'--define\' \'toolchain clang\' \'--define\' \'optflags -O0\' \'--define\' \'build_ldflags -O0\'\\""']
Start: chroot ['/bin/su mockbuild -l -c "PATH=/usr/lib64/cswrap:\\$PATH CSWRAP_CAP_FILE=\\$\'/builddir/cswrap-capture.err\' CSWRAP_TIMEOUT=\\$\'30\' CSWRAP_TIMEOUT_FOR=\\$\':\' CC=\\$\'gclang\' CXX=\\$\'gclang++\' CSEXEC_WRAP_CMD=\\$\'--skip-ld-linux\\\\a/usr/bin/csexec-symbiotic\\\\a-l\\\\a/builddir/symbiotic-capture\\\\a-s\\\\a--timeout=8 --slicer-timeout=8 --instrumentation-timeout=8 --debug=all --prp=memsafety \' CSWRAP_ADD_CFLAGS=\\$\'-Wno-unknown-pragmas:-Wno-unused-command-line-argument:-Wno-unused-parameter:-Wno-unknown-attributes:-Wno-unused-label:-Wno-unknown-pragmas:-Wno-unused-command-line-argument:-fsanitize-address-use-after-scope:-O0:-Xclang:-disable-llvm-passes:-D__inline=:-g:-Wl,--dynamic-linker,/usr/bin/csexec-loader:-Wno-unknown-pragmas:-Wl,--dynamic-linker,/usr/bin/csexec-loader\' CSWRAP_DEL_CFLAGS=\\$\'-Werror*:-fdiagnostics-color*:-no-canonical-prefixes:-Wno-error=deprecated-register:-O1:-O2:-O3:-Os:-Ofast:-Og:-Werror*:-fdiagnostics-color*:-no-canonical-prefixes:-Wno-error=deprecated-register\' CSWRAP_ADD_CXXFLAGS=\\$\'-Wno-unused-command-line-argument:-Wno-unused-parameter:-Wno-unknown-attributes:-Wno-unused-label:-Wno-unknown-pragmas:-Wno-unused-command-line-argument:-fsanitize-address-use-after-scope:-O0:-Xclang:-disable-llvm-passes:-D__inline=:-g:-Wl,--dynamic-linker,/usr/bin/csexec-loader:-Wl,--dynamic-linker,/usr/bin/csexec-loader\' CSWRAP_DEL_CXXFLAGS=\\$\'-Werror*:-fdiagnostics-color*:-no-canonical-prefixes:-Wno-error=deprecated-register:-O1:-O2:-O3:-Os:-Ofast:-Og:-Werror*:-fdiagnostics-color*:-no-canonical-prefixes:-Wno-error=deprecated-register\' sh -c \\"rpmbuild -bi --nodeps --short-circuit /builddir/build/SPECS/libffi.spec \'--define\' \'_unpackaged_files_terminate_build 0\' \'--define\' \'apidocs 0\' \'--define\' \'with_publican 0\' \'--without\' \'docs\' \'--without\' \'langpacks\' \'--define\' \'__cc gclang\' \'--define\' \'__cxx gclang++\' \'--define\' \'__cpp gclang -E\' \'--define\' \'toolchain clang\' \'--define\' \'optflags -O0\' \'--define\' \'build_ldflags -O0\'\\""']
error: %changelog not in descending chronological order
setting SOURCE_DATE_EPOCH=1624838400
Executing(%install): /bin/sh -e /var/tmp/rpm-tmp.ELvsGD
+ umask 022
+ cd /builddir/build/BUILD
+ '[' /builddir/build/BUILDROOT/libffi-3.1-29.fc35.x86_64 '!=' / ']'
+ rm -rf /builddir/build/BUILDROOT/libffi-3.1-29.fc35.x86_64
++ dirname /builddir/build/BUILDROOT/libffi-3.1-29.fc35.x86_64
+ mkdir -p /builddir/build/BUILDROOT
+ mkdir /builddir/build/BUILDROOT/libffi-3.1-29.fc35.x86_64
+ cd libffi-3.1
+ /usr/bin/make install DESTDIR=/builddir/build/BUILDROOT/libffi-3.1-29.fc35.x86_64 'INSTALL=/usr/bin/install -p'
MAKE x86_64-pc-linux-gnu : 0 * install
make.orig[1]: Entering directory '/builddir/build/BUILD/libffi-3.1/x86_64-redhat-linux-gnu'
Making install in include
make.orig[2]: Entering directory '/builddir/build/BUILD/libffi-3.1/x86_64-redhat-linux-gnu/include'
make.orig[3]: Entering directory '/builddir/build/BUILD/libffi-3.1/x86_64-redhat-linux-gnu/include'
make.orig[3]: Nothing to be done for 'install-exec-am'.
 /usr/bin/mkdir -p '/builddir/build/BUILDROOT/libffi-3.1-29.fc35.x86_64/usr/lib64/libffi-3.1/include'
 /usr/bin/install -c -m 644 ffi.h ffitarget.h '/builddir/build/BUILDROOT/libffi-3.1-29.fc35.x86_64/usr/lib64/libffi-3.1/include'
make.orig[3]: Leaving directory '/builddir/build/BUILD/libffi-3.1/x86_64-redhat-linux-gnu/include'
make.orig[2]: Leaving directory '/builddir/build/BUILD/libffi-3.1/x86_64-redhat-linux-gnu/include'
Making install in testsuite
make.orig[2]: Entering directory '/builddir/build/BUILD/libffi-3.1/x86_64-redhat-linux-gnu/testsuite'
make.orig[3]: Entering directory '/builddir/build/BUILD/libffi-3.1/x86_64-redhat-linux-gnu/testsuite'
make.orig[3]: Nothing to be done for 'install-exec-am'.
make.orig[3]: Nothing to be done for 'install-data-am'.
make.orig[3]: Leaving directory '/builddir/build/BUILD/libffi-3.1/x86_64-redhat-linux-gnu/testsuite'
make.orig[2]: Leaving directory '/builddir/build/BUILD/libffi-3.1/x86_64-redhat-linux-gnu/testsuite'
Making install in man
make.orig[2]: Entering directory '/builddir/build/BUILD/libffi-3.1/x86_64-redhat-linux-gnu/man'
make.orig[3]: Entering directory '/builddir/build/BUILD/libffi-3.1/x86_64-redhat-linux-gnu/man'
make.orig[3]: Nothing to be done for 'install-exec-am'.
 /usr/bin/mkdir -p '/builddir/build/BUILDROOT/libffi-3.1-29.fc35.x86_64/usr/share/man/man3'
 /usr/bin/install -c -m 644 ../../man/ffi.3 ../../man/ffi_call.3 ../../man/ffi_prep_cif.3 ../../man/ffi_prep_cif_var.3 '/builddir/build/BUILDROOT/libffi-3.1-29.fc35.x86_64/usr/share/man/man3'
make.orig[3]: Leaving directory '/builddir/build/BUILD/libffi-3.1/x86_64-redhat-linux-gnu/man'
make.orig[2]: Leaving directory '/builddir/build/BUILD/libffi-3.1/x86_64-redhat-linux-gnu/man'
make.orig[2]: Entering directory '/builddir/build/BUILD/libffi-3.1/x86_64-redhat-linux-gnu'
make.orig[3]: Entering directory '/builddir/build/BUILD/libffi-3.1/x86_64-redhat-linux-gnu'
 /usr/bin/mkdir -p '/builddir/build/BUILDROOT/libffi-3.1-29.fc35.x86_64/usr/lib64'
 /bin/sh ./libtool   --mode=install /usr/bin/install -c   libffi.la '/builddir/build/BUILDROOT/libffi-3.1-29.fc35.x86_64/usr/lib64'
libtool: install: /usr/bin/install -c .libs/libffi.so.6.0.2 /builddir/build/BUILDROOT/libffi-3.1-29.fc35.x86_64/usr/lib64/libffi.so.6.0.2
libtool: install: (cd /builddir/build/BUILDROOT/libffi-3.1-29.fc35.x86_64/usr/lib64 && { ln -s -f libffi.so.6.0.2 libffi.so.6 || { rm -f libffi.so.6 && ln -s libffi.so.6.0.2 libffi.so.6; }; })
libtool: install: (cd /builddir/build/BUILDROOT/libffi-3.1-29.fc35.x86_64/usr/lib64 && { ln -s -f libffi.so.6.0.2 libffi.so || { rm -f libffi.so && ln -s libffi.so.6.0.2 libffi.so; }; })
libtool: install: /usr/bin/install -c .libs/libffi.lai /builddir/build/BUILDROOT/libffi-3.1-29.fc35.x86_64/usr/lib64/libffi.la
libtool: warning: remember to run 'libtool --finish /usr/lib64'
 /usr/bin/mkdir -p '/builddir/build/BUILDROOT/libffi-3.1-29.fc35.x86_64/usr/share/info'
 /usr/bin/install -c -m 644 ../doc/libffi.info '/builddir/build/BUILDROOT/libffi-3.1-29.fc35.x86_64/usr/share/info'
 install-info --info-dir='/builddir/build/BUILDROOT/libffi-3.1-29.fc35.x86_64/usr/share/info' '/builddir/build/BUILDROOT/libffi-3.1-29.fc35.x86_64/usr/share/info/libffi.info'
 /usr/bin/mkdir -p '/builddir/build/BUILDROOT/libffi-3.1-29.fc35.x86_64/usr/lib64/pkgconfig'
 /usr/bin/install -c -m 644 libffi.pc '/builddir/build/BUILDROOT/libffi-3.1-29.fc35.x86_64/usr/lib64/pkgconfig'
make.orig[3]: Leaving directory '/builddir/build/BUILD/libffi-3.1/x86_64-redhat-linux-gnu'
make.orig[2]: Leaving directory '/builddir/build/BUILD/libffi-3.1/x86_64-redhat-linux-gnu'
make.orig[1]: Leaving directory '/builddir/build/BUILD/libffi-3.1/x86_64-redhat-linux-gnu'
+ find /builddir/build/BUILDROOT/libffi-3.1-29.fc35.x86_64 -name '*.la' -exec rm -f '{}' ';'
+ rm -f /builddir/build/BUILDROOT/libffi-3.1-29.fc35.x86_64/usr/share/info/dir
+ basearch=x86_64
+ mkdir -p /builddir/build/BUILDROOT/libffi-3.1-29.fc35.x86_64/usr/include
+ for i in ffi ffitarget
+ mv /builddir/build/BUILDROOT/libffi-3.1-29.fc35.x86_64/usr/lib64/libffi-3.1/include/ffi.h /builddir/build/BUILDROOT/libffi-3.1-29.fc35.x86_64/usr/include/ffi-x86_64.h
+ for i in ffi ffitarget
+ mv /builddir/build/BUILDROOT/libffi-3.1-29.fc35.x86_64/usr/lib64/libffi-3.1/include/ffitarget.h /builddir/build/BUILDROOT/libffi-3.1-29.fc35.x86_64/usr/include/ffitarget-x86_64.h
+ install -m644 /builddir/build/SOURCES/ffi-multilib.h /builddir/build/BUILDROOT/libffi-3.1-29.fc35.x86_64/usr/include/ffi.h
+ install -m644 /builddir/build/SOURCES/ffitarget-multilib.h /builddir/build/BUILDROOT/libffi-3.1-29.fc35.x86_64/usr/include/ffitarget.h
+ rm -rf /builddir/build/BUILDROOT/libffi-3.1-29.fc35.x86_64/usr/lib64/libffi-3.1
+ /usr/bin/find-debuginfo -j4 --strict-build-id -m -i --build-id-seed 3.1-29.fc35 --unique-debug-suffix -3.1-29.fc35.x86_64 --unique-debug-src-base libffi-3.1-29.fc35.x86_64 --run-dwz --dwz-low-mem-die-limit 10000000 --dwz-max-die-limit 110000000 -S debugsourcefiles.list /builddir/build/BUILD/libffi-3.1
extracting debug info from /builddir/build/BUILDROOT/libffi-3.1-29.fc35.x86_64/usr/lib64/libffi.so.6.0.2
/usr/bin/debugedit: Warning, not replacing comp_dir '/builddir/build/BUILD/libffi-3.1/x86_64-redhat-linux-gnu' prefix ('/builddir/build/BUILD/libffi-3.1' -> '/usr/src/debug/libffi-3.1-29.fc35.x86_64') encoded as DW_FORM_string. Replacement too large.
original debug info size: 68kB, size after compression: 64kB
/usr/bin/sepdebugcrcfix: Updated 1 CRC32s, 0 CRC32s did match.
543 blocks
+ /usr/lib/rpm/check-buildroot
+ /usr/lib/rpm/redhat/brp-llvm-compile-lto-elf -O0 -O0
Checking for LLVM bitcode artifacts
+ /usr/lib/rpm/redhat/brp-ldconfig
+ /usr/lib/rpm/brp-compress
+ /usr/lib/rpm/redhat/brp-strip-lto /usr/bin/strip
+ /usr/lib/rpm/brp-strip-static-archive /usr/bin/strip
+ /usr/lib/rpm/check-rpaths
+ /usr/lib/rpm/redhat/brp-mangle-shebangs
+ /usr/lib/rpm/redhat/brp-python-bytecompile '' 1 0
+ /usr/lib/rpm/redhat/brp-python-hardlink
Executing(%check): /bin/sh -e /var/tmp/rpm-tmp.DZYlYv
+ umask 022
+ cd /builddir/build/BUILD
+ cd libffi-3.1
+ /usr/bin/make -O -j4 V=1 VERBOSE=1 check
MAKE x86_64-pc-linux-gnu : 0 * check
Making check in include
make.orig[2]: Nothing to be done for 'check'.
Making check in testsuite
/usr/bin/make.orig  check-DEJAGNU
make.orig[3]: Entering directory '/builddir/build/BUILD/libffi-3.1/x86_64-redhat-linux-gnu/testsuite'
Making a new site.exp file ...
make.orig[3]: Leaving directory '/builddir/build/BUILD/libffi-3.1/x86_64-redhat-linux-gnu/testsuite'
make.orig[3]: Entering directory '/builddir/build/BUILD/libffi-3.1/x86_64-redhat-linux-gnu/testsuite'
srcdir='../../testsuite'; export srcdir; \
EXPECT=expect; export EXPECT; \
if /bin/sh -c "runtest --version" > /dev/null 2>&1; then \
  exit_status=0; l='libffi'; for tool in $l; do \
    if runtest  --tool $tool --srcdir $srcdir ; \
    then :; else exit_status=1; fi; \
  done; \
else echo "WARNING: could not find 'runtest'" 1>&2; :;\
fi; \
exit $exit_status
Using ../../testsuite/lib/libffi.exp as tool init file.
Test run by mockbuild on Mon Jan 30 15:36:09 2023
Native configuration is x86_64-redhat-linux-gnu

		=== libffi tests ===

Schedule of variations:
    unix

Running target unix
Using /usr/share/dejagnu/baseboards/unix.exp as board description file for target.
Using /usr/share/dejagnu/config/unix.exp as generic interface file for target.
Using ../../testsuite/config/default.exp as tool-and-target-specific interface file.
Running ../../testsuite/libffi.call/call.exp ...

		=== libffi Summary ===

# of expected passes		1780
# of unresolved testcases	1
make.orig[3]: Leaving directory '/builddir/build/BUILD/libffi-3.1/x86_64-redhat-linux-gnu/testsuite'
Making check in man
WARNING: Couldn't find the global config file.
ERROR: tcl error sourcing ../../testsuite/libffi.call/call.exp.
ERROR: tcl error code NONE
ERROR: .;
32;@m32
gcc: error: unrecognized command-line option '-Xclang'
    while executing
"exec $compiler --print-multi-lib"
    (procedure "get_multilibs" line 62)
    invoked from within
"get_multilibs"
    (procedure "g++_include_flags" line 9)
    invoked from within
"g++_include_flags"
    (procedure "default_target_compile" line 58)
    invoked from within
"default_target_compile $source $destfile $type $options"
    (procedure "target_compile" line 6)
    invoked from within
"target_compile $source $dest $type $options"
    (procedure "libffi_target_compile" line 57)
    invoked from within
"libffi_target_compile "$prog" "$output_file" "$compile_type" $options"
    (procedure "libffi-dg-test-1" line 52)
    invoked from within
"libffi-dg-test-1 target_compile $prog $do_what $extra_tool_flags"
    (procedure "libffi-dg-test" line 2)
    invoked from within
"${tool}-dg-test $prog [lindex ${dg-do-what} 0] "$tool_flags ${dg-extra-tool-flags}""
    (procedure "saved-dg-test" line 112)
    invoked from within
"saved-dg-test ../../testsuite/libffi.call/unwindtest.cc {-W -Wall -O0} {}"
    ("eval" body line 1)
    invoked from within
"eval saved-dg-test $args "
    (procedure "dg-test" line 6)
    invoked from within
"dg-test $test $options """
    (procedure "run-many-tests" line 36)
    invoked from within
"run-many-tests [lsort [glob -nocomplain -- $srcdir/$subdir/*.{c,cc}]] """
    (file "../../testsuite/libffi.call/call.exp" line 22)
    invoked from within
"source ../../testsuite/libffi.call/call.exp"
    ("uplevel" body line 1)
    invoked from within
"uplevel #0 source ../../testsuite/libffi.call/call.exp"
    invoked from within
"catch "uplevel #0 source $test_file_name" msg"
ERROR: -------------------------------------------
ERROR: in testcase ../../testsuite/libffi.call/call.exp
ERROR:  .;
32;@m32
gcc: error: unrecognized command-line option '-Xclang'
ERROR:  tcl error code NONE
ERROR:  tcl error info:
.;
32;@m32
gcc: error: unrecognized command-line option '-Xclang'
    while executing
"exec $compiler --print-multi-lib"
    (procedure "get_multilibs" line 62)
    invoked from within
"get_multilibs"
    (procedure "g++_include_flags" line 9)
    invoked from within
"g++_include_flags"
    (procedure "default_target_compile" line 58)
    invoked from within
"default_target_compile $source $destfile $type $options"
    (procedure "target_compile" line 6)
    invoked from within
"target_compile $source $dest $type $options"
    (procedure "libffi_target_compile" line 57)
    invoked from within
"libffi_target_compile "$prog" "$output_file" "$compile_type" $options"
    (procedure "libffi-dg-test-1" line 52)
    invoked from within
"libffi-dg-test-1 target_compile $prog $do_what $extra_tool_flags"
    (procedure "libffi-dg-test" line 2)
    invoked from within
"${tool}-dg-test $prog [lindex ${dg-do-what} 0] "$tool_flags ${dg-extra-tool-flags}""
    (procedure "saved-dg-test" line 112)
    invoked from within
"saved-dg-test ../../testsuite/libffi.call/unwindtest.cc {-W -Wall -O0} {}"
    ("eval" body line 1)
    invoked from within
"eval saved-dg-test $args "
    (procedure "dg-test" line 6)
    invoked from within
"dg-test $test $options """
    (procedure "run-many-tests" line 36)
    invoked from within
"run-many-tests [lsort [glob -nocomplain -- $srcdir/$subdir/*.{c,cc}]] """
    (file "../../testsuite/libffi.call/call.exp" line 22)
    invoked from within
"source ../../testsuite/libffi.call/call.exp"
    ("uplevel" body line 1)
    invoked from within
"uplevel #0 source ../../testsuite/libffi.call/call.exp"
    invoked from within
"catch "uplevel #0 source $test_file_name" msg"
--------------------------------------------------
make.orig[3]: *** [Makefile:397: check-DEJAGNU] Error 1
make.orig[2]: *** [Makefile:471: check-am] Error 2
make.orig[2]: Target 'check' not remade because of errors.
make.orig[2]: Nothing to be done for 'check'.
make.orig[1]: *** [Makefile:1577: check-recursive] Error 1
make.orig[1]: Target 'check' not remade because of errors.
make.orig: *** [Makefile:3051: check] Error 2
error: Bad exit status from /var/tmp/rpm-tmp.DZYlYv (%check)
    %changelog not in descending chronological order
    Bad exit status from /var/tmp/rpm-tmp.DZYlYv (%check)

RPM build errors:
Finish: chroot ['/bin/su mockbuild -l -c "PATH=/usr/lib64/cswrap:\\$PATH CSWRAP_CAP_FILE=\\$\'/builddir/cswrap-capture.err\' CSWRAP_TIMEOUT=\\$\'30\' CSWRAP_TIMEOUT_FOR=\\$\':\' CC=\\$\'gclang\' CXX=\\$\'gclang++\' CSEXEC_WRAP_CMD=\\$\'--skip-ld-linux\\\\a/usr/bin/csexec-symbiotic\\\\a-l\\\\a/builddir/symbiotic-capture\\\\a-s\\\\a--timeout=8 --slicer-timeout=8 --instrumentation-timeout=8 --debug=all --prp=memsafety \' CSWRAP_ADD_CFLAGS=\\$\'-Wno-unknown-pragmas:-Wno-unused-command-line-argument:-Wno-unused-parameter:-Wno-unknown-attributes:-Wno-unused-label:-Wno-unknown-pragmas:-Wno-unused-command-line-argument:-fsanitize-address-use-after-scope:-O0:-Xclang:-disable-llvm-passes:-D__inline=:-g:-Wl,--dynamic-linker,/usr/bin/csexec-loader:-Wno-unknown-pragmas:-Wl,--dynamic-linker,/usr/bin/csexec-loader\' CSWRAP_DEL_CFLAGS=\\$\'-Werror*:-fdiagnostics-color*:-no-canonical-prefixes:-Wno-error=deprecated-register:-O1:-O2:-O3:-Os:-Ofast:-Og:-Werror*:-fdiagnostics-color*:-no-canonical-prefixes:-Wno-error=deprecated-register\' CSWRAP_ADD_CXXFLAGS=\\$\'-Wno-unused-command-line-argument:-Wno-unused-parameter:-Wno-unknown-attributes:-Wno-unused-label:-Wno-unknown-pragmas:-Wno-unused-command-line-argument:-fsanitize-address-use-after-scope:-O0:-Xclang:-disable-llvm-passes:-D__inline=:-g:-Wl,--dynamic-linker,/usr/bin/csexec-loader:-Wl,--dynamic-linker,/usr/bin/csexec-loader\' CSWRAP_DEL_CXXFLAGS=\\$\'-Werror*:-fdiagnostics-color*:-no-canonical-prefixes:-Wno-error=deprecated-register:-O1:-O2:-O3:-Os:-Ofast:-Og:-Werror*:-fdiagnostics-color*:-no-canonical-prefixes:-Wno-error=deprecated-register\' sh -c \\"rpmbuild -bi --nodeps --short-circuit /builddir/build/SPECS/libffi.spec \'--define\' \'_unpackaged_files_terminate_build 0\' \'--define\' \'apidocs 0\' \'--define\' \'with_publican 0\' \'--without\' \'docs\' \'--without\' \'langpacks\' \'--define\' \'__cc gclang\' \'--define\' \'__cxx gclang++\' \'--define\' \'__cpp gclang -E\' \'--define\' \'toolchain clang\' \'--define\' \'optflags -O0\' \'--define\' \'build_ldflags -O0\'\\""']

!!! 2023-01-30 16:58:33	error: %install failed

>>> 2023-01-30 16:58:33	"'/usr/bin/mock' '-r' 'fedora-35-x86_64' '--plugin-option=tmpfs:keep_mounted=True' '--config-opts=print_main_output=True' '--quiet' '--shell' 'tar -c --remove-files '/builddir/cswrap-capture.err' '/builddir/symbiotic-capture'' | tar -xC '/home/mockbuilder/aufover-benchmark/workdir-for-sync/rpm-pkgs/libffi-3.1-29.fc35/symbiotic/output/debug/raw-results'"
tar: Removing leading `/' from member names
tar: Removing leading `/' from hard link targets

>>> 2023-01-30 16:58:39	"chmod" "-R" "+r" "/home/mockbuilder/aufover-benchmark/workdir-for-sync/rpm-pkgs/libffi-3.1-29.fc35/symbiotic/output/debug/raw-results/builddir/symbiotic-capture"

>>> 2023-01-30 16:58:39	"cd '/home/mockbuilder/aufover-benchmark/workdir-for-sync/rpm-pkgs/libffi-3.1-29.fc35/symbiotic/output/debug/raw-results/builddir/symbiotic-capture' && touch empty.conv && csgrep --mode=json --remove-duplicates *.conv > /home/mockbuilder/aufover-benchmark/workdir-for-sync/rpm-pkgs/libffi-3.1-29.fc35/symbiotic/output/debug/uni-results/symbiotic-capture.js"

scan.ini: time-finished = 2023-01-30 16:58:39
scan.ini: exit-code = 1
>>> 2023-01-30 16:58:39	"cslinker --quiet --cwelist '/usr/share/csmock/cwe-map.csv' --inifile '/home/mockbuilder/aufover-benchmark/workdir-for-sync/rpm-pkgs/libffi-3.1-29.fc35/symbiotic/output/scan.ini' '/home/mockbuilder/aufover-benchmark/workdir-for-sync/rpm-pkgs/libffi-3.1-29.fc35/symbiotic/output/debug/uni-results'/* > '/home/mockbuilder/aufover-benchmark/workdir-for-sync/rpm-pkgs/libffi-3.1-29.fc35/symbiotic/output/debug/scan-results-all.js'"

>>> 2023-01-30 16:58:39	"'/usr/bin/mock' '-r' 'fedora-35-x86_64' '--plugin-option=tmpfs:keep_mounted=True' '--config-opts=print_main_output=True' '--quiet' '--shell' 'csgrep --mode=json --embed-context 3' < '/home/mockbuilder/aufover-benchmark/workdir-for-sync/rpm-pkgs/libffi-3.1-29.fc35/symbiotic/output/debug/scan-results-all.js' > '/home/mockbuilder/aufover-benchmark/workdir-for-sync/rpm-pkgs/libffi-3.1-29.fc35/symbiotic/output/debug/scan-results-all.js.tmp'"

>>> 2023-01-30 16:58:44	"/usr/bin/mock" "-r" "fedora-35-x86_64" "--plugin-option=tmpfs:keep_mounted=True" "--config-opts=print_main_output=True" "--quiet" "--clean"

>>> 2023-01-30 16:58:57	"cat '/home/mockbuilder/aufover-benchmark/workdir-for-sync/rpm-pkgs/libffi-3.1-29.fc35/symbiotic/output/debug/scan-results-all.js' | sed 's|/builddir/build/BUILDROOT/[^/]*/|/builddir/build/BUILD//|' | csgrep --mode=json --path '^/builddir/build/BUILD/' --strip-path-prefix /builddir/build/BUILD/ | csgrep --mode=json --invert-match --path '^ksh-.*[0-9]+\\.c\$' | csgrep --mode=json --invert-match --path 'CMakeFiles/CMakeTmp|conftest.c' | cssort --key=path > '/home/mockbuilder/aufover-benchmark/workdir-for-sync/rpm-pkgs/libffi-3.1-29.fc35/symbiotic/output/scan-results.js'"

>>> 2023-01-30 16:58:57	"sed 's|/builddir/build/BUILDROOT/[^/]*/|/builddir/build/BUILD//|' '/home/mockbuilder/aufover-benchmark/workdir-for-sync/rpm-pkgs/libffi-3.1-29.fc35/symbiotic/output/debug/scan-results-all.js' | csgrep --mode=json --strip-path-prefix /builddir/build/BUILD/ | csdiff --show-internal '/home/mockbuilder/aufover-benchmark/workdir-for-sync/rpm-pkgs/libffi-3.1-29.fc35/symbiotic/output/scan-results.js' - | cssort > '/home/mockbuilder/aufover-benchmark/workdir-for-sync/rpm-pkgs/libffi-3.1-29.fc35/symbiotic/output/debug/suppressed-results.js'"

>>> 2023-01-30 16:58:57	"csgrep --mode=grep --invert-match --event \"internal warning\" --prune-events=1 '/home/mockbuilder/aufover-benchmark/workdir-for-sync/rpm-pkgs/libffi-3.1-29.fc35/symbiotic/output/debug/suppressed-results.js' > '/home/mockbuilder/aufover-benchmark/workdir-for-sync/rpm-pkgs/libffi-3.1-29.fc35/symbiotic/output/debug/suppressed-results.err'"

>>> 2023-01-30 16:58:57	"csgrep --mode=json --invert-match --event \"internal warning\" --prune-events=1 '/home/mockbuilder/aufover-benchmark/workdir-for-sync/rpm-pkgs/libffi-3.1-29.fc35/symbiotic/output/debug/suppressed-results.js' | cshtml - > '/home/mockbuilder/aufover-benchmark/workdir-for-sync/rpm-pkgs/libffi-3.1-29.fc35/symbiotic/output/debug/suppressed-results.html'"

>>> 2023-01-30 16:58:57	"csgrep --mode=evtstat --invert-match --event \"internal warning\" --prune-events=1 '/home/mockbuilder/aufover-benchmark/workdir-for-sync/rpm-pkgs/libffi-3.1-29.fc35/symbiotic/output/debug/suppressed-results.js' | tee '/home/mockbuilder/aufover-benchmark/workdir-for-sync/rpm-pkgs/libffi-3.1-29.fc35/symbiotic/output/debug/suppressed-results-summary.txt'"
      1	SYMBIOTIC_WARNING                               	argv

>>> 2023-01-30 16:58:57	"csgrep --mode=grep --invert-match --event \"internal warning\" --prune-events=1 '/home/mockbuilder/aufover-benchmark/workdir-for-sync/rpm-pkgs/libffi-3.1-29.fc35/symbiotic/output/scan-results.js' > '/home/mockbuilder/aufover-benchmark/workdir-for-sync/rpm-pkgs/libffi-3.1-29.fc35/symbiotic/output/scan-results.err'"

>>> 2023-01-30 16:58:57	"csgrep --mode=json --invert-match --event \"internal warning\" --prune-events=1 '/home/mockbuilder/aufover-benchmark/workdir-for-sync/rpm-pkgs/libffi-3.1-29.fc35/symbiotic/output/scan-results.js' | cshtml - > '/home/mockbuilder/aufover-benchmark/workdir-for-sync/rpm-pkgs/libffi-3.1-29.fc35/symbiotic/output/scan-results.html'"

>>> 2023-01-30 16:58:57	"csgrep --mode=evtstat --invert-match --event \"internal warning\" --prune-events=1 '/home/mockbuilder/aufover-benchmark/workdir-for-sync/rpm-pkgs/libffi-3.1-29.fc35/symbiotic/output/scan-results.js' | tee '/home/mockbuilder/aufover-benchmark/workdir-for-sync/rpm-pkgs/libffi-3.1-29.fc35/symbiotic/output/scan-results-summary.txt'"
      2	SYMBIOTIC_WARNING                               	error

<<< 2023-01-30 16:58:57	csmock exit code: 1

