scan.ini: [scan]
scan.ini: tool = csmock
scan.ini: tool-version = csmock-3.3.5-1.fc36
scan.ini: tool-args = '/usr/bin/csmock' '-o' '/home/mockbuilder/aufover-benchmark/workdir-for-sync/rpm-pkgs/libcap-ng-0.8.2-6.fc35/divine/output' '-f' '/home/mockbuilder/aufover-benchmark/workdir-for-sync/rpm-pkgs/libcap-ng-0.8.2-6.fc35/libcap-ng-0.8.2-6.fc35.src.rpm' '-r' 'fedora-35-x86_64' '-t' 'divine' '--divine-timeout=8' '--keep-going'
scan.ini: host = dell-pe-fm120-1b.dell2.lab.eng.bos.redhat.com
scan.ini: store-results-to = /home/mockbuilder/aufover-benchmark/workdir-for-sync/rpm-pkgs/libcap-ng-0.8.2-6.fc35/divine/output
scan.ini: time-created = 2023-01-26 06:50:39
scan.ini: enabled-plugins = divine, gcc
scan.ini: mock-config = fedora-35-x86_64
scan.ini: project-name = libcap-ng-0.8.2-6.fc35
>>> 2023-01-26 06:50:39	"rpm -qa | sort -V > '/home/mockbuilder/aufover-benchmark/workdir-for-sync/rpm-pkgs/libcap-ng-0.8.2-6.fc35/divine/output/debug/rpm-list-host.txt'"

>>> 2023-01-26 06:50:40	"/usr/bin/mock" "-r" "fedora-35-x86_64" "--plugin-option=tmpfs:keep_mounted=True" "--config-opts=print_main_output=True" "--init"
INFO: mock.py version 3.5 starting (python version = 3.10.9, NVR = mock-3.5-1.fc36)...
Start(bootstrap): init plugins
INFO: selinux enabled
Finish(bootstrap): init plugins
Start: init plugins
INFO: selinux enabled
Finish: init plugins
INFO: Signal handler active
Start: run
Start: clean chroot
Finish: clean chroot
Start(bootstrap): chroot init
INFO: calling preinit hooks
INFO: enabled root cache
INFO: enabled package manager cache
Start(bootstrap): cleaning package manager metadata
Finish(bootstrap): cleaning package manager metadata
INFO: enabled HW Info plugin
Mock Version: 3.5
INFO: Mock Version: 3.5
Finish(bootstrap): chroot init
Start: chroot init
INFO: calling preinit hooks
INFO: enabled root cache
Start: unpacking root cache
Finish: unpacking root cache
INFO: enabled package manager cache
Start: cleaning package manager metadata
Finish: cleaning package manager metadata
INFO: enabled HW Info plugin
Mock Version: 3.5
INFO: Mock Version: 3.5
Finish: chroot init
Finish: run

>>> 2023-01-26 06:50:48	"/usr/bin/mock" "-r" "fedora-35-x86_64" "--plugin-option=tmpfs:keep_mounted=True" "--config-opts=print_main_output=True" "--quiet" "--installdeps" "/tmp/csmock4pz69wsk/libcap-ng-0.8.2-6.fc35.src.rpm"
No matches found for the following disable plugin patterns: local, spacewalk, versionlock
fedora                   [===                 ] ---  B/s |   0  B     --:-- ETAfedora                                           21 kB/s | 4.5 kB     00:00    
updates                  [===                 ] ---  B/s |   0  B     --:-- ETAupdates                  [   ===              ] ---  B/s |   0  B     --:-- ETAupdates                                         8.3 kB/s | 2.8 kB     00:00    
Dependencies resolved.
================================================================================
 Package                     Arch       Version               Repository   Size
================================================================================
Installing:
 [1mgcc                        [m x86_64     11.3.1-3.fc35         updates      31 M
 [1mkernel-headers             [m x86_64     6.0.5-100.fc35        updates     1.3 M
 [1mlibattr-devel              [m x86_64     2.5.1-3.fc35          fedora       25 k
 [1mmake                       [m x86_64     1:4.3-6.fc35          fedora      533 k
 [1mpython3-devel              [m x86_64     3.10.8-3.fc35         updates     208 k
 [1mswig                       [m x86_64     4.0.2-10.fc35         updates     1.4 M
Installing dependencies:
 [1mannobin-docs               [m noarch     10.79-1.fc35          updates      91 k
 [1mannobin-plugin-gcc         [m x86_64     10.79-1.fc35          updates     882 k
 [1mcpp                        [m x86_64     11.3.1-3.fc35         updates      10 M
 [1mexpat                      [m x86_64     2.5.0-1.fc35          updates     115 k
 [1mgc                         [m x86_64     8.0.4-6.fc35          fedora      103 k
 [1mglibc-devel                [m x86_64     2.34-49.fc35          updates      45 k
 [1mglibc-headers-x86          [m noarch     2.34-49.fc35          updates     445 k
 [1mguile22                    [m x86_64     2.2.7-3.fc35          fedora      6.4 M
 [1mlibmpc                     [m x86_64     1.2.1-3.fc35          fedora       62 k
 [1mlibtool-ltdl               [m x86_64     2.4.6-50.fc35         updates      36 k
 [1mlibxcrypt-devel            [m x86_64     4.4.33-3.fc35         updates      30 k
 [1mmpdecimal                  [m x86_64     2.5.1-2.fc35          fedora       99 k
 [1mpyproject-rpm-macros       [m noarch     1.4.0-1.fc35          updates      40 k
 [1mpython-pip-wheel           [m noarch     21.2.3-4.fc35         updates     1.1 M
 [1mpython-rpm-macros          [m noarch     3.10-13.fc35          updates      16 k
 [1mpython-setuptools-wheel    [m noarch     57.4.0-1.fc35         fedora      505 k
 [1mpython3                    [m x86_64     3.10.8-3.fc35         updates      26 k
 [1mpython3-libs               [m x86_64     3.10.8-3.fc35         updates     7.5 M
 [1mpython3-packaging          [m noarch     21.3-2.fc35           updates      72 k
 [1mpython3-pyparsing          [m noarch     2.4.7-9.fc35          fedora      151 k
 [1mpython3-rpm-generators     [m noarch     12-8.fc35             fedora       31 k
 [1mpython3-rpm-macros         [m noarch     3.10-13.fc35          updates      12 k

Transaction Summary
================================================================================
Install  28 Packages

Total size: 63 M
Total download size: 1.4 M
Installed size: 204 M
Downloading Packages:
[SKIPPED] gc-8.0.4-6.fc35.x86_64.rpm: Already downloaded                       
[SKIPPED] guile22-2.2.7-3.fc35.x86_64.rpm: Already downloaded                  
[SKIPPED] libattr-devel-2.5.1-3.fc35.x86_64.rpm: Already downloaded            
[SKIPPED] libmpc-1.2.1-3.fc35.x86_64.rpm: Already downloaded                   
[SKIPPED] make-4.3-6.fc35.x86_64.rpm: Already downloaded                       
[SKIPPED] mpdecimal-2.5.1-2.fc35.x86_64.rpm: Already downloaded                
[SKIPPED] python-setuptools-wheel-57.4.0-1.fc35.noarch.rpm: Already downloaded 
[SKIPPED] python3-pyparsing-2.4.7-9.fc35.noarch.rpm: Already downloaded        
[SKIPPED] python3-rpm-generators-12-8.fc35.noarch.rpm: Already downloaded      
[SKIPPED] annobin-docs-10.79-1.fc35.noarch.rpm: Already downloaded             
[SKIPPED] annobin-plugin-gcc-10.79-1.fc35.x86_64.rpm: Already downloaded       
[SKIPPED] cpp-11.3.1-3.fc35.x86_64.rpm: Already downloaded                     
[SKIPPED] expat-2.5.0-1.fc35.x86_64.rpm: Already downloaded                    
[SKIPPED] gcc-11.3.1-3.fc35.x86_64.rpm: Already downloaded                     
[SKIPPED] glibc-devel-2.34-49.fc35.x86_64.rpm: Already downloaded              
[SKIPPED] glibc-headers-x86-2.34-49.fc35.noarch.rpm: Already downloaded        
[SKIPPED] kernel-headers-6.0.5-100.fc35.x86_64.rpm: Already downloaded         
[SKIPPED] libtool-ltdl-2.4.6-50.fc35.x86_64.rpm: Already downloaded            
[SKIPPED] libxcrypt-devel-4.4.33-3.fc35.x86_64.rpm: Already downloaded         
[SKIPPED] pyproject-rpm-macros-1.4.0-1.fc35.noarch.rpm: Already downloaded     
[SKIPPED] python-pip-wheel-21.2.3-4.fc35.noarch.rpm: Already downloaded        
[SKIPPED] python-rpm-macros-3.10-13.fc35.noarch.rpm: Already downloaded        
[SKIPPED] python3-3.10.8-3.fc35.x86_64.rpm: Already downloaded                 
[SKIPPED] python3-devel-3.10.8-3.fc35.x86_64.rpm: Already downloaded           
[SKIPPED] python3-libs-3.10.8-3.fc35.x86_64.rpm: Already downloaded            
[SKIPPED] python3-packaging-21.3-2.fc35.noarch.rpm: Already downloaded         
[SKIPPED] python3-rpm-macros-3.10-13.fc35.noarch.rpm: Already downloaded       
updates                  [      ===           ] ---  B/s |   0  B     --:-- ETA(28/28): swig-4.0.2- 97% [===================-] ---  B/s |  61 MB     --:-- ETA(28/28): swig-4.0.2- 97% [===================-]  61 kB/s |  61 MB     00:23 ETA(28/28): swig-4.0.2- 97% [===================-]  91 kB/s |  61 MB     00:14 ETA(28/28): swig-4.0.2- 98% [===================-] 129 kB/s |  62 MB     00:08 ETA(28/28): swig-4.0.2- 98% [===================-] 167 kB/s |  62 MB     00:05 ETA(28/28): swig-4.0.2- 99% [===================-] 201 kB/s |  62 MB     00:03 ETA(28/28): swig-4.0.2- 99% [===================-] 237 kB/s |  62 MB     00:01 ETA(28/28): swig-4.0.2- 99% [===================-] 268 kB/s |  63 MB     00:00 ETA(28/28): swig-4.0.2-10.fc35.x86_64.rpm          580 kB/s | 1.4 MB     00:02    
--------------------------------------------------------------------------------
Total                                           536 kB/s | 1.4 MB     00:02     
Running transaction check
Transaction check succeeded.
Running transaction test
Transaction test succeeded.
Running transaction
  Preparing        :  [=                                                  ] 1/1  Preparing        :  [===                                                ] 1/1  Preparing        :  [=====                                              ] 1/1  Preparing        :  [=======                                            ] 1/1  Preparing        :  [========                                           ] 1/1  Preparing        :  [==========                                         ] 1/1  Preparing        :  [============                                       ] 1/1  Preparing        :  [==============                                     ] 1/1  Preparing        :  [================                                   ] 1/1  Preparing        :  [=================                                  ] 1/1  Preparing        :  [===================                                ] 1/1  Preparing        :  [=====================                              ] 1/1  Preparing        :  [=======================                            ] 1/1  Preparing        :  [=========================                          ] 1/1  Preparing        :  [===========================                        ] 1/1  Preparing        :  [=============================                      ] 1/1  Preparing        :  [==============================                     ] 1/1  Preparing        :  [================================                   ] 1/1  Preparing        :  [==================================                 ] 1/1  Preparing        :  [====================================               ] 1/1  Preparing        :  [======================================             ] 1/1  Preparing        :  [=======================================            ] 1/1  Preparing        :  [=========================================          ] 1/1  Preparing        :  [===========================================        ] 1/1  Preparing        :  [=============================================      ] 1/1  Preparing        :  [==============================================     ] 1/1  Preparing        :  [================================================   ] 1/1  Preparing        :                                                        1/1 
  Installing       : python-rpm-macros-3.10-1 [                         ]  1/28  Installing       : python-rpm-macros-3.10-1 [===                      ]  1/28  Installing       : python-rpm-macros-3.10-1 [===========              ]  1/28  Installing       : python-rpm-macros-3.10-1 [=================        ]  1/28  Installing       : python-rpm-macros-3.10-1 [======================== ]  1/28  Installing       : python-rpm-macros-3.10-13.fc35.noarch                 1/28 
  Installing       : python3-rpm-macros-3.10- [                         ]  2/28  Installing       : python3-rpm-macros-3.10- [======================== ]  2/28  Installing       : python3-rpm-macros-3.10-13.fc35.noarch                2/28 
  Installing       : libmpc-1.2.1-3.fc35.x86_ [                         ]  3/28  Installing       : libmpc-1.2.1-3.fc35.x86_ [=====                    ]  3/28  Installing       : libmpc-1.2.1-3.fc35.x86_ [===========              ]  3/28  Installing       : libmpc-1.2.1-3.fc35.x86_ [=================        ]  3/28  Installing       : libmpc-1.2.1-3.fc35.x86_ [=====================    ]  3/28  Installing       : libmpc-1.2.1-3.fc35.x86_ [======================   ]  3/28  Installing       : libmpc-1.2.1-3.fc35.x86_ [=======================  ]  3/28  Installing       : libmpc-1.2.1-3.fc35.x86_ [======================== ]  3/28  Installing       : libmpc-1.2.1-3.fc35.x86_64                            3/28 
  Installing       : cpp-11.3.1-3.fc35.x86_64 [                         ]  4/28  Installing       : cpp-11.3.1-3.fc35.x86_64 [=                        ]  4/28  Installing       : cpp-11.3.1-3.fc35.x86_64 [==                       ]  4/28  Installing       : cpp-11.3.1-3.fc35.x86_64 [===                      ]  4/28  Installing       : cpp-11.3.1-3.fc35.x86_64 [====                     ]  4/28  Installing       : cpp-11.3.1-3.fc35.x86_64 [=====                    ]  4/28  Installing       : cpp-11.3.1-3.fc35.x86_64 [======                   ]  4/28  Installing       : cpp-11.3.1-3.fc35.x86_64 [=======                  ]  4/28  Installing       : cpp-11.3.1-3.fc35.x86_64 [========                 ]  4/28  Installing       : cpp-11.3.1-3.fc35.x86_64 [=========                ]  4/28  Installing       : cpp-11.3.1-3.fc35.x86_64 [==========               ]  4/28  Installing       : cpp-11.3.1-3.fc35.x86_64 [===========              ]  4/28  Installing       : cpp-11.3.1-3.fc35.x86_64 [============             ]  4/28  Installing       : cpp-11.3.1-3.fc35.x86_64 [=============            ]  4/28  Installing       : cpp-11.3.1-3.fc35.x86_64 [==============           ]  4/28  Installing       : cpp-11.3.1-3.fc35.x86_64 [===============          ]  4/28  Installing       : cpp-11.3.1-3.fc35.x86_64 [================         ]  4/28  Installing       : cpp-11.3.1-3.fc35.x86_64 [=================        ]  4/28  Installing       : cpp-11.3.1-3.fc35.x86_64 [==================       ]  4/28  Installing       : cpp-11.3.1-3.fc35.x86_64 [===================      ]  4/28  Installing       : cpp-11.3.1-3.fc35.x86_64 [====================     ]  4/28  Installing       : cpp-11.3.1-3.fc35.x86_64 [=====================    ]  4/28  Installing       : cpp-11.3.1-3.fc35.x86_64 [======================   ]  4/28  Installing       : cpp-11.3.1-3.fc35.x86_64 [=======================  ]  4/28  Installing       : cpp-11.3.1-3.fc35.x86_64 [======================== ]  4/28  Installing       : cpp-11.3.1-3.fc35.x86_64                              4/28 
  Installing       : pyproject-rpm-macros-1.4 [                         ]  5/28  Installing       : pyproject-rpm-macros-1.4 [==                       ]  5/28  Installing       : pyproject-rpm-macros-1.4 [=======                  ]  5/28  Installing       : pyproject-rpm-macros-1.4 [=========                ]  5/28  Installing       : pyproject-rpm-macros-1.4 [==========               ]  5/28  Installing       : pyproject-rpm-macros-1.4 [===========              ]  5/28  Installing       : pyproject-rpm-macros-1.4 [==================       ]  5/28  Installing       : pyproject-rpm-macros-1.4 [===================      ]  5/28  Installing       : pyproject-rpm-macros-1.4 [======================== ]  5/28  Installing       : pyproject-rpm-macros-1.4.0-1.fc35.noarch              5/28 
  Installing       : python-pip-wheel-21.2.3- [                         ]  6/28  Installing       : python-pip-wheel-21.2.3- [=                        ]  6/28  Installing       : python-pip-wheel-21.2.3- [==                       ]  6/28  Installing       : python-pip-wheel-21.2.3- [===                      ]  6/28  Installing       : python-pip-wheel-21.2.3- [====                     ]  6/28  Installing       : python-pip-wheel-21.2.3- [=====                    ]  6/28  Installing       : python-pip-wheel-21.2.3- [======                   ]  6/28  Installing       : python-pip-wheel-21.2.3- [=======                  ]  6/28  Installing       : python-pip-wheel-21.2.3- [========                 ]  6/28  Installing       : python-pip-wheel-21.2.3- [=========                ]  6/28  Installing       : python-pip-wheel-21.2.3- [==========               ]  6/28  Installing       : python-pip-wheel-21.2.3- [===========              ]  6/28  Installing       : python-pip-wheel-21.2.3- [============             ]  6/28  Installing       : python-pip-wheel-21.2.3- [=============            ]  6/28  Installing       : python-pip-wheel-21.2.3- [==============           ]  6/28  Installing       : python-pip-wheel-21.2.3- [===============          ]  6/28  Installing       : python-pip-wheel-21.2.3- [================         ]  6/28  Installing       : python-pip-wheel-21.2.3- [=================        ]  6/28  Installing       : python-pip-wheel-21.2.3- [==================       ]  6/28  Installing       : python-pip-wheel-21.2.3- [===================      ]  6/28  Installing       : python-pip-wheel-21.2.3- [====================     ]  6/28  Installing       : python-pip-wheel-21.2.3- [=====================    ]  6/28  Installing       : python-pip-wheel-21.2.3- [======================   ]  6/28  Installing       : python-pip-wheel-21.2.3- [=======================  ]  6/28  Installing       : python-pip-wheel-21.2.3- [======================== ]  6/28  Installing       : python-pip-wheel-21.2.3-4.fc35.noarch                 6/28 
  Installing       : libtool-ltdl-2.4.6-50.fc [                         ]  7/28  Installing       : libtool-ltdl-2.4.6-50.fc [===========              ]  7/28  Installing       : libtool-ltdl-2.4.6-50.fc [===============          ]  7/28  Installing       : libtool-ltdl-2.4.6-50.fc [======================== ]  7/28  Installing       : libtool-ltdl-2.4.6-50.fc35.x86_64                     7/28 
  Installing       : kernel-headers-6.0.5-100 [                         ]  8/28  Installing       : kernel-headers-6.0.5-100 [=                        ]  8/28  Installing       : kernel-headers-6.0.5-100 [==                       ]  8/28  Installing       : kernel-headers-6.0.5-100 [===                      ]  8/28  Installing       : kernel-headers-6.0.5-100 [====                     ]  8/28  Installing       : kernel-headers-6.0.5-100 [=====                    ]  8/28  Installing       : kernel-headers-6.0.5-100 [======                   ]  8/28  Installing       : kernel-headers-6.0.5-100 [=======                  ]  8/28  Installing       : kernel-headers-6.0.5-100 [========                 ]  8/28  Installing       : kernel-headers-6.0.5-100 [=========                ]  8/28  Installing       : kernel-headers-6.0.5-100 [==========               ]  8/28  Installing       : kernel-headers-6.0.5-100 [===========              ]  8/28  Installing       : kernel-headers-6.0.5-100 [============             ]  8/28  Installing       : kernel-headers-6.0.5-100 [=============            ]  8/28  Installing       : kernel-headers-6.0.5-100 [==============           ]  8/28  Installing       : kernel-headers-6.0.5-100 [===============          ]  8/28  Installing       : kernel-headers-6.0.5-100 [================         ]  8/28  Installing       : kernel-headers-6.0.5-100 [=================        ]  8/28  Installing       : kernel-headers-6.0.5-100 [==================       ]  8/28  Installing       : kernel-headers-6.0.5-100 [===================      ]  8/28  Installing       : kernel-headers-6.0.5-100 [====================     ]  8/28  Installing       : kernel-headers-6.0.5-100 [=====================    ]  8/28  Installing       : kernel-headers-6.0.5-100 [======================   ]  8/28  Installing       : kernel-headers-6.0.5-100 [=======================  ]  8/28  Installing       : kernel-headers-6.0.5-100 [======================== ]  8/28  Installing       : kernel-headers-6.0.5-100.fc35.x86_64                  8/28 
  Installing       : glibc-headers-x86-2.34-4 [                         ]  9/28  Installing       : glibc-headers-x86-2.34-4 [=                        ]  9/28  Installing       : glibc-headers-x86-2.34-4 [==                       ]  9/28  Installing       : glibc-headers-x86-2.34-4 [===                      ]  9/28  Installing       : glibc-headers-x86-2.34-4 [====                     ]  9/28  Installing       : glibc-headers-x86-2.34-4 [=====                    ]  9/28  Installing       : glibc-headers-x86-2.34-4 [======                   ]  9/28  Installing       : glibc-headers-x86-2.34-4 [=======                  ]  9/28  Installing       : glibc-headers-x86-2.34-4 [========                 ]  9/28  Installing       : glibc-headers-x86-2.34-4 [=========                ]  9/28  Installing       : glibc-headers-x86-2.34-4 [==========               ]  9/28  Installing       : glibc-headers-x86-2.34-4 [===========              ]  9/28  Installing       : glibc-headers-x86-2.34-4 [============             ]  9/28  Installing       : glibc-headers-x86-2.34-4 [=============            ]  9/28  Installing       : glibc-headers-x86-2.34-4 [==============           ]  9/28  Installing       : glibc-headers-x86-2.34-4 [===============          ]  9/28  Installing       : glibc-headers-x86-2.34-4 [================         ]  9/28  Installing       : glibc-headers-x86-2.34-4 [=================        ]  9/28  Installing       : glibc-headers-x86-2.34-4 [==================       ]  9/28  Installing       : glibc-headers-x86-2.34-4 [===================      ]  9/28  Installing       : glibc-headers-x86-2.34-4 [====================     ]  9/28  Installing       : glibc-headers-x86-2.34-4 [=====================    ]  9/28  Installing       : glibc-headers-x86-2.34-4 [======================   ]  9/28  Installing       : glibc-headers-x86-2.34-4 [=======================  ]  9/28  Installing       : glibc-headers-x86-2.34-4 [======================== ]  9/28  Installing       : glibc-headers-x86-2.34-49.fc35.noarch                 9/28 
  Installing       : libxcrypt-devel-4.4.33-3 [                         ] 10/28  Installing       : libxcrypt-devel-4.4.33-3 [========                 ] 10/28  Installing       : libxcrypt-devel-4.4.33-3 [=========                ] 10/28  Installing       : libxcrypt-devel-4.4.33-3 [=============            ] 10/28  Installing       : libxcrypt-devel-4.4.33-3 [=================        ] 10/28  Installing       : libxcrypt-devel-4.4.33-3 [====================     ] 10/28  Installing       : libxcrypt-devel-4.4.33-3 [=====================    ] 10/28  Installing       : libxcrypt-devel-4.4.33-3 [=======================  ] 10/28  Installing       : libxcrypt-devel-4.4.33-3 [======================== ] 10/28  Installing       : libxcrypt-devel-4.4.33-3.fc35.x86_64                 10/28 
  Installing       : glibc-devel-2.34-49.fc35 [                         ] 11/28  Installing       : glibc-devel-2.34-49.fc35 [=                        ] 11/28  Installing       : glibc-devel-2.34-49.fc35 [====                     ] 11/28  Installing       : glibc-devel-2.34-49.fc35 [=======                  ] 11/28  Installing       : glibc-devel-2.34-49.fc35 [========                 ] 11/28  Installing       : glibc-devel-2.34-49.fc35 [=============            ] 11/28  Installing       : glibc-devel-2.34-49.fc35 [=================        ] 11/28  Installing       : glibc-devel-2.34-49.fc35 [==================       ] 11/28  Installing       : glibc-devel-2.34-49.fc35 [====================     ] 11/28  Installing       : glibc-devel-2.34-49.fc35 [======================   ] 11/28  Installing       : glibc-devel-2.34-49.fc35 [======================== ] 11/28  Installing       : glibc-devel-2.34-49.fc35.x86_64                      11/28 
  Installing       : expat-2.5.0-1.fc35.x86_6 [                         ] 12/28  Installing       : expat-2.5.0-1.fc35.x86_6 [==                       ] 12/28  Installing       : expat-2.5.0-1.fc35.x86_6 [===                      ] 12/28  Installing       : expat-2.5.0-1.fc35.x86_6 [======                   ] 12/28  Installing       : expat-2.5.0-1.fc35.x86_6 [========                 ] 12/28  Installing       : expat-2.5.0-1.fc35.x86_6 [===========              ] 12/28  Installing       : expat-2.5.0-1.fc35.x86_6 [=============            ] 12/28  Installing       : expat-2.5.0-1.fc35.x86_6 [================         ] 12/28  Installing       : expat-2.5.0-1.fc35.x86_6 [===================      ] 12/28  Installing       : expat-2.5.0-1.fc35.x86_6 [=====================    ] 12/28  Installing       : expat-2.5.0-1.fc35.x86_6 [======================== ] 12/28  Installing       : expat-2.5.0-1.fc35.x86_64                            12/28 
  Installing       : annobin-docs-10.79-1.fc3 [                         ] 13/28  Installing       : annobin-docs-10.79-1.fc3 [==                       ] 13/28  Installing       : annobin-docs-10.79-1.fc3 [===========              ] 13/28  Installing       : annobin-docs-10.79-1.fc3 [=============            ] 13/28  Installing       : annobin-docs-10.79-1.fc3 [======================   ] 13/28  Installing       : annobin-docs-10.79-1.fc3 [=======================  ] 13/28  Installing       : annobin-docs-10.79-1.fc3 [======================== ] 13/28  Installing       : annobin-docs-10.79-1.fc35.noarch                     13/28 
  Installing       : python-setuptools-wheel- [                         ] 14/28  Installing       : python-setuptools-wheel- [=                        ] 14/28  Installing       : python-setuptools-wheel- [==                       ] 14/28  Installing       : python-setuptools-wheel- [====                     ] 14/28  Installing       : python-setuptools-wheel- [=====                    ] 14/28  Installing       : python-setuptools-wheel- [======                   ] 14/28  Installing       : python-setuptools-wheel- [========                 ] 14/28  Installing       : python-setuptools-wheel- [=========                ] 14/28  Installing       : python-setuptools-wheel- [===========              ] 14/28  Installing       : python-setuptools-wheel- [============             ] 14/28  Installing       : python-setuptools-wheel- [=============            ] 14/28  Installing       : python-setuptools-wheel- [===============          ] 14/28  Installing       : python-setuptools-wheel- [================         ] 14/28  Installing       : python-setuptools-wheel- [=================        ] 14/28  Installing       : python-setuptools-wheel- [===================      ] 14/28  Installing       : python-setuptools-wheel- [====================     ] 14/28  Installing       : python-setuptools-wheel- [======================   ] 14/28  Installing       : python-setuptools-wheel- [=======================  ] 14/28  Installing       : python-setuptools-wheel- [======================== ] 14/28  Installing       : python-setuptools-wheel-57.4.0-1.fc35.noarch         14/28 
  Installing       : mpdecimal-2.5.1-2.fc35.x [                         ] 15/28  Installing       : mpdecimal-2.5.1-2.fc35.x [===                      ] 15/28  Installing       : mpdecimal-2.5.1-2.fc35.x [====                     ] 15/28  Installing       : mpdecimal-2.5.1-2.fc35.x [=======                  ] 15/28  Installing       : mpdecimal-2.5.1-2.fc35.x [==========               ] 15/28  Installing       : mpdecimal-2.5.1-2.fc35.x [==============           ] 15/28  Installing       : mpdecimal-2.5.1-2.fc35.x [=================        ] 15/28  Installing       : mpdecimal-2.5.1-2.fc35.x [====================     ] 15/28  Installing       : mpdecimal-2.5.1-2.fc35.x [======================== ] 15/28  Installing       : mpdecimal-2.5.1-2.fc35.x86_64                        15/28 
  Installing       : python3-3.10.8-3.fc35.x8 [                         ] 16/28  Installing       : python3-3.10.8-3.fc35.x8 [===========              ] 16/28  Installing       : python3-3.10.8-3.fc35.x8 [============             ] 16/28  Installing       : python3-3.10.8-3.fc35.x8 [===================      ] 16/28  Installing       : python3-3.10.8-3.fc35.x8 [======================== ] 16/28  Installing       : python3-3.10.8-3.fc35.x86_64                         16/28 
  Installing       : python3-libs-3.10.8-3.fc [                         ] 17/28  Installing       : python3-libs-3.10.8-3.fc [=                        ] 17/28  Installing       : python3-libs-3.10.8-3.fc [==                       ] 17/28  Installing       : python3-libs-3.10.8-3.fc [===                      ] 17/28  Installing       : python3-libs-3.10.8-3.fc [====                     ] 17/28  Installing       : python3-libs-3.10.8-3.fc [=====                    ] 17/28  Installing       : python3-libs-3.10.8-3.fc [======                   ] 17/28  Installing       : python3-libs-3.10.8-3.fc [=======                  ] 17/28  Installing       : python3-libs-3.10.8-3.fc [========                 ] 17/28  Installing       : python3-libs-3.10.8-3.fc [=========                ] 17/28  Installing       : python3-libs-3.10.8-3.fc [==========               ] 17/28  Installing       : python3-libs-3.10.8-3.fc [===========              ] 17/28  Installing       : python3-libs-3.10.8-3.fc [============             ] 17/28  Installing       : python3-libs-3.10.8-3.fc [=============            ] 17/28  Installing       : python3-libs-3.10.8-3.fc [==============           ] 17/28  Installing       : python3-libs-3.10.8-3.fc [===============          ] 17/28  Installing       : python3-libs-3.10.8-3.fc [================         ] 17/28  Installing       : python3-libs-3.10.8-3.fc [=================        ] 17/28  Installing       : python3-libs-3.10.8-3.fc [==================       ] 17/28  Installing       : python3-libs-3.10.8-3.fc [===================      ] 17/28  Installing       : python3-libs-3.10.8-3.fc [====================     ] 17/28  Installing       : python3-libs-3.10.8-3.fc [=====================    ] 17/28  Installing       : python3-libs-3.10.8-3.fc [======================   ] 17/28  Installing       : python3-libs-3.10.8-3.fc [=======================  ] 17/28  Installing       : python3-libs-3.10.8-3.fc [======================== ] 17/28  Installing       : python3-libs-3.10.8-3.fc35.x86_64                    17/28 
  Installing       : python3-pyparsing-2.4.7- [                         ] 18/28  Installing       : python3-pyparsing-2.4.7- [=                        ] 18/28  Installing       : python3-pyparsing-2.4.7- [==                       ] 18/28  Installing       : python3-pyparsing-2.4.7- [====                     ] 18/28  Installing       : python3-pyparsing-2.4.7- [=====                    ] 18/28  Installing       : python3-pyparsing-2.4.7- [======                   ] 18/28  Installing       : python3-pyparsing-2.4.7- [=======                  ] 18/28  Installing       : python3-pyparsing-2.4.7- [=========                ] 18/28  Installing       : python3-pyparsing-2.4.7- [==========               ] 18/28  Installing       : python3-pyparsing-2.4.7- [============             ] 18/28  Installing       : python3-pyparsing-2.4.7- [=============            ] 18/28  Installing       : python3-pyparsing-2.4.7- [==============           ] 18/28  Installing       : python3-pyparsing-2.4.7- [===============          ] 18/28  Installing       : python3-pyparsing-2.4.7- [=================        ] 18/28  Installing       : python3-pyparsing-2.4.7- [==================       ] 18/28  Installing       : python3-pyparsing-2.4.7- [===================      ] 18/28  Installing       : python3-pyparsing-2.4.7- [====================     ] 18/28  Installing       : python3-pyparsing-2.4.7- [======================   ] 18/28  Installing       : python3-pyparsing-2.4.7- [=======================  ] 18/28  Installing       : python3-pyparsing-2.4.7- [======================== ] 18/28  Installing       : python3-pyparsing-2.4.7-9.fc35.noarch                18/28 
  Installing       : python3-packaging-21.3-2 [                         ] 19/28  Installing       : python3-packaging-21.3-2 [=                        ] 19/28  Installing       : python3-packaging-21.3-2 [==                       ] 19/28  Installing       : python3-packaging-21.3-2 [===                      ] 19/28  Installing       : python3-packaging-21.3-2 [====                     ] 19/28  Installing       : python3-packaging-21.3-2 [=====                    ] 19/28  Installing       : python3-packaging-21.3-2 [======                   ] 19/28  Installing       : python3-packaging-21.3-2 [=======                  ] 19/28  Installing       : python3-packaging-21.3-2 [========                 ] 19/28  Installing       : python3-packaging-21.3-2 [=========                ] 19/28  Installing       : python3-packaging-21.3-2 [==========               ] 19/28  Installing       : python3-packaging-21.3-2 [=============            ] 19/28  Installing       : python3-packaging-21.3-2 [==============           ] 19/28  Installing       : python3-packaging-21.3-2 [===============          ] 19/28  Installing       : python3-packaging-21.3-2 [================         ] 19/28  Installing       : python3-packaging-21.3-2 [=================        ] 19/28  Installing       : python3-packaging-21.3-2 [==================       ] 19/28  Installing       : python3-packaging-21.3-2 [===================      ] 19/28  Installing       : python3-packaging-21.3-2 [======================   ] 19/28  Installing       : python3-packaging-21.3-2 [=======================  ] 19/28  Installing       : python3-packaging-21.3-2 [======================== ] 19/28  Installing       : python3-packaging-21.3-2.fc35.noarch                 19/28 
  Installing       : python3-rpm-generators-1 [                         ] 20/28  Installing       : python3-rpm-generators-1 [==                       ] 20/28  Installing       : python3-rpm-generators-1 [==========               ] 20/28  Installing       : python3-rpm-generators-1 [===========              ] 20/28  Installing       : python3-rpm-generators-1 [=====================    ] 20/28  Installing       : python3-rpm-generators-1 [======================== ] 20/28  Installing       : python3-rpm-generators-12-8.fc35.noarch              20/28 
  Installing       : gc-8.0.4-6.fc35.x86_64 [                           ] 21/28  Installing       : gc-8.0.4-6.fc35.x86_64 [===                        ] 21/28  Installing       : gc-8.0.4-6.fc35.x86_64 [====                       ] 21/28  Installing       : gc-8.0.4-6.fc35.x86_64 [========                   ] 21/28  Installing       : gc-8.0.4-6.fc35.x86_64 [===========                ] 21/28  Installing       : gc-8.0.4-6.fc35.x86_64 [===============            ] 21/28  Installing       : gc-8.0.4-6.fc35.x86_64 [===================        ] 21/28  Installing       : gc-8.0.4-6.fc35.x86_64 [======================     ] 21/28  Installing       : gc-8.0.4-6.fc35.x86_64 [=========================  ] 21/28  Installing       : gc-8.0.4-6.fc35.x86_64 [========================== ] 21/28  Installing       : gc-8.0.4-6.fc35.x86_64                               21/28 
  Installing       : guile22-2.2.7-3.fc35.x86 [                         ] 22/28  Installing       : guile22-2.2.7-3.fc35.x86 [=                        ] 22/28  Installing       : guile22-2.2.7-3.fc35.x86 [==                       ] 22/28  Installing       : guile22-2.2.7-3.fc35.x86 [===                      ] 22/28  Installing       : guile22-2.2.7-3.fc35.x86 [====                     ] 22/28  Installing       : guile22-2.2.7-3.fc35.x86 [=====                    ] 22/28  Installing       : guile22-2.2.7-3.fc35.x86 [======                   ] 22/28  Installing       : guile22-2.2.7-3.fc35.x86 [=======                  ] 22/28  Installing       : guile22-2.2.7-3.fc35.x86 [========                 ] 22/28  Installing       : guile22-2.2.7-3.fc35.x86 [=========                ] 22/28  Installing       : guile22-2.2.7-3.fc35.x86 [==========               ] 22/28  Installing       : guile22-2.2.7-3.fc35.x86 [===========              ] 22/28  Installing       : guile22-2.2.7-3.fc35.x86 [============             ] 22/28  Installing       : guile22-2.2.7-3.fc35.x86 [=============            ] 22/28  Installing       : guile22-2.2.7-3.fc35.x86 [==============           ] 22/28  Installing       : guile22-2.2.7-3.fc35.x86 [===============          ] 22/28  Installing       : guile22-2.2.7-3.fc35.x86 [================         ] 22/28  Installing       : guile22-2.2.7-3.fc35.x86 [=================        ] 22/28  Installing       : guile22-2.2.7-3.fc35.x86 [==================       ] 22/28  Installing       : guile22-2.2.7-3.fc35.x86 [===================      ] 22/28  Installing       : guile22-2.2.7-3.fc35.x86 [====================     ] 22/28  Installing       : guile22-2.2.7-3.fc35.x86 [=====================    ] 22/28  Installing       : guile22-2.2.7-3.fc35.x86 [======================   ] 22/28  Installing       : guile22-2.2.7-3.fc35.x86 [=======================  ] 22/28  Installing       : guile22-2.2.7-3.fc35.x86 [======================== ] 22/28  Installing       : guile22-2.2.7-3.fc35.x86_64                          22/28 
  Installing       : make-1:4.3-6.fc35.x86_64 [                         ] 23/28  Installing       : make-1:4.3-6.fc35.x86_64 [=                        ] 23/28  Installing       : make-1:4.3-6.fc35.x86_64 [==                       ] 23/28  Installing       : make-1:4.3-6.fc35.x86_64 [===                      ] 23/28  Installing       : make-1:4.3-6.fc35.x86_64 [====                     ] 23/28  Installing       : make-1:4.3-6.fc35.x86_64 [=====                    ] 23/28  Installing       : make-1:4.3-6.fc35.x86_64 [======                   ] 23/28  Installing       : make-1:4.3-6.fc35.x86_64 [=======                  ] 23/28  Installing       : make-1:4.3-6.fc35.x86_64 [========                 ] 23/28  Installing       : make-1:4.3-6.fc35.x86_64 [=========                ] 23/28  Installing       : make-1:4.3-6.fc35.x86_64 [==========               ] 23/28  Installing       : make-1:4.3-6.fc35.x86_64 [===========              ] 23/28  Installing       : make-1:4.3-6.fc35.x86_64 [============             ] 23/28  Installing       : make-1:4.3-6.fc35.x86_64 [=============            ] 23/28  Installing       : make-1:4.3-6.fc35.x86_64 [==============           ] 23/28  Installing       : make-1:4.3-6.fc35.x86_64 [===============          ] 23/28  Installing       : make-1:4.3-6.fc35.x86_64 [================         ] 23/28  Installing       : make-1:4.3-6.fc35.x86_64 [=================        ] 23/28  Installing       : make-1:4.3-6.fc35.x86_64 [==================       ] 23/28  Installing       : make-1:4.3-6.fc35.x86_64 [===================      ] 23/28  Installing       : make-1:4.3-6.fc35.x86_64 [====================     ] 23/28  Installing       : make-1:4.3-6.fc35.x86_64 [=====================    ] 23/28  Installing       : make-1:4.3-6.fc35.x86_64 [======================   ] 23/28  Installing       : make-1:4.3-6.fc35.x86_64 [=======================  ] 23/28  Installing       : make-1:4.3-6.fc35.x86_64 [======================== ] 23/28  Installing       : make-1:4.3-6.fc35.x86_64                             23/28 
  Installing       : gcc-11.3.1-3.fc35.x86_64 [                         ] 24/28  Installing       : gcc-11.3.1-3.fc35.x86_64 [=                        ] 24/28  Installing       : gcc-11.3.1-3.fc35.x86_64 [==                       ] 24/28  Installing       : gcc-11.3.1-3.fc35.x86_64 [===                      ] 24/28  Installing       : gcc-11.3.1-3.fc35.x86_64 [====                     ] 24/28  Installing       : gcc-11.3.1-3.fc35.x86_64 [=====                    ] 24/28  Installing       : gcc-11.3.1-3.fc35.x86_64 [======                   ] 24/28  Installing       : gcc-11.3.1-3.fc35.x86_64 [=======                  ] 24/28  Installing       : gcc-11.3.1-3.fc35.x86_64 [========                 ] 24/28  Installing       : gcc-11.3.1-3.fc35.x86_64 [=========                ] 24/28  Installing       : gcc-11.3.1-3.fc35.x86_64 [==========               ] 24/28  Installing       : gcc-11.3.1-3.fc35.x86_64 [===========              ] 24/28  Installing       : gcc-11.3.1-3.fc35.x86_64 [============             ] 24/28  Installing       : gcc-11.3.1-3.fc35.x86_64 [=============            ] 24/28  Installing       : gcc-11.3.1-3.fc35.x86_64 [==============           ] 24/28  Installing       : gcc-11.3.1-3.fc35.x86_64 [===============          ] 24/28  Installing       : gcc-11.3.1-3.fc35.x86_64 [================         ] 24/28  Installing       : gcc-11.3.1-3.fc35.x86_64 [=================        ] 24/28  Installing       : gcc-11.3.1-3.fc35.x86_64 [==================       ] 24/28  Installing       : gcc-11.3.1-3.fc35.x86_64 [===================      ] 24/28  Installing       : gcc-11.3.1-3.fc35.x86_64 [====================     ] 24/28  Installing       : gcc-11.3.1-3.fc35.x86_64 [=====================    ] 24/28  Installing       : gcc-11.3.1-3.fc35.x86_64 [======================   ] 24/28  Installing       : gcc-11.3.1-3.fc35.x86_64 [=======================  ] 24/28  Installing       : gcc-11.3.1-3.fc35.x86_64 [======================== ] 24/28  Installing       : gcc-11.3.1-3.fc35.x86_64                             24/28 
  Installing       : annobin-plugin-gcc-10.79 [                         ] 25/28  Installing       : annobin-plugin-gcc-10.79 [=                        ] 25/28  Installing       : annobin-plugin-gcc-10.79 [==                       ] 25/28  Installing       : annobin-plugin-gcc-10.79 [===                      ] 25/28  Installing       : annobin-plugin-gcc-10.79 [====                     ] 25/28  Installing       : annobin-plugin-gcc-10.79 [=====                    ] 25/28  Installing       : annobin-plugin-gcc-10.79 [======                   ] 25/28  Installing       : annobin-plugin-gcc-10.79 [=======                  ] 25/28  Installing       : annobin-plugin-gcc-10.79 [========                 ] 25/28  Installing       : annobin-plugin-gcc-10.79 [=========                ] 25/28  Installing       : annobin-plugin-gcc-10.79 [==========               ] 25/28  Installing       : annobin-plugin-gcc-10.79 [===========              ] 25/28  Installing       : annobin-plugin-gcc-10.79 [============             ] 25/28  Installing       : annobin-plugin-gcc-10.79 [=============            ] 25/28  Installing       : annobin-plugin-gcc-10.79 [==============           ] 25/28  Installing       : annobin-plugin-gcc-10.79 [===============          ] 25/28  Installing       : annobin-plugin-gcc-10.79 [================         ] 25/28  Installing       : annobin-plugin-gcc-10.79 [=================        ] 25/28  Installing       : annobin-plugin-gcc-10.79 [==================       ] 25/28  Installing       : annobin-plugin-gcc-10.79 [===================      ] 25/28  Installing       : annobin-plugin-gcc-10.79 [====================     ] 25/28  Installing       : annobin-plugin-gcc-10.79 [=====================    ] 25/28  Installing       : annobin-plugin-gcc-10.79 [======================   ] 25/28  Installing       : annobin-plugin-gcc-10.79 [=======================  ] 25/28  Installing       : annobin-plugin-gcc-10.79 [======================== ] 25/28  Installing       : annobin-plugin-gcc-10.79-1.fc35.x86_64               25/28 
  Installing       : python3-devel-3.10.8-3.f [                         ] 26/28  Installing       : python3-devel-3.10.8-3.f [=                        ] 26/28  Installing       : python3-devel-3.10.8-3.f [==                       ] 26/28  Installing       : python3-devel-3.10.8-3.f [===                      ] 26/28  Installing       : python3-devel-3.10.8-3.f [====                     ] 26/28  Installing       : python3-devel-3.10.8-3.f [=====                    ] 26/28  Installing       : python3-devel-3.10.8-3.f [======                   ] 26/28  Installing       : python3-devel-3.10.8-3.f [=======                  ] 26/28  Installing       : python3-devel-3.10.8-3.f [========                 ] 26/28  Installing       : python3-devel-3.10.8-3.f [=========                ] 26/28  Installing       : python3-devel-3.10.8-3.f [==========               ] 26/28  Installing       : python3-devel-3.10.8-3.f [===========              ] 26/28  Installing       : python3-devel-3.10.8-3.f [============             ] 26/28  Installing       : python3-devel-3.10.8-3.f [=============            ] 26/28  Installing       : python3-devel-3.10.8-3.f [==============           ] 26/28  Installing       : python3-devel-3.10.8-3.f [===============          ] 26/28  Installing       : python3-devel-3.10.8-3.f [================         ] 26/28  Installing       : python3-devel-3.10.8-3.f [=================        ] 26/28  Installing       : python3-devel-3.10.8-3.f [==================       ] 26/28  Installing       : python3-devel-3.10.8-3.f [===================      ] 26/28  Installing       : python3-devel-3.10.8-3.f [====================     ] 26/28  Installing       : python3-devel-3.10.8-3.f [=====================    ] 26/28  Installing       : python3-devel-3.10.8-3.f [======================   ] 26/28  Installing       : python3-devel-3.10.8-3.f [=======================  ] 26/28  Installing       : python3-devel-3.10.8-3.f [======================== ] 26/28  Installing       : python3-devel-3.10.8-3.fc35.x86_64                   26/28 
  Installing       : libattr-devel-2.5.1-3.fc [                         ] 27/28  Installing       : libattr-devel-2.5.1-3.fc [========                 ] 27/28  Installing       : libattr-devel-2.5.1-3.fc [==========               ] 27/28  Installing       : libattr-devel-2.5.1-3.fc [===========              ] 27/28  Installing       : libattr-devel-2.5.1-3.fc [============             ] 27/28  Installing       : libattr-devel-2.5.1-3.fc [==============           ] 27/28  Installing       : libattr-devel-2.5.1-3.fc [=================        ] 27/28  Installing       : libattr-devel-2.5.1-3.fc [====================     ] 27/28  Installing       : libattr-devel-2.5.1-3.fc [======================   ] 27/28  Installing       : libattr-devel-2.5.1-3.fc [======================== ] 27/28  Installing       : libattr-devel-2.5.1-3.fc35.x86_64                    27/28 
  Installing       : swig-4.0.2-10.fc35.x86_6 [                         ] 28/28  Installing       : swig-4.0.2-10.fc35.x86_6 [=                        ] 28/28  Installing       : swig-4.0.2-10.fc35.x86_6 [==                       ] 28/28  Installing       : swig-4.0.2-10.fc35.x86_6 [===                      ] 28/28  Installing       : swig-4.0.2-10.fc35.x86_6 [====                     ] 28/28  Installing       : swig-4.0.2-10.fc35.x86_6 [=====                    ] 28/28  Installing       : swig-4.0.2-10.fc35.x86_6 [======                   ] 28/28  Installing       : swig-4.0.2-10.fc35.x86_6 [=======                  ] 28/28  Installing       : swig-4.0.2-10.fc35.x86_6 [========                 ] 28/28  Installing       : swig-4.0.2-10.fc35.x86_6 [=========                ] 28/28  Installing       : swig-4.0.2-10.fc35.x86_6 [==========               ] 28/28  Installing       : swig-4.0.2-10.fc35.x86_6 [===========              ] 28/28  Installing       : swig-4.0.2-10.fc35.x86_6 [============             ] 28/28  Installing       : swig-4.0.2-10.fc35.x86_6 [=============            ] 28/28  Installing       : swig-4.0.2-10.fc35.x86_6 [==============           ] 28/28  Installing       : swig-4.0.2-10.fc35.x86_6 [===============          ] 28/28  Installing       : swig-4.0.2-10.fc35.x86_6 [================         ] 28/28  Installing       : swig-4.0.2-10.fc35.x86_6 [=================        ] 28/28  Installing       : swig-4.0.2-10.fc35.x86_6 [==================       ] 28/28  Installing       : swig-4.0.2-10.fc35.x86_6 [===================      ] 28/28  Installing       : swig-4.0.2-10.fc35.x86_6 [====================     ] 28/28  Installing       : swig-4.0.2-10.fc35.x86_6 [=====================    ] 28/28  Installing       : swig-4.0.2-10.fc35.x86_6 [======================   ] 28/28  Installing       : swig-4.0.2-10.fc35.x86_6 [=======================  ] 28/28  Installing       : swig-4.0.2-10.fc35.x86_6 [======================== ] 28/28  Installing       : swig-4.0.2-10.fc35.x86_64                            28/28 
  Running scriptlet: swig-4.0.2-10.fc35.x86_64                            28/28 
  Verifying        : gc-8.0.4-6.fc35.x86_64                                1/28 
  Verifying        : guile22-2.2.7-3.fc35.x86_64                           2/28 
  Verifying        : libattr-devel-2.5.1-3.fc35.x86_64                     3/28 
  Verifying        : libmpc-1.2.1-3.fc35.x86_64                            4/28 
  Verifying        : make-1:4.3-6.fc35.x86_64                              5/28 
  Verifying        : mpdecimal-2.5.1-2.fc35.x86_64                         6/28 
  Verifying        : python-setuptools-wheel-57.4.0-1.fc35.noarch          7/28 
  Verifying        : python3-pyparsing-2.4.7-9.fc35.noarch                 8/28 
  Verifying        : python3-rpm-generators-12-8.fc35.noarch               9/28 
  Verifying        : annobin-docs-10.79-1.fc35.noarch                     10/28 
  Verifying        : annobin-plugin-gcc-10.79-1.fc35.x86_64               11/28 
  Verifying        : cpp-11.3.1-3.fc35.x86_64                             12/28 
  Verifying        : expat-2.5.0-1.fc35.x86_64                            13/28 
  Verifying        : gcc-11.3.1-3.fc35.x86_64                             14/28 
  Verifying        : glibc-devel-2.34-49.fc35.x86_64                      15/28 
  Verifying        : glibc-headers-x86-2.34-49.fc35.noarch                16/28 
  Verifying        : kernel-headers-6.0.5-100.fc35.x86_64                 17/28 
  Verifying        : libtool-ltdl-2.4.6-50.fc35.x86_64                    18/28 
  Verifying        : libxcrypt-devel-4.4.33-3.fc35.x86_64                 19/28 
  Verifying        : pyproject-rpm-macros-1.4.0-1.fc35.noarch             20/28 
  Verifying        : python-pip-wheel-21.2.3-4.fc35.noarch                21/28 
  Verifying        : python-rpm-macros-3.10-13.fc35.noarch                22/28 
  Verifying        : python3-3.10.8-3.fc35.x86_64                         23/28 
  Verifying        : python3-devel-3.10.8-3.fc35.x86_64                   24/28 
  Verifying        : python3-libs-3.10.8-3.fc35.x86_64                    25/28 
  Verifying        : python3-packaging-21.3-2.fc35.noarch                 26/28 
  Verifying        : python3-rpm-macros-3.10-13.fc35.noarch               27/28 
  Verifying        : swig-4.0.2-10.fc35.x86_64                            28/28 

Installed:
  annobin-docs-10.79-1.fc35.noarch                                              
  annobin-plugin-gcc-10.79-1.fc35.x86_64                                        
  cpp-11.3.1-3.fc35.x86_64                                                      
  expat-2.5.0-1.fc35.x86_64                                                     
  gc-8.0.4-6.fc35.x86_64                                                        
  gcc-11.3.1-3.fc35.x86_64                                                      
  glibc-devel-2.34-49.fc35.x86_64                                               
  glibc-headers-x86-2.34-49.fc35.noarch                                         
  guile22-2.2.7-3.fc35.x86_64                                                   
  kernel-headers-6.0.5-100.fc35.x86_64                                          
  libattr-devel-2.5.1-3.fc35.x86_64                                             
  libmpc-1.2.1-3.fc35.x86_64                                                    
  libtool-ltdl-2.4.6-50.fc35.x86_64                                             
  libxcrypt-devel-4.4.33-3.fc35.x86_64                                          
  make-1:4.3-6.fc35.x86_64                                                      
  mpdecimal-2.5.1-2.fc35.x86_64                                                 
  pyproject-rpm-macros-1.4.0-1.fc35.noarch                                      
  python-pip-wheel-21.2.3-4.fc35.noarch                                         
  python-rpm-macros-3.10-13.fc35.noarch                                         
  python-setuptools-wheel-57.4.0-1.fc35.noarch                                  
  python3-3.10.8-3.fc35.x86_64                                                  
  python3-devel-3.10.8-3.fc35.x86_64                                            
  python3-libs-3.10.8-3.fc35.x86_64                                             
  python3-packaging-21.3-2.fc35.noarch                                          
  python3-pyparsing-2.4.7-9.fc35.noarch                                         
  python3-rpm-generators-12-8.fc35.noarch                                       
  python3-rpm-macros-3.10-13.fc35.noarch                                        
  swig-4.0.2-10.fc35.x86_64                                                     

Complete!

>>> 2023-01-26 06:51:27	"/usr/bin/mock" "-r" "fedora-35-x86_64" "--plugin-option=tmpfs:keep_mounted=True" "--config-opts=print_main_output=True" "--quiet" "--addrepo" "https://download.copr.fedorainfracloud.org/results/@aufover/divine/fedora-\$releasever-\$basearch/" "--install" "divine" "csexec" "gcc"
No matches found for the following disable plugin patterns: local, spacewalk, versionlock
https://download.cop     [===                 ] ---  B/s |   0  B     --:-- ETAhttps://download.copr.fedorainfracloud.org/resu  25 kB/s | 3.3 kB     00:00    
fedora                   [===                 ] ---  B/s |   0  B     --:-- ETAfedora                                           24 kB/s | 4.5 kB     00:00    
updates                  [   ===              ] ---  B/s |   0  B     --:-- ETAupdates                                          24 kB/s | 2.8 kB     00:00    
Package gcc-11.3.1-3.fc35.x86_64 is already installed.
Dependencies resolved.
====================================================================================================================================================
 Package                  Arch    Version                    Repository                                                                         Size
====================================================================================================================================================
Installing:
 [1mcsexec                  [m x86_64  2.2.2-1.fc35               updates                                                                           365 k
 [1mdivine                  [m x86_64  4.4.2_4_gd47985e0b-14.fc35 downloadcoprfedorainfracloudorg_results_aufover_divine_fedorareleaseverbasearch_   68 M
Installing dependencies:
 [1mgroff-base              [m x86_64  1.22.4-8.fc35              fedora                                                                            1.0 M
 [1mlibedit                 [m x86_64  3.1-40.20210910cvs.fc35    fedora                                                                            105 k
 [1mlibyaml                 [m x86_64  0.2.5-6.fc35               fedora                                                                             60 k
 [1mncurses                 [m x86_64  6.2-8.20210508.fc35        fedora                                                                            400 k
 [1mperl-Carp               [m noarch  1.52-478.fc35              fedora                                                                             29 k
 [1mperl-Class-Struct       [m noarch  0.66-486.fc35              updates                                                                            27 k
 [1mperl-DynaLoader         [m x86_64  1.50-486.fc35              updates                                                                            30 k
 [1mperl-Encode             [m x86_64  4:3.15-482.fc35            updates                                                                           1.7 M
 [1mperl-Errno              [m x86_64  1.33-486.fc35              updates                                                                            19 k
 [1mperl-Exporter           [m noarch  5.76-479.fc35              fedora                                                                             31 k
 [1mperl-Fcntl              [m x86_64  1.14-486.fc35              updates                                                                            25 k
 [1mperl-File-Basename      [m noarch  2.85-486.fc35              updates                                                                            22 k
 [1mperl-File-Path          [m noarch  2.18-478.fc35              fedora                                                                             35 k
 [1mperl-File-Temp          [m noarch  1:0.231.100-478.fc35       fedora                                                                             59 k
 [1mperl-File-stat          [m noarch  1.09-486.fc35              updates                                                                            22 k
 [1mperl-Getopt-Long        [m noarch  1:2.52-478.fc35            fedora                                                                             60 k
 [1mperl-Getopt-Std         [m noarch  1.13-486.fc35              updates                                                                            20 k
 [1mperl-HTTP-Tiny          [m noarch  0.080-1.fc35               updates                                                                            55 k
 [1mperl-IO                 [m x86_64  1.46-486.fc35              updates                                                                            91 k
 [1mperl-IPC-Open3          [m noarch  1.21-486.fc35              updates                                                                            27 k
 [1mperl-MIME-Base64        [m x86_64  3.16-478.fc35              fedora                                                                             30 k
 [1mperl-POSIX              [m x86_64  1.97-486.fc35              updates                                                                           102 k
 [1mperl-PathTools          [m x86_64  3.80-478.fc35              fedora                                                                             85 k
 [1mperl-Pod-Escapes        [m noarch  1:1.07-478.fc35            fedora                                                                             20 k
 [1mperl-Pod-Perldoc        [m noarch  3.28.01-479.fc35           fedora                                                                             84 k
 [1mperl-Pod-Simple         [m noarch  1:3.43-2.fc35              fedora                                                                            215 k
 [1mperl-Pod-Usage          [m noarch  4:2.01-478.fc35            fedora                                                                             40 k
 [1mperl-Scalar-List-Utils  [m x86_64  5:1.62-463.fc35            updates                                                                            72 k
 [1mperl-SelectSaver        [m noarch  1.02-486.fc35              updates                                                                            16 k
 [1mperl-Socket             [m x86_64  4:2.032-2.fc35             fedora                                                                             55 k
 [1mperl-Storable           [m x86_64  1:3.25-1.fc35              fedora                                                                             95 k
 [1mperl-Symbol             [m noarch  1.09-486.fc35              updates                                                                            19 k
 [1mperl-Term-ANSIColor     [m noarch  5.01-479.fc35              fedora                                                                             48 k
 [1mperl-Term-Cap           [m noarch  1.17-478.fc35              fedora                                                                             22 k
 [1mperl-Text-ParseWords    [m noarch  3.30-478.fc35              fedora                                                                             16 k
 [1mperl-Text-Tabs+Wrap     [m noarch  2021.0814-1.fc35           fedora                                                                             22 k
 [1mperl-Time-Local         [m noarch  2:1.300-478.fc35           fedora                                                                             33 k
 [1mperl-constant           [m noarch  1.33-479.fc35              fedora                                                                             23 k
 [1mperl-if                 [m noarch  0.60.900-486.fc35          updates                                                                            18 k
 [1mperl-interpreter        [m x86_64  4:5.34.1-486.fc35          updates                                                                            76 k
 [1mperl-libs               [m x86_64  4:5.34.1-486.fc35          updates                                                                           2.1 M
 [1mperl-mro                [m x86_64  1.25-486.fc35              updates                                                                            33 k
 [1mperl-overload           [m noarch  1.33-486.fc35              updates                                                                            50 k
 [1mperl-overloading        [m noarch  0.02-486.fc35              updates                                                                            17 k
 [1mperl-parent             [m noarch  1:0.238-478.fc35           fedora                                                                             14 k
 [1mperl-podlators          [m noarch  1:4.14-478.fc35            fedora                                                                            111 k
 [1mperl-subs               [m noarch  1.04-486.fc35              updates                                                                            16 k
 [1mperl-vars               [m noarch  1.05-486.fc35              updates                                                                            17 k
 [1mpython3-pygments        [m noarch  2.9.0-2.fc35               fedora                                                                            1.9 M
 [1mpython3-pyyaml          [m x86_64  5.4.1-4.fc35               fedora                                                                            191 k

Transaction Summary
====================================================================================================================================================
Install  52 Packages

Total size: 77 M
Installed size: 442 M
Downloading Packages:
[SKIPPED] divine-4.4.2_4_gd47985e0b-14.fc35.x86_64.rpm: Already downloaded     
[SKIPPED] groff-base-1.22.4-8.fc35.x86_64.rpm: Already downloaded              
[SKIPPED] libedit-3.1-40.20210910cvs.fc35.x86_64.rpm: Already downloaded       
[SKIPPED] libyaml-0.2.5-6.fc35.x86_64.rpm: Already downloaded                  
[SKIPPED] ncurses-6.2-8.20210508.fc35.x86_64.rpm: Already downloaded           
[SKIPPED] perl-Carp-1.52-478.fc35.noarch.rpm: Already downloaded               
[SKIPPED] perl-Exporter-5.76-479.fc35.noarch.rpm: Already downloaded           
[SKIPPED] perl-File-Path-2.18-478.fc35.noarch.rpm: Already downloaded          
[SKIPPED] perl-File-Temp-0.231.100-478.fc35.noarch.rpm: Already downloaded     
[SKIPPED] perl-Getopt-Long-2.52-478.fc35.noarch.rpm: Already downloaded        
[SKIPPED] perl-MIME-Base64-3.16-478.fc35.x86_64.rpm: Already downloaded        
[SKIPPED] perl-PathTools-3.80-478.fc35.x86_64.rpm: Already downloaded          
[SKIPPED] perl-Pod-Escapes-1.07-478.fc35.noarch.rpm: Already downloaded        
[SKIPPED] perl-Pod-Perldoc-3.28.01-479.fc35.noarch.rpm: Already downloaded     
[SKIPPED] perl-Pod-Simple-3.43-2.fc35.noarch.rpm: Already downloaded           
[SKIPPED] perl-Pod-Usage-2.01-478.fc35.noarch.rpm: Already downloaded          
[SKIPPED] perl-Socket-2.032-2.fc35.x86_64.rpm: Already downloaded              
[SKIPPED] perl-Storable-3.25-1.fc35.x86_64.rpm: Already downloaded             
[SKIPPED] perl-Term-ANSIColor-5.01-479.fc35.noarch.rpm: Already downloaded     
[SKIPPED] perl-Term-Cap-1.17-478.fc35.noarch.rpm: Already downloaded           
[SKIPPED] perl-Text-ParseWords-3.30-478.fc35.noarch.rpm: Already downloaded    
[SKIPPED] perl-Text-Tabs+Wrap-2021.0814-1.fc35.noarch.rpm: Already downloaded  
[SKIPPED] perl-Time-Local-1.300-478.fc35.noarch.rpm: Already downloaded        
[SKIPPED] perl-constant-1.33-479.fc35.noarch.rpm: Already downloaded           
[SKIPPED] perl-parent-0.238-478.fc35.noarch.rpm: Already downloaded            
[SKIPPED] perl-podlators-4.14-478.fc35.noarch.rpm: Already downloaded          
[SKIPPED] python3-pygments-2.9.0-2.fc35.noarch.rpm: Already downloaded         
[SKIPPED] python3-pyyaml-5.4.1-4.fc35.x86_64.rpm: Already downloaded           
[SKIPPED] csexec-2.2.2-1.fc35.x86_64.rpm: Already downloaded                   
[SKIPPED] perl-Class-Struct-0.66-486.fc35.noarch.rpm: Already downloaded       
[SKIPPED] perl-DynaLoader-1.50-486.fc35.x86_64.rpm: Already downloaded         
[SKIPPED] perl-Encode-3.15-482.fc35.x86_64.rpm: Already downloaded             
[SKIPPED] perl-Errno-1.33-486.fc35.x86_64.rpm: Already downloaded              
[SKIPPED] perl-Fcntl-1.14-486.fc35.x86_64.rpm: Already downloaded              
[SKIPPED] perl-File-Basename-2.85-486.fc35.noarch.rpm: Already downloaded      
[SKIPPED] perl-File-stat-1.09-486.fc35.noarch.rpm: Already downloaded          
[SKIPPED] perl-Getopt-Std-1.13-486.fc35.noarch.rpm: Already downloaded         
[SKIPPED] perl-HTTP-Tiny-0.080-1.fc35.noarch.rpm: Already downloaded           
[SKIPPED] perl-IO-1.46-486.fc35.x86_64.rpm: Already downloaded                 
[SKIPPED] perl-IPC-Open3-1.21-486.fc35.noarch.rpm: Already downloaded          
[SKIPPED] perl-POSIX-1.97-486.fc35.x86_64.rpm: Already downloaded              
[SKIPPED] perl-Scalar-List-Utils-1.62-463.fc35.x86_64.rpm: Already downloaded  
[SKIPPED] perl-SelectSaver-1.02-486.fc35.noarch.rpm: Already downloaded        
[SKIPPED] perl-Symbol-1.09-486.fc35.noarch.rpm: Already downloaded             
[SKIPPED] perl-if-0.60.900-486.fc35.noarch.rpm: Already downloaded             
[SKIPPED] perl-interpreter-5.34.1-486.fc35.x86_64.rpm: Already downloaded      
[SKIPPED] perl-libs-5.34.1-486.fc35.x86_64.rpm: Already downloaded             
[SKIPPED] perl-mro-1.25-486.fc35.x86_64.rpm: Already downloaded                
[SKIPPED] perl-overload-1.33-486.fc35.noarch.rpm: Already downloaded           
[SKIPPED] perl-overloading-0.02-486.fc35.noarch.rpm: Already downloaded        
[SKIPPED] perl-subs-1.04-486.fc35.noarch.rpm: Already downloaded               
[SKIPPED] perl-vars-1.05-486.fc35.noarch.rpm: Already downloaded               
Running transaction check
Transaction check succeeded.
Running transaction test
Transaction test succeeded.
Running transaction
  Preparing        :  [                                                   ] 1/1  Preparing        :  [=                                                  ] 1/1  Preparing        :  [==                                                 ] 1/1  Preparing        :  [===                                                ] 1/1  Preparing        :  [====                                               ] 1/1  Preparing        :  [=====                                              ] 1/1  Preparing        :  [======                                             ] 1/1  Preparing        :  [=======                                            ] 1/1  Preparing        :  [========                                           ] 1/1  Preparing        :  [=========                                          ] 1/1  Preparing        :  [==========                                         ] 1/1  Preparing        :  [===========                                        ] 1/1  Preparing        :  [============                                       ] 1/1  Preparing        :  [=============                                      ] 1/1  Preparing        :  [==============                                     ] 1/1  Preparing        :  [===============                                    ] 1/1  Preparing        :  [================                                   ] 1/1  Preparing        :  [=================                                  ] 1/1  Preparing        :  [==================                                 ] 1/1  Preparing        :  [===================                                ] 1/1  Preparing        :  [====================                               ] 1/1  Preparing        :  [=====================                              ] 1/1  Preparing        :  [======================                             ] 1/1  Preparing        :  [=======================                            ] 1/1  Preparing        :  [========================                           ] 1/1  Preparing        :  [=========================                          ] 1/1  Preparing        :  [==========================                         ] 1/1  Preparing        :  [===========================                        ] 1/1  Preparing        :  [============================                       ] 1/1  Preparing        :  [=============================                      ] 1/1  Preparing        :  [==============================                     ] 1/1  Preparing        :  [===============================                    ] 1/1  Preparing        :  [================================                   ] 1/1  Preparing        :  [=================================                  ] 1/1  Preparing        :  [==================================                 ] 1/1  Preparing        :  [===================================                ] 1/1  Preparing        :  [====================================               ] 1/1  Preparing        :  [=====================================              ] 1/1  Preparing        :  [======================================             ] 1/1  Preparing        :  [=======================================            ] 1/1  Preparing        :  [========================================           ] 1/1  Preparing        :  [=========================================          ] 1/1  Preparing        :  [==========================================         ] 1/1  Preparing        :  [===========================================        ] 1/1  Preparing        :  [============================================       ] 1/1  Preparing        :  [=============================================      ] 1/1  Preparing        :  [==============================================     ] 1/1  Preparing        :  [===============================================    ] 1/1  Preparing        :  [================================================   ] 1/1  Preparing        :  [=================================================  ] 1/1  Preparing        :                                                        1/1 
  Installing       : python3-pygments-2.9.0-2 [                         ]  1/52  Installing       : python3-pygments-2.9.0-2 [=                        ]  1/52  Installing       : python3-pygments-2.9.0-2 [==                       ]  1/52  Installing       : python3-pygments-2.9.0-2 [===                      ]  1/52  Installing       : python3-pygments-2.9.0-2 [====                     ]  1/52  Installing       : python3-pygments-2.9.0-2 [=====                    ]  1/52  Installing       : python3-pygments-2.9.0-2 [======                   ]  1/52  Installing       : python3-pygments-2.9.0-2 [=======                  ]  1/52  Installing       : python3-pygments-2.9.0-2 [========                 ]  1/52  Installing       : python3-pygments-2.9.0-2 [=========                ]  1/52  Installing       : python3-pygments-2.9.0-2 [==========               ]  1/52  Installing       : python3-pygments-2.9.0-2 [===========              ]  1/52  Installing       : python3-pygments-2.9.0-2 [============             ]  1/52  Installing       : python3-pygments-2.9.0-2 [=============            ]  1/52  Installing       : python3-pygments-2.9.0-2 [==============           ]  1/52  Installing       : python3-pygments-2.9.0-2 [===============          ]  1/52  Installing       : python3-pygments-2.9.0-2 [================         ]  1/52  Installing       : python3-pygments-2.9.0-2 [=================        ]  1/52  Installing       : python3-pygments-2.9.0-2 [==================       ]  1/52  Installing       : python3-pygments-2.9.0-2 [===================      ]  1/52  Installing       : python3-pygments-2.9.0-2 [====================     ]  1/52  Installing       : python3-pygments-2.9.0-2 [=====================    ]  1/52  Installing       : python3-pygments-2.9.0-2 [======================   ]  1/52  Installing       : python3-pygments-2.9.0-2 [=======================  ]  1/52  Installing       : python3-pygments-2.9.0-2 [======================== ]  1/52  Installing       : python3-pygments-2.9.0-2.fc35.noarch                  1/52 
  Installing       : ncurses-6.2-8.20210508.f [                         ]  2/52  Installing       : ncurses-6.2-8.20210508.f [=                        ]  2/52  Installing       : ncurses-6.2-8.20210508.f [===                      ]  2/52  Installing       : ncurses-6.2-8.20210508.f [====                     ]  2/52  Installing       : ncurses-6.2-8.20210508.f [=====                    ]  2/52  Installing       : ncurses-6.2-8.20210508.f [======                   ]  2/52  Installing       : ncurses-6.2-8.20210508.f [=======                  ]  2/52  Installing       : ncurses-6.2-8.20210508.f [========                 ]  2/52  Installing       : ncurses-6.2-8.20210508.f [=========                ]  2/52  Installing       : ncurses-6.2-8.20210508.f [==========               ]  2/52  Installing       : ncurses-6.2-8.20210508.f [============             ]  2/52  Installing       : ncurses-6.2-8.20210508.f [=============            ]  2/52  Installing       : ncurses-6.2-8.20210508.f [===============          ]  2/52  Installing       : ncurses-6.2-8.20210508.f [================         ]  2/52  Installing       : ncurses-6.2-8.20210508.f [=================        ]  2/52  Installing       : ncurses-6.2-8.20210508.f [===================      ]  2/52  Installing       : ncurses-6.2-8.20210508.f [====================     ]  2/52  Installing       : ncurses-6.2-8.20210508.f [=====================    ]  2/52  Installing       : ncurses-6.2-8.20210508.f [======================   ]  2/52  Installing       : ncurses-6.2-8.20210508.f [=======================  ]  2/52  Installing       : ncurses-6.2-8.20210508.f [======================== ]  2/52  Installing       : ncurses-6.2-8.20210508.fc35.x86_64                    2/52 
  Installing       : libyaml-0.2.5-6.fc35.x86 [                         ]  3/52  Installing       : libyaml-0.2.5-6.fc35.x86 [======                   ]  3/52  Installing       : libyaml-0.2.5-6.fc35.x86 [===========              ]  3/52  Installing       : libyaml-0.2.5-6.fc35.x86 [=================        ]  3/52  Installing       : libyaml-0.2.5-6.fc35.x86 [=======================  ]  3/52  Installing       : libyaml-0.2.5-6.fc35.x86 [======================== ]  3/52  Installing       : libyaml-0.2.5-6.fc35.x86_64                           3/52 
  Installing       : python3-pyyaml-5.4.1-4.f [                         ]  4/52  Installing       : python3-pyyaml-5.4.1-4.f [=                        ]  4/52  Installing       : python3-pyyaml-5.4.1-4.f [==                       ]  4/52  Installing       : python3-pyyaml-5.4.1-4.f [===                      ]  4/52  Installing       : python3-pyyaml-5.4.1-4.f [====                     ]  4/52  Installing       : python3-pyyaml-5.4.1-4.f [=====                    ]  4/52  Installing       : python3-pyyaml-5.4.1-4.f [======                   ]  4/52  Installing       : python3-pyyaml-5.4.1-4.f [========                 ]  4/52  Installing       : python3-pyyaml-5.4.1-4.f [=========                ]  4/52  Installing       : python3-pyyaml-5.4.1-4.f [==========               ]  4/52  Installing       : python3-pyyaml-5.4.1-4.f [===========              ]  4/52  Installing       : python3-pyyaml-5.4.1-4.f [============             ]  4/52  Installing       : python3-pyyaml-5.4.1-4.f [=============            ]  4/52  Installing       : python3-pyyaml-5.4.1-4.f [==============           ]  4/52  Installing       : python3-pyyaml-5.4.1-4.f [===============          ]  4/52  Installing       : python3-pyyaml-5.4.1-4.f [================         ]  4/52  Installing       : python3-pyyaml-5.4.1-4.f [=================        ]  4/52  Installing       : python3-pyyaml-5.4.1-4.f [==================       ]  4/52  Installing       : python3-pyyaml-5.4.1-4.f [===================      ]  4/52  Installing       : python3-pyyaml-5.4.1-4.f [====================     ]  4/52  Installing       : python3-pyyaml-5.4.1-4.f [=====================    ]  4/52  Installing       : python3-pyyaml-5.4.1-4.f [======================   ]  4/52  Installing       : python3-pyyaml-5.4.1-4.f [=======================  ]  4/52  Installing       : python3-pyyaml-5.4.1-4.f [======================== ]  4/52  Installing       : python3-pyyaml-5.4.1-4.fc35.x86_64                    4/52 
  Installing       : libedit-3.1-40.20210910c [                         ]  5/52  Installing       : libedit-3.1-40.20210910c [===                      ]  5/52  Installing       : libedit-3.1-40.20210910c [======                   ]  5/52  Installing       : libedit-3.1-40.20210910c [=========                ]  5/52  Installing       : libedit-3.1-40.20210910c [============             ]  5/52  Installing       : libedit-3.1-40.20210910c [================         ]  5/52  Installing       : libedit-3.1-40.20210910c [===================      ]  5/52  Installing       : libedit-3.1-40.20210910c [======================   ]  5/52  Installing       : libedit-3.1-40.20210910c [=======================  ]  5/52  Installing       : libedit-3.1-40.20210910c [======================== ]  5/52  Installing       : libedit-3.1-40.20210910cvs.fc35.x86_64                5/52 
  Running scriptlet: groff-base-1.22.4-8.fc35.x86_64                       6/52 
  Installing       : groff-base-1.22.4-8.fc35 [                         ]  6/52  Installing       : groff-base-1.22.4-8.fc35 [=                        ]  6/52  Installing       : groff-base-1.22.4-8.fc35 [==                       ]  6/52  Installing       : groff-base-1.22.4-8.fc35 [===                      ]  6/52  Installing       : groff-base-1.22.4-8.fc35 [====                     ]  6/52  Installing       : groff-base-1.22.4-8.fc35 [=====                    ]  6/52  Installing       : groff-base-1.22.4-8.fc35 [======                   ]  6/52  Installing       : groff-base-1.22.4-8.fc35 [=======                  ]  6/52  Installing       : groff-base-1.22.4-8.fc35 [========                 ]  6/52  Installing       : groff-base-1.22.4-8.fc35 [=========                ]  6/52  Installing       : groff-base-1.22.4-8.fc35 [==========               ]  6/52  Installing       : groff-base-1.22.4-8.fc35 [===========              ]  6/52  Installing       : groff-base-1.22.4-8.fc35 [============             ]  6/52  Installing       : groff-base-1.22.4-8.fc35 [=============            ]  6/52  Installing       : groff-base-1.22.4-8.fc35 [==============           ]  6/52  Installing       : groff-base-1.22.4-8.fc35 [===============          ]  6/52  Installing       : groff-base-1.22.4-8.fc35 [================         ]  6/52  Installing       : groff-base-1.22.4-8.fc35 [=================        ]  6/52  Installing       : groff-base-1.22.4-8.fc35 [==================       ]  6/52  Installing       : groff-base-1.22.4-8.fc35 [===================      ]  6/52  Installing       : groff-base-1.22.4-8.fc35 [====================     ]  6/52  Installing       : groff-base-1.22.4-8.fc35 [=====================    ]  6/52  Installing       : groff-base-1.22.4-8.fc35 [======================   ]  6/52  Installing       : groff-base-1.22.4-8.fc35 [=======================  ]  6/52  Installing       : groff-base-1.22.4-8.fc35 [======================== ]  6/52  Installing       : groff-base-1.22.4-8.fc35.x86_64                       6/52 
  Running scriptlet: groff-base-1.22.4-8.fc35.x86_64                       6/52 
  Installing       : perl-Text-Tabs+Wrap-2021 [                         ]  7/52  Installing       : perl-Text-Tabs+Wrap-2021 [=====                    ]  7/52  Installing       : perl-Text-Tabs+Wrap-2021 [======                   ]  7/52  Installing       : perl-Text-Tabs+Wrap-2021 [========                 ]  7/52  Installing       : perl-Text-Tabs+Wrap-2021 [============             ]  7/52  Installing       : perl-Text-Tabs+Wrap-2021 [================         ]  7/52  Installing       : perl-Text-Tabs+Wrap-2021 [======================== ]  7/52  Installing       : perl-Text-Tabs+Wrap-2021.0814-1.fc35.noarch           7/52 
  Installing       : perl-Time-Local-2:1.300- [                         ]  8/52  Installing       : perl-Time-Local-2:1.300- [=                        ]  8/52  Installing       : perl-Time-Local-2:1.300- [==                       ]  8/52  Installing       : perl-Time-Local-2:1.300- [======                   ]  8/52  Installing       : perl-Time-Local-2:1.300- [==========               ]  8/52  Installing       : perl-Time-Local-2:1.300- [================         ]  8/52  Installing       : perl-Time-Local-2:1.300- [==================       ]  8/52  Installing       : perl-Time-Local-2:1.300- [======================== ]  8/52  Installing       : perl-Time-Local-2:1.300-478.fc35.noarch               8/52 
  Installing       : perl-if-0.60.900-486.fc3 [                         ]  9/52  Installing       : perl-if-0.60.900-486.fc3 [===========              ]  9/52  Installing       : perl-if-0.60.900-486.fc3 [======================== ]  9/52  Installing       : perl-if-0.60.900-486.fc35.noarch                      9/52 
  Installing       : perl-File-Path-2.18-478. [                         ] 10/52  Installing       : perl-File-Path-2.18-478. [====                     ] 10/52  Installing       : perl-File-Path-2.18-478. [========                 ] 10/52  Installing       : perl-File-Path-2.18-478. [=====================    ] 10/52  Installing       : perl-File-Path-2.18-478. [======================== ] 10/52  Installing       : perl-File-Path-2.18-478.fc35.noarch                  10/52 
  Installing       : perl-Pod-Escapes-1:1.07- [                         ] 11/52  Installing       : perl-Pod-Escapes-1:1.07- [==                       ] 11/52  Installing       : perl-Pod-Escapes-1:1.07- [====                     ] 11/52  Installing       : perl-Pod-Escapes-1:1.07- [=======                  ] 11/52  Installing       : perl-Pod-Escapes-1:1.07- [========                 ] 11/52  Installing       : perl-Pod-Escapes-1:1.07- [======================== ] 11/52  Installing       : perl-Pod-Escapes-1:1.07-478.fc35.noarch              11/52 
  Installing       : perl-Term-ANSIColor-5.01 [                         ] 12/52  Installing       : perl-Term-ANSIColor-5.01 [===                      ] 12/52  Installing       : perl-Term-ANSIColor-5.01 [====                     ] 12/52  Installing       : perl-Term-ANSIColor-5.01 [=====                    ] 12/52  Installing       : perl-Term-ANSIColor-5.01 [=======                  ] 12/52  Installing       : perl-Term-ANSIColor-5.01 [===========              ] 12/52  Installing       : perl-Term-ANSIColor-5.01 [===================      ] 12/52  Installing       : perl-Term-ANSIColor-5.01 [======================== ] 12/52  Installing       : perl-Term-ANSIColor-5.01-479.fc35.noarch             12/52 
  Installing       : perl-Class-Struct-0.66-4 [                         ] 13/52  Installing       : perl-Class-Struct-0.66-4 [======                   ] 13/52  Installing       : perl-Class-Struct-0.66-4 [======================== ] 13/52  Installing       : perl-Class-Struct-0.66-486.fc35.noarch               13/52 
  Installing       : perl-POSIX-1.97-486.fc35 [                         ] 14/52  Installing       : perl-POSIX-1.97-486.fc35 [==                       ] 14/52  Installing       : perl-POSIX-1.97-486.fc35 [=====                    ] 14/52  Installing       : perl-POSIX-1.97-486.fc35 [========                 ] 14/52  Installing       : perl-POSIX-1.97-486.fc35 [==========               ] 14/52  Installing       : perl-POSIX-1.97-486.fc35 [==============           ] 14/52  Installing       : perl-POSIX-1.97-486.fc35 [=================        ] 14/52  Installing       : perl-POSIX-1.97-486.fc35 [====================     ] 14/52  Installing       : perl-POSIX-1.97-486.fc35 [======================   ] 14/52  Installing       : perl-POSIX-1.97-486.fc35 [======================== ] 14/52  Installing       : perl-POSIX-1.97-486.fc35.x86_64                      14/52 
  Installing       : perl-HTTP-Tiny-0.080-1.f [                         ] 15/52  Installing       : perl-HTTP-Tiny-0.080-1.f [===                      ] 15/52  Installing       : perl-HTTP-Tiny-0.080-1.f [=======                  ] 15/52  Installing       : perl-HTTP-Tiny-0.080-1.f [==========               ] 15/52  Installing       : perl-HTTP-Tiny-0.080-1.f [============             ] 15/52  Installing       : perl-HTTP-Tiny-0.080-1.f [=================        ] 15/52  Installing       : perl-HTTP-Tiny-0.080-1.f [======================   ] 15/52  Installing       : perl-HTTP-Tiny-0.080-1.f [======================== ] 15/52  Installing       : perl-HTTP-Tiny-0.080-1.fc35.noarch                   15/52 
  Installing       : perl-IPC-Open3-1.21-486. [                         ] 16/52  Installing       : perl-IPC-Open3-1.21-486. [===                      ] 16/52  Installing       : perl-IPC-Open3-1.21-486. [=======                  ] 16/52  Installing       : perl-IPC-Open3-1.21-486. [===========              ] 16/52  Installing       : perl-IPC-Open3-1.21-486. [======================== ] 16/52  Installing       : perl-IPC-Open3-1.21-486.fc35.noarch                  16/52 
  Installing       : perl-subs-1.04-486.fc35. [                         ] 17/52  Installing       : perl-subs-1.04-486.fc35. [================         ] 17/52  Installing       : perl-subs-1.04-486.fc35. [======================== ] 17/52  Installing       : perl-subs-1.04-486.fc35.noarch                       17/52 
  Installing       : perl-File-Temp-1:0.231.1 [                         ] 18/52  Installing       : perl-File-Temp-1:0.231.1 [==                       ] 18/52  Installing       : perl-File-Temp-1:0.231.1 [=====                    ] 18/52  Installing       : perl-File-Temp-1:0.231.1 [=======                  ] 18/52  Installing       : perl-File-Temp-1:0.231.1 [============             ] 18/52  Installing       : perl-File-Temp-1:0.231.1 [=================        ] 18/52  Installing       : perl-File-Temp-1:0.231.1 [=====================    ] 18/52  Installing       : perl-File-Temp-1:0.231.1 [======================== ] 18/52  Installing       : perl-File-Temp-1:0.231.100-478.fc35.noarch           18/52 
  Installing       : perl-Pod-Simple-1:3.43-2 [                         ] 19/52  Installing       : perl-Pod-Simple-1:3.43-2 [=                        ] 19/52  Installing       : perl-Pod-Simple-1:3.43-2 [==                       ] 19/52  Installing       : perl-Pod-Simple-1:3.43-2 [===                      ] 19/52  Installing       : perl-Pod-Simple-1:3.43-2 [====                     ] 19/52  Installing       : perl-Pod-Simple-1:3.43-2 [=====                    ] 19/52  Installing       : perl-Pod-Simple-1:3.43-2 [======                   ] 19/52  Installing       : perl-Pod-Simple-1:3.43-2 [=======                  ] 19/52  Installing       : perl-Pod-Simple-1:3.43-2 [========                 ] 19/52  Installing       : perl-Pod-Simple-1:3.43-2 [=========                ] 19/52  Installing       : perl-Pod-Simple-1:3.43-2 [===========              ] 19/52  Installing       : perl-Pod-Simple-1:3.43-2 [============             ] 19/52  Installing       : perl-Pod-Simple-1:3.43-2 [==============           ] 19/52  Installing       : perl-Pod-Simple-1:3.43-2 [===============          ] 19/52  Installing       : perl-Pod-Simple-1:3.43-2 [================         ] 19/52  Installing       : perl-Pod-Simple-1:3.43-2 [=================        ] 19/52  Installing       : perl-Pod-Simple-1:3.43-2 [==================       ] 19/52  Installing       : perl-Pod-Simple-1:3.43-2 [===================      ] 19/52  Installing       : perl-Pod-Simple-1:3.43-2 [=====================    ] 19/52  Installing       : perl-Pod-Simple-1:3.43-2 [======================   ] 19/52  Installing       : perl-Pod-Simple-1:3.43-2 [=======================  ] 19/52  Installing       : perl-Pod-Simple-1:3.43-2 [======================== ] 19/52  Installing       : perl-Pod-Simple-1:3.43-2.fc35.noarch                 19/52 
  Installing       : perl-Term-Cap-1.17-478.f [                         ] 20/52  Installing       : perl-Term-Cap-1.17-478.f [==                       ] 20/52  Installing       : perl-Term-Cap-1.17-478.f [===                      ] 20/52  Installing       : perl-Term-Cap-1.17-478.f [=====                    ] 20/52  Installing       : perl-Term-Cap-1.17-478.f [========                 ] 20/52  Installing       : perl-Term-Cap-1.17-478.f [======================== ] 20/52  Installing       : perl-Term-Cap-1.17-478.fc35.noarch                   20/52 
  Installing       : perl-Socket-4:2.032-2.fc [                         ] 21/52  Installing       : perl-Socket-4:2.032-2.fc [======                   ] 21/52  Installing       : perl-Socket-4:2.032-2.fc [=======                  ] 21/52  Installing       : perl-Socket-4:2.032-2.fc [=============            ] 21/52  Installing       : perl-Socket-4:2.032-2.fc [=================        ] 21/52  Installing       : perl-Socket-4:2.032-2.fc [===================      ] 21/52  Installing       : perl-Socket-4:2.032-2.fc [====================     ] 21/52  Installing       : perl-Socket-4:2.032-2.fc [======================   ] 21/52  Installing       : perl-Socket-4:2.032-2.fc [=======================  ] 21/52  Installing       : perl-Socket-4:2.032-2.fc [======================== ] 21/52  Installing       : perl-Socket-4:2.032-2.fc35.x86_64                    21/52 
  Installing       : perl-SelectSaver-1.02-48 [                         ] 22/52  Installing       : perl-SelectSaver-1.02-48 [===============          ] 22/52  Installing       : perl-SelectSaver-1.02-48 [======================== ] 22/52  Installing       : perl-SelectSaver-1.02-486.fc35.noarch                22/52 
  Installing       : perl-Symbol-1.09-486.fc3 [                         ] 23/52  Installing       : perl-Symbol-1.09-486.fc3 [=========                ] 23/52  Installing       : perl-Symbol-1.09-486.fc3 [======================== ] 23/52  Installing       : perl-Symbol-1.09-486.fc35.noarch                     23/52 
  Installing       : perl-File-stat-1.09-486. [                         ] 24/52  Installing       : perl-File-stat-1.09-486. [======                   ] 24/52  Installing       : perl-File-stat-1.09-486. [======================== ] 24/52  Installing       : perl-File-stat-1.09-486.fc35.noarch                  24/52 
  Installing       : perl-podlators-1:4.14-47 [                         ] 25/52  Installing       : perl-podlators-1:4.14-47 [=                        ] 25/52  Installing       : perl-podlators-1:4.14-47 [==                       ] 25/52  Installing       : perl-podlators-1:4.14-47 [=====                    ] 25/52  Installing       : perl-podlators-1:4.14-47 [======                   ] 25/52  Installing       : perl-podlators-1:4.14-47 [=======                  ] 25/52  Installing       : perl-podlators-1:4.14-47 [========                 ] 25/52  Installing       : perl-podlators-1:4.14-47 [=========                ] 25/52  Installing       : perl-podlators-1:4.14-47 [==========               ] 25/52  Installing       : perl-podlators-1:4.14-47 [===========              ] 25/52  Installing       : perl-podlators-1:4.14-47 [============             ] 25/52  Installing       : perl-podlators-1:4.14-47 [===============          ] 25/52  Installing       : perl-podlators-1:4.14-47 [==================       ] 25/52  Installing       : perl-podlators-1:4.14-47 [===================      ] 25/52  Installing       : perl-podlators-1:4.14-47 [====================     ] 25/52  Installing       : perl-podlators-1:4.14-47 [======================   ] 25/52  Installing       : perl-podlators-1:4.14-47 [=======================  ] 25/52  Installing       : perl-podlators-1:4.14-47 [======================== ] 25/52  Installing       : perl-podlators-1:4.14-478.fc35.noarch                25/52 
  Installing       : perl-Pod-Perldoc-3.28.01 [                         ] 26/52  Installing       : perl-Pod-Perldoc-3.28.01 [==                       ] 26/52  Installing       : perl-Pod-Perldoc-3.28.01 [===                      ] 26/52  Installing       : perl-Pod-Perldoc-3.28.01 [====                     ] 26/52  Installing       : perl-Pod-Perldoc-3.28.01 [=====                    ] 26/52  Installing       : perl-Pod-Perldoc-3.28.01 [======                   ] 26/52  Installing       : perl-Pod-Perldoc-3.28.01 [=======                  ] 26/52  Installing       : perl-Pod-Perldoc-3.28.01 [============             ] 26/52  Installing       : perl-Pod-Perldoc-3.28.01 [================         ] 26/52  Installing       : perl-Pod-Perldoc-3.28.01 [=================        ] 26/52  Installing       : perl-Pod-Perldoc-3.28.01 [==================       ] 26/52  Installing       : perl-Pod-Perldoc-3.28.01 [====================     ] 26/52  Installing       : perl-Pod-Perldoc-3.28.01 [=====================    ] 26/52  Installing       : perl-Pod-Perldoc-3.28.01 [======================   ] 26/52  Installing       : perl-Pod-Perldoc-3.28.01 [=======================  ] 26/52  Installing       : perl-Pod-Perldoc-3.28.01 [======================== ] 26/52  Installing       : perl-Pod-Perldoc-3.28.01-479.fc35.noarch             26/52 
  Installing       : perl-Text-ParseWords-3.3 [                         ] 27/52  Installing       : perl-Text-ParseWords-3.3 [=                        ] 27/52  Installing       : perl-Text-ParseWords-3.3 [====                     ] 27/52  Installing       : perl-Text-ParseWords-3.3 [=========                ] 27/52  Installing       : perl-Text-ParseWords-3.3 [==========               ] 27/52  Installing       : perl-Text-ParseWords-3.3 [======================== ] 27/52  Installing       : perl-Text-ParseWords-3.30-478.fc35.noarch            27/52 
  Installing       : perl-Fcntl-1.14-486.fc35 [                         ] 28/52  Installing       : perl-Fcntl-1.14-486.fc35 [===                      ] 28/52  Installing       : perl-Fcntl-1.14-486.fc35 [======================   ] 28/52  Installing       : perl-Fcntl-1.14-486.fc35 [======================== ] 28/52  Installing       : perl-Fcntl-1.14-486.fc35.x86_64                      28/52 
  Installing       : perl-mro-1.25-486.fc35.x [                         ] 29/52  Installing       : perl-mro-1.25-486.fc35.x [================         ] 29/52  Installing       : perl-mro-1.25-486.fc35.x [=====================    ] 29/52  Installing       : perl-mro-1.25-486.fc35.x [======================== ] 29/52  Installing       : perl-mro-1.25-486.fc35.x86_64                        29/52 
  Installing       : perl-IO-1.46-486.fc35.x8 [                         ] 30/52  Installing       : perl-IO-1.46-486.fc35.x8 [=                        ] 30/52  Installing       : perl-IO-1.46-486.fc35.x8 [====                     ] 30/52  Installing       : perl-IO-1.46-486.fc35.x8 [=====                    ] 30/52  Installing       : perl-IO-1.46-486.fc35.x8 [======                   ] 30/52  Installing       : perl-IO-1.46-486.fc35.x8 [=======                  ] 30/52  Installing       : perl-IO-1.46-486.fc35.x8 [===========              ] 30/52  Installing       : perl-IO-1.46-486.fc35.x8 [=============            ] 30/52  Installing       : perl-IO-1.46-486.fc35.x8 [==============           ] 30/52  Installing       : perl-IO-1.46-486.fc35.x8 [==================       ] 30/52  Installing       : perl-IO-1.46-486.fc35.x8 [===================      ] 30/52  Installing       : perl-IO-1.46-486.fc35.x8 [====================     ] 30/52  Installing       : perl-IO-1.46-486.fc35.x8 [=====================    ] 30/52  Installing       : perl-IO-1.46-486.fc35.x8 [======================   ] 30/52  Installing       : perl-IO-1.46-486.fc35.x8 [=======================  ] 30/52  Installing       : perl-IO-1.46-486.fc35.x8 [======================== ] 30/52  Installing       : perl-IO-1.46-486.fc35.x86_64                         30/52 
  Installing       : perl-overloading-0.02-48 [                         ] 31/52  Installing       : perl-overloading-0.02-48 [========                 ] 31/52  Installing       : perl-overloading-0.02-48 [=========                ] 31/52  Installing       : perl-overloading-0.02-48 [=================        ] 31/52  Installing       : perl-overloading-0.02-48 [======================== ] 31/52  Installing       : perl-overloading-0.02-486.fc35.noarch                31/52 
  Installing       : perl-Pod-Usage-4:2.01-47 [                         ] 32/52  Installing       : perl-Pod-Usage-4:2.01-47 [=                        ] 32/52  Installing       : perl-Pod-Usage-4:2.01-47 [==                       ] 32/52  Installing       : perl-Pod-Usage-4:2.01-47 [========                 ] 32/52  Installing       : perl-Pod-Usage-4:2.01-47 [=============            ] 32/52  Installing       : perl-Pod-Usage-4:2.01-47 [==============           ] 32/52  Installing       : perl-Pod-Usage-4:2.01-47 [================         ] 32/52  Installing       : perl-Pod-Usage-4:2.01-47 [======================== ] 32/52  Installing       : perl-Pod-Usage-4:2.01-478.fc35.noarch                32/52 
  Installing       : perl-MIME-Base64-3.16-47 [                         ] 33/52  Installing       : perl-MIME-Base64-3.16-47 [===                      ] 33/52  Installing       : perl-MIME-Base64-3.16-47 [====                     ] 33/52  Installing       : perl-MIME-Base64-3.16-47 [=====                    ] 33/52  Installing       : perl-MIME-Base64-3.16-47 [==============           ] 33/52  Installing       : perl-MIME-Base64-3.16-47 [===================      ] 33/52  Installing       : perl-MIME-Base64-3.16-47 [=====================    ] 33/52  Installing       : perl-MIME-Base64-3.16-47 [=======================  ] 33/52  Installing       : perl-MIME-Base64-3.16-47 [======================== ] 33/52  Installing       : perl-MIME-Base64-3.16-478.fc35.x86_64                33/52 
  Installing       : perl-constant-1.33-479.f [                         ] 34/52  Installing       : perl-constant-1.33-479.f [====                     ] 34/52  Installing       : perl-constant-1.33-479.f [======                   ] 34/52  Installing       : perl-constant-1.33-479.f [=======                  ] 34/52  Installing       : perl-constant-1.33-479.f [===========              ] 34/52  Installing       : perl-constant-1.33-479.f [======================== ] 34/52  Installing       : perl-constant-1.33-479.fc35.noarch                   34/52 
  Installing       : perl-parent-1:0.238-478. [                         ] 35/52  Installing       : perl-parent-1:0.238-478. [============             ] 35/52  Installing       : perl-parent-1:0.238-478. [=================        ] 35/52  Installing       : perl-parent-1:0.238-478. [======================== ] 35/52  Installing       : perl-parent-1:0.238-478.fc35.noarch                  35/52 
  Installing       : perl-Errno-1.33-486.fc35 [                         ] 36/52  Installing       : perl-Errno-1.33-486.fc35 [=================        ] 36/52  Installing       : perl-Errno-1.33-486.fc35 [======================== ] 36/52  Installing       : perl-Errno-1.33-486.fc35.x86_64                      36/52 
  Installing       : perl-File-Basename-2.85- [                         ] 37/52  Installing       : perl-File-Basename-2.85- [======                   ] 37/52  Installing       : perl-File-Basename-2.85- [======================== ] 37/52  Installing       : perl-File-Basename-2.85-486.fc35.noarch              37/52 
  Installing       : perl-Getopt-Std-1.13-486 [                         ] 38/52  Installing       : perl-Getopt-Std-1.13-486 [======                   ] 38/52  Installing       : perl-Getopt-Std-1.13-486 [=======                  ] 38/52  Installing       : perl-Getopt-Std-1.13-486 [======================== ] 38/52  Installing       : perl-Getopt-Std-1.13-486.fc35.noarch                 38/52 
  Installing       : perl-Scalar-List-Utils-5 [                         ] 39/52  Installing       : perl-Scalar-List-Utils-5 [====                     ] 39/52  Installing       : perl-Scalar-List-Utils-5 [======                   ] 39/52  Installing       : perl-Scalar-List-Utils-5 [=======                  ] 39/52  Installing       : perl-Scalar-List-Utils-5 [=============            ] 39/52  Installing       : perl-Scalar-List-Utils-5 [=================        ] 39/52  Installing       : perl-Scalar-List-Utils-5 [=====================    ] 39/52  Installing       : perl-Scalar-List-Utils-5 [=======================  ] 39/52  Installing       : perl-Scalar-List-Utils-5 [======================== ] 39/52  Installing       : perl-Scalar-List-Utils-5:1.62-463.fc35.x86_64        39/52 
  Installing       : perl-Storable-1:3.25-1.f [                         ] 40/52  Installing       : perl-Storable-1:3.25-1.f [===                      ] 40/52  Installing       : perl-Storable-1:3.25-1.f [=====                    ] 40/52  Installing       : perl-Storable-1:3.25-1.f [=========                ] 40/52  Installing       : perl-Storable-1:3.25-1.f [============             ] 40/52  Installing       : perl-Storable-1:3.25-1.f [================         ] 40/52  Installing       : perl-Storable-1:3.25-1.f [=================        ] 40/52  Installing       : perl-Storable-1:3.25-1.f [==================       ] 40/52  Installing       : perl-Storable-1:3.25-1.f [=====================    ] 40/52  Installing       : perl-Storable-1:3.25-1.f [======================   ] 40/52  Installing       : perl-Storable-1:3.25-1.f [=======================  ] 40/52  Installing       : perl-Storable-1:3.25-1.f [======================== ] 40/52  Installing       : perl-Storable-1:3.25-1.fc35.x86_64                   40/52 
  Installing       : perl-overload-1.33-486.f [                         ] 41/52  Installing       : perl-overload-1.33-486.f [======                   ] 41/52  Installing       : perl-overload-1.33-486.f [=================        ] 41/52  Installing       : perl-overload-1.33-486.f [======================== ] 41/52  Installing       : perl-overload-1.33-486.fc35.noarch                   41/52 
  Installing       : perl-vars-1.05-486.fc35. [                         ] 42/52  Installing       : perl-vars-1.05-486.fc35. [============             ] 42/52  Installing       : perl-vars-1.05-486.fc35. [======================== ] 42/52  Installing       : perl-vars-1.05-486.fc35.noarch                       42/52 
  Installing       : perl-Getopt-Long-1:2.52- [                         ] 43/52  Installing       : perl-Getopt-Long-1:2.52- [===                      ] 43/52  Installing       : perl-Getopt-Long-1:2.52- [====                     ] 43/52  Installing       : perl-Getopt-Long-1:2.52- [=====                    ] 43/52  Installing       : perl-Getopt-Long-1:2.52- [======                   ] 43/52  Installing       : perl-Getopt-Long-1:2.52- [=======                  ] 43/52  Installing       : perl-Getopt-Long-1:2.52- [=========                ] 43/52  Installing       : perl-Getopt-Long-1:2.52- [===============          ] 43/52  Installing       : perl-Getopt-Long-1:2.52- [=====================    ] 43/52  Installing       : perl-Getopt-Long-1:2.52- [======================== ] 43/52  Installing       : perl-Getopt-Long-1:2.52-478.fc35.noarch              43/52 
  Installing       : perl-Carp-1.52-478.fc35. [                         ] 44/52  Installing       : perl-Carp-1.52-478.fc35. [==                       ] 44/52  Installing       : perl-Carp-1.52-478.fc35. [===                      ] 44/52  Installing       : perl-Carp-1.52-478.fc35. [=====                    ] 44/52  Installing       : perl-Carp-1.52-478.fc35. [======                   ] 44/52  Installing       : perl-Carp-1.52-478.fc35. [======================   ] 44/52  Installing       : perl-Carp-1.52-478.fc35. [======================== ] 44/52  Installing       : perl-Carp-1.52-478.fc35.noarch                       44/52 
  Installing       : perl-Exporter-5.76-479.f [                         ] 45/52  Installing       : perl-Exporter-5.76-479.f [=                        ] 45/52  Installing       : perl-Exporter-5.76-479.f [=========                ] 45/52  Installing       : perl-Exporter-5.76-479.f [============             ] 45/52  Installing       : perl-Exporter-5.76-479.f [=============            ] 45/52  Installing       : perl-Exporter-5.76-479.f [=====================    ] 45/52  Installing       : perl-Exporter-5.76-479.f [======================== ] 45/52  Installing       : perl-Exporter-5.76-479.fc35.noarch                   45/52 
  Installing       : perl-DynaLoader-1.50-486 [                         ] 46/52  Installing       : perl-DynaLoader-1.50-486 [==================       ] 46/52  Installing       : perl-DynaLoader-1.50-486 [======================== ] 46/52  Installing       : perl-DynaLoader-1.50-486.fc35.x86_64                 46/52 
  Installing       : perl-PathTools-3.80-478. [                         ] 47/52  Installing       : perl-PathTools-3.80-478. [===                      ] 47/52  Installing       : perl-PathTools-3.80-478. [====                     ] 47/52  Installing       : perl-PathTools-3.80-478. [=====                    ] 47/52  Installing       : perl-PathTools-3.80-478. [========                 ] 47/52  Installing       : perl-PathTools-3.80-478. [=========                ] 47/52  Installing       : perl-PathTools-3.80-478. [===========              ] 47/52  Installing       : perl-PathTools-3.80-478. [=============            ] 47/52  Installing       : perl-PathTools-3.80-478. [===============          ] 47/52  Installing       : perl-PathTools-3.80-478. [====================     ] 47/52  Installing       : perl-PathTools-3.80-478. [=====================    ] 47/52  Installing       : perl-PathTools-3.80-478. [======================   ] 47/52  Installing       : perl-PathTools-3.80-478. [=======================  ] 47/52  Installing       : perl-PathTools-3.80-478. [======================== ] 47/52  Installing       : perl-PathTools-3.80-478.fc35.x86_64                  47/52 
  Installing       : perl-Encode-4:3.15-482.f [                         ] 48/52  Installing       : perl-Encode-4:3.15-482.f [=                        ] 48/52  Installing       : perl-Encode-4:3.15-482.f [==                       ] 48/52  Installing       : perl-Encode-4:3.15-482.f [===                      ] 48/52  Installing       : perl-Encode-4:3.15-482.f [====                     ] 48/52  Installing       : perl-Encode-4:3.15-482.f [=====                    ] 48/52  Installing       : perl-Encode-4:3.15-482.f [======                   ] 48/52  Installing       : perl-Encode-4:3.15-482.f [=======                  ] 48/52  Installing       : perl-Encode-4:3.15-482.f [========                 ] 48/52  Installing       : perl-Encode-4:3.15-482.f [=========                ] 48/52  Installing       : perl-Encode-4:3.15-482.f [==========               ] 48/52  Installing       : perl-Encode-4:3.15-482.f [===========              ] 48/52  Installing       : perl-Encode-4:3.15-482.f [============             ] 48/52  Installing       : perl-Encode-4:3.15-482.f [=============            ] 48/52  Installing       : perl-Encode-4:3.15-482.f [==============           ] 48/52  Installing       : perl-Encode-4:3.15-482.f [===============          ] 48/52  Installing       : perl-Encode-4:3.15-482.f [================         ] 48/52  Installing       : perl-Encode-4:3.15-482.f [=================        ] 48/52  Installing       : perl-Encode-4:3.15-482.f [==================       ] 48/52  Installing       : perl-Encode-4:3.15-482.f [===================      ] 48/52  Installing       : perl-Encode-4:3.15-482.f [====================     ] 48/52  Installing       : perl-Encode-4:3.15-482.f [=====================    ] 48/52  Installing       : perl-Encode-4:3.15-482.f [======================   ] 48/52  Installing       : perl-Encode-4:3.15-482.f [=======================  ] 48/52  Installing       : perl-Encode-4:3.15-482.f [======================== ] 48/52  Installing       : perl-Encode-4:3.15-482.fc35.x86_64                   48/52 
  Installing       : perl-libs-4:5.34.1-486.f [                         ] 49/52  Installing       : perl-libs-4:5.34.1-486.f [=                        ] 49/52  Installing       : perl-libs-4:5.34.1-486.f [==                       ] 49/52  Installing       : perl-libs-4:5.34.1-486.f [===                      ] 49/52  Installing       : perl-libs-4:5.34.1-486.f [====                     ] 49/52  Installing       : perl-libs-4:5.34.1-486.f [=====                    ] 49/52  Installing       : perl-libs-4:5.34.1-486.f [======                   ] 49/52  Installing       : perl-libs-4:5.34.1-486.f [=======                  ] 49/52  Installing       : perl-libs-4:5.34.1-486.f [========                 ] 49/52  Installing       : perl-libs-4:5.34.1-486.f [=========                ] 49/52  Installing       : perl-libs-4:5.34.1-486.f [==========               ] 49/52  Installing       : perl-libs-4:5.34.1-486.f [===========              ] 49/52  Installing       : perl-libs-4:5.34.1-486.f [============             ] 49/52  Installing       : perl-libs-4:5.34.1-486.f [=============            ] 49/52  Installing       : perl-libs-4:5.34.1-486.f [==============           ] 49/52  Installing       : perl-libs-4:5.34.1-486.f [===============          ] 49/52  Installing       : perl-libs-4:5.34.1-486.f [================         ] 49/52  Installing       : perl-libs-4:5.34.1-486.f [=================        ] 49/52  Installing       : perl-libs-4:5.34.1-486.f [==================       ] 49/52  Installing       : perl-libs-4:5.34.1-486.f [===================      ] 49/52  Installing       : perl-libs-4:5.34.1-486.f [====================     ] 49/52  Installing       : perl-libs-4:5.34.1-486.f [=====================    ] 49/52  Installing       : perl-libs-4:5.34.1-486.f [======================   ] 49/52  Installing       : perl-libs-4:5.34.1-486.f [=======================  ] 49/52  Installing       : perl-libs-4:5.34.1-486.f [======================== ] 49/52  Installing       : perl-libs-4:5.34.1-486.fc35.x86_64                   49/52 
  Installing       : perl-interpreter-4:5.34. [                         ] 50/52  Installing       : perl-interpreter-4:5.34. [=                        ] 50/52  Installing       : perl-interpreter-4:5.34. [======                   ] 50/52  Installing       : perl-interpreter-4:5.34. [==========               ] 50/52  Installing       : perl-interpreter-4:5.34. [================         ] 50/52  Installing       : perl-interpreter-4:5.34. [=====================    ] 50/52  Installing       : perl-interpreter-4:5.34. [======================== ] 50/52  Installing       : perl-interpreter-4:5.34.1-486.fc35.x86_64            50/52 
  Installing       : divine-4.4.2_4_gd47985e0 [                         ] 51/52  Installing       : divine-4.4.2_4_gd47985e0 [=                        ] 51/52  Installing       : divine-4.4.2_4_gd47985e0 [==                       ] 51/52  Installing       : divine-4.4.2_4_gd47985e0 [===                      ] 51/52  Installing       : divine-4.4.2_4_gd47985e0 [====                     ] 51/52  Installing       : divine-4.4.2_4_gd47985e0 [=====                    ] 51/52  Installing       : divine-4.4.2_4_gd47985e0 [======                   ] 51/52  Installing       : divine-4.4.2_4_gd47985e0 [=======                  ] 51/52  Installing       : divine-4.4.2_4_gd47985e0 [========                 ] 51/52  Installing       : divine-4.4.2_4_gd47985e0 [=========                ] 51/52  Installing       : divine-4.4.2_4_gd47985e0 [==========               ] 51/52  Installing       : divine-4.4.2_4_gd47985e0 [===========              ] 51/52  Installing       : divine-4.4.2_4_gd47985e0 [============             ] 51/52  Installing       : divine-4.4.2_4_gd47985e0 [=============            ] 51/52  Installing       : divine-4.4.2_4_gd47985e0 [==============           ] 51/52  Installing       : divine-4.4.2_4_gd47985e0 [===============          ] 51/52  Installing       : divine-4.4.2_4_gd47985e0 [================         ] 51/52  Installing       : divine-4.4.2_4_gd47985e0 [=================        ] 51/52  Installing       : divine-4.4.2_4_gd47985e0 [==================       ] 51/52  Installing       : divine-4.4.2_4_gd47985e0 [===================      ] 51/52  Installing       : divine-4.4.2_4_gd47985e0 [====================     ] 51/52  Installing       : divine-4.4.2_4_gd47985e0 [=====================    ] 51/52  Installing       : divine-4.4.2_4_gd47985e0 [======================   ] 51/52  Installing       : divine-4.4.2_4_gd47985e0 [=======================  ] 51/52  Installing       : divine-4.4.2_4_gd47985e0 [======================== ] 51/52  Installing       : divine-4.4.2_4_gd47985e0b-14.fc35.x86_64             51/52 
  Installing       : csexec-2.2.2-1.fc35.x86_ [                         ] 52/52  Installing       : csexec-2.2.2-1.fc35.x86_ [=                        ] 52/52  Installing       : csexec-2.2.2-1.fc35.x86_ [==                       ] 52/52  Installing       : csexec-2.2.2-1.fc35.x86_ [===                      ] 52/52  Installing       : csexec-2.2.2-1.fc35.x86_ [====                     ] 52/52  Installing       : csexec-2.2.2-1.fc35.x86_ [=====                    ] 52/52  Installing       : csexec-2.2.2-1.fc35.x86_ [======                   ] 52/52  Installing       : csexec-2.2.2-1.fc35.x86_ [=======                  ] 52/52  Installing       : csexec-2.2.2-1.fc35.x86_ [========                 ] 52/52  Installing       : csexec-2.2.2-1.fc35.x86_ [=========                ] 52/52  Installing       : csexec-2.2.2-1.fc35.x86_ [==========               ] 52/52  Installing       : csexec-2.2.2-1.fc35.x86_ [===========              ] 52/52  Installing       : csexec-2.2.2-1.fc35.x86_ [============             ] 52/52  Installing       : csexec-2.2.2-1.fc35.x86_ [=============            ] 52/52  Installing       : csexec-2.2.2-1.fc35.x86_ [==============           ] 52/52  Installing       : csexec-2.2.2-1.fc35.x86_ [===============          ] 52/52  Installing       : csexec-2.2.2-1.fc35.x86_ [================         ] 52/52  Installing       : csexec-2.2.2-1.fc35.x86_ [=================        ] 52/52  Installing       : csexec-2.2.2-1.fc35.x86_ [==================       ] 52/52  Installing       : csexec-2.2.2-1.fc35.x86_ [===================      ] 52/52  Installing       : csexec-2.2.2-1.fc35.x86_ [====================     ] 52/52  Installing       : csexec-2.2.2-1.fc35.x86_ [=====================    ] 52/52  Installing       : csexec-2.2.2-1.fc35.x86_ [======================   ] 52/52  Installing       : csexec-2.2.2-1.fc35.x86_ [=======================  ] 52/52  Installing       : csexec-2.2.2-1.fc35.x86_ [======================== ] 52/52  Installing       : csexec-2.2.2-1.fc35.x86_64                           52/52 
  Running scriptlet: csexec-2.2.2-1.fc35.x86_64                           52/52 
  Verifying        : divine-4.4.2_4_gd47985e0b-14.fc35.x86_64              1/52 
  Verifying        : groff-base-1.22.4-8.fc35.x86_64                       2/52 
  Verifying        : libedit-3.1-40.20210910cvs.fc35.x86_64                3/52 
  Verifying        : libyaml-0.2.5-6.fc35.x86_64                           4/52 
  Verifying        : ncurses-6.2-8.20210508.fc35.x86_64                    5/52 
  Verifying        : perl-Carp-1.52-478.fc35.noarch                        6/52 
  Verifying        : perl-Exporter-5.76-479.fc35.noarch                    7/52 
  Verifying        : perl-File-Path-2.18-478.fc35.noarch                   8/52 
  Verifying        : perl-File-Temp-1:0.231.100-478.fc35.noarch            9/52 
  Verifying        : perl-Getopt-Long-1:2.52-478.fc35.noarch              10/52 
  Verifying        : perl-MIME-Base64-3.16-478.fc35.x86_64                11/52 
  Verifying        : perl-PathTools-3.80-478.fc35.x86_64                  12/52 
  Verifying        : perl-Pod-Escapes-1:1.07-478.fc35.noarch              13/52 
  Verifying        : perl-Pod-Perldoc-3.28.01-479.fc35.noarch             14/52 
  Verifying        : perl-Pod-Simple-1:3.43-2.fc35.noarch                 15/52 
  Verifying        : perl-Pod-Usage-4:2.01-478.fc35.noarch                16/52 
  Verifying        : perl-Socket-4:2.032-2.fc35.x86_64                    17/52 
  Verifying        : perl-Storable-1:3.25-1.fc35.x86_64                   18/52 
  Verifying        : perl-Term-ANSIColor-5.01-479.fc35.noarch             19/52 
  Verifying        : perl-Term-Cap-1.17-478.fc35.noarch                   20/52 
  Verifying        : perl-Text-ParseWords-3.30-478.fc35.noarch            21/52 
  Verifying        : perl-Text-Tabs+Wrap-2021.0814-1.fc35.noarch          22/52 
  Verifying        : perl-Time-Local-2:1.300-478.fc35.noarch              23/52 
  Verifying        : perl-constant-1.33-479.fc35.noarch                   24/52 
  Verifying        : perl-parent-1:0.238-478.fc35.noarch                  25/52 
  Verifying        : perl-podlators-1:4.14-478.fc35.noarch                26/52 
  Verifying        : python3-pygments-2.9.0-2.fc35.noarch                 27/52 
  Verifying        : python3-pyyaml-5.4.1-4.fc35.x86_64                   28/52 
  Verifying        : csexec-2.2.2-1.fc35.x86_64                           29/52 
  Verifying        : perl-Class-Struct-0.66-486.fc35.noarch               30/52 
  Verifying        : perl-DynaLoader-1.50-486.fc35.x86_64                 31/52 
  Verifying        : perl-Encode-4:3.15-482.fc35.x86_64                   32/52 
  Verifying        : perl-Errno-1.33-486.fc35.x86_64                      33/52 
  Verifying        : perl-Fcntl-1.14-486.fc35.x86_64                      34/52 
  Verifying        : perl-File-Basename-2.85-486.fc35.noarch              35/52 
  Verifying        : perl-File-stat-1.09-486.fc35.noarch                  36/52 
  Verifying        : perl-Getopt-Std-1.13-486.fc35.noarch                 37/52 
  Verifying        : perl-HTTP-Tiny-0.080-1.fc35.noarch                   38/52 
  Verifying        : perl-IO-1.46-486.fc35.x86_64                         39/52 
  Verifying        : perl-IPC-Open3-1.21-486.fc35.noarch                  40/52 
  Verifying        : perl-POSIX-1.97-486.fc35.x86_64                      41/52 
  Verifying        : perl-Scalar-List-Utils-5:1.62-463.fc35.x86_64        42/52 
  Verifying        : perl-SelectSaver-1.02-486.fc35.noarch                43/52 
  Verifying        : perl-Symbol-1.09-486.fc35.noarch                     44/52 
  Verifying        : perl-if-0.60.900-486.fc35.noarch                     45/52 
  Verifying        : perl-interpreter-4:5.34.1-486.fc35.x86_64            46/52 
  Verifying        : perl-libs-4:5.34.1-486.fc35.x86_64                   47/52 
  Verifying        : perl-mro-1.25-486.fc35.x86_64                        48/52 
  Verifying        : perl-overload-1.33-486.fc35.noarch                   49/52 
  Verifying        : perl-overloading-0.02-486.fc35.noarch                50/52 
  Verifying        : perl-subs-1.04-486.fc35.noarch                       51/52 
  Verifying        : perl-vars-1.05-486.fc35.noarch                       52/52 

Installed:
  csexec-2.2.2-1.fc35.x86_64                                                    
  divine-4.4.2_4_gd47985e0b-14.fc35.x86_64                                      
  groff-base-1.22.4-8.fc35.x86_64                                               
  libedit-3.1-40.20210910cvs.fc35.x86_64                                        
  libyaml-0.2.5-6.fc35.x86_64                                                   
  ncurses-6.2-8.20210508.fc35.x86_64                                            
  perl-Carp-1.52-478.fc35.noarch                                                
  perl-Class-Struct-0.66-486.fc35.noarch                                        
  perl-DynaLoader-1.50-486.fc35.x86_64                                          
  perl-Encode-4:3.15-482.fc35.x86_64                                            
  perl-Errno-1.33-486.fc35.x86_64                                               
  perl-Exporter-5.76-479.fc35.noarch                                            
  perl-Fcntl-1.14-486.fc35.x86_64                                               
  perl-File-Basename-2.85-486.fc35.noarch                                       
  perl-File-Path-2.18-478.fc35.noarch                                           
  perl-File-Temp-1:0.231.100-478.fc35.noarch                                    
  perl-File-stat-1.09-486.fc35.noarch                                           
  perl-Getopt-Long-1:2.52-478.fc35.noarch                                       
  perl-Getopt-Std-1.13-486.fc35.noarch                                          
  perl-HTTP-Tiny-0.080-1.fc35.noarch                                            
  perl-IO-1.46-486.fc35.x86_64                                                  
  perl-IPC-Open3-1.21-486.fc35.noarch                                           
  perl-MIME-Base64-3.16-478.fc35.x86_64                                         
  perl-POSIX-1.97-486.fc35.x86_64                                               
  perl-PathTools-3.80-478.fc35.x86_64                                           
  perl-Pod-Escapes-1:1.07-478.fc35.noarch                                       
  perl-Pod-Perldoc-3.28.01-479.fc35.noarch                                      
  perl-Pod-Simple-1:3.43-2.fc35.noarch                                          
  perl-Pod-Usage-4:2.01-478.fc35.noarch                                         
  perl-Scalar-List-Utils-5:1.62-463.fc35.x86_64                                 
  perl-SelectSaver-1.02-486.fc35.noarch                                         
  perl-Socket-4:2.032-2.fc35.x86_64                                             
  perl-Storable-1:3.25-1.fc35.x86_64                                            
  perl-Symbol-1.09-486.fc35.noarch                                              
  perl-Term-ANSIColor-5.01-479.fc35.noarch                                      
  perl-Term-Cap-1.17-478.fc35.noarch                                            
  perl-Text-ParseWords-3.30-478.fc35.noarch                                     
  perl-Text-Tabs+Wrap-2021.0814-1.fc35.noarch                                   
  perl-Time-Local-2:1.300-478.fc35.noarch                                       
  perl-constant-1.33-479.fc35.noarch                                            
  perl-if-0.60.900-486.fc35.noarch                                              
  perl-interpreter-4:5.34.1-486.fc35.x86_64                                     
  perl-libs-4:5.34.1-486.fc35.x86_64                                            
  perl-mro-1.25-486.fc35.x86_64                                                 
  perl-overload-1.33-486.fc35.noarch                                            
  perl-overloading-0.02-486.fc35.noarch                                         
  perl-parent-1:0.238-478.fc35.noarch                                           
  perl-podlators-1:4.14-478.fc35.noarch                                         
  perl-subs-1.04-486.fc35.noarch                                                
  perl-vars-1.05-486.fc35.noarch                                                
  python3-pygments-2.9.0-2.fc35.noarch                                          
  python3-pyyaml-5.4.1-4.fc35.x86_64                                            

Complete!

>>> 2023-01-26 06:52:15	"'/usr/bin/mock' '-r' 'fedora-35-x86_64' '--plugin-option=tmpfs:keep_mounted=True' '--config-opts=print_main_output=True' '--quiet' '--shell' 'rpm -qa' | sort -V > /home/mockbuilder/aufover-benchmark/workdir-for-sync/rpm-pkgs/libcap-ng-0.8.2-6.fc35/divine/output/debug/rpm-list-mock.txt"

>>> 2023-01-26 06:52:21	"'/usr/bin/mock' '-r' 'fedora-35-x86_64' '--plugin-option=tmpfs:keep_mounted=True' '--config-opts=print_main_output=True' '--quiet' '--shell' 'rpm -qa --provides' | sort -V > /tmp/csmock4pz69wsk/rpm-list-mock-provides.txt"

>>> 2023-01-26 06:52:27	"/usr/bin/mock" "-r" "fedora-35-x86_64" "--plugin-option=tmpfs:keep_mounted=True" "--config-opts=print_main_output=True" "--quiet" "--copyin" "/tmp/csmock4pz69wsk/libcap-ng-0.8.2-6.fc35.src.rpm" "/builddir/libcap-ng-0.8.2-6.fc35.src.rpm"

>>> 2023-01-26 06:52:32	"/usr/bin/mock" "-r" "fedora-35-x86_64" "--plugin-option=tmpfs:keep_mounted=True" "--config-opts=print_main_output=True" "--quiet" "--chroot" "chown mockbuild -R /builddir"

>>> 2023-01-26 06:52:37	"/usr/bin/mock" "-r" "fedora-35-x86_64" "--plugin-option=tmpfs:keep_mounted=True" "--config-opts=print_main_output=True" "--quiet" "--chroot" "/bin/su mockbuild -l -c \"rpm -Uvh --nodeps '/builddir/libcap-ng-0.8.2-6.fc35.src.rpm'\""
Updating / installing...
libcap-ng-0.8.2-6.fc35                ########################################

>>> 2023-01-26 06:52:43	"/usr/bin/mock" "-r" "fedora-35-x86_64" "--plugin-option=tmpfs:keep_mounted=True" "--config-opts=print_main_output=True" "--quiet" "--chroot" "/bin/su mockbuild -l -c \"sed -e 's|^ExclusiveArch:.*\\\$||' -i /builddir/build/SPECS/libcap-ng.spec\""

>>> 2023-01-26 06:52:49	"/usr/bin/mock" "-r" "fedora-35-x86_64" "--plugin-option=tmpfs:keep_mounted=True" "--config-opts=print_main_output=True" "--quiet" "--chroot" "/bin/su mockbuild -l -c \"rpmbuild -bs --nodeps /builddir/build/SPECS/libcap-ng.spec '--define' '_unpackaged_files_terminate_build 0' '--define' 'apidocs 0' '--define' 'with_publican 0' '--without' 'docs' '--without' 'langpacks' '--define' '__cc dioscc' '--define' '__cxx diosc++' '--define' '__cpp dioscc -E' '--define' 'toolchain clang' '--define' 'optflags -O0' '--define' 'build_ldflags -O0' && sh -c 'cd /builddir/build/SRPMS && eval mv -v *.src.rpm /builddir/libcap-ng-0.8.2-6.fc35.src.rpm || :'\""
setting SOURCE_DATE_EPOCH=1626912000
Wrote: /builddir/build/SRPMS/libcap-ng-0.8.2-6.fc35.src.rpm
renamed 'libcap-ng-0.8.2-6.fc35.src.rpm' -> '/builddir/libcap-ng-0.8.2-6.fc35.src.rpm'

>>> 2023-01-26 06:52:55	"/usr/bin/mock" "-r" "fedora-35-x86_64" "--plugin-option=tmpfs:keep_mounted=True" "--config-opts=print_main_output=True" "--quiet" "--disable-plugin=selinux" "--copyout" "/builddir/libcap-ng-0.8.2-6.fc35.src.rpm" "/tmp/csmock4pz69wsk/libcap-ng-0.8.2-6.fc35.src.rpm"

>>> 2023-01-26 06:53:01	"/usr/bin/mock" "-r" "fedora-35-x86_64" "--plugin-option=tmpfs:keep_mounted=True" "--config-opts=print_main_output=True" "--quiet" "--installdeps" "/tmp/csmock4pz69wsk/libcap-ng-0.8.2-6.fc35.src.rpm"
No matches found for the following disable plugin patterns: local, spacewalk, versionlock
fedora                   [===                 ] ---  B/s |   0  B     --:-- ETAfedora                                           30 kB/s | 4.5 kB     00:00    
updates                  [===                 ] ---  B/s |   0  B     --:-- ETAupdates                                         9.2 kB/s | 2.8 kB     00:00    
Package gcc-11.3.1-3.fc35.x86_64 is already installed.
Package kernel-headers-6.0.5-100.fc35.x86_64 is already installed.
Package libattr-devel-2.5.1-3.fc35.x86_64 is already installed.
Package make-1:4.3-6.fc35.x86_64 is already installed.
Package python3-devel-3.10.8-3.fc35.x86_64 is already installed.
Package swig-4.0.2-10.fc35.x86_64 is already installed.
Dependencies resolved.
Nothing to do.
Complete!

>>> 2023-01-26 06:53:12	"/usr/bin/mock" "-r" "fedora-35-x86_64" "--plugin-option=tmpfs:keep_mounted=True" "--config-opts=print_main_output=True" "--quiet" "--addrepo" "https://download.copr.fedorainfracloud.org/results/@aufover/divine/fedora-\$releasever-\$basearch/" "--install" "divine" "csexec" "gcc"
No matches found for the following disable plugin patterns: local, spacewalk, versionlock
https://download.cop     [===                 ] ---  B/s |   0  B     --:-- ETAhttps://download.copr.fedorainfracloud.org/resu  24 kB/s | 3.3 kB     00:00    
fedora                   [===                 ] ---  B/s |   0  B     --:-- ETAfedora                   [   ===              ] ---  B/s |   0  B     --:-- ETAfedora                   [      ===           ] ---  B/s |   0  B     --:-- ETAfedora                                          6.5 kB/s | 4.5 kB     00:00    
updates                  [         ===        ] ---  B/s |   0  B     --:-- ETAupdates                                          21 kB/s | 2.8 kB     00:00    
Package divine-4.4.2_4_gd47985e0b-14.fc35.x86_64 is already installed.
Package csexec-2.2.2-1.fc35.x86_64 is already installed.
Package gcc-11.3.1-3.fc35.x86_64 is already installed.
Dependencies resolved.
Nothing to do.
Complete!

>>> 2023-01-26 06:53:23	"'/usr/bin/mock' '-r' 'fedora-35-x86_64' '--plugin-option=tmpfs:keep_mounted=True' '--config-opts=print_main_output=True' '--quiet' '--shell' 'rpm -qa' | sort -V > /home/mockbuilder/aufover-benchmark/workdir-for-sync/rpm-pkgs/libcap-ng-0.8.2-6.fc35/divine/output/debug/rpm-list-mock.txt"

>>> 2023-01-26 06:53:29	"'/usr/bin/mock' '-r' 'fedora-35-x86_64' '--plugin-option=tmpfs:keep_mounted=True' '--config-opts=print_main_output=True' '--quiet' '--shell' 'rpm -qa --provides' | sort -V > /tmp/csmock4pz69wsk/rpm-list-mock-provides.txt"

>>> 2023-01-26 06:53:35	"/usr/bin/mock" "-r" "fedora-35-x86_64" "--plugin-option=tmpfs:keep_mounted=True" "--config-opts=print_main_output=True" "--quiet" "--addrepo" "https://download.copr.fedorainfracloud.org/results/@aufover/divine/fedora-\$releasever-\$basearch/" "--install" "csdiff"
No matches found for the following disable plugin patterns: local, spacewalk, versionlock
https://download.cop     [===                 ] ---  B/s |   0  B     --:-- ETAhttps://download.copr.fedorainfracloud.org/resu  30 kB/s | 3.3 kB     00:00    
fedora                   [===                 ] ---  B/s |   0  B     --:-- ETAfedora                                           29 kB/s | 4.5 kB     00:00    
updates                  [   ===              ] ---  B/s |   0  B     --:-- ETAupdates                  [      ===           ] ---  B/s |   0  B     --:-- ETAupdates                                         7.1 kB/s | 2.8 kB     00:00    
Dependencies resolved.
================================================================================
 Package                    Arch        Version              Repository    Size
================================================================================
Installing:
 [1mcsdiff                    [m x86_64      2.7.0-1.fc35         updates      894 k
Installing dependencies:
 [1mboost-filesystem          [m x86_64      1.76.0-5.fc35        updates       58 k
 [1mboost-program-options     [m x86_64      1.76.0-5.fc35        updates      107 k
 [1mboost-system              [m x86_64      1.76.0-5.fc35        updates       14 k

Transaction Summary
================================================================================
Install  4 Packages

Total size: 1.0 M
Installed size: 4.2 M
Downloading Packages:
[SKIPPED] boost-filesystem-1.76.0-5.fc35.x86_64.rpm: Already downloaded        
[SKIPPED] boost-program-options-1.76.0-5.fc35.x86_64.rpm: Already downloaded   
[SKIPPED] boost-system-1.76.0-5.fc35.x86_64.rpm: Already downloaded            
[SKIPPED] csdiff-2.7.0-1.fc35.x86_64.rpm: Already downloaded                   
Running transaction check
Transaction check succeeded.
Running transaction test
Transaction test succeeded.
Running transaction
  Preparing        :  [============                                       ] 1/1  Preparing        :  [=========================                          ] 1/1  Preparing        :  [======================================             ] 1/1  Preparing        :                                                        1/1 
  Installing       : boost-system-1.76.0-5.fc3 [                          ] 1/4  Installing       : boost-system-1.76.0-5.fc3 [=======================   ] 1/4  Installing       : boost-system-1.76.0-5.fc3 [========================= ] 1/4  Installing       : boost-system-1.76.0-5.fc35.x86_64                      1/4 
  Installing       : boost-filesystem-1.76.0-5 [                          ] 2/4  Installing       : boost-filesystem-1.76.0-5 [======                    ] 2/4  Installing       : boost-filesystem-1.76.0-5 [=============             ] 2/4  Installing       : boost-filesystem-1.76.0-5 [====================      ] 2/4  Installing       : boost-filesystem-1.76.0-5 [========================= ] 2/4  Installing       : boost-filesystem-1.76.0-5.fc35.x86_64                  2/4 
  Installing       : boost-program-options-1.7 [                          ] 3/4  Installing       : boost-program-options-1.7 [==                        ] 3/4  Installing       : boost-program-options-1.7 [=====                     ] 3/4  Installing       : boost-program-options-1.7 [========                  ] 3/4  Installing       : boost-program-options-1.7 [===========               ] 3/4  Installing       : boost-program-options-1.7 [==============            ] 3/4  Installing       : boost-program-options-1.7 [=================         ] 3/4  Installing       : boost-program-options-1.7 [====================      ] 3/4  Installing       : boost-program-options-1.7 [=======================   ] 3/4  Installing       : boost-program-options-1.7 [========================= ] 3/4  Installing       : boost-program-options-1.76.0-5.fc35.x86_64             3/4 
  Installing       : csdiff-2.7.0-1.fc35.x86_6 [                          ] 4/4  Installing       : csdiff-2.7.0-1.fc35.x86_6 [=                         ] 4/4  Installing       : csdiff-2.7.0-1.fc35.x86_6 [==                        ] 4/4  Installing       : csdiff-2.7.0-1.fc35.x86_6 [===                       ] 4/4  Installing       : csdiff-2.7.0-1.fc35.x86_6 [====                      ] 4/4  Installing       : csdiff-2.7.0-1.fc35.x86_6 [=====                     ] 4/4  Installing       : csdiff-2.7.0-1.fc35.x86_6 [======                    ] 4/4  Installing       : csdiff-2.7.0-1.fc35.x86_6 [=======                   ] 4/4  Installing       : csdiff-2.7.0-1.fc35.x86_6 [========                  ] 4/4  Installing       : csdiff-2.7.0-1.fc35.x86_6 [=========                 ] 4/4  Installing       : csdiff-2.7.0-1.fc35.x86_6 [==========                ] 4/4  Installing       : csdiff-2.7.0-1.fc35.x86_6 [===========               ] 4/4  Installing       : csdiff-2.7.0-1.fc35.x86_6 [============              ] 4/4  Installing       : csdiff-2.7.0-1.fc35.x86_6 [=============             ] 4/4  Installing       : csdiff-2.7.0-1.fc35.x86_6 [==============            ] 4/4  Installing       : csdiff-2.7.0-1.fc35.x86_6 [===============           ] 4/4  Installing       : csdiff-2.7.0-1.fc35.x86_6 [================          ] 4/4  Installing       : csdiff-2.7.0-1.fc35.x86_6 [=================         ] 4/4  Installing       : csdiff-2.7.0-1.fc35.x86_6 [==================        ] 4/4  Installing       : csdiff-2.7.0-1.fc35.x86_6 [===================       ] 4/4  Installing       : csdiff-2.7.0-1.fc35.x86_6 [====================      ] 4/4  Installing       : csdiff-2.7.0-1.fc35.x86_6 [=====================     ] 4/4  Installing       : csdiff-2.7.0-1.fc35.x86_6 [======================    ] 4/4  Installing       : csdiff-2.7.0-1.fc35.x86_6 [=======================   ] 4/4  Installing       : csdiff-2.7.0-1.fc35.x86_6 [========================  ] 4/4  Installing       : csdiff-2.7.0-1.fc35.x86_6 [========================= ] 4/4  Installing       : csdiff-2.7.0-1.fc35.x86_64                             4/4 
  Running scriptlet: csdiff-2.7.0-1.fc35.x86_64                             4/4 
  Verifying        : boost-filesystem-1.76.0-5.fc35.x86_64                  1/4 
  Verifying        : boost-program-options-1.76.0-5.fc35.x86_64             2/4 
  Verifying        : boost-system-1.76.0-5.fc35.x86_64                      3/4 
  Verifying        : csdiff-2.7.0-1.fc35.x86_64                             4/4 

Installed:
  boost-filesystem-1.76.0-5.fc35.x86_64                                         
  boost-program-options-1.76.0-5.fc35.x86_64                                    
  boost-system-1.76.0-5.fc35.x86_64                                             
  csdiff-2.7.0-1.fc35.x86_64                                                    

Complete!

>>> 2023-01-26 06:53:48	"/usr/bin/mock" "-r" "fedora-35-x86_64" "--plugin-option=tmpfs:keep_mounted=True" "--config-opts=print_main_output=True" "--quiet" "--addrepo" "https://download.copr.fedorainfracloud.org/results/@aufover/divine/fedora-\$releasever-\$basearch/" "--install" "glibc-devel(x86-32)"
No matches found for the following disable plugin patterns: local, spacewalk, versionlock
https://download.cop     [===                 ] ---  B/s |   0  B     --:-- ETAhttps://download.copr.fedorainfracloud.org/resu  27 kB/s | 3.3 kB     00:00    
fedora                   [===                 ] ---  B/s |   0  B     --:-- ETAfedora                   [   ===              ] ---  B/s |   0  B     --:-- ETAfedora                                           14 kB/s | 4.5 kB     00:00    
updates                  [      ===           ] ---  B/s |   0  B     --:-- ETAupdates                  [         ===        ] ---  B/s |   0  B     --:-- ETAupdates                                         8.9 kB/s | 2.8 kB     00:00    
Dependencies resolved.
================================================================================
 Package                  Arch        Version              Repository      Size
================================================================================
Installing:
 [1mglibc-devel             [m i686        2.34-49.fc35         updates         45 k
Installing dependencies:
 [1mglibc                   [m i686        2.34-49.fc35         updates        1.9 M
 [1mglibc-gconv-extra       [m i686        2.34-49.fc35         updates        1.6 M
 [1mlibgcc                  [m i686        11.3.1-3.fc35        updates        127 k
 [1mlibxcrypt               [m i686        4.4.33-3.fc35        updates        125 k
 [1mlibxcrypt-devel         [m i686        4.4.33-3.fc35        updates         30 k

Transaction Summary
================================================================================
Install  6 Packages

Total size: 3.7 M
Installed size: 14 M
Downloading Packages:
[SKIPPED] glibc-2.34-49.fc35.i686.rpm: Already downloaded                      
[SKIPPED] glibc-devel-2.34-49.fc35.i686.rpm: Already downloaded                
[SKIPPED] glibc-gconv-extra-2.34-49.fc35.i686.rpm: Already downloaded          
[SKIPPED] libgcc-11.3.1-3.fc35.i686.rpm: Already downloaded                    
[SKIPPED] libxcrypt-4.4.33-3.fc35.i686.rpm: Already downloaded                 
[SKIPPED] libxcrypt-devel-4.4.33-3.fc35.i686.rpm: Already downloaded           
Running transaction check
Transaction check succeeded.
Running transaction test
Transaction test succeeded.
Running transaction
  Preparing        :  [========                                           ] 1/1  Preparing        :  [================                                   ] 1/1  Preparing        :  [=========================                          ] 1/1  Preparing        :  [=================================                  ] 1/1  Preparing        :  [==========================================         ] 1/1  Preparing        :                                                        1/1 
  Installing       : libgcc-11.3.1-3.fc35.i686 [                          ] 1/6  Installing       : libgcc-11.3.1-3.fc35.i686 [===                       ] 1/6  Installing       : libgcc-11.3.1-3.fc35.i686 [========                  ] 1/6  Installing       : libgcc-11.3.1-3.fc35.i686 [===========               ] 1/6  Installing       : libgcc-11.3.1-3.fc35.i686 [==============            ] 1/6  Installing       : libgcc-11.3.1-3.fc35.i686 [================          ] 1/6  Installing       : libgcc-11.3.1-3.fc35.i686 [====================      ] 1/6  Installing       : libgcc-11.3.1-3.fc35.i686 [========================  ] 1/6  Installing       : libgcc-11.3.1-3.fc35.i686 [========================= ] 1/6  Installing       : libgcc-11.3.1-3.fc35.i686                              1/6 
  Running scriptlet: libgcc-11.3.1-3.fc35.i686                              1/6 
  Installing       : glibc-gconv-extra-2.34-49 [                          ] 2/6  Installing       : glibc-gconv-extra-2.34-49 [=                         ] 2/6  Installing       : glibc-gconv-extra-2.34-49 [==                        ] 2/6  Installing       : glibc-gconv-extra-2.34-49 [===                       ] 2/6  Installing       : glibc-gconv-extra-2.34-49 [====                      ] 2/6  Installing       : glibc-gconv-extra-2.34-49 [=====                     ] 2/6  Installing       : glibc-gconv-extra-2.34-49 [======                    ] 2/6  Installing       : glibc-gconv-extra-2.34-49 [=======                   ] 2/6  Installing       : glibc-gconv-extra-2.34-49 [========                  ] 2/6  Installing       : glibc-gconv-extra-2.34-49 [=========                 ] 2/6  Installing       : glibc-gconv-extra-2.34-49 [==========                ] 2/6  Installing       : glibc-gconv-extra-2.34-49 [===========               ] 2/6  Installing       : glibc-gconv-extra-2.34-49 [============              ] 2/6  Installing       : glibc-gconv-extra-2.34-49 [=============             ] 2/6  Installing       : glibc-gconv-extra-2.34-49 [==============            ] 2/6  Installing       : glibc-gconv-extra-2.34-49 [===============           ] 2/6  Installing       : glibc-gconv-extra-2.34-49 [================          ] 2/6  Installing       : glibc-gconv-extra-2.34-49 [=================         ] 2/6  Installing       : glibc-gconv-extra-2.34-49 [==================        ] 2/6  Installing       : glibc-gconv-extra-2.34-49 [===================       ] 2/6  Installing       : glibc-gconv-extra-2.34-49 [====================      ] 2/6  Installing       : glibc-gconv-extra-2.34-49 [=====================     ] 2/6  Installing       : glibc-gconv-extra-2.34-49 [======================    ] 2/6  Installing       : glibc-gconv-extra-2.34-49 [=======================   ] 2/6  Installing       : glibc-gconv-extra-2.34-49 [========================  ] 2/6  Installing       : glibc-gconv-extra-2.34-49 [========================= ] 2/6  Installing       : glibc-gconv-extra-2.34-49.fc35.i686                    2/6 
  Running scriptlet: glibc-gconv-extra-2.34-49.fc35.i686                    2/6 
  Running scriptlet: glibc-2.34-49.fc35.i686                                3/6 
  Installing       : glibc-2.34-49.fc35.i686 [                            ] 3/6  Installing       : glibc-2.34-49.fc35.i686 [=                           ] 3/6  Installing       : glibc-2.34-49.fc35.i686 [==                          ] 3/6  Installing       : glibc-2.34-49.fc35.i686 [===                         ] 3/6  Installing       : glibc-2.34-49.fc35.i686 [====                        ] 3/6  Installing       : glibc-2.34-49.fc35.i686 [=====                       ] 3/6  Installing       : glibc-2.34-49.fc35.i686 [======                      ] 3/6  Installing       : glibc-2.34-49.fc35.i686 [=======                     ] 3/6  Installing       : glibc-2.34-49.fc35.i686 [========                    ] 3/6  Installing       : glibc-2.34-49.fc35.i686 [=========                   ] 3/6  Installing       : glibc-2.34-49.fc35.i686 [==========                  ] 3/6  Installing       : glibc-2.34-49.fc35.i686 [===========                 ] 3/6  Installing       : glibc-2.34-49.fc35.i686 [============                ] 3/6  Installing       : glibc-2.34-49.fc35.i686 [=============               ] 3/6  Installing       : glibc-2.34-49.fc35.i686 [==============              ] 3/6  Installing       : glibc-2.34-49.fc35.i686 [===============             ] 3/6  Installing       : glibc-2.34-49.fc35.i686 [================            ] 3/6  Installing       : glibc-2.34-49.fc35.i686 [=================           ] 3/6  Installing       : glibc-2.34-49.fc35.i686 [==================          ] 3/6  Installing       : glibc-2.34-49.fc35.i686 [===================         ] 3/6  Installing       : glibc-2.34-49.fc35.i686 [====================        ] 3/6  Installing       : glibc-2.34-49.fc35.i686 [=====================       ] 3/6  Installing       : glibc-2.34-49.fc35.i686 [==========================  ] 3/6  Installing       : glibc-2.34-49.fc35.i686 [=========================== ] 3/6  Installing       : glibc-2.34-49.fc35.i686                                3/6 
  Running scriptlet: glibc-2.34-49.fc35.i686                                3/6 
  Installing       : libxcrypt-4.4.33-3.fc35.i [                          ] 4/6  Installing       : libxcrypt-4.4.33-3.fc35.i [==                        ] 4/6  Installing       : libxcrypt-4.4.33-3.fc35.i [=====                     ] 4/6  Installing       : libxcrypt-4.4.33-3.fc35.i [========                  ] 4/6  Installing       : libxcrypt-4.4.33-3.fc35.i [===========               ] 4/6  Installing       : libxcrypt-4.4.33-3.fc35.i [==============            ] 4/6  Installing       : libxcrypt-4.4.33-3.fc35.i [=================         ] 4/6  Installing       : libxcrypt-4.4.33-3.fc35.i [==================        ] 4/6  Installing       : libxcrypt-4.4.33-3.fc35.i [=====================     ] 4/6  Installing       : libxcrypt-4.4.33-3.fc35.i [======================    ] 4/6  Installing       : libxcrypt-4.4.33-3.fc35.i [========================  ] 4/6  Installing       : libxcrypt-4.4.33-3.fc35.i [========================= ] 4/6  Installing       : libxcrypt-4.4.33-3.fc35.i686                           4/6 
  Installing       : glibc-devel-2.34-49.fc35. [                          ] 5/6  Installing       : glibc-devel-2.34-49.fc35. [=                         ] 5/6  Installing       : glibc-devel-2.34-49.fc35. [====                      ] 5/6  Installing       : glibc-devel-2.34-49.fc35. [========                  ] 5/6  Installing       : glibc-devel-2.34-49.fc35. [=============             ] 5/6  Installing       : glibc-devel-2.34-49.fc35. [=================         ] 5/6  Installing       : glibc-devel-2.34-49.fc35. [===================       ] 5/6  Installing       : glibc-devel-2.34-49.fc35. [====================      ] 5/6  Installing       : glibc-devel-2.34-49.fc35. [=====================     ] 5/6  Installing       : glibc-devel-2.34-49.fc35. [=======================   ] 5/6  Installing       : glibc-devel-2.34-49.fc35. [========================= ] 5/6  Installing       : glibc-devel-2.34-49.fc35.i686                          5/6 
  Installing       : libxcrypt-devel-4.4.33-3. [                          ] 6/6  Installing       : libxcrypt-devel-4.4.33-3. [========                  ] 6/6  Installing       : libxcrypt-devel-4.4.33-3. [=========                 ] 6/6  Installing       : libxcrypt-devel-4.4.33-3. [==============            ] 6/6  Installing       : libxcrypt-devel-4.4.33-3. [=================         ] 6/6  Installing       : libxcrypt-devel-4.4.33-3. [=====================     ] 6/6  Installing       : libxcrypt-devel-4.4.33-3. [======================    ] 6/6  Installing       : libxcrypt-devel-4.4.33-3. [========================  ] 6/6  Installing       : libxcrypt-devel-4.4.33-3. [========================= ] 6/6  Installing       : libxcrypt-devel-4.4.33-3.fc35.i686                     6/6 
  Running scriptlet: libxcrypt-devel-4.4.33-3.fc35.i686                     6/6 
  Verifying        : glibc-2.34-49.fc35.i686                                1/6 
  Verifying        : glibc-devel-2.34-49.fc35.i686                          2/6 
  Verifying        : glibc-gconv-extra-2.34-49.fc35.i686                    3/6 
  Verifying        : libgcc-11.3.1-3.fc35.i686                              4/6 
  Verifying        : libxcrypt-4.4.33-3.fc35.i686                           5/6 
  Verifying        : libxcrypt-devel-4.4.33-3.fc35.i686                     6/6 

Installed:
  glibc-2.34-49.fc35.i686                 glibc-devel-2.34-49.fc35.i686         
  glibc-gconv-extra-2.34-49.fc35.i686     libgcc-11.3.1-3.fc35.i686             
  libxcrypt-4.4.33-3.fc35.i686            libxcrypt-devel-4.4.33-3.fc35.i686    

Complete!

>>> 2023-01-26 06:54:05	"'/usr/bin/mock' '-r' 'fedora-35-x86_64' '--plugin-option=tmpfs:keep_mounted=True' '--config-opts=print_main_output=True' '--quiet' '--shell' 'rpm -qa' | sort -V > /home/mockbuilder/aufover-benchmark/workdir-for-sync/rpm-pkgs/libcap-ng-0.8.2-6.fc35/divine/output/debug/rpm-list-mock.txt"

>>> 2023-01-26 06:54:10	"'/usr/bin/mock' '-r' 'fedora-35-x86_64' '--plugin-option=tmpfs:keep_mounted=True' '--config-opts=print_main_output=True' '--quiet' '--shell' 'rpm -qa --provides' | sort -V > /tmp/csmock4pz69wsk/rpm-list-mock-provides.txt"

>>> 2023-01-26 06:54:16	"tar -cP '/usr/share/csmock/scripts' '/usr/bin/cswrap' '/usr/lib64/cswrap' '/tmp/csmock4pz69wsk/libcap-ng-0.8.2-6.fc35.src.rpm' | '/usr/bin/mock' '-r' 'fedora-35-x86_64' '--plugin-option=tmpfs:keep_mounted=True' '--config-opts=print_main_output=True' '--quiet' '--shell' 'tar -xC/'"
tar: Removing leading `/' from member names

scan.ini: analyzer-version-divine = 4.4.2_4_gd47985e0b
>>> 2023-01-26 06:54:22	"/usr/bin/mock" "-r" "fedora-35-x86_64" "--plugin-option=tmpfs:keep_mounted=True" "--config-opts=print_main_output=True" "--quiet" "--chroot" "/bin/su mockbuild -l -c \"mkdir -pv '/builddir/divine-capture'\""
mkdir: created directory '/builddir/divine-capture'

scan.ini: analyzer-version-gcc = 11.3.1
>>> 2023-01-26 06:54:27	"/usr/bin/mock" "-r" "fedora-35-x86_64" "--plugin-option=tmpfs:keep_mounted=True" "--config-opts=print_main_output=True" "--quiet" "--chroot" "rpm -Uvh --nodeps '/tmp/csmock4pz69wsk/libcap-ng-0.8.2-6.fc35.src.rpm'"
Updating / installing...
libcap-ng-0.8.2-6.fc35                ########################################

>>> 2023-01-26 06:54:33	"/usr/bin/mock" "-r" "fedora-35-x86_64" "--plugin-option=tmpfs:keep_mounted=True" "--config-opts=print_main_output=True" "--quiet" "--chroot" "chmod -R +r /builddir"

>>> 2023-01-26 06:54:38	"/usr/bin/mock" "-r" "fedora-35-x86_64" "--plugin-option=tmpfs:keep_mounted=True" "--config-opts=print_main_output=True" "--quiet" "--chroot" "ln -fv '/usr/share/csmock/scripts/enable-keep-going.sh' '/usr/share/csmock/scripts/chroot-fixups'"
'/usr/share/csmock/scripts/chroot-fixups/enable-keep-going.sh' => '/usr/share/csmock/scripts/enable-keep-going.sh'

>>> 2023-01-26 06:54:44	"/usr/bin/mock" "-r" "fedora-35-x86_64" "--plugin-option=tmpfs:keep_mounted=True" "--config-opts=print_main_output=True" "--quiet" "--shell" "for i in /usr/share/csmock/scripts/chroot-fixups/*; do test -x \$i && echo RUN: \$i >&2 && \$i; done"
RUN: /usr/share/csmock/scripts/chroot-fixups/enable-keep-going.sh
renamed '/usr/bin/make' -> '/usr/bin/make.orig'
+ ls -l /usr/bin/make
-rwxr-xr-x. 1 root root 42 Jan 26 06:54 /usr/bin/make
+ cat /usr/bin/make
#!/bin/sh
exec /usr/bin/make.orig -k "$@"
RUN: /usr/share/csmock/scripts/chroot-fixups/gdk-pixbuf2-triggers.sh
RUN: /usr/share/csmock/scripts/chroot-fixups/glib2-triggers.sh
RUN: /usr/share/csmock/scripts/chroot-fixups/kpathsea-texhash.sh
RUN: /usr/share/csmock/scripts/chroot-fixups/openssl-public-header-files.sh
RUN: /usr/share/csmock/scripts/chroot-fixups/qt5-core-abi.sh
RUN: /usr/share/csmock/scripts/chroot-fixups/rpm-build-scripts.sh
+ sed -e s/fail=1/fail=0/ -i /usr/lib/rpm/redhat/brp-mangle-shebangs
'/usr/lib/rpm/brp-strip-static-archive' -> '/bin/true'
RUN: /usr/share/csmock/scripts/chroot-fixups/rpm-macros.sh
+ sed -e 's|> */dev/stderr|>\&2|' -i /usr/lib/rpm/macros.d/macros.pyproject
RUN: /usr/share/csmock/scripts/chroot-fixups/rpm-python-extras.sh
+ sed -e 's|print(.*PYTHON_EXTRAS_NOT_FOUND_ERROR.*) *$|continue|' -i /usr/lib/rpm/pythondistdeps.py
RUN: /usr/share/csmock/scripts/chroot-fixups/shared-mime-info-triggers.sh
RUN: /usr/share/csmock/scripts/chroot-fixups/symbiotic-timeout.sh

>>> 2023-01-26 06:54:50	"/usr/bin/mock" "-r" "fedora-35-x86_64" "--plugin-option=tmpfs:keep_mounted=True" "--config-opts=print_main_output=True" "--chroot" "/bin/su mockbuild -l -c \"rpmbuild -bp --nodeps /builddir/build/SPECS/libcap-ng.spec '--define' '_unpackaged_files_terminate_build 0' '--define' 'apidocs 0' '--define' 'with_publican 0' '--without' 'docs' '--without' 'langpacks' '--define' '__cc dioscc' '--define' '__cxx diosc++' '--define' '__cpp dioscc -E' '--define' 'toolchain clang' '--define' 'optflags -O0' '--define' 'build_ldflags -O0'\""
INFO: mock.py version 3.5 starting (python version = 3.10.9, NVR = mock-3.5-1.fc36)...
Start(bootstrap): init plugins
INFO: selinux enabled
Finish(bootstrap): init plugins
Start: init plugins
INFO: selinux enabled
Finish: init plugins
INFO: Signal handler active
Start: run
Start(bootstrap): chroot init
INFO: calling preinit hooks
INFO: enabled root cache
INFO: enabled package manager cache
Start(bootstrap): cleaning package manager metadata
Finish(bootstrap): cleaning package manager metadata
INFO: enabled HW Info plugin
Mock Version: 3.5
INFO: Mock Version: 3.5
Finish(bootstrap): chroot init
Start: chroot init
INFO: calling preinit hooks
INFO: enabled root cache
INFO: enabled package manager cache
Start: cleaning package manager metadata
Finish: cleaning package manager metadata
INFO: enabled HW Info plugin
Mock Version: 3.5
INFO: Mock Version: 3.5
Finish: chroot init
INFO: Running in chroot: ['/bin/su mockbuild -l -c "rpmbuild -bp --nodeps /builddir/build/SPECS/libcap-ng.spec \'--define\' \'_unpackaged_files_terminate_build 0\' \'--define\' \'apidocs 0\' \'--define\' \'with_publican 0\' \'--without\' \'docs\' \'--without\' \'langpacks\' \'--define\' \'__cc dioscc\' \'--define\' \'__cxx diosc++\' \'--define\' \'__cpp dioscc -E\' \'--define\' \'toolchain clang\' \'--define\' \'optflags -O0\' \'--define\' \'build_ldflags -O0\'"']
Start: chroot ['/bin/su mockbuild -l -c "rpmbuild -bp --nodeps /builddir/build/SPECS/libcap-ng.spec \'--define\' \'_unpackaged_files_terminate_build 0\' \'--define\' \'apidocs 0\' \'--define\' \'with_publican 0\' \'--without\' \'docs\' \'--without\' \'langpacks\' \'--define\' \'__cc dioscc\' \'--define\' \'__cxx diosc++\' \'--define\' \'__cpp dioscc -E\' \'--define\' \'toolchain clang\' \'--define\' \'optflags -O0\' \'--define\' \'build_ldflags -O0\'"']
setting SOURCE_DATE_EPOCH=1626912000
Executing(%prep): /bin/sh -e /var/tmp/rpm-tmp.SbpqSf
+ umask 022
+ cd /builddir/build/BUILD
+ cd /builddir/build/BUILD
+ rm -rf libcap-ng-0.8.2
+ /usr/bin/gzip -dc /builddir/build/SOURCES/libcap-ng-0.8.2.tar.gz
+ /usr/bin/tar -xof -
+ STATUS=0
+ '[' 0 -ne 0 ']'
+ cd libcap-ng-0.8.2
+ /usr/bin/chmod -Rf a+rX,u+w,g-w,o-w .
+ echo 'Patch #1 (libcap-ng-0.8.2-apply-disable.patch):'
Patch #1 (libcap-ng-0.8.2-apply-disable.patch):
+ /usr/bin/patch --no-backup-if-mismatch -f -p1 --fuzz=0
patching file src/cap-ng.c
+ RPM_EC=0
++ jobs -p
+ exit 0
Finish: chroot ['/bin/su mockbuild -l -c "rpmbuild -bp --nodeps /builddir/build/SPECS/libcap-ng.spec \'--define\' \'_unpackaged_files_terminate_build 0\' \'--define\' \'apidocs 0\' \'--define\' \'with_publican 0\' \'--without\' \'docs\' \'--without\' \'langpacks\' \'--define\' \'__cc dioscc\' \'--define\' \'__cxx diosc++\' \'--define\' \'__cpp dioscc -E\' \'--define\' \'toolchain clang\' \'--define\' \'optflags -O0\' \'--define\' \'build_ldflags -O0\'"']

>>> 2023-01-26 06:54:55	"/usr/bin/mock" "-r" "fedora-35-x86_64" "--plugin-option=tmpfs:keep_mounted=True" "--config-opts=print_main_output=True" "--quiet" "--chroot" "chmod -R +r /builddir/build"

>>> 2023-01-26 06:55:01	"/usr/bin/mock" "-r" "fedora-35-x86_64" "--plugin-option=tmpfs:keep_mounted=True" "--config-opts=print_main_output=True" "--chroot" "/bin/su mockbuild -l -c \"PATH=/usr/lib64/cswrap:\\\$PATH CSWRAP_CAP_FILE=\\\$'/builddir/cswrap-capture.err' CSWRAP_TIMEOUT=\\\$'30' CSWRAP_TIMEOUT_FOR=\\\$':' CC=\\\$'dioscc' CXX=\\\$'diosc++' CSEXEC_WRAP_CMD=\\\$'--skip-ld-linux\\\\a/usr/bin/csexec-divine\\\\a-l\\\\a/builddir/divine-capture\\\\a-d\\\\acheck --lart stubs -o ignore:notimplemented -o ignore:exit --max-time 8 ' CSWRAP_ADD_CFLAGS=\\\$'-Wno-unknown-pragmas:-Wno-unknown-warning-option:-O0:-g:-Wl,--dynamic-linker,/usr/bin/csexec-loader:-Wno-unknown-pragmas:-Wl,--dynamic-linker,/usr/bin/csexec-loader' CSWRAP_DEL_CFLAGS=\\\$'-Werror*:-fdiagnostics-color*:-no-canonical-prefixes:-Wno-error=deprecated-register:-O1:-O2:-O3:-Os:-Ofast:-Og:-Werror*:-fdiagnostics-color*:-no-canonical-prefixes:-Wno-error=deprecated-register' CSWRAP_ADD_CXXFLAGS=\\\$'-Wno-unknown-warning-option:-O0:-g:-Wl,--dynamic-linker,/usr/bin/csexec-loader:-Wl,--dynamic-linker,/usr/bin/csexec-loader' CSWRAP_DEL_CXXFLAGS=\\\$'-Werror*:-fdiagnostics-color*:-no-canonical-prefixes:-Wno-error=deprecated-register:-O1:-O2:-O3:-Os:-Ofast:-Og:-Werror*:-fdiagnostics-color*:-no-canonical-prefixes:-Wno-error=deprecated-register' sh -c \\\"rpmbuild -bc --nodeps --short-circuit /builddir/build/SPECS/libcap-ng.spec '--define' '_unpackaged_files_terminate_build 0' '--define' 'apidocs 0' '--define' 'with_publican 0' '--without' 'docs' '--without' 'langpacks' '--define' '__cc dioscc' '--define' '__cxx diosc++' '--define' '__cpp dioscc -E' '--define' 'toolchain clang' '--define' 'optflags -O0' '--define' 'build_ldflags -O0'\\\"\""
INFO: mock.py version 3.5 starting (python version = 3.10.9, NVR = mock-3.5-1.fc36)...
Start(bootstrap): init plugins
INFO: selinux enabled
Finish(bootstrap): init plugins
Start: init plugins
INFO: selinux enabled
Finish: init plugins
INFO: Signal handler active
Start: run
Start(bootstrap): chroot init
INFO: calling preinit hooks
INFO: enabled root cache
INFO: enabled package manager cache
Start(bootstrap): cleaning package manager metadata
Finish(bootstrap): cleaning package manager metadata
INFO: enabled HW Info plugin
Mock Version: 3.5
INFO: Mock Version: 3.5
Finish(bootstrap): chroot init
Start: chroot init
INFO: calling preinit hooks
INFO: enabled root cache
INFO: enabled package manager cache
Start: cleaning package manager metadata
Finish: cleaning package manager metadata
INFO: enabled HW Info plugin
Mock Version: 3.5
INFO: Mock Version: 3.5
Finish: chroot init
INFO: Running in chroot: ['/bin/su mockbuild -l -c "PATH=/usr/lib64/cswrap:\\$PATH CSWRAP_CAP_FILE=\\$\'/builddir/cswrap-capture.err\' CSWRAP_TIMEOUT=\\$\'30\' CSWRAP_TIMEOUT_FOR=\\$\':\' CC=\\$\'dioscc\' CXX=\\$\'diosc++\' CSEXEC_WRAP_CMD=\\$\'--skip-ld-linux\\\\a/usr/bin/csexec-divine\\\\a-l\\\\a/builddir/divine-capture\\\\a-d\\\\acheck --lart stubs -o ignore:notimplemented -o ignore:exit --max-time 8 \' CSWRAP_ADD_CFLAGS=\\$\'-Wno-unknown-pragmas:-Wno-unknown-warning-option:-O0:-g:-Wl,--dynamic-linker,/usr/bin/csexec-loader:-Wno-unknown-pragmas:-Wl,--dynamic-linker,/usr/bin/csexec-loader\' CSWRAP_DEL_CFLAGS=\\$\'-Werror*:-fdiagnostics-color*:-no-canonical-prefixes:-Wno-error=deprecated-register:-O1:-O2:-O3:-Os:-Ofast:-Og:-Werror*:-fdiagnostics-color*:-no-canonical-prefixes:-Wno-error=deprecated-register\' CSWRAP_ADD_CXXFLAGS=\\$\'-Wno-unknown-warning-option:-O0:-g:-Wl,--dynamic-linker,/usr/bin/csexec-loader:-Wl,--dynamic-linker,/usr/bin/csexec-loader\' CSWRAP_DEL_CXXFLAGS=\\$\'-Werror*:-fdiagnostics-color*:-no-canonical-prefixes:-Wno-error=deprecated-register:-O1:-O2:-O3:-Os:-Ofast:-Og:-Werror*:-fdiagnostics-color*:-no-canonical-prefixes:-Wno-error=deprecated-register\' sh -c \\"rpmbuild -bc --nodeps --short-circuit /builddir/build/SPECS/libcap-ng.spec \'--define\' \'_unpackaged_files_terminate_build 0\' \'--define\' \'apidocs 0\' \'--define\' \'with_publican 0\' \'--without\' \'docs\' \'--without\' \'langpacks\' \'--define\' \'__cc dioscc\' \'--define\' \'__cxx diosc++\' \'--define\' \'__cpp dioscc -E\' \'--define\' \'toolchain clang\' \'--define\' \'optflags -O0\' \'--define\' \'build_ldflags -O0\'\\""']
Start: chroot ['/bin/su mockbuild -l -c "PATH=/usr/lib64/cswrap:\\$PATH CSWRAP_CAP_FILE=\\$\'/builddir/cswrap-capture.err\' CSWRAP_TIMEOUT=\\$\'30\' CSWRAP_TIMEOUT_FOR=\\$\':\' CC=\\$\'dioscc\' CXX=\\$\'diosc++\' CSEXEC_WRAP_CMD=\\$\'--skip-ld-linux\\\\a/usr/bin/csexec-divine\\\\a-l\\\\a/builddir/divine-capture\\\\a-d\\\\acheck --lart stubs -o ignore:notimplemented -o ignore:exit --max-time 8 \' CSWRAP_ADD_CFLAGS=\\$\'-Wno-unknown-pragmas:-Wno-unknown-warning-option:-O0:-g:-Wl,--dynamic-linker,/usr/bin/csexec-loader:-Wno-unknown-pragmas:-Wl,--dynamic-linker,/usr/bin/csexec-loader\' CSWRAP_DEL_CFLAGS=\\$\'-Werror*:-fdiagnostics-color*:-no-canonical-prefixes:-Wno-error=deprecated-register:-O1:-O2:-O3:-Os:-Ofast:-Og:-Werror*:-fdiagnostics-color*:-no-canonical-prefixes:-Wno-error=deprecated-register\' CSWRAP_ADD_CXXFLAGS=\\$\'-Wno-unknown-warning-option:-O0:-g:-Wl,--dynamic-linker,/usr/bin/csexec-loader:-Wl,--dynamic-linker,/usr/bin/csexec-loader\' CSWRAP_DEL_CXXFLAGS=\\$\'-Werror*:-fdiagnostics-color*:-no-canonical-prefixes:-Wno-error=deprecated-register:-O1:-O2:-O3:-Os:-Ofast:-Og:-Werror*:-fdiagnostics-color*:-no-canonical-prefixes:-Wno-error=deprecated-register\' sh -c \\"rpmbuild -bc --nodeps --short-circuit /builddir/build/SPECS/libcap-ng.spec \'--define\' \'_unpackaged_files_terminate_build 0\' \'--define\' \'apidocs 0\' \'--define\' \'with_publican 0\' \'--without\' \'docs\' \'--without\' \'langpacks\' \'--define\' \'__cc dioscc\' \'--define\' \'__cxx diosc++\' \'--define\' \'__cpp dioscc -E\' \'--define\' \'toolchain clang\' \'--define\' \'optflags -O0\' \'--define\' \'build_ldflags -O0\'\\""']
setting SOURCE_DATE_EPOCH=1626912000
Executing(%build): /bin/sh -e /var/tmp/rpm-tmp.ysAcH5
+ umask 022
+ cd /builddir/build/BUILD
+ cd libcap-ng-0.8.2
+ CFLAGS=-O0
+ export CFLAGS
+ CXXFLAGS=-O0
+ export CXXFLAGS
+ FFLAGS='-O0 -I/usr/lib64/gfortran/modules'
+ export FFLAGS
+ FCFLAGS='-O0 -I/usr/lib64/gfortran/modules'
+ export FCFLAGS
+ LDFLAGS=-O0
+ export LDFLAGS
+ LT_SYS_LIBRARY_PATH=/usr/lib64:
+ export LT_SYS_LIBRARY_PATH
+ CC=dioscc
+ export CC
+ CXX=diosc++
+ export CXX
+ '[' -fltox '!=' x ']'
++ find . -type f -name configure -print
+ for file in $(find . -type f -name configure -print)
+ /usr/bin/sed -r --in-place=.backup 's/^char \(\*f\) \(\) = /__attribute__ ((used)) char (*f) () = /g' ./configure
+ diff -u ./configure.backup ./configure
+ mv ./configure.backup ./configure
+ /usr/bin/sed -r --in-place=.backup 's/^char \(\*f\) \(\);/__attribute__ ((used)) char (*f) ();/g' ./configure
+ diff -u ./configure.backup ./configure
+ mv ./configure.backup ./configure
+ /usr/bin/sed -r --in-place=.backup 's/^char \$2 \(\);/__attribute__ ((used)) char \$2 ();/g' ./configure
+ diff -u ./configure.backup ./configure
--- ./configure.backup	2020-12-09 13:52:11.000000000 -0500
+++ ./configure	2023-01-26 06:55:06.690592608 -0500
@@ -1782,7 +1782,7 @@
 #ifdef __cplusplus
 extern "C"
 #endif
-char $2 ();
+__attribute__ ((used)) char $2 ();
 /* The GNU C library defines this for functions which it implements
     to always fail with ENOSYS.  Some functions are actually named
     something starting with __ and the normal name is an alias.  */
+ /usr/bin/sed --in-place=.backup '1{$!N;$!N};$!N;s/int x = 1;\nint y = 0;\nint z;\nint nan;/volatile int x = 1; volatile int y = 0; volatile int z, nan;/;P;D' ./configure
+ diff -u ./configure.backup ./configure
+ mv ./configure.backup ./configure
+ /usr/bin/sed --in-place=.backup 's#^lt_cv_sys_global_symbol_to_cdecl=.*#lt_cv_sys_global_symbol_to_cdecl="sed -n -e '\''s/^T .* \\(.*\\)$/extern int \\1();/p'\'' -e '\''s/^$symcode* .* \\(.*\\)$/extern char \\1;/p'\''"#' ./configure
+ diff -u ./configure.backup ./configure
--- ./configure.backup	2023-01-26 06:55:06.690592608 -0500
+++ ./configure	2023-01-26 06:55:06.744591852 -0500
@@ -6079,7 +6079,7 @@
 # Transform an extracted symbol line into a proper C declaration.
 # Some systems (esp. on ia64) link data and code symbols differently,
 # so use this general approach.
-lt_cv_sys_global_symbol_to_cdecl="sed -n"\
+lt_cv_sys_global_symbol_to_cdecl="sed -n -e 's/^T .* \(.*\)$/extern int \1();/p' -e 's/^$symcode* .* \(.*\)$/extern char \1;/p'"
 $lt_cdecl_hook\
 " -e 's/^T .* \(.*\)$/extern int \1();/p'"\
 " -e 's/^$symcode$symcode* .* \(.*\)$/extern char \1;/p'"
@@ -14760,7 +14760,7 @@
 compiler='`$ECHO "$compiler" | $SED "$delay_single_quote_subst"`'
 GCC='`$ECHO "$GCC" | $SED "$delay_single_quote_subst"`'
 lt_cv_sys_global_symbol_pipe='`$ECHO "$lt_cv_sys_global_symbol_pipe" | $SED "$delay_single_quote_subst"`'
-lt_cv_sys_global_symbol_to_cdecl='`$ECHO "$lt_cv_sys_global_symbol_to_cdecl" | $SED "$delay_single_quote_subst"`'
+lt_cv_sys_global_symbol_to_cdecl="sed -n -e 's/^T .* \(.*\)$/extern int \1();/p' -e 's/^$symcode* .* \(.*\)$/extern char \1;/p'"
 lt_cv_sys_global_symbol_to_import='`$ECHO "$lt_cv_sys_global_symbol_to_import" | $SED "$delay_single_quote_subst"`'
 lt_cv_sys_global_symbol_to_c_name_address='`$ECHO "$lt_cv_sys_global_symbol_to_c_name_address" | $SED "$delay_single_quote_subst"`'
 lt_cv_sys_global_symbol_to_c_name_address_lib_prefix='`$ECHO "$lt_cv_sys_global_symbol_to_c_name_address_lib_prefix" | $SED "$delay_single_quote_subst"`'
+ '[' 1 = 1 ']'
+++ dirname ./configure
++ find . -name config.guess -o -name config.sub
+ for i in $(find $(dirname ./configure) -name config.guess -o -name config.sub)
++ basename ./config.guess
+ '[' -f /usr/lib/rpm/redhat/config.guess ']'
+ /usr/bin/rm -f ./config.guess
++ basename ./config.guess
+ /usr/bin/cp -fv /usr/lib/rpm/redhat/config.guess ./config.guess
'/usr/lib/rpm/redhat/config.guess' -> './config.guess'
+ for i in $(find $(dirname ./configure) -name config.guess -o -name config.sub)
++ basename ./config.sub
+ '[' -f /usr/lib/rpm/redhat/config.sub ']'
+ /usr/bin/rm -f ./config.sub
++ basename ./config.sub
+ /usr/bin/cp -fv /usr/lib/rpm/redhat/config.sub ./config.sub
'/usr/lib/rpm/redhat/config.sub' -> './config.sub'
+ '[' 1 = 1 ']'
+ '[' x '!=' 'x-Wl,-z,now ' ']'
++ find . -name ltmain.sh
+ for i in $(find . -name ltmain.sh)
+ /usr/bin/sed -i.backup -e 's~compiler_flags=$~compiler_flags="-Wl,-z,now "~' ./ltmain.sh
+ ./configure --build=x86_64-redhat-linux-gnu --host=x86_64-redhat-linux-gnu --program-prefix= --disable-dependency-tracking --prefix=/usr --exec-prefix=/usr --bindir=/usr/bin --sbindir=/usr/sbin --sysconfdir=/etc --datadir=/usr/share --includedir=/usr/include --libdir=/usr/lib64 --libexecdir=/usr/libexec --localstatedir=/var --sharedstatedir=/var/lib --mandir=/usr/share/man --infodir=/usr/share/info --libdir=/usr/lib64 --with-python=no --with-python3
Configuring libcap-ng
checking build system type... x86_64-redhat-linux-gnu
checking host system type... x86_64-redhat-linux-gnu
checking target system type... x86_64-redhat-linux-gnu
checking for a BSD-compatible install... /usr/bin/install -c
checking whether build environment is sane... yes
checking for a thread-safe mkdir -p... /usr/bin/mkdir -p
checking for gawk... gawk
checking whether make sets $(MAKE)... yes
checking whether make supports nested variables... yes
checking how to print strings... printf
checking whether make supports the include directive... yes (GNU style)
checking for x86_64-redhat-linux-gnu-gcc... dioscc
checking whether the C compiler works... yes
checking for C compiler default output file name... a.out
checking for suffix of executables... 
checking whether we are cross compiling... no
checking for suffix of object files... o
checking whether we are using the GNU C compiler... yes
checking whether dioscc accepts -g... yes
checking for dioscc option to accept ISO C89... none needed
checking whether dioscc understands -c and -o together... yes
checking dependency style of dioscc... none
checking for a sed that does not truncate output... /usr/bin/sed
checking for grep that handles long lines and -e... /usr/bin/grep
checking for egrep... /usr/bin/grep -E
checking for fgrep... /usr/bin/grep -F
checking for ld used by dioscc... /usr/bin/ld
checking if the linker (/usr/bin/ld) is GNU ld... yes
checking for BSD- or MS-compatible name lister (nm)... /usr/bin/nm -B
checking the name lister (/usr/bin/nm -B) interface... BSD nm
checking whether ln -s works... yes
checking the maximum length of command line arguments... 1572864
checking how to convert x86_64-redhat-linux-gnu file names to x86_64-redhat-linux-gnu format... func_convert_file_noop
checking how to convert x86_64-redhat-linux-gnu file names to toolchain format... func_convert_file_noop
checking for /usr/bin/ld option to reload object files... -r
checking for x86_64-redhat-linux-gnu-objdump... no
checking for objdump... objdump
checking how to recognize dependent libraries... pass_all
checking for x86_64-redhat-linux-gnu-dlltool... no
checking for dlltool... no
checking how to associate runtime and link libraries... printf %s\n
checking for x86_64-redhat-linux-gnu-ar... no
checking for ar... ar
checking for archiver @FILE support... @
checking for x86_64-redhat-linux-gnu-strip... no
checking for strip... strip
checking for x86_64-redhat-linux-gnu-ranlib... no
checking for ranlib... ranlib
checking command to parse /usr/bin/nm -B output from dioscc object... ./configure: line 6085:  -e 's/^T .* \(.*\)$/extern int \1();/p' -e 's/^[ABCDGIRSTW][ABCDGIRSTW]* .* \(.*\)$/extern char \1;/p': No such file or directory
ok
checking for sysroot... no
checking for a working dd... /usr/bin/dd
checking how to truncate binary pipes... /usr/bin/dd bs=4096 count=1
checking for x86_64-redhat-linux-gnu-mt... no
checking for mt... no
checking if : is a manifest tool... no
checking how to run the C preprocessor... dioscc -E
checking for ANSI C header files... yes
checking for sys/types.h... yes
checking for sys/stat.h... yes
checking for stdlib.h... yes
checking for string.h... yes
checking for memory.h... yes
checking for strings.h... yes
checking for inttypes.h... yes
checking for stdint.h... yes
checking for unistd.h... yes
checking for dlfcn.h... yes
checking for objdir... .libs
checking if dioscc supports -fno-rtti -fno-exceptions... yes
checking for dioscc option to produce PIC... -fPIC -DPIC
checking if dioscc PIC flag -fPIC -DPIC works... yes
checking if dioscc static flag -static works... no
checking if dioscc supports -c -o file.o... yes
checking if dioscc supports -c -o file.o... (cached) yes
checking whether the dioscc linker (/usr/bin/ld -m elf_x86_64) supports shared libraries... yes
checking whether -lc should be explicitly linked in... yes
checking dynamic linker characteristics... GNU/Linux ld.so
checking how to hardcode library paths into programs... immediate
checking whether stripping libraries is possible... yes
checking if libtool supports shared libraries... yes
checking whether to build shared libraries... yes
checking whether to build static libraries... yes
.
Checking for programs
checking for x86_64-redhat-linux-gnu-gcc... (cached) dioscc
checking whether we are using the GNU C compiler... (cached) yes
checking whether dioscc accepts -g... (cached) yes
checking for dioscc option to accept ISO C89... (cached) none needed
checking whether dioscc understands -c and -o together... (cached) yes
checking dependency style of dioscc... (cached) none
checking for gawk... (cached) gawk
.
Checking for header files
checking for ANSI C header files... (cached) yes
checking linux/capability.h usability... yes
checking linux/capability.h presence... yes
checking for linux/capability.h... yes
checking sys/xattr.h usability... no
checking sys/xattr.h presence... yes
configure: WARNING: sys/xattr.h: present but cannot be compiled
configure: WARNING: sys/xattr.h:     check for missing prerequisite headers?
configure: WARNING: sys/xattr.h: see the Autoconf documentation
configure: WARNING: sys/xattr.h:     section "Present But Cannot Be Compiled"
checking for sys/xattr.h... no
checking attr/xattr.h usability... configure: WARNING: sys/xattr.h: proceeding with the compiler's result
no
checking attr/xattr.h presence... yes
checking for attr/xattr.h... configure: WARNING: attr/xattr.h: present but cannot be compiled
configure: WARNING: attr/xattr.h:     check for missing prerequisite headers?
configure: WARNING: attr/xattr.h: see the Autoconf documentation
configure: WARNING: attr/xattr.h:     section "Present But Cannot Be Compiled"
configure: WARNING: attr/xattr.h: proceeding with the compiler's result
no
checking linux/securebits.h usability... configure: WARNING: attr/xattr.h not found
yes
checking linux/securebits.h presence... yes
checking for linux/securebits.h... yes
checking pthread.h usability... yes
checking pthread.h presence... yes
checking for pthread.h... yes
checking for library containing pthread_atfork... none required
checking sys/vfs.h usability... no
checking sys/vfs.h presence... yes
checking for sys/vfs.h... configure: WARNING: sys/vfs.h: present but cannot be compiled
configure: WARNING: sys/vfs.h:     check for missing prerequisite headers?
configure: WARNING: sys/vfs.h: see the Autoconf documentation
configure: WARNING: sys/vfs.h:     section "Present But Cannot Be Compiled"
configure: WARNING: sys/vfs.h: proceeding with the compiler's result
no
checking for an ANSI C-conforming const... configure: WARNING: sys/vfs.h is required in order to verify procfs.
yes
checking for inline... inline
checking sys/syscall.h usability... yes
checking sys/syscall.h presence... yes
checking for sys/syscall.h... yes
checking whether PR_CAP_AMBIENT is declared... no
checking whether VFS_CAP_REVISION_2 is declared... yes
checking whether VFS_CAP_REVISION_3 is declared... yes
checking whether CAP_EPOLLWAKEUP is declared... no
checking whether CAP_WAKE_ALARM is declared... yes
checking whether CAP_BLOCK_SUSPEND is declared... yes
checking whether CAP_AUDIT_READ is declared... yes
checking whether CAP_PERFMON is declared... yes
checking whether CAP_BPF is declared... yes
checking whether CAP_CHECKPOINT_RESTORE is declared... yes
configure: WARNING: "PR_CAP_AMBIENT not available - libdrop_ambient will not be built"
checking for swig... yes
checking whether to create python bindings... no
checking whether to create python3 bindings... investigating
checking for python3-config... /usr/bin/python3-config
Python3 bindings WILL be built
checking for python3... /usr/bin/python3
<string>:1: DeprecationWarning: The distutils package is deprecated and slated for removal in Python 3.12. Use setuptools or check PEP 632 for potential alternatives
<string>:1: DeprecationWarning: The distutils.sysconfig module is deprecated, use sysconfig instead
<string>:1: DeprecationWarning: The distutils package is deprecated and slated for removal in Python 3.12. Use setuptools or check PEP 632 for potential alternatives
<string>:1: DeprecationWarning: The distutils.sysconfig module is deprecated, use sysconfig instead
checking that generated files are newer than configure... done
configure: creating ./config.status
config.status: creating Makefile
config.status: creating src/Makefile
config.status: creating src/libcap-ng.pc
config.status: creating src/test/Makefile
config.status: creating bindings/Makefile
config.status: creating bindings/python/Makefile
config.status: creating bindings/python3/Makefile
config.status: creating bindings/src/Makefile
config.status: creating bindings/python/test/Makefile
config.status: creating utils/Makefile
config.status: creating m4/Makefile
config.status: creating docs/Makefile
config.status: creating config.h
config.status: executing depfiles commands
config.status: executing libtool commands
.


  libcap-ng Version:      0.8.2
  Target:                 x86_64-redhat-linux-gnu
  Installation prefix:    /usr
  Compiler:               dioscc
  Compiler flags:
                          -O0

+ /usr/bin/make -O -j4 V=1 VERBOSE=1 CFLAGS=-O0
/usr/bin/make.orig  all-recursive
Making all in src
Making all in test
make.orig[3]: Nothing to be done for 'all'.
make.orig[3]: Entering directory '/builddir/build/BUILD/libcap-ng-0.8.2/src'
/bin/sh ../libtool  --tag=CC   --mode=compile dioscc -DHAVE_CONFIG_H -I. -I..  -I. -I..  -fPIC -DPIC -W -Wall -Wshadow -Wformat -Wundef -D_GNU_SOURCE -O0 -c -o cap-ng.lo cap-ng.c
libtool: compile:  dioscc -DHAVE_CONFIG_H -I. -I.. -I. -I.. -fPIC -DPIC -W -Wall -Wshadow -Wformat -Wundef -D_GNU_SOURCE -O0 -c cap-ng.c  -fPIC -DPIC -o .libs/cap-ng.o
make.orig[3]: Leaving directory '/builddir/build/BUILD/libcap-ng-0.8.2/src'
In file included from /builddir/build/BUILD/libcap-ng-0.8.2/src/cap-ng.c:30: <--[dioscc]
/usr/include/sys/prctl.h:42:38: error: expected function body after function declarator <--[dioscc]
extern int prctl (int __option, ...) __THROW;
                                     ^
/builddir/build/BUILD/libcap-ng-0.8.2/src/cap-ng.c:195:9: warning: implicit declaration of function 'prctl' is invalid in C99 <--[dioscc]
        return prctl(PR_CAPBSET_READ, cap) >= 0;
               ^
/builddir/build/BUILD/libcap-ng-0.8.2/src/cap-ng.c:229:1: warning: unused label 'fail' <--[dioscc]
fail:
^~~~~
/builddir/build/BUILD/libcap-ng-0.8.2/src/cap-ng.c:276:32: error: use of undeclared identifier '__NR_gettid' <--[dioscc]
        m.hdr.pid = (unsigned)syscall(__NR_gettid);
                                      ^
/builddir/build/BUILD/libcap-ng-0.8.2/src/cap-ng.c:390:16: error: use of undeclared identifier '__NR_gettid' <--[dioscc]
                (int)syscall(__NR_gettid));
                             ^
/builddir/build/BUILD/libcap-ng-0.8.2/src/cap-ng.c:412:8: warning: implicit declaration of function 'prctl' is invalid in C99 <--[dioscc]
                rc = prctl(PR_CAPBSET_READ, i, 0, 0, 0);
                     ^
/builddir/build/BUILD/libcap-ng-0.8.2/src/cap-ng.c:435:16: error: use of undeclared identifier '__NR_gettid' <--[dioscc]
                (int)syscall(__NR_gettid));
                             ^
/builddir/build/BUILD/libcap-ng-0.8.2/src/cap-ng.c:457:8: warning: implicit declaration of function 'prctl' is invalid in C99 <--[dioscc]
                rc = prctl(PR_CAP_AMBIENT, PR_CAP_AMBIENT_IS_SET, i, 0, 0);
                     ^
/builddir/build/BUILD/libcap-ng-0.8.2/src/cap-ng.c:510:10: warning: implicit declaration of function 'FIXUP' is invalid in C99 <--[dioscc]
        magic = FIXUP(filedata->magic_etc);
                ^
/builddir/build/BUILD/libcap-ng-0.8.2/src/cap-ng.c:574:7: warning: implicit declaration of function 'fgetxattr' is invalid in C99 <--[dioscc]
        rc = fgetxattr(fd, XATTR_NAME_CAPS, &filedata, sizeof(filedata));
             ^
/builddir/build/BUILD/libcap-ng-0.8.2/src/cap-ng.c:719:18: error: use of undeclared identifier 'PATH_MAX' <--[dioscc]
        char tmp[PATH_MAX+1];
                 ^
/builddir/build/BUILD/libcap-ng-0.8.2/src/cap-ng.c:723:52: error: use of undeclared identifier 'PATH_MAX' <--[dioscc]
        if ((res = readlink("/proc/self/exe", tmp, PATH_MAX)) < -1)
                                                   ^
/builddir/build/BUILD/libcap-ng-0.8.2/src/cap-ng.c:765:13: warning: implicit declaration of function 'prctl' is invalid in C99 <--[dioscc]
                                    if (prctl(PR_CAPBSET_DROP, i, 0, 0, 0) <0) {
                                        ^
/builddir/build/BUILD/libcap-ng-0.8.2/src/cap-ng.c:812:8: warning: implicit declaration of function 'prctl' is invalid in C99 <--[dioscc]
                        if (prctl(PR_CAP_AMBIENT,
                            ^
/builddir/build/BUILD/libcap-ng-0.8.2/src/cap-ng.c:821:8: warning: implicit declaration of function 'prctl' is invalid in C99 <--[dioscc]
                        if (prctl(PR_CAP_AMBIENT,
                            ^
/builddir/build/BUILD/libcap-ng-0.8.2/src/cap-ng.c:851:33: warning: implicit declaration of function 'FIXUP' is invalid in C99 <--[dioscc]
                filedata->data[0].permitted = FIXUP(m.data.v1.permitted);
                                              ^
/builddir/build/BUILD/libcap-ng-0.8.2/src/cap-ng.c:862:33: warning: implicit declaration of function 'FIXUP' is invalid in C99 <--[dioscc]
                filedata->data[0].permitted = FIXUP(m.data.v3[0].permitted);
                                              ^
/builddir/build/BUILD/libcap-ng-0.8.2/src/cap-ng.c:874:22: warning: implicit declaration of function 'FIXUP' is invalid in C99 <--[dioscc]
                filedata->rootid = FIXUP(m.rootid);
                                   ^
/builddir/build/BUILD/libcap-ng-0.8.2/src/cap-ng.c:907:8: warning: implicit declaration of function 'fremovexattr' is invalid in C99 <--[dioscc]
                rc = fremovexattr(fd, XATTR_NAME_CAPS);
                     ^
/builddir/build/BUILD/libcap-ng-0.8.2/src/cap-ng.c:914:8: warning: implicit declaration of function 'fsetxattr' is invalid in C99 <--[dioscc]
                rc = fsetxattr(fd, XATTR_NAME_CAPS, &filedata, size, 0);
                     ^
/builddir/build/BUILD/libcap-ng-0.8.2/src/cap-ng.c:958:6: warning: implicit declaration of function 'prctl' is invalid in C99 <--[dioscc]
        if (prctl(PR_SET_KEEPCAPS, 1, 0, 0, 0))
            ^
/builddir/build/BUILD/libcap-ng-0.8.2/src/cap-ng.c:980:8: warning: implicit declaration of function 'setresgid' is invalid in C99 <--[dioscc]
                rc = setresgid(gid, gid, gid);
                     ^
/builddir/build/BUILD/libcap-ng-0.8.2/src/cap-ng.c:991:8: warning: implicit declaration of function 'initgroups' is invalid in C99 <--[dioscc]
                        if (initgroups(pw->pw_name, gid))
                            ^
/builddir/build/BUILD/libcap-ng-0.8.2/src/cap-ng.c:993:14: warning: implicit declaration of function 'initgroups' is invalid in C99 <--[dioscc]
                } else if (initgroups(pw->pw_name, pw->pw_gid))
                           ^
/builddir/build/BUILD/libcap-ng-0.8.2/src/cap-ng.c:999:7: warning: implicit declaration of function 'setgroups' is invalid in C99 <--[dioscc]
                if (setgroups(0, NULL))
                    ^
/builddir/build/BUILD/libcap-ng-0.8.2/src/cap-ng.c:1005:8: warning: implicit declaration of function 'setresuid' is invalid in C99 <--[dioscc]
                rc = setresuid(uid, uid, uid);
                     ^
/builddir/build/BUILD/libcap-ng-0.8.2/src/cap-ng.c:1039:11: warning: implicit declaration of function 'prctl' is invalid in C99 <--[dioscc]
        int rc = prctl(PR_SET_SECUREBITS,
                 ^
21 warnings and 6 errors generated.
Error building cap-ng.c
make.orig[3]: *** [Makefile:553: cap-ng.lo] Error 1
make.orig[3]: Entering directory '/builddir/build/BUILD/libcap-ng-0.8.2/src'
/bin/sh ../libtool  --tag=CC   --mode=compile dioscc -DHAVE_CONFIG_H -I. -I..  -I. -I..  -fPIC -DPIC -W -Wall -Wshadow -Wformat -Wundef -D_GNU_SOURCE -O0 -c -o lookup_table.lo lookup_table.c
libtool: compile:  dioscc -DHAVE_CONFIG_H -I. -I.. -I. -I.. -fPIC -DPIC -W -Wall -Wshadow -Wformat -Wundef -D_GNU_SOURCE -O0 -c lookup_table.c  -fPIC -DPIC -o .libs/lookup_table.o
libtool: compile:  dioscc -DHAVE_CONFIG_H -I. -I.. -I. -I.. -fPIC -DPIC -W -Wall -Wshadow -Wformat -Wundef -D_GNU_SOURCE -O0 -c lookup_table.c -o lookup_table.o >/dev/null 2>&1
make.orig[3]: Leaving directory '/builddir/build/BUILD/libcap-ng-0.8.2/src'
make.orig[3]: Target 'all-am' not remade because of errors.
make.orig[2]: *** [Makefile:610: all-recursive] Error 1
make.orig[2]: Target 'all' not remade because of errors.
Making all in utils
make.orig[2]: Entering directory '/builddir/build/BUILD/libcap-ng-0.8.2/utils'
dioscc -DHAVE_CONFIG_H -I. -I..  -I.. -I../src  -W -Wall -Wshadow -Wformat -Wundef -D_GNU_SOURCE -O0 -c -o proc-llist.o proc-llist.c
make.orig[2]: Leaving directory '/builddir/build/BUILD/libcap-ng-0.8.2/utils'
make.orig[2]: Entering directory '/builddir/build/BUILD/libcap-ng-0.8.2/utils'
dioscc -DHAVE_CONFIG_H -I. -I..  -I.. -I../src  -W -Wall -Wshadow -Wformat -Wundef -D_GNU_SOURCE -O0 -c -o filecap.o filecap.c
make.orig[2]: Leaving directory '/builddir/build/BUILD/libcap-ng-0.8.2/utils'
In file included from /builddir/build/BUILD/libcap-ng-0.8.2/utils/filecap.c:32: <--[dioscc]
/usr/include/ftw.h:137:6: error: expected function body after function declarator <--[dioscc]
     __nonnull ((1, 2));
     ^
/usr/include/ftw.h:159:24: error: expected function body after function declarator <--[dioscc]
                  int __descriptors) __nonnull ((1, 2));
                                     ^
/usr/include/ftw.h:180:16: error: expected function body after function declarator <--[dioscc]
                 int __flag) __nonnull ((1, 2));
                             ^
/usr/include/ftw.h:203:37: error: expected function body after function declarator <--[dioscc]
                   int __descriptors, int __flag) __nonnull ((1, 2));
                                                  ^
/builddir/build/BUILD/libcap-ng-0.8.2/utils/filecap.c:223:9: error: use of undeclared identifier 'rc' <--[dioscc]
        return rc;
               ^
/builddir/build/BUILD/libcap-ng-0.8.2/utils/filecap.c:112:14: warning: unused parameter 'argc' <--[dioscc]
int main(int argc, char *argv[])
             ^
/builddir/build/BUILD/libcap-ng-0.8.2/utils/filecap.c:112:26: warning: unused parameter 'argv' <--[dioscc]
int main(int argc, char *argv[])
                         ^
2 warnings and 5 errors generated.
Error building filecap.c
make.orig[2]: *** [Makefile:497: filecap.o] Error 1
make.orig[2]: Entering directory '/builddir/build/BUILD/libcap-ng-0.8.2/utils'
dioscc -DHAVE_CONFIG_H -I. -I..  -I.. -I../src  -W -Wall -Wshadow -Wformat -Wundef -D_GNU_SOURCE -O0 -c -o pscap.o pscap.c
make.orig[2]: Leaving directory '/builddir/build/BUILD/libcap-ng-0.8.2/utils'
make.orig[2]: Entering directory '/builddir/build/BUILD/libcap-ng-0.8.2/utils'
dioscc -DHAVE_CONFIG_H -I. -I..  -I.. -I../src  -W -Wall -Wshadow -Wformat -Wundef -D_GNU_SOURCE -O0 -c -o netcap.o netcap.c
make.orig[2]: Leaving directory '/builddir/build/BUILD/libcap-ng-0.8.2/utils'
make.orig[2]: Entering directory '/builddir/build/BUILD/libcap-ng-0.8.2/utils'
dioscc -DHAVE_CONFIG_H -I. -I..  -I.. -I../src  -W -Wall -Wshadow -Wformat -Wundef -D_GNU_SOURCE -O0 -c -o captest.o captest.c
In file included from /builddir/build/BUILD/libcap-ng-0.8.2/utils/captest.c:33: <--[dioscc]
/usr/include/sys/prctl.h:42:38: error: expected function body after function declarator <--[dioscc]
extern int prctl (int __option, ...) __THROW;
                                     ^
/builddir/build/BUILD/libcap-ng-0.8.2/utils/captest.c:68:2: warning: implicit declaration of function 'getresuid' is invalid in C99 <--[dioscc]
        getresuid(&uid, &euid, &suid);
        ^
/builddir/build/BUILD/libcap-ng-0.8.2/utils/captest.c:69:2: warning: implicit declaration of function 'getresgid' is invalid in C99 <--[dioscc]
        getresgid(&gid, &egid, &sgid);
        ^
/builddir/build/BUILD/libcap-ng-0.8.2/utils/captest.c:75:4: warning: implicit declaration of function 'setuid' is invalid in C99 <--[dioscc]
                        setuid(0);
                        ^
/builddir/build/BUILD/libcap-ng-0.8.2/utils/captest.c:79:5: warning: implicit declaration of function 'setgid' is invalid in C99 <--[dioscc]
                                setgid(0);
                                ^
/builddir/build/BUILD/libcap-ng-0.8.2/utils/captest.c:152:7: warning: implicit declaration of function 'prctl' is invalid in C99 <--[dioscc]
        rc = prctl(PR_GET_SECUREBITS, 1 << SECURE_NOROOT);
             ^
5 warnings and 1 error generated.
Error building captest.c
make.orig[2]: *** [Makefile:497: captest.o] Error 1
make.orig[2]: Leaving directory '/builddir/build/BUILD/libcap-ng-0.8.2/utils'
make.orig[2]: Entering directory '/builddir/build/BUILD/libcap-ng-0.8.2/utils'
/bin/sh ../libtool  --tag=CC   --mode=link dioscc -W -Wall -Wshadow -Wformat -Wundef -D_GNU_SOURCE -O0  -O0 -o pscap pscap.o  -L../src -lcap-ng
libtool: link: dioscc -W -Wall -Wshadow -Wformat -Wundef -D_GNU_SOURCE -O0 -O0 -o pscap pscap.o  -L../src -lcap-ng
make.orig[2]: Leaving directory '/builddir/build/BUILD/libcap-ng-0.8.2/utils'
failed to link, ld exited with exitcode = 1, signal = 0
stderr:
    /usr/bin/ld: cannot find -lcap-ng


make.orig[2]: *** [Makefile:488: pscap] Error 1
make.orig[2]: Entering directory '/builddir/build/BUILD/libcap-ng-0.8.2/utils'
/bin/sh ../libtool  --tag=CC   --mode=link dioscc -W -Wall -Wshadow -Wformat -Wundef -D_GNU_SOURCE -O0  -O0 -o netcap netcap.o proc-llist.o  -L../src -lcap-ng
libtool: link: dioscc -W -Wall -Wshadow -Wformat -Wundef -D_GNU_SOURCE -O0 -O0 -o netcap netcap.o proc-llist.o  -L../src -lcap-ng
make.orig[2]: Leaving directory '/builddir/build/BUILD/libcap-ng-0.8.2/utils'
failed to link, ld exited with exitcode = 1, signal = 0
stderr:
    /usr/bin/ld: cannot find -lcap-ng


make.orig[2]: *** [Makefile:484: netcap] Error 1
make.orig[2]: Target 'all' not remade because of errors.
Making all in m4
make.orig[2]: Nothing to be done for 'all'.
Making all in docs
make.orig[2]: Nothing to be done for 'all'.
Making all in bindings
Making all in src
make.orig[3]: Nothing to be done for 'all'.
Making all in python3
make.orig[3]: *** No rule to make target '../../src/libcap-ng.la', needed by '_capng.la'.
make.orig[3]: Entering directory '/builddir/build/BUILD/libcap-ng-0.8.2/bindings/python3'
cat /usr/include/linux/capability.h | grep '^#define CAP'  | grep -v '[()]' > caps.h
make.orig[3]: Leaving directory '/builddir/build/BUILD/libcap-ng-0.8.2/bindings/python3'
make.orig[3]: Entering directory '/builddir/build/BUILD/libcap-ng-0.8.2/bindings/python3'
cat ../../src/cap-ng.h | grep -v '_state' > capng.h
make.orig[3]: Leaving directory '/builddir/build/BUILD/libcap-ng-0.8.2/bindings/python3'
make.orig[3]: Entering directory '/builddir/build/BUILD/libcap-ng-0.8.2/bindings/python3'
swig -o capng_wrap.c -python -py3 -modern -I. -I../.. -I/usr/include/python3.10 -I/usr/include/python3.10 ./../src/capng_swig.i
make.orig[3]: Leaving directory '/builddir/build/BUILD/libcap-ng-0.8.2/bindings/python3'
Deprecated command line option: -modern. This option is now always on.
./../src/capng_swig.i:38: Warning 116: %except is deprecated.  Use %exception instead.
make.orig[3]: Entering directory '/builddir/build/BUILD/libcap-ng-0.8.2/bindings/python3'
/bin/sh ../../libtool  --tag=CC   --mode=compile dioscc -DHAVE_CONFIG_H -I. -I../..  -I. -I../.. -I/usr/include/python3.10 -I/usr/include/python3.10  -shared -O0 -c -o _capng_la-capng_wrap.lo `test -f 'capng_wrap.c' || echo './'`capng_wrap.c
libtool: compile:  dioscc -DHAVE_CONFIG_H -I. -I../.. -I. -I../.. -I/usr/include/python3.10 -I/usr/include/python3.10 -O0 -c capng_wrap.c  -fPIC -DPIC -o .libs/_capng_la-capng_wrap.o
make.orig[3]: Leaving directory '/builddir/build/BUILD/libcap-ng-0.8.2/bindings/python3'
In file included from /builddir/build/BUILD/libcap-ng-0.8.2/bindings/python3/capng_wrap.c:154: <--[dioscc]
In file included from /usr/include/python3.10/Python.h:122: <--[dioscc]
/usr/include/python3.10/pythread.h:136:5: error: "Require native threads. See https://bugs.python.org/issue31370" <--[dioscc]
#   error "Require native threads. See https://bugs.python.org/issue31370"
    ^
/usr/include/python3.10/pythread.h:145:5: error: unknown type name 'NATIVE_TSS_KEY_T' <--[dioscc]
    NATIVE_TSS_KEY_T _key;
    ^
2 errors generated.
Error building capng_wrap.c
make.orig[3]: *** [Makefile:503: _capng_la-capng_wrap.lo] Error 1
make.orig[3]: Target 'all' not remade because of errors.
make.orig[3]: Nothing to be done for 'all-am'.
make.orig[2]: *** [Makefile:399: all-recursive] Error 1
make.orig[2]: Target 'all' not remade because of errors.
make.orig[1]: *** [Makefile:448: all-recursive] Error 1
make.orig: *** [Makefile:380: all] Error 2

RPM build errors:
error: Bad exit status from /var/tmp/rpm-tmp.ysAcH5 (%build)
    Bad exit status from /var/tmp/rpm-tmp.ysAcH5 (%build)
Finish: chroot ['/bin/su mockbuild -l -c "PATH=/usr/lib64/cswrap:\\$PATH CSWRAP_CAP_FILE=\\$\'/builddir/cswrap-capture.err\' CSWRAP_TIMEOUT=\\$\'30\' CSWRAP_TIMEOUT_FOR=\\$\':\' CC=\\$\'dioscc\' CXX=\\$\'diosc++\' CSEXEC_WRAP_CMD=\\$\'--skip-ld-linux\\\\a/usr/bin/csexec-divine\\\\a-l\\\\a/builddir/divine-capture\\\\a-d\\\\acheck --lart stubs -o ignore:notimplemented -o ignore:exit --max-time 8 \' CSWRAP_ADD_CFLAGS=\\$\'-Wno-unknown-pragmas:-Wno-unknown-warning-option:-O0:-g:-Wl,--dynamic-linker,/usr/bin/csexec-loader:-Wno-unknown-pragmas:-Wl,--dynamic-linker,/usr/bin/csexec-loader\' CSWRAP_DEL_CFLAGS=\\$\'-Werror*:-fdiagnostics-color*:-no-canonical-prefixes:-Wno-error=deprecated-register:-O1:-O2:-O3:-Os:-Ofast:-Og:-Werror*:-fdiagnostics-color*:-no-canonical-prefixes:-Wno-error=deprecated-register\' CSWRAP_ADD_CXXFLAGS=\\$\'-Wno-unknown-warning-option:-O0:-g:-Wl,--dynamic-linker,/usr/bin/csexec-loader:-Wl,--dynamic-linker,/usr/bin/csexec-loader\' CSWRAP_DEL_CXXFLAGS=\\$\'-Werror*:-fdiagnostics-color*:-no-canonical-prefixes:-Wno-error=deprecated-register:-O1:-O2:-O3:-Os:-Ofast:-Og:-Werror*:-fdiagnostics-color*:-no-canonical-prefixes:-Wno-error=deprecated-register\' sh -c \\"rpmbuild -bc --nodeps --short-circuit /builddir/build/SPECS/libcap-ng.spec \'--define\' \'_unpackaged_files_terminate_build 0\' \'--define\' \'apidocs 0\' \'--define\' \'with_publican 0\' \'--without\' \'docs\' \'--without\' \'langpacks\' \'--define\' \'__cc dioscc\' \'--define\' \'__cxx diosc++\' \'--define\' \'__cpp dioscc -E\' \'--define\' \'toolchain clang\' \'--define\' \'optflags -O0\' \'--define\' \'build_ldflags -O0\'\\""']

!!! 2023-01-26 06:55:26	error: %build failed

>>> 2023-01-26 06:55:26	"/usr/bin/mock" "-r" "fedora-35-x86_64" "--plugin-option=tmpfs:keep_mounted=True" "--config-opts=print_main_output=True" "--chroot" "/bin/su mockbuild -l -c \"PATH=/usr/lib64/cswrap:\\\$PATH CSWRAP_CAP_FILE=\\\$'/builddir/cswrap-capture.err' CSWRAP_TIMEOUT=\\\$'30' CSWRAP_TIMEOUT_FOR=\\\$':' CC=\\\$'dioscc' CXX=\\\$'diosc++' CSEXEC_WRAP_CMD=\\\$'--skip-ld-linux\\\\a/usr/bin/csexec-divine\\\\a-l\\\\a/builddir/divine-capture\\\\a-d\\\\acheck --lart stubs -o ignore:notimplemented -o ignore:exit --max-time 8 ' CSWRAP_ADD_CFLAGS=\\\$'-Wno-unknown-pragmas:-Wno-unknown-warning-option:-O0:-g:-Wl,--dynamic-linker,/usr/bin/csexec-loader:-Wno-unknown-pragmas:-Wl,--dynamic-linker,/usr/bin/csexec-loader' CSWRAP_DEL_CFLAGS=\\\$'-Werror*:-fdiagnostics-color*:-no-canonical-prefixes:-Wno-error=deprecated-register:-O1:-O2:-O3:-Os:-Ofast:-Og:-Werror*:-fdiagnostics-color*:-no-canonical-prefixes:-Wno-error=deprecated-register' CSWRAP_ADD_CXXFLAGS=\\\$'-Wno-unknown-warning-option:-O0:-g:-Wl,--dynamic-linker,/usr/bin/csexec-loader:-Wl,--dynamic-linker,/usr/bin/csexec-loader' CSWRAP_DEL_CXXFLAGS=\\\$'-Werror*:-fdiagnostics-color*:-no-canonical-prefixes:-Wno-error=deprecated-register:-O1:-O2:-O3:-Os:-Ofast:-Og:-Werror*:-fdiagnostics-color*:-no-canonical-prefixes:-Wno-error=deprecated-register' sh -c \\\"rpmbuild -bi --nodeps --short-circuit /builddir/build/SPECS/libcap-ng.spec '--define' '_unpackaged_files_terminate_build 0' '--define' 'apidocs 0' '--define' 'with_publican 0' '--without' 'docs' '--without' 'langpacks' '--define' '__cc dioscc' '--define' '__cxx diosc++' '--define' '__cpp dioscc -E' '--define' 'toolchain clang' '--define' 'optflags -O0' '--define' 'build_ldflags -O0'\\\"\""
INFO: mock.py version 3.5 starting (python version = 3.10.9, NVR = mock-3.5-1.fc36)...
Start(bootstrap): init plugins
INFO: selinux enabled
Finish(bootstrap): init plugins
Start: init plugins
INFO: selinux enabled
Finish: init plugins
INFO: Signal handler active
Start: run
Start(bootstrap): chroot init
INFO: calling preinit hooks
INFO: enabled root cache
INFO: enabled package manager cache
Start(bootstrap): cleaning package manager metadata
Finish(bootstrap): cleaning package manager metadata
INFO: enabled HW Info plugin
Mock Version: 3.5
INFO: Mock Version: 3.5
Finish(bootstrap): chroot init
Start: chroot init
INFO: calling preinit hooks
INFO: enabled root cache
INFO: enabled package manager cache
Start: cleaning package manager metadata
Finish: cleaning package manager metadata
INFO: enabled HW Info plugin
Mock Version: 3.5
INFO: Mock Version: 3.5
Finish: chroot init
INFO: Running in chroot: ['/bin/su mockbuild -l -c "PATH=/usr/lib64/cswrap:\\$PATH CSWRAP_CAP_FILE=\\$\'/builddir/cswrap-capture.err\' CSWRAP_TIMEOUT=\\$\'30\' CSWRAP_TIMEOUT_FOR=\\$\':\' CC=\\$\'dioscc\' CXX=\\$\'diosc++\' CSEXEC_WRAP_CMD=\\$\'--skip-ld-linux\\\\a/usr/bin/csexec-divine\\\\a-l\\\\a/builddir/divine-capture\\\\a-d\\\\acheck --lart stubs -o ignore:notimplemented -o ignore:exit --max-time 8 \' CSWRAP_ADD_CFLAGS=\\$\'-Wno-unknown-pragmas:-Wno-unknown-warning-option:-O0:-g:-Wl,--dynamic-linker,/usr/bin/csexec-loader:-Wno-unknown-pragmas:-Wl,--dynamic-linker,/usr/bin/csexec-loader\' CSWRAP_DEL_CFLAGS=\\$\'-Werror*:-fdiagnostics-color*:-no-canonical-prefixes:-Wno-error=deprecated-register:-O1:-O2:-O3:-Os:-Ofast:-Og:-Werror*:-fdiagnostics-color*:-no-canonical-prefixes:-Wno-error=deprecated-register\' CSWRAP_ADD_CXXFLAGS=\\$\'-Wno-unknown-warning-option:-O0:-g:-Wl,--dynamic-linker,/usr/bin/csexec-loader:-Wl,--dynamic-linker,/usr/bin/csexec-loader\' CSWRAP_DEL_CXXFLAGS=\\$\'-Werror*:-fdiagnostics-color*:-no-canonical-prefixes:-Wno-error=deprecated-register:-O1:-O2:-O3:-Os:-Ofast:-Og:-Werror*:-fdiagnostics-color*:-no-canonical-prefixes:-Wno-error=deprecated-register\' sh -c \\"rpmbuild -bi --nodeps --short-circuit /builddir/build/SPECS/libcap-ng.spec \'--define\' \'_unpackaged_files_terminate_build 0\' \'--define\' \'apidocs 0\' \'--define\' \'with_publican 0\' \'--without\' \'docs\' \'--without\' \'langpacks\' \'--define\' \'__cc dioscc\' \'--define\' \'__cxx diosc++\' \'--define\' \'__cpp dioscc -E\' \'--define\' \'toolchain clang\' \'--define\' \'optflags -O0\' \'--define\' \'build_ldflags -O0\'\\""']
Start: chroot ['/bin/su mockbuild -l -c "PATH=/usr/lib64/cswrap:\\$PATH CSWRAP_CAP_FILE=\\$\'/builddir/cswrap-capture.err\' CSWRAP_TIMEOUT=\\$\'30\' CSWRAP_TIMEOUT_FOR=\\$\':\' CC=\\$\'dioscc\' CXX=\\$\'diosc++\' CSEXEC_WRAP_CMD=\\$\'--skip-ld-linux\\\\a/usr/bin/csexec-divine\\\\a-l\\\\a/builddir/divine-capture\\\\a-d\\\\acheck --lart stubs -o ignore:notimplemented -o ignore:exit --max-time 8 \' CSWRAP_ADD_CFLAGS=\\$\'-Wno-unknown-pragmas:-Wno-unknown-warning-option:-O0:-g:-Wl,--dynamic-linker,/usr/bin/csexec-loader:-Wno-unknown-pragmas:-Wl,--dynamic-linker,/usr/bin/csexec-loader\' CSWRAP_DEL_CFLAGS=\\$\'-Werror*:-fdiagnostics-color*:-no-canonical-prefixes:-Wno-error=deprecated-register:-O1:-O2:-O3:-Os:-Ofast:-Og:-Werror*:-fdiagnostics-color*:-no-canonical-prefixes:-Wno-error=deprecated-register\' CSWRAP_ADD_CXXFLAGS=\\$\'-Wno-unknown-warning-option:-O0:-g:-Wl,--dynamic-linker,/usr/bin/csexec-loader:-Wl,--dynamic-linker,/usr/bin/csexec-loader\' CSWRAP_DEL_CXXFLAGS=\\$\'-Werror*:-fdiagnostics-color*:-no-canonical-prefixes:-Wno-error=deprecated-register:-O1:-O2:-O3:-Os:-Ofast:-Og:-Werror*:-fdiagnostics-color*:-no-canonical-prefixes:-Wno-error=deprecated-register\' sh -c \\"rpmbuild -bi --nodeps --short-circuit /builddir/build/SPECS/libcap-ng.spec \'--define\' \'_unpackaged_files_terminate_build 0\' \'--define\' \'apidocs 0\' \'--define\' \'with_publican 0\' \'--without\' \'docs\' \'--without\' \'langpacks\' \'--define\' \'__cc dioscc\' \'--define\' \'__cxx diosc++\' \'--define\' \'__cpp dioscc -E\' \'--define\' \'toolchain clang\' \'--define\' \'optflags -O0\' \'--define\' \'build_ldflags -O0\'\\""']
setting SOURCE_DATE_EPOCH=1626912000
Executing(%install): /bin/sh -e /var/tmp/rpm-tmp.CkL6v1
+ umask 022
+ cd /builddir/build/BUILD
+ '[' /builddir/build/BUILDROOT/libcap-ng-0.8.2-6.fc35.x86_64 '!=' / ']'
+ rm -rf /builddir/build/BUILDROOT/libcap-ng-0.8.2-6.fc35.x86_64
++ dirname /builddir/build/BUILDROOT/libcap-ng-0.8.2-6.fc35.x86_64
+ mkdir -p /builddir/build/BUILDROOT
+ mkdir /builddir/build/BUILDROOT/libcap-ng-0.8.2-6.fc35.x86_64
+ cd libcap-ng-0.8.2
+ /usr/bin/make install DESTDIR=/builddir/build/BUILDROOT/libcap-ng-0.8.2-6.fc35.x86_64 'INSTALL=/usr/bin/install -p'
Making install in src
make.orig[1]: Entering directory '/builddir/build/BUILD/libcap-ng-0.8.2/src'
Making install in test
make.orig[2]: Entering directory '/builddir/build/BUILD/libcap-ng-0.8.2/src/test'
make.orig[3]: Entering directory '/builddir/build/BUILD/libcap-ng-0.8.2/src/test'
make.orig[3]: Nothing to be done for 'install-exec-am'.
make.orig[3]: Nothing to be done for 'install-data-am'.
make.orig[3]: Leaving directory '/builddir/build/BUILD/libcap-ng-0.8.2/src/test'
make.orig[2]: Leaving directory '/builddir/build/BUILD/libcap-ng-0.8.2/src/test'
make.orig[2]: Entering directory '/builddir/build/BUILD/libcap-ng-0.8.2/src'
/bin/sh ../libtool  --tag=CC   --mode=compile dioscc -DHAVE_CONFIG_H -I. -I..  -I. -I..  -fPIC -DPIC -W -Wall -Wshadow -Wformat -Wundef -D_GNU_SOURCE -O0 -c -o cap-ng.lo cap-ng.c
libtool: compile:  dioscc -DHAVE_CONFIG_H -I. -I.. -I. -I.. -fPIC -DPIC -W -Wall -Wshadow -Wformat -Wundef -D_GNU_SOURCE -O0 -c cap-ng.c  -fPIC -DPIC -o .libs/cap-ng.o
In file included from /builddir/build/BUILD/libcap-ng-0.8.2/src/cap-ng.c:30: <--[dioscc]
/usr/include/sys/prctl.h:42:38: error: expected function body after function declarator <--[dioscc]
extern int prctl (int __option, ...) __THROW;
                                     ^
/builddir/build/BUILD/libcap-ng-0.8.2/src/cap-ng.c:195:9: warning: implicit declaration of function 'prctl' is invalid in C99 <--[dioscc]
        return prctl(PR_CAPBSET_READ, cap) >= 0;
               ^
/builddir/build/BUILD/libcap-ng-0.8.2/src/cap-ng.c:229:1: warning: unused label 'fail' <--[dioscc]
fail:
^~~~~
/builddir/build/BUILD/libcap-ng-0.8.2/src/cap-ng.c:276:32: error: use of undeclared identifier '__NR_gettid' <--[dioscc]
        m.hdr.pid = (unsigned)syscall(__NR_gettid);
                                      ^
/builddir/build/BUILD/libcap-ng-0.8.2/src/cap-ng.c:390:16: error: use of undeclared identifier '__NR_gettid' <--[dioscc]
                (int)syscall(__NR_gettid));
                             ^
/builddir/build/BUILD/libcap-ng-0.8.2/src/cap-ng.c:412:8: warning: implicit declaration of function 'prctl' is invalid in C99 <--[dioscc]
                rc = prctl(PR_CAPBSET_READ, i, 0, 0, 0);
                     ^
/builddir/build/BUILD/libcap-ng-0.8.2/src/cap-ng.c:435:16: error: use of undeclared identifier '__NR_gettid' <--[dioscc]
                (int)syscall(__NR_gettid));
                             ^
/builddir/build/BUILD/libcap-ng-0.8.2/src/cap-ng.c:457:8: warning: implicit declaration of function 'prctl' is invalid in C99 <--[dioscc]
                rc = prctl(PR_CAP_AMBIENT, PR_CAP_AMBIENT_IS_SET, i, 0, 0);
                     ^
/builddir/build/BUILD/libcap-ng-0.8.2/src/cap-ng.c:510:10: warning: implicit declaration of function 'FIXUP' is invalid in C99 <--[dioscc]
        magic = FIXUP(filedata->magic_etc);
                ^
/builddir/build/BUILD/libcap-ng-0.8.2/src/cap-ng.c:574:7: warning: implicit declaration of function 'fgetxattr' is invalid in C99 <--[dioscc]
        rc = fgetxattr(fd, XATTR_NAME_CAPS, &filedata, sizeof(filedata));
             ^
/builddir/build/BUILD/libcap-ng-0.8.2/src/cap-ng.c:719:18: error: use of undeclared identifier 'PATH_MAX' <--[dioscc]
        char tmp[PATH_MAX+1];
                 ^
/builddir/build/BUILD/libcap-ng-0.8.2/src/cap-ng.c:723:52: error: use of undeclared identifier 'PATH_MAX' <--[dioscc]
        if ((res = readlink("/proc/self/exe", tmp, PATH_MAX)) < -1)
                                                   ^
/builddir/build/BUILD/libcap-ng-0.8.2/src/cap-ng.c:765:13: warning: implicit declaration of function 'prctl' is invalid in C99 <--[dioscc]
                                    if (prctl(PR_CAPBSET_DROP, i, 0, 0, 0) <0) {
                                        ^
/builddir/build/BUILD/libcap-ng-0.8.2/src/cap-ng.c:812:8: warning: implicit declaration of function 'prctl' is invalid in C99 <--[dioscc]
                        if (prctl(PR_CAP_AMBIENT,
                            ^
/builddir/build/BUILD/libcap-ng-0.8.2/src/cap-ng.c:821:8: warning: implicit declaration of function 'prctl' is invalid in C99 <--[dioscc]
                        if (prctl(PR_CAP_AMBIENT,
                            ^
/builddir/build/BUILD/libcap-ng-0.8.2/src/cap-ng.c:851:33: warning: implicit declaration of function 'FIXUP' is invalid in C99 <--[dioscc]
                filedata->data[0].permitted = FIXUP(m.data.v1.permitted);
                                              ^
/builddir/build/BUILD/libcap-ng-0.8.2/src/cap-ng.c:862:33: warning: implicit declaration of function 'FIXUP' is invalid in C99 <--[dioscc]
                filedata->data[0].permitted = FIXUP(m.data.v3[0].permitted);
                                              ^
/builddir/build/BUILD/libcap-ng-0.8.2/src/cap-ng.c:874:22: warning: implicit declaration of function 'FIXUP' is invalid in C99 <--[dioscc]
                filedata->rootid = FIXUP(m.rootid);
                                   ^
/builddir/build/BUILD/libcap-ng-0.8.2/src/cap-ng.c:907:8: warning: implicit declaration of function 'fremovexattr' is invalid in C99 <--[dioscc]
                rc = fremovexattr(fd, XATTR_NAME_CAPS);
                     ^
/builddir/build/BUILD/libcap-ng-0.8.2/src/cap-ng.c:914:8: warning: implicit declaration of function 'fsetxattr' is invalid in C99 <--[dioscc]
                rc = fsetxattr(fd, XATTR_NAME_CAPS, &filedata, size, 0);
                     ^
/builddir/build/BUILD/libcap-ng-0.8.2/src/cap-ng.c:958:6: warning: implicit declaration of function 'prctl' is invalid in C99 <--[dioscc]
        if (prctl(PR_SET_KEEPCAPS, 1, 0, 0, 0))
            ^
/builddir/build/BUILD/libcap-ng-0.8.2/src/cap-ng.c:980:8: warning: implicit declaration of function 'setresgid' is invalid in C99 <--[dioscc]
                rc = setresgid(gid, gid, gid);
                     ^
/builddir/build/BUILD/libcap-ng-0.8.2/src/cap-ng.c:991:8: warning: implicit declaration of function 'initgroups' is invalid in C99 <--[dioscc]
                        if (initgroups(pw->pw_name, gid))
                            ^
/builddir/build/BUILD/libcap-ng-0.8.2/src/cap-ng.c:993:14: warning: implicit declaration of function 'initgroups' is invalid in C99 <--[dioscc]
                } else if (initgroups(pw->pw_name, pw->pw_gid))
                           ^
/builddir/build/BUILD/libcap-ng-0.8.2/src/cap-ng.c:999:7: warning: implicit declaration of function 'setgroups' is invalid in C99 <--[dioscc]
                if (setgroups(0, NULL))
                    ^
/builddir/build/BUILD/libcap-ng-0.8.2/src/cap-ng.c:1005:8: warning: implicit declaration of function 'setresuid' is invalid in C99 <--[dioscc]
                rc = setresuid(uid, uid, uid);
                     ^
/builddir/build/BUILD/libcap-ng-0.8.2/src/cap-ng.c:1039:11: warning: implicit declaration of function 'prctl' is invalid in C99 <--[dioscc]
        int rc = prctl(PR_SET_SECUREBITS,
                 ^
21 warnings and 6 errors generated.
Error building cap-ng.c
make.orig[2]: *** [Makefile:553: cap-ng.lo] Error 1
make.orig[2]: Leaving directory '/builddir/build/BUILD/libcap-ng-0.8.2/src'
make.orig[2]: Target 'install-am' not remade because of errors.
make.orig[1]: Leaving directory '/builddir/build/BUILD/libcap-ng-0.8.2/src'
make.orig[1]: *** [Makefile:610: install-recursive] Error 1
make.orig[1]: Target 'install' not remade because of errors.
Making install in utils
make.orig[1]: Entering directory '/builddir/build/BUILD/libcap-ng-0.8.2/utils'
/bin/sh ../libtool  --tag=CC   --mode=link dioscc -W -Wall -Wshadow -Wformat -Wundef -D_GNU_SOURCE -O0  -O0 -o pscap pscap.o  -L../src -lcap-ng
libtool: link: dioscc -W -Wall -Wshadow -Wformat -Wundef -D_GNU_SOURCE -O0 -O0 -o pscap pscap.o  -L../src -lcap-ng
failed to link, ld exited with exitcode = 1, signal = 0
stderr:
    /usr/bin/ld: cannot find -lcap-ng


make.orig[1]: *** [Makefile:488: pscap] Error 1
/bin/sh ../libtool  --tag=CC   --mode=link dioscc -W -Wall -Wshadow -Wformat -Wundef -D_GNU_SOURCE -O0  -O0 -o netcap netcap.o proc-llist.o  -L../src -lcap-ng
libtool: link: dioscc -W -Wall -Wshadow -Wformat -Wundef -D_GNU_SOURCE -O0 -O0 -o netcap netcap.o proc-llist.o  -L../src -lcap-ng
failed to link, ld exited with exitcode = 1, signal = 0
stderr:
    /usr/bin/ld: cannot find -lcap-ng


make.orig[1]: *** [Makefile:484: netcap] Error 1
dioscc -DHAVE_CONFIG_H -I. -I..  -I.. -I../src  -W -Wall -Wshadow -Wformat -Wundef -D_GNU_SOURCE -O0 -c -o filecap.o filecap.c
In file included from /builddir/build/BUILD/libcap-ng-0.8.2/utils/filecap.c:32: <--[dioscc]
/usr/include/ftw.h:137:6: error: expected function body after function declarator <--[dioscc]
     __nonnull ((1, 2));
     ^
/usr/include/ftw.h:159:24: error: expected function body after function declarator <--[dioscc]
                  int __descriptors) __nonnull ((1, 2));
                                     ^
/usr/include/ftw.h:180:16: error: expected function body after function declarator <--[dioscc]
                 int __flag) __nonnull ((1, 2));
                             ^
/usr/include/ftw.h:203:37: error: expected function body after function declarator <--[dioscc]
                   int __descriptors, int __flag) __nonnull ((1, 2));
                                                  ^
/builddir/build/BUILD/libcap-ng-0.8.2/utils/filecap.c:223:9: error: use of undeclared identifier 'rc' <--[dioscc]
        return rc;
               ^
/builddir/build/BUILD/libcap-ng-0.8.2/utils/filecap.c:112:14: warning: unused parameter 'argc' <--[dioscc]
int main(int argc, char *argv[])
             ^
/builddir/build/BUILD/libcap-ng-0.8.2/utils/filecap.c:112:26: warning: unused parameter 'argv' <--[dioscc]
int main(int argc, char *argv[])
                         ^
2 warnings and 5 errors generated.
Error building filecap.c
make.orig[1]: *** [Makefile:497: filecap.o] Error 1
dioscc -DHAVE_CONFIG_H -I. -I..  -I.. -I../src  -W -Wall -Wshadow -Wformat -Wundef -D_GNU_SOURCE -O0 -c -o captest.o captest.c
In file included from /builddir/build/BUILD/libcap-ng-0.8.2/utils/captest.c:33: <--[dioscc]
/usr/include/sys/prctl.h:42:38: error: expected function body after function declarator <--[dioscc]
extern int prctl (int __option, ...) __THROW;
                                     ^
/builddir/build/BUILD/libcap-ng-0.8.2/utils/captest.c:68:2: warning: implicit declaration of function 'getresuid' is invalid in C99 <--[dioscc]
        getresuid(&uid, &euid, &suid);
        ^
/builddir/build/BUILD/libcap-ng-0.8.2/utils/captest.c:69:2: warning: implicit declaration of function 'getresgid' is invalid in C99 <--[dioscc]
        getresgid(&gid, &egid, &sgid);
        ^
/builddir/build/BUILD/libcap-ng-0.8.2/utils/captest.c:75:4: warning: implicit declaration of function 'setuid' is invalid in C99 <--[dioscc]
                        setuid(0);
                        ^
/builddir/build/BUILD/libcap-ng-0.8.2/utils/captest.c:79:5: warning: implicit declaration of function 'setgid' is invalid in C99 <--[dioscc]
                                setgid(0);
                                ^
/builddir/build/BUILD/libcap-ng-0.8.2/utils/captest.c:152:7: warning: implicit declaration of function 'prctl' is invalid in C99 <--[dioscc]
        rc = prctl(PR_GET_SECUREBITS, 1 << SECURE_NOROOT);
             ^
5 warnings and 1 error generated.
Error building captest.c
make.orig[1]: *** [Makefile:497: captest.o] Error 1
make.orig[1]: Leaving directory '/builddir/build/BUILD/libcap-ng-0.8.2/utils'
make.orig[1]: Target 'install' not remade because of errors.
Making install in m4
make.orig[1]: Entering directory '/builddir/build/BUILD/libcap-ng-0.8.2/m4'
make.orig[2]: Entering directory '/builddir/build/BUILD/libcap-ng-0.8.2/m4'
make.orig[2]: Nothing to be done for 'install-exec-am'.
 /usr/bin/mkdir -p '/builddir/build/BUILDROOT/libcap-ng-0.8.2-6.fc35.x86_64/usr/share/aclocal'
 /usr/bin/install -p -m 644 cap-ng.m4 '/builddir/build/BUILDROOT/libcap-ng-0.8.2-6.fc35.x86_64/usr/share/aclocal'
make.orig[2]: Leaving directory '/builddir/build/BUILD/libcap-ng-0.8.2/m4'
make.orig[1]: Leaving directory '/builddir/build/BUILD/libcap-ng-0.8.2/m4'
Making install in docs
make.orig[1]: Entering directory '/builddir/build/BUILD/libcap-ng-0.8.2/docs'
make.orig[2]: Entering directory '/builddir/build/BUILD/libcap-ng-0.8.2/docs'
make.orig[2]: Nothing to be done for 'install-exec-am'.
 /usr/bin/mkdir -p '/builddir/build/BUILDROOT/libcap-ng-0.8.2-6.fc35.x86_64/usr/share/man/man3'
 /usr/bin/install -p -m 644 capng_clear.3 capng_fill.3 capng_setpid.3 capng_get_caps_process.3 capng_update.3 capng_updatev.3 capng_apply.3 capng_lock.3 capng_change_id.3 capng_get_caps_fd.3 capng_apply_caps_fd.3 capng_have_capabilities.3 capng_get_rootid.3 capng_set_rootid.3 capng_have_capability.3 capng_print_caps_numeric.3 capng_print_caps_text.3 capng_name_to_capability.3 capng_capability_to_name.3 capng_save_state.3 capng_restore_state.3 '/builddir/build/BUILDROOT/libcap-ng-0.8.2-6.fc35.x86_64/usr/share/man/man3'
 /usr/bin/mkdir -p '/builddir/build/BUILDROOT/libcap-ng-0.8.2-6.fc35.x86_64/usr/share/man/man7'
 /usr/bin/install -p -m 644 libdrop_ambient.7 '/builddir/build/BUILDROOT/libcap-ng-0.8.2-6.fc35.x86_64/usr/share/man/man7'
make.orig[2]: Leaving directory '/builddir/build/BUILD/libcap-ng-0.8.2/docs'
make.orig[1]: Leaving directory '/builddir/build/BUILD/libcap-ng-0.8.2/docs'
Making install in bindings
make.orig[1]: Entering directory '/builddir/build/BUILD/libcap-ng-0.8.2/bindings'
Making install in src
make.orig[2]: Entering directory '/builddir/build/BUILD/libcap-ng-0.8.2/bindings/src'
make.orig[3]: Entering directory '/builddir/build/BUILD/libcap-ng-0.8.2/bindings/src'
make.orig[3]: Nothing to be done for 'install-exec-am'.
make.orig[3]: Nothing to be done for 'install-data-am'.
make.orig[3]: Leaving directory '/builddir/build/BUILD/libcap-ng-0.8.2/bindings/src'
make.orig[2]: Leaving directory '/builddir/build/BUILD/libcap-ng-0.8.2/bindings/src'
Making install in python3
make.orig[2]: Entering directory '/builddir/build/BUILD/libcap-ng-0.8.2/bindings/python3'
/bin/sh ../../libtool  --tag=CC   --mode=compile dioscc -DHAVE_CONFIG_H -I. -I../..  -I. -I../.. -I/usr/include/python3.10 -I/usr/include/python3.10  -shared -O0 -c -o _capng_la-capng_wrap.lo `test -f 'capng_wrap.c' || echo './'`capng_wrap.c
libtool: compile:  dioscc -DHAVE_CONFIG_H -I. -I../.. -I. -I../.. -I/usr/include/python3.10 -I/usr/include/python3.10 -O0 -c capng_wrap.c  -fPIC -DPIC -o .libs/_capng_la-capng_wrap.o
In file included from /builddir/build/BUILD/libcap-ng-0.8.2/bindings/python3/capng_wrap.c:154: <--[dioscc]
In file included from /usr/include/python3.10/Python.h:122: <--[dioscc]
/usr/include/python3.10/pythread.h:136:5: error: "Require native threads. See https://bugs.python.org/issue31370" <--[dioscc]
#   error "Require native threads. See https://bugs.python.org/issue31370"
    ^
/usr/include/python3.10/pythread.h:145:5: error: unknown type name 'NATIVE_TSS_KEY_T' <--[dioscc]
    NATIVE_TSS_KEY_T _key;
    ^
2 errors generated.
Error building capng_wrap.c
make.orig[2]: *** [Makefile:503: _capng_la-capng_wrap.lo] Error 1
make.orig[2]: Leaving directory '/builddir/build/BUILD/libcap-ng-0.8.2/bindings/python3'
make.orig[2]: *** No rule to make target '../../src/libcap-ng.la', needed by '_capng.la'.
make.orig[2]: Target 'install' not remade because of errors.
make.orig[2]: Entering directory '/builddir/build/BUILD/libcap-ng-0.8.2/bindings'
make.orig[3]: Entering directory '/builddir/build/BUILD/libcap-ng-0.8.2/bindings'
make.orig[3]: Nothing to be done for 'install-exec-am'.
make.orig[3]: Nothing to be done for 'install-data-am'.
make.orig[3]: Leaving directory '/builddir/build/BUILD/libcap-ng-0.8.2/bindings'
make.orig[2]: Leaving directory '/builddir/build/BUILD/libcap-ng-0.8.2/bindings'
make.orig[1]: Leaving directory '/builddir/build/BUILD/libcap-ng-0.8.2/bindings'
make.orig[1]: *** [Makefile:399: install-recursive] Error 1
make.orig[1]: Target 'install' not remade because of errors.
make.orig[1]: Entering directory '/builddir/build/BUILD/libcap-ng-0.8.2'
make.orig[2]: Entering directory '/builddir/build/BUILD/libcap-ng-0.8.2'
make.orig[2]: Nothing to be done for 'install-exec-am'.
make.orig[2]: Nothing to be done for 'install-data-am'.
make.orig[2]: Leaving directory '/builddir/build/BUILD/libcap-ng-0.8.2'
make.orig[1]: Leaving directory '/builddir/build/BUILD/libcap-ng-0.8.2'
make.orig: *** [Makefile:448: install-recursive] Error 1
make.orig: Target 'install' not remade because of errors.

RPM build errors:
error: Bad exit status from /var/tmp/rpm-tmp.CkL6v1 (%install)
    Bad exit status from /var/tmp/rpm-tmp.CkL6v1 (%install)
Finish: chroot ['/bin/su mockbuild -l -c "PATH=/usr/lib64/cswrap:\\$PATH CSWRAP_CAP_FILE=\\$\'/builddir/cswrap-capture.err\' CSWRAP_TIMEOUT=\\$\'30\' CSWRAP_TIMEOUT_FOR=\\$\':\' CC=\\$\'dioscc\' CXX=\\$\'diosc++\' CSEXEC_WRAP_CMD=\\$\'--skip-ld-linux\\\\a/usr/bin/csexec-divine\\\\a-l\\\\a/builddir/divine-capture\\\\a-d\\\\acheck --lart stubs -o ignore:notimplemented -o ignore:exit --max-time 8 \' CSWRAP_ADD_CFLAGS=\\$\'-Wno-unknown-pragmas:-Wno-unknown-warning-option:-O0:-g:-Wl,--dynamic-linker,/usr/bin/csexec-loader:-Wno-unknown-pragmas:-Wl,--dynamic-linker,/usr/bin/csexec-loader\' CSWRAP_DEL_CFLAGS=\\$\'-Werror*:-fdiagnostics-color*:-no-canonical-prefixes:-Wno-error=deprecated-register:-O1:-O2:-O3:-Os:-Ofast:-Og:-Werror*:-fdiagnostics-color*:-no-canonical-prefixes:-Wno-error=deprecated-register\' CSWRAP_ADD_CXXFLAGS=\\$\'-Wno-unknown-warning-option:-O0:-g:-Wl,--dynamic-linker,/usr/bin/csexec-loader:-Wl,--dynamic-linker,/usr/bin/csexec-loader\' CSWRAP_DEL_CXXFLAGS=\\$\'-Werror*:-fdiagnostics-color*:-no-canonical-prefixes:-Wno-error=deprecated-register:-O1:-O2:-O3:-Os:-Ofast:-Og:-Werror*:-fdiagnostics-color*:-no-canonical-prefixes:-Wno-error=deprecated-register\' sh -c \\"rpmbuild -bi --nodeps --short-circuit /builddir/build/SPECS/libcap-ng.spec \'--define\' \'_unpackaged_files_terminate_build 0\' \'--define\' \'apidocs 0\' \'--define\' \'with_publican 0\' \'--without\' \'docs\' \'--without\' \'langpacks\' \'--define\' \'__cc dioscc\' \'--define\' \'__cxx diosc++\' \'--define\' \'__cpp dioscc -E\' \'--define\' \'toolchain clang\' \'--define\' \'optflags -O0\' \'--define\' \'build_ldflags -O0\'\\""']

!!! 2023-01-26 06:55:34	error: %install failed

>>> 2023-01-26 06:55:34	"'/usr/bin/mock' '-r' 'fedora-35-x86_64' '--plugin-option=tmpfs:keep_mounted=True' '--config-opts=print_main_output=True' '--quiet' '--shell' 'tar -c --remove-files '/builddir/cswrap-capture.err' '/builddir/divine-capture'' | tar -xC '/home/mockbuilder/aufover-benchmark/workdir-for-sync/rpm-pkgs/libcap-ng-0.8.2-6.fc35/divine/output/debug/raw-results'"
tar: Removing leading `/' from member names
tar: Removing leading `/' from hard link targets

>>> 2023-01-26 06:55:40	"chmod" "-R" "+r" "/home/mockbuilder/aufover-benchmark/workdir-for-sync/rpm-pkgs/libcap-ng-0.8.2-6.fc35/divine/output/debug/raw-results/builddir/divine-capture"

>>> 2023-01-26 06:55:40	"cd '/home/mockbuilder/aufover-benchmark/workdir-for-sync/rpm-pkgs/libcap-ng-0.8.2-6.fc35/divine/output/debug/raw-results/builddir/divine-capture' && touch empty.conv && csgrep --mode=json --remove-duplicates *.conv > '/home/mockbuilder/aufover-benchmark/workdir-for-sync/rpm-pkgs/libcap-ng-0.8.2-6.fc35/divine/output/debug/uni-results/divine-capture.js'"

scan.ini: time-finished = 2023-01-26 06:55:40
scan.ini: exit-code = 1
>>> 2023-01-26 06:55:40	"cslinker --quiet --cwelist '/usr/share/csmock/cwe-map.csv' --inifile '/home/mockbuilder/aufover-benchmark/workdir-for-sync/rpm-pkgs/libcap-ng-0.8.2-6.fc35/divine/output/scan.ini' '/home/mockbuilder/aufover-benchmark/workdir-for-sync/rpm-pkgs/libcap-ng-0.8.2-6.fc35/divine/output/debug/uni-results'/* > '/home/mockbuilder/aufover-benchmark/workdir-for-sync/rpm-pkgs/libcap-ng-0.8.2-6.fc35/divine/output/debug/scan-results-all.js'"

>>> 2023-01-26 06:55:40	"'/usr/bin/mock' '-r' 'fedora-35-x86_64' '--plugin-option=tmpfs:keep_mounted=True' '--config-opts=print_main_output=True' '--quiet' '--shell' 'csgrep --mode=json --embed-context 3' < '/home/mockbuilder/aufover-benchmark/workdir-for-sync/rpm-pkgs/libcap-ng-0.8.2-6.fc35/divine/output/debug/scan-results-all.js' > '/home/mockbuilder/aufover-benchmark/workdir-for-sync/rpm-pkgs/libcap-ng-0.8.2-6.fc35/divine/output/debug/scan-results-all.js.tmp'"

>>> 2023-01-26 06:55:45	"/usr/bin/mock" "-r" "fedora-35-x86_64" "--plugin-option=tmpfs:keep_mounted=True" "--config-opts=print_main_output=True" "--quiet" "--clean"

>>> 2023-01-26 06:56:00	"cat '/home/mockbuilder/aufover-benchmark/workdir-for-sync/rpm-pkgs/libcap-ng-0.8.2-6.fc35/divine/output/debug/scan-results-all.js' | sed 's|/builddir/build/BUILDROOT/[^/]*/|/builddir/build/BUILD//|' | csgrep --mode=json --path '^/builddir/build/BUILD/' --strip-path-prefix /builddir/build/BUILD/ | csgrep --mode=json --invert-match --path '^ksh-.*[0-9]+\\.c\$' | csgrep --mode=json --invert-match --path 'CMakeFiles/CMakeTmp|conftest.c' | cssort --key=path > '/home/mockbuilder/aufover-benchmark/workdir-for-sync/rpm-pkgs/libcap-ng-0.8.2-6.fc35/divine/output/scan-results.js'"

>>> 2023-01-26 06:56:00	"sed 's|/builddir/build/BUILDROOT/[^/]*/|/builddir/build/BUILD//|' '/home/mockbuilder/aufover-benchmark/workdir-for-sync/rpm-pkgs/libcap-ng-0.8.2-6.fc35/divine/output/debug/scan-results-all.js' | csgrep --mode=json --strip-path-prefix /builddir/build/BUILD/ | csdiff --show-internal '/home/mockbuilder/aufover-benchmark/workdir-for-sync/rpm-pkgs/libcap-ng-0.8.2-6.fc35/divine/output/scan-results.js' - | cssort > '/home/mockbuilder/aufover-benchmark/workdir-for-sync/rpm-pkgs/libcap-ng-0.8.2-6.fc35/divine/output/debug/suppressed-results.js'"

>>> 2023-01-26 06:56:00	"csgrep --mode=grep --invert-match --event \"internal warning\" --prune-events=1 '/home/mockbuilder/aufover-benchmark/workdir-for-sync/rpm-pkgs/libcap-ng-0.8.2-6.fc35/divine/output/debug/suppressed-results.js' > '/home/mockbuilder/aufover-benchmark/workdir-for-sync/rpm-pkgs/libcap-ng-0.8.2-6.fc35/divine/output/debug/suppressed-results.err'"

>>> 2023-01-26 06:56:00	"csgrep --mode=json --invert-match --event \"internal warning\" --prune-events=1 '/home/mockbuilder/aufover-benchmark/workdir-for-sync/rpm-pkgs/libcap-ng-0.8.2-6.fc35/divine/output/debug/suppressed-results.js' | cshtml - > '/home/mockbuilder/aufover-benchmark/workdir-for-sync/rpm-pkgs/libcap-ng-0.8.2-6.fc35/divine/output/debug/suppressed-results.html'"

>>> 2023-01-26 06:56:00	"csgrep --mode=evtstat --invert-match --event \"internal warning\" --prune-events=1 '/home/mockbuilder/aufover-benchmark/workdir-for-sync/rpm-pkgs/libcap-ng-0.8.2-6.fc35/divine/output/debug/suppressed-results.js' | tee '/home/mockbuilder/aufover-benchmark/workdir-for-sync/rpm-pkgs/libcap-ng-0.8.2-6.fc35/divine/output/debug/suppressed-results-summary.txt'"

>>> 2023-01-26 06:56:00	"csgrep --mode=grep --invert-match --event \"internal warning\" --prune-events=1 '/home/mockbuilder/aufover-benchmark/workdir-for-sync/rpm-pkgs/libcap-ng-0.8.2-6.fc35/divine/output/scan-results.js' > '/home/mockbuilder/aufover-benchmark/workdir-for-sync/rpm-pkgs/libcap-ng-0.8.2-6.fc35/divine/output/scan-results.err'"

>>> 2023-01-26 06:56:00	"csgrep --mode=json --invert-match --event \"internal warning\" --prune-events=1 '/home/mockbuilder/aufover-benchmark/workdir-for-sync/rpm-pkgs/libcap-ng-0.8.2-6.fc35/divine/output/scan-results.js' | cshtml - > '/home/mockbuilder/aufover-benchmark/workdir-for-sync/rpm-pkgs/libcap-ng-0.8.2-6.fc35/divine/output/scan-results.html'"

>>> 2023-01-26 06:56:00	"csgrep --mode=evtstat --invert-match --event \"internal warning\" --prune-events=1 '/home/mockbuilder/aufover-benchmark/workdir-for-sync/rpm-pkgs/libcap-ng-0.8.2-6.fc35/divine/output/scan-results.js' | tee '/home/mockbuilder/aufover-benchmark/workdir-for-sync/rpm-pkgs/libcap-ng-0.8.2-6.fc35/divine/output/scan-results-summary.txt'"
     28	COMPILER_WARNING                                	warning

<<< 2023-01-26 06:56:00	csmock exit code: 1

