scan.ini: [scan]
scan.ini: tool = csmock
scan.ini: tool-version = csmock-3.3.5-1.fc36
scan.ini: tool-args = '/usr/bin/csmock' '-o' '/home/mockbuilder/aufover-benchmark/workdir-for-sync/rpm-pkgs/libseccomp-2.5.0-5.fc35/divine/output' '-f' '/home/mockbuilder/aufover-benchmark/workdir-for-sync/rpm-pkgs/libseccomp-2.5.0-5.fc35/libseccomp-2.5.0-5.fc35.src.rpm' '-r' 'fedora-35-x86_64' '-t' 'divine' '--divine-timeout=8' '--keep-going'
scan.ini: host = dell-pe-fm120-1b.dell2.lab.eng.bos.redhat.com
scan.ini: store-results-to = /home/mockbuilder/aufover-benchmark/workdir-for-sync/rpm-pkgs/libseccomp-2.5.0-5.fc35/divine/output
scan.ini: time-created = 2023-01-26 23:49:39
scan.ini: enabled-plugins = divine, gcc
scan.ini: mock-config = fedora-35-x86_64
scan.ini: project-name = libseccomp-2.5.0-5.fc35
>>> 2023-01-26 23:49:39	"rpm -qa | sort -V > '/home/mockbuilder/aufover-benchmark/workdir-for-sync/rpm-pkgs/libseccomp-2.5.0-5.fc35/divine/output/debug/rpm-list-host.txt'"

>>> 2023-01-26 23:49:40	"/usr/bin/mock" "-r" "fedora-35-x86_64" "--plugin-option=tmpfs:keep_mounted=True" "--config-opts=print_main_output=True" "--init"
INFO: mock.py version 3.5 starting (python version = 3.10.9, NVR = mock-3.5-1.fc36)...
Start(bootstrap): init plugins
INFO: selinux enabled
Finish(bootstrap): init plugins
Start: init plugins
INFO: selinux enabled
Finish: init plugins
INFO: Signal handler active
Start: run
Start: clean chroot
Finish: clean chroot
Start(bootstrap): chroot init
INFO: calling preinit hooks
INFO: enabled root cache
INFO: enabled package manager cache
Start(bootstrap): cleaning package manager metadata
Finish(bootstrap): cleaning package manager metadata
INFO: enabled HW Info plugin
Mock Version: 3.5
INFO: Mock Version: 3.5
Finish(bootstrap): chroot init
Start: chroot init
INFO: calling preinit hooks
INFO: enabled root cache
Start: unpacking root cache
Finish: unpacking root cache
INFO: enabled package manager cache
Start: cleaning package manager metadata
Finish: cleaning package manager metadata
INFO: enabled HW Info plugin
Mock Version: 3.5
INFO: Mock Version: 3.5
Finish: chroot init
Finish: run

>>> 2023-01-26 23:49:48	"/usr/bin/mock" "-r" "fedora-35-x86_64" "--plugin-option=tmpfs:keep_mounted=True" "--config-opts=print_main_output=True" "--quiet" "--installdeps" "/tmp/csmock60v9c3sn/libseccomp-2.5.0-5.fc35.src.rpm"
No matches found for the following disable plugin patterns: local, spacewalk, versionlock
fedora                   [===                 ] ---  B/s |   0  B     --:-- ETAfedora              100% [====================]  15 kB/s | 4.5 kB     00:00 ETAfedora                                           15 kB/s | 4.5 kB     00:00    
updates                  [===                 ] ---  B/s |   0  B     --:-- ETAupdates                                          16 kB/s | 2.8 kB     00:00    
Dependencies resolved.
================================================================================
 Package                   Arch      Version                   Repository  Size
================================================================================
Installing:
 [1mgcc                      [m x86_64    11.3.1-3.fc35             updates     31 M
 [1mgperf                    [m x86_64    3.1-12.fc35               fedora     394 k
 [1mmake                     [m x86_64    1:4.3-6.fc35              fedora     533 k
 [1mvalgrind                 [m x86_64    1:3.19.0-3.fc35           updates    4.8 M
Installing dependencies:
 [1mannobin-docs             [m noarch    10.79-1.fc35              updates     91 k
 [1mannobin-plugin-gcc       [m x86_64    10.79-1.fc35              updates    882 k
 [1mcpp                      [m x86_64    11.3.1-3.fc35             updates     10 M
 [1mgc                       [m x86_64    8.0.4-6.fc35              fedora     103 k
 [1mglibc-devel              [m x86_64    2.34-49.fc35              updates     45 k
 [1mglibc-headers-x86        [m noarch    2.34-49.fc35              updates    445 k
 [1mgroff-base               [m x86_64    1.22.4-8.fc35             fedora     1.0 M
 [1mguile22                  [m x86_64    2.2.7-3.fc35              fedora     6.4 M
 [1mkernel-headers           [m x86_64    6.0.5-100.fc35            updates    1.3 M
 [1mlibmpc                   [m x86_64    1.2.1-3.fc35              fedora      62 k
 [1mlibtool-ltdl             [m x86_64    2.4.6-50.fc35             updates     36 k
 [1mlibxcrypt-devel          [m x86_64    4.4.33-3.fc35             updates     30 k
 [1mncurses                  [m x86_64    6.2-8.20210508.fc35       fedora     400 k
 [1mperl-Carp                [m noarch    1.52-478.fc35             fedora      29 k
 [1mperl-Class-Struct        [m noarch    0.66-486.fc35             updates     27 k
 [1mperl-DynaLoader          [m x86_64    1.50-486.fc35             updates     30 k
 [1mperl-Encode              [m x86_64    4:3.15-482.fc35           updates    1.7 M
 [1mperl-Errno               [m x86_64    1.33-486.fc35             updates     19 k
 [1mperl-Exporter            [m noarch    5.76-479.fc35             fedora      31 k
 [1mperl-Fcntl               [m x86_64    1.14-486.fc35             updates     25 k
 [1mperl-File-Basename       [m noarch    2.85-486.fc35             updates     22 k
 [1mperl-File-Path           [m noarch    2.18-478.fc35             fedora      35 k
 [1mperl-File-Temp           [m noarch    1:0.231.100-478.fc35      fedora      59 k
 [1mperl-File-stat           [m noarch    1.09-486.fc35             updates     22 k
 [1mperl-Getopt-Long         [m noarch    1:2.52-478.fc35           fedora      60 k
 [1mperl-Getopt-Std          [m noarch    1.13-486.fc35             updates     20 k
 [1mperl-HTTP-Tiny           [m noarch    0.080-1.fc35              updates     55 k
 [1mperl-IO                  [m x86_64    1.46-486.fc35             updates     91 k
 [1mperl-IPC-Open3           [m noarch    1.21-486.fc35             updates     27 k
 [1mperl-MIME-Base64         [m x86_64    3.16-478.fc35             fedora      30 k
 [1mperl-POSIX               [m x86_64    1.97-486.fc35             updates    102 k
 [1mperl-PathTools           [m x86_64    3.80-478.fc35             fedora      85 k
 [1mperl-Pod-Escapes         [m noarch    1:1.07-478.fc35           fedora      20 k
 [1mperl-Pod-Perldoc         [m noarch    3.28.01-479.fc35          fedora      84 k
 [1mperl-Pod-Simple          [m noarch    1:3.43-2.fc35             fedora     215 k
 [1mperl-Pod-Usage           [m noarch    4:2.01-478.fc35           fedora      40 k
 [1mperl-Scalar-List-Utils   [m x86_64    5:1.62-463.fc35           updates     72 k
 [1mperl-SelectSaver         [m noarch    1.02-486.fc35             updates     16 k
 [1mperl-Socket              [m x86_64    4:2.032-2.fc35            fedora      55 k
 [1mperl-Storable            [m x86_64    1:3.25-1.fc35             fedora      95 k
 [1mperl-Symbol              [m noarch    1.09-486.fc35             updates     19 k
 [1mperl-Term-ANSIColor      [m noarch    5.01-479.fc35             fedora      48 k
 [1mperl-Term-Cap            [m noarch    1.17-478.fc35             fedora      22 k
 [1mperl-Text-ParseWords     [m noarch    3.30-478.fc35             fedora      16 k
 [1mperl-Text-Tabs+Wrap      [m noarch    2021.0814-1.fc35          fedora      22 k
 [1mperl-Time-Local          [m noarch    2:1.300-478.fc35          fedora      33 k
 [1mperl-constant            [m noarch    1.33-479.fc35             fedora      23 k
 [1mperl-if                  [m noarch    0.60.900-486.fc35         updates     18 k
 [1mperl-interpreter         [m x86_64    4:5.34.1-486.fc35         updates     76 k
 [1mperl-libs                [m x86_64    4:5.34.1-486.fc35         updates    2.1 M
 [1mperl-mro                 [m x86_64    1.25-486.fc35             updates     33 k
 [1mperl-overload            [m noarch    1.33-486.fc35             updates     50 k
 [1mperl-overloading         [m noarch    0.02-486.fc35             updates     17 k
 [1mperl-parent              [m noarch    1:0.238-478.fc35          fedora      14 k
 [1mperl-podlators           [m noarch    1:4.14-478.fc35           fedora     111 k
 [1mperl-subs                [m noarch    1.04-486.fc35             updates     16 k
 [1mperl-vars                [m noarch    1.05-486.fc35             updates     17 k

Transaction Summary
================================================================================
Install  61 Packages

Total size: 64 M
Installed size: 218 M
Downloading Packages:
[SKIPPED] gc-8.0.4-6.fc35.x86_64.rpm: Already downloaded                       
[SKIPPED] gperf-3.1-12.fc35.x86_64.rpm: Already downloaded                     
[SKIPPED] groff-base-1.22.4-8.fc35.x86_64.rpm: Already downloaded              
[SKIPPED] guile22-2.2.7-3.fc35.x86_64.rpm: Already downloaded                  
[SKIPPED] libmpc-1.2.1-3.fc35.x86_64.rpm: Already downloaded                   
[SKIPPED] make-4.3-6.fc35.x86_64.rpm: Already downloaded                       
[SKIPPED] ncurses-6.2-8.20210508.fc35.x86_64.rpm: Already downloaded           
[SKIPPED] perl-Carp-1.52-478.fc35.noarch.rpm: Already downloaded               
[SKIPPED] perl-Exporter-5.76-479.fc35.noarch.rpm: Already downloaded           
[SKIPPED] perl-File-Path-2.18-478.fc35.noarch.rpm: Already downloaded          
[SKIPPED] perl-File-Temp-0.231.100-478.fc35.noarch.rpm: Already downloaded     
[SKIPPED] perl-Getopt-Long-2.52-478.fc35.noarch.rpm: Already downloaded        
[SKIPPED] perl-MIME-Base64-3.16-478.fc35.x86_64.rpm: Already downloaded        
[SKIPPED] perl-PathTools-3.80-478.fc35.x86_64.rpm: Already downloaded          
[SKIPPED] perl-Pod-Escapes-1.07-478.fc35.noarch.rpm: Already downloaded        
[SKIPPED] perl-Pod-Perldoc-3.28.01-479.fc35.noarch.rpm: Already downloaded     
[SKIPPED] perl-Pod-Simple-3.43-2.fc35.noarch.rpm: Already downloaded           
[SKIPPED] perl-Pod-Usage-2.01-478.fc35.noarch.rpm: Already downloaded          
[SKIPPED] perl-Socket-2.032-2.fc35.x86_64.rpm: Already downloaded              
[SKIPPED] perl-Storable-3.25-1.fc35.x86_64.rpm: Already downloaded             
[SKIPPED] perl-Term-ANSIColor-5.01-479.fc35.noarch.rpm: Already downloaded     
[SKIPPED] perl-Term-Cap-1.17-478.fc35.noarch.rpm: Already downloaded           
[SKIPPED] perl-Text-ParseWords-3.30-478.fc35.noarch.rpm: Already downloaded    
[SKIPPED] perl-Text-Tabs+Wrap-2021.0814-1.fc35.noarch.rpm: Already downloaded  
[SKIPPED] perl-Time-Local-1.300-478.fc35.noarch.rpm: Already downloaded        
[SKIPPED] perl-constant-1.33-479.fc35.noarch.rpm: Already downloaded           
[SKIPPED] perl-parent-0.238-478.fc35.noarch.rpm: Already downloaded            
[SKIPPED] perl-podlators-4.14-478.fc35.noarch.rpm: Already downloaded          
[SKIPPED] annobin-docs-10.79-1.fc35.noarch.rpm: Already downloaded             
[SKIPPED] annobin-plugin-gcc-10.79-1.fc35.x86_64.rpm: Already downloaded       
[SKIPPED] cpp-11.3.1-3.fc35.x86_64.rpm: Already downloaded                     
[SKIPPED] gcc-11.3.1-3.fc35.x86_64.rpm: Already downloaded                     
[SKIPPED] glibc-devel-2.34-49.fc35.x86_64.rpm: Already downloaded              
[SKIPPED] glibc-headers-x86-2.34-49.fc35.noarch.rpm: Already downloaded        
[SKIPPED] kernel-headers-6.0.5-100.fc35.x86_64.rpm: Already downloaded         
[SKIPPED] libtool-ltdl-2.4.6-50.fc35.x86_64.rpm: Already downloaded            
[SKIPPED] libxcrypt-devel-4.4.33-3.fc35.x86_64.rpm: Already downloaded         
[SKIPPED] perl-Class-Struct-0.66-486.fc35.noarch.rpm: Already downloaded       
[SKIPPED] perl-DynaLoader-1.50-486.fc35.x86_64.rpm: Already downloaded         
[SKIPPED] perl-Encode-3.15-482.fc35.x86_64.rpm: Already downloaded             
[SKIPPED] perl-Errno-1.33-486.fc35.x86_64.rpm: Already downloaded              
[SKIPPED] perl-Fcntl-1.14-486.fc35.x86_64.rpm: Already downloaded              
[SKIPPED] perl-File-Basename-2.85-486.fc35.noarch.rpm: Already downloaded      
[SKIPPED] perl-File-stat-1.09-486.fc35.noarch.rpm: Already downloaded          
[SKIPPED] perl-Getopt-Std-1.13-486.fc35.noarch.rpm: Already downloaded         
[SKIPPED] perl-HTTP-Tiny-0.080-1.fc35.noarch.rpm: Already downloaded           
[SKIPPED] perl-IO-1.46-486.fc35.x86_64.rpm: Already downloaded                 
[SKIPPED] perl-IPC-Open3-1.21-486.fc35.noarch.rpm: Already downloaded          
[SKIPPED] perl-POSIX-1.97-486.fc35.x86_64.rpm: Already downloaded              
[SKIPPED] perl-Scalar-List-Utils-1.62-463.fc35.x86_64.rpm: Already downloaded  
[SKIPPED] perl-SelectSaver-1.02-486.fc35.noarch.rpm: Already downloaded        
[SKIPPED] perl-Symbol-1.09-486.fc35.noarch.rpm: Already downloaded             
[SKIPPED] perl-if-0.60.900-486.fc35.noarch.rpm: Already downloaded             
[SKIPPED] perl-interpreter-5.34.1-486.fc35.x86_64.rpm: Already downloaded      
[SKIPPED] perl-libs-5.34.1-486.fc35.x86_64.rpm: Already downloaded             
[SKIPPED] perl-mro-1.25-486.fc35.x86_64.rpm: Already downloaded                
[SKIPPED] perl-overload-1.33-486.fc35.noarch.rpm: Already downloaded           
[SKIPPED] perl-overloading-0.02-486.fc35.noarch.rpm: Already downloaded        
[SKIPPED] perl-subs-1.04-486.fc35.noarch.rpm: Already downloaded               
[SKIPPED] perl-vars-1.05-486.fc35.noarch.rpm: Already downloaded               
[SKIPPED] valgrind-3.19.0-3.fc35.x86_64.rpm: Already downloaded                
Running transaction check
Transaction check succeeded.
Running transaction test
Transaction test succeeded.
Running transaction
  Preparing        :  [                                                   ] 1/1  Preparing        :  [=                                                  ] 1/1  Preparing        :  [==                                                 ] 1/1  Preparing        :  [===                                                ] 1/1  Preparing        :  [====                                               ] 1/1  Preparing        :  [=====                                              ] 1/1  Preparing        :  [======                                             ] 1/1  Preparing        :  [=======                                            ] 1/1  Preparing        :  [========                                           ] 1/1  Preparing        :  [=========                                          ] 1/1  Preparing        :  [==========                                         ] 1/1  Preparing        :  [===========                                        ] 1/1  Preparing        :  [============                                       ] 1/1  Preparing        :  [=============                                      ] 1/1  Preparing        :  [==============                                     ] 1/1  Preparing        :  [===============                                    ] 1/1  Preparing        :  [================                                   ] 1/1  Preparing        :  [=================                                  ] 1/1  Preparing        :  [==================                                 ] 1/1  Preparing        :  [===================                                ] 1/1  Preparing        :  [====================                               ] 1/1  Preparing        :  [=====================                              ] 1/1  Preparing        :  [======================                             ] 1/1  Preparing        :  [=======================                            ] 1/1  Preparing        :  [========================                           ] 1/1  Preparing        :  [=========================                          ] 1/1  Preparing        :  [==========================                         ] 1/1  Preparing        :  [===========================                        ] 1/1  Preparing        :  [============================                       ] 1/1  Preparing        :  [=============================                      ] 1/1  Preparing        :  [==============================                     ] 1/1  Preparing        :  [===============================                    ] 1/1  Preparing        :  [================================                   ] 1/1  Preparing        :  [=================================                  ] 1/1  Preparing        :  [==================================                 ] 1/1  Preparing        :  [===================================                ] 1/1  Preparing        :  [====================================               ] 1/1  Preparing        :  [=====================================              ] 1/1  Preparing        :  [======================================             ] 1/1  Preparing        :  [=======================================            ] 1/1  Preparing        :  [========================================           ] 1/1  Preparing        :  [=========================================          ] 1/1  Preparing        :  [==========================================         ] 1/1  Preparing        :  [===========================================        ] 1/1  Preparing        :  [============================================       ] 1/1  Preparing        :  [=============================================      ] 1/1  Preparing        :  [==============================================     ] 1/1  Preparing        :  [===============================================    ] 1/1  Preparing        :  [================================================   ] 1/1  Preparing        :  [=================================================  ] 1/1  Preparing        :                                                        1/1 
  Installing       : libmpc-1.2.1-3.fc35.x86_ [                         ]  1/61  Installing       : libmpc-1.2.1-3.fc35.x86_ [=====                    ]  1/61  Installing       : libmpc-1.2.1-3.fc35.x86_ [===========              ]  1/61  Installing       : libmpc-1.2.1-3.fc35.x86_ [=================        ]  1/61  Installing       : libmpc-1.2.1-3.fc35.x86_ [=====================    ]  1/61  Installing       : libmpc-1.2.1-3.fc35.x86_ [======================   ]  1/61  Installing       : libmpc-1.2.1-3.fc35.x86_ [=======================  ]  1/61  Installing       : libmpc-1.2.1-3.fc35.x86_ [======================== ]  1/61  Installing       : libmpc-1.2.1-3.fc35.x86_64                            1/61 
  Installing       : cpp-11.3.1-3.fc35.x86_64 [                         ]  2/61  Installing       : cpp-11.3.1-3.fc35.x86_64 [=                        ]  2/61  Installing       : cpp-11.3.1-3.fc35.x86_64 [==                       ]  2/61  Installing       : cpp-11.3.1-3.fc35.x86_64 [===                      ]  2/61  Installing       : cpp-11.3.1-3.fc35.x86_64 [====                     ]  2/61  Installing       : cpp-11.3.1-3.fc35.x86_64 [=====                    ]  2/61  Installing       : cpp-11.3.1-3.fc35.x86_64 [======                   ]  2/61  Installing       : cpp-11.3.1-3.fc35.x86_64 [=======                  ]  2/61  Installing       : cpp-11.3.1-3.fc35.x86_64 [========                 ]  2/61  Installing       : cpp-11.3.1-3.fc35.x86_64 [=========                ]  2/61  Installing       : cpp-11.3.1-3.fc35.x86_64 [==========               ]  2/61  Installing       : cpp-11.3.1-3.fc35.x86_64 [===========              ]  2/61  Installing       : cpp-11.3.1-3.fc35.x86_64 [============             ]  2/61  Installing       : cpp-11.3.1-3.fc35.x86_64 [=============            ]  2/61  Installing       : cpp-11.3.1-3.fc35.x86_64 [==============           ]  2/61  Installing       : cpp-11.3.1-3.fc35.x86_64 [===============          ]  2/61  Installing       : cpp-11.3.1-3.fc35.x86_64 [================         ]  2/61  Installing       : cpp-11.3.1-3.fc35.x86_64 [=================        ]  2/61  Installing       : cpp-11.3.1-3.fc35.x86_64 [==================       ]  2/61  Installing       : cpp-11.3.1-3.fc35.x86_64 [===================      ]  2/61  Installing       : cpp-11.3.1-3.fc35.x86_64 [====================     ]  2/61  Installing       : cpp-11.3.1-3.fc35.x86_64 [=====================    ]  2/61  Installing       : cpp-11.3.1-3.fc35.x86_64 [======================   ]  2/61  Installing       : cpp-11.3.1-3.fc35.x86_64 [=======================  ]  2/61  Installing       : cpp-11.3.1-3.fc35.x86_64 [======================== ]  2/61  Installing       : cpp-11.3.1-3.fc35.x86_64                              2/61 
  Installing       : libtool-ltdl-2.4.6-50.fc [                         ]  3/61  Installing       : libtool-ltdl-2.4.6-50.fc [===========              ]  3/61  Installing       : libtool-ltdl-2.4.6-50.fc [===============          ]  3/61  Installing       : libtool-ltdl-2.4.6-50.fc [======================== ]  3/61  Installing       : libtool-ltdl-2.4.6-50.fc35.x86_64                     3/61 
  Installing       : kernel-headers-6.0.5-100 [                         ]  4/61  Installing       : kernel-headers-6.0.5-100 [=                        ]  4/61  Installing       : kernel-headers-6.0.5-100 [==                       ]  4/61  Installing       : kernel-headers-6.0.5-100 [===                      ]  4/61  Installing       : kernel-headers-6.0.5-100 [====                     ]  4/61  Installing       : kernel-headers-6.0.5-100 [=====                    ]  4/61  Installing       : kernel-headers-6.0.5-100 [======                   ]  4/61  Installing       : kernel-headers-6.0.5-100 [=======                  ]  4/61  Installing       : kernel-headers-6.0.5-100 [========                 ]  4/61  Installing       : kernel-headers-6.0.5-100 [=========                ]  4/61  Installing       : kernel-headers-6.0.5-100 [==========               ]  4/61  Installing       : kernel-headers-6.0.5-100 [===========              ]  4/61  Installing       : kernel-headers-6.0.5-100 [============             ]  4/61  Installing       : kernel-headers-6.0.5-100 [=============            ]  4/61  Installing       : kernel-headers-6.0.5-100 [==============           ]  4/61  Installing       : kernel-headers-6.0.5-100 [===============          ]  4/61  Installing       : kernel-headers-6.0.5-100 [================         ]  4/61  Installing       : kernel-headers-6.0.5-100 [=================        ]  4/61  Installing       : kernel-headers-6.0.5-100 [==================       ]  4/61  Installing       : kernel-headers-6.0.5-100 [===================      ]  4/61  Installing       : kernel-headers-6.0.5-100 [====================     ]  4/61  Installing       : kernel-headers-6.0.5-100 [=====================    ]  4/61  Installing       : kernel-headers-6.0.5-100 [======================   ]  4/61  Installing       : kernel-headers-6.0.5-100 [=======================  ]  4/61  Installing       : kernel-headers-6.0.5-100 [======================== ]  4/61  Installing       : kernel-headers-6.0.5-100.fc35.x86_64                  4/61 
  Installing       : glibc-headers-x86-2.34-4 [                         ]  5/61  Installing       : glibc-headers-x86-2.34-4 [=                        ]  5/61  Installing       : glibc-headers-x86-2.34-4 [==                       ]  5/61  Installing       : glibc-headers-x86-2.34-4 [===                      ]  5/61  Installing       : glibc-headers-x86-2.34-4 [====                     ]  5/61  Installing       : glibc-headers-x86-2.34-4 [=====                    ]  5/61  Installing       : glibc-headers-x86-2.34-4 [======                   ]  5/61  Installing       : glibc-headers-x86-2.34-4 [=======                  ]  5/61  Installing       : glibc-headers-x86-2.34-4 [========                 ]  5/61  Installing       : glibc-headers-x86-2.34-4 [=========                ]  5/61  Installing       : glibc-headers-x86-2.34-4 [==========               ]  5/61  Installing       : glibc-headers-x86-2.34-4 [===========              ]  5/61  Installing       : glibc-headers-x86-2.34-4 [============             ]  5/61  Installing       : glibc-headers-x86-2.34-4 [=============            ]  5/61  Installing       : glibc-headers-x86-2.34-4 [==============           ]  5/61  Installing       : glibc-headers-x86-2.34-4 [===============          ]  5/61  Installing       : glibc-headers-x86-2.34-4 [================         ]  5/61  Installing       : glibc-headers-x86-2.34-4 [=================        ]  5/61  Installing       : glibc-headers-x86-2.34-4 [==================       ]  5/61  Installing       : glibc-headers-x86-2.34-4 [===================      ]  5/61  Installing       : glibc-headers-x86-2.34-4 [====================     ]  5/61  Installing       : glibc-headers-x86-2.34-4 [=====================    ]  5/61  Installing       : glibc-headers-x86-2.34-4 [======================   ]  5/61  Installing       : glibc-headers-x86-2.34-4 [=======================  ]  5/61  Installing       : glibc-headers-x86-2.34-4 [======================== ]  5/61  Installing       : glibc-headers-x86-2.34-49.fc35.noarch                 5/61 
  Installing       : libxcrypt-devel-4.4.33-3 [                         ]  6/61  Installing       : libxcrypt-devel-4.4.33-3 [========                 ]  6/61  Installing       : libxcrypt-devel-4.4.33-3 [=========                ]  6/61  Installing       : libxcrypt-devel-4.4.33-3 [=============            ]  6/61  Installing       : libxcrypt-devel-4.4.33-3 [=================        ]  6/61  Installing       : libxcrypt-devel-4.4.33-3 [====================     ]  6/61  Installing       : libxcrypt-devel-4.4.33-3 [=====================    ]  6/61  Installing       : libxcrypt-devel-4.4.33-3 [=======================  ]  6/61  Installing       : libxcrypt-devel-4.4.33-3 [======================== ]  6/61  Installing       : libxcrypt-devel-4.4.33-3.fc35.x86_64                  6/61 
  Installing       : glibc-devel-2.34-49.fc35 [                         ]  7/61  Installing       : glibc-devel-2.34-49.fc35 [=                        ]  7/61  Installing       : glibc-devel-2.34-49.fc35 [====                     ]  7/61  Installing       : glibc-devel-2.34-49.fc35 [=======                  ]  7/61  Installing       : glibc-devel-2.34-49.fc35 [========                 ]  7/61  Installing       : glibc-devel-2.34-49.fc35 [=============            ]  7/61  Installing       : glibc-devel-2.34-49.fc35 [=================        ]  7/61  Installing       : glibc-devel-2.34-49.fc35 [==================       ]  7/61  Installing       : glibc-devel-2.34-49.fc35 [====================     ]  7/61  Installing       : glibc-devel-2.34-49.fc35 [======================   ]  7/61  Installing       : glibc-devel-2.34-49.fc35 [======================== ]  7/61  Installing       : glibc-devel-2.34-49.fc35.x86_64                       7/61 
  Installing       : annobin-docs-10.79-1.fc3 [                         ]  8/61  Installing       : annobin-docs-10.79-1.fc3 [==                       ]  8/61  Installing       : annobin-docs-10.79-1.fc3 [===========              ]  8/61  Installing       : annobin-docs-10.79-1.fc3 [=============            ]  8/61  Installing       : annobin-docs-10.79-1.fc3 [======================   ]  8/61  Installing       : annobin-docs-10.79-1.fc3 [=======================  ]  8/61  Installing       : annobin-docs-10.79-1.fc3 [======================== ]  8/61  Installing       : annobin-docs-10.79-1.fc35.noarch                      8/61 
  Installing       : ncurses-6.2-8.20210508.f [                         ]  9/61  Installing       : ncurses-6.2-8.20210508.f [=                        ]  9/61  Installing       : ncurses-6.2-8.20210508.f [===                      ]  9/61  Installing       : ncurses-6.2-8.20210508.f [====                     ]  9/61  Installing       : ncurses-6.2-8.20210508.f [=====                    ]  9/61  Installing       : ncurses-6.2-8.20210508.f [======                   ]  9/61  Installing       : ncurses-6.2-8.20210508.f [=======                  ]  9/61  Installing       : ncurses-6.2-8.20210508.f [========                 ]  9/61  Installing       : ncurses-6.2-8.20210508.f [=========                ]  9/61  Installing       : ncurses-6.2-8.20210508.f [==========               ]  9/61  Installing       : ncurses-6.2-8.20210508.f [============             ]  9/61  Installing       : ncurses-6.2-8.20210508.f [=============            ]  9/61  Installing       : ncurses-6.2-8.20210508.f [===============          ]  9/61  Installing       : ncurses-6.2-8.20210508.f [================         ]  9/61  Installing       : ncurses-6.2-8.20210508.f [=================        ]  9/61  Installing       : ncurses-6.2-8.20210508.f [===================      ]  9/61  Installing       : ncurses-6.2-8.20210508.f [====================     ]  9/61  Installing       : ncurses-6.2-8.20210508.f [=====================    ]  9/61  Installing       : ncurses-6.2-8.20210508.f [======================   ]  9/61  Installing       : ncurses-6.2-8.20210508.f [=======================  ]  9/61  Installing       : ncurses-6.2-8.20210508.f [======================== ]  9/61  Installing       : ncurses-6.2-8.20210508.fc35.x86_64                    9/61 
  Running scriptlet: groff-base-1.22.4-8.fc35.x86_64                      10/61 
  Installing       : groff-base-1.22.4-8.fc35 [                         ] 10/61  Installing       : groff-base-1.22.4-8.fc35 [=                        ] 10/61  Installing       : groff-base-1.22.4-8.fc35 [==                       ] 10/61  Installing       : groff-base-1.22.4-8.fc35 [===                      ] 10/61  Installing       : groff-base-1.22.4-8.fc35 [====                     ] 10/61  Installing       : groff-base-1.22.4-8.fc35 [=====                    ] 10/61  Installing       : groff-base-1.22.4-8.fc35 [======                   ] 10/61  Installing       : groff-base-1.22.4-8.fc35 [=======                  ] 10/61  Installing       : groff-base-1.22.4-8.fc35 [========                 ] 10/61  Installing       : groff-base-1.22.4-8.fc35 [=========                ] 10/61  Installing       : groff-base-1.22.4-8.fc35 [==========               ] 10/61  Installing       : groff-base-1.22.4-8.fc35 [===========              ] 10/61  Installing       : groff-base-1.22.4-8.fc35 [============             ] 10/61  Installing       : groff-base-1.22.4-8.fc35 [=============            ] 10/61  Installing       : groff-base-1.22.4-8.fc35 [==============           ] 10/61  Installing       : groff-base-1.22.4-8.fc35 [===============          ] 10/61  Installing       : groff-base-1.22.4-8.fc35 [================         ] 10/61  Installing       : groff-base-1.22.4-8.fc35 [=================        ] 10/61  Installing       : groff-base-1.22.4-8.fc35 [==================       ] 10/61  Installing       : groff-base-1.22.4-8.fc35 [===================      ] 10/61  Installing       : groff-base-1.22.4-8.fc35 [====================     ] 10/61  Installing       : groff-base-1.22.4-8.fc35 [=====================    ] 10/61  Installing       : groff-base-1.22.4-8.fc35 [======================   ] 10/61  Installing       : groff-base-1.22.4-8.fc35 [=======================  ] 10/61  Installing       : groff-base-1.22.4-8.fc35 [======================== ] 10/61  Installing       : groff-base-1.22.4-8.fc35.x86_64                      10/61 
  Running scriptlet: groff-base-1.22.4-8.fc35.x86_64                      10/61 
  Installing       : perl-Text-Tabs+Wrap-2021 [                         ] 11/61  Installing       : perl-Text-Tabs+Wrap-2021 [=====                    ] 11/61  Installing       : perl-Text-Tabs+Wrap-2021 [======                   ] 11/61  Installing       : perl-Text-Tabs+Wrap-2021 [========                 ] 11/61  Installing       : perl-Text-Tabs+Wrap-2021 [============             ] 11/61  Installing       : perl-Text-Tabs+Wrap-2021 [================         ] 11/61  Installing       : perl-Text-Tabs+Wrap-2021 [======================== ] 11/61  Installing       : perl-Text-Tabs+Wrap-2021.0814-1.fc35.noarch          11/61 
  Installing       : perl-Time-Local-2:1.300- [                         ] 12/61  Installing       : perl-Time-Local-2:1.300- [=                        ] 12/61  Installing       : perl-Time-Local-2:1.300- [==                       ] 12/61  Installing       : perl-Time-Local-2:1.300- [======                   ] 12/61  Installing       : perl-Time-Local-2:1.300- [==========               ] 12/61  Installing       : perl-Time-Local-2:1.300- [================         ] 12/61  Installing       : perl-Time-Local-2:1.300- [==================       ] 12/61  Installing       : perl-Time-Local-2:1.300- [======================== ] 12/61  Installing       : perl-Time-Local-2:1.300-478.fc35.noarch              12/61 
  Installing       : perl-if-0.60.900-486.fc3 [                         ] 13/61  Installing       : perl-if-0.60.900-486.fc3 [===========              ] 13/61  Installing       : perl-if-0.60.900-486.fc3 [======================== ] 13/61  Installing       : perl-if-0.60.900-486.fc35.noarch                     13/61 
  Installing       : perl-File-Path-2.18-478. [                         ] 14/61  Installing       : perl-File-Path-2.18-478. [====                     ] 14/61  Installing       : perl-File-Path-2.18-478. [========                 ] 14/61  Installing       : perl-File-Path-2.18-478. [=====================    ] 14/61  Installing       : perl-File-Path-2.18-478. [======================== ] 14/61  Installing       : perl-File-Path-2.18-478.fc35.noarch                  14/61 
  Installing       : perl-Pod-Escapes-1:1.07- [                         ] 15/61  Installing       : perl-Pod-Escapes-1:1.07- [==                       ] 15/61  Installing       : perl-Pod-Escapes-1:1.07- [====                     ] 15/61  Installing       : perl-Pod-Escapes-1:1.07- [=======                  ] 15/61  Installing       : perl-Pod-Escapes-1:1.07- [========                 ] 15/61  Installing       : perl-Pod-Escapes-1:1.07- [======================== ] 15/61  Installing       : perl-Pod-Escapes-1:1.07-478.fc35.noarch              15/61 
  Installing       : perl-Term-ANSIColor-5.01 [                         ] 16/61  Installing       : perl-Term-ANSIColor-5.01 [===                      ] 16/61  Installing       : perl-Term-ANSIColor-5.01 [====                     ] 16/61  Installing       : perl-Term-ANSIColor-5.01 [=====                    ] 16/61  Installing       : perl-Term-ANSIColor-5.01 [=======                  ] 16/61  Installing       : perl-Term-ANSIColor-5.01 [===========              ] 16/61  Installing       : perl-Term-ANSIColor-5.01 [===================      ] 16/61  Installing       : perl-Term-ANSIColor-5.01 [======================== ] 16/61  Installing       : perl-Term-ANSIColor-5.01-479.fc35.noarch             16/61 
  Installing       : perl-Class-Struct-0.66-4 [                         ] 17/61  Installing       : perl-Class-Struct-0.66-4 [======                   ] 17/61  Installing       : perl-Class-Struct-0.66-4 [======================== ] 17/61  Installing       : perl-Class-Struct-0.66-486.fc35.noarch               17/61 
  Installing       : perl-POSIX-1.97-486.fc35 [                         ] 18/61  Installing       : perl-POSIX-1.97-486.fc35 [==                       ] 18/61  Installing       : perl-POSIX-1.97-486.fc35 [=====                    ] 18/61  Installing       : perl-POSIX-1.97-486.fc35 [========                 ] 18/61  Installing       : perl-POSIX-1.97-486.fc35 [==========               ] 18/61  Installing       : perl-POSIX-1.97-486.fc35 [==============           ] 18/61  Installing       : perl-POSIX-1.97-486.fc35 [=================        ] 18/61  Installing       : perl-POSIX-1.97-486.fc35 [====================     ] 18/61  Installing       : perl-POSIX-1.97-486.fc35 [======================   ] 18/61  Installing       : perl-POSIX-1.97-486.fc35 [======================== ] 18/61  Installing       : perl-POSIX-1.97-486.fc35.x86_64                      18/61 
  Installing       : perl-HTTP-Tiny-0.080-1.f [                         ] 19/61  Installing       : perl-HTTP-Tiny-0.080-1.f [===                      ] 19/61  Installing       : perl-HTTP-Tiny-0.080-1.f [=======                  ] 19/61  Installing       : perl-HTTP-Tiny-0.080-1.f [==========               ] 19/61  Installing       : perl-HTTP-Tiny-0.080-1.f [============             ] 19/61  Installing       : perl-HTTP-Tiny-0.080-1.f [=================        ] 19/61  Installing       : perl-HTTP-Tiny-0.080-1.f [======================   ] 19/61  Installing       : perl-HTTP-Tiny-0.080-1.f [======================== ] 19/61  Installing       : perl-HTTP-Tiny-0.080-1.fc35.noarch                   19/61 
  Installing       : perl-IPC-Open3-1.21-486. [                         ] 20/61  Installing       : perl-IPC-Open3-1.21-486. [===                      ] 20/61  Installing       : perl-IPC-Open3-1.21-486. [=======                  ] 20/61  Installing       : perl-IPC-Open3-1.21-486. [===========              ] 20/61  Installing       : perl-IPC-Open3-1.21-486. [======================== ] 20/61  Installing       : perl-IPC-Open3-1.21-486.fc35.noarch                  20/61 
  Installing       : perl-subs-1.04-486.fc35. [                         ] 21/61  Installing       : perl-subs-1.04-486.fc35. [================         ] 21/61  Installing       : perl-subs-1.04-486.fc35. [======================== ] 21/61  Installing       : perl-subs-1.04-486.fc35.noarch                       21/61 
  Installing       : perl-File-Temp-1:0.231.1 [                         ] 22/61  Installing       : perl-File-Temp-1:0.231.1 [==                       ] 22/61  Installing       : perl-File-Temp-1:0.231.1 [=====                    ] 22/61  Installing       : perl-File-Temp-1:0.231.1 [=======                  ] 22/61  Installing       : perl-File-Temp-1:0.231.1 [============             ] 22/61  Installing       : perl-File-Temp-1:0.231.1 [=================        ] 22/61  Installing       : perl-File-Temp-1:0.231.1 [=====================    ] 22/61  Installing       : perl-File-Temp-1:0.231.1 [======================== ] 22/61  Installing       : perl-File-Temp-1:0.231.100-478.fc35.noarch           22/61 
  Installing       : perl-Pod-Simple-1:3.43-2 [                         ] 23/61  Installing       : perl-Pod-Simple-1:3.43-2 [=                        ] 23/61  Installing       : perl-Pod-Simple-1:3.43-2 [==                       ] 23/61  Installing       : perl-Pod-Simple-1:3.43-2 [===                      ] 23/61  Installing       : perl-Pod-Simple-1:3.43-2 [====                     ] 23/61  Installing       : perl-Pod-Simple-1:3.43-2 [=====                    ] 23/61  Installing       : perl-Pod-Simple-1:3.43-2 [======                   ] 23/61  Installing       : perl-Pod-Simple-1:3.43-2 [=======                  ] 23/61  Installing       : perl-Pod-Simple-1:3.43-2 [========                 ] 23/61  Installing       : perl-Pod-Simple-1:3.43-2 [=========                ] 23/61  Installing       : perl-Pod-Simple-1:3.43-2 [===========              ] 23/61  Installing       : perl-Pod-Simple-1:3.43-2 [============             ] 23/61  Installing       : perl-Pod-Simple-1:3.43-2 [==============           ] 23/61  Installing       : perl-Pod-Simple-1:3.43-2 [===============          ] 23/61  Installing       : perl-Pod-Simple-1:3.43-2 [================         ] 23/61  Installing       : perl-Pod-Simple-1:3.43-2 [=================        ] 23/61  Installing       : perl-Pod-Simple-1:3.43-2 [==================       ] 23/61  Installing       : perl-Pod-Simple-1:3.43-2 [===================      ] 23/61  Installing       : perl-Pod-Simple-1:3.43-2 [=====================    ] 23/61  Installing       : perl-Pod-Simple-1:3.43-2 [======================   ] 23/61  Installing       : perl-Pod-Simple-1:3.43-2 [=======================  ] 23/61  Installing       : perl-Pod-Simple-1:3.43-2 [======================== ] 23/61  Installing       : perl-Pod-Simple-1:3.43-2.fc35.noarch                 23/61 
  Installing       : perl-Term-Cap-1.17-478.f [                         ] 24/61  Installing       : perl-Term-Cap-1.17-478.f [==                       ] 24/61  Installing       : perl-Term-Cap-1.17-478.f [===                      ] 24/61  Installing       : perl-Term-Cap-1.17-478.f [=====                    ] 24/61  Installing       : perl-Term-Cap-1.17-478.f [========                 ] 24/61  Installing       : perl-Term-Cap-1.17-478.f [======================== ] 24/61  Installing       : perl-Term-Cap-1.17-478.fc35.noarch                   24/61 
  Installing       : perl-Socket-4:2.032-2.fc [                         ] 25/61  Installing       : perl-Socket-4:2.032-2.fc [======                   ] 25/61  Installing       : perl-Socket-4:2.032-2.fc [=======                  ] 25/61  Installing       : perl-Socket-4:2.032-2.fc [=============            ] 25/61  Installing       : perl-Socket-4:2.032-2.fc [=================        ] 25/61  Installing       : perl-Socket-4:2.032-2.fc [===================      ] 25/61  Installing       : perl-Socket-4:2.032-2.fc [====================     ] 25/61  Installing       : perl-Socket-4:2.032-2.fc [======================   ] 25/61  Installing       : perl-Socket-4:2.032-2.fc [=======================  ] 25/61  Installing       : perl-Socket-4:2.032-2.fc [======================== ] 25/61  Installing       : perl-Socket-4:2.032-2.fc35.x86_64                    25/61 
  Installing       : perl-SelectSaver-1.02-48 [                         ] 26/61  Installing       : perl-SelectSaver-1.02-48 [===============          ] 26/61  Installing       : perl-SelectSaver-1.02-48 [======================== ] 26/61  Installing       : perl-SelectSaver-1.02-486.fc35.noarch                26/61 
  Installing       : perl-Symbol-1.09-486.fc3 [                         ] 27/61  Installing       : perl-Symbol-1.09-486.fc3 [=========                ] 27/61  Installing       : perl-Symbol-1.09-486.fc3 [======================== ] 27/61  Installing       : perl-Symbol-1.09-486.fc35.noarch                     27/61 
  Installing       : perl-File-stat-1.09-486. [                         ] 28/61  Installing       : perl-File-stat-1.09-486. [======                   ] 28/61  Installing       : perl-File-stat-1.09-486. [======================== ] 28/61  Installing       : perl-File-stat-1.09-486.fc35.noarch                  28/61 
  Installing       : perl-podlators-1:4.14-47 [                         ] 29/61  Installing       : perl-podlators-1:4.14-47 [=                        ] 29/61  Installing       : perl-podlators-1:4.14-47 [==                       ] 29/61  Installing       : perl-podlators-1:4.14-47 [=====                    ] 29/61  Installing       : perl-podlators-1:4.14-47 [======                   ] 29/61  Installing       : perl-podlators-1:4.14-47 [=======                  ] 29/61  Installing       : perl-podlators-1:4.14-47 [========                 ] 29/61  Installing       : perl-podlators-1:4.14-47 [=========                ] 29/61  Installing       : perl-podlators-1:4.14-47 [==========               ] 29/61  Installing       : perl-podlators-1:4.14-47 [===========              ] 29/61  Installing       : perl-podlators-1:4.14-47 [============             ] 29/61  Installing       : perl-podlators-1:4.14-47 [===============          ] 29/61  Installing       : perl-podlators-1:4.14-47 [==================       ] 29/61  Installing       : perl-podlators-1:4.14-47 [===================      ] 29/61  Installing       : perl-podlators-1:4.14-47 [====================     ] 29/61  Installing       : perl-podlators-1:4.14-47 [======================   ] 29/61  Installing       : perl-podlators-1:4.14-47 [=======================  ] 29/61  Installing       : perl-podlators-1:4.14-47 [======================== ] 29/61  Installing       : perl-podlators-1:4.14-478.fc35.noarch                29/61 
  Installing       : perl-Pod-Perldoc-3.28.01 [                         ] 30/61  Installing       : perl-Pod-Perldoc-3.28.01 [==                       ] 30/61  Installing       : perl-Pod-Perldoc-3.28.01 [===                      ] 30/61  Installing       : perl-Pod-Perldoc-3.28.01 [====                     ] 30/61  Installing       : perl-Pod-Perldoc-3.28.01 [=====                    ] 30/61  Installing       : perl-Pod-Perldoc-3.28.01 [======                   ] 30/61  Installing       : perl-Pod-Perldoc-3.28.01 [=======                  ] 30/61  Installing       : perl-Pod-Perldoc-3.28.01 [============             ] 30/61  Installing       : perl-Pod-Perldoc-3.28.01 [================         ] 30/61  Installing       : perl-Pod-Perldoc-3.28.01 [=================        ] 30/61  Installing       : perl-Pod-Perldoc-3.28.01 [==================       ] 30/61  Installing       : perl-Pod-Perldoc-3.28.01 [====================     ] 30/61  Installing       : perl-Pod-Perldoc-3.28.01 [=====================    ] 30/61  Installing       : perl-Pod-Perldoc-3.28.01 [======================   ] 30/61  Installing       : perl-Pod-Perldoc-3.28.01 [=======================  ] 30/61  Installing       : perl-Pod-Perldoc-3.28.01 [======================== ] 30/61  Installing       : perl-Pod-Perldoc-3.28.01-479.fc35.noarch             30/61 
  Installing       : perl-Text-ParseWords-3.3 [                         ] 31/61  Installing       : perl-Text-ParseWords-3.3 [=                        ] 31/61  Installing       : perl-Text-ParseWords-3.3 [====                     ] 31/61  Installing       : perl-Text-ParseWords-3.3 [=========                ] 31/61  Installing       : perl-Text-ParseWords-3.3 [==========               ] 31/61  Installing       : perl-Text-ParseWords-3.3 [======================== ] 31/61  Installing       : perl-Text-ParseWords-3.30-478.fc35.noarch            31/61 
  Installing       : perl-Fcntl-1.14-486.fc35 [                         ] 32/61  Installing       : perl-Fcntl-1.14-486.fc35 [===                      ] 32/61  Installing       : perl-Fcntl-1.14-486.fc35 [======================   ] 32/61  Installing       : perl-Fcntl-1.14-486.fc35 [======================== ] 32/61  Installing       : perl-Fcntl-1.14-486.fc35.x86_64                      32/61 
  Installing       : perl-mro-1.25-486.fc35.x [                         ] 33/61  Installing       : perl-mro-1.25-486.fc35.x [================         ] 33/61  Installing       : perl-mro-1.25-486.fc35.x [=====================    ] 33/61  Installing       : perl-mro-1.25-486.fc35.x [======================== ] 33/61  Installing       : perl-mro-1.25-486.fc35.x86_64                        33/61 
  Installing       : perl-IO-1.46-486.fc35.x8 [                         ] 34/61  Installing       : perl-IO-1.46-486.fc35.x8 [=                        ] 34/61  Installing       : perl-IO-1.46-486.fc35.x8 [====                     ] 34/61  Installing       : perl-IO-1.46-486.fc35.x8 [=====                    ] 34/61  Installing       : perl-IO-1.46-486.fc35.x8 [======                   ] 34/61  Installing       : perl-IO-1.46-486.fc35.x8 [=======                  ] 34/61  Installing       : perl-IO-1.46-486.fc35.x8 [===========              ] 34/61  Installing       : perl-IO-1.46-486.fc35.x8 [=============            ] 34/61  Installing       : perl-IO-1.46-486.fc35.x8 [==============           ] 34/61  Installing       : perl-IO-1.46-486.fc35.x8 [==================       ] 34/61  Installing       : perl-IO-1.46-486.fc35.x8 [===================      ] 34/61  Installing       : perl-IO-1.46-486.fc35.x8 [====================     ] 34/61  Installing       : perl-IO-1.46-486.fc35.x8 [=====================    ] 34/61  Installing       : perl-IO-1.46-486.fc35.x8 [======================   ] 34/61  Installing       : perl-IO-1.46-486.fc35.x8 [=======================  ] 34/61  Installing       : perl-IO-1.46-486.fc35.x8 [======================== ] 34/61  Installing       : perl-IO-1.46-486.fc35.x86_64                         34/61 
  Installing       : perl-overloading-0.02-48 [                         ] 35/61  Installing       : perl-overloading-0.02-48 [========                 ] 35/61  Installing       : perl-overloading-0.02-48 [=========                ] 35/61  Installing       : perl-overloading-0.02-48 [=================        ] 35/61  Installing       : perl-overloading-0.02-48 [======================== ] 35/61  Installing       : perl-overloading-0.02-486.fc35.noarch                35/61 
  Installing       : perl-Pod-Usage-4:2.01-47 [                         ] 36/61  Installing       : perl-Pod-Usage-4:2.01-47 [=                        ] 36/61  Installing       : perl-Pod-Usage-4:2.01-47 [==                       ] 36/61  Installing       : perl-Pod-Usage-4:2.01-47 [========                 ] 36/61  Installing       : perl-Pod-Usage-4:2.01-47 [=============            ] 36/61  Installing       : perl-Pod-Usage-4:2.01-47 [==============           ] 36/61  Installing       : perl-Pod-Usage-4:2.01-47 [================         ] 36/61  Installing       : perl-Pod-Usage-4:2.01-47 [======================== ] 36/61  Installing       : perl-Pod-Usage-4:2.01-478.fc35.noarch                36/61 
  Installing       : perl-MIME-Base64-3.16-47 [                         ] 37/61  Installing       : perl-MIME-Base64-3.16-47 [===                      ] 37/61  Installing       : perl-MIME-Base64-3.16-47 [====                     ] 37/61  Installing       : perl-MIME-Base64-3.16-47 [=====                    ] 37/61  Installing       : perl-MIME-Base64-3.16-47 [==============           ] 37/61  Installing       : perl-MIME-Base64-3.16-47 [===================      ] 37/61  Installing       : perl-MIME-Base64-3.16-47 [=====================    ] 37/61  Installing       : perl-MIME-Base64-3.16-47 [=======================  ] 37/61  Installing       : perl-MIME-Base64-3.16-47 [======================== ] 37/61  Installing       : perl-MIME-Base64-3.16-478.fc35.x86_64                37/61 
  Installing       : perl-constant-1.33-479.f [                         ] 38/61  Installing       : perl-constant-1.33-479.f [====                     ] 38/61  Installing       : perl-constant-1.33-479.f [======                   ] 38/61  Installing       : perl-constant-1.33-479.f [=======                  ] 38/61  Installing       : perl-constant-1.33-479.f [===========              ] 38/61  Installing       : perl-constant-1.33-479.f [======================== ] 38/61  Installing       : perl-constant-1.33-479.fc35.noarch                   38/61 
  Installing       : perl-parent-1:0.238-478. [                         ] 39/61  Installing       : perl-parent-1:0.238-478. [============             ] 39/61  Installing       : perl-parent-1:0.238-478. [=================        ] 39/61  Installing       : perl-parent-1:0.238-478. [======================== ] 39/61  Installing       : perl-parent-1:0.238-478.fc35.noarch                  39/61 
  Installing       : perl-Errno-1.33-486.fc35 [                         ] 40/61  Installing       : perl-Errno-1.33-486.fc35 [=================        ] 40/61  Installing       : perl-Errno-1.33-486.fc35 [======================== ] 40/61  Installing       : perl-Errno-1.33-486.fc35.x86_64                      40/61 
  Installing       : perl-File-Basename-2.85- [                         ] 41/61  Installing       : perl-File-Basename-2.85- [======                   ] 41/61  Installing       : perl-File-Basename-2.85- [======================== ] 41/61  Installing       : perl-File-Basename-2.85-486.fc35.noarch              41/61 
  Installing       : perl-Getopt-Std-1.13-486 [                         ] 42/61  Installing       : perl-Getopt-Std-1.13-486 [======                   ] 42/61  Installing       : perl-Getopt-Std-1.13-486 [=======                  ] 42/61  Installing       : perl-Getopt-Std-1.13-486 [======================== ] 42/61  Installing       : perl-Getopt-Std-1.13-486.fc35.noarch                 42/61 
  Installing       : perl-Scalar-List-Utils-5 [                         ] 43/61  Installing       : perl-Scalar-List-Utils-5 [====                     ] 43/61  Installing       : perl-Scalar-List-Utils-5 [======                   ] 43/61  Installing       : perl-Scalar-List-Utils-5 [=======                  ] 43/61  Installing       : perl-Scalar-List-Utils-5 [=============            ] 43/61  Installing       : perl-Scalar-List-Utils-5 [=================        ] 43/61  Installing       : perl-Scalar-List-Utils-5 [=====================    ] 43/61  Installing       : perl-Scalar-List-Utils-5 [=======================  ] 43/61  Installing       : perl-Scalar-List-Utils-5 [======================== ] 43/61  Installing       : perl-Scalar-List-Utils-5:1.62-463.fc35.x86_64        43/61 
  Installing       : perl-Storable-1:3.25-1.f [                         ] 44/61  Installing       : perl-Storable-1:3.25-1.f [===                      ] 44/61  Installing       : perl-Storable-1:3.25-1.f [=====                    ] 44/61  Installing       : perl-Storable-1:3.25-1.f [=========                ] 44/61  Installing       : perl-Storable-1:3.25-1.f [============             ] 44/61  Installing       : perl-Storable-1:3.25-1.f [================         ] 44/61  Installing       : perl-Storable-1:3.25-1.f [=================        ] 44/61  Installing       : perl-Storable-1:3.25-1.f [==================       ] 44/61  Installing       : perl-Storable-1:3.25-1.f [=====================    ] 44/61  Installing       : perl-Storable-1:3.25-1.f [======================   ] 44/61  Installing       : perl-Storable-1:3.25-1.f [=======================  ] 44/61  Installing       : perl-Storable-1:3.25-1.f [======================== ] 44/61  Installing       : perl-Storable-1:3.25-1.fc35.x86_64                   44/61 
  Installing       : perl-overload-1.33-486.f [                         ] 45/61  Installing       : perl-overload-1.33-486.f [======                   ] 45/61  Installing       : perl-overload-1.33-486.f [=================        ] 45/61  Installing       : perl-overload-1.33-486.f [======================== ] 45/61  Installing       : perl-overload-1.33-486.fc35.noarch                   45/61 
  Installing       : perl-vars-1.05-486.fc35. [                         ] 46/61  Installing       : perl-vars-1.05-486.fc35. [============             ] 46/61  Installing       : perl-vars-1.05-486.fc35. [======================== ] 46/61  Installing       : perl-vars-1.05-486.fc35.noarch                       46/61 
  Installing       : perl-Getopt-Long-1:2.52- [                         ] 47/61  Installing       : perl-Getopt-Long-1:2.52- [===                      ] 47/61  Installing       : perl-Getopt-Long-1:2.52- [====                     ] 47/61  Installing       : perl-Getopt-Long-1:2.52- [=====                    ] 47/61  Installing       : perl-Getopt-Long-1:2.52- [======                   ] 47/61  Installing       : perl-Getopt-Long-1:2.52- [=======                  ] 47/61  Installing       : perl-Getopt-Long-1:2.52- [=========                ] 47/61  Installing       : perl-Getopt-Long-1:2.52- [===============          ] 47/61  Installing       : perl-Getopt-Long-1:2.52- [=====================    ] 47/61  Installing       : perl-Getopt-Long-1:2.52- [======================== ] 47/61  Installing       : perl-Getopt-Long-1:2.52-478.fc35.noarch              47/61 
  Installing       : perl-Carp-1.52-478.fc35. [                         ] 48/61  Installing       : perl-Carp-1.52-478.fc35. [==                       ] 48/61  Installing       : perl-Carp-1.52-478.fc35. [===                      ] 48/61  Installing       : perl-Carp-1.52-478.fc35. [=====                    ] 48/61  Installing       : perl-Carp-1.52-478.fc35. [======                   ] 48/61  Installing       : perl-Carp-1.52-478.fc35. [======================   ] 48/61  Installing       : perl-Carp-1.52-478.fc35. [======================== ] 48/61  Installing       : perl-Carp-1.52-478.fc35.noarch                       48/61 
  Installing       : perl-Exporter-5.76-479.f [                         ] 49/61  Installing       : perl-Exporter-5.76-479.f [=                        ] 49/61  Installing       : perl-Exporter-5.76-479.f [=========                ] 49/61  Installing       : perl-Exporter-5.76-479.f [============             ] 49/61  Installing       : perl-Exporter-5.76-479.f [=============            ] 49/61  Installing       : perl-Exporter-5.76-479.f [=====================    ] 49/61  Installing       : perl-Exporter-5.76-479.f [======================== ] 49/61  Installing       : perl-Exporter-5.76-479.fc35.noarch                   49/61 
  Installing       : perl-DynaLoader-1.50-486 [                         ] 50/61  Installing       : perl-DynaLoader-1.50-486 [==================       ] 50/61  Installing       : perl-DynaLoader-1.50-486 [======================== ] 50/61  Installing       : perl-DynaLoader-1.50-486.fc35.x86_64                 50/61 
  Installing       : perl-PathTools-3.80-478. [                         ] 51/61  Installing       : perl-PathTools-3.80-478. [===                      ] 51/61  Installing       : perl-PathTools-3.80-478. [====                     ] 51/61  Installing       : perl-PathTools-3.80-478. [=====                    ] 51/61  Installing       : perl-PathTools-3.80-478. [========                 ] 51/61  Installing       : perl-PathTools-3.80-478. [=========                ] 51/61  Installing       : perl-PathTools-3.80-478. [===========              ] 51/61  Installing       : perl-PathTools-3.80-478. [=============            ] 51/61  Installing       : perl-PathTools-3.80-478. [===============          ] 51/61  Installing       : perl-PathTools-3.80-478. [====================     ] 51/61  Installing       : perl-PathTools-3.80-478. [=====================    ] 51/61  Installing       : perl-PathTools-3.80-478. [======================   ] 51/61  Installing       : perl-PathTools-3.80-478. [=======================  ] 51/61  Installing       : perl-PathTools-3.80-478. [======================== ] 51/61  Installing       : perl-PathTools-3.80-478.fc35.x86_64                  51/61 
  Installing       : perl-Encode-4:3.15-482.f [                         ] 52/61  Installing       : perl-Encode-4:3.15-482.f [=                        ] 52/61  Installing       : perl-Encode-4:3.15-482.f [==                       ] 52/61  Installing       : perl-Encode-4:3.15-482.f [===                      ] 52/61  Installing       : perl-Encode-4:3.15-482.f [====                     ] 52/61  Installing       : perl-Encode-4:3.15-482.f [=====                    ] 52/61  Installing       : perl-Encode-4:3.15-482.f [======                   ] 52/61  Installing       : perl-Encode-4:3.15-482.f [=======                  ] 52/61  Installing       : perl-Encode-4:3.15-482.f [========                 ] 52/61  Installing       : perl-Encode-4:3.15-482.f [=========                ] 52/61  Installing       : perl-Encode-4:3.15-482.f [==========               ] 52/61  Installing       : perl-Encode-4:3.15-482.f [===========              ] 52/61  Installing       : perl-Encode-4:3.15-482.f [============             ] 52/61  Installing       : perl-Encode-4:3.15-482.f [=============            ] 52/61  Installing       : perl-Encode-4:3.15-482.f [==============           ] 52/61  Installing       : perl-Encode-4:3.15-482.f [===============          ] 52/61  Installing       : perl-Encode-4:3.15-482.f [================         ] 52/61  Installing       : perl-Encode-4:3.15-482.f [=================        ] 52/61  Installing       : perl-Encode-4:3.15-482.f [==================       ] 52/61  Installing       : perl-Encode-4:3.15-482.f [===================      ] 52/61  Installing       : perl-Encode-4:3.15-482.f [====================     ] 52/61  Installing       : perl-Encode-4:3.15-482.f [=====================    ] 52/61  Installing       : perl-Encode-4:3.15-482.f [======================   ] 52/61  Installing       : perl-Encode-4:3.15-482.f [=======================  ] 52/61  Installing       : perl-Encode-4:3.15-482.f [======================== ] 52/61  Installing       : perl-Encode-4:3.15-482.fc35.x86_64                   52/61 
  Installing       : perl-libs-4:5.34.1-486.f [                         ] 53/61  Installing       : perl-libs-4:5.34.1-486.f [=                        ] 53/61  Installing       : perl-libs-4:5.34.1-486.f [==                       ] 53/61  Installing       : perl-libs-4:5.34.1-486.f [===                      ] 53/61  Installing       : perl-libs-4:5.34.1-486.f [====                     ] 53/61  Installing       : perl-libs-4:5.34.1-486.f [=====                    ] 53/61  Installing       : perl-libs-4:5.34.1-486.f [======                   ] 53/61  Installing       : perl-libs-4:5.34.1-486.f [=======                  ] 53/61  Installing       : perl-libs-4:5.34.1-486.f [========                 ] 53/61  Installing       : perl-libs-4:5.34.1-486.f [=========                ] 53/61  Installing       : perl-libs-4:5.34.1-486.f [==========               ] 53/61  Installing       : perl-libs-4:5.34.1-486.f [===========              ] 53/61  Installing       : perl-libs-4:5.34.1-486.f [============             ] 53/61  Installing       : perl-libs-4:5.34.1-486.f [=============            ] 53/61  Installing       : perl-libs-4:5.34.1-486.f [==============           ] 53/61  Installing       : perl-libs-4:5.34.1-486.f [===============          ] 53/61  Installing       : perl-libs-4:5.34.1-486.f [================         ] 53/61  Installing       : perl-libs-4:5.34.1-486.f [=================        ] 53/61  Installing       : perl-libs-4:5.34.1-486.f [==================       ] 53/61  Installing       : perl-libs-4:5.34.1-486.f [===================      ] 53/61  Installing       : perl-libs-4:5.34.1-486.f [====================     ] 53/61  Installing       : perl-libs-4:5.34.1-486.f [=====================    ] 53/61  Installing       : perl-libs-4:5.34.1-486.f [======================   ] 53/61  Installing       : perl-libs-4:5.34.1-486.f [=======================  ] 53/61  Installing       : perl-libs-4:5.34.1-486.f [======================== ] 53/61  Installing       : perl-libs-4:5.34.1-486.fc35.x86_64                   53/61 
  Installing       : perl-interpreter-4:5.34. [                         ] 54/61  Installing       : perl-interpreter-4:5.34. [=                        ] 54/61  Installing       : perl-interpreter-4:5.34. [======                   ] 54/61  Installing       : perl-interpreter-4:5.34. [==========               ] 54/61  Installing       : perl-interpreter-4:5.34. [================         ] 54/61  Installing       : perl-interpreter-4:5.34. [=====================    ] 54/61  Installing       : perl-interpreter-4:5.34. [======================== ] 54/61  Installing       : perl-interpreter-4:5.34.1-486.fc35.x86_64            54/61 
  Installing       : gc-8.0.4-6.fc35.x86_64 [                           ] 55/61  Installing       : gc-8.0.4-6.fc35.x86_64 [===                        ] 55/61  Installing       : gc-8.0.4-6.fc35.x86_64 [====                       ] 55/61  Installing       : gc-8.0.4-6.fc35.x86_64 [========                   ] 55/61  Installing       : gc-8.0.4-6.fc35.x86_64 [===========                ] 55/61  Installing       : gc-8.0.4-6.fc35.x86_64 [===============            ] 55/61  Installing       : gc-8.0.4-6.fc35.x86_64 [===================        ] 55/61  Installing       : gc-8.0.4-6.fc35.x86_64 [======================     ] 55/61  Installing       : gc-8.0.4-6.fc35.x86_64 [=========================  ] 55/61  Installing       : gc-8.0.4-6.fc35.x86_64 [========================== ] 55/61  Installing       : gc-8.0.4-6.fc35.x86_64                               55/61 
  Installing       : guile22-2.2.7-3.fc35.x86 [                         ] 56/61  Installing       : guile22-2.2.7-3.fc35.x86 [=                        ] 56/61  Installing       : guile22-2.2.7-3.fc35.x86 [==                       ] 56/61  Installing       : guile22-2.2.7-3.fc35.x86 [===                      ] 56/61  Installing       : guile22-2.2.7-3.fc35.x86 [====                     ] 56/61  Installing       : guile22-2.2.7-3.fc35.x86 [=====                    ] 56/61  Installing       : guile22-2.2.7-3.fc35.x86 [======                   ] 56/61  Installing       : guile22-2.2.7-3.fc35.x86 [=======                  ] 56/61  Installing       : guile22-2.2.7-3.fc35.x86 [========                 ] 56/61  Installing       : guile22-2.2.7-3.fc35.x86 [=========                ] 56/61  Installing       : guile22-2.2.7-3.fc35.x86 [==========               ] 56/61  Installing       : guile22-2.2.7-3.fc35.x86 [===========              ] 56/61  Installing       : guile22-2.2.7-3.fc35.x86 [============             ] 56/61  Installing       : guile22-2.2.7-3.fc35.x86 [=============            ] 56/61  Installing       : guile22-2.2.7-3.fc35.x86 [==============           ] 56/61  Installing       : guile22-2.2.7-3.fc35.x86 [===============          ] 56/61  Installing       : guile22-2.2.7-3.fc35.x86 [================         ] 56/61  Installing       : guile22-2.2.7-3.fc35.x86 [=================        ] 56/61  Installing       : guile22-2.2.7-3.fc35.x86 [==================       ] 56/61  Installing       : guile22-2.2.7-3.fc35.x86 [===================      ] 56/61  Installing       : guile22-2.2.7-3.fc35.x86 [====================     ] 56/61  Installing       : guile22-2.2.7-3.fc35.x86 [=====================    ] 56/61  Installing       : guile22-2.2.7-3.fc35.x86 [======================   ] 56/61  Installing       : guile22-2.2.7-3.fc35.x86 [=======================  ] 56/61  Installing       : guile22-2.2.7-3.fc35.x86 [======================== ] 56/61  Installing       : guile22-2.2.7-3.fc35.x86_64                          56/61 
  Installing       : make-1:4.3-6.fc35.x86_64 [                         ] 57/61  Installing       : make-1:4.3-6.fc35.x86_64 [=                        ] 57/61  Installing       : make-1:4.3-6.fc35.x86_64 [==                       ] 57/61  Installing       : make-1:4.3-6.fc35.x86_64 [===                      ] 57/61  Installing       : make-1:4.3-6.fc35.x86_64 [====                     ] 57/61  Installing       : make-1:4.3-6.fc35.x86_64 [=====                    ] 57/61  Installing       : make-1:4.3-6.fc35.x86_64 [======                   ] 57/61  Installing       : make-1:4.3-6.fc35.x86_64 [=======                  ] 57/61  Installing       : make-1:4.3-6.fc35.x86_64 [========                 ] 57/61  Installing       : make-1:4.3-6.fc35.x86_64 [=========                ] 57/61  Installing       : make-1:4.3-6.fc35.x86_64 [==========               ] 57/61  Installing       : make-1:4.3-6.fc35.x86_64 [===========              ] 57/61  Installing       : make-1:4.3-6.fc35.x86_64 [============             ] 57/61  Installing       : make-1:4.3-6.fc35.x86_64 [=============            ] 57/61  Installing       : make-1:4.3-6.fc35.x86_64 [==============           ] 57/61  Installing       : make-1:4.3-6.fc35.x86_64 [===============          ] 57/61  Installing       : make-1:4.3-6.fc35.x86_64 [================         ] 57/61  Installing       : make-1:4.3-6.fc35.x86_64 [=================        ] 57/61  Installing       : make-1:4.3-6.fc35.x86_64 [==================       ] 57/61  Installing       : make-1:4.3-6.fc35.x86_64 [===================      ] 57/61  Installing       : make-1:4.3-6.fc35.x86_64 [====================     ] 57/61  Installing       : make-1:4.3-6.fc35.x86_64 [=====================    ] 57/61  Installing       : make-1:4.3-6.fc35.x86_64 [======================   ] 57/61  Installing       : make-1:4.3-6.fc35.x86_64 [=======================  ] 57/61  Installing       : make-1:4.3-6.fc35.x86_64 [======================== ] 57/61  Installing       : make-1:4.3-6.fc35.x86_64                             57/61 
  Installing       : gcc-11.3.1-3.fc35.x86_64 [                         ] 58/61  Installing       : gcc-11.3.1-3.fc35.x86_64 [=                        ] 58/61  Installing       : gcc-11.3.1-3.fc35.x86_64 [==                       ] 58/61  Installing       : gcc-11.3.1-3.fc35.x86_64 [===                      ] 58/61  Installing       : gcc-11.3.1-3.fc35.x86_64 [====                     ] 58/61  Installing       : gcc-11.3.1-3.fc35.x86_64 [=====                    ] 58/61  Installing       : gcc-11.3.1-3.fc35.x86_64 [======                   ] 58/61  Installing       : gcc-11.3.1-3.fc35.x86_64 [=======                  ] 58/61  Installing       : gcc-11.3.1-3.fc35.x86_64 [========                 ] 58/61  Installing       : gcc-11.3.1-3.fc35.x86_64 [=========                ] 58/61  Installing       : gcc-11.3.1-3.fc35.x86_64 [==========               ] 58/61  Installing       : gcc-11.3.1-3.fc35.x86_64 [===========              ] 58/61  Installing       : gcc-11.3.1-3.fc35.x86_64 [============             ] 58/61  Installing       : gcc-11.3.1-3.fc35.x86_64 [=============            ] 58/61  Installing       : gcc-11.3.1-3.fc35.x86_64 [==============           ] 58/61  Installing       : gcc-11.3.1-3.fc35.x86_64 [===============          ] 58/61  Installing       : gcc-11.3.1-3.fc35.x86_64 [================         ] 58/61  Installing       : gcc-11.3.1-3.fc35.x86_64 [=================        ] 58/61  Installing       : gcc-11.3.1-3.fc35.x86_64 [==================       ] 58/61  Installing       : gcc-11.3.1-3.fc35.x86_64 [===================      ] 58/61  Installing       : gcc-11.3.1-3.fc35.x86_64 [====================     ] 58/61  Installing       : gcc-11.3.1-3.fc35.x86_64 [=====================    ] 58/61  Installing       : gcc-11.3.1-3.fc35.x86_64 [======================   ] 58/61  Installing       : gcc-11.3.1-3.fc35.x86_64 [=======================  ] 58/61  Installing       : gcc-11.3.1-3.fc35.x86_64 [======================== ] 58/61  Installing       : gcc-11.3.1-3.fc35.x86_64                             58/61 
  Installing       : annobin-plugin-gcc-10.79 [                         ] 59/61  Installing       : annobin-plugin-gcc-10.79 [=                        ] 59/61  Installing       : annobin-plugin-gcc-10.79 [==                       ] 59/61  Installing       : annobin-plugin-gcc-10.79 [===                      ] 59/61  Installing       : annobin-plugin-gcc-10.79 [====                     ] 59/61  Installing       : annobin-plugin-gcc-10.79 [=====                    ] 59/61  Installing       : annobin-plugin-gcc-10.79 [======                   ] 59/61  Installing       : annobin-plugin-gcc-10.79 [=======                  ] 59/61  Installing       : annobin-plugin-gcc-10.79 [========                 ] 59/61  Installing       : annobin-plugin-gcc-10.79 [=========                ] 59/61  Installing       : annobin-plugin-gcc-10.79 [==========               ] 59/61  Installing       : annobin-plugin-gcc-10.79 [===========              ] 59/61  Installing       : annobin-plugin-gcc-10.79 [============             ] 59/61  Installing       : annobin-plugin-gcc-10.79 [=============            ] 59/61  Installing       : annobin-plugin-gcc-10.79 [==============           ] 59/61  Installing       : annobin-plugin-gcc-10.79 [===============          ] 59/61  Installing       : annobin-plugin-gcc-10.79 [================         ] 59/61  Installing       : annobin-plugin-gcc-10.79 [=================        ] 59/61  Installing       : annobin-plugin-gcc-10.79 [==================       ] 59/61  Installing       : annobin-plugin-gcc-10.79 [===================      ] 59/61  Installing       : annobin-plugin-gcc-10.79 [====================     ] 59/61  Installing       : annobin-plugin-gcc-10.79 [=====================    ] 59/61  Installing       : annobin-plugin-gcc-10.79 [======================   ] 59/61  Installing       : annobin-plugin-gcc-10.79 [=======================  ] 59/61  Installing       : annobin-plugin-gcc-10.79 [======================== ] 59/61  Installing       : annobin-plugin-gcc-10.79-1.fc35.x86_64               59/61 
  Installing       : valgrind-1:3.19.0-3.fc35 [                         ] 60/61  Installing       : valgrind-1:3.19.0-3.fc35 [=                        ] 60/61  Installing       : valgrind-1:3.19.0-3.fc35 [==                       ] 60/61  Installing       : valgrind-1:3.19.0-3.fc35 [===                      ] 60/61  Installing       : valgrind-1:3.19.0-3.fc35 [====                     ] 60/61  Installing       : valgrind-1:3.19.0-3.fc35 [=====                    ] 60/61  Installing       : valgrind-1:3.19.0-3.fc35 [======                   ] 60/61  Installing       : valgrind-1:3.19.0-3.fc35 [=======                  ] 60/61  Installing       : valgrind-1:3.19.0-3.fc35 [========                 ] 60/61  Installing       : valgrind-1:3.19.0-3.fc35 [=========                ] 60/61  Installing       : valgrind-1:3.19.0-3.fc35 [==========               ] 60/61  Installing       : valgrind-1:3.19.0-3.fc35 [===========              ] 60/61  Installing       : valgrind-1:3.19.0-3.fc35 [============             ] 60/61  Installing       : valgrind-1:3.19.0-3.fc35 [=============            ] 60/61  Installing       : valgrind-1:3.19.0-3.fc35 [==============           ] 60/61  Installing       : valgrind-1:3.19.0-3.fc35 [===============          ] 60/61  Installing       : valgrind-1:3.19.0-3.fc35 [================         ] 60/61  Installing       : valgrind-1:3.19.0-3.fc35 [=================        ] 60/61  Installing       : valgrind-1:3.19.0-3.fc35 [==================       ] 60/61  Installing       : valgrind-1:3.19.0-3.fc35 [===================      ] 60/61  Installing       : valgrind-1:3.19.0-3.fc35 [====================     ] 60/61  Installing       : valgrind-1:3.19.0-3.fc35 [=====================    ] 60/61  Installing       : valgrind-1:3.19.0-3.fc35 [======================   ] 60/61  Installing       : valgrind-1:3.19.0-3.fc35 [=======================  ] 60/61  Installing       : valgrind-1:3.19.0-3.fc35 [======================== ] 60/61  Installing       : valgrind-1:3.19.0-3.fc35.x86_64                      60/61 
  Installing       : gperf-3.1-12.fc35.x86_64 [                         ] 61/61  Installing       : gperf-3.1-12.fc35.x86_64 [=                        ] 61/61  Installing       : gperf-3.1-12.fc35.x86_64 [==                       ] 61/61  Installing       : gperf-3.1-12.fc35.x86_64 [===                      ] 61/61  Installing       : gperf-3.1-12.fc35.x86_64 [====                     ] 61/61  Installing       : gperf-3.1-12.fc35.x86_64 [=====                    ] 61/61  Installing       : gperf-3.1-12.fc35.x86_64 [======                   ] 61/61  Installing       : gperf-3.1-12.fc35.x86_64 [=======                  ] 61/61  Installing       : gperf-3.1-12.fc35.x86_64 [========                 ] 61/61  Installing       : gperf-3.1-12.fc35.x86_64 [==========               ] 61/61  Installing       : gperf-3.1-12.fc35.x86_64 [===========              ] 61/61  Installing       : gperf-3.1-12.fc35.x86_64 [============             ] 61/61  Installing       : gperf-3.1-12.fc35.x86_64 [=============            ] 61/61  Installing       : gperf-3.1-12.fc35.x86_64 [==============           ] 61/61  Installing       : gperf-3.1-12.fc35.x86_64 [================         ] 61/61  Installing       : gperf-3.1-12.fc35.x86_64 [=================        ] 61/61  Installing       : gperf-3.1-12.fc35.x86_64 [==================       ] 61/61  Installing       : gperf-3.1-12.fc35.x86_64 [===================      ] 61/61  Installing       : gperf-3.1-12.fc35.x86_64 [====================     ] 61/61  Installing       : gperf-3.1-12.fc35.x86_64 [=====================    ] 61/61  Installing       : gperf-3.1-12.fc35.x86_64 [======================   ] 61/61  Installing       : gperf-3.1-12.fc35.x86_64 [=======================  ] 61/61  Installing       : gperf-3.1-12.fc35.x86_64 [======================== ] 61/61  Installing       : gperf-3.1-12.fc35.x86_64                             61/61 
  Running scriptlet: gperf-3.1-12.fc35.x86_64                             61/61 
  Verifying        : gc-8.0.4-6.fc35.x86_64                                1/61 
  Verifying        : gperf-3.1-12.fc35.x86_64                              2/61 
  Verifying        : groff-base-1.22.4-8.fc35.x86_64                       3/61 
  Verifying        : guile22-2.2.7-3.fc35.x86_64                           4/61 
  Verifying        : libmpc-1.2.1-3.fc35.x86_64                            5/61 
  Verifying        : make-1:4.3-6.fc35.x86_64                              6/61 
  Verifying        : ncurses-6.2-8.20210508.fc35.x86_64                    7/61 
  Verifying        : perl-Carp-1.52-478.fc35.noarch                        8/61 
  Verifying        : perl-Exporter-5.76-479.fc35.noarch                    9/61 
  Verifying        : perl-File-Path-2.18-478.fc35.noarch                  10/61 
  Verifying        : perl-File-Temp-1:0.231.100-478.fc35.noarch           11/61 
  Verifying        : perl-Getopt-Long-1:2.52-478.fc35.noarch              12/61 
  Verifying        : perl-MIME-Base64-3.16-478.fc35.x86_64                13/61 
  Verifying        : perl-PathTools-3.80-478.fc35.x86_64                  14/61 
  Verifying        : perl-Pod-Escapes-1:1.07-478.fc35.noarch              15/61 
  Verifying        : perl-Pod-Perldoc-3.28.01-479.fc35.noarch             16/61 
  Verifying        : perl-Pod-Simple-1:3.43-2.fc35.noarch                 17/61 
  Verifying        : perl-Pod-Usage-4:2.01-478.fc35.noarch                18/61 
  Verifying        : perl-Socket-4:2.032-2.fc35.x86_64                    19/61 
  Verifying        : perl-Storable-1:3.25-1.fc35.x86_64                   20/61 
  Verifying        : perl-Term-ANSIColor-5.01-479.fc35.noarch             21/61 
  Verifying        : perl-Term-Cap-1.17-478.fc35.noarch                   22/61 
  Verifying        : perl-Text-ParseWords-3.30-478.fc35.noarch            23/61 
  Verifying        : perl-Text-Tabs+Wrap-2021.0814-1.fc35.noarch          24/61 
  Verifying        : perl-Time-Local-2:1.300-478.fc35.noarch              25/61 
  Verifying        : perl-constant-1.33-479.fc35.noarch                   26/61 
  Verifying        : perl-parent-1:0.238-478.fc35.noarch                  27/61 
  Verifying        : perl-podlators-1:4.14-478.fc35.noarch                28/61 
  Verifying        : annobin-docs-10.79-1.fc35.noarch                     29/61 
  Verifying        : annobin-plugin-gcc-10.79-1.fc35.x86_64               30/61 
  Verifying        : cpp-11.3.1-3.fc35.x86_64                             31/61 
  Verifying        : gcc-11.3.1-3.fc35.x86_64                             32/61 
  Verifying        : glibc-devel-2.34-49.fc35.x86_64                      33/61 
  Verifying        : glibc-headers-x86-2.34-49.fc35.noarch                34/61 
  Verifying        : kernel-headers-6.0.5-100.fc35.x86_64                 35/61 
  Verifying        : libtool-ltdl-2.4.6-50.fc35.x86_64                    36/61 
  Verifying        : libxcrypt-devel-4.4.33-3.fc35.x86_64                 37/61 
  Verifying        : perl-Class-Struct-0.66-486.fc35.noarch               38/61 
  Verifying        : perl-DynaLoader-1.50-486.fc35.x86_64                 39/61 
  Verifying        : perl-Encode-4:3.15-482.fc35.x86_64                   40/61 
  Verifying        : perl-Errno-1.33-486.fc35.x86_64                      41/61 
  Verifying        : perl-Fcntl-1.14-486.fc35.x86_64                      42/61 
  Verifying        : perl-File-Basename-2.85-486.fc35.noarch              43/61 
  Verifying        : perl-File-stat-1.09-486.fc35.noarch                  44/61 
  Verifying        : perl-Getopt-Std-1.13-486.fc35.noarch                 45/61 
  Verifying        : perl-HTTP-Tiny-0.080-1.fc35.noarch                   46/61 
  Verifying        : perl-IO-1.46-486.fc35.x86_64                         47/61 
  Verifying        : perl-IPC-Open3-1.21-486.fc35.noarch                  48/61 
  Verifying        : perl-POSIX-1.97-486.fc35.x86_64                      49/61 
  Verifying        : perl-Scalar-List-Utils-5:1.62-463.fc35.x86_64        50/61 
  Verifying        : perl-SelectSaver-1.02-486.fc35.noarch                51/61 
  Verifying        : perl-Symbol-1.09-486.fc35.noarch                     52/61 
  Verifying        : perl-if-0.60.900-486.fc35.noarch                     53/61 
  Verifying        : perl-interpreter-4:5.34.1-486.fc35.x86_64            54/61 
  Verifying        : perl-libs-4:5.34.1-486.fc35.x86_64                   55/61 
  Verifying        : perl-mro-1.25-486.fc35.x86_64                        56/61 
  Verifying        : perl-overload-1.33-486.fc35.noarch                   57/61 
  Verifying        : perl-overloading-0.02-486.fc35.noarch                58/61 
  Verifying        : perl-subs-1.04-486.fc35.noarch                       59/61 
  Verifying        : perl-vars-1.05-486.fc35.noarch                       60/61 
  Verifying        : valgrind-1:3.19.0-3.fc35.x86_64                      61/61 

Installed:
  annobin-docs-10.79-1.fc35.noarch                                              
  annobin-plugin-gcc-10.79-1.fc35.x86_64                                        
  cpp-11.3.1-3.fc35.x86_64                                                      
  gc-8.0.4-6.fc35.x86_64                                                        
  gcc-11.3.1-3.fc35.x86_64                                                      
  glibc-devel-2.34-49.fc35.x86_64                                               
  glibc-headers-x86-2.34-49.fc35.noarch                                         
  gperf-3.1-12.fc35.x86_64                                                      
  groff-base-1.22.4-8.fc35.x86_64                                               
  guile22-2.2.7-3.fc35.x86_64                                                   
  kernel-headers-6.0.5-100.fc35.x86_64                                          
  libmpc-1.2.1-3.fc35.x86_64                                                    
  libtool-ltdl-2.4.6-50.fc35.x86_64                                             
  libxcrypt-devel-4.4.33-3.fc35.x86_64                                          
  make-1:4.3-6.fc35.x86_64                                                      
  ncurses-6.2-8.20210508.fc35.x86_64                                            
  perl-Carp-1.52-478.fc35.noarch                                                
  perl-Class-Struct-0.66-486.fc35.noarch                                        
  perl-DynaLoader-1.50-486.fc35.x86_64                                          
  perl-Encode-4:3.15-482.fc35.x86_64                                            
  perl-Errno-1.33-486.fc35.x86_64                                               
  perl-Exporter-5.76-479.fc35.noarch                                            
  perl-Fcntl-1.14-486.fc35.x86_64                                               
  perl-File-Basename-2.85-486.fc35.noarch                                       
  perl-File-Path-2.18-478.fc35.noarch                                           
  perl-File-Temp-1:0.231.100-478.fc35.noarch                                    
  perl-File-stat-1.09-486.fc35.noarch                                           
  perl-Getopt-Long-1:2.52-478.fc35.noarch                                       
  perl-Getopt-Std-1.13-486.fc35.noarch                                          
  perl-HTTP-Tiny-0.080-1.fc35.noarch                                            
  perl-IO-1.46-486.fc35.x86_64                                                  
  perl-IPC-Open3-1.21-486.fc35.noarch                                           
  perl-MIME-Base64-3.16-478.fc35.x86_64                                         
  perl-POSIX-1.97-486.fc35.x86_64                                               
  perl-PathTools-3.80-478.fc35.x86_64                                           
  perl-Pod-Escapes-1:1.07-478.fc35.noarch                                       
  perl-Pod-Perldoc-3.28.01-479.fc35.noarch                                      
  perl-Pod-Simple-1:3.43-2.fc35.noarch                                          
  perl-Pod-Usage-4:2.01-478.fc35.noarch                                         
  perl-Scalar-List-Utils-5:1.62-463.fc35.x86_64                                 
  perl-SelectSaver-1.02-486.fc35.noarch                                         
  perl-Socket-4:2.032-2.fc35.x86_64                                             
  perl-Storable-1:3.25-1.fc35.x86_64                                            
  perl-Symbol-1.09-486.fc35.noarch                                              
  perl-Term-ANSIColor-5.01-479.fc35.noarch                                      
  perl-Term-Cap-1.17-478.fc35.noarch                                            
  perl-Text-ParseWords-3.30-478.fc35.noarch                                     
  perl-Text-Tabs+Wrap-2021.0814-1.fc35.noarch                                   
  perl-Time-Local-2:1.300-478.fc35.noarch                                       
  perl-constant-1.33-479.fc35.noarch                                            
  perl-if-0.60.900-486.fc35.noarch                                              
  perl-interpreter-4:5.34.1-486.fc35.x86_64                                     
  perl-libs-4:5.34.1-486.fc35.x86_64                                            
  perl-mro-1.25-486.fc35.x86_64                                                 
  perl-overload-1.33-486.fc35.noarch                                            
  perl-overloading-0.02-486.fc35.noarch                                         
  perl-parent-1:0.238-478.fc35.noarch                                           
  perl-podlators-1:4.14-478.fc35.noarch                                         
  perl-subs-1.04-486.fc35.noarch                                                
  perl-vars-1.05-486.fc35.noarch                                                
  valgrind-1:3.19.0-3.fc35.x86_64                                               

Complete!

>>> 2023-01-26 23:50:31	"/usr/bin/mock" "-r" "fedora-35-x86_64" "--plugin-option=tmpfs:keep_mounted=True" "--config-opts=print_main_output=True" "--quiet" "--addrepo" "https://download.copr.fedorainfracloud.org/results/@aufover/divine/fedora-\$releasever-\$basearch/" "--install" "divine" "csexec" "gcc"
No matches found for the following disable plugin patterns: local, spacewalk, versionlock
https://download.cop     [===                 ] ---  B/s |   0  B     --:-- ETAhttps://download.copr.fedorainfracloud.org/resu  25 kB/s | 3.3 kB     00:00    
fedora                   [===                 ] ---  B/s |   0  B     --:-- ETAfedora                                           27 kB/s | 4.5 kB     00:00    
updates                  [   ===              ] ---  B/s |   0  B     --:-- ETAupdates                                          19 kB/s | 2.8 kB     00:00    
Package gcc-11.3.1-3.fc35.x86_64 is already installed.
Dependencies resolved.
=====================================================================================================================================================
 Package                   Arch    Version                    Repository                                                                         Size
=====================================================================================================================================================
Installing:
 [1mcsexec                   [m x86_64  2.2.2-1.fc35               updates                                                                           365 k
 [1mdivine                   [m x86_64  4.4.2_4_gd47985e0b-14.fc35 downloadcoprfedorainfracloudorg_results_aufover_divine_fedorareleaseverbasearch_   68 M
Installing dependencies:
 [1mexpat                    [m x86_64  2.5.0-1.fc35               updates                                                                           115 k
 [1mlibedit                  [m x86_64  3.1-40.20210910cvs.fc35    fedora                                                                            105 k
 [1mlibyaml                  [m x86_64  0.2.5-6.fc35               fedora                                                                             60 k
 [1mmpdecimal                [m x86_64  2.5.1-2.fc35               fedora                                                                             99 k
 [1mpython-pip-wheel         [m noarch  21.2.3-4.fc35              updates                                                                           1.1 M
 [1mpython-setuptools-wheel  [m noarch  57.4.0-1.fc35              fedora                                                                            505 k
 [1mpython3                  [m x86_64  3.10.8-3.fc35              updates                                                                            26 k
 [1mpython3-libs             [m x86_64  3.10.8-3.fc35              updates                                                                           7.5 M
 [1mpython3-pygments         [m noarch  2.9.0-2.fc35               fedora                                                                            1.9 M
 [1mpython3-pyyaml           [m x86_64  5.4.1-4.fc35               fedora                                                                            191 k

Transaction Summary
=====================================================================================================================================================
Install  12 Packages

Total size: 80 M
Installed size: 449 M
Downloading Packages:
[SKIPPED] divine-4.4.2_4_gd47985e0b-14.fc35.x86_64.rpm: Already downloaded     
[SKIPPED] libedit-3.1-40.20210910cvs.fc35.x86_64.rpm: Already downloaded       
[SKIPPED] libyaml-0.2.5-6.fc35.x86_64.rpm: Already downloaded                  
[SKIPPED] mpdecimal-2.5.1-2.fc35.x86_64.rpm: Already downloaded                
[SKIPPED] python-setuptools-wheel-57.4.0-1.fc35.noarch.rpm: Already downloaded 
[SKIPPED] python3-pygments-2.9.0-2.fc35.noarch.rpm: Already downloaded         
[SKIPPED] python3-pyyaml-5.4.1-4.fc35.x86_64.rpm: Already downloaded           
[SKIPPED] csexec-2.2.2-1.fc35.x86_64.rpm: Already downloaded                   
[SKIPPED] expat-2.5.0-1.fc35.x86_64.rpm: Already downloaded                    
[SKIPPED] python-pip-wheel-21.2.3-4.fc35.noarch.rpm: Already downloaded        
[SKIPPED] python3-3.10.8-3.fc35.x86_64.rpm: Already downloaded                 
[SKIPPED] python3-libs-3.10.8-3.fc35.x86_64.rpm: Already downloaded            
Running transaction check
Transaction check succeeded.
Running transaction test
Transaction test succeeded.
Running transaction
  Preparing        :  [====                                               ] 1/1  Preparing        :  [========                                           ] 1/1  Preparing        :  [============                                       ] 1/1  Preparing        :  [================                                   ] 1/1  Preparing        :  [====================                               ] 1/1  Preparing        :  [=========================                          ] 1/1  Preparing        :  [=============================                      ] 1/1  Preparing        :  [=================================                  ] 1/1  Preparing        :  [======================================             ] 1/1  Preparing        :  [==========================================         ] 1/1  Preparing        :  [==============================================     ] 1/1  Preparing        :                                                        1/1 
  Installing       : python-pip-wheel-21.2.3- [                         ]  1/12  Installing       : python-pip-wheel-21.2.3- [=                        ]  1/12  Installing       : python-pip-wheel-21.2.3- [==                       ]  1/12  Installing       : python-pip-wheel-21.2.3- [===                      ]  1/12  Installing       : python-pip-wheel-21.2.3- [====                     ]  1/12  Installing       : python-pip-wheel-21.2.3- [=====                    ]  1/12  Installing       : python-pip-wheel-21.2.3- [======                   ]  1/12  Installing       : python-pip-wheel-21.2.3- [=======                  ]  1/12  Installing       : python-pip-wheel-21.2.3- [========                 ]  1/12  Installing       : python-pip-wheel-21.2.3- [=========                ]  1/12  Installing       : python-pip-wheel-21.2.3- [==========               ]  1/12  Installing       : python-pip-wheel-21.2.3- [===========              ]  1/12  Installing       : python-pip-wheel-21.2.3- [============             ]  1/12  Installing       : python-pip-wheel-21.2.3- [=============            ]  1/12  Installing       : python-pip-wheel-21.2.3- [==============           ]  1/12  Installing       : python-pip-wheel-21.2.3- [===============          ]  1/12  Installing       : python-pip-wheel-21.2.3- [================         ]  1/12  Installing       : python-pip-wheel-21.2.3- [=================        ]  1/12  Installing       : python-pip-wheel-21.2.3- [==================       ]  1/12  Installing       : python-pip-wheel-21.2.3- [===================      ]  1/12  Installing       : python-pip-wheel-21.2.3- [====================     ]  1/12  Installing       : python-pip-wheel-21.2.3- [=====================    ]  1/12  Installing       : python-pip-wheel-21.2.3- [======================   ]  1/12  Installing       : python-pip-wheel-21.2.3- [=======================  ]  1/12  Installing       : python-pip-wheel-21.2.3- [======================== ]  1/12  Installing       : python-pip-wheel-21.2.3-4.fc35.noarch                 1/12 
  Installing       : expat-2.5.0-1.fc35.x86_6 [                         ]  2/12  Installing       : expat-2.5.0-1.fc35.x86_6 [==                       ]  2/12  Installing       : expat-2.5.0-1.fc35.x86_6 [===                      ]  2/12  Installing       : expat-2.5.0-1.fc35.x86_6 [======                   ]  2/12  Installing       : expat-2.5.0-1.fc35.x86_6 [========                 ]  2/12  Installing       : expat-2.5.0-1.fc35.x86_6 [===========              ]  2/12  Installing       : expat-2.5.0-1.fc35.x86_6 [=============            ]  2/12  Installing       : expat-2.5.0-1.fc35.x86_6 [================         ]  2/12  Installing       : expat-2.5.0-1.fc35.x86_6 [===================      ]  2/12  Installing       : expat-2.5.0-1.fc35.x86_6 [=====================    ]  2/12  Installing       : expat-2.5.0-1.fc35.x86_6 [======================== ]  2/12  Installing       : expat-2.5.0-1.fc35.x86_64                             2/12 
  Installing       : python-setuptools-wheel- [                         ]  3/12  Installing       : python-setuptools-wheel- [=                        ]  3/12  Installing       : python-setuptools-wheel- [==                       ]  3/12  Installing       : python-setuptools-wheel- [====                     ]  3/12  Installing       : python-setuptools-wheel- [=====                    ]  3/12  Installing       : python-setuptools-wheel- [======                   ]  3/12  Installing       : python-setuptools-wheel- [========                 ]  3/12  Installing       : python-setuptools-wheel- [=========                ]  3/12  Installing       : python-setuptools-wheel- [===========              ]  3/12  Installing       : python-setuptools-wheel- [============             ]  3/12  Installing       : python-setuptools-wheel- [=============            ]  3/12  Installing       : python-setuptools-wheel- [===============          ]  3/12  Installing       : python-setuptools-wheel- [================         ]  3/12  Installing       : python-setuptools-wheel- [=================        ]  3/12  Installing       : python-setuptools-wheel- [===================      ]  3/12  Installing       : python-setuptools-wheel- [====================     ]  3/12  Installing       : python-setuptools-wheel- [======================   ]  3/12  Installing       : python-setuptools-wheel- [=======================  ]  3/12  Installing       : python-setuptools-wheel- [======================== ]  3/12  Installing       : python-setuptools-wheel-57.4.0-1.fc35.noarch          3/12 
  Installing       : mpdecimal-2.5.1-2.fc35.x [                         ]  4/12  Installing       : mpdecimal-2.5.1-2.fc35.x [===                      ]  4/12  Installing       : mpdecimal-2.5.1-2.fc35.x [====                     ]  4/12  Installing       : mpdecimal-2.5.1-2.fc35.x [=======                  ]  4/12  Installing       : mpdecimal-2.5.1-2.fc35.x [==========               ]  4/12  Installing       : mpdecimal-2.5.1-2.fc35.x [==============           ]  4/12  Installing       : mpdecimal-2.5.1-2.fc35.x [=================        ]  4/12  Installing       : mpdecimal-2.5.1-2.fc35.x [====================     ]  4/12  Installing       : mpdecimal-2.5.1-2.fc35.x [======================== ]  4/12  Installing       : mpdecimal-2.5.1-2.fc35.x86_64                         4/12 
  Installing       : python3-3.10.8-3.fc35.x8 [                         ]  5/12  Installing       : python3-3.10.8-3.fc35.x8 [===========              ]  5/12  Installing       : python3-3.10.8-3.fc35.x8 [============             ]  5/12  Installing       : python3-3.10.8-3.fc35.x8 [===================      ]  5/12  Installing       : python3-3.10.8-3.fc35.x8 [======================== ]  5/12  Installing       : python3-3.10.8-3.fc35.x86_64                          5/12 
  Installing       : python3-libs-3.10.8-3.fc [                         ]  6/12  Installing       : python3-libs-3.10.8-3.fc [=                        ]  6/12  Installing       : python3-libs-3.10.8-3.fc [==                       ]  6/12  Installing       : python3-libs-3.10.8-3.fc [===                      ]  6/12  Installing       : python3-libs-3.10.8-3.fc [====                     ]  6/12  Installing       : python3-libs-3.10.8-3.fc [=====                    ]  6/12  Installing       : python3-libs-3.10.8-3.fc [======                   ]  6/12  Installing       : python3-libs-3.10.8-3.fc [=======                  ]  6/12  Installing       : python3-libs-3.10.8-3.fc [========                 ]  6/12  Installing       : python3-libs-3.10.8-3.fc [=========                ]  6/12  Installing       : python3-libs-3.10.8-3.fc [==========               ]  6/12  Installing       : python3-libs-3.10.8-3.fc [===========              ]  6/12  Installing       : python3-libs-3.10.8-3.fc [============             ]  6/12  Installing       : python3-libs-3.10.8-3.fc [=============            ]  6/12  Installing       : python3-libs-3.10.8-3.fc [==============           ]  6/12  Installing       : python3-libs-3.10.8-3.fc [===============          ]  6/12  Installing       : python3-libs-3.10.8-3.fc [================         ]  6/12  Installing       : python3-libs-3.10.8-3.fc [=================        ]  6/12  Installing       : python3-libs-3.10.8-3.fc [==================       ]  6/12  Installing       : python3-libs-3.10.8-3.fc [===================      ]  6/12  Installing       : python3-libs-3.10.8-3.fc [====================     ]  6/12  Installing       : python3-libs-3.10.8-3.fc [=====================    ]  6/12  Installing       : python3-libs-3.10.8-3.fc [======================   ]  6/12  Installing       : python3-libs-3.10.8-3.fc [=======================  ]  6/12  Installing       : python3-libs-3.10.8-3.fc [======================== ]  6/12  Installing       : python3-libs-3.10.8-3.fc35.x86_64                     6/12 
  Installing       : python3-pygments-2.9.0-2 [                         ]  7/12  Installing       : python3-pygments-2.9.0-2 [=                        ]  7/12  Installing       : python3-pygments-2.9.0-2 [==                       ]  7/12  Installing       : python3-pygments-2.9.0-2 [===                      ]  7/12  Installing       : python3-pygments-2.9.0-2 [====                     ]  7/12  Installing       : python3-pygments-2.9.0-2 [=====                    ]  7/12  Installing       : python3-pygments-2.9.0-2 [======                   ]  7/12  Installing       : python3-pygments-2.9.0-2 [=======                  ]  7/12  Installing       : python3-pygments-2.9.0-2 [========                 ]  7/12  Installing       : python3-pygments-2.9.0-2 [=========                ]  7/12  Installing       : python3-pygments-2.9.0-2 [==========               ]  7/12  Installing       : python3-pygments-2.9.0-2 [===========              ]  7/12  Installing       : python3-pygments-2.9.0-2 [============             ]  7/12  Installing       : python3-pygments-2.9.0-2 [=============            ]  7/12  Installing       : python3-pygments-2.9.0-2 [==============           ]  7/12  Installing       : python3-pygments-2.9.0-2 [===============          ]  7/12  Installing       : python3-pygments-2.9.0-2 [================         ]  7/12  Installing       : python3-pygments-2.9.0-2 [=================        ]  7/12  Installing       : python3-pygments-2.9.0-2 [==================       ]  7/12  Installing       : python3-pygments-2.9.0-2 [===================      ]  7/12  Installing       : python3-pygments-2.9.0-2 [====================     ]  7/12  Installing       : python3-pygments-2.9.0-2 [=====================    ]  7/12  Installing       : python3-pygments-2.9.0-2 [======================   ]  7/12  Installing       : python3-pygments-2.9.0-2 [=======================  ]  7/12  Installing       : python3-pygments-2.9.0-2 [======================== ]  7/12  Installing       : python3-pygments-2.9.0-2.fc35.noarch                  7/12 
  Installing       : libyaml-0.2.5-6.fc35.x86 [                         ]  8/12  Installing       : libyaml-0.2.5-6.fc35.x86 [======                   ]  8/12  Installing       : libyaml-0.2.5-6.fc35.x86 [===========              ]  8/12  Installing       : libyaml-0.2.5-6.fc35.x86 [=================        ]  8/12  Installing       : libyaml-0.2.5-6.fc35.x86 [=======================  ]  8/12  Installing       : libyaml-0.2.5-6.fc35.x86 [======================== ]  8/12  Installing       : libyaml-0.2.5-6.fc35.x86_64                           8/12 
  Installing       : python3-pyyaml-5.4.1-4.f [                         ]  9/12  Installing       : python3-pyyaml-5.4.1-4.f [=                        ]  9/12  Installing       : python3-pyyaml-5.4.1-4.f [==                       ]  9/12  Installing       : python3-pyyaml-5.4.1-4.f [===                      ]  9/12  Installing       : python3-pyyaml-5.4.1-4.f [====                     ]  9/12  Installing       : python3-pyyaml-5.4.1-4.f [=====                    ]  9/12  Installing       : python3-pyyaml-5.4.1-4.f [======                   ]  9/12  Installing       : python3-pyyaml-5.4.1-4.f [========                 ]  9/12  Installing       : python3-pyyaml-5.4.1-4.f [=========                ]  9/12  Installing       : python3-pyyaml-5.4.1-4.f [==========               ]  9/12  Installing       : python3-pyyaml-5.4.1-4.f [===========              ]  9/12  Installing       : python3-pyyaml-5.4.1-4.f [============             ]  9/12  Installing       : python3-pyyaml-5.4.1-4.f [=============            ]  9/12  Installing       : python3-pyyaml-5.4.1-4.f [==============           ]  9/12  Installing       : python3-pyyaml-5.4.1-4.f [===============          ]  9/12  Installing       : python3-pyyaml-5.4.1-4.f [================         ]  9/12  Installing       : python3-pyyaml-5.4.1-4.f [=================        ]  9/12  Installing       : python3-pyyaml-5.4.1-4.f [==================       ]  9/12  Installing       : python3-pyyaml-5.4.1-4.f [===================      ]  9/12  Installing       : python3-pyyaml-5.4.1-4.f [====================     ]  9/12  Installing       : python3-pyyaml-5.4.1-4.f [=====================    ]  9/12  Installing       : python3-pyyaml-5.4.1-4.f [======================   ]  9/12  Installing       : python3-pyyaml-5.4.1-4.f [=======================  ]  9/12  Installing       : python3-pyyaml-5.4.1-4.f [======================== ]  9/12  Installing       : python3-pyyaml-5.4.1-4.fc35.x86_64                    9/12 
  Installing       : libedit-3.1-40.20210910c [                         ] 10/12  Installing       : libedit-3.1-40.20210910c [===                      ] 10/12  Installing       : libedit-3.1-40.20210910c [======                   ] 10/12  Installing       : libedit-3.1-40.20210910c [=========                ] 10/12  Installing       : libedit-3.1-40.20210910c [============             ] 10/12  Installing       : libedit-3.1-40.20210910c [================         ] 10/12  Installing       : libedit-3.1-40.20210910c [===================      ] 10/12  Installing       : libedit-3.1-40.20210910c [======================   ] 10/12  Installing       : libedit-3.1-40.20210910c [=======================  ] 10/12  Installing       : libedit-3.1-40.20210910c [======================== ] 10/12  Installing       : libedit-3.1-40.20210910cvs.fc35.x86_64               10/12 
  Installing       : divine-4.4.2_4_gd47985e0 [                         ] 11/12  Installing       : divine-4.4.2_4_gd47985e0 [=                        ] 11/12  Installing       : divine-4.4.2_4_gd47985e0 [==                       ] 11/12  Installing       : divine-4.4.2_4_gd47985e0 [===                      ] 11/12  Installing       : divine-4.4.2_4_gd47985e0 [====                     ] 11/12  Installing       : divine-4.4.2_4_gd47985e0 [=====                    ] 11/12  Installing       : divine-4.4.2_4_gd47985e0 [======                   ] 11/12  Installing       : divine-4.4.2_4_gd47985e0 [=======                  ] 11/12  Installing       : divine-4.4.2_4_gd47985e0 [========                 ] 11/12  Installing       : divine-4.4.2_4_gd47985e0 [=========                ] 11/12  Installing       : divine-4.4.2_4_gd47985e0 [==========               ] 11/12  Installing       : divine-4.4.2_4_gd47985e0 [===========              ] 11/12  Installing       : divine-4.4.2_4_gd47985e0 [============             ] 11/12  Installing       : divine-4.4.2_4_gd47985e0 [=============            ] 11/12  Installing       : divine-4.4.2_4_gd47985e0 [==============           ] 11/12  Installing       : divine-4.4.2_4_gd47985e0 [===============          ] 11/12  Installing       : divine-4.4.2_4_gd47985e0 [================         ] 11/12  Installing       : divine-4.4.2_4_gd47985e0 [=================        ] 11/12  Installing       : divine-4.4.2_4_gd47985e0 [==================       ] 11/12  Installing       : divine-4.4.2_4_gd47985e0 [===================      ] 11/12  Installing       : divine-4.4.2_4_gd47985e0 [====================     ] 11/12  Installing       : divine-4.4.2_4_gd47985e0 [=====================    ] 11/12  Installing       : divine-4.4.2_4_gd47985e0 [======================   ] 11/12  Installing       : divine-4.4.2_4_gd47985e0 [=======================  ] 11/12  Installing       : divine-4.4.2_4_gd47985e0 [======================== ] 11/12  Installing       : divine-4.4.2_4_gd47985e0b-14.fc35.x86_64             11/12 
  Installing       : csexec-2.2.2-1.fc35.x86_ [                         ] 12/12  Installing       : csexec-2.2.2-1.fc35.x86_ [=                        ] 12/12  Installing       : csexec-2.2.2-1.fc35.x86_ [==                       ] 12/12  Installing       : csexec-2.2.2-1.fc35.x86_ [===                      ] 12/12  Installing       : csexec-2.2.2-1.fc35.x86_ [====                     ] 12/12  Installing       : csexec-2.2.2-1.fc35.x86_ [=====                    ] 12/12  Installing       : csexec-2.2.2-1.fc35.x86_ [======                   ] 12/12  Installing       : csexec-2.2.2-1.fc35.x86_ [=======                  ] 12/12  Installing       : csexec-2.2.2-1.fc35.x86_ [========                 ] 12/12  Installing       : csexec-2.2.2-1.fc35.x86_ [=========                ] 12/12  Installing       : csexec-2.2.2-1.fc35.x86_ [==========               ] 12/12  Installing       : csexec-2.2.2-1.fc35.x86_ [===========              ] 12/12  Installing       : csexec-2.2.2-1.fc35.x86_ [============             ] 12/12  Installing       : csexec-2.2.2-1.fc35.x86_ [=============            ] 12/12  Installing       : csexec-2.2.2-1.fc35.x86_ [==============           ] 12/12  Installing       : csexec-2.2.2-1.fc35.x86_ [===============          ] 12/12  Installing       : csexec-2.2.2-1.fc35.x86_ [================         ] 12/12  Installing       : csexec-2.2.2-1.fc35.x86_ [=================        ] 12/12  Installing       : csexec-2.2.2-1.fc35.x86_ [==================       ] 12/12  Installing       : csexec-2.2.2-1.fc35.x86_ [===================      ] 12/12  Installing       : csexec-2.2.2-1.fc35.x86_ [====================     ] 12/12  Installing       : csexec-2.2.2-1.fc35.x86_ [=====================    ] 12/12  Installing       : csexec-2.2.2-1.fc35.x86_ [======================   ] 12/12  Installing       : csexec-2.2.2-1.fc35.x86_ [=======================  ] 12/12  Installing       : csexec-2.2.2-1.fc35.x86_ [======================== ] 12/12  Installing       : csexec-2.2.2-1.fc35.x86_64                           12/12 
  Running scriptlet: csexec-2.2.2-1.fc35.x86_64                           12/12 
  Verifying        : divine-4.4.2_4_gd47985e0b-14.fc35.x86_64              1/12 
  Verifying        : libedit-3.1-40.20210910cvs.fc35.x86_64                2/12 
  Verifying        : libyaml-0.2.5-6.fc35.x86_64                           3/12 
  Verifying        : mpdecimal-2.5.1-2.fc35.x86_64                         4/12 
  Verifying        : python-setuptools-wheel-57.4.0-1.fc35.noarch          5/12 
  Verifying        : python3-pygments-2.9.0-2.fc35.noarch                  6/12 
  Verifying        : python3-pyyaml-5.4.1-4.fc35.x86_64                    7/12 
  Verifying        : csexec-2.2.2-1.fc35.x86_64                            8/12 
  Verifying        : expat-2.5.0-1.fc35.x86_64                             9/12 
  Verifying        : python-pip-wheel-21.2.3-4.fc35.noarch                10/12 
  Verifying        : python3-3.10.8-3.fc35.x86_64                         11/12 
  Verifying        : python3-libs-3.10.8-3.fc35.x86_64                    12/12 

Installed:
  csexec-2.2.2-1.fc35.x86_64                                                    
  divine-4.4.2_4_gd47985e0b-14.fc35.x86_64                                      
  expat-2.5.0-1.fc35.x86_64                                                     
  libedit-3.1-40.20210910cvs.fc35.x86_64                                        
  libyaml-0.2.5-6.fc35.x86_64                                                   
  mpdecimal-2.5.1-2.fc35.x86_64                                                 
  python-pip-wheel-21.2.3-4.fc35.noarch                                         
  python-setuptools-wheel-57.4.0-1.fc35.noarch                                  
  python3-3.10.8-3.fc35.x86_64                                                  
  python3-libs-3.10.8-3.fc35.x86_64                                             
  python3-pygments-2.9.0-2.fc35.noarch                                          
  python3-pyyaml-5.4.1-4.fc35.x86_64                                            

Complete!

>>> 2023-01-26 23:51:12	"'/usr/bin/mock' '-r' 'fedora-35-x86_64' '--plugin-option=tmpfs:keep_mounted=True' '--config-opts=print_main_output=True' '--quiet' '--shell' 'rpm -qa' | sort -V > /home/mockbuilder/aufover-benchmark/workdir-for-sync/rpm-pkgs/libseccomp-2.5.0-5.fc35/divine/output/debug/rpm-list-mock.txt"

>>> 2023-01-26 23:51:18	"'/usr/bin/mock' '-r' 'fedora-35-x86_64' '--plugin-option=tmpfs:keep_mounted=True' '--config-opts=print_main_output=True' '--quiet' '--shell' 'rpm -qa --provides' | sort -V > /tmp/csmock60v9c3sn/rpm-list-mock-provides.txt"

>>> 2023-01-26 23:51:23	"/usr/bin/mock" "-r" "fedora-35-x86_64" "--plugin-option=tmpfs:keep_mounted=True" "--config-opts=print_main_output=True" "--quiet" "--copyin" "/tmp/csmock60v9c3sn/libseccomp-2.5.0-5.fc35.src.rpm" "/builddir/libseccomp-2.5.0-5.fc35.src.rpm"

>>> 2023-01-26 23:51:29	"/usr/bin/mock" "-r" "fedora-35-x86_64" "--plugin-option=tmpfs:keep_mounted=True" "--config-opts=print_main_output=True" "--quiet" "--chroot" "chown mockbuild -R /builddir"

>>> 2023-01-26 23:51:34	"/usr/bin/mock" "-r" "fedora-35-x86_64" "--plugin-option=tmpfs:keep_mounted=True" "--config-opts=print_main_output=True" "--quiet" "--chroot" "/bin/su mockbuild -l -c \"rpm -Uvh --nodeps '/builddir/libseccomp-2.5.0-5.fc35.src.rpm'\""
Updating / installing...
libseccomp-2.5.0-5.fc35               ########################################

>>> 2023-01-26 23:51:40	"/usr/bin/mock" "-r" "fedora-35-x86_64" "--plugin-option=tmpfs:keep_mounted=True" "--config-opts=print_main_output=True" "--quiet" "--chroot" "/bin/su mockbuild -l -c \"sed -e 's|^ExclusiveArch:.*\\\$||' -i /builddir/build/SPECS/libseccomp.spec\""

>>> 2023-01-26 23:51:46	"/usr/bin/mock" "-r" "fedora-35-x86_64" "--plugin-option=tmpfs:keep_mounted=True" "--config-opts=print_main_output=True" "--quiet" "--chroot" "/bin/su mockbuild -l -c \"rpmbuild -bs --nodeps /builddir/build/SPECS/libseccomp.spec '--define' '_unpackaged_files_terminate_build 0' '--define' 'apidocs 0' '--define' 'with_publican 0' '--without' 'docs' '--without' 'langpacks' '--define' '__cc dioscc' '--define' '__cxx diosc++' '--define' '__cpp dioscc -E' '--define' 'toolchain clang' '--define' 'optflags -O0' '--define' 'build_ldflags -O0' && sh -c 'cd /builddir/build/SRPMS && eval mv -v *.src.rpm /builddir/libseccomp-2.5.0-5.fc35.src.rpm || :'\""
setting SOURCE_DATE_EPOCH=1626912000
Wrote: /builddir/build/SRPMS/libseccomp-2.5.0-5.fc35.src.rpm
renamed 'libseccomp-2.5.0-5.fc35.src.rpm' -> '/builddir/libseccomp-2.5.0-5.fc35.src.rpm'

>>> 2023-01-26 23:51:51	"/usr/bin/mock" "-r" "fedora-35-x86_64" "--plugin-option=tmpfs:keep_mounted=True" "--config-opts=print_main_output=True" "--quiet" "--disable-plugin=selinux" "--copyout" "/builddir/libseccomp-2.5.0-5.fc35.src.rpm" "/tmp/csmock60v9c3sn/libseccomp-2.5.0-5.fc35.src.rpm"

>>> 2023-01-26 23:51:57	"/usr/bin/mock" "-r" "fedora-35-x86_64" "--plugin-option=tmpfs:keep_mounted=True" "--config-opts=print_main_output=True" "--quiet" "--installdeps" "/tmp/csmock60v9c3sn/libseccomp-2.5.0-5.fc35.src.rpm"
No matches found for the following disable plugin patterns: local, spacewalk, versionlock
fedora                   [===                 ] ---  B/s |   0  B     --:-- ETAfedora                                           30 kB/s | 4.5 kB     00:00    
updates                  [===                 ] ---  B/s |   0  B     --:-- ETAupdates                                          13 kB/s | 2.8 kB     00:00    
Package gcc-11.3.1-3.fc35.x86_64 is already installed.
Package gperf-3.1-12.fc35.x86_64 is already installed.
Package make-1:4.3-6.fc35.x86_64 is already installed.
Package valgrind-1:3.19.0-3.fc35.x86_64 is already installed.
Dependencies resolved.
Nothing to do.
Complete!

>>> 2023-01-26 23:52:08	"/usr/bin/mock" "-r" "fedora-35-x86_64" "--plugin-option=tmpfs:keep_mounted=True" "--config-opts=print_main_output=True" "--quiet" "--addrepo" "https://download.copr.fedorainfracloud.org/results/@aufover/divine/fedora-\$releasever-\$basearch/" "--install" "divine" "csexec" "gcc"
No matches found for the following disable plugin patterns: local, spacewalk, versionlock
https://download.cop     [===                 ] ---  B/s |   0  B     --:-- ETAhttps://download.copr.fedorainfracloud.org/resu  25 kB/s | 3.3 kB     00:00    
fedora                   [===                 ] ---  B/s |   0  B     --:-- ETAfedora                   [   ===              ] ---  B/s |   0  B     --:-- ETAfedora                                           13 kB/s | 4.5 kB     00:00    
updates                  [      ===           ] ---  B/s |   0  B     --:-- ETAupdates                                          11 kB/s | 2.8 kB     00:00    
Package divine-4.4.2_4_gd47985e0b-14.fc35.x86_64 is already installed.
Package csexec-2.2.2-1.fc35.x86_64 is already installed.
Package gcc-11.3.1-3.fc35.x86_64 is already installed.
Dependencies resolved.
Nothing to do.
Complete!

>>> 2023-01-26 23:52:20	"'/usr/bin/mock' '-r' 'fedora-35-x86_64' '--plugin-option=tmpfs:keep_mounted=True' '--config-opts=print_main_output=True' '--quiet' '--shell' 'rpm -qa' | sort -V > /home/mockbuilder/aufover-benchmark/workdir-for-sync/rpm-pkgs/libseccomp-2.5.0-5.fc35/divine/output/debug/rpm-list-mock.txt"

>>> 2023-01-26 23:52:25	"'/usr/bin/mock' '-r' 'fedora-35-x86_64' '--plugin-option=tmpfs:keep_mounted=True' '--config-opts=print_main_output=True' '--quiet' '--shell' 'rpm -qa --provides' | sort -V > /tmp/csmock60v9c3sn/rpm-list-mock-provides.txt"

>>> 2023-01-26 23:52:31	"/usr/bin/mock" "-r" "fedora-35-x86_64" "--plugin-option=tmpfs:keep_mounted=True" "--config-opts=print_main_output=True" "--quiet" "--addrepo" "https://download.copr.fedorainfracloud.org/results/@aufover/divine/fedora-\$releasever-\$basearch/" "--install" "csdiff"
No matches found for the following disable plugin patterns: local, spacewalk, versionlock
https://download.cop     [===                 ] ---  B/s |   0  B     --:-- ETAhttps://download.copr.fedorainfracloud.org/resu  29 kB/s | 3.3 kB     00:00    
fedora                   [===                 ] ---  B/s |   0  B     --:-- ETAfedora                                           29 kB/s | 4.5 kB     00:00    
updates                  [   ===              ] ---  B/s |   0  B     --:-- ETAupdates                                          13 kB/s | 2.8 kB     00:00    
Dependencies resolved.
================================================================================
 Package                    Arch        Version              Repository    Size
================================================================================
Installing:
 [1mcsdiff                    [m x86_64      2.7.0-1.fc35         updates      894 k
Installing dependencies:
 [1mboost-filesystem          [m x86_64      1.76.0-5.fc35        updates       58 k
 [1mboost-program-options     [m x86_64      1.76.0-5.fc35        updates      107 k
 [1mboost-system              [m x86_64      1.76.0-5.fc35        updates       14 k

Transaction Summary
================================================================================
Install  4 Packages

Total size: 1.0 M
Installed size: 4.2 M
Downloading Packages:
[SKIPPED] boost-filesystem-1.76.0-5.fc35.x86_64.rpm: Already downloaded        
[SKIPPED] boost-program-options-1.76.0-5.fc35.x86_64.rpm: Already downloaded   
[SKIPPED] boost-system-1.76.0-5.fc35.x86_64.rpm: Already downloaded            
[SKIPPED] csdiff-2.7.0-1.fc35.x86_64.rpm: Already downloaded                   
Running transaction check
Transaction check succeeded.
Running transaction test
Transaction test succeeded.
Running transaction
  Preparing        :  [============                                       ] 1/1  Preparing        :  [=========================                          ] 1/1  Preparing        :  [======================================             ] 1/1  Preparing        :                                                        1/1 
  Installing       : boost-system-1.76.0-5.fc3 [                          ] 1/4  Installing       : boost-system-1.76.0-5.fc3 [=======================   ] 1/4  Installing       : boost-system-1.76.0-5.fc3 [========================= ] 1/4  Installing       : boost-system-1.76.0-5.fc35.x86_64                      1/4 
  Installing       : boost-filesystem-1.76.0-5 [                          ] 2/4  Installing       : boost-filesystem-1.76.0-5 [======                    ] 2/4  Installing       : boost-filesystem-1.76.0-5 [=============             ] 2/4  Installing       : boost-filesystem-1.76.0-5 [====================      ] 2/4  Installing       : boost-filesystem-1.76.0-5 [========================= ] 2/4  Installing       : boost-filesystem-1.76.0-5.fc35.x86_64                  2/4 
  Installing       : boost-program-options-1.7 [                          ] 3/4  Installing       : boost-program-options-1.7 [==                        ] 3/4  Installing       : boost-program-options-1.7 [=====                     ] 3/4  Installing       : boost-program-options-1.7 [========                  ] 3/4  Installing       : boost-program-options-1.7 [===========               ] 3/4  Installing       : boost-program-options-1.7 [==============            ] 3/4  Installing       : boost-program-options-1.7 [=================         ] 3/4  Installing       : boost-program-options-1.7 [====================      ] 3/4  Installing       : boost-program-options-1.7 [=======================   ] 3/4  Installing       : boost-program-options-1.7 [========================= ] 3/4  Installing       : boost-program-options-1.76.0-5.fc35.x86_64             3/4 
  Installing       : csdiff-2.7.0-1.fc35.x86_6 [                          ] 4/4  Installing       : csdiff-2.7.0-1.fc35.x86_6 [=                         ] 4/4  Installing       : csdiff-2.7.0-1.fc35.x86_6 [==                        ] 4/4  Installing       : csdiff-2.7.0-1.fc35.x86_6 [===                       ] 4/4  Installing       : csdiff-2.7.0-1.fc35.x86_6 [====                      ] 4/4  Installing       : csdiff-2.7.0-1.fc35.x86_6 [=====                     ] 4/4  Installing       : csdiff-2.7.0-1.fc35.x86_6 [======                    ] 4/4  Installing       : csdiff-2.7.0-1.fc35.x86_6 [=======                   ] 4/4  Installing       : csdiff-2.7.0-1.fc35.x86_6 [========                  ] 4/4  Installing       : csdiff-2.7.0-1.fc35.x86_6 [=========                 ] 4/4  Installing       : csdiff-2.7.0-1.fc35.x86_6 [==========                ] 4/4  Installing       : csdiff-2.7.0-1.fc35.x86_6 [===========               ] 4/4  Installing       : csdiff-2.7.0-1.fc35.x86_6 [============              ] 4/4  Installing       : csdiff-2.7.0-1.fc35.x86_6 [=============             ] 4/4  Installing       : csdiff-2.7.0-1.fc35.x86_6 [==============            ] 4/4  Installing       : csdiff-2.7.0-1.fc35.x86_6 [===============           ] 4/4  Installing       : csdiff-2.7.0-1.fc35.x86_6 [================          ] 4/4  Installing       : csdiff-2.7.0-1.fc35.x86_6 [=================         ] 4/4  Installing       : csdiff-2.7.0-1.fc35.x86_6 [==================        ] 4/4  Installing       : csdiff-2.7.0-1.fc35.x86_6 [===================       ] 4/4  Installing       : csdiff-2.7.0-1.fc35.x86_6 [====================      ] 4/4  Installing       : csdiff-2.7.0-1.fc35.x86_6 [=====================     ] 4/4  Installing       : csdiff-2.7.0-1.fc35.x86_6 [======================    ] 4/4  Installing       : csdiff-2.7.0-1.fc35.x86_6 [=======================   ] 4/4  Installing       : csdiff-2.7.0-1.fc35.x86_6 [========================  ] 4/4  Installing       : csdiff-2.7.0-1.fc35.x86_6 [========================= ] 4/4  Installing       : csdiff-2.7.0-1.fc35.x86_64                             4/4 
  Running scriptlet: csdiff-2.7.0-1.fc35.x86_64                             4/4 
  Verifying        : boost-filesystem-1.76.0-5.fc35.x86_64                  1/4 
  Verifying        : boost-program-options-1.76.0-5.fc35.x86_64             2/4 
  Verifying        : boost-system-1.76.0-5.fc35.x86_64                      3/4 
  Verifying        : csdiff-2.7.0-1.fc35.x86_64                             4/4 

Installed:
  boost-filesystem-1.76.0-5.fc35.x86_64                                         
  boost-program-options-1.76.0-5.fc35.x86_64                                    
  boost-system-1.76.0-5.fc35.x86_64                                             
  csdiff-2.7.0-1.fc35.x86_64                                                    

Complete!

>>> 2023-01-26 23:52:45	"/usr/bin/mock" "-r" "fedora-35-x86_64" "--plugin-option=tmpfs:keep_mounted=True" "--config-opts=print_main_output=True" "--quiet" "--addrepo" "https://download.copr.fedorainfracloud.org/results/@aufover/divine/fedora-\$releasever-\$basearch/" "--install" "glibc-devel(x86-32)"
No matches found for the following disable plugin patterns: local, spacewalk, versionlock
https://download.cop     [===                 ] ---  B/s |   0  B     --:-- ETAhttps://download.copr.fedorainfracloud.org/resu  22 kB/s | 3.3 kB     00:00    
fedora                   [===                 ] ---  B/s |   0  B     --:-- ETAfedora                   [   ===              ] ---  B/s |   0  B     --:-- ETAfedora                                           13 kB/s | 4.5 kB     00:00    
updates                  [      ===           ] ---  B/s |   0  B     --:-- ETAupdates                                          18 kB/s | 2.8 kB     00:00    
Dependencies resolved.
================================================================================
 Package                  Arch        Version              Repository      Size
================================================================================
Installing:
 [1mglibc-devel             [m i686        2.34-49.fc35         updates         45 k
Installing dependencies:
 [1mglibc                   [m i686        2.34-49.fc35         updates        1.9 M
 [1mglibc-gconv-extra       [m i686        2.34-49.fc35         updates        1.6 M
 [1mlibgcc                  [m i686        11.3.1-3.fc35        updates        127 k
 [1mlibxcrypt               [m i686        4.4.33-3.fc35        updates        125 k
 [1mlibxcrypt-devel         [m i686        4.4.33-3.fc35        updates         30 k

Transaction Summary
================================================================================
Install  6 Packages

Total size: 3.7 M
Installed size: 14 M
Downloading Packages:
[SKIPPED] glibc-2.34-49.fc35.i686.rpm: Already downloaded                      
[SKIPPED] glibc-devel-2.34-49.fc35.i686.rpm: Already downloaded                
[SKIPPED] glibc-gconv-extra-2.34-49.fc35.i686.rpm: Already downloaded          
[SKIPPED] libgcc-11.3.1-3.fc35.i686.rpm: Already downloaded                    
[SKIPPED] libxcrypt-4.4.33-3.fc35.i686.rpm: Already downloaded                 
[SKIPPED] libxcrypt-devel-4.4.33-3.fc35.i686.rpm: Already downloaded           
Running transaction check
Transaction check succeeded.
Running transaction test
Transaction test succeeded.
Running transaction
  Preparing        :  [========                                           ] 1/1  Preparing        :  [================                                   ] 1/1  Preparing        :  [=========================                          ] 1/1  Preparing        :  [=================================                  ] 1/1  Preparing        :  [==========================================         ] 1/1  Preparing        :                                                        1/1 
  Installing       : libgcc-11.3.1-3.fc35.i686 [                          ] 1/6  Installing       : libgcc-11.3.1-3.fc35.i686 [===                       ] 1/6  Installing       : libgcc-11.3.1-3.fc35.i686 [========                  ] 1/6  Installing       : libgcc-11.3.1-3.fc35.i686 [===========               ] 1/6  Installing       : libgcc-11.3.1-3.fc35.i686 [==============            ] 1/6  Installing       : libgcc-11.3.1-3.fc35.i686 [================          ] 1/6  Installing       : libgcc-11.3.1-3.fc35.i686 [====================      ] 1/6  Installing       : libgcc-11.3.1-3.fc35.i686 [========================  ] 1/6  Installing       : libgcc-11.3.1-3.fc35.i686 [========================= ] 1/6  Installing       : libgcc-11.3.1-3.fc35.i686                              1/6 
  Running scriptlet: libgcc-11.3.1-3.fc35.i686                              1/6 
  Installing       : glibc-gconv-extra-2.34-49 [                          ] 2/6  Installing       : glibc-gconv-extra-2.34-49 [=                         ] 2/6  Installing       : glibc-gconv-extra-2.34-49 [==                        ] 2/6  Installing       : glibc-gconv-extra-2.34-49 [===                       ] 2/6  Installing       : glibc-gconv-extra-2.34-49 [====                      ] 2/6  Installing       : glibc-gconv-extra-2.34-49 [=====                     ] 2/6  Installing       : glibc-gconv-extra-2.34-49 [======                    ] 2/6  Installing       : glibc-gconv-extra-2.34-49 [=======                   ] 2/6  Installing       : glibc-gconv-extra-2.34-49 [========                  ] 2/6  Installing       : glibc-gconv-extra-2.34-49 [=========                 ] 2/6  Installing       : glibc-gconv-extra-2.34-49 [==========                ] 2/6  Installing       : glibc-gconv-extra-2.34-49 [===========               ] 2/6  Installing       : glibc-gconv-extra-2.34-49 [============              ] 2/6  Installing       : glibc-gconv-extra-2.34-49 [=============             ] 2/6  Installing       : glibc-gconv-extra-2.34-49 [==============            ] 2/6  Installing       : glibc-gconv-extra-2.34-49 [===============           ] 2/6  Installing       : glibc-gconv-extra-2.34-49 [================          ] 2/6  Installing       : glibc-gconv-extra-2.34-49 [=================         ] 2/6  Installing       : glibc-gconv-extra-2.34-49 [==================        ] 2/6  Installing       : glibc-gconv-extra-2.34-49 [===================       ] 2/6  Installing       : glibc-gconv-extra-2.34-49 [====================      ] 2/6  Installing       : glibc-gconv-extra-2.34-49 [=====================     ] 2/6  Installing       : glibc-gconv-extra-2.34-49 [======================    ] 2/6  Installing       : glibc-gconv-extra-2.34-49 [=======================   ] 2/6  Installing       : glibc-gconv-extra-2.34-49 [========================  ] 2/6  Installing       : glibc-gconv-extra-2.34-49 [========================= ] 2/6  Installing       : glibc-gconv-extra-2.34-49.fc35.i686                    2/6 
  Running scriptlet: glibc-gconv-extra-2.34-49.fc35.i686                    2/6 
  Running scriptlet: glibc-2.34-49.fc35.i686                                3/6 
  Installing       : glibc-2.34-49.fc35.i686 [                            ] 3/6  Installing       : glibc-2.34-49.fc35.i686 [=                           ] 3/6  Installing       : glibc-2.34-49.fc35.i686 [==                          ] 3/6  Installing       : glibc-2.34-49.fc35.i686 [===                         ] 3/6  Installing       : glibc-2.34-49.fc35.i686 [====                        ] 3/6  Installing       : glibc-2.34-49.fc35.i686 [=====                       ] 3/6  Installing       : glibc-2.34-49.fc35.i686 [======                      ] 3/6  Installing       : glibc-2.34-49.fc35.i686 [=======                     ] 3/6  Installing       : glibc-2.34-49.fc35.i686 [========                    ] 3/6  Installing       : glibc-2.34-49.fc35.i686 [=========                   ] 3/6  Installing       : glibc-2.34-49.fc35.i686 [==========                  ] 3/6  Installing       : glibc-2.34-49.fc35.i686 [===========                 ] 3/6  Installing       : glibc-2.34-49.fc35.i686 [============                ] 3/6  Installing       : glibc-2.34-49.fc35.i686 [=============               ] 3/6  Installing       : glibc-2.34-49.fc35.i686 [==============              ] 3/6  Installing       : glibc-2.34-49.fc35.i686 [===============             ] 3/6  Installing       : glibc-2.34-49.fc35.i686 [================            ] 3/6  Installing       : glibc-2.34-49.fc35.i686 [=================           ] 3/6  Installing       : glibc-2.34-49.fc35.i686 [==================          ] 3/6  Installing       : glibc-2.34-49.fc35.i686 [===================         ] 3/6  Installing       : glibc-2.34-49.fc35.i686 [====================        ] 3/6  Installing       : glibc-2.34-49.fc35.i686 [=====================       ] 3/6  Installing       : glibc-2.34-49.fc35.i686 [==========================  ] 3/6  Installing       : glibc-2.34-49.fc35.i686 [=========================== ] 3/6  Installing       : glibc-2.34-49.fc35.i686                                3/6 
  Running scriptlet: glibc-2.34-49.fc35.i686                                3/6 
  Installing       : libxcrypt-4.4.33-3.fc35.i [                          ] 4/6  Installing       : libxcrypt-4.4.33-3.fc35.i [==                        ] 4/6  Installing       : libxcrypt-4.4.33-3.fc35.i [=====                     ] 4/6  Installing       : libxcrypt-4.4.33-3.fc35.i [========                  ] 4/6  Installing       : libxcrypt-4.4.33-3.fc35.i [===========               ] 4/6  Installing       : libxcrypt-4.4.33-3.fc35.i [==============            ] 4/6  Installing       : libxcrypt-4.4.33-3.fc35.i [=================         ] 4/6  Installing       : libxcrypt-4.4.33-3.fc35.i [==================        ] 4/6  Installing       : libxcrypt-4.4.33-3.fc35.i [=====================     ] 4/6  Installing       : libxcrypt-4.4.33-3.fc35.i [======================    ] 4/6  Installing       : libxcrypt-4.4.33-3.fc35.i [========================  ] 4/6  Installing       : libxcrypt-4.4.33-3.fc35.i [========================= ] 4/6  Installing       : libxcrypt-4.4.33-3.fc35.i686                           4/6 
  Installing       : glibc-devel-2.34-49.fc35. [                          ] 5/6  Installing       : glibc-devel-2.34-49.fc35. [=                         ] 5/6  Installing       : glibc-devel-2.34-49.fc35. [====                      ] 5/6  Installing       : glibc-devel-2.34-49.fc35. [========                  ] 5/6  Installing       : glibc-devel-2.34-49.fc35. [=============             ] 5/6  Installing       : glibc-devel-2.34-49.fc35. [=================         ] 5/6  Installing       : glibc-devel-2.34-49.fc35. [===================       ] 5/6  Installing       : glibc-devel-2.34-49.fc35. [====================      ] 5/6  Installing       : glibc-devel-2.34-49.fc35. [=====================     ] 5/6  Installing       : glibc-devel-2.34-49.fc35. [=======================   ] 5/6  Installing       : glibc-devel-2.34-49.fc35. [========================= ] 5/6  Installing       : glibc-devel-2.34-49.fc35.i686                          5/6 
  Installing       : libxcrypt-devel-4.4.33-3. [                          ] 6/6  Installing       : libxcrypt-devel-4.4.33-3. [========                  ] 6/6  Installing       : libxcrypt-devel-4.4.33-3. [=========                 ] 6/6  Installing       : libxcrypt-devel-4.4.33-3. [==============            ] 6/6  Installing       : libxcrypt-devel-4.4.33-3. [=================         ] 6/6  Installing       : libxcrypt-devel-4.4.33-3. [=====================     ] 6/6  Installing       : libxcrypt-devel-4.4.33-3. [======================    ] 6/6  Installing       : libxcrypt-devel-4.4.33-3. [========================  ] 6/6  Installing       : libxcrypt-devel-4.4.33-3. [========================= ] 6/6  Installing       : libxcrypt-devel-4.4.33-3.fc35.i686                     6/6 
  Running scriptlet: libxcrypt-devel-4.4.33-3.fc35.i686                     6/6 
  Verifying        : glibc-2.34-49.fc35.i686                                1/6 
  Verifying        : glibc-devel-2.34-49.fc35.i686                          2/6 
  Verifying        : glibc-gconv-extra-2.34-49.fc35.i686                    3/6 
  Verifying        : libgcc-11.3.1-3.fc35.i686                              4/6 
  Verifying        : libxcrypt-4.4.33-3.fc35.i686                           5/6 
  Verifying        : libxcrypt-devel-4.4.33-3.fc35.i686                     6/6 

Installed:
  glibc-2.34-49.fc35.i686                 glibc-devel-2.34-49.fc35.i686         
  glibc-gconv-extra-2.34-49.fc35.i686     libgcc-11.3.1-3.fc35.i686             
  libxcrypt-4.4.33-3.fc35.i686            libxcrypt-devel-4.4.33-3.fc35.i686    

Complete!

>>> 2023-01-26 23:53:02	"'/usr/bin/mock' '-r' 'fedora-35-x86_64' '--plugin-option=tmpfs:keep_mounted=True' '--config-opts=print_main_output=True' '--quiet' '--shell' 'rpm -qa' | sort -V > /home/mockbuilder/aufover-benchmark/workdir-for-sync/rpm-pkgs/libseccomp-2.5.0-5.fc35/divine/output/debug/rpm-list-mock.txt"

>>> 2023-01-26 23:53:08	"'/usr/bin/mock' '-r' 'fedora-35-x86_64' '--plugin-option=tmpfs:keep_mounted=True' '--config-opts=print_main_output=True' '--quiet' '--shell' 'rpm -qa --provides' | sort -V > /tmp/csmock60v9c3sn/rpm-list-mock-provides.txt"

>>> 2023-01-26 23:53:14	"tar -cP '/usr/share/csmock/scripts' '/usr/bin/cswrap' '/usr/lib64/cswrap' '/tmp/csmock60v9c3sn/libseccomp-2.5.0-5.fc35.src.rpm' | '/usr/bin/mock' '-r' 'fedora-35-x86_64' '--plugin-option=tmpfs:keep_mounted=True' '--config-opts=print_main_output=True' '--quiet' '--shell' 'tar -xC/'"
tar: Removing leading `/' from member names

scan.ini: analyzer-version-divine = 4.4.2_4_gd47985e0b
>>> 2023-01-26 23:53:19	"/usr/bin/mock" "-r" "fedora-35-x86_64" "--plugin-option=tmpfs:keep_mounted=True" "--config-opts=print_main_output=True" "--quiet" "--chroot" "/bin/su mockbuild -l -c \"mkdir -pv '/builddir/divine-capture'\""
mkdir: created directory '/builddir/divine-capture'

scan.ini: analyzer-version-gcc = 11.3.1
>>> 2023-01-26 23:53:25	"/usr/bin/mock" "-r" "fedora-35-x86_64" "--plugin-option=tmpfs:keep_mounted=True" "--config-opts=print_main_output=True" "--quiet" "--chroot" "rpm -Uvh --nodeps '/tmp/csmock60v9c3sn/libseccomp-2.5.0-5.fc35.src.rpm'"
Updating / installing...
libseccomp-2.5.0-5.fc35               ########################################

>>> 2023-01-26 23:53:30	"/usr/bin/mock" "-r" "fedora-35-x86_64" "--plugin-option=tmpfs:keep_mounted=True" "--config-opts=print_main_output=True" "--quiet" "--chroot" "chmod -R +r /builddir"

>>> 2023-01-26 23:53:36	"/usr/bin/mock" "-r" "fedora-35-x86_64" "--plugin-option=tmpfs:keep_mounted=True" "--config-opts=print_main_output=True" "--quiet" "--chroot" "ln -fv '/usr/share/csmock/scripts/enable-keep-going.sh' '/usr/share/csmock/scripts/chroot-fixups'"
'/usr/share/csmock/scripts/chroot-fixups/enable-keep-going.sh' => '/usr/share/csmock/scripts/enable-keep-going.sh'

>>> 2023-01-26 23:53:42	"/usr/bin/mock" "-r" "fedora-35-x86_64" "--plugin-option=tmpfs:keep_mounted=True" "--config-opts=print_main_output=True" "--quiet" "--shell" "for i in /usr/share/csmock/scripts/chroot-fixups/*; do test -x \$i && echo RUN: \$i >&2 && \$i; done"
RUN: /usr/share/csmock/scripts/chroot-fixups/enable-keep-going.sh
renamed '/usr/bin/make' -> '/usr/bin/make.orig'
+ ls -l /usr/bin/make
-rwxr-xr-x. 1 root root 42 Jan 26 23:53 /usr/bin/make
+ cat /usr/bin/make
#!/bin/sh
exec /usr/bin/make.orig -k "$@"
RUN: /usr/share/csmock/scripts/chroot-fixups/gdk-pixbuf2-triggers.sh
RUN: /usr/share/csmock/scripts/chroot-fixups/glib2-triggers.sh
RUN: /usr/share/csmock/scripts/chroot-fixups/kpathsea-texhash.sh
RUN: /usr/share/csmock/scripts/chroot-fixups/openssl-public-header-files.sh
RUN: /usr/share/csmock/scripts/chroot-fixups/qt5-core-abi.sh
RUN: /usr/share/csmock/scripts/chroot-fixups/rpm-build-scripts.sh
+ sed -e s/fail=1/fail=0/ -i /usr/lib/rpm/redhat/brp-mangle-shebangs
'/usr/lib/rpm/brp-strip-static-archive' -> '/bin/true'
RUN: /usr/share/csmock/scripts/chroot-fixups/rpm-macros.sh
RUN: /usr/share/csmock/scripts/chroot-fixups/rpm-python-extras.sh
RUN: /usr/share/csmock/scripts/chroot-fixups/shared-mime-info-triggers.sh
RUN: /usr/share/csmock/scripts/chroot-fixups/symbiotic-timeout.sh

>>> 2023-01-26 23:53:47	"/usr/bin/mock" "-r" "fedora-35-x86_64" "--plugin-option=tmpfs:keep_mounted=True" "--config-opts=print_main_output=True" "--chroot" "/bin/su mockbuild -l -c \"rpmbuild -bp --nodeps /builddir/build/SPECS/libseccomp.spec '--define' '_unpackaged_files_terminate_build 0' '--define' 'apidocs 0' '--define' 'with_publican 0' '--without' 'docs' '--without' 'langpacks' '--define' '__cc dioscc' '--define' '__cxx diosc++' '--define' '__cpp dioscc -E' '--define' 'toolchain clang' '--define' 'optflags -O0' '--define' 'build_ldflags -O0'\""
INFO: mock.py version 3.5 starting (python version = 3.10.9, NVR = mock-3.5-1.fc36)...
Start(bootstrap): init plugins
INFO: selinux enabled
Finish(bootstrap): init plugins
Start: init plugins
INFO: selinux enabled
Finish: init plugins
INFO: Signal handler active
Start: run
Start(bootstrap): chroot init
INFO: calling preinit hooks
INFO: enabled root cache
INFO: enabled package manager cache
Start(bootstrap): cleaning package manager metadata
Finish(bootstrap): cleaning package manager metadata
INFO: enabled HW Info plugin
Mock Version: 3.5
INFO: Mock Version: 3.5
Finish(bootstrap): chroot init
Start: chroot init
INFO: calling preinit hooks
INFO: enabled root cache
INFO: enabled package manager cache
Start: cleaning package manager metadata
Finish: cleaning package manager metadata
INFO: enabled HW Info plugin
Mock Version: 3.5
INFO: Mock Version: 3.5
Finish: chroot init
INFO: Running in chroot: ['/bin/su mockbuild -l -c "rpmbuild -bp --nodeps /builddir/build/SPECS/libseccomp.spec \'--define\' \'_unpackaged_files_terminate_build 0\' \'--define\' \'apidocs 0\' \'--define\' \'with_publican 0\' \'--without\' \'docs\' \'--without\' \'langpacks\' \'--define\' \'__cc dioscc\' \'--define\' \'__cxx diosc++\' \'--define\' \'__cpp dioscc -E\' \'--define\' \'toolchain clang\' \'--define\' \'optflags -O0\' \'--define\' \'build_ldflags -O0\'"']
Start: chroot ['/bin/su mockbuild -l -c "rpmbuild -bp --nodeps /builddir/build/SPECS/libseccomp.spec \'--define\' \'_unpackaged_files_terminate_build 0\' \'--define\' \'apidocs 0\' \'--define\' \'with_publican 0\' \'--without\' \'docs\' \'--without\' \'langpacks\' \'--define\' \'__cc dioscc\' \'--define\' \'__cxx diosc++\' \'--define\' \'__cpp dioscc -E\' \'--define\' \'toolchain clang\' \'--define\' \'optflags -O0\' \'--define\' \'build_ldflags -O0\'"']
setting SOURCE_DATE_EPOCH=1626912000
Executing(%prep): /bin/sh -e /var/tmp/rpm-tmp.urJoel
+ umask 022
+ cd /builddir/build/BUILD
+ cd /builddir/build/BUILD
+ rm -rf libseccomp-2.5.0
+ /usr/bin/gzip -dc /builddir/build/SOURCES/libseccomp-2.5.0.tar.gz
+ /usr/bin/tar -xof -
+ STATUS=0
+ '[' 0 -ne 0 ']'
+ cd libseccomp-2.5.0
+ /usr/bin/chmod -Rf a+rX,u+w,g-w,o-w .
+ /usr/bin/cat /builddir/build/SOURCES/0101-all-only-request-the-userspace-notification-fd-once.patch
+ /usr/bin/patch -p1 -s --fuzz=0 --no-backup-if-mismatch -f
+ /usr/bin/cat /builddir/build/SOURCES/0102-system-change-our-notification-fd-handling.patch
+ /usr/bin/patch -p1 -s --fuzz=0 --no-backup-if-mismatch -f
+ RPM_EC=0
++ jobs -p
+ exit 0
Finish: chroot ['/bin/su mockbuild -l -c "rpmbuild -bp --nodeps /builddir/build/SPECS/libseccomp.spec \'--define\' \'_unpackaged_files_terminate_build 0\' \'--define\' \'apidocs 0\' \'--define\' \'with_publican 0\' \'--without\' \'docs\' \'--without\' \'langpacks\' \'--define\' \'__cc dioscc\' \'--define\' \'__cxx diosc++\' \'--define\' \'__cpp dioscc -E\' \'--define\' \'toolchain clang\' \'--define\' \'optflags -O0\' \'--define\' \'build_ldflags -O0\'"']

>>> 2023-01-26 23:53:53	"/usr/bin/mock" "-r" "fedora-35-x86_64" "--plugin-option=tmpfs:keep_mounted=True" "--config-opts=print_main_output=True" "--quiet" "--chroot" "chmod -R +r /builddir/build"

>>> 2023-01-26 23:53:59	"/usr/bin/mock" "-r" "fedora-35-x86_64" "--plugin-option=tmpfs:keep_mounted=True" "--config-opts=print_main_output=True" "--chroot" "/bin/su mockbuild -l -c \"PATH=/usr/lib64/cswrap:\\\$PATH CSWRAP_CAP_FILE=\\\$'/builddir/cswrap-capture.err' CSWRAP_TIMEOUT=\\\$'30' CSWRAP_TIMEOUT_FOR=\\\$':' CC=\\\$'dioscc' CXX=\\\$'diosc++' CSEXEC_WRAP_CMD=\\\$'--skip-ld-linux\\\\a/usr/bin/csexec-divine\\\\a-l\\\\a/builddir/divine-capture\\\\a-d\\\\acheck --lart stubs -o ignore:notimplemented -o ignore:exit --max-time 8 ' CSWRAP_ADD_CFLAGS=\\\$'-Wno-unknown-pragmas:-Wno-unknown-warning-option:-O0:-g:-Wl,--dynamic-linker,/usr/bin/csexec-loader:-Wno-unknown-pragmas:-Wl,--dynamic-linker,/usr/bin/csexec-loader' CSWRAP_DEL_CFLAGS=\\\$'-Werror*:-fdiagnostics-color*:-no-canonical-prefixes:-Wno-error=deprecated-register:-O1:-O2:-O3:-Os:-Ofast:-Og:-Werror*:-fdiagnostics-color*:-no-canonical-prefixes:-Wno-error=deprecated-register' CSWRAP_ADD_CXXFLAGS=\\\$'-Wno-unknown-warning-option:-O0:-g:-Wl,--dynamic-linker,/usr/bin/csexec-loader:-Wl,--dynamic-linker,/usr/bin/csexec-loader' CSWRAP_DEL_CXXFLAGS=\\\$'-Werror*:-fdiagnostics-color*:-no-canonical-prefixes:-Wno-error=deprecated-register:-O1:-O2:-O3:-Os:-Ofast:-Og:-Werror*:-fdiagnostics-color*:-no-canonical-prefixes:-Wno-error=deprecated-register' sh -c \\\"rpmbuild -bc --nodeps --short-circuit /builddir/build/SPECS/libseccomp.spec '--define' '_unpackaged_files_terminate_build 0' '--define' 'apidocs 0' '--define' 'with_publican 0' '--without' 'docs' '--without' 'langpacks' '--define' '__cc dioscc' '--define' '__cxx diosc++' '--define' '__cpp dioscc -E' '--define' 'toolchain clang' '--define' 'optflags -O0' '--define' 'build_ldflags -O0'\\\"\""
INFO: mock.py version 3.5 starting (python version = 3.10.9, NVR = mock-3.5-1.fc36)...
Start(bootstrap): init plugins
INFO: selinux enabled
Finish(bootstrap): init plugins
Start: init plugins
INFO: selinux enabled
Finish: init plugins
INFO: Signal handler active
Start: run
Start(bootstrap): chroot init
INFO: calling preinit hooks
INFO: enabled root cache
INFO: enabled package manager cache
Start(bootstrap): cleaning package manager metadata
Finish(bootstrap): cleaning package manager metadata
INFO: enabled HW Info plugin
Mock Version: 3.5
INFO: Mock Version: 3.5
Finish(bootstrap): chroot init
Start: chroot init
INFO: calling preinit hooks
INFO: enabled root cache
INFO: enabled package manager cache
Start: cleaning package manager metadata
Finish: cleaning package manager metadata
INFO: enabled HW Info plugin
Mock Version: 3.5
INFO: Mock Version: 3.5
Finish: chroot init
INFO: Running in chroot: ['/bin/su mockbuild -l -c "PATH=/usr/lib64/cswrap:\\$PATH CSWRAP_CAP_FILE=\\$\'/builddir/cswrap-capture.err\' CSWRAP_TIMEOUT=\\$\'30\' CSWRAP_TIMEOUT_FOR=\\$\':\' CC=\\$\'dioscc\' CXX=\\$\'diosc++\' CSEXEC_WRAP_CMD=\\$\'--skip-ld-linux\\\\a/usr/bin/csexec-divine\\\\a-l\\\\a/builddir/divine-capture\\\\a-d\\\\acheck --lart stubs -o ignore:notimplemented -o ignore:exit --max-time 8 \' CSWRAP_ADD_CFLAGS=\\$\'-Wno-unknown-pragmas:-Wno-unknown-warning-option:-O0:-g:-Wl,--dynamic-linker,/usr/bin/csexec-loader:-Wno-unknown-pragmas:-Wl,--dynamic-linker,/usr/bin/csexec-loader\' CSWRAP_DEL_CFLAGS=\\$\'-Werror*:-fdiagnostics-color*:-no-canonical-prefixes:-Wno-error=deprecated-register:-O1:-O2:-O3:-Os:-Ofast:-Og:-Werror*:-fdiagnostics-color*:-no-canonical-prefixes:-Wno-error=deprecated-register\' CSWRAP_ADD_CXXFLAGS=\\$\'-Wno-unknown-warning-option:-O0:-g:-Wl,--dynamic-linker,/usr/bin/csexec-loader:-Wl,--dynamic-linker,/usr/bin/csexec-loader\' CSWRAP_DEL_CXXFLAGS=\\$\'-Werror*:-fdiagnostics-color*:-no-canonical-prefixes:-Wno-error=deprecated-register:-O1:-O2:-O3:-Os:-Ofast:-Og:-Werror*:-fdiagnostics-color*:-no-canonical-prefixes:-Wno-error=deprecated-register\' sh -c \\"rpmbuild -bc --nodeps --short-circuit /builddir/build/SPECS/libseccomp.spec \'--define\' \'_unpackaged_files_terminate_build 0\' \'--define\' \'apidocs 0\' \'--define\' \'with_publican 0\' \'--without\' \'docs\' \'--without\' \'langpacks\' \'--define\' \'__cc dioscc\' \'--define\' \'__cxx diosc++\' \'--define\' \'__cpp dioscc -E\' \'--define\' \'toolchain clang\' \'--define\' \'optflags -O0\' \'--define\' \'build_ldflags -O0\'\\""']
Start: chroot ['/bin/su mockbuild -l -c "PATH=/usr/lib64/cswrap:\\$PATH CSWRAP_CAP_FILE=\\$\'/builddir/cswrap-capture.err\' CSWRAP_TIMEOUT=\\$\'30\' CSWRAP_TIMEOUT_FOR=\\$\':\' CC=\\$\'dioscc\' CXX=\\$\'diosc++\' CSEXEC_WRAP_CMD=\\$\'--skip-ld-linux\\\\a/usr/bin/csexec-divine\\\\a-l\\\\a/builddir/divine-capture\\\\a-d\\\\acheck --lart stubs -o ignore:notimplemented -o ignore:exit --max-time 8 \' CSWRAP_ADD_CFLAGS=\\$\'-Wno-unknown-pragmas:-Wno-unknown-warning-option:-O0:-g:-Wl,--dynamic-linker,/usr/bin/csexec-loader:-Wno-unknown-pragmas:-Wl,--dynamic-linker,/usr/bin/csexec-loader\' CSWRAP_DEL_CFLAGS=\\$\'-Werror*:-fdiagnostics-color*:-no-canonical-prefixes:-Wno-error=deprecated-register:-O1:-O2:-O3:-Os:-Ofast:-Og:-Werror*:-fdiagnostics-color*:-no-canonical-prefixes:-Wno-error=deprecated-register\' CSWRAP_ADD_CXXFLAGS=\\$\'-Wno-unknown-warning-option:-O0:-g:-Wl,--dynamic-linker,/usr/bin/csexec-loader:-Wl,--dynamic-linker,/usr/bin/csexec-loader\' CSWRAP_DEL_CXXFLAGS=\\$\'-Werror*:-fdiagnostics-color*:-no-canonical-prefixes:-Wno-error=deprecated-register:-O1:-O2:-O3:-Os:-Ofast:-Og:-Werror*:-fdiagnostics-color*:-no-canonical-prefixes:-Wno-error=deprecated-register\' sh -c \\"rpmbuild -bc --nodeps --short-circuit /builddir/build/SPECS/libseccomp.spec \'--define\' \'_unpackaged_files_terminate_build 0\' \'--define\' \'apidocs 0\' \'--define\' \'with_publican 0\' \'--without\' \'docs\' \'--without\' \'langpacks\' \'--define\' \'__cc dioscc\' \'--define\' \'__cxx diosc++\' \'--define\' \'__cpp dioscc -E\' \'--define\' \'toolchain clang\' \'--define\' \'optflags -O0\' \'--define\' \'build_ldflags -O0\'\\""']
setting SOURCE_DATE_EPOCH=1626912000
Executing(%build): /bin/sh -e /var/tmp/rpm-tmp.ksU2UH
+ umask 022
+ cd /builddir/build/BUILD
+ cd libseccomp-2.5.0
+ CFLAGS=-O0
+ export CFLAGS
+ CXXFLAGS=-O0
+ export CXXFLAGS
+ FFLAGS='-O0 -I/usr/lib64/gfortran/modules'
+ export FFLAGS
+ FCFLAGS='-O0 -I/usr/lib64/gfortran/modules'
+ export FCFLAGS
+ LDFLAGS=-O0
+ export LDFLAGS
+ LT_SYS_LIBRARY_PATH=/usr/lib64:
+ export LT_SYS_LIBRARY_PATH
+ CC=dioscc
+ export CC
+ CXX=diosc++
+ export CXX
+ '[' -fltox '!=' x ']'
++ find . -type f -name configure -print
+ for file in $(find . -type f -name configure -print)
+ /usr/bin/sed -r --in-place=.backup 's/^char \(\*f\) \(\) = /__attribute__ ((used)) char (*f) () = /g' ./configure
+ diff -u ./configure.backup ./configure
+ mv ./configure.backup ./configure
+ /usr/bin/sed -r --in-place=.backup 's/^char \(\*f\) \(\);/__attribute__ ((used)) char (*f) ();/g' ./configure
+ diff -u ./configure.backup ./configure
+ mv ./configure.backup ./configure
+ /usr/bin/sed -r --in-place=.backup 's/^char \$2 \(\);/__attribute__ ((used)) char \$2 ();/g' ./configure
+ diff -u ./configure.backup ./configure
--- ./configure.backup	2020-07-20 14:16:15.917103603 -0400
+++ ./configure	2023-01-26 23:54:04.350571694 -0500
@@ -1776,7 +1776,7 @@
 #ifdef __cplusplus
 extern "C"
 #endif
-char $2 ();
+__attribute__ ((used)) char $2 ();
 /* The GNU C library defines this for functions which it implements
     to always fail with ENOSYS.  Some functions are actually named
     something starting with __ and the normal name is an alias.  */
+ /usr/bin/sed --in-place=.backup '1{$!N;$!N};$!N;s/int x = 1;\nint y = 0;\nint z;\nint nan;/volatile int x = 1; volatile int y = 0; volatile int z, nan;/;P;D' ./configure
+ diff -u ./configure.backup ./configure
+ mv ./configure.backup ./configure
+ /usr/bin/sed --in-place=.backup 's#^lt_cv_sys_global_symbol_to_cdecl=.*#lt_cv_sys_global_symbol_to_cdecl="sed -n -e '\''s/^T .* \\(.*\\)$/extern int \\1();/p'\'' -e '\''s/^$symcode* .* \\(.*\\)$/extern char \\1;/p'\''"#' ./configure
+ diff -u ./configure.backup ./configure
--- ./configure.backup	2023-01-26 23:54:04.350571694 -0500
+++ ./configure	2023-01-26 23:54:04.402570971 -0500
@@ -6177,7 +6177,7 @@
 # Transform an extracted symbol line into a proper C declaration.
 # Some systems (esp. on ia64) link data and code symbols differently,
 # so use this general approach.
-lt_cv_sys_global_symbol_to_cdecl="sed -n"\
+lt_cv_sys_global_symbol_to_cdecl="sed -n -e 's/^T .* \(.*\)$/extern int \1();/p' -e 's/^$symcode* .* \(.*\)$/extern char \1;/p'"
 $lt_cdecl_hook\
 " -e 's/^T .* \(.*\)$/extern int \1();/p'"\
 " -e 's/^$symcode$symcode* .* \(.*\)$/extern char \1;/p'"
@@ -13902,7 +13902,7 @@
 compiler='`$ECHO "$compiler" | $SED "$delay_single_quote_subst"`'
 GCC='`$ECHO "$GCC" | $SED "$delay_single_quote_subst"`'
 lt_cv_sys_global_symbol_pipe='`$ECHO "$lt_cv_sys_global_symbol_pipe" | $SED "$delay_single_quote_subst"`'
-lt_cv_sys_global_symbol_to_cdecl='`$ECHO "$lt_cv_sys_global_symbol_to_cdecl" | $SED "$delay_single_quote_subst"`'
+lt_cv_sys_global_symbol_to_cdecl="sed -n -e 's/^T .* \(.*\)$/extern int \1();/p' -e 's/^$symcode* .* \(.*\)$/extern char \1;/p'"
 lt_cv_sys_global_symbol_to_import='`$ECHO "$lt_cv_sys_global_symbol_to_import" | $SED "$delay_single_quote_subst"`'
 lt_cv_sys_global_symbol_to_c_name_address='`$ECHO "$lt_cv_sys_global_symbol_to_c_name_address" | $SED "$delay_single_quote_subst"`'
 lt_cv_sys_global_symbol_to_c_name_address_lib_prefix='`$ECHO "$lt_cv_sys_global_symbol_to_c_name_address_lib_prefix" | $SED "$delay_single_quote_subst"`'
+ '[' 1 = 1 ']'
+++ dirname ./configure
++ find . -name config.guess -o -name config.sub
+ for i in $(find $(dirname ./configure) -name config.guess -o -name config.sub)
++ basename ./build-aux/config.sub
+ '[' -f /usr/lib/rpm/redhat/config.sub ']'
+ /usr/bin/rm -f ./build-aux/config.sub
++ basename ./build-aux/config.sub
+ /usr/bin/cp -fv /usr/lib/rpm/redhat/config.sub ./build-aux/config.sub
'/usr/lib/rpm/redhat/config.sub' -> './build-aux/config.sub'
+ for i in $(find $(dirname ./configure) -name config.guess -o -name config.sub)
++ basename ./build-aux/config.guess
+ '[' -f /usr/lib/rpm/redhat/config.guess ']'
+ /usr/bin/rm -f ./build-aux/config.guess
++ basename ./build-aux/config.guess
+ /usr/bin/cp -fv /usr/lib/rpm/redhat/config.guess ./build-aux/config.guess
'/usr/lib/rpm/redhat/config.guess' -> './build-aux/config.guess'
+ '[' 1 = 1 ']'
+ '[' x '!=' 'x-Wl,-z,now ' ']'
++ find . -name ltmain.sh
+ for i in $(find . -name ltmain.sh)
+ /usr/bin/sed -i.backup -e 's~compiler_flags=$~compiler_flags="-Wl,-z,now "~' ./build-aux/ltmain.sh
+ ./configure --build=x86_64-redhat-linux-gnu --host=x86_64-redhat-linux-gnu --program-prefix= --disable-dependency-tracking --prefix=/usr --exec-prefix=/usr --bindir=/usr/bin --sbindir=/usr/sbin --sysconfdir=/etc --datadir=/usr/share --includedir=/usr/include --libdir=/usr/lib64 --libexecdir=/usr/libexec --localstatedir=/var --sharedstatedir=/var/lib --mandir=/usr/share/man --infodir=/usr/share/info
checking for a BSD-compatible install... /usr/bin/install -c
checking whether build environment is sane... yes
checking for a thread-safe mkdir -p... /usr/bin/mkdir -p
checking for gawk... gawk
checking whether make sets $(MAKE)... yes
checking whether make supports nested variables... yes
checking how to create a pax tar archive... gnutar
checking for x86_64-redhat-linux-gnu-gcc... dioscc
checking whether the C compiler works... yes
checking for C compiler default output file name... a.out
checking for suffix of executables... 
checking whether we are cross compiling... no
checking for suffix of object files... o
checking whether we are using the GNU C compiler... yes
checking whether dioscc accepts -g... yes
checking for dioscc option to accept ISO C89... none needed
checking whether dioscc understands -c and -o together... yes
checking whether make supports the include directive... yes (GNU style)
checking dependency style of dioscc... none
checking for x86_64-redhat-linux-gnu-ar... no
checking for x86_64-redhat-linux-gnu-lib... no
checking for x86_64-redhat-linux-gnu-link... no
checking for ar... ar
checking the archiver (ar) interface... ar
checking build system type... x86_64-redhat-linux-gnu
checking host system type... x86_64-redhat-linux-gnu
checking how to print strings... printf
checking for a sed that does not truncate output... /usr/bin/sed
checking for grep that handles long lines and -e... /usr/bin/grep
checking for egrep... /usr/bin/grep -E
checking for fgrep... /usr/bin/grep -F
checking for ld used by dioscc... /usr/bin/ld
checking if the linker (/usr/bin/ld) is GNU ld... yes
checking for BSD- or MS-compatible name lister (nm)... /usr/bin/nm -B
checking the name lister (/usr/bin/nm -B) interface... BSD nm
checking whether ln -s works... yes
checking the maximum length of command line arguments... 1572864
checking how to convert x86_64-redhat-linux-gnu file names to x86_64-redhat-linux-gnu format... func_convert_file_noop
checking how to convert x86_64-redhat-linux-gnu file names to toolchain format... func_convert_file_noop
checking for /usr/bin/ld option to reload object files... -r
checking for x86_64-redhat-linux-gnu-objdump... no
checking for objdump... objdump
checking how to recognize dependent libraries... pass_all
checking for x86_64-redhat-linux-gnu-dlltool... no
checking for dlltool... no
checking how to associate runtime and link libraries... printf %s\n
checking for x86_64-redhat-linux-gnu-ar... ar
checking for archiver @FILE support... @
checking for x86_64-redhat-linux-gnu-strip... no
checking for strip... strip
checking for x86_64-redhat-linux-gnu-ranlib... no
checking for ranlib... ranlib
checking command to parse /usr/bin/nm -B output from dioscc object... ./configure: line 6183:  -e 's/^T .* \(.*\)$/extern int \1();/p' -e 's/^[ABCDGIRSTW][ABCDGIRSTW]* .* \(.*\)$/extern char \1;/p': No such file or directory
ok
checking for sysroot... no
checking for a working dd... /usr/bin/dd
checking how to truncate binary pipes... /usr/bin/dd bs=4096 count=1
checking for x86_64-redhat-linux-gnu-mt... no
checking for mt... no
checking if : is a manifest tool... no
checking how to run the C preprocessor... dioscc -E
checking for ANSI C header files... yes
checking for sys/types.h... yes
checking for sys/stat.h... yes
checking for stdlib.h... yes
checking for string.h... yes
checking for memory.h... yes
checking for strings.h... yes
checking for inttypes.h... yes
checking for stdint.h... yes
checking for unistd.h... yes
checking for dlfcn.h... yes
checking for objdir... .libs
checking if dioscc supports -fno-rtti -fno-exceptions... yes
checking for dioscc option to produce PIC... -fPIC -DPIC
checking if dioscc PIC flag -fPIC -DPIC works... yes
checking if dioscc static flag -static works... no
checking if dioscc supports -c -o file.o... yes
checking if dioscc supports -c -o file.o... (cached) yes
checking whether the dioscc linker (/usr/bin/ld -m elf_x86_64) supports shared libraries... yes
checking whether -lc should be explicitly linked in... yes
checking dynamic linker characteristics... GNU/Linux ld.so
checking how to hardcode library paths into programs... immediate
checking whether stripping libraries is possible... yes
checking if libtool supports shared libraries... yes
checking whether to build shared libraries... yes
checking whether to build static libraries... yes
checking whether make supports nested variables... (cached) yes
checking for linux/seccomp.h... yes
checking for cython3... no
checking for cython... no
checking for x86_64-redhat-linux-gnu-gperf... no
checking for gperf... gperf
checking for cov-build... no
checking whether to build with code coverage support... no
checking that generated files are newer than configure... done
configure: creating ./config.status
config.status: creating libseccomp.pc
config.status: creating include/seccomp.h
config.status: creating Makefile
config.status: creating include/Makefile
config.status: creating src/Makefile
config.status: creating src/python/Makefile
config.status: creating tools/Makefile
config.status: creating tests/Makefile
config.status: creating doc/Makefile
config.status: creating configure.h
config.status: executing depfiles commands
config.status: executing libtool commands
+ /usr/bin/make -O -j4 V=1 VERBOSE=1
/usr/bin/make.orig  all-recursive
Making all in include
make.orig[2]: Nothing to be done for 'all'.
Making all in src
Making all in .
make.orig[3]: Entering directory '/builddir/build/BUILD/libseccomp-2.5.0/src'
/bin/sh ../libtool  --tag=CC   --mode=compile dioscc -DHAVE_CONFIG_H -I. -I..  -I../include -I../include   -Wall  -O0 -fPIC -DPIC -fvisibility=hidden -O0 -c -o libseccomp_la-api.lo `test -f 'api.c' || echo './'`api.c
libtool: compile:  dioscc -DHAVE_CONFIG_H -I. -I.. -I../include -I../include -Wall -O0 -fPIC -DPIC -fvisibility=hidden -O0 -c api.c  -fPIC -DPIC -o .libs/libseccomp_la-api.o
make.orig[3]: Leaving directory '/builddir/build/BUILD/libseccomp-2.5.0/src'
error: unknown argument: '-fvisibility=hidden'
Failed to create a compiler invocation for api.c
make.orig[3]: *** [Makefile:809: libseccomp_la-api.lo] Error 1
error: unknown argument: '-fvisibility=hidden'
Failed to create a compiler invocation for helper.c
make.orig[3]: *** [Makefile:823: libseccomp_la-helper.lo] Error 1
make.orig[3]: Entering directory '/builddir/build/BUILD/libseccomp-2.5.0/src'
/bin/sh ../libtool  --tag=CC   --mode=compile dioscc -DHAVE_CONFIG_H -I. -I..  -I../include -I../include   -Wall  -O0 -fPIC -DPIC -fvisibility=hidden -O0 -c -o libseccomp_la-helper.lo `test -f 'helper.c' || echo './'`helper.c
libtool: compile:  dioscc -DHAVE_CONFIG_H -I. -I.. -I../include -I../include -Wall -O0 -fPIC -DPIC -fvisibility=hidden -O0 -c helper.c  -fPIC -DPIC -o .libs/libseccomp_la-helper.o
make.orig[3]: Leaving directory '/builddir/build/BUILD/libseccomp-2.5.0/src'
make.orig[3]: Entering directory '/builddir/build/BUILD/libseccomp-2.5.0/src'
/bin/sh ../libtool  --tag=CC   --mode=compile dioscc -DHAVE_CONFIG_H -I. -I..  -I../include -I../include   -Wall  -O0 -fPIC -DPIC -fvisibility=hidden -O0 -c -o libseccomp_la-system.lo `test -f 'system.c' || echo './'`system.c
libtool: compile:  dioscc -DHAVE_CONFIG_H -I. -I.. -I../include -I../include -Wall -O0 -fPIC -DPIC -fvisibility=hidden -O0 -c system.c  -fPIC -DPIC -o .libs/libseccomp_la-system.o
make.orig[3]: Leaving directory '/builddir/build/BUILD/libseccomp-2.5.0/src'
error: unknown argument: '-fvisibility=hidden'
Failed to create a compiler invocation for system.c
make.orig[3]: *** [Makefile:816: libseccomp_la-system.lo] Error 1
error: unknown argument: '-fvisibility=hidden'
Failed to create a compiler invocation for gen_pfc.c
make.orig[3]: *** [Makefile:830: libseccomp_la-gen_pfc.lo] Error 1
make.orig[3]: Entering directory '/builddir/build/BUILD/libseccomp-2.5.0/src'
/bin/sh ../libtool  --tag=CC   --mode=compile dioscc -DHAVE_CONFIG_H -I. -I..  -I../include -I../include   -Wall  -O0 -fPIC -DPIC -fvisibility=hidden -O0 -c -o libseccomp_la-gen_pfc.lo `test -f 'gen_pfc.c' || echo './'`gen_pfc.c
libtool: compile:  dioscc -DHAVE_CONFIG_H -I. -I.. -I../include -I../include -Wall -O0 -fPIC -DPIC -fvisibility=hidden -O0 -c gen_pfc.c  -fPIC -DPIC -o .libs/libseccomp_la-gen_pfc.o
make.orig[3]: Leaving directory '/builddir/build/BUILD/libseccomp-2.5.0/src'
make.orig[3]: Entering directory '/builddir/build/BUILD/libseccomp-2.5.0/src'
/bin/sh ../libtool  --tag=CC   --mode=compile dioscc -DHAVE_CONFIG_H -I. -I..  -I../include -I../include   -Wall  -O0 -fPIC -DPIC -fvisibility=hidden -O0 -c -o libseccomp_la-gen_bpf.lo `test -f 'gen_bpf.c' || echo './'`gen_bpf.c
libtool: compile:  dioscc -DHAVE_CONFIG_H -I. -I.. -I../include -I../include -Wall -O0 -fPIC -DPIC -fvisibility=hidden -O0 -c gen_bpf.c  -fPIC -DPIC -o .libs/libseccomp_la-gen_bpf.o
make.orig[3]: Leaving directory '/builddir/build/BUILD/libseccomp-2.5.0/src'
error: unknown argument: '-fvisibility=hidden'
Failed to create a compiler invocation for gen_bpf.c
make.orig[3]: *** [Makefile:837: libseccomp_la-gen_bpf.lo] Error 1
make.orig[3]: Entering directory '/builddir/build/BUILD/libseccomp-2.5.0/src'
/bin/sh ../libtool  --tag=CC   --mode=compile dioscc -DHAVE_CONFIG_H -I. -I..  -I../include -I../include   -Wall  -O0 -fPIC -DPIC -fvisibility=hidden -O0 -c -o libseccomp_la-db.lo `test -f 'db.c' || echo './'`db.c
libtool: compile:  dioscc -DHAVE_CONFIG_H -I. -I.. -I../include -I../include -Wall -O0 -fPIC -DPIC -fvisibility=hidden -O0 -c db.c  -fPIC -DPIC -o .libs/libseccomp_la-db.o
make.orig[3]: Leaving directory '/builddir/build/BUILD/libseccomp-2.5.0/src'
error: unknown argument: '-fvisibility=hidden'
Failed to create a compiler invocation for db.c
make.orig[3]: *** [Makefile:851: libseccomp_la-db.lo] Error 1
error: unknown argument: '-fvisibility=hidden'
Failed to create a compiler invocation for hash.c
make.orig[3]: *** [Makefile:844: libseccomp_la-hash.lo] Error 1
make.orig[3]: Entering directory '/builddir/build/BUILD/libseccomp-2.5.0/src'
/bin/sh ../libtool  --tag=CC   --mode=compile dioscc -DHAVE_CONFIG_H -I. -I..  -I../include -I../include   -Wall  -O0 -fPIC -DPIC -fvisibility=hidden -O0 -c -o libseccomp_la-hash.lo `test -f 'hash.c' || echo './'`hash.c
libtool: compile:  dioscc -DHAVE_CONFIG_H -I. -I.. -I../include -I../include -Wall -O0 -fPIC -DPIC -fvisibility=hidden -O0 -c hash.c  -fPIC -DPIC -o .libs/libseccomp_la-hash.o
make.orig[3]: Leaving directory '/builddir/build/BUILD/libseccomp-2.5.0/src'
make.orig[3]: Entering directory '/builddir/build/BUILD/libseccomp-2.5.0/src'
/bin/sh ../libtool  --tag=CC   --mode=compile dioscc -DHAVE_CONFIG_H -I. -I..  -I../include -I../include   -Wall  -O0 -fPIC -DPIC -fvisibility=hidden -O0 -c -o libseccomp_la-arch.lo `test -f 'arch.c' || echo './'`arch.c
libtool: compile:  dioscc -DHAVE_CONFIG_H -I. -I.. -I../include -I../include -Wall -O0 -fPIC -DPIC -fvisibility=hidden -O0 -c arch.c  -fPIC -DPIC -o .libs/libseccomp_la-arch.o
error: unknown argument: '-fvisibility=hidden'
Failed to create a compiler invocation for arch.c
make.orig[3]: *** [Makefile:858: libseccomp_la-arch.lo] Error 1
make.orig[3]: Leaving directory '/builddir/build/BUILD/libseccomp-2.5.0/src'
make.orig[3]: Entering directory '/builddir/build/BUILD/libseccomp-2.5.0/src'
/bin/sh ../libtool  --tag=CC   --mode=compile dioscc -DHAVE_CONFIG_H -I. -I..  -I../include -I../include   -Wall  -O0 -fPIC -DPIC -fvisibility=hidden -O0 -c -o libseccomp_la-arch-x86.lo `test -f 'arch-x86.c' || echo './'`arch-x86.c
libtool: compile:  dioscc -DHAVE_CONFIG_H -I. -I.. -I../include -I../include -Wall -O0 -fPIC -DPIC -fvisibility=hidden -O0 -c arch-x86.c  -fPIC -DPIC -o .libs/libseccomp_la-arch-x86.o
make.orig[3]: Leaving directory '/builddir/build/BUILD/libseccomp-2.5.0/src'
error: unknown argument: '-fvisibility=hidden'
Failed to create a compiler invocation for arch-x86.c
make.orig[3]: *** [Makefile:865: libseccomp_la-arch-x86.lo] Error 1
make.orig[3]: Entering directory '/builddir/build/BUILD/libseccomp-2.5.0/src'
/bin/sh ../libtool  --tag=CC   --mode=compile dioscc -DHAVE_CONFIG_H -I. -I..  -I../include -I../include   -Wall  -O0 -fPIC -DPIC -fvisibility=hidden -O0 -c -o libseccomp_la-arch-x86_64.lo `test -f 'arch-x86_64.c' || echo './'`arch-x86_64.c
libtool: compile:  dioscc -DHAVE_CONFIG_H -I. -I.. -I../include -I../include -Wall -O0 -fPIC -DPIC -fvisibility=hidden -O0 -c arch-x86_64.c  -fPIC -DPIC -o .libs/libseccomp_la-arch-x86_64.o
make.orig[3]: Leaving directory '/builddir/build/BUILD/libseccomp-2.5.0/src'
error: unknown argument: '-fvisibility=hidden'
Failed to create a compiler invocation for arch-x86_64.c
make.orig[3]: *** [Makefile:872: libseccomp_la-arch-x86_64.lo] Error 1
error: unknown argument: '-fvisibility=hidden'
Failed to create a compiler invocation for arch-x32.c
make.orig[3]: *** [Makefile:879: libseccomp_la-arch-x32.lo] Error 1
error: unknown argument: '-fvisibility=hidden'
Failed to create a compiler invocation for arch-arm.c
make.orig[3]: *** [Makefile:886: libseccomp_la-arch-arm.lo] Error 1
make.orig[3]: Entering directory '/builddir/build/BUILD/libseccomp-2.5.0/src'
/bin/sh ../libtool  --tag=CC   --mode=compile dioscc -DHAVE_CONFIG_H -I. -I..  -I../include -I../include   -Wall  -O0 -fPIC -DPIC -fvisibility=hidden -O0 -c -o libseccomp_la-arch-x32.lo `test -f 'arch-x32.c' || echo './'`arch-x32.c
libtool: compile:  dioscc -DHAVE_CONFIG_H -I. -I.. -I../include -I../include -Wall -O0 -fPIC -DPIC -fvisibility=hidden -O0 -c arch-x32.c  -fPIC -DPIC -o .libs/libseccomp_la-arch-x32.o
make.orig[3]: Leaving directory '/builddir/build/BUILD/libseccomp-2.5.0/src'
make.orig[3]: Entering directory '/builddir/build/BUILD/libseccomp-2.5.0/src'
/bin/sh ../libtool  --tag=CC   --mode=compile dioscc -DHAVE_CONFIG_H -I. -I..  -I../include -I../include   -Wall  -O0 -fPIC -DPIC -fvisibility=hidden -O0 -c -o libseccomp_la-arch-arm.lo `test -f 'arch-arm.c' || echo './'`arch-arm.c
libtool: compile:  dioscc -DHAVE_CONFIG_H -I. -I.. -I../include -I../include -Wall -O0 -fPIC -DPIC -fvisibility=hidden -O0 -c arch-arm.c  -fPIC -DPIC -o .libs/libseccomp_la-arch-arm.o
make.orig[3]: Leaving directory '/builddir/build/BUILD/libseccomp-2.5.0/src'
make.orig[3]: Entering directory '/builddir/build/BUILD/libseccomp-2.5.0/src'
/bin/sh ../libtool  --tag=CC   --mode=compile dioscc -DHAVE_CONFIG_H -I. -I..  -I../include -I../include   -Wall  -O0 -fPIC -DPIC -fvisibility=hidden -O0 -c -o libseccomp_la-arch-aarch64.lo `test -f 'arch-aarch64.c' || echo './'`arch-aarch64.c
libtool: compile:  dioscc -DHAVE_CONFIG_H -I. -I.. -I../include -I../include -Wall -O0 -fPIC -DPIC -fvisibility=hidden -O0 -c arch-aarch64.c  -fPIC -DPIC -o .libs/libseccomp_la-arch-aarch64.o
error: unknown argument: '-fvisibility=hidden'
Failed to create a compiler invocation for arch-aarch64.c
make.orig[3]: *** [Makefile:893: libseccomp_la-arch-aarch64.lo] Error 1
make.orig[3]: Leaving directory '/builddir/build/BUILD/libseccomp-2.5.0/src'
make.orig[3]: Entering directory '/builddir/build/BUILD/libseccomp-2.5.0/src'
/bin/sh ../libtool  --tag=CC   --mode=compile dioscc -DHAVE_CONFIG_H -I. -I..  -I../include -I../include   -Wall  -O0 -fPIC -DPIC -fvisibility=hidden -O0 -c -o libseccomp_la-arch-mips.lo `test -f 'arch-mips.c' || echo './'`arch-mips.c
libtool: compile:  dioscc -DHAVE_CONFIG_H -I. -I.. -I../include -I../include -Wall -O0 -fPIC -DPIC -fvisibility=hidden -O0 -c arch-mips.c  -fPIC -DPIC -o .libs/libseccomp_la-arch-mips.o
error: unknown argument: '-fvisibility=hidden'
Failed to create a compiler invocation for arch-mips.c
make.orig[3]: *** [Makefile:900: libseccomp_la-arch-mips.lo] Error 1
make.orig[3]: Leaving directory '/builddir/build/BUILD/libseccomp-2.5.0/src'
make.orig[3]: Entering directory '/builddir/build/BUILD/libseccomp-2.5.0/src'
/bin/sh ../libtool  --tag=CC   --mode=compile dioscc -DHAVE_CONFIG_H -I. -I..  -I../include -I../include   -Wall  -O0 -fPIC -DPIC -fvisibility=hidden -O0 -c -o libseccomp_la-arch-mips64n32.lo `test -f 'arch-mips64n32.c' || echo './'`arch-mips64n32.c
libtool: compile:  dioscc -DHAVE_CONFIG_H -I. -I.. -I../include -I../include -Wall -O0 -fPIC -DPIC -fvisibility=hidden -O0 -c arch-mips64n32.c  -fPIC -DPIC -o .libs/libseccomp_la-arch-mips64n32.o
make.orig[3]: Leaving directory '/builddir/build/BUILD/libseccomp-2.5.0/src'
error: unknown argument: '-fvisibility=hidden'
Failed to create a compiler invocation for arch-mips64n32.c
make.orig[3]: *** [Makefile:914: libseccomp_la-arch-mips64n32.lo] Error 1
make.orig[3]: Entering directory '/builddir/build/BUILD/libseccomp-2.5.0/src'
/bin/sh ../libtool  --tag=CC   --mode=compile dioscc -DHAVE_CONFIG_H -I. -I..  -I../include -I../include   -Wall  -O0 -fPIC -DPIC -fvisibility=hidden -O0 -c -o libseccomp_la-arch-mips64.lo `test -f 'arch-mips64.c' || echo './'`arch-mips64.c
libtool: compile:  dioscc -DHAVE_CONFIG_H -I. -I.. -I../include -I../include -Wall -O0 -fPIC -DPIC -fvisibility=hidden -O0 -c arch-mips64.c  -fPIC -DPIC -o .libs/libseccomp_la-arch-mips64.o
make.orig[3]: Leaving directory '/builddir/build/BUILD/libseccomp-2.5.0/src'
error: unknown argument: '-fvisibility=hidden'
Failed to create a compiler invocation for arch-mips64.c
make.orig[3]: *** [Makefile:907: libseccomp_la-arch-mips64.lo] Error 1
make.orig[3]: Entering directory '/builddir/build/BUILD/libseccomp-2.5.0/src'
/bin/sh ../libtool  --tag=CC   --mode=compile dioscc -DHAVE_CONFIG_H -I. -I..  -I../include -I../include   -Wall  -O0 -fPIC -DPIC -fvisibility=hidden -O0 -c -o libseccomp_la-arch-parisc.lo `test -f 'arch-parisc.c' || echo './'`arch-parisc.c
libtool: compile:  dioscc -DHAVE_CONFIG_H -I. -I.. -I../include -I../include -Wall -O0 -fPIC -DPIC -fvisibility=hidden -O0 -c arch-parisc.c  -fPIC -DPIC -o .libs/libseccomp_la-arch-parisc.o
make.orig[3]: Leaving directory '/builddir/build/BUILD/libseccomp-2.5.0/src'
error: unknown argument: '-fvisibility=hidden'
Failed to create a compiler invocation for arch-parisc.c
make.orig[3]: *** [Makefile:921: libseccomp_la-arch-parisc.lo] Error 1
make.orig[3]: Entering directory '/builddir/build/BUILD/libseccomp-2.5.0/src'
/bin/sh ../libtool  --tag=CC   --mode=compile dioscc -DHAVE_CONFIG_H -I. -I..  -I../include -I../include   -Wall  -O0 -fPIC -DPIC -fvisibility=hidden -O0 -c -o libseccomp_la-arch-ppc64.lo `test -f 'arch-ppc64.c' || echo './'`arch-ppc64.c
libtool: compile:  dioscc -DHAVE_CONFIG_H -I. -I.. -I../include -I../include -Wall -O0 -fPIC -DPIC -fvisibility=hidden -O0 -c arch-ppc64.c  -fPIC -DPIC -o .libs/libseccomp_la-arch-ppc64.o
make.orig[3]: Leaving directory '/builddir/build/BUILD/libseccomp-2.5.0/src'
make.orig[3]: Entering directory '/builddir/build/BUILD/libseccomp-2.5.0/src'
/bin/sh ../libtool  --tag=CC   --mode=compile dioscc -DHAVE_CONFIG_H -I. -I..  -I../include -I../include   -Wall  -O0 -fPIC -DPIC -fvisibility=hidden -O0 -c -o libseccomp_la-arch-parisc64.lo `test -f 'arch-parisc64.c' || echo './'`arch-parisc64.c
libtool: compile:  dioscc -DHAVE_CONFIG_H -I. -I.. -I../include -I../include -Wall -O0 -fPIC -DPIC -fvisibility=hidden -O0 -c arch-parisc64.c  -fPIC -DPIC -o .libs/libseccomp_la-arch-parisc64.o
make.orig[3]: Leaving directory '/builddir/build/BUILD/libseccomp-2.5.0/src'
make.orig[3]: Entering directory '/builddir/build/BUILD/libseccomp-2.5.0/src'
/bin/sh ../libtool  --tag=CC   --mode=compile dioscc -DHAVE_CONFIG_H -I. -I..  -I../include -I../include   -Wall  -O0 -fPIC -DPIC -fvisibility=hidden -O0 -c -o libseccomp_la-arch-ppc.lo `test -f 'arch-ppc.c' || echo './'`arch-ppc.c
libtool: compile:  dioscc -DHAVE_CONFIG_H -I. -I.. -I../include -I../include -Wall -O0 -fPIC -DPIC -fvisibility=hidden -O0 -c arch-ppc.c  -fPIC -DPIC -o .libs/libseccomp_la-arch-ppc.o
make.orig[3]: Leaving directory '/builddir/build/BUILD/libseccomp-2.5.0/src'
error: unknown argument: '-fvisibility=hidden'
Failed to create a compiler invocation for arch-ppc64.c
make.orig[3]: *** [Makefile:942: libseccomp_la-arch-ppc64.lo] Error 1
error: unknown argument: '-fvisibility=hidden'
Failed to create a compiler invocation for arch-parisc64.c
make.orig[3]: *** [Makefile:928: libseccomp_la-arch-parisc64.lo] Error 1
error: unknown argument: '-fvisibility=hidden'
Failed to create a compiler invocation for arch-ppc.c
make.orig[3]: *** [Makefile:935: libseccomp_la-arch-ppc.lo] Error 1
make.orig[3]: Entering directory '/builddir/build/BUILD/libseccomp-2.5.0/src'
/bin/sh ../libtool  --tag=CC   --mode=compile dioscc -DHAVE_CONFIG_H -I. -I..  -I../include -I../include   -Wall  -O0 -fPIC -DPIC -fvisibility=hidden -O0 -c -o libseccomp_la-arch-riscv64.lo `test -f 'arch-riscv64.c' || echo './'`arch-riscv64.c
libtool: compile:  dioscc -DHAVE_CONFIG_H -I. -I.. -I../include -I../include -Wall -O0 -fPIC -DPIC -fvisibility=hidden -O0 -c arch-riscv64.c  -fPIC -DPIC -o .libs/libseccomp_la-arch-riscv64.o
make.orig[3]: Leaving directory '/builddir/build/BUILD/libseccomp-2.5.0/src'
make.orig[3]: Entering directory '/builddir/build/BUILD/libseccomp-2.5.0/src'
/bin/sh ../libtool  --tag=CC   --mode=compile dioscc -DHAVE_CONFIG_H -I. -I..  -I../include -I../include   -Wall  -O0 -fPIC -DPIC -fvisibility=hidden -O0 -c -o libseccomp_la-arch-s390x.lo `test -f 'arch-s390x.c' || echo './'`arch-s390x.c
libtool: compile:  dioscc -DHAVE_CONFIG_H -I. -I.. -I../include -I../include -Wall -O0 -fPIC -DPIC -fvisibility=hidden -O0 -c arch-s390x.c  -fPIC -DPIC -o .libs/libseccomp_la-arch-s390x.o
make.orig[3]: Leaving directory '/builddir/build/BUILD/libseccomp-2.5.0/src'
error: unknown argument: '-fvisibility=hidden'
Failed to create a compiler invocation for arch-riscv64.c
make.orig[3]: *** [Makefile:949: libseccomp_la-arch-riscv64.lo] Error 1
error: unknown argument: '-fvisibility=hidden'
Failed to create a compiler invocation for arch-s390x.c
make.orig[3]: *** [Makefile:963: libseccomp_la-arch-s390x.lo] Error 1
make.orig[3]: Entering directory '/builddir/build/BUILD/libseccomp-2.5.0/src'
/bin/sh ../libtool  --tag=CC   --mode=compile dioscc -DHAVE_CONFIG_H -I. -I..  -I../include -I../include   -Wall  -O0 -fPIC -DPIC -fvisibility=hidden -O0 -c -o libseccomp_la-syscalls.lo `test -f 'syscalls.c' || echo './'`syscalls.c
libtool: compile:  dioscc -DHAVE_CONFIG_H -I. -I.. -I../include -I../include -Wall -O0 -fPIC -DPIC -fvisibility=hidden -O0 -c syscalls.c  -fPIC -DPIC -o .libs/libseccomp_la-syscalls.o
make.orig[3]: Leaving directory '/builddir/build/BUILD/libseccomp-2.5.0/src'
error: unknown argument: '-fvisibility=hidden'
Failed to create a compiler invocation for syscalls.c
make.orig[3]: *** [Makefile:970: libseccomp_la-syscalls.lo] Error 1
make.orig[3]: Entering directory '/builddir/build/BUILD/libseccomp-2.5.0/src'
/bin/sh ../libtool  --tag=CC   --mode=compile dioscc -DHAVE_CONFIG_H -I. -I..  -I../include -I../include   -Wall  -O0 -fPIC -DPIC -fvisibility=hidden -O0 -c -o libseccomp_la-arch-s390.lo `test -f 'arch-s390.c' || echo './'`arch-s390.c
libtool: compile:  dioscc -DHAVE_CONFIG_H -I. -I.. -I../include -I../include -Wall -O0 -fPIC -DPIC -fvisibility=hidden -O0 -c arch-s390.c  -fPIC -DPIC -o .libs/libseccomp_la-arch-s390.o
make.orig[3]: Leaving directory '/builddir/build/BUILD/libseccomp-2.5.0/src'
error: unknown argument: '-fvisibility=hidden'
Failed to create a compiler invocation for arch-s390.c
make.orig[3]: *** [Makefile:956: libseccomp_la-arch-s390.lo] Error 1
make.orig[3]: Entering directory '/builddir/build/BUILD/libseccomp-2.5.0/src'
/bin/sh ../libtool  --tag=CC   --mode=compile dioscc -DHAVE_CONFIG_H -I. -I..  -I../include -I../include   -Wall  -O0 -fPIC -DPIC -fvisibility=hidden -O0 -c -o libseccomp_la-syscalls.perf.lo `test -f 'syscalls.perf.c' || echo './'`syscalls.perf.c
libtool: compile:  dioscc -DHAVE_CONFIG_H -I. -I.. -I../include -I../include -Wall -O0 -fPIC -DPIC -fvisibility=hidden -O0 -c syscalls.perf.c  -fPIC -DPIC -o .libs/libseccomp_la-syscalls.perf.o
make.orig[3]: Leaving directory '/builddir/build/BUILD/libseccomp-2.5.0/src'
error: unknown argument: '-fvisibility=hidden'
Failed to create a compiler invocation for syscalls.perf.c
make.orig[3]: *** [Makefile:977: libseccomp_la-syscalls.perf.lo] Error 1
make.orig[3]: Target 'all-am' not remade because of errors.
make.orig[2]: *** [Makefile:1356: all-recursive] Error 1
make.orig[2]: Target 'all' not remade because of errors.
Making all in tools
make.orig[2]: *** No rule to make target '../src/libseccomp.la', needed by 'scmp_sys_resolver'.
make.orig[2]: Entering directory '/builddir/build/BUILD/libseccomp-2.5.0/tools'
dioscc -DHAVE_CONFIG_H -I. -I..  -I../include -I../include  -Wall -O0 -c -o scmp_arch_detect.o scmp_arch_detect.c
make.orig[2]: Leaving directory '/builddir/build/BUILD/libseccomp-2.5.0/tools'
make.orig[2]: Entering directory '/builddir/build/BUILD/libseccomp-2.5.0/tools'
dioscc -DHAVE_CONFIG_H -I. -I..  -I../include -I../include  -Wall -O0 -c -o scmp_sys_resolver.o scmp_sys_resolver.c
make.orig[2]: Leaving directory '/builddir/build/BUILD/libseccomp-2.5.0/tools'
make.orig[2]: Entering directory '/builddir/build/BUILD/libseccomp-2.5.0/tools'
dioscc -DHAVE_CONFIG_H -I. -I..  -I../include -I../include  -Wall -O0 -c -o scmp_bpf_disasm.o scmp_bpf_disasm.c
make.orig[2]: Leaving directory '/builddir/build/BUILD/libseccomp-2.5.0/tools'
make.orig[2]: Entering directory '/builddir/build/BUILD/libseccomp-2.5.0/tools'
dioscc -DHAVE_CONFIG_H -I. -I..  -I../include -I../include  -Wall -O0 -c -o scmp_api_level.o scmp_api_level.c
make.orig[2]: Leaving directory '/builddir/build/BUILD/libseccomp-2.5.0/tools'
make.orig[2]: Entering directory '/builddir/build/BUILD/libseccomp-2.5.0/tools'
dioscc -DHAVE_CONFIG_H -I. -I..  -I../include -I../include  -Wall -O0 -c -o scmp_bpf_sim.o scmp_bpf_sim.c
make.orig[2]: Leaving directory '/builddir/build/BUILD/libseccomp-2.5.0/tools'
make.orig[2]: Entering directory '/builddir/build/BUILD/libseccomp-2.5.0/tools'
/bin/sh ../libtool  --tag=CC   --mode=compile dioscc -DHAVE_CONFIG_H -I. -I..  -I../include -I../include  -Wall -O0 -c -o util.lo util.c
libtool: compile:  dioscc -DHAVE_CONFIG_H -I. -I.. -I../include -I../include -Wall -O0 -c util.c  -fPIC -DPIC -o .libs/util.o
libtool: compile:  dioscc -DHAVE_CONFIG_H -I. -I.. -I../include -I../include -Wall -O0 -c util.c  -fPIC -DPIC -o util.o >/dev/null 2>&1
make.orig[2]: Leaving directory '/builddir/build/BUILD/libseccomp-2.5.0/tools'
make.orig[2]: Entering directory '/builddir/build/BUILD/libseccomp-2.5.0/tools'
/bin/sh ../libtool  --tag=CC   --mode=link dioscc -Wall -O0 -module -O0 -o util.la  util.lo  
libtool: link: ar cr .libs/util.a .libs/util.o 
libtool: link: ranlib .libs/util.a
libtool: link: ( cd ".libs" && rm -f "util.la" && ln -s "../util.la" "util.la" )
make.orig[2]: Leaving directory '/builddir/build/BUILD/libseccomp-2.5.0/tools'
make.orig[2]: Entering directory '/builddir/build/BUILD/libseccomp-2.5.0/tools'
/bin/sh ../libtool  --tag=CC   --mode=link dioscc -Wall -O0 -Wl,-z -Wl,relro -O0 -o scmp_bpf_disasm scmp_bpf_disasm.o util.la 
libtool: link: dioscc -Wall -O0 -Wl,-z -Wl,relro -O0 -o scmp_bpf_disasm scmp_bpf_disasm.o  ./.libs/util.a
make.orig[2]: Leaving directory '/builddir/build/BUILD/libseccomp-2.5.0/tools'
make.orig[2]: Entering directory '/builddir/build/BUILD/libseccomp-2.5.0/tools'
/bin/sh ../libtool  --tag=CC   --mode=link dioscc -Wall -O0 -Wl,-z -Wl,relro -O0 -o scmp_bpf_sim scmp_bpf_sim.o util.la 
libtool: link: dioscc -Wall -O0 -Wl,-z -Wl,relro -O0 -o scmp_bpf_sim scmp_bpf_sim.o  ./.libs/util.a
make.orig[2]: Leaving directory '/builddir/build/BUILD/libseccomp-2.5.0/tools'
make.orig[2]: Target 'all' not remade because of errors.
Making all in tests
make.orig[2]: Nothing to be done for 'all'.
Making all in doc
make.orig[2]: Nothing to be done for 'all'.
make.orig[1]: *** [Makefile:514: all-recursive] Error 1
make.orig: *** [Makefile:423: all] Error 2
error: Bad exit status from /var/tmp/rpm-tmp.ksU2UH (%build)
    Bad exit status from /var/tmp/rpm-tmp.ksU2UH (%build)

RPM build errors:
Finish: chroot ['/bin/su mockbuild -l -c "PATH=/usr/lib64/cswrap:\\$PATH CSWRAP_CAP_FILE=\\$\'/builddir/cswrap-capture.err\' CSWRAP_TIMEOUT=\\$\'30\' CSWRAP_TIMEOUT_FOR=\\$\':\' CC=\\$\'dioscc\' CXX=\\$\'diosc++\' CSEXEC_WRAP_CMD=\\$\'--skip-ld-linux\\\\a/usr/bin/csexec-divine\\\\a-l\\\\a/builddir/divine-capture\\\\a-d\\\\acheck --lart stubs -o ignore:notimplemented -o ignore:exit --max-time 8 \' CSWRAP_ADD_CFLAGS=\\$\'-Wno-unknown-pragmas:-Wno-unknown-warning-option:-O0:-g:-Wl,--dynamic-linker,/usr/bin/csexec-loader:-Wno-unknown-pragmas:-Wl,--dynamic-linker,/usr/bin/csexec-loader\' CSWRAP_DEL_CFLAGS=\\$\'-Werror*:-fdiagnostics-color*:-no-canonical-prefixes:-Wno-error=deprecated-register:-O1:-O2:-O3:-Os:-Ofast:-Og:-Werror*:-fdiagnostics-color*:-no-canonical-prefixes:-Wno-error=deprecated-register\' CSWRAP_ADD_CXXFLAGS=\\$\'-Wno-unknown-warning-option:-O0:-g:-Wl,--dynamic-linker,/usr/bin/csexec-loader:-Wl,--dynamic-linker,/usr/bin/csexec-loader\' CSWRAP_DEL_CXXFLAGS=\\$\'-Werror*:-fdiagnostics-color*:-no-canonical-prefixes:-Wno-error=deprecated-register:-O1:-O2:-O3:-Os:-Ofast:-Og:-Werror*:-fdiagnostics-color*:-no-canonical-prefixes:-Wno-error=deprecated-register\' sh -c \\"rpmbuild -bc --nodeps --short-circuit /builddir/build/SPECS/libseccomp.spec \'--define\' \'_unpackaged_files_terminate_build 0\' \'--define\' \'apidocs 0\' \'--define\' \'with_publican 0\' \'--without\' \'docs\' \'--without\' \'langpacks\' \'--define\' \'__cc dioscc\' \'--define\' \'__cxx diosc++\' \'--define\' \'__cpp dioscc -E\' \'--define\' \'toolchain clang\' \'--define\' \'optflags -O0\' \'--define\' \'build_ldflags -O0\'\\""']

!!! 2023-01-26 23:54:20	error: %build failed

>>> 2023-01-26 23:54:20	"/usr/bin/mock" "-r" "fedora-35-x86_64" "--plugin-option=tmpfs:keep_mounted=True" "--config-opts=print_main_output=True" "--chroot" "/bin/su mockbuild -l -c \"PATH=/usr/lib64/cswrap:\\\$PATH CSWRAP_CAP_FILE=\\\$'/builddir/cswrap-capture.err' CSWRAP_TIMEOUT=\\\$'30' CSWRAP_TIMEOUT_FOR=\\\$':' CC=\\\$'dioscc' CXX=\\\$'diosc++' CSEXEC_WRAP_CMD=\\\$'--skip-ld-linux\\\\a/usr/bin/csexec-divine\\\\a-l\\\\a/builddir/divine-capture\\\\a-d\\\\acheck --lart stubs -o ignore:notimplemented -o ignore:exit --max-time 8 ' CSWRAP_ADD_CFLAGS=\\\$'-Wno-unknown-pragmas:-Wno-unknown-warning-option:-O0:-g:-Wl,--dynamic-linker,/usr/bin/csexec-loader:-Wno-unknown-pragmas:-Wl,--dynamic-linker,/usr/bin/csexec-loader' CSWRAP_DEL_CFLAGS=\\\$'-Werror*:-fdiagnostics-color*:-no-canonical-prefixes:-Wno-error=deprecated-register:-O1:-O2:-O3:-Os:-Ofast:-Og:-Werror*:-fdiagnostics-color*:-no-canonical-prefixes:-Wno-error=deprecated-register' CSWRAP_ADD_CXXFLAGS=\\\$'-Wno-unknown-warning-option:-O0:-g:-Wl,--dynamic-linker,/usr/bin/csexec-loader:-Wl,--dynamic-linker,/usr/bin/csexec-loader' CSWRAP_DEL_CXXFLAGS=\\\$'-Werror*:-fdiagnostics-color*:-no-canonical-prefixes:-Wno-error=deprecated-register:-O1:-O2:-O3:-Os:-Ofast:-Og:-Werror*:-fdiagnostics-color*:-no-canonical-prefixes:-Wno-error=deprecated-register' sh -c \\\"rpmbuild -bi --nodeps --short-circuit /builddir/build/SPECS/libseccomp.spec '--define' '_unpackaged_files_terminate_build 0' '--define' 'apidocs 0' '--define' 'with_publican 0' '--without' 'docs' '--without' 'langpacks' '--define' '__cc dioscc' '--define' '__cxx diosc++' '--define' '__cpp dioscc -E' '--define' 'toolchain clang' '--define' 'optflags -O0' '--define' 'build_ldflags -O0'\\\"\""
INFO: mock.py version 3.5 starting (python version = 3.10.9, NVR = mock-3.5-1.fc36)...
Start(bootstrap): init plugins
INFO: selinux enabled
Finish(bootstrap): init plugins
Start: init plugins
INFO: selinux enabled
Finish: init plugins
INFO: Signal handler active
Start: run
Start(bootstrap): chroot init
INFO: calling preinit hooks
INFO: enabled root cache
INFO: enabled package manager cache
Start(bootstrap): cleaning package manager metadata
Finish(bootstrap): cleaning package manager metadata
INFO: enabled HW Info plugin
Mock Version: 3.5
INFO: Mock Version: 3.5
Finish(bootstrap): chroot init
Start: chroot init
INFO: calling preinit hooks
INFO: enabled root cache
INFO: enabled package manager cache
Start: cleaning package manager metadata
Finish: cleaning package manager metadata
INFO: enabled HW Info plugin
Mock Version: 3.5
INFO: Mock Version: 3.5
Finish: chroot init
INFO: Running in chroot: ['/bin/su mockbuild -l -c "PATH=/usr/lib64/cswrap:\\$PATH CSWRAP_CAP_FILE=\\$\'/builddir/cswrap-capture.err\' CSWRAP_TIMEOUT=\\$\'30\' CSWRAP_TIMEOUT_FOR=\\$\':\' CC=\\$\'dioscc\' CXX=\\$\'diosc++\' CSEXEC_WRAP_CMD=\\$\'--skip-ld-linux\\\\a/usr/bin/csexec-divine\\\\a-l\\\\a/builddir/divine-capture\\\\a-d\\\\acheck --lart stubs -o ignore:notimplemented -o ignore:exit --max-time 8 \' CSWRAP_ADD_CFLAGS=\\$\'-Wno-unknown-pragmas:-Wno-unknown-warning-option:-O0:-g:-Wl,--dynamic-linker,/usr/bin/csexec-loader:-Wno-unknown-pragmas:-Wl,--dynamic-linker,/usr/bin/csexec-loader\' CSWRAP_DEL_CFLAGS=\\$\'-Werror*:-fdiagnostics-color*:-no-canonical-prefixes:-Wno-error=deprecated-register:-O1:-O2:-O3:-Os:-Ofast:-Og:-Werror*:-fdiagnostics-color*:-no-canonical-prefixes:-Wno-error=deprecated-register\' CSWRAP_ADD_CXXFLAGS=\\$\'-Wno-unknown-warning-option:-O0:-g:-Wl,--dynamic-linker,/usr/bin/csexec-loader:-Wl,--dynamic-linker,/usr/bin/csexec-loader\' CSWRAP_DEL_CXXFLAGS=\\$\'-Werror*:-fdiagnostics-color*:-no-canonical-prefixes:-Wno-error=deprecated-register:-O1:-O2:-O3:-Os:-Ofast:-Og:-Werror*:-fdiagnostics-color*:-no-canonical-prefixes:-Wno-error=deprecated-register\' sh -c \\"rpmbuild -bi --nodeps --short-circuit /builddir/build/SPECS/libseccomp.spec \'--define\' \'_unpackaged_files_terminate_build 0\' \'--define\' \'apidocs 0\' \'--define\' \'with_publican 0\' \'--without\' \'docs\' \'--without\' \'langpacks\' \'--define\' \'__cc dioscc\' \'--define\' \'__cxx diosc++\' \'--define\' \'__cpp dioscc -E\' \'--define\' \'toolchain clang\' \'--define\' \'optflags -O0\' \'--define\' \'build_ldflags -O0\'\\""']
Start: chroot ['/bin/su mockbuild -l -c "PATH=/usr/lib64/cswrap:\\$PATH CSWRAP_CAP_FILE=\\$\'/builddir/cswrap-capture.err\' CSWRAP_TIMEOUT=\\$\'30\' CSWRAP_TIMEOUT_FOR=\\$\':\' CC=\\$\'dioscc\' CXX=\\$\'diosc++\' CSEXEC_WRAP_CMD=\\$\'--skip-ld-linux\\\\a/usr/bin/csexec-divine\\\\a-l\\\\a/builddir/divine-capture\\\\a-d\\\\acheck --lart stubs -o ignore:notimplemented -o ignore:exit --max-time 8 \' CSWRAP_ADD_CFLAGS=\\$\'-Wno-unknown-pragmas:-Wno-unknown-warning-option:-O0:-g:-Wl,--dynamic-linker,/usr/bin/csexec-loader:-Wno-unknown-pragmas:-Wl,--dynamic-linker,/usr/bin/csexec-loader\' CSWRAP_DEL_CFLAGS=\\$\'-Werror*:-fdiagnostics-color*:-no-canonical-prefixes:-Wno-error=deprecated-register:-O1:-O2:-O3:-Os:-Ofast:-Og:-Werror*:-fdiagnostics-color*:-no-canonical-prefixes:-Wno-error=deprecated-register\' CSWRAP_ADD_CXXFLAGS=\\$\'-Wno-unknown-warning-option:-O0:-g:-Wl,--dynamic-linker,/usr/bin/csexec-loader:-Wl,--dynamic-linker,/usr/bin/csexec-loader\' CSWRAP_DEL_CXXFLAGS=\\$\'-Werror*:-fdiagnostics-color*:-no-canonical-prefixes:-Wno-error=deprecated-register:-O1:-O2:-O3:-Os:-Ofast:-Og:-Werror*:-fdiagnostics-color*:-no-canonical-prefixes:-Wno-error=deprecated-register\' sh -c \\"rpmbuild -bi --nodeps --short-circuit /builddir/build/SPECS/libseccomp.spec \'--define\' \'_unpackaged_files_terminate_build 0\' \'--define\' \'apidocs 0\' \'--define\' \'with_publican 0\' \'--without\' \'docs\' \'--without\' \'langpacks\' \'--define\' \'__cc dioscc\' \'--define\' \'__cxx diosc++\' \'--define\' \'__cpp dioscc -E\' \'--define\' \'toolchain clang\' \'--define\' \'optflags -O0\' \'--define\' \'build_ldflags -O0\'\\""']
setting SOURCE_DATE_EPOCH=1626912000
Executing(%install): /bin/sh -e /var/tmp/rpm-tmp.V32mdA
+ umask 022
+ cd /builddir/build/BUILD
+ '[' /builddir/build/BUILDROOT/libseccomp-2.5.0-5.fc35.x86_64 '!=' / ']'
+ rm -rf /builddir/build/BUILDROOT/libseccomp-2.5.0-5.fc35.x86_64
++ dirname /builddir/build/BUILDROOT/libseccomp-2.5.0-5.fc35.x86_64
+ mkdir -p /builddir/build/BUILDROOT
+ mkdir /builddir/build/BUILDROOT/libseccomp-2.5.0-5.fc35.x86_64
+ cd libseccomp-2.5.0
+ mkdir -p /builddir/build/BUILDROOT/libseccomp-2.5.0-5.fc35.x86_64//usr/lib64
+ mkdir -p /builddir/build/BUILDROOT/libseccomp-2.5.0-5.fc35.x86_64//usr/include
+ mkdir -p /builddir/build/BUILDROOT/libseccomp-2.5.0-5.fc35.x86_64//usr/share/man
+ /usr/bin/make install DESTDIR=/builddir/build/BUILDROOT/libseccomp-2.5.0-5.fc35.x86_64 'INSTALL=/usr/bin/install -p'
Making install in include
 /usr/bin/mkdir -p '/builddir/build/BUILDROOT/libseccomp-2.5.0-5.fc35.x86_64/usr/include'
 /usr/bin/install -p -m 644 seccomp.h seccomp-syscalls.h '/builddir/build/BUILDROOT/libseccomp-2.5.0-5.fc35.x86_64/usr/include'
Making install in src
Making install in .
  CC       libseccomp_la-api.lo
error: unknown argument: '-fvisibility=hidden'
Failed to create a compiler invocation for api.c
make.orig[2]: *** [Makefile:809: libseccomp_la-api.lo] Error 1
  CC       libseccomp_la-system.lo
error: unknown argument: '-fvisibility=hidden'
Failed to create a compiler invocation for system.c
make.orig[2]: *** [Makefile:816: libseccomp_la-system.lo] Error 1
  CC       libseccomp_la-helper.lo
error: unknown argument: '-fvisibility=hidden'
Failed to create a compiler invocation for helper.c
make.orig[2]: *** [Makefile:823: libseccomp_la-helper.lo] Error 1
  CC       libseccomp_la-gen_pfc.lo
error: unknown argument: '-fvisibility=hidden'
Failed to create a compiler invocation for gen_pfc.c
make.orig[2]: *** [Makefile:830: libseccomp_la-gen_pfc.lo] Error 1
  CC       libseccomp_la-gen_bpf.lo
error: unknown argument: '-fvisibility=hidden'
Failed to create a compiler invocation for gen_bpf.c
make.orig[2]: *** [Makefile:837: libseccomp_la-gen_bpf.lo] Error 1
  CC       libseccomp_la-hash.lo
error: unknown argument: '-fvisibility=hidden'
Failed to create a compiler invocation for hash.c
make.orig[2]: *** [Makefile:844: libseccomp_la-hash.lo] Error 1
  CC       libseccomp_la-db.lo
error: unknown argument: '-fvisibility=hidden'
Failed to create a compiler invocation for db.c
make.orig[2]: *** [Makefile:851: libseccomp_la-db.lo] Error 1
  CC       libseccomp_la-arch.lo
error: unknown argument: '-fvisibility=hidden'
Failed to create a compiler invocation for arch.c
make.orig[2]: *** [Makefile:858: libseccomp_la-arch.lo] Error 1
  CC       libseccomp_la-arch-x86.lo
error: unknown argument: '-fvisibility=hidden'
Failed to create a compiler invocation for arch-x86.c
make.orig[2]: *** [Makefile:865: libseccomp_la-arch-x86.lo] Error 1
  CC       libseccomp_la-arch-x86_64.lo
error: unknown argument: '-fvisibility=hidden'
Failed to create a compiler invocation for arch-x86_64.c
make.orig[2]: *** [Makefile:872: libseccomp_la-arch-x86_64.lo] Error 1
  CC       libseccomp_la-arch-x32.lo
error: unknown argument: '-fvisibility=hidden'
Failed to create a compiler invocation for arch-x32.c
make.orig[2]: *** [Makefile:879: libseccomp_la-arch-x32.lo] Error 1
  CC       libseccomp_la-arch-arm.lo
error: unknown argument: '-fvisibility=hidden'
Failed to create a compiler invocation for arch-arm.c
make.orig[2]: *** [Makefile:886: libseccomp_la-arch-arm.lo] Error 1
  CC       libseccomp_la-arch-aarch64.lo
error: unknown argument: '-fvisibility=hidden'
Failed to create a compiler invocation for arch-aarch64.c
make.orig[2]: *** [Makefile:893: libseccomp_la-arch-aarch64.lo] Error 1
  CC       libseccomp_la-arch-mips.lo
error: unknown argument: '-fvisibility=hidden'
Failed to create a compiler invocation for arch-mips.c
make.orig[2]: *** [Makefile:900: libseccomp_la-arch-mips.lo] Error 1
  CC       libseccomp_la-arch-mips64.lo
error: unknown argument: '-fvisibility=hidden'
Failed to create a compiler invocation for arch-mips64.c
make.orig[2]: *** [Makefile:907: libseccomp_la-arch-mips64.lo] Error 1
  CC       libseccomp_la-arch-mips64n32.lo
error: unknown argument: '-fvisibility=hidden'
Failed to create a compiler invocation for arch-mips64n32.c
make.orig[2]: *** [Makefile:914: libseccomp_la-arch-mips64n32.lo] Error 1
  CC       libseccomp_la-arch-parisc.lo
error: unknown argument: '-fvisibility=hidden'
Failed to create a compiler invocation for arch-parisc.c
make.orig[2]: *** [Makefile:921: libseccomp_la-arch-parisc.lo] Error 1
  CC       libseccomp_la-arch-parisc64.lo
error: unknown argument: '-fvisibility=hidden'
Failed to create a compiler invocation for arch-parisc64.c
make.orig[2]: *** [Makefile:928: libseccomp_la-arch-parisc64.lo] Error 1
  CC       libseccomp_la-arch-ppc.lo
error: unknown argument: '-fvisibility=hidden'
Failed to create a compiler invocation for arch-ppc.c
make.orig[2]: *** [Makefile:935: libseccomp_la-arch-ppc.lo] Error 1
  CC       libseccomp_la-arch-ppc64.lo
error: unknown argument: '-fvisibility=hidden'
Failed to create a compiler invocation for arch-ppc64.c
make.orig[2]: *** [Makefile:942: libseccomp_la-arch-ppc64.lo] Error 1
  CC       libseccomp_la-arch-riscv64.lo
error: unknown argument: '-fvisibility=hidden'
Failed to create a compiler invocation for arch-riscv64.c
make.orig[2]: *** [Makefile:949: libseccomp_la-arch-riscv64.lo] Error 1
  CC       libseccomp_la-arch-s390.lo
error: unknown argument: '-fvisibility=hidden'
Failed to create a compiler invocation for arch-s390.c
make.orig[2]: *** [Makefile:956: libseccomp_la-arch-s390.lo] Error 1
  CC       libseccomp_la-arch-s390x.lo
error: unknown argument: '-fvisibility=hidden'
Failed to create a compiler invocation for arch-s390x.c
make.orig[2]: *** [Makefile:963: libseccomp_la-arch-s390x.lo] Error 1
  CC       libseccomp_la-syscalls.lo
error: unknown argument: '-fvisibility=hidden'
Failed to create a compiler invocation for syscalls.c
make.orig[2]: *** [Makefile:970: libseccomp_la-syscalls.lo] Error 1
  CC       libseccomp_la-syscalls.perf.lo
error: unknown argument: '-fvisibility=hidden'
Failed to create a compiler invocation for syscalls.perf.c
make.orig[2]: *** [Makefile:977: libseccomp_la-syscalls.perf.lo] Error 1
make.orig[2]: Target 'install-am' not remade because of errors.
make.orig[1]: *** [Makefile:1356: install-recursive] Error 1
make.orig[1]: Target 'install' not remade because of errors.
Making install in tools
make.orig[1]: *** No rule to make target '../src/libseccomp.la', needed by 'scmp_sys_resolver'.
make.orig[1]: Target 'install' not remade because of errors.
Making install in tests
Making install in doc
 /usr/bin/mkdir -p '/builddir/build/BUILDROOT/libseccomp-2.5.0-5.fc35.x86_64/usr/share/man/man1'
 /usr/bin/install -p -m 644 man/man1/scmp_sys_resolver.1 '/builddir/build/BUILDROOT/libseccomp-2.5.0-5.fc35.x86_64/usr/share/man/man1'
 /usr/bin/mkdir -p '/builddir/build/BUILDROOT/libseccomp-2.5.0-5.fc35.x86_64/usr/share/man/man3'
 /usr/bin/install -p -m 644 man/man3/seccomp_arch_add.3 man/man3/seccomp_arch_exist.3 man/man3/seccomp_arch_native.3 man/man3/seccomp_arch_remove.3 man/man3/seccomp_arch_resolve_name.3 man/man3/seccomp_attr_get.3 man/man3/seccomp_attr_set.3 man/man3/seccomp_export_bpf.3 man/man3/seccomp_export_pfc.3 man/man3/seccomp_init.3 man/man3/seccomp_load.3 man/man3/seccomp_merge.3 man/man3/seccomp_release.3 man/man3/seccomp_reset.3 man/man3/seccomp_rule_add.3 man/man3/seccomp_rule_add_array.3 man/man3/seccomp_rule_add_exact.3 man/man3/seccomp_rule_add_exact_array.3 man/man3/seccomp_notify_alloc.3 man/man3/seccomp_notify_fd.3 man/man3/seccomp_notify_free.3 man/man3/seccomp_notify_id_valid.3 man/man3/seccomp_notify_receive.3 man/man3/seccomp_notify_respond.3 man/man3/seccomp_syscall_priority.3 man/man3/seccomp_syscall_resolve_name.3 man/man3/seccomp_syscall_resolve_name_arch.3 man/man3/seccomp_syscall_resolve_name_rewrite.3 man/man3/seccomp_syscall_resolve_num_arch.3 man/man3/seccomp_version.3 man/man3/seccomp_api_get.3 man/man3/seccomp_api_set.3 '/builddir/build/BUILDROOT/libseccomp-2.5.0-5.fc35.x86_64/usr/share/man/man3'
 /usr/bin/mkdir -p '/builddir/build/BUILDROOT/libseccomp-2.5.0-5.fc35.x86_64/usr/lib64/pkgconfig'
 /usr/bin/install -p -m 644 libseccomp.pc '/builddir/build/BUILDROOT/libseccomp-2.5.0-5.fc35.x86_64/usr/lib64/pkgconfig'
make.orig: *** [Makefile:514: install-recursive] Error 1
make.orig: Target 'install' not remade because of errors.
error: Bad exit status from /var/tmp/rpm-tmp.V32mdA (%install)
    Bad exit status from /var/tmp/rpm-tmp.V32mdA (%install)

RPM build errors:
Finish: chroot ['/bin/su mockbuild -l -c "PATH=/usr/lib64/cswrap:\\$PATH CSWRAP_CAP_FILE=\\$\'/builddir/cswrap-capture.err\' CSWRAP_TIMEOUT=\\$\'30\' CSWRAP_TIMEOUT_FOR=\\$\':\' CC=\\$\'dioscc\' CXX=\\$\'diosc++\' CSEXEC_WRAP_CMD=\\$\'--skip-ld-linux\\\\a/usr/bin/csexec-divine\\\\a-l\\\\a/builddir/divine-capture\\\\a-d\\\\acheck --lart stubs -o ignore:notimplemented -o ignore:exit --max-time 8 \' CSWRAP_ADD_CFLAGS=\\$\'-Wno-unknown-pragmas:-Wno-unknown-warning-option:-O0:-g:-Wl,--dynamic-linker,/usr/bin/csexec-loader:-Wno-unknown-pragmas:-Wl,--dynamic-linker,/usr/bin/csexec-loader\' CSWRAP_DEL_CFLAGS=\\$\'-Werror*:-fdiagnostics-color*:-no-canonical-prefixes:-Wno-error=deprecated-register:-O1:-O2:-O3:-Os:-Ofast:-Og:-Werror*:-fdiagnostics-color*:-no-canonical-prefixes:-Wno-error=deprecated-register\' CSWRAP_ADD_CXXFLAGS=\\$\'-Wno-unknown-warning-option:-O0:-g:-Wl,--dynamic-linker,/usr/bin/csexec-loader:-Wl,--dynamic-linker,/usr/bin/csexec-loader\' CSWRAP_DEL_CXXFLAGS=\\$\'-Werror*:-fdiagnostics-color*:-no-canonical-prefixes:-Wno-error=deprecated-register:-O1:-O2:-O3:-Os:-Ofast:-Og:-Werror*:-fdiagnostics-color*:-no-canonical-prefixes:-Wno-error=deprecated-register\' sh -c \\"rpmbuild -bi --nodeps --short-circuit /builddir/build/SPECS/libseccomp.spec \'--define\' \'_unpackaged_files_terminate_build 0\' \'--define\' \'apidocs 0\' \'--define\' \'with_publican 0\' \'--without\' \'docs\' \'--without\' \'langpacks\' \'--define\' \'__cc dioscc\' \'--define\' \'__cxx diosc++\' \'--define\' \'__cpp dioscc -E\' \'--define\' \'toolchain clang\' \'--define\' \'optflags -O0\' \'--define\' \'build_ldflags -O0\'\\""']

!!! 2023-01-26 23:54:31	error: %install failed

>>> 2023-01-26 23:54:31	"'/usr/bin/mock' '-r' 'fedora-35-x86_64' '--plugin-option=tmpfs:keep_mounted=True' '--config-opts=print_main_output=True' '--quiet' '--shell' 'tar -c --remove-files '/builddir/cswrap-capture.err' '/builddir/divine-capture'' | tar -xC '/home/mockbuilder/aufover-benchmark/workdir-for-sync/rpm-pkgs/libseccomp-2.5.0-5.fc35/divine/output/debug/raw-results'"
tar: Removing leading `/' from member names
tar: Removing leading `/' from hard link targets

>>> 2023-01-26 23:54:37	"chmod" "-R" "+r" "/home/mockbuilder/aufover-benchmark/workdir-for-sync/rpm-pkgs/libseccomp-2.5.0-5.fc35/divine/output/debug/raw-results/builddir/divine-capture"

>>> 2023-01-26 23:54:37	"cd '/home/mockbuilder/aufover-benchmark/workdir-for-sync/rpm-pkgs/libseccomp-2.5.0-5.fc35/divine/output/debug/raw-results/builddir/divine-capture' && touch empty.conv && csgrep --mode=json --remove-duplicates *.conv > '/home/mockbuilder/aufover-benchmark/workdir-for-sync/rpm-pkgs/libseccomp-2.5.0-5.fc35/divine/output/debug/uni-results/divine-capture.js'"

scan.ini: time-finished = 2023-01-26 23:54:37
scan.ini: exit-code = 1
>>> 2023-01-26 23:54:37	"cslinker --quiet --cwelist '/usr/share/csmock/cwe-map.csv' --inifile '/home/mockbuilder/aufover-benchmark/workdir-for-sync/rpm-pkgs/libseccomp-2.5.0-5.fc35/divine/output/scan.ini' '/home/mockbuilder/aufover-benchmark/workdir-for-sync/rpm-pkgs/libseccomp-2.5.0-5.fc35/divine/output/debug/uni-results'/* > '/home/mockbuilder/aufover-benchmark/workdir-for-sync/rpm-pkgs/libseccomp-2.5.0-5.fc35/divine/output/debug/scan-results-all.js'"

>>> 2023-01-26 23:54:37	"'/usr/bin/mock' '-r' 'fedora-35-x86_64' '--plugin-option=tmpfs:keep_mounted=True' '--config-opts=print_main_output=True' '--quiet' '--shell' 'csgrep --mode=json --embed-context 3' < '/home/mockbuilder/aufover-benchmark/workdir-for-sync/rpm-pkgs/libseccomp-2.5.0-5.fc35/divine/output/debug/scan-results-all.js' > '/home/mockbuilder/aufover-benchmark/workdir-for-sync/rpm-pkgs/libseccomp-2.5.0-5.fc35/divine/output/debug/scan-results-all.js.tmp'"

>>> 2023-01-26 23:54:42	"/usr/bin/mock" "-r" "fedora-35-x86_64" "--plugin-option=tmpfs:keep_mounted=True" "--config-opts=print_main_output=True" "--quiet" "--clean"

>>> 2023-01-26 23:54:57	"cat '/home/mockbuilder/aufover-benchmark/workdir-for-sync/rpm-pkgs/libseccomp-2.5.0-5.fc35/divine/output/debug/scan-results-all.js' | sed 's|/builddir/build/BUILDROOT/[^/]*/|/builddir/build/BUILD//|' | csgrep --mode=json --path '^/builddir/build/BUILD/' --strip-path-prefix /builddir/build/BUILD/ | csgrep --mode=json --invert-match --path '^ksh-.*[0-9]+\\.c\$' | csgrep --mode=json --invert-match --path 'CMakeFiles/CMakeTmp|conftest.c' | cssort --key=path > '/home/mockbuilder/aufover-benchmark/workdir-for-sync/rpm-pkgs/libseccomp-2.5.0-5.fc35/divine/output/scan-results.js'"

>>> 2023-01-26 23:54:57	"sed 's|/builddir/build/BUILDROOT/[^/]*/|/builddir/build/BUILD//|' '/home/mockbuilder/aufover-benchmark/workdir-for-sync/rpm-pkgs/libseccomp-2.5.0-5.fc35/divine/output/debug/scan-results-all.js' | csgrep --mode=json --strip-path-prefix /builddir/build/BUILD/ | csdiff --show-internal '/home/mockbuilder/aufover-benchmark/workdir-for-sync/rpm-pkgs/libseccomp-2.5.0-5.fc35/divine/output/scan-results.js' - | cssort > '/home/mockbuilder/aufover-benchmark/workdir-for-sync/rpm-pkgs/libseccomp-2.5.0-5.fc35/divine/output/debug/suppressed-results.js'"

>>> 2023-01-26 23:54:57	"csgrep --mode=grep --invert-match --event \"internal warning\" --prune-events=1 '/home/mockbuilder/aufover-benchmark/workdir-for-sync/rpm-pkgs/libseccomp-2.5.0-5.fc35/divine/output/debug/suppressed-results.js' > '/home/mockbuilder/aufover-benchmark/workdir-for-sync/rpm-pkgs/libseccomp-2.5.0-5.fc35/divine/output/debug/suppressed-results.err'"

>>> 2023-01-26 23:54:57	"csgrep --mode=json --invert-match --event \"internal warning\" --prune-events=1 '/home/mockbuilder/aufover-benchmark/workdir-for-sync/rpm-pkgs/libseccomp-2.5.0-5.fc35/divine/output/debug/suppressed-results.js' | cshtml - > '/home/mockbuilder/aufover-benchmark/workdir-for-sync/rpm-pkgs/libseccomp-2.5.0-5.fc35/divine/output/debug/suppressed-results.html'"

>>> 2023-01-26 23:54:57	"csgrep --mode=evtstat --invert-match --event \"internal warning\" --prune-events=1 '/home/mockbuilder/aufover-benchmark/workdir-for-sync/rpm-pkgs/libseccomp-2.5.0-5.fc35/divine/output/debug/suppressed-results.js' | tee '/home/mockbuilder/aufover-benchmark/workdir-for-sync/rpm-pkgs/libseccomp-2.5.0-5.fc35/divine/output/debug/suppressed-results-summary.txt'"

>>> 2023-01-26 23:54:57	"csgrep --mode=grep --invert-match --event \"internal warning\" --prune-events=1 '/home/mockbuilder/aufover-benchmark/workdir-for-sync/rpm-pkgs/libseccomp-2.5.0-5.fc35/divine/output/scan-results.js' > '/home/mockbuilder/aufover-benchmark/workdir-for-sync/rpm-pkgs/libseccomp-2.5.0-5.fc35/divine/output/scan-results.err'"

>>> 2023-01-26 23:54:57	"csgrep --mode=json --invert-match --event \"internal warning\" --prune-events=1 '/home/mockbuilder/aufover-benchmark/workdir-for-sync/rpm-pkgs/libseccomp-2.5.0-5.fc35/divine/output/scan-results.js' | cshtml - > '/home/mockbuilder/aufover-benchmark/workdir-for-sync/rpm-pkgs/libseccomp-2.5.0-5.fc35/divine/output/scan-results.html'"

>>> 2023-01-26 23:54:57	"csgrep --mode=evtstat --invert-match --event \"internal warning\" --prune-events=1 '/home/mockbuilder/aufover-benchmark/workdir-for-sync/rpm-pkgs/libseccomp-2.5.0-5.fc35/divine/output/scan-results.js' | tee '/home/mockbuilder/aufover-benchmark/workdir-for-sync/rpm-pkgs/libseccomp-2.5.0-5.fc35/divine/output/scan-results-summary.txt'"

<<< 2023-01-26 23:54:57	csmock exit code: 1

