scan.ini: [scan]
scan.ini: tool = csmock
scan.ini: tool-version = csmock-3.3.5-1.fc36
scan.ini: tool-args = '/usr/bin/csmock' '-o' '/home/mockbuilder/aufover-benchmark/workdir-for-sync/rpm-pkgs/libpwquality-1.4.4-6.fc35/divine/output' '-f' '/home/mockbuilder/aufover-benchmark/workdir-for-sync/rpm-pkgs/libpwquality-1.4.4-6.fc35/libpwquality-1.4.4-6.fc35.src.rpm' '-r' 'fedora-35-x86_64' '-t' 'divine' '--divine-timeout=8' '--keep-going'
scan.ini: host = dell-pe-fm120-1b.dell2.lab.eng.bos.redhat.com
scan.ini: store-results-to = /home/mockbuilder/aufover-benchmark/workdir-for-sync/rpm-pkgs/libpwquality-1.4.4-6.fc35/divine/output
scan.ini: time-created = 2023-01-26 06:02:23
scan.ini: enabled-plugins = divine, gcc
scan.ini: mock-config = fedora-35-x86_64
scan.ini: project-name = libpwquality-1.4.4-6.fc35
>>> 2023-01-26 06:02:23	"rpm -qa | sort -V > '/home/mockbuilder/aufover-benchmark/workdir-for-sync/rpm-pkgs/libpwquality-1.4.4-6.fc35/divine/output/debug/rpm-list-host.txt'"

>>> 2023-01-26 06:02:24	"/usr/bin/mock" "-r" "fedora-35-x86_64" "--plugin-option=tmpfs:keep_mounted=True" "--config-opts=print_main_output=True" "--init"
INFO: mock.py version 3.5 starting (python version = 3.10.9, NVR = mock-3.5-1.fc36)...
Start(bootstrap): init plugins
INFO: selinux enabled
Finish(bootstrap): init plugins
Start: init plugins
INFO: selinux enabled
Finish: init plugins
INFO: Signal handler active
Start: run
Start: clean chroot
Finish: clean chroot
Start(bootstrap): chroot init
INFO: calling preinit hooks
INFO: enabled root cache
INFO: enabled package manager cache
Start(bootstrap): cleaning package manager metadata
Finish(bootstrap): cleaning package manager metadata
INFO: enabled HW Info plugin
Mock Version: 3.5
INFO: Mock Version: 3.5
Finish(bootstrap): chroot init
Start: chroot init
INFO: calling preinit hooks
INFO: enabled root cache
Start: unpacking root cache
Finish: unpacking root cache
INFO: enabled package manager cache
Start: cleaning package manager metadata
Finish: cleaning package manager metadata
INFO: enabled HW Info plugin
Mock Version: 3.5
INFO: Mock Version: 3.5
Finish: chroot init
Finish: run

>>> 2023-01-26 06:02:32	"/usr/bin/mock" "-r" "fedora-35-x86_64" "--plugin-option=tmpfs:keep_mounted=True" "--config-opts=print_main_output=True" "--quiet" "--installdeps" "/tmp/csmock0cu02e_3/libpwquality-1.4.4-6.fc35.src.rpm"
No matches found for the following disable plugin patterns: local, spacewalk, versionlock
fedora                   [===                 ] ---  B/s |   0  B     --:-- ETAfedora                                           29 kB/s | 4.5 kB     00:00    
updates                  [===                 ] ---  B/s |   0  B     --:-- ETAupdates                                          10 kB/s | 2.8 kB     00:00    
Dependencies resolved.
================================================================================
 Package                     Arch       Version               Repository   Size
================================================================================
Installing:
 [1mcracklib-devel             [m x86_64     2.9.6-27.fc35         fedora       11 k
 [1mgcc                        [m x86_64     11.3.1-3.fc35         updates      31 M
 [1mgettext                    [m x86_64     0.21-8.fc35           fedora      1.1 M
 [1mmake                       [m x86_64     1:4.3-6.fc35          fedora      533 k
 [1mpam-devel                  [m x86_64     1.5.2-8.fc35          updates      96 k
 [1mpython3-devel              [m x86_64     3.10.8-3.fc35         updates     208 k
 [1mpython3-setuptools         [m noarch     57.4.0-1.fc35         fedora      928 k
Installing dependencies:
 [1mannobin-docs               [m noarch     10.79-1.fc35          updates      91 k
 [1mannobin-plugin-gcc         [m x86_64     10.79-1.fc35          updates     882 k
 [1mcpp                        [m x86_64     11.3.1-3.fc35         updates      10 M
 [1mexpat                      [m x86_64     2.5.0-1.fc35          updates     115 k
 [1mgc                         [m x86_64     8.0.4-6.fc35          fedora      103 k
 [1mgettext-libs               [m x86_64     0.21-8.fc35           fedora      303 k
 [1mglibc-devel                [m x86_64     2.34-49.fc35          updates      45 k
 [1mglibc-headers-x86          [m noarch     2.34-49.fc35          updates     445 k
 [1mguile22                    [m x86_64     2.2.7-3.fc35          fedora      6.4 M
 [1mkernel-headers             [m x86_64     6.0.5-100.fc35        updates     1.3 M
 [1mlibmpc                     [m x86_64     1.2.1-3.fc35          fedora       62 k
 [1mlibtool-ltdl               [m x86_64     2.4.6-50.fc35         updates      36 k
 [1mlibxcrypt-devel            [m x86_64     4.4.33-3.fc35         updates      30 k
 [1mmpdecimal                  [m x86_64     2.5.1-2.fc35          fedora       99 k
 [1mpyproject-rpm-macros       [m noarch     1.4.0-1.fc35          updates      40 k
 [1mpython-pip-wheel           [m noarch     21.2.3-4.fc35         updates     1.1 M
 [1mpython-rpm-macros          [m noarch     3.10-13.fc35          updates      16 k
 [1mpython-setuptools-wheel    [m noarch     57.4.0-1.fc35         fedora      505 k
 [1mpython3                    [m x86_64     3.10.8-3.fc35         updates      26 k
 [1mpython3-libs               [m x86_64     3.10.8-3.fc35         updates     7.5 M
 [1mpython3-packaging          [m noarch     21.3-2.fc35           updates      72 k
 [1mpython3-pyparsing          [m noarch     2.4.7-9.fc35          fedora      151 k
 [1mpython3-rpm-generators     [m noarch     12-8.fc35             fedora       31 k
 [1mpython3-rpm-macros         [m noarch     3.10-13.fc35          updates      12 k

Transaction Summary
================================================================================
Install  31 Packages

Total size: 64 M
Total download size: 541 k
Installed size: 209 M
Downloading Packages:
fedora                   [   ===              ] ---  B/s |   0  B     --:-- ETA[SKIPPED] gc-8.0.4-6.fc35.x86_64.rpm: Already downloaded                       
[SKIPPED] gettext-0.21-8.fc35.x86_64.rpm: Already downloaded                   
[SKIPPED] gettext-libs-0.21-8.fc35.x86_64.rpm: Already downloaded              
[SKIPPED] guile22-2.2.7-3.fc35.x86_64.rpm: Already downloaded                  
[SKIPPED] libmpc-1.2.1-3.fc35.x86_64.rpm: Already downloaded                   
[SKIPPED] make-4.3-6.fc35.x86_64.rpm: Already downloaded                       
[SKIPPED] mpdecimal-2.5.1-2.fc35.x86_64.rpm: Already downloaded                
[SKIPPED] python-setuptools-wheel-57.4.0-1.fc35.noarch.rpm: Already downloaded 
[SKIPPED] python3-setuptools-57.4.0-1.fc35.noarch.rpm: Already downloaded      
[SKIPPED] annobin-docs-10.79-1.fc35.noarch.rpm: Already downloaded             
[SKIPPED] annobin-plugin-gcc-10.79-1.fc35.x86_64.rpm: Already downloaded       
[SKIPPED] cpp-11.3.1-3.fc35.x86_64.rpm: Already downloaded                     
[SKIPPED] expat-2.5.0-1.fc35.x86_64.rpm: Already downloaded                    
[SKIPPED] gcc-11.3.1-3.fc35.x86_64.rpm: Already downloaded                     
[SKIPPED] glibc-devel-2.34-49.fc35.x86_64.rpm: Already downloaded              
[SKIPPED] glibc-headers-x86-2.34-49.fc35.noarch.rpm: Already downloaded        
[SKIPPED] kernel-headers-6.0.5-100.fc35.x86_64.rpm: Already downloaded         
[SKIPPED] libtool-ltdl-2.4.6-50.fc35.x86_64.rpm: Already downloaded            
[SKIPPED] libxcrypt-devel-4.4.33-3.fc35.x86_64.rpm: Already downloaded         
[SKIPPED] pam-devel-1.5.2-8.fc35.x86_64.rpm: Already downloaded                
fedora                   [      ===           ]  14 kB/s | 4.5 kB     --:-- ETA[SKIPPED] python-pip-wheel-21.2.3-4.fc35.noarch.rpm: Already downloaded        
[SKIPPED] python3-3.10.8-3.fc35.x86_64.rpm: Already downloaded                 
[SKIPPED] python3-libs-3.10.8-3.fc35.x86_64.rpm: Already downloaded            
(24/31): cracklib-de 99% [===================-] ---  B/s |  63 MB     --:-- ETA(24/31): cracklib-devel-2.9.6-27.fc35.x86_64.rp  59 kB/s |  11 kB     00:00    
(25-26/31): python3- 99% [===================-]  59 kB/s |  63 MB     00:09 ETA(25/31): python3-rpm-generators-12-8.fc35.noarc 147 kB/s |  31 kB     00:00    
(26-27/31): python3- 99% [===================-]  71 kB/s |  63 MB     00:06 ETA(26/31): python3-pyparsing-2.4.7-9.fc35.noarch. 486 kB/s | 151 kB     00:00    
(27-28/31): pyprojec 99% [===================-]  94 kB/s |  63 MB     00:03 ETA[MIRROR] python-rpm-macros-3.10-13.fc35.noarch.rpm: Status code: 404 for https://download-cc-rdu01.fedoraproject.org/pub/fedora/linux/updates/35/Everything/x86_64/Packages/p/python-rpm-macros-3.10-13.fc35.noarch.rpm (IP: 8.43.85.72)
(27-29/31): pyprojec 99% [===================-]  92 kB/s |  63 MB     00:03 ETA[MIRROR] pyproject-rpm-macros-1.4.0-1.fc35.noarch.rpm: Status code: 404 for https://download-cc-rdu01.fedoraproject.org/pub/fedora/linux/updates/35/Everything/x86_64/Packages/p/pyproject-rpm-macros-1.4.0-1.fc35.noarch.rpm (IP: 8.43.85.72)
(27-29/31): pyprojec 99% [===================-]  92 kB/s |  63 MB     00:03 ETA[MIRROR] python-rpm-macros-3.10-13.fc35.noarch.rpm: Status code: 404 for http://download-cc-rdu01.fedoraproject.org/pub/fedora/linux/updates/35/Everything/x86_64/Packages/p/python-rpm-macros-3.10-13.fc35.noarch.rpm (IP: 8.43.85.72)
(27-29/31): pyprojec 99% [===================-]  92 kB/s |  63 MB     00:03 ETA[MIRROR] pyproject-rpm-macros-1.4.0-1.fc35.noarch.rpm: Status code: 404 for http://download-cc-rdu01.fedoraproject.org/pub/fedora/linux/updates/35/Everything/x86_64/Packages/p/pyproject-rpm-macros-1.4.0-1.fc35.noarch.rpm (IP: 8.43.85.72)
(27-29/31): pyprojec 99% [===================-]  91 kB/s |  63 MB     00:03 ETA[MIRROR] python3-devel-3.10.8-3.fc35.x86_64.rpm: Status code: 404 for https://download-cc-rdu01.fedoraproject.org/pub/fedora/linux/updates/35/Everything/x86_64/Packages/p/python3-devel-3.10.8-3.fc35.x86_64.rpm (IP: 8.43.85.72)
(27-29/31): pyprojec 99% [===================-]  91 kB/s |  63 MB     00:03 ETA[MIRROR] python3-devel-3.10.8-3.fc35.x86_64.rpm: Status code: 404 for http://download-cc-rdu01.fedoraproject.org/pub/fedora/linux/updates/35/Everything/x86_64/Packages/p/python3-devel-3.10.8-3.fc35.x86_64.rpm (IP: 8.43.85.72)
(27-29/31): python-r 99% [===================-]  91 kB/s |  63 MB     00:03 ETA(27/31): python-rpm-macros-3.10-13.fc35.noarch.  28 kB/s |  16 kB     00:00    
(28-29/31): python3- 99% [===================-]  95 kB/s |  63 MB     00:03 ETA[MIRROR] python3-packaging-21.3-2.fc35.noarch.rpm: Status code: 404 for http://download-cc-rdu01.fedoraproject.org/pub/fedora/linux/updates/35/Everything/x86_64/Packages/p/python3-packaging-21.3-2.fc35.noarch.rpm (IP: 8.43.85.72)
(28-30/31): python3- 99% [===================-] 105 kB/s |  63 MB     00:02 ETA[MIRROR] python3-packaging-21.3-2.fc35.noarch.rpm: Status code: 404 for https://download-cc-rdu01.fedoraproject.org/pub/fedora/linux/updates/35/Everything/x86_64/Packages/p/python3-packaging-21.3-2.fc35.noarch.rpm (IP: 8.43.85.72)
(28-30/31): python3- 99% [===================-] 105 kB/s |  63 MB     00:02 ETA(28/31): pyproject-rpm-macros-1.4.0-1.fc35.noar  56 kB/s |  40 kB     00:00    
(29-30/31): python3- 99% [===================-] 105 kB/s |  63 MB     00:02 ETA(29/31): python3-rpm-macros-3.10-13.fc35.noarch 110 kB/s |  12 kB     00:00    
(30-31/31): python3- 99% [===================-] 126 kB/s |  64 MB     00:01 ETA(30/31): python3-packaging-21.3-2.fc35.noarch.r 263 kB/s |  72 kB     00:00    
(31/31): python3-dev 99% [===================-] 143 kB/s |  64 MB     00:00 ETA(31/31): python3-devel-3.10.8-3.fc35.x86_64.rpm 232 kB/s | 208 kB     00:00    
--------------------------------------------------------------------------------
Total                                           345 kB/s | 541 kB     00:01     
Running transaction check
Transaction check succeeded.
Running transaction test
Transaction test succeeded.
Running transaction
  Preparing        :  [=                                                  ] 1/1  Preparing        :  [===                                                ] 1/1  Preparing        :  [====                                               ] 1/1  Preparing        :  [======                                             ] 1/1  Preparing        :  [========                                           ] 1/1  Preparing        :  [=========                                          ] 1/1  Preparing        :  [===========                                        ] 1/1  Preparing        :  [============                                       ] 1/1  Preparing        :  [==============                                     ] 1/1  Preparing        :  [================                                   ] 1/1  Preparing        :  [=================                                  ] 1/1  Preparing        :  [===================                                ] 1/1  Preparing        :  [====================                               ] 1/1  Preparing        :  [======================                             ] 1/1  Preparing        :  [========================                           ] 1/1  Preparing        :  [==========================                         ] 1/1  Preparing        :  [===========================                        ] 1/1  Preparing        :  [=============================                      ] 1/1  Preparing        :  [===============================                    ] 1/1  Preparing        :  [================================                   ] 1/1  Preparing        :  [==================================                 ] 1/1  Preparing        :  [===================================                ] 1/1  Preparing        :  [=====================================              ] 1/1  Preparing        :  [=======================================            ] 1/1  Preparing        :  [========================================           ] 1/1  Preparing        :  [==========================================         ] 1/1  Preparing        :  [============================================       ] 1/1  Preparing        :  [=============================================      ] 1/1  Preparing        :  [===============================================    ] 1/1  Preparing        :  [================================================   ] 1/1  Preparing        :                                                        1/1 
  Installing       : python-rpm-macros-3.10-1 [                         ]  1/31  Installing       : python-rpm-macros-3.10-1 [===                      ]  1/31  Installing       : python-rpm-macros-3.10-1 [===========              ]  1/31  Installing       : python-rpm-macros-3.10-1 [=================        ]  1/31  Installing       : python-rpm-macros-3.10-1 [======================== ]  1/31  Installing       : python-rpm-macros-3.10-13.fc35.noarch                 1/31 
  Installing       : python3-rpm-macros-3.10- [                         ]  2/31  Installing       : python3-rpm-macros-3.10- [======================== ]  2/31  Installing       : python3-rpm-macros-3.10-13.fc35.noarch                2/31 
  Installing       : libmpc-1.2.1-3.fc35.x86_ [                         ]  3/31  Installing       : libmpc-1.2.1-3.fc35.x86_ [=====                    ]  3/31  Installing       : libmpc-1.2.1-3.fc35.x86_ [===========              ]  3/31  Installing       : libmpc-1.2.1-3.fc35.x86_ [=================        ]  3/31  Installing       : libmpc-1.2.1-3.fc35.x86_ [=====================    ]  3/31  Installing       : libmpc-1.2.1-3.fc35.x86_ [======================   ]  3/31  Installing       : libmpc-1.2.1-3.fc35.x86_ [=======================  ]  3/31  Installing       : libmpc-1.2.1-3.fc35.x86_ [======================== ]  3/31  Installing       : libmpc-1.2.1-3.fc35.x86_64                            3/31 
  Installing       : cpp-11.3.1-3.fc35.x86_64 [                         ]  4/31  Installing       : cpp-11.3.1-3.fc35.x86_64 [=                        ]  4/31  Installing       : cpp-11.3.1-3.fc35.x86_64 [==                       ]  4/31  Installing       : cpp-11.3.1-3.fc35.x86_64 [===                      ]  4/31  Installing       : cpp-11.3.1-3.fc35.x86_64 [====                     ]  4/31  Installing       : cpp-11.3.1-3.fc35.x86_64 [=====                    ]  4/31  Installing       : cpp-11.3.1-3.fc35.x86_64 [======                   ]  4/31  Installing       : cpp-11.3.1-3.fc35.x86_64 [=======                  ]  4/31  Installing       : cpp-11.3.1-3.fc35.x86_64 [========                 ]  4/31  Installing       : cpp-11.3.1-3.fc35.x86_64 [=========                ]  4/31  Installing       : cpp-11.3.1-3.fc35.x86_64 [==========               ]  4/31  Installing       : cpp-11.3.1-3.fc35.x86_64 [===========              ]  4/31  Installing       : cpp-11.3.1-3.fc35.x86_64 [============             ]  4/31  Installing       : cpp-11.3.1-3.fc35.x86_64 [=============            ]  4/31  Installing       : cpp-11.3.1-3.fc35.x86_64 [==============           ]  4/31  Installing       : cpp-11.3.1-3.fc35.x86_64 [===============          ]  4/31  Installing       : cpp-11.3.1-3.fc35.x86_64 [================         ]  4/31  Installing       : cpp-11.3.1-3.fc35.x86_64 [=================        ]  4/31  Installing       : cpp-11.3.1-3.fc35.x86_64 [==================       ]  4/31  Installing       : cpp-11.3.1-3.fc35.x86_64 [===================      ]  4/31  Installing       : cpp-11.3.1-3.fc35.x86_64 [====================     ]  4/31  Installing       : cpp-11.3.1-3.fc35.x86_64 [=====================    ]  4/31  Installing       : cpp-11.3.1-3.fc35.x86_64 [======================   ]  4/31  Installing       : cpp-11.3.1-3.fc35.x86_64 [=======================  ]  4/31  Installing       : cpp-11.3.1-3.fc35.x86_64 [======================== ]  4/31  Installing       : cpp-11.3.1-3.fc35.x86_64                              4/31 
  Installing       : pyproject-rpm-macros-1.4 [                         ]  5/31  Installing       : pyproject-rpm-macros-1.4 [==                       ]  5/31  Installing       : pyproject-rpm-macros-1.4 [=======                  ]  5/31  Installing       : pyproject-rpm-macros-1.4 [=========                ]  5/31  Installing       : pyproject-rpm-macros-1.4 [==========               ]  5/31  Installing       : pyproject-rpm-macros-1.4 [===========              ]  5/31  Installing       : pyproject-rpm-macros-1.4 [==================       ]  5/31  Installing       : pyproject-rpm-macros-1.4 [===================      ]  5/31  Installing       : pyproject-rpm-macros-1.4 [======================== ]  5/31  Installing       : pyproject-rpm-macros-1.4.0-1.fc35.noarch              5/31 
  Installing       : python-pip-wheel-21.2.3- [                         ]  6/31  Installing       : python-pip-wheel-21.2.3- [=                        ]  6/31  Installing       : python-pip-wheel-21.2.3- [==                       ]  6/31  Installing       : python-pip-wheel-21.2.3- [===                      ]  6/31  Installing       : python-pip-wheel-21.2.3- [====                     ]  6/31  Installing       : python-pip-wheel-21.2.3- [=====                    ]  6/31  Installing       : python-pip-wheel-21.2.3- [======                   ]  6/31  Installing       : python-pip-wheel-21.2.3- [=======                  ]  6/31  Installing       : python-pip-wheel-21.2.3- [========                 ]  6/31  Installing       : python-pip-wheel-21.2.3- [=========                ]  6/31  Installing       : python-pip-wheel-21.2.3- [==========               ]  6/31  Installing       : python-pip-wheel-21.2.3- [===========              ]  6/31  Installing       : python-pip-wheel-21.2.3- [============             ]  6/31  Installing       : python-pip-wheel-21.2.3- [=============            ]  6/31  Installing       : python-pip-wheel-21.2.3- [==============           ]  6/31  Installing       : python-pip-wheel-21.2.3- [===============          ]  6/31  Installing       : python-pip-wheel-21.2.3- [================         ]  6/31  Installing       : python-pip-wheel-21.2.3- [=================        ]  6/31  Installing       : python-pip-wheel-21.2.3- [==================       ]  6/31  Installing       : python-pip-wheel-21.2.3- [===================      ]  6/31  Installing       : python-pip-wheel-21.2.3- [====================     ]  6/31  Installing       : python-pip-wheel-21.2.3- [=====================    ]  6/31  Installing       : python-pip-wheel-21.2.3- [======================   ]  6/31  Installing       : python-pip-wheel-21.2.3- [=======================  ]  6/31  Installing       : python-pip-wheel-21.2.3- [======================== ]  6/31  Installing       : python-pip-wheel-21.2.3-4.fc35.noarch                 6/31 
  Installing       : libtool-ltdl-2.4.6-50.fc [                         ]  7/31  Installing       : libtool-ltdl-2.4.6-50.fc [===========              ]  7/31  Installing       : libtool-ltdl-2.4.6-50.fc [===============          ]  7/31  Installing       : libtool-ltdl-2.4.6-50.fc [======================== ]  7/31  Installing       : libtool-ltdl-2.4.6-50.fc35.x86_64                     7/31 
  Installing       : kernel-headers-6.0.5-100 [                         ]  8/31  Installing       : kernel-headers-6.0.5-100 [=                        ]  8/31  Installing       : kernel-headers-6.0.5-100 [==                       ]  8/31  Installing       : kernel-headers-6.0.5-100 [===                      ]  8/31  Installing       : kernel-headers-6.0.5-100 [====                     ]  8/31  Installing       : kernel-headers-6.0.5-100 [=====                    ]  8/31  Installing       : kernel-headers-6.0.5-100 [======                   ]  8/31  Installing       : kernel-headers-6.0.5-100 [=======                  ]  8/31  Installing       : kernel-headers-6.0.5-100 [========                 ]  8/31  Installing       : kernel-headers-6.0.5-100 [=========                ]  8/31  Installing       : kernel-headers-6.0.5-100 [==========               ]  8/31  Installing       : kernel-headers-6.0.5-100 [===========              ]  8/31  Installing       : kernel-headers-6.0.5-100 [============             ]  8/31  Installing       : kernel-headers-6.0.5-100 [=============            ]  8/31  Installing       : kernel-headers-6.0.5-100 [==============           ]  8/31  Installing       : kernel-headers-6.0.5-100 [===============          ]  8/31  Installing       : kernel-headers-6.0.5-100 [================         ]  8/31  Installing       : kernel-headers-6.0.5-100 [=================        ]  8/31  Installing       : kernel-headers-6.0.5-100 [==================       ]  8/31  Installing       : kernel-headers-6.0.5-100 [===================      ]  8/31  Installing       : kernel-headers-6.0.5-100 [====================     ]  8/31  Installing       : kernel-headers-6.0.5-100 [=====================    ]  8/31  Installing       : kernel-headers-6.0.5-100 [======================   ]  8/31  Installing       : kernel-headers-6.0.5-100 [=======================  ]  8/31  Installing       : kernel-headers-6.0.5-100 [======================== ]  8/31  Installing       : kernel-headers-6.0.5-100.fc35.x86_64                  8/31 
  Installing       : glibc-headers-x86-2.34-4 [                         ]  9/31  Installing       : glibc-headers-x86-2.34-4 [=                        ]  9/31  Installing       : glibc-headers-x86-2.34-4 [==                       ]  9/31  Installing       : glibc-headers-x86-2.34-4 [===                      ]  9/31  Installing       : glibc-headers-x86-2.34-4 [====                     ]  9/31  Installing       : glibc-headers-x86-2.34-4 [=====                    ]  9/31  Installing       : glibc-headers-x86-2.34-4 [======                   ]  9/31  Installing       : glibc-headers-x86-2.34-4 [=======                  ]  9/31  Installing       : glibc-headers-x86-2.34-4 [========                 ]  9/31  Installing       : glibc-headers-x86-2.34-4 [=========                ]  9/31  Installing       : glibc-headers-x86-2.34-4 [==========               ]  9/31  Installing       : glibc-headers-x86-2.34-4 [===========              ]  9/31  Installing       : glibc-headers-x86-2.34-4 [============             ]  9/31  Installing       : glibc-headers-x86-2.34-4 [=============            ]  9/31  Installing       : glibc-headers-x86-2.34-4 [==============           ]  9/31  Installing       : glibc-headers-x86-2.34-4 [===============          ]  9/31  Installing       : glibc-headers-x86-2.34-4 [================         ]  9/31  Installing       : glibc-headers-x86-2.34-4 [=================        ]  9/31  Installing       : glibc-headers-x86-2.34-4 [==================       ]  9/31  Installing       : glibc-headers-x86-2.34-4 [===================      ]  9/31  Installing       : glibc-headers-x86-2.34-4 [====================     ]  9/31  Installing       : glibc-headers-x86-2.34-4 [=====================    ]  9/31  Installing       : glibc-headers-x86-2.34-4 [======================   ]  9/31  Installing       : glibc-headers-x86-2.34-4 [=======================  ]  9/31  Installing       : glibc-headers-x86-2.34-4 [======================== ]  9/31  Installing       : glibc-headers-x86-2.34-49.fc35.noarch                 9/31 
  Installing       : libxcrypt-devel-4.4.33-3 [                         ] 10/31  Installing       : libxcrypt-devel-4.4.33-3 [========                 ] 10/31  Installing       : libxcrypt-devel-4.4.33-3 [=========                ] 10/31  Installing       : libxcrypt-devel-4.4.33-3 [=============            ] 10/31  Installing       : libxcrypt-devel-4.4.33-3 [=================        ] 10/31  Installing       : libxcrypt-devel-4.4.33-3 [====================     ] 10/31  Installing       : libxcrypt-devel-4.4.33-3 [=====================    ] 10/31  Installing       : libxcrypt-devel-4.4.33-3 [=======================  ] 10/31  Installing       : libxcrypt-devel-4.4.33-3 [======================== ] 10/31  Installing       : libxcrypt-devel-4.4.33-3.fc35.x86_64                 10/31 
  Installing       : glibc-devel-2.34-49.fc35 [                         ] 11/31  Installing       : glibc-devel-2.34-49.fc35 [=                        ] 11/31  Installing       : glibc-devel-2.34-49.fc35 [====                     ] 11/31  Installing       : glibc-devel-2.34-49.fc35 [=======                  ] 11/31  Installing       : glibc-devel-2.34-49.fc35 [========                 ] 11/31  Installing       : glibc-devel-2.34-49.fc35 [=============            ] 11/31  Installing       : glibc-devel-2.34-49.fc35 [=================        ] 11/31  Installing       : glibc-devel-2.34-49.fc35 [==================       ] 11/31  Installing       : glibc-devel-2.34-49.fc35 [====================     ] 11/31  Installing       : glibc-devel-2.34-49.fc35 [======================   ] 11/31  Installing       : glibc-devel-2.34-49.fc35 [======================== ] 11/31  Installing       : glibc-devel-2.34-49.fc35.x86_64                      11/31 
  Installing       : expat-2.5.0-1.fc35.x86_6 [                         ] 12/31  Installing       : expat-2.5.0-1.fc35.x86_6 [==                       ] 12/31  Installing       : expat-2.5.0-1.fc35.x86_6 [===                      ] 12/31  Installing       : expat-2.5.0-1.fc35.x86_6 [======                   ] 12/31  Installing       : expat-2.5.0-1.fc35.x86_6 [========                 ] 12/31  Installing       : expat-2.5.0-1.fc35.x86_6 [===========              ] 12/31  Installing       : expat-2.5.0-1.fc35.x86_6 [=============            ] 12/31  Installing       : expat-2.5.0-1.fc35.x86_6 [================         ] 12/31  Installing       : expat-2.5.0-1.fc35.x86_6 [===================      ] 12/31  Installing       : expat-2.5.0-1.fc35.x86_6 [=====================    ] 12/31  Installing       : expat-2.5.0-1.fc35.x86_6 [======================== ] 12/31  Installing       : expat-2.5.0-1.fc35.x86_64                            12/31 
  Installing       : annobin-docs-10.79-1.fc3 [                         ] 13/31  Installing       : annobin-docs-10.79-1.fc3 [==                       ] 13/31  Installing       : annobin-docs-10.79-1.fc3 [===========              ] 13/31  Installing       : annobin-docs-10.79-1.fc3 [=============            ] 13/31  Installing       : annobin-docs-10.79-1.fc3 [======================   ] 13/31  Installing       : annobin-docs-10.79-1.fc3 [=======================  ] 13/31  Installing       : annobin-docs-10.79-1.fc3 [======================== ] 13/31  Installing       : annobin-docs-10.79-1.fc35.noarch                     13/31 
  Installing       : python-setuptools-wheel- [                         ] 14/31  Installing       : python-setuptools-wheel- [=                        ] 14/31  Installing       : python-setuptools-wheel- [==                       ] 14/31  Installing       : python-setuptools-wheel- [====                     ] 14/31  Installing       : python-setuptools-wheel- [=====                    ] 14/31  Installing       : python-setuptools-wheel- [======                   ] 14/31  Installing       : python-setuptools-wheel- [========                 ] 14/31  Installing       : python-setuptools-wheel- [=========                ] 14/31  Installing       : python-setuptools-wheel- [===========              ] 14/31  Installing       : python-setuptools-wheel- [============             ] 14/31  Installing       : python-setuptools-wheel- [=============            ] 14/31  Installing       : python-setuptools-wheel- [===============          ] 14/31  Installing       : python-setuptools-wheel- [================         ] 14/31  Installing       : python-setuptools-wheel- [=================        ] 14/31  Installing       : python-setuptools-wheel- [===================      ] 14/31  Installing       : python-setuptools-wheel- [====================     ] 14/31  Installing       : python-setuptools-wheel- [======================   ] 14/31  Installing       : python-setuptools-wheel- [=======================  ] 14/31  Installing       : python-setuptools-wheel- [======================== ] 14/31  Installing       : python-setuptools-wheel-57.4.0-1.fc35.noarch         14/31 
  Installing       : mpdecimal-2.5.1-2.fc35.x [                         ] 15/31  Installing       : mpdecimal-2.5.1-2.fc35.x [===                      ] 15/31  Installing       : mpdecimal-2.5.1-2.fc35.x [====                     ] 15/31  Installing       : mpdecimal-2.5.1-2.fc35.x [=======                  ] 15/31  Installing       : mpdecimal-2.5.1-2.fc35.x [==========               ] 15/31  Installing       : mpdecimal-2.5.1-2.fc35.x [==============           ] 15/31  Installing       : mpdecimal-2.5.1-2.fc35.x [=================        ] 15/31  Installing       : mpdecimal-2.5.1-2.fc35.x [====================     ] 15/31  Installing       : mpdecimal-2.5.1-2.fc35.x [======================== ] 15/31  Installing       : mpdecimal-2.5.1-2.fc35.x86_64                        15/31 
  Installing       : python3-3.10.8-3.fc35.x8 [                         ] 16/31  Installing       : python3-3.10.8-3.fc35.x8 [===========              ] 16/31  Installing       : python3-3.10.8-3.fc35.x8 [============             ] 16/31  Installing       : python3-3.10.8-3.fc35.x8 [===================      ] 16/31  Installing       : python3-3.10.8-3.fc35.x8 [======================== ] 16/31  Installing       : python3-3.10.8-3.fc35.x86_64                         16/31 
  Installing       : python3-libs-3.10.8-3.fc [                         ] 17/31  Installing       : python3-libs-3.10.8-3.fc [=                        ] 17/31  Installing       : python3-libs-3.10.8-3.fc [==                       ] 17/31  Installing       : python3-libs-3.10.8-3.fc [===                      ] 17/31  Installing       : python3-libs-3.10.8-3.fc [====                     ] 17/31  Installing       : python3-libs-3.10.8-3.fc [=====                    ] 17/31  Installing       : python3-libs-3.10.8-3.fc [======                   ] 17/31  Installing       : python3-libs-3.10.8-3.fc [=======                  ] 17/31  Installing       : python3-libs-3.10.8-3.fc [========                 ] 17/31  Installing       : python3-libs-3.10.8-3.fc [=========                ] 17/31  Installing       : python3-libs-3.10.8-3.fc [==========               ] 17/31  Installing       : python3-libs-3.10.8-3.fc [===========              ] 17/31  Installing       : python3-libs-3.10.8-3.fc [============             ] 17/31  Installing       : python3-libs-3.10.8-3.fc [=============            ] 17/31  Installing       : python3-libs-3.10.8-3.fc [==============           ] 17/31  Installing       : python3-libs-3.10.8-3.fc [===============          ] 17/31  Installing       : python3-libs-3.10.8-3.fc [================         ] 17/31  Installing       : python3-libs-3.10.8-3.fc [=================        ] 17/31  Installing       : python3-libs-3.10.8-3.fc [==================       ] 17/31  Installing       : python3-libs-3.10.8-3.fc [===================      ] 17/31  Installing       : python3-libs-3.10.8-3.fc [====================     ] 17/31  Installing       : python3-libs-3.10.8-3.fc [=====================    ] 17/31  Installing       : python3-libs-3.10.8-3.fc [======================   ] 17/31  Installing       : python3-libs-3.10.8-3.fc [=======================  ] 17/31  Installing       : python3-libs-3.10.8-3.fc [======================== ] 17/31  Installing       : python3-libs-3.10.8-3.fc35.x86_64                    17/31 
  Installing       : python3-pyparsing-2.4.7- [                         ] 18/31  Installing       : python3-pyparsing-2.4.7- [=                        ] 18/31  Installing       : python3-pyparsing-2.4.7- [==                       ] 18/31  Installing       : python3-pyparsing-2.4.7- [====                     ] 18/31  Installing       : python3-pyparsing-2.4.7- [=====                    ] 18/31  Installing       : python3-pyparsing-2.4.7- [======                   ] 18/31  Installing       : python3-pyparsing-2.4.7- [=======                  ] 18/31  Installing       : python3-pyparsing-2.4.7- [=========                ] 18/31  Installing       : python3-pyparsing-2.4.7- [==========               ] 18/31  Installing       : python3-pyparsing-2.4.7- [============             ] 18/31  Installing       : python3-pyparsing-2.4.7- [=============            ] 18/31  Installing       : python3-pyparsing-2.4.7- [==============           ] 18/31  Installing       : python3-pyparsing-2.4.7- [===============          ] 18/31  Installing       : python3-pyparsing-2.4.7- [=================        ] 18/31  Installing       : python3-pyparsing-2.4.7- [==================       ] 18/31  Installing       : python3-pyparsing-2.4.7- [===================      ] 18/31  Installing       : python3-pyparsing-2.4.7- [====================     ] 18/31  Installing       : python3-pyparsing-2.4.7- [======================   ] 18/31  Installing       : python3-pyparsing-2.4.7- [=======================  ] 18/31  Installing       : python3-pyparsing-2.4.7- [======================== ] 18/31  Installing       : python3-pyparsing-2.4.7-9.fc35.noarch                18/31 
  Installing       : python3-packaging-21.3-2 [                         ] 19/31  Installing       : python3-packaging-21.3-2 [=                        ] 19/31  Installing       : python3-packaging-21.3-2 [==                       ] 19/31  Installing       : python3-packaging-21.3-2 [===                      ] 19/31  Installing       : python3-packaging-21.3-2 [====                     ] 19/31  Installing       : python3-packaging-21.3-2 [=====                    ] 19/31  Installing       : python3-packaging-21.3-2 [======                   ] 19/31  Installing       : python3-packaging-21.3-2 [=======                  ] 19/31  Installing       : python3-packaging-21.3-2 [========                 ] 19/31  Installing       : python3-packaging-21.3-2 [=========                ] 19/31  Installing       : python3-packaging-21.3-2 [==========               ] 19/31  Installing       : python3-packaging-21.3-2 [=============            ] 19/31  Installing       : python3-packaging-21.3-2 [==============           ] 19/31  Installing       : python3-packaging-21.3-2 [===============          ] 19/31  Installing       : python3-packaging-21.3-2 [================         ] 19/31  Installing       : python3-packaging-21.3-2 [=================        ] 19/31  Installing       : python3-packaging-21.3-2 [==================       ] 19/31  Installing       : python3-packaging-21.3-2 [===================      ] 19/31  Installing       : python3-packaging-21.3-2 [======================   ] 19/31  Installing       : python3-packaging-21.3-2 [=======================  ] 19/31  Installing       : python3-packaging-21.3-2 [======================== ] 19/31  Installing       : python3-packaging-21.3-2.fc35.noarch                 19/31 
  Installing       : python3-rpm-generators-1 [                         ] 20/31  Installing       : python3-rpm-generators-1 [==                       ] 20/31  Installing       : python3-rpm-generators-1 [==========               ] 20/31  Installing       : python3-rpm-generators-1 [===========              ] 20/31  Installing       : python3-rpm-generators-1 [=====================    ] 20/31  Installing       : python3-rpm-generators-1 [======================== ] 20/31  Installing       : python3-rpm-generators-12-8.fc35.noarch              20/31 
  Installing       : gettext-libs-0.21-8.fc35 [                         ] 21/31  Installing       : gettext-libs-0.21-8.fc35 [=                        ] 21/31  Installing       : gettext-libs-0.21-8.fc35 [==                       ] 21/31  Installing       : gettext-libs-0.21-8.fc35 [===                      ] 21/31  Installing       : gettext-libs-0.21-8.fc35 [====                     ] 21/31  Installing       : gettext-libs-0.21-8.fc35 [=====                    ] 21/31  Installing       : gettext-libs-0.21-8.fc35 [======                   ] 21/31  Installing       : gettext-libs-0.21-8.fc35 [=======                  ] 21/31  Installing       : gettext-libs-0.21-8.fc35 [========                 ] 21/31  Installing       : gettext-libs-0.21-8.fc35 [=========                ] 21/31  Installing       : gettext-libs-0.21-8.fc35 [==========               ] 21/31  Installing       : gettext-libs-0.21-8.fc35 [===========              ] 21/31  Installing       : gettext-libs-0.21-8.fc35 [============             ] 21/31  Installing       : gettext-libs-0.21-8.fc35 [=============            ] 21/31  Installing       : gettext-libs-0.21-8.fc35 [==============           ] 21/31  Installing       : gettext-libs-0.21-8.fc35 [===============          ] 21/31  Installing       : gettext-libs-0.21-8.fc35 [================         ] 21/31  Installing       : gettext-libs-0.21-8.fc35 [=================        ] 21/31  Installing       : gettext-libs-0.21-8.fc35 [==================       ] 21/31  Installing       : gettext-libs-0.21-8.fc35 [===================      ] 21/31  Installing       : gettext-libs-0.21-8.fc35 [====================     ] 21/31  Installing       : gettext-libs-0.21-8.fc35 [=====================    ] 21/31  Installing       : gettext-libs-0.21-8.fc35 [======================   ] 21/31  Installing       : gettext-libs-0.21-8.fc35 [=======================  ] 21/31  Installing       : gettext-libs-0.21-8.fc35 [======================== ] 21/31  Installing       : gettext-libs-0.21-8.fc35.x86_64                      21/31 
  Installing       : gc-8.0.4-6.fc35.x86_64 [                           ] 22/31  Installing       : gc-8.0.4-6.fc35.x86_64 [===                        ] 22/31  Installing       : gc-8.0.4-6.fc35.x86_64 [====                       ] 22/31  Installing       : gc-8.0.4-6.fc35.x86_64 [========                   ] 22/31  Installing       : gc-8.0.4-6.fc35.x86_64 [===========                ] 22/31  Installing       : gc-8.0.4-6.fc35.x86_64 [===============            ] 22/31  Installing       : gc-8.0.4-6.fc35.x86_64 [===================        ] 22/31  Installing       : gc-8.0.4-6.fc35.x86_64 [======================     ] 22/31  Installing       : gc-8.0.4-6.fc35.x86_64 [=========================  ] 22/31  Installing       : gc-8.0.4-6.fc35.x86_64 [========================== ] 22/31  Installing       : gc-8.0.4-6.fc35.x86_64                               22/31 
  Installing       : guile22-2.2.7-3.fc35.x86 [                         ] 23/31  Installing       : guile22-2.2.7-3.fc35.x86 [=                        ] 23/31  Installing       : guile22-2.2.7-3.fc35.x86 [==                       ] 23/31  Installing       : guile22-2.2.7-3.fc35.x86 [===                      ] 23/31  Installing       : guile22-2.2.7-3.fc35.x86 [====                     ] 23/31  Installing       : guile22-2.2.7-3.fc35.x86 [=====                    ] 23/31  Installing       : guile22-2.2.7-3.fc35.x86 [======                   ] 23/31  Installing       : guile22-2.2.7-3.fc35.x86 [=======                  ] 23/31  Installing       : guile22-2.2.7-3.fc35.x86 [========                 ] 23/31  Installing       : guile22-2.2.7-3.fc35.x86 [=========                ] 23/31  Installing       : guile22-2.2.7-3.fc35.x86 [==========               ] 23/31  Installing       : guile22-2.2.7-3.fc35.x86 [===========              ] 23/31  Installing       : guile22-2.2.7-3.fc35.x86 [============             ] 23/31  Installing       : guile22-2.2.7-3.fc35.x86 [=============            ] 23/31  Installing       : guile22-2.2.7-3.fc35.x86 [==============           ] 23/31  Installing       : guile22-2.2.7-3.fc35.x86 [===============          ] 23/31  Installing       : guile22-2.2.7-3.fc35.x86 [================         ] 23/31  Installing       : guile22-2.2.7-3.fc35.x86 [=================        ] 23/31  Installing       : guile22-2.2.7-3.fc35.x86 [==================       ] 23/31  Installing       : guile22-2.2.7-3.fc35.x86 [===================      ] 23/31  Installing       : guile22-2.2.7-3.fc35.x86 [====================     ] 23/31  Installing       : guile22-2.2.7-3.fc35.x86 [=====================    ] 23/31  Installing       : guile22-2.2.7-3.fc35.x86 [======================   ] 23/31  Installing       : guile22-2.2.7-3.fc35.x86 [=======================  ] 23/31  Installing       : guile22-2.2.7-3.fc35.x86 [======================== ] 23/31  Installing       : guile22-2.2.7-3.fc35.x86_64                          23/31 
  Installing       : make-1:4.3-6.fc35.x86_64 [                         ] 24/31  Installing       : make-1:4.3-6.fc35.x86_64 [=                        ] 24/31  Installing       : make-1:4.3-6.fc35.x86_64 [==                       ] 24/31  Installing       : make-1:4.3-6.fc35.x86_64 [===                      ] 24/31  Installing       : make-1:4.3-6.fc35.x86_64 [====                     ] 24/31  Installing       : make-1:4.3-6.fc35.x86_64 [=====                    ] 24/31  Installing       : make-1:4.3-6.fc35.x86_64 [======                   ] 24/31  Installing       : make-1:4.3-6.fc35.x86_64 [=======                  ] 24/31  Installing       : make-1:4.3-6.fc35.x86_64 [========                 ] 24/31  Installing       : make-1:4.3-6.fc35.x86_64 [=========                ] 24/31  Installing       : make-1:4.3-6.fc35.x86_64 [==========               ] 24/31  Installing       : make-1:4.3-6.fc35.x86_64 [===========              ] 24/31  Installing       : make-1:4.3-6.fc35.x86_64 [============             ] 24/31  Installing       : make-1:4.3-6.fc35.x86_64 [=============            ] 24/31  Installing       : make-1:4.3-6.fc35.x86_64 [==============           ] 24/31  Installing       : make-1:4.3-6.fc35.x86_64 [===============          ] 24/31  Installing       : make-1:4.3-6.fc35.x86_64 [================         ] 24/31  Installing       : make-1:4.3-6.fc35.x86_64 [=================        ] 24/31  Installing       : make-1:4.3-6.fc35.x86_64 [==================       ] 24/31  Installing       : make-1:4.3-6.fc35.x86_64 [===================      ] 24/31  Installing       : make-1:4.3-6.fc35.x86_64 [====================     ] 24/31  Installing       : make-1:4.3-6.fc35.x86_64 [=====================    ] 24/31  Installing       : make-1:4.3-6.fc35.x86_64 [======================   ] 24/31  Installing       : make-1:4.3-6.fc35.x86_64 [=======================  ] 24/31  Installing       : make-1:4.3-6.fc35.x86_64 [======================== ] 24/31  Installing       : make-1:4.3-6.fc35.x86_64                             24/31 
  Installing       : gcc-11.3.1-3.fc35.x86_64 [                         ] 25/31  Installing       : gcc-11.3.1-3.fc35.x86_64 [=                        ] 25/31  Installing       : gcc-11.3.1-3.fc35.x86_64 [==                       ] 25/31  Installing       : gcc-11.3.1-3.fc35.x86_64 [===                      ] 25/31  Installing       : gcc-11.3.1-3.fc35.x86_64 [====                     ] 25/31  Installing       : gcc-11.3.1-3.fc35.x86_64 [=====                    ] 25/31  Installing       : gcc-11.3.1-3.fc35.x86_64 [======                   ] 25/31  Installing       : gcc-11.3.1-3.fc35.x86_64 [=======                  ] 25/31  Installing       : gcc-11.3.1-3.fc35.x86_64 [========                 ] 25/31  Installing       : gcc-11.3.1-3.fc35.x86_64 [=========                ] 25/31  Installing       : gcc-11.3.1-3.fc35.x86_64 [==========               ] 25/31  Installing       : gcc-11.3.1-3.fc35.x86_64 [===========              ] 25/31  Installing       : gcc-11.3.1-3.fc35.x86_64 [============             ] 25/31  Installing       : gcc-11.3.1-3.fc35.x86_64 [=============            ] 25/31  Installing       : gcc-11.3.1-3.fc35.x86_64 [==============           ] 25/31  Installing       : gcc-11.3.1-3.fc35.x86_64 [===============          ] 25/31  Installing       : gcc-11.3.1-3.fc35.x86_64 [================         ] 25/31  Installing       : gcc-11.3.1-3.fc35.x86_64 [=================        ] 25/31  Installing       : gcc-11.3.1-3.fc35.x86_64 [==================       ] 25/31  Installing       : gcc-11.3.1-3.fc35.x86_64 [===================      ] 25/31  Installing       : gcc-11.3.1-3.fc35.x86_64 [====================     ] 25/31  Installing       : gcc-11.3.1-3.fc35.x86_64 [=====================    ] 25/31  Installing       : gcc-11.3.1-3.fc35.x86_64 [======================   ] 25/31  Installing       : gcc-11.3.1-3.fc35.x86_64 [=======================  ] 25/31  Installing       : gcc-11.3.1-3.fc35.x86_64 [======================== ] 25/31  Installing       : gcc-11.3.1-3.fc35.x86_64                             25/31 
  Installing       : annobin-plugin-gcc-10.79 [                         ] 26/31  Installing       : annobin-plugin-gcc-10.79 [=                        ] 26/31  Installing       : annobin-plugin-gcc-10.79 [==                       ] 26/31  Installing       : annobin-plugin-gcc-10.79 [===                      ] 26/31  Installing       : annobin-plugin-gcc-10.79 [====                     ] 26/31  Installing       : annobin-plugin-gcc-10.79 [=====                    ] 26/31  Installing       : annobin-plugin-gcc-10.79 [======                   ] 26/31  Installing       : annobin-plugin-gcc-10.79 [=======                  ] 26/31  Installing       : annobin-plugin-gcc-10.79 [========                 ] 26/31  Installing       : annobin-plugin-gcc-10.79 [=========                ] 26/31  Installing       : annobin-plugin-gcc-10.79 [==========               ] 26/31  Installing       : annobin-plugin-gcc-10.79 [===========              ] 26/31  Installing       : annobin-plugin-gcc-10.79 [============             ] 26/31  Installing       : annobin-plugin-gcc-10.79 [=============            ] 26/31  Installing       : annobin-plugin-gcc-10.79 [==============           ] 26/31  Installing       : annobin-plugin-gcc-10.79 [===============          ] 26/31  Installing       : annobin-plugin-gcc-10.79 [================         ] 26/31  Installing       : annobin-plugin-gcc-10.79 [=================        ] 26/31  Installing       : annobin-plugin-gcc-10.79 [==================       ] 26/31  Installing       : annobin-plugin-gcc-10.79 [===================      ] 26/31  Installing       : annobin-plugin-gcc-10.79 [====================     ] 26/31  Installing       : annobin-plugin-gcc-10.79 [=====================    ] 26/31  Installing       : annobin-plugin-gcc-10.79 [======================   ] 26/31  Installing       : annobin-plugin-gcc-10.79 [=======================  ] 26/31  Installing       : annobin-plugin-gcc-10.79 [======================== ] 26/31  Installing       : annobin-plugin-gcc-10.79-1.fc35.x86_64               26/31 
  Installing       : gettext-0.21-8.fc35.x86_ [                         ] 27/31  Installing       : gettext-0.21-8.fc35.x86_ [=                        ] 27/31  Installing       : gettext-0.21-8.fc35.x86_ [==                       ] 27/31  Installing       : gettext-0.21-8.fc35.x86_ [===                      ] 27/31  Installing       : gettext-0.21-8.fc35.x86_ [====                     ] 27/31  Installing       : gettext-0.21-8.fc35.x86_ [=====                    ] 27/31  Installing       : gettext-0.21-8.fc35.x86_ [======                   ] 27/31  Installing       : gettext-0.21-8.fc35.x86_ [=======                  ] 27/31  Installing       : gettext-0.21-8.fc35.x86_ [========                 ] 27/31  Installing       : gettext-0.21-8.fc35.x86_ [=========                ] 27/31  Installing       : gettext-0.21-8.fc35.x86_ [==========               ] 27/31  Installing       : gettext-0.21-8.fc35.x86_ [===========              ] 27/31  Installing       : gettext-0.21-8.fc35.x86_ [============             ] 27/31  Installing       : gettext-0.21-8.fc35.x86_ [=============            ] 27/31  Installing       : gettext-0.21-8.fc35.x86_ [==============           ] 27/31  Installing       : gettext-0.21-8.fc35.x86_ [===============          ] 27/31  Installing       : gettext-0.21-8.fc35.x86_ [================         ] 27/31  Installing       : gettext-0.21-8.fc35.x86_ [=================        ] 27/31  Installing       : gettext-0.21-8.fc35.x86_ [==================       ] 27/31  Installing       : gettext-0.21-8.fc35.x86_ [===================      ] 27/31  Installing       : gettext-0.21-8.fc35.x86_ [====================     ] 27/31  Installing       : gettext-0.21-8.fc35.x86_ [=====================    ] 27/31  Installing       : gettext-0.21-8.fc35.x86_ [======================   ] 27/31  Installing       : gettext-0.21-8.fc35.x86_ [=======================  ] 27/31  Installing       : gettext-0.21-8.fc35.x86_ [======================== ] 27/31  Installing       : gettext-0.21-8.fc35.x86_64                           27/31 
  Installing       : python3-devel-3.10.8-3.f [                         ] 28/31  Installing       : python3-devel-3.10.8-3.f [=                        ] 28/31  Installing       : python3-devel-3.10.8-3.f [==                       ] 28/31  Installing       : python3-devel-3.10.8-3.f [===                      ] 28/31  Installing       : python3-devel-3.10.8-3.f [====                     ] 28/31  Installing       : python3-devel-3.10.8-3.f [=====                    ] 28/31  Installing       : python3-devel-3.10.8-3.f [======                   ] 28/31  Installing       : python3-devel-3.10.8-3.f [=======                  ] 28/31  Installing       : python3-devel-3.10.8-3.f [========                 ] 28/31  Installing       : python3-devel-3.10.8-3.f [=========                ] 28/31  Installing       : python3-devel-3.10.8-3.f [==========               ] 28/31  Installing       : python3-devel-3.10.8-3.f [===========              ] 28/31  Installing       : python3-devel-3.10.8-3.f [============             ] 28/31  Installing       : python3-devel-3.10.8-3.f [=============            ] 28/31  Installing       : python3-devel-3.10.8-3.f [==============           ] 28/31  Installing       : python3-devel-3.10.8-3.f [===============          ] 28/31  Installing       : python3-devel-3.10.8-3.f [================         ] 28/31  Installing       : python3-devel-3.10.8-3.f [=================        ] 28/31  Installing       : python3-devel-3.10.8-3.f [==================       ] 28/31  Installing       : python3-devel-3.10.8-3.f [===================      ] 28/31  Installing       : python3-devel-3.10.8-3.f [====================     ] 28/31  Installing       : python3-devel-3.10.8-3.f [=====================    ] 28/31  Installing       : python3-devel-3.10.8-3.f [======================   ] 28/31  Installing       : python3-devel-3.10.8-3.f [=======================  ] 28/31  Installing       : python3-devel-3.10.8-3.f [======================== ] 28/31  Installing       : python3-devel-3.10.8-3.fc35.x86_64                   28/31 
  Installing       : python3-setuptools-57.4. [                         ] 29/31  Installing       : python3-setuptools-57.4. [=                        ] 29/31  Installing       : python3-setuptools-57.4. [==                       ] 29/31  Installing       : python3-setuptools-57.4. [===                      ] 29/31  Installing       : python3-setuptools-57.4. [====                     ] 29/31  Installing       : python3-setuptools-57.4. [=====                    ] 29/31  Installing       : python3-setuptools-57.4. [======                   ] 29/31  Installing       : python3-setuptools-57.4. [=======                  ] 29/31  Installing       : python3-setuptools-57.4. [========                 ] 29/31  Installing       : python3-setuptools-57.4. [=========                ] 29/31  Installing       : python3-setuptools-57.4. [==========               ] 29/31  Installing       : python3-setuptools-57.4. [===========              ] 29/31  Installing       : python3-setuptools-57.4. [============             ] 29/31  Installing       : python3-setuptools-57.4. [=============            ] 29/31  Installing       : python3-setuptools-57.4. [==============           ] 29/31  Installing       : python3-setuptools-57.4. [===============          ] 29/31  Installing       : python3-setuptools-57.4. [================         ] 29/31  Installing       : python3-setuptools-57.4. [=================        ] 29/31  Installing       : python3-setuptools-57.4. [==================       ] 29/31  Installing       : python3-setuptools-57.4. [===================      ] 29/31  Installing       : python3-setuptools-57.4. [====================     ] 29/31  Installing       : python3-setuptools-57.4. [=====================    ] 29/31  Installing       : python3-setuptools-57.4. [======================   ] 29/31  Installing       : python3-setuptools-57.4. [=======================  ] 29/31  Installing       : python3-setuptools-57.4. [======================== ] 29/31  Installing       : python3-setuptools-57.4.0-1.fc35.noarch              29/31 
  Installing       : pam-devel-1.5.2-8.fc35.x [                         ] 30/31  Installing       : pam-devel-1.5.2-8.fc35.x [=                        ] 30/31  Installing       : pam-devel-1.5.2-8.fc35.x [===                      ] 30/31  Installing       : pam-devel-1.5.2-8.fc35.x [====                     ] 30/31  Installing       : pam-devel-1.5.2-8.fc35.x [=====                    ] 30/31  Installing       : pam-devel-1.5.2-8.fc35.x [======                   ] 30/31  Installing       : pam-devel-1.5.2-8.fc35.x [=======                  ] 30/31  Installing       : pam-devel-1.5.2-8.fc35.x [============             ] 30/31  Installing       : pam-devel-1.5.2-8.fc35.x [================         ] 30/31  Installing       : pam-devel-1.5.2-8.fc35.x [=================        ] 30/31  Installing       : pam-devel-1.5.2-8.fc35.x [==================       ] 30/31  Installing       : pam-devel-1.5.2-8.fc35.x [===================      ] 30/31  Installing       : pam-devel-1.5.2-8.fc35.x [====================     ] 30/31  Installing       : pam-devel-1.5.2-8.fc35.x [=====================    ] 30/31  Installing       : pam-devel-1.5.2-8.fc35.x [======================   ] 30/31  Installing       : pam-devel-1.5.2-8.fc35.x [=======================  ] 30/31  Installing       : pam-devel-1.5.2-8.fc35.x [======================== ] 30/31  Installing       : pam-devel-1.5.2-8.fc35.x86_64                        30/31 
  Installing       : cracklib-devel-2.9.6-27. [                         ] 31/31  Installing       : cracklib-devel-2.9.6-27. [=====                    ] 31/31  Installing       : cracklib-devel-2.9.6-27. [================         ] 31/31  Installing       : cracklib-devel-2.9.6-27. [=================        ] 31/31  Installing       : cracklib-devel-2.9.6-27. [======================== ] 31/31  Installing       : cracklib-devel-2.9.6-27.fc35.x86_64                  31/31 
  Running scriptlet: cracklib-devel-2.9.6-27.fc35.x86_64                  31/31 
  Verifying        : cracklib-devel-2.9.6-27.fc35.x86_64                   1/31 
  Verifying        : gc-8.0.4-6.fc35.x86_64                                2/31 
  Verifying        : gettext-0.21-8.fc35.x86_64                            3/31 
  Verifying        : gettext-libs-0.21-8.fc35.x86_64                       4/31 
  Verifying        : guile22-2.2.7-3.fc35.x86_64                           5/31 
  Verifying        : libmpc-1.2.1-3.fc35.x86_64                            6/31 
  Verifying        : make-1:4.3-6.fc35.x86_64                              7/31 
  Verifying        : mpdecimal-2.5.1-2.fc35.x86_64                         8/31 
  Verifying        : python-setuptools-wheel-57.4.0-1.fc35.noarch          9/31 
  Verifying        : python3-pyparsing-2.4.7-9.fc35.noarch                10/31 
  Verifying        : python3-rpm-generators-12-8.fc35.noarch              11/31 
  Verifying        : python3-setuptools-57.4.0-1.fc35.noarch              12/31 
  Verifying        : annobin-docs-10.79-1.fc35.noarch                     13/31 
  Verifying        : annobin-plugin-gcc-10.79-1.fc35.x86_64               14/31 
  Verifying        : cpp-11.3.1-3.fc35.x86_64                             15/31 
  Verifying        : expat-2.5.0-1.fc35.x86_64                            16/31 
  Verifying        : gcc-11.3.1-3.fc35.x86_64                             17/31 
  Verifying        : glibc-devel-2.34-49.fc35.x86_64                      18/31 
  Verifying        : glibc-headers-x86-2.34-49.fc35.noarch                19/31 
  Verifying        : kernel-headers-6.0.5-100.fc35.x86_64                 20/31 
  Verifying        : libtool-ltdl-2.4.6-50.fc35.x86_64                    21/31 
  Verifying        : libxcrypt-devel-4.4.33-3.fc35.x86_64                 22/31 
  Verifying        : pam-devel-1.5.2-8.fc35.x86_64                        23/31 
  Verifying        : pyproject-rpm-macros-1.4.0-1.fc35.noarch             24/31 
  Verifying        : python-pip-wheel-21.2.3-4.fc35.noarch                25/31 
  Verifying        : python-rpm-macros-3.10-13.fc35.noarch                26/31 
  Verifying        : python3-3.10.8-3.fc35.x86_64                         27/31 
  Verifying        : python3-devel-3.10.8-3.fc35.x86_64                   28/31 
  Verifying        : python3-libs-3.10.8-3.fc35.x86_64                    29/31 
  Verifying        : python3-packaging-21.3-2.fc35.noarch                 30/31 
  Verifying        : python3-rpm-macros-3.10-13.fc35.noarch               31/31 

Installed:
  annobin-docs-10.79-1.fc35.noarch                                              
  annobin-plugin-gcc-10.79-1.fc35.x86_64                                        
  cpp-11.3.1-3.fc35.x86_64                                                      
  cracklib-devel-2.9.6-27.fc35.x86_64                                           
  expat-2.5.0-1.fc35.x86_64                                                     
  gc-8.0.4-6.fc35.x86_64                                                        
  gcc-11.3.1-3.fc35.x86_64                                                      
  gettext-0.21-8.fc35.x86_64                                                    
  gettext-libs-0.21-8.fc35.x86_64                                               
  glibc-devel-2.34-49.fc35.x86_64                                               
  glibc-headers-x86-2.34-49.fc35.noarch                                         
  guile22-2.2.7-3.fc35.x86_64                                                   
  kernel-headers-6.0.5-100.fc35.x86_64                                          
  libmpc-1.2.1-3.fc35.x86_64                                                    
  libtool-ltdl-2.4.6-50.fc35.x86_64                                             
  libxcrypt-devel-4.4.33-3.fc35.x86_64                                          
  make-1:4.3-6.fc35.x86_64                                                      
  mpdecimal-2.5.1-2.fc35.x86_64                                                 
  pam-devel-1.5.2-8.fc35.x86_64                                                 
  pyproject-rpm-macros-1.4.0-1.fc35.noarch                                      
  python-pip-wheel-21.2.3-4.fc35.noarch                                         
  python-rpm-macros-3.10-13.fc35.noarch                                         
  python-setuptools-wheel-57.4.0-1.fc35.noarch                                  
  python3-3.10.8-3.fc35.x86_64                                                  
  python3-devel-3.10.8-3.fc35.x86_64                                            
  python3-libs-3.10.8-3.fc35.x86_64                                             
  python3-packaging-21.3-2.fc35.noarch                                          
  python3-pyparsing-2.4.7-9.fc35.noarch                                         
  python3-rpm-generators-12-8.fc35.noarch                                       
  python3-rpm-macros-3.10-13.fc35.noarch                                        
  python3-setuptools-57.4.0-1.fc35.noarch                                       

Complete!

>>> 2023-01-26 06:03:11	"/usr/bin/mock" "-r" "fedora-35-x86_64" "--plugin-option=tmpfs:keep_mounted=True" "--config-opts=print_main_output=True" "--quiet" "--addrepo" "https://download.copr.fedorainfracloud.org/results/@aufover/divine/fedora-\$releasever-\$basearch/" "--install" "divine" "csexec" "gcc"
No matches found for the following disable plugin patterns: local, spacewalk, versionlock
https://download.cop     [===                 ] ---  B/s |   0  B     --:-- ETAhttps://download.copr.fedorainfracloud.org/resu  25 kB/s | 3.3 kB     00:00    
fedora                   [===                 ] ---  B/s |   0  B     --:-- ETAfedora                                           19 kB/s | 4.5 kB     00:00    
updates                  [   ===              ] ---  B/s |   0  B     --:-- ETAupdates                  [      ===           ] ---  B/s |   0  B     --:-- ETAupdates                                         6.1 kB/s | 2.8 kB     00:00    
Package gcc-11.3.1-3.fc35.x86_64 is already installed.
Dependencies resolved.
====================================================================================================================================================
 Package                  Arch    Version                    Repository                                                                         Size
====================================================================================================================================================
Installing:
 [1mcsexec                  [m x86_64  2.2.2-1.fc35               updates                                                                           365 k
 [1mdivine                  [m x86_64  4.4.2_4_gd47985e0b-14.fc35 downloadcoprfedorainfracloudorg_results_aufover_divine_fedorareleaseverbasearch_   68 M
Installing dependencies:
 [1mgroff-base              [m x86_64  1.22.4-8.fc35              fedora                                                                            1.0 M
 [1mlibedit                 [m x86_64  3.1-40.20210910cvs.fc35    fedora                                                                            105 k
 [1mlibyaml                 [m x86_64  0.2.5-6.fc35               fedora                                                                             60 k
 [1mncurses                 [m x86_64  6.2-8.20210508.fc35        fedora                                                                            400 k
 [1mperl-Carp               [m noarch  1.52-478.fc35              fedora                                                                             29 k
 [1mperl-Class-Struct       [m noarch  0.66-486.fc35              updates                                                                            27 k
 [1mperl-DynaLoader         [m x86_64  1.50-486.fc35              updates                                                                            30 k
 [1mperl-Encode             [m x86_64  4:3.15-482.fc35            updates                                                                           1.7 M
 [1mperl-Errno              [m x86_64  1.33-486.fc35              updates                                                                            19 k
 [1mperl-Exporter           [m noarch  5.76-479.fc35              fedora                                                                             31 k
 [1mperl-Fcntl              [m x86_64  1.14-486.fc35              updates                                                                            25 k
 [1mperl-File-Basename      [m noarch  2.85-486.fc35              updates                                                                            22 k
 [1mperl-File-Path          [m noarch  2.18-478.fc35              fedora                                                                             35 k
 [1mperl-File-Temp          [m noarch  1:0.231.100-478.fc35       fedora                                                                             59 k
 [1mperl-File-stat          [m noarch  1.09-486.fc35              updates                                                                            22 k
 [1mperl-Getopt-Long        [m noarch  1:2.52-478.fc35            fedora                                                                             60 k
 [1mperl-Getopt-Std         [m noarch  1.13-486.fc35              updates                                                                            20 k
 [1mperl-HTTP-Tiny          [m noarch  0.080-1.fc35               updates                                                                            55 k
 [1mperl-IO                 [m x86_64  1.46-486.fc35              updates                                                                            91 k
 [1mperl-IPC-Open3          [m noarch  1.21-486.fc35              updates                                                                            27 k
 [1mperl-MIME-Base64        [m x86_64  3.16-478.fc35              fedora                                                                             30 k
 [1mperl-POSIX              [m x86_64  1.97-486.fc35              updates                                                                           102 k
 [1mperl-PathTools          [m x86_64  3.80-478.fc35              fedora                                                                             85 k
 [1mperl-Pod-Escapes        [m noarch  1:1.07-478.fc35            fedora                                                                             20 k
 [1mperl-Pod-Perldoc        [m noarch  3.28.01-479.fc35           fedora                                                                             84 k
 [1mperl-Pod-Simple         [m noarch  1:3.43-2.fc35              fedora                                                                            215 k
 [1mperl-Pod-Usage          [m noarch  4:2.01-478.fc35            fedora                                                                             40 k
 [1mperl-Scalar-List-Utils  [m x86_64  5:1.62-463.fc35            updates                                                                            72 k
 [1mperl-SelectSaver        [m noarch  1.02-486.fc35              updates                                                                            16 k
 [1mperl-Socket             [m x86_64  4:2.032-2.fc35             fedora                                                                             55 k
 [1mperl-Storable           [m x86_64  1:3.25-1.fc35              fedora                                                                             95 k
 [1mperl-Symbol             [m noarch  1.09-486.fc35              updates                                                                            19 k
 [1mperl-Term-ANSIColor     [m noarch  5.01-479.fc35              fedora                                                                             48 k
 [1mperl-Term-Cap           [m noarch  1.17-478.fc35              fedora                                                                             22 k
 [1mperl-Text-ParseWords    [m noarch  3.30-478.fc35              fedora                                                                             16 k
 [1mperl-Text-Tabs+Wrap     [m noarch  2021.0814-1.fc35           fedora                                                                             22 k
 [1mperl-Time-Local         [m noarch  2:1.300-478.fc35           fedora                                                                             33 k
 [1mperl-constant           [m noarch  1.33-479.fc35              fedora                                                                             23 k
 [1mperl-if                 [m noarch  0.60.900-486.fc35          updates                                                                            18 k
 [1mperl-interpreter        [m x86_64  4:5.34.1-486.fc35          updates                                                                            76 k
 [1mperl-libs               [m x86_64  4:5.34.1-486.fc35          updates                                                                           2.1 M
 [1mperl-mro                [m x86_64  1.25-486.fc35              updates                                                                            33 k
 [1mperl-overload           [m noarch  1.33-486.fc35              updates                                                                            50 k
 [1mperl-overloading        [m noarch  0.02-486.fc35              updates                                                                            17 k
 [1mperl-parent             [m noarch  1:0.238-478.fc35           fedora                                                                             14 k
 [1mperl-podlators          [m noarch  1:4.14-478.fc35            fedora                                                                            111 k
 [1mperl-subs               [m noarch  1.04-486.fc35              updates                                                                            16 k
 [1mperl-vars               [m noarch  1.05-486.fc35              updates                                                                            17 k
 [1mpython3-pygments        [m noarch  2.9.0-2.fc35               fedora                                                                            1.9 M
 [1mpython3-pyyaml          [m x86_64  5.4.1-4.fc35               fedora                                                                            191 k

Transaction Summary
====================================================================================================================================================
Install  52 Packages

Total size: 77 M
Installed size: 442 M
Downloading Packages:
[SKIPPED] divine-4.4.2_4_gd47985e0b-14.fc35.x86_64.rpm: Already downloaded     
[SKIPPED] groff-base-1.22.4-8.fc35.x86_64.rpm: Already downloaded              
[SKIPPED] libedit-3.1-40.20210910cvs.fc35.x86_64.rpm: Already downloaded       
[SKIPPED] libyaml-0.2.5-6.fc35.x86_64.rpm: Already downloaded                  
[SKIPPED] ncurses-6.2-8.20210508.fc35.x86_64.rpm: Already downloaded           
[SKIPPED] perl-Carp-1.52-478.fc35.noarch.rpm: Already downloaded               
[SKIPPED] perl-Exporter-5.76-479.fc35.noarch.rpm: Already downloaded           
[SKIPPED] perl-File-Path-2.18-478.fc35.noarch.rpm: Already downloaded          
[SKIPPED] perl-File-Temp-0.231.100-478.fc35.noarch.rpm: Already downloaded     
[SKIPPED] perl-Getopt-Long-2.52-478.fc35.noarch.rpm: Already downloaded        
[SKIPPED] perl-MIME-Base64-3.16-478.fc35.x86_64.rpm: Already downloaded        
[SKIPPED] perl-PathTools-3.80-478.fc35.x86_64.rpm: Already downloaded          
[SKIPPED] perl-Pod-Escapes-1.07-478.fc35.noarch.rpm: Already downloaded        
[SKIPPED] perl-Pod-Perldoc-3.28.01-479.fc35.noarch.rpm: Already downloaded     
[SKIPPED] perl-Pod-Simple-3.43-2.fc35.noarch.rpm: Already downloaded           
[SKIPPED] perl-Pod-Usage-2.01-478.fc35.noarch.rpm: Already downloaded          
[SKIPPED] perl-Socket-2.032-2.fc35.x86_64.rpm: Already downloaded              
[SKIPPED] perl-Storable-3.25-1.fc35.x86_64.rpm: Already downloaded             
[SKIPPED] perl-Term-ANSIColor-5.01-479.fc35.noarch.rpm: Already downloaded     
[SKIPPED] perl-Term-Cap-1.17-478.fc35.noarch.rpm: Already downloaded           
[SKIPPED] perl-Text-ParseWords-3.30-478.fc35.noarch.rpm: Already downloaded    
[SKIPPED] perl-Text-Tabs+Wrap-2021.0814-1.fc35.noarch.rpm: Already downloaded  
[SKIPPED] perl-Time-Local-1.300-478.fc35.noarch.rpm: Already downloaded        
[SKIPPED] perl-constant-1.33-479.fc35.noarch.rpm: Already downloaded           
[SKIPPED] perl-parent-0.238-478.fc35.noarch.rpm: Already downloaded            
[SKIPPED] perl-podlators-4.14-478.fc35.noarch.rpm: Already downloaded          
[SKIPPED] python3-pygments-2.9.0-2.fc35.noarch.rpm: Already downloaded         
[SKIPPED] python3-pyyaml-5.4.1-4.fc35.x86_64.rpm: Already downloaded           
[SKIPPED] csexec-2.2.2-1.fc35.x86_64.rpm: Already downloaded                   
[SKIPPED] perl-Class-Struct-0.66-486.fc35.noarch.rpm: Already downloaded       
[SKIPPED] perl-DynaLoader-1.50-486.fc35.x86_64.rpm: Already downloaded         
[SKIPPED] perl-Encode-3.15-482.fc35.x86_64.rpm: Already downloaded             
[SKIPPED] perl-Errno-1.33-486.fc35.x86_64.rpm: Already downloaded              
[SKIPPED] perl-Fcntl-1.14-486.fc35.x86_64.rpm: Already downloaded              
[SKIPPED] perl-File-Basename-2.85-486.fc35.noarch.rpm: Already downloaded      
[SKIPPED] perl-File-stat-1.09-486.fc35.noarch.rpm: Already downloaded          
[SKIPPED] perl-Getopt-Std-1.13-486.fc35.noarch.rpm: Already downloaded         
[SKIPPED] perl-HTTP-Tiny-0.080-1.fc35.noarch.rpm: Already downloaded           
[SKIPPED] perl-IO-1.46-486.fc35.x86_64.rpm: Already downloaded                 
[SKIPPED] perl-IPC-Open3-1.21-486.fc35.noarch.rpm: Already downloaded          
[SKIPPED] perl-POSIX-1.97-486.fc35.x86_64.rpm: Already downloaded              
[SKIPPED] perl-Scalar-List-Utils-1.62-463.fc35.x86_64.rpm: Already downloaded  
[SKIPPED] perl-SelectSaver-1.02-486.fc35.noarch.rpm: Already downloaded        
[SKIPPED] perl-Symbol-1.09-486.fc35.noarch.rpm: Already downloaded             
[SKIPPED] perl-if-0.60.900-486.fc35.noarch.rpm: Already downloaded             
[SKIPPED] perl-interpreter-5.34.1-486.fc35.x86_64.rpm: Already downloaded      
[SKIPPED] perl-libs-5.34.1-486.fc35.x86_64.rpm: Already downloaded             
[SKIPPED] perl-mro-1.25-486.fc35.x86_64.rpm: Already downloaded                
[SKIPPED] perl-overload-1.33-486.fc35.noarch.rpm: Already downloaded           
[SKIPPED] perl-overloading-0.02-486.fc35.noarch.rpm: Already downloaded        
[SKIPPED] perl-subs-1.04-486.fc35.noarch.rpm: Already downloaded               
[SKIPPED] perl-vars-1.05-486.fc35.noarch.rpm: Already downloaded               
Running transaction check
Transaction check succeeded.
Running transaction test
Transaction test succeeded.
Running transaction
  Preparing        :  [                                                   ] 1/1  Preparing        :  [=                                                  ] 1/1  Preparing        :  [==                                                 ] 1/1  Preparing        :  [===                                                ] 1/1  Preparing        :  [====                                               ] 1/1  Preparing        :  [=====                                              ] 1/1  Preparing        :  [======                                             ] 1/1  Preparing        :  [=======                                            ] 1/1  Preparing        :  [========                                           ] 1/1  Preparing        :  [=========                                          ] 1/1  Preparing        :  [==========                                         ] 1/1  Preparing        :  [===========                                        ] 1/1  Preparing        :  [============                                       ] 1/1  Preparing        :  [=============                                      ] 1/1  Preparing        :  [==============                                     ] 1/1  Preparing        :  [===============                                    ] 1/1  Preparing        :  [================                                   ] 1/1  Preparing        :  [=================                                  ] 1/1  Preparing        :  [==================                                 ] 1/1  Preparing        :  [===================                                ] 1/1  Preparing        :  [====================                               ] 1/1  Preparing        :  [=====================                              ] 1/1  Preparing        :  [======================                             ] 1/1  Preparing        :  [=======================                            ] 1/1  Preparing        :  [========================                           ] 1/1  Preparing        :  [=========================                          ] 1/1  Preparing        :  [==========================                         ] 1/1  Preparing        :  [===========================                        ] 1/1  Preparing        :  [============================                       ] 1/1  Preparing        :  [=============================                      ] 1/1  Preparing        :  [==============================                     ] 1/1  Preparing        :  [===============================                    ] 1/1  Preparing        :  [================================                   ] 1/1  Preparing        :  [=================================                  ] 1/1  Preparing        :  [==================================                 ] 1/1  Preparing        :  [===================================                ] 1/1  Preparing        :  [====================================               ] 1/1  Preparing        :  [=====================================              ] 1/1  Preparing        :  [======================================             ] 1/1  Preparing        :  [=======================================            ] 1/1  Preparing        :  [========================================           ] 1/1  Preparing        :  [=========================================          ] 1/1  Preparing        :  [==========================================         ] 1/1  Preparing        :  [===========================================        ] 1/1  Preparing        :  [============================================       ] 1/1  Preparing        :  [=============================================      ] 1/1  Preparing        :  [==============================================     ] 1/1  Preparing        :  [===============================================    ] 1/1  Preparing        :  [================================================   ] 1/1  Preparing        :  [=================================================  ] 1/1  Preparing        :                                                        1/1 
  Installing       : python3-pygments-2.9.0-2 [                         ]  1/52  Installing       : python3-pygments-2.9.0-2 [=                        ]  1/52  Installing       : python3-pygments-2.9.0-2 [==                       ]  1/52  Installing       : python3-pygments-2.9.0-2 [===                      ]  1/52  Installing       : python3-pygments-2.9.0-2 [====                     ]  1/52  Installing       : python3-pygments-2.9.0-2 [=====                    ]  1/52  Installing       : python3-pygments-2.9.0-2 [======                   ]  1/52  Installing       : python3-pygments-2.9.0-2 [=======                  ]  1/52  Installing       : python3-pygments-2.9.0-2 [========                 ]  1/52  Installing       : python3-pygments-2.9.0-2 [=========                ]  1/52  Installing       : python3-pygments-2.9.0-2 [==========               ]  1/52  Installing       : python3-pygments-2.9.0-2 [===========              ]  1/52  Installing       : python3-pygments-2.9.0-2 [============             ]  1/52  Installing       : python3-pygments-2.9.0-2 [=============            ]  1/52  Installing       : python3-pygments-2.9.0-2 [==============           ]  1/52  Installing       : python3-pygments-2.9.0-2 [===============          ]  1/52  Installing       : python3-pygments-2.9.0-2 [================         ]  1/52  Installing       : python3-pygments-2.9.0-2 [=================        ]  1/52  Installing       : python3-pygments-2.9.0-2 [==================       ]  1/52  Installing       : python3-pygments-2.9.0-2 [===================      ]  1/52  Installing       : python3-pygments-2.9.0-2 [====================     ]  1/52  Installing       : python3-pygments-2.9.0-2 [=====================    ]  1/52  Installing       : python3-pygments-2.9.0-2 [======================   ]  1/52  Installing       : python3-pygments-2.9.0-2 [=======================  ]  1/52  Installing       : python3-pygments-2.9.0-2 [======================== ]  1/52  Installing       : python3-pygments-2.9.0-2.fc35.noarch                  1/52 
  Installing       : ncurses-6.2-8.20210508.f [                         ]  2/52  Installing       : ncurses-6.2-8.20210508.f [=                        ]  2/52  Installing       : ncurses-6.2-8.20210508.f [===                      ]  2/52  Installing       : ncurses-6.2-8.20210508.f [====                     ]  2/52  Installing       : ncurses-6.2-8.20210508.f [=====                    ]  2/52  Installing       : ncurses-6.2-8.20210508.f [======                   ]  2/52  Installing       : ncurses-6.2-8.20210508.f [=======                  ]  2/52  Installing       : ncurses-6.2-8.20210508.f [========                 ]  2/52  Installing       : ncurses-6.2-8.20210508.f [=========                ]  2/52  Installing       : ncurses-6.2-8.20210508.f [==========               ]  2/52  Installing       : ncurses-6.2-8.20210508.f [============             ]  2/52  Installing       : ncurses-6.2-8.20210508.f [=============            ]  2/52  Installing       : ncurses-6.2-8.20210508.f [===============          ]  2/52  Installing       : ncurses-6.2-8.20210508.f [================         ]  2/52  Installing       : ncurses-6.2-8.20210508.f [=================        ]  2/52  Installing       : ncurses-6.2-8.20210508.f [===================      ]  2/52  Installing       : ncurses-6.2-8.20210508.f [====================     ]  2/52  Installing       : ncurses-6.2-8.20210508.f [=====================    ]  2/52  Installing       : ncurses-6.2-8.20210508.f [======================   ]  2/52  Installing       : ncurses-6.2-8.20210508.f [=======================  ]  2/52  Installing       : ncurses-6.2-8.20210508.f [======================== ]  2/52  Installing       : ncurses-6.2-8.20210508.fc35.x86_64                    2/52 
  Installing       : libyaml-0.2.5-6.fc35.x86 [                         ]  3/52  Installing       : libyaml-0.2.5-6.fc35.x86 [======                   ]  3/52  Installing       : libyaml-0.2.5-6.fc35.x86 [===========              ]  3/52  Installing       : libyaml-0.2.5-6.fc35.x86 [=================        ]  3/52  Installing       : libyaml-0.2.5-6.fc35.x86 [=======================  ]  3/52  Installing       : libyaml-0.2.5-6.fc35.x86 [======================== ]  3/52  Installing       : libyaml-0.2.5-6.fc35.x86_64                           3/52 
  Installing       : python3-pyyaml-5.4.1-4.f [                         ]  4/52  Installing       : python3-pyyaml-5.4.1-4.f [=                        ]  4/52  Installing       : python3-pyyaml-5.4.1-4.f [==                       ]  4/52  Installing       : python3-pyyaml-5.4.1-4.f [===                      ]  4/52  Installing       : python3-pyyaml-5.4.1-4.f [====                     ]  4/52  Installing       : python3-pyyaml-5.4.1-4.f [=====                    ]  4/52  Installing       : python3-pyyaml-5.4.1-4.f [======                   ]  4/52  Installing       : python3-pyyaml-5.4.1-4.f [========                 ]  4/52  Installing       : python3-pyyaml-5.4.1-4.f [=========                ]  4/52  Installing       : python3-pyyaml-5.4.1-4.f [==========               ]  4/52  Installing       : python3-pyyaml-5.4.1-4.f [===========              ]  4/52  Installing       : python3-pyyaml-5.4.1-4.f [============             ]  4/52  Installing       : python3-pyyaml-5.4.1-4.f [=============            ]  4/52  Installing       : python3-pyyaml-5.4.1-4.f [==============           ]  4/52  Installing       : python3-pyyaml-5.4.1-4.f [===============          ]  4/52  Installing       : python3-pyyaml-5.4.1-4.f [================         ]  4/52  Installing       : python3-pyyaml-5.4.1-4.f [=================        ]  4/52  Installing       : python3-pyyaml-5.4.1-4.f [==================       ]  4/52  Installing       : python3-pyyaml-5.4.1-4.f [===================      ]  4/52  Installing       : python3-pyyaml-5.4.1-4.f [====================     ]  4/52  Installing       : python3-pyyaml-5.4.1-4.f [=====================    ]  4/52  Installing       : python3-pyyaml-5.4.1-4.f [======================   ]  4/52  Installing       : python3-pyyaml-5.4.1-4.f [=======================  ]  4/52  Installing       : python3-pyyaml-5.4.1-4.f [======================== ]  4/52  Installing       : python3-pyyaml-5.4.1-4.fc35.x86_64                    4/52 
  Installing       : libedit-3.1-40.20210910c [                         ]  5/52  Installing       : libedit-3.1-40.20210910c [===                      ]  5/52  Installing       : libedit-3.1-40.20210910c [======                   ]  5/52  Installing       : libedit-3.1-40.20210910c [=========                ]  5/52  Installing       : libedit-3.1-40.20210910c [============             ]  5/52  Installing       : libedit-3.1-40.20210910c [================         ]  5/52  Installing       : libedit-3.1-40.20210910c [===================      ]  5/52  Installing       : libedit-3.1-40.20210910c [======================   ]  5/52  Installing       : libedit-3.1-40.20210910c [=======================  ]  5/52  Installing       : libedit-3.1-40.20210910c [======================== ]  5/52  Installing       : libedit-3.1-40.20210910cvs.fc35.x86_64                5/52 
  Running scriptlet: groff-base-1.22.4-8.fc35.x86_64                       6/52 
  Installing       : groff-base-1.22.4-8.fc35 [                         ]  6/52  Installing       : groff-base-1.22.4-8.fc35 [=                        ]  6/52  Installing       : groff-base-1.22.4-8.fc35 [==                       ]  6/52  Installing       : groff-base-1.22.4-8.fc35 [===                      ]  6/52  Installing       : groff-base-1.22.4-8.fc35 [====                     ]  6/52  Installing       : groff-base-1.22.4-8.fc35 [=====                    ]  6/52  Installing       : groff-base-1.22.4-8.fc35 [======                   ]  6/52  Installing       : groff-base-1.22.4-8.fc35 [=======                  ]  6/52  Installing       : groff-base-1.22.4-8.fc35 [========                 ]  6/52  Installing       : groff-base-1.22.4-8.fc35 [=========                ]  6/52  Installing       : groff-base-1.22.4-8.fc35 [==========               ]  6/52  Installing       : groff-base-1.22.4-8.fc35 [===========              ]  6/52  Installing       : groff-base-1.22.4-8.fc35 [============             ]  6/52  Installing       : groff-base-1.22.4-8.fc35 [=============            ]  6/52  Installing       : groff-base-1.22.4-8.fc35 [==============           ]  6/52  Installing       : groff-base-1.22.4-8.fc35 [===============          ]  6/52  Installing       : groff-base-1.22.4-8.fc35 [================         ]  6/52  Installing       : groff-base-1.22.4-8.fc35 [=================        ]  6/52  Installing       : groff-base-1.22.4-8.fc35 [==================       ]  6/52  Installing       : groff-base-1.22.4-8.fc35 [===================      ]  6/52  Installing       : groff-base-1.22.4-8.fc35 [====================     ]  6/52  Installing       : groff-base-1.22.4-8.fc35 [=====================    ]  6/52  Installing       : groff-base-1.22.4-8.fc35 [======================   ]  6/52  Installing       : groff-base-1.22.4-8.fc35 [=======================  ]  6/52  Installing       : groff-base-1.22.4-8.fc35 [======================== ]  6/52  Installing       : groff-base-1.22.4-8.fc35.x86_64                       6/52 
  Running scriptlet: groff-base-1.22.4-8.fc35.x86_64                       6/52 
  Installing       : perl-Text-Tabs+Wrap-2021 [                         ]  7/52  Installing       : perl-Text-Tabs+Wrap-2021 [=====                    ]  7/52  Installing       : perl-Text-Tabs+Wrap-2021 [======                   ]  7/52  Installing       : perl-Text-Tabs+Wrap-2021 [========                 ]  7/52  Installing       : perl-Text-Tabs+Wrap-2021 [============             ]  7/52  Installing       : perl-Text-Tabs+Wrap-2021 [================         ]  7/52  Installing       : perl-Text-Tabs+Wrap-2021 [======================== ]  7/52  Installing       : perl-Text-Tabs+Wrap-2021.0814-1.fc35.noarch           7/52 
  Installing       : perl-Time-Local-2:1.300- [                         ]  8/52  Installing       : perl-Time-Local-2:1.300- [=                        ]  8/52  Installing       : perl-Time-Local-2:1.300- [==                       ]  8/52  Installing       : perl-Time-Local-2:1.300- [======                   ]  8/52  Installing       : perl-Time-Local-2:1.300- [==========               ]  8/52  Installing       : perl-Time-Local-2:1.300- [================         ]  8/52  Installing       : perl-Time-Local-2:1.300- [==================       ]  8/52  Installing       : perl-Time-Local-2:1.300- [======================== ]  8/52  Installing       : perl-Time-Local-2:1.300-478.fc35.noarch               8/52 
  Installing       : perl-if-0.60.900-486.fc3 [                         ]  9/52  Installing       : perl-if-0.60.900-486.fc3 [===========              ]  9/52  Installing       : perl-if-0.60.900-486.fc3 [======================== ]  9/52  Installing       : perl-if-0.60.900-486.fc35.noarch                      9/52 
  Installing       : perl-File-Path-2.18-478. [                         ] 10/52  Installing       : perl-File-Path-2.18-478. [====                     ] 10/52  Installing       : perl-File-Path-2.18-478. [========                 ] 10/52  Installing       : perl-File-Path-2.18-478. [=====================    ] 10/52  Installing       : perl-File-Path-2.18-478. [======================== ] 10/52  Installing       : perl-File-Path-2.18-478.fc35.noarch                  10/52 
  Installing       : perl-Pod-Escapes-1:1.07- [                         ] 11/52  Installing       : perl-Pod-Escapes-1:1.07- [==                       ] 11/52  Installing       : perl-Pod-Escapes-1:1.07- [====                     ] 11/52  Installing       : perl-Pod-Escapes-1:1.07- [=======                  ] 11/52  Installing       : perl-Pod-Escapes-1:1.07- [========                 ] 11/52  Installing       : perl-Pod-Escapes-1:1.07- [======================== ] 11/52  Installing       : perl-Pod-Escapes-1:1.07-478.fc35.noarch              11/52 
  Installing       : perl-Term-ANSIColor-5.01 [                         ] 12/52  Installing       : perl-Term-ANSIColor-5.01 [===                      ] 12/52  Installing       : perl-Term-ANSIColor-5.01 [====                     ] 12/52  Installing       : perl-Term-ANSIColor-5.01 [=====                    ] 12/52  Installing       : perl-Term-ANSIColor-5.01 [=======                  ] 12/52  Installing       : perl-Term-ANSIColor-5.01 [===========              ] 12/52  Installing       : perl-Term-ANSIColor-5.01 [===================      ] 12/52  Installing       : perl-Term-ANSIColor-5.01 [======================== ] 12/52  Installing       : perl-Term-ANSIColor-5.01-479.fc35.noarch             12/52 
  Installing       : perl-Class-Struct-0.66-4 [                         ] 13/52  Installing       : perl-Class-Struct-0.66-4 [======                   ] 13/52  Installing       : perl-Class-Struct-0.66-4 [======================== ] 13/52  Installing       : perl-Class-Struct-0.66-486.fc35.noarch               13/52 
  Installing       : perl-POSIX-1.97-486.fc35 [                         ] 14/52  Installing       : perl-POSIX-1.97-486.fc35 [==                       ] 14/52  Installing       : perl-POSIX-1.97-486.fc35 [=====                    ] 14/52  Installing       : perl-POSIX-1.97-486.fc35 [========                 ] 14/52  Installing       : perl-POSIX-1.97-486.fc35 [==========               ] 14/52  Installing       : perl-POSIX-1.97-486.fc35 [==============           ] 14/52  Installing       : perl-POSIX-1.97-486.fc35 [=================        ] 14/52  Installing       : perl-POSIX-1.97-486.fc35 [====================     ] 14/52  Installing       : perl-POSIX-1.97-486.fc35 [======================   ] 14/52  Installing       : perl-POSIX-1.97-486.fc35 [======================== ] 14/52  Installing       : perl-POSIX-1.97-486.fc35.x86_64                      14/52 
  Installing       : perl-HTTP-Tiny-0.080-1.f [                         ] 15/52  Installing       : perl-HTTP-Tiny-0.080-1.f [===                      ] 15/52  Installing       : perl-HTTP-Tiny-0.080-1.f [=======                  ] 15/52  Installing       : perl-HTTP-Tiny-0.080-1.f [==========               ] 15/52  Installing       : perl-HTTP-Tiny-0.080-1.f [============             ] 15/52  Installing       : perl-HTTP-Tiny-0.080-1.f [=================        ] 15/52  Installing       : perl-HTTP-Tiny-0.080-1.f [======================   ] 15/52  Installing       : perl-HTTP-Tiny-0.080-1.f [======================== ] 15/52  Installing       : perl-HTTP-Tiny-0.080-1.fc35.noarch                   15/52 
  Installing       : perl-IPC-Open3-1.21-486. [                         ] 16/52  Installing       : perl-IPC-Open3-1.21-486. [===                      ] 16/52  Installing       : perl-IPC-Open3-1.21-486. [=======                  ] 16/52  Installing       : perl-IPC-Open3-1.21-486. [===========              ] 16/52  Installing       : perl-IPC-Open3-1.21-486. [======================== ] 16/52  Installing       : perl-IPC-Open3-1.21-486.fc35.noarch                  16/52 
  Installing       : perl-subs-1.04-486.fc35. [                         ] 17/52  Installing       : perl-subs-1.04-486.fc35. [================         ] 17/52  Installing       : perl-subs-1.04-486.fc35. [======================== ] 17/52  Installing       : perl-subs-1.04-486.fc35.noarch                       17/52 
  Installing       : perl-File-Temp-1:0.231.1 [                         ] 18/52  Installing       : perl-File-Temp-1:0.231.1 [==                       ] 18/52  Installing       : perl-File-Temp-1:0.231.1 [=====                    ] 18/52  Installing       : perl-File-Temp-1:0.231.1 [=======                  ] 18/52  Installing       : perl-File-Temp-1:0.231.1 [============             ] 18/52  Installing       : perl-File-Temp-1:0.231.1 [=================        ] 18/52  Installing       : perl-File-Temp-1:0.231.1 [=====================    ] 18/52  Installing       : perl-File-Temp-1:0.231.1 [======================== ] 18/52  Installing       : perl-File-Temp-1:0.231.100-478.fc35.noarch           18/52 
  Installing       : perl-Pod-Simple-1:3.43-2 [                         ] 19/52  Installing       : perl-Pod-Simple-1:3.43-2 [=                        ] 19/52  Installing       : perl-Pod-Simple-1:3.43-2 [==                       ] 19/52  Installing       : perl-Pod-Simple-1:3.43-2 [===                      ] 19/52  Installing       : perl-Pod-Simple-1:3.43-2 [====                     ] 19/52  Installing       : perl-Pod-Simple-1:3.43-2 [=====                    ] 19/52  Installing       : perl-Pod-Simple-1:3.43-2 [======                   ] 19/52  Installing       : perl-Pod-Simple-1:3.43-2 [=======                  ] 19/52  Installing       : perl-Pod-Simple-1:3.43-2 [========                 ] 19/52  Installing       : perl-Pod-Simple-1:3.43-2 [=========                ] 19/52  Installing       : perl-Pod-Simple-1:3.43-2 [===========              ] 19/52  Installing       : perl-Pod-Simple-1:3.43-2 [============             ] 19/52  Installing       : perl-Pod-Simple-1:3.43-2 [==============           ] 19/52  Installing       : perl-Pod-Simple-1:3.43-2 [===============          ] 19/52  Installing       : perl-Pod-Simple-1:3.43-2 [================         ] 19/52  Installing       : perl-Pod-Simple-1:3.43-2 [=================        ] 19/52  Installing       : perl-Pod-Simple-1:3.43-2 [==================       ] 19/52  Installing       : perl-Pod-Simple-1:3.43-2 [===================      ] 19/52  Installing       : perl-Pod-Simple-1:3.43-2 [=====================    ] 19/52  Installing       : perl-Pod-Simple-1:3.43-2 [======================   ] 19/52  Installing       : perl-Pod-Simple-1:3.43-2 [=======================  ] 19/52  Installing       : perl-Pod-Simple-1:3.43-2 [======================== ] 19/52  Installing       : perl-Pod-Simple-1:3.43-2.fc35.noarch                 19/52 
  Installing       : perl-Term-Cap-1.17-478.f [                         ] 20/52  Installing       : perl-Term-Cap-1.17-478.f [==                       ] 20/52  Installing       : perl-Term-Cap-1.17-478.f [===                      ] 20/52  Installing       : perl-Term-Cap-1.17-478.f [=====                    ] 20/52  Installing       : perl-Term-Cap-1.17-478.f [========                 ] 20/52  Installing       : perl-Term-Cap-1.17-478.f [======================== ] 20/52  Installing       : perl-Term-Cap-1.17-478.fc35.noarch                   20/52 
  Installing       : perl-Socket-4:2.032-2.fc [                         ] 21/52  Installing       : perl-Socket-4:2.032-2.fc [======                   ] 21/52  Installing       : perl-Socket-4:2.032-2.fc [=======                  ] 21/52  Installing       : perl-Socket-4:2.032-2.fc [=============            ] 21/52  Installing       : perl-Socket-4:2.032-2.fc [=================        ] 21/52  Installing       : perl-Socket-4:2.032-2.fc [===================      ] 21/52  Installing       : perl-Socket-4:2.032-2.fc [====================     ] 21/52  Installing       : perl-Socket-4:2.032-2.fc [======================   ] 21/52  Installing       : perl-Socket-4:2.032-2.fc [=======================  ] 21/52  Installing       : perl-Socket-4:2.032-2.fc [======================== ] 21/52  Installing       : perl-Socket-4:2.032-2.fc35.x86_64                    21/52 
  Installing       : perl-SelectSaver-1.02-48 [                         ] 22/52  Installing       : perl-SelectSaver-1.02-48 [===============          ] 22/52  Installing       : perl-SelectSaver-1.02-48 [======================== ] 22/52  Installing       : perl-SelectSaver-1.02-486.fc35.noarch                22/52 
  Installing       : perl-Symbol-1.09-486.fc3 [                         ] 23/52  Installing       : perl-Symbol-1.09-486.fc3 [=========                ] 23/52  Installing       : perl-Symbol-1.09-486.fc3 [======================== ] 23/52  Installing       : perl-Symbol-1.09-486.fc35.noarch                     23/52 
  Installing       : perl-File-stat-1.09-486. [                         ] 24/52  Installing       : perl-File-stat-1.09-486. [======                   ] 24/52  Installing       : perl-File-stat-1.09-486. [======================== ] 24/52  Installing       : perl-File-stat-1.09-486.fc35.noarch                  24/52 
  Installing       : perl-podlators-1:4.14-47 [                         ] 25/52  Installing       : perl-podlators-1:4.14-47 [=                        ] 25/52  Installing       : perl-podlators-1:4.14-47 [==                       ] 25/52  Installing       : perl-podlators-1:4.14-47 [=====                    ] 25/52  Installing       : perl-podlators-1:4.14-47 [======                   ] 25/52  Installing       : perl-podlators-1:4.14-47 [=======                  ] 25/52  Installing       : perl-podlators-1:4.14-47 [========                 ] 25/52  Installing       : perl-podlators-1:4.14-47 [=========                ] 25/52  Installing       : perl-podlators-1:4.14-47 [==========               ] 25/52  Installing       : perl-podlators-1:4.14-47 [===========              ] 25/52  Installing       : perl-podlators-1:4.14-47 [============             ] 25/52  Installing       : perl-podlators-1:4.14-47 [===============          ] 25/52  Installing       : perl-podlators-1:4.14-47 [==================       ] 25/52  Installing       : perl-podlators-1:4.14-47 [===================      ] 25/52  Installing       : perl-podlators-1:4.14-47 [====================     ] 25/52  Installing       : perl-podlators-1:4.14-47 [======================   ] 25/52  Installing       : perl-podlators-1:4.14-47 [=======================  ] 25/52  Installing       : perl-podlators-1:4.14-47 [======================== ] 25/52  Installing       : perl-podlators-1:4.14-478.fc35.noarch                25/52 
  Installing       : perl-Pod-Perldoc-3.28.01 [                         ] 26/52  Installing       : perl-Pod-Perldoc-3.28.01 [==                       ] 26/52  Installing       : perl-Pod-Perldoc-3.28.01 [===                      ] 26/52  Installing       : perl-Pod-Perldoc-3.28.01 [====                     ] 26/52  Installing       : perl-Pod-Perldoc-3.28.01 [=====                    ] 26/52  Installing       : perl-Pod-Perldoc-3.28.01 [======                   ] 26/52  Installing       : perl-Pod-Perldoc-3.28.01 [=======                  ] 26/52  Installing       : perl-Pod-Perldoc-3.28.01 [============             ] 26/52  Installing       : perl-Pod-Perldoc-3.28.01 [================         ] 26/52  Installing       : perl-Pod-Perldoc-3.28.01 [=================        ] 26/52  Installing       : perl-Pod-Perldoc-3.28.01 [==================       ] 26/52  Installing       : perl-Pod-Perldoc-3.28.01 [====================     ] 26/52  Installing       : perl-Pod-Perldoc-3.28.01 [=====================    ] 26/52  Installing       : perl-Pod-Perldoc-3.28.01 [======================   ] 26/52  Installing       : perl-Pod-Perldoc-3.28.01 [=======================  ] 26/52  Installing       : perl-Pod-Perldoc-3.28.01 [======================== ] 26/52  Installing       : perl-Pod-Perldoc-3.28.01-479.fc35.noarch             26/52 
  Installing       : perl-Text-ParseWords-3.3 [                         ] 27/52  Installing       : perl-Text-ParseWords-3.3 [=                        ] 27/52  Installing       : perl-Text-ParseWords-3.3 [====                     ] 27/52  Installing       : perl-Text-ParseWords-3.3 [=========                ] 27/52  Installing       : perl-Text-ParseWords-3.3 [==========               ] 27/52  Installing       : perl-Text-ParseWords-3.3 [======================== ] 27/52  Installing       : perl-Text-ParseWords-3.30-478.fc35.noarch            27/52 
  Installing       : perl-Fcntl-1.14-486.fc35 [                         ] 28/52  Installing       : perl-Fcntl-1.14-486.fc35 [===                      ] 28/52  Installing       : perl-Fcntl-1.14-486.fc35 [======================   ] 28/52  Installing       : perl-Fcntl-1.14-486.fc35 [======================== ] 28/52  Installing       : perl-Fcntl-1.14-486.fc35.x86_64                      28/52 
  Installing       : perl-mro-1.25-486.fc35.x [                         ] 29/52  Installing       : perl-mro-1.25-486.fc35.x [================         ] 29/52  Installing       : perl-mro-1.25-486.fc35.x [=====================    ] 29/52  Installing       : perl-mro-1.25-486.fc35.x [======================== ] 29/52  Installing       : perl-mro-1.25-486.fc35.x86_64                        29/52 
  Installing       : perl-IO-1.46-486.fc35.x8 [                         ] 30/52  Installing       : perl-IO-1.46-486.fc35.x8 [=                        ] 30/52  Installing       : perl-IO-1.46-486.fc35.x8 [====                     ] 30/52  Installing       : perl-IO-1.46-486.fc35.x8 [=====                    ] 30/52  Installing       : perl-IO-1.46-486.fc35.x8 [======                   ] 30/52  Installing       : perl-IO-1.46-486.fc35.x8 [=======                  ] 30/52  Installing       : perl-IO-1.46-486.fc35.x8 [===========              ] 30/52  Installing       : perl-IO-1.46-486.fc35.x8 [=============            ] 30/52  Installing       : perl-IO-1.46-486.fc35.x8 [==============           ] 30/52  Installing       : perl-IO-1.46-486.fc35.x8 [==================       ] 30/52  Installing       : perl-IO-1.46-486.fc35.x8 [===================      ] 30/52  Installing       : perl-IO-1.46-486.fc35.x8 [====================     ] 30/52  Installing       : perl-IO-1.46-486.fc35.x8 [=====================    ] 30/52  Installing       : perl-IO-1.46-486.fc35.x8 [======================   ] 30/52  Installing       : perl-IO-1.46-486.fc35.x8 [=======================  ] 30/52  Installing       : perl-IO-1.46-486.fc35.x8 [======================== ] 30/52  Installing       : perl-IO-1.46-486.fc35.x86_64                         30/52 
  Installing       : perl-overloading-0.02-48 [                         ] 31/52  Installing       : perl-overloading-0.02-48 [========                 ] 31/52  Installing       : perl-overloading-0.02-48 [=========                ] 31/52  Installing       : perl-overloading-0.02-48 [=================        ] 31/52  Installing       : perl-overloading-0.02-48 [======================== ] 31/52  Installing       : perl-overloading-0.02-486.fc35.noarch                31/52 
  Installing       : perl-Pod-Usage-4:2.01-47 [                         ] 32/52  Installing       : perl-Pod-Usage-4:2.01-47 [=                        ] 32/52  Installing       : perl-Pod-Usage-4:2.01-47 [==                       ] 32/52  Installing       : perl-Pod-Usage-4:2.01-47 [========                 ] 32/52  Installing       : perl-Pod-Usage-4:2.01-47 [=============            ] 32/52  Installing       : perl-Pod-Usage-4:2.01-47 [==============           ] 32/52  Installing       : perl-Pod-Usage-4:2.01-47 [================         ] 32/52  Installing       : perl-Pod-Usage-4:2.01-47 [======================== ] 32/52  Installing       : perl-Pod-Usage-4:2.01-478.fc35.noarch                32/52 
  Installing       : perl-MIME-Base64-3.16-47 [                         ] 33/52  Installing       : perl-MIME-Base64-3.16-47 [===                      ] 33/52  Installing       : perl-MIME-Base64-3.16-47 [====                     ] 33/52  Installing       : perl-MIME-Base64-3.16-47 [=====                    ] 33/52  Installing       : perl-MIME-Base64-3.16-47 [==============           ] 33/52  Installing       : perl-MIME-Base64-3.16-47 [===================      ] 33/52  Installing       : perl-MIME-Base64-3.16-47 [=====================    ] 33/52  Installing       : perl-MIME-Base64-3.16-47 [=======================  ] 33/52  Installing       : perl-MIME-Base64-3.16-47 [======================== ] 33/52  Installing       : perl-MIME-Base64-3.16-478.fc35.x86_64                33/52 
  Installing       : perl-constant-1.33-479.f [                         ] 34/52  Installing       : perl-constant-1.33-479.f [====                     ] 34/52  Installing       : perl-constant-1.33-479.f [======                   ] 34/52  Installing       : perl-constant-1.33-479.f [=======                  ] 34/52  Installing       : perl-constant-1.33-479.f [===========              ] 34/52  Installing       : perl-constant-1.33-479.f [======================== ] 34/52  Installing       : perl-constant-1.33-479.fc35.noarch                   34/52 
  Installing       : perl-parent-1:0.238-478. [                         ] 35/52  Installing       : perl-parent-1:0.238-478. [============             ] 35/52  Installing       : perl-parent-1:0.238-478. [=================        ] 35/52  Installing       : perl-parent-1:0.238-478. [======================== ] 35/52  Installing       : perl-parent-1:0.238-478.fc35.noarch                  35/52 
  Installing       : perl-Errno-1.33-486.fc35 [                         ] 36/52  Installing       : perl-Errno-1.33-486.fc35 [=================        ] 36/52  Installing       : perl-Errno-1.33-486.fc35 [======================== ] 36/52  Installing       : perl-Errno-1.33-486.fc35.x86_64                      36/52 
  Installing       : perl-File-Basename-2.85- [                         ] 37/52  Installing       : perl-File-Basename-2.85- [======                   ] 37/52  Installing       : perl-File-Basename-2.85- [======================== ] 37/52  Installing       : perl-File-Basename-2.85-486.fc35.noarch              37/52 
  Installing       : perl-Getopt-Std-1.13-486 [                         ] 38/52  Installing       : perl-Getopt-Std-1.13-486 [======                   ] 38/52  Installing       : perl-Getopt-Std-1.13-486 [=======                  ] 38/52  Installing       : perl-Getopt-Std-1.13-486 [======================== ] 38/52  Installing       : perl-Getopt-Std-1.13-486.fc35.noarch                 38/52 
  Installing       : perl-Scalar-List-Utils-5 [                         ] 39/52  Installing       : perl-Scalar-List-Utils-5 [====                     ] 39/52  Installing       : perl-Scalar-List-Utils-5 [======                   ] 39/52  Installing       : perl-Scalar-List-Utils-5 [=======                  ] 39/52  Installing       : perl-Scalar-List-Utils-5 [=============            ] 39/52  Installing       : perl-Scalar-List-Utils-5 [=================        ] 39/52  Installing       : perl-Scalar-List-Utils-5 [=====================    ] 39/52  Installing       : perl-Scalar-List-Utils-5 [=======================  ] 39/52  Installing       : perl-Scalar-List-Utils-5 [======================== ] 39/52  Installing       : perl-Scalar-List-Utils-5:1.62-463.fc35.x86_64        39/52 
  Installing       : perl-Storable-1:3.25-1.f [                         ] 40/52  Installing       : perl-Storable-1:3.25-1.f [===                      ] 40/52  Installing       : perl-Storable-1:3.25-1.f [=====                    ] 40/52  Installing       : perl-Storable-1:3.25-1.f [=========                ] 40/52  Installing       : perl-Storable-1:3.25-1.f [============             ] 40/52  Installing       : perl-Storable-1:3.25-1.f [================         ] 40/52  Installing       : perl-Storable-1:3.25-1.f [=================        ] 40/52  Installing       : perl-Storable-1:3.25-1.f [==================       ] 40/52  Installing       : perl-Storable-1:3.25-1.f [=====================    ] 40/52  Installing       : perl-Storable-1:3.25-1.f [======================   ] 40/52  Installing       : perl-Storable-1:3.25-1.f [=======================  ] 40/52  Installing       : perl-Storable-1:3.25-1.f [======================== ] 40/52  Installing       : perl-Storable-1:3.25-1.fc35.x86_64                   40/52 
  Installing       : perl-overload-1.33-486.f [                         ] 41/52  Installing       : perl-overload-1.33-486.f [======                   ] 41/52  Installing       : perl-overload-1.33-486.f [=================        ] 41/52  Installing       : perl-overload-1.33-486.f [======================== ] 41/52  Installing       : perl-overload-1.33-486.fc35.noarch                   41/52 
  Installing       : perl-vars-1.05-486.fc35. [                         ] 42/52  Installing       : perl-vars-1.05-486.fc35. [============             ] 42/52  Installing       : perl-vars-1.05-486.fc35. [======================== ] 42/52  Installing       : perl-vars-1.05-486.fc35.noarch                       42/52 
  Installing       : perl-Getopt-Long-1:2.52- [                         ] 43/52  Installing       : perl-Getopt-Long-1:2.52- [===                      ] 43/52  Installing       : perl-Getopt-Long-1:2.52- [====                     ] 43/52  Installing       : perl-Getopt-Long-1:2.52- [=====                    ] 43/52  Installing       : perl-Getopt-Long-1:2.52- [======                   ] 43/52  Installing       : perl-Getopt-Long-1:2.52- [=======                  ] 43/52  Installing       : perl-Getopt-Long-1:2.52- [=========                ] 43/52  Installing       : perl-Getopt-Long-1:2.52- [===============          ] 43/52  Installing       : perl-Getopt-Long-1:2.52- [=====================    ] 43/52  Installing       : perl-Getopt-Long-1:2.52- [======================== ] 43/52  Installing       : perl-Getopt-Long-1:2.52-478.fc35.noarch              43/52 
  Installing       : perl-Carp-1.52-478.fc35. [                         ] 44/52  Installing       : perl-Carp-1.52-478.fc35. [==                       ] 44/52  Installing       : perl-Carp-1.52-478.fc35. [===                      ] 44/52  Installing       : perl-Carp-1.52-478.fc35. [=====                    ] 44/52  Installing       : perl-Carp-1.52-478.fc35. [======                   ] 44/52  Installing       : perl-Carp-1.52-478.fc35. [======================   ] 44/52  Installing       : perl-Carp-1.52-478.fc35. [======================== ] 44/52  Installing       : perl-Carp-1.52-478.fc35.noarch                       44/52 
  Installing       : perl-Exporter-5.76-479.f [                         ] 45/52  Installing       : perl-Exporter-5.76-479.f [=                        ] 45/52  Installing       : perl-Exporter-5.76-479.f [=========                ] 45/52  Installing       : perl-Exporter-5.76-479.f [============             ] 45/52  Installing       : perl-Exporter-5.76-479.f [=============            ] 45/52  Installing       : perl-Exporter-5.76-479.f [=====================    ] 45/52  Installing       : perl-Exporter-5.76-479.f [======================== ] 45/52  Installing       : perl-Exporter-5.76-479.fc35.noarch                   45/52 
  Installing       : perl-DynaLoader-1.50-486 [                         ] 46/52  Installing       : perl-DynaLoader-1.50-486 [==================       ] 46/52  Installing       : perl-DynaLoader-1.50-486 [======================== ] 46/52  Installing       : perl-DynaLoader-1.50-486.fc35.x86_64                 46/52 
  Installing       : perl-PathTools-3.80-478. [                         ] 47/52  Installing       : perl-PathTools-3.80-478. [===                      ] 47/52  Installing       : perl-PathTools-3.80-478. [====                     ] 47/52  Installing       : perl-PathTools-3.80-478. [=====                    ] 47/52  Installing       : perl-PathTools-3.80-478. [========                 ] 47/52  Installing       : perl-PathTools-3.80-478. [=========                ] 47/52  Installing       : perl-PathTools-3.80-478. [===========              ] 47/52  Installing       : perl-PathTools-3.80-478. [=============            ] 47/52  Installing       : perl-PathTools-3.80-478. [===============          ] 47/52  Installing       : perl-PathTools-3.80-478. [====================     ] 47/52  Installing       : perl-PathTools-3.80-478. [=====================    ] 47/52  Installing       : perl-PathTools-3.80-478. [======================   ] 47/52  Installing       : perl-PathTools-3.80-478. [=======================  ] 47/52  Installing       : perl-PathTools-3.80-478. [======================== ] 47/52  Installing       : perl-PathTools-3.80-478.fc35.x86_64                  47/52 
  Installing       : perl-Encode-4:3.15-482.f [                         ] 48/52  Installing       : perl-Encode-4:3.15-482.f [=                        ] 48/52  Installing       : perl-Encode-4:3.15-482.f [==                       ] 48/52  Installing       : perl-Encode-4:3.15-482.f [===                      ] 48/52  Installing       : perl-Encode-4:3.15-482.f [====                     ] 48/52  Installing       : perl-Encode-4:3.15-482.f [=====                    ] 48/52  Installing       : perl-Encode-4:3.15-482.f [======                   ] 48/52  Installing       : perl-Encode-4:3.15-482.f [=======                  ] 48/52  Installing       : perl-Encode-4:3.15-482.f [========                 ] 48/52  Installing       : perl-Encode-4:3.15-482.f [=========                ] 48/52  Installing       : perl-Encode-4:3.15-482.f [==========               ] 48/52  Installing       : perl-Encode-4:3.15-482.f [===========              ] 48/52  Installing       : perl-Encode-4:3.15-482.f [============             ] 48/52  Installing       : perl-Encode-4:3.15-482.f [=============            ] 48/52  Installing       : perl-Encode-4:3.15-482.f [==============           ] 48/52  Installing       : perl-Encode-4:3.15-482.f [===============          ] 48/52  Installing       : perl-Encode-4:3.15-482.f [================         ] 48/52  Installing       : perl-Encode-4:3.15-482.f [=================        ] 48/52  Installing       : perl-Encode-4:3.15-482.f [==================       ] 48/52  Installing       : perl-Encode-4:3.15-482.f [===================      ] 48/52  Installing       : perl-Encode-4:3.15-482.f [====================     ] 48/52  Installing       : perl-Encode-4:3.15-482.f [=====================    ] 48/52  Installing       : perl-Encode-4:3.15-482.f [======================   ] 48/52  Installing       : perl-Encode-4:3.15-482.f [=======================  ] 48/52  Installing       : perl-Encode-4:3.15-482.f [======================== ] 48/52  Installing       : perl-Encode-4:3.15-482.fc35.x86_64                   48/52 
  Installing       : perl-libs-4:5.34.1-486.f [                         ] 49/52  Installing       : perl-libs-4:5.34.1-486.f [=                        ] 49/52  Installing       : perl-libs-4:5.34.1-486.f [==                       ] 49/52  Installing       : perl-libs-4:5.34.1-486.f [===                      ] 49/52  Installing       : perl-libs-4:5.34.1-486.f [====                     ] 49/52  Installing       : perl-libs-4:5.34.1-486.f [=====                    ] 49/52  Installing       : perl-libs-4:5.34.1-486.f [======                   ] 49/52  Installing       : perl-libs-4:5.34.1-486.f [=======                  ] 49/52  Installing       : perl-libs-4:5.34.1-486.f [========                 ] 49/52  Installing       : perl-libs-4:5.34.1-486.f [=========                ] 49/52  Installing       : perl-libs-4:5.34.1-486.f [==========               ] 49/52  Installing       : perl-libs-4:5.34.1-486.f [===========              ] 49/52  Installing       : perl-libs-4:5.34.1-486.f [============             ] 49/52  Installing       : perl-libs-4:5.34.1-486.f [=============            ] 49/52  Installing       : perl-libs-4:5.34.1-486.f [==============           ] 49/52  Installing       : perl-libs-4:5.34.1-486.f [===============          ] 49/52  Installing       : perl-libs-4:5.34.1-486.f [================         ] 49/52  Installing       : perl-libs-4:5.34.1-486.f [=================        ] 49/52  Installing       : perl-libs-4:5.34.1-486.f [==================       ] 49/52  Installing       : perl-libs-4:5.34.1-486.f [===================      ] 49/52  Installing       : perl-libs-4:5.34.1-486.f [====================     ] 49/52  Installing       : perl-libs-4:5.34.1-486.f [=====================    ] 49/52  Installing       : perl-libs-4:5.34.1-486.f [======================   ] 49/52  Installing       : perl-libs-4:5.34.1-486.f [=======================  ] 49/52  Installing       : perl-libs-4:5.34.1-486.f [======================== ] 49/52  Installing       : perl-libs-4:5.34.1-486.fc35.x86_64                   49/52 
  Installing       : perl-interpreter-4:5.34. [                         ] 50/52  Installing       : perl-interpreter-4:5.34. [=                        ] 50/52  Installing       : perl-interpreter-4:5.34. [======                   ] 50/52  Installing       : perl-interpreter-4:5.34. [==========               ] 50/52  Installing       : perl-interpreter-4:5.34. [================         ] 50/52  Installing       : perl-interpreter-4:5.34. [=====================    ] 50/52  Installing       : perl-interpreter-4:5.34. [======================== ] 50/52  Installing       : perl-interpreter-4:5.34.1-486.fc35.x86_64            50/52 
  Installing       : divine-4.4.2_4_gd47985e0 [                         ] 51/52  Installing       : divine-4.4.2_4_gd47985e0 [=                        ] 51/52  Installing       : divine-4.4.2_4_gd47985e0 [==                       ] 51/52  Installing       : divine-4.4.2_4_gd47985e0 [===                      ] 51/52  Installing       : divine-4.4.2_4_gd47985e0 [====                     ] 51/52  Installing       : divine-4.4.2_4_gd47985e0 [=====                    ] 51/52  Installing       : divine-4.4.2_4_gd47985e0 [======                   ] 51/52  Installing       : divine-4.4.2_4_gd47985e0 [=======                  ] 51/52  Installing       : divine-4.4.2_4_gd47985e0 [========                 ] 51/52  Installing       : divine-4.4.2_4_gd47985e0 [=========                ] 51/52  Installing       : divine-4.4.2_4_gd47985e0 [==========               ] 51/52  Installing       : divine-4.4.2_4_gd47985e0 [===========              ] 51/52  Installing       : divine-4.4.2_4_gd47985e0 [============             ] 51/52  Installing       : divine-4.4.2_4_gd47985e0 [=============            ] 51/52  Installing       : divine-4.4.2_4_gd47985e0 [==============           ] 51/52  Installing       : divine-4.4.2_4_gd47985e0 [===============          ] 51/52  Installing       : divine-4.4.2_4_gd47985e0 [================         ] 51/52  Installing       : divine-4.4.2_4_gd47985e0 [=================        ] 51/52  Installing       : divine-4.4.2_4_gd47985e0 [==================       ] 51/52  Installing       : divine-4.4.2_4_gd47985e0 [===================      ] 51/52  Installing       : divine-4.4.2_4_gd47985e0 [====================     ] 51/52  Installing       : divine-4.4.2_4_gd47985e0 [=====================    ] 51/52  Installing       : divine-4.4.2_4_gd47985e0 [======================   ] 51/52  Installing       : divine-4.4.2_4_gd47985e0 [=======================  ] 51/52  Installing       : divine-4.4.2_4_gd47985e0 [======================== ] 51/52  Installing       : divine-4.4.2_4_gd47985e0b-14.fc35.x86_64             51/52 
  Installing       : csexec-2.2.2-1.fc35.x86_ [                         ] 52/52  Installing       : csexec-2.2.2-1.fc35.x86_ [=                        ] 52/52  Installing       : csexec-2.2.2-1.fc35.x86_ [==                       ] 52/52  Installing       : csexec-2.2.2-1.fc35.x86_ [===                      ] 52/52  Installing       : csexec-2.2.2-1.fc35.x86_ [====                     ] 52/52  Installing       : csexec-2.2.2-1.fc35.x86_ [=====                    ] 52/52  Installing       : csexec-2.2.2-1.fc35.x86_ [======                   ] 52/52  Installing       : csexec-2.2.2-1.fc35.x86_ [=======                  ] 52/52  Installing       : csexec-2.2.2-1.fc35.x86_ [========                 ] 52/52  Installing       : csexec-2.2.2-1.fc35.x86_ [=========                ] 52/52  Installing       : csexec-2.2.2-1.fc35.x86_ [==========               ] 52/52  Installing       : csexec-2.2.2-1.fc35.x86_ [===========              ] 52/52  Installing       : csexec-2.2.2-1.fc35.x86_ [============             ] 52/52  Installing       : csexec-2.2.2-1.fc35.x86_ [=============            ] 52/52  Installing       : csexec-2.2.2-1.fc35.x86_ [==============           ] 52/52  Installing       : csexec-2.2.2-1.fc35.x86_ [===============          ] 52/52  Installing       : csexec-2.2.2-1.fc35.x86_ [================         ] 52/52  Installing       : csexec-2.2.2-1.fc35.x86_ [=================        ] 52/52  Installing       : csexec-2.2.2-1.fc35.x86_ [==================       ] 52/52  Installing       : csexec-2.2.2-1.fc35.x86_ [===================      ] 52/52  Installing       : csexec-2.2.2-1.fc35.x86_ [====================     ] 52/52  Installing       : csexec-2.2.2-1.fc35.x86_ [=====================    ] 52/52  Installing       : csexec-2.2.2-1.fc35.x86_ [======================   ] 52/52  Installing       : csexec-2.2.2-1.fc35.x86_ [=======================  ] 52/52  Installing       : csexec-2.2.2-1.fc35.x86_ [======================== ] 52/52  Installing       : csexec-2.2.2-1.fc35.x86_64                           52/52 
  Running scriptlet: csexec-2.2.2-1.fc35.x86_64                           52/52 
  Verifying        : divine-4.4.2_4_gd47985e0b-14.fc35.x86_64              1/52 
  Verifying        : groff-base-1.22.4-8.fc35.x86_64                       2/52 
  Verifying        : libedit-3.1-40.20210910cvs.fc35.x86_64                3/52 
  Verifying        : libyaml-0.2.5-6.fc35.x86_64                           4/52 
  Verifying        : ncurses-6.2-8.20210508.fc35.x86_64                    5/52 
  Verifying        : perl-Carp-1.52-478.fc35.noarch                        6/52 
  Verifying        : perl-Exporter-5.76-479.fc35.noarch                    7/52 
  Verifying        : perl-File-Path-2.18-478.fc35.noarch                   8/52 
  Verifying        : perl-File-Temp-1:0.231.100-478.fc35.noarch            9/52 
  Verifying        : perl-Getopt-Long-1:2.52-478.fc35.noarch              10/52 
  Verifying        : perl-MIME-Base64-3.16-478.fc35.x86_64                11/52 
  Verifying        : perl-PathTools-3.80-478.fc35.x86_64                  12/52 
  Verifying        : perl-Pod-Escapes-1:1.07-478.fc35.noarch              13/52 
  Verifying        : perl-Pod-Perldoc-3.28.01-479.fc35.noarch             14/52 
  Verifying        : perl-Pod-Simple-1:3.43-2.fc35.noarch                 15/52 
  Verifying        : perl-Pod-Usage-4:2.01-478.fc35.noarch                16/52 
  Verifying        : perl-Socket-4:2.032-2.fc35.x86_64                    17/52 
  Verifying        : perl-Storable-1:3.25-1.fc35.x86_64                   18/52 
  Verifying        : perl-Term-ANSIColor-5.01-479.fc35.noarch             19/52 
  Verifying        : perl-Term-Cap-1.17-478.fc35.noarch                   20/52 
  Verifying        : perl-Text-ParseWords-3.30-478.fc35.noarch            21/52 
  Verifying        : perl-Text-Tabs+Wrap-2021.0814-1.fc35.noarch          22/52 
  Verifying        : perl-Time-Local-2:1.300-478.fc35.noarch              23/52 
  Verifying        : perl-constant-1.33-479.fc35.noarch                   24/52 
  Verifying        : perl-parent-1:0.238-478.fc35.noarch                  25/52 
  Verifying        : perl-podlators-1:4.14-478.fc35.noarch                26/52 
  Verifying        : python3-pygments-2.9.0-2.fc35.noarch                 27/52 
  Verifying        : python3-pyyaml-5.4.1-4.fc35.x86_64                   28/52 
  Verifying        : csexec-2.2.2-1.fc35.x86_64                           29/52 
  Verifying        : perl-Class-Struct-0.66-486.fc35.noarch               30/52 
  Verifying        : perl-DynaLoader-1.50-486.fc35.x86_64                 31/52 
  Verifying        : perl-Encode-4:3.15-482.fc35.x86_64                   32/52 
  Verifying        : perl-Errno-1.33-486.fc35.x86_64                      33/52 
  Verifying        : perl-Fcntl-1.14-486.fc35.x86_64                      34/52 
  Verifying        : perl-File-Basename-2.85-486.fc35.noarch              35/52 
  Verifying        : perl-File-stat-1.09-486.fc35.noarch                  36/52 
  Verifying        : perl-Getopt-Std-1.13-486.fc35.noarch                 37/52 
  Verifying        : perl-HTTP-Tiny-0.080-1.fc35.noarch                   38/52 
  Verifying        : perl-IO-1.46-486.fc35.x86_64                         39/52 
  Verifying        : perl-IPC-Open3-1.21-486.fc35.noarch                  40/52 
  Verifying        : perl-POSIX-1.97-486.fc35.x86_64                      41/52 
  Verifying        : perl-Scalar-List-Utils-5:1.62-463.fc35.x86_64        42/52 
  Verifying        : perl-SelectSaver-1.02-486.fc35.noarch                43/52 
  Verifying        : perl-Symbol-1.09-486.fc35.noarch                     44/52 
  Verifying        : perl-if-0.60.900-486.fc35.noarch                     45/52 
  Verifying        : perl-interpreter-4:5.34.1-486.fc35.x86_64            46/52 
  Verifying        : perl-libs-4:5.34.1-486.fc35.x86_64                   47/52 
  Verifying        : perl-mro-1.25-486.fc35.x86_64                        48/52 
  Verifying        : perl-overload-1.33-486.fc35.noarch                   49/52 
  Verifying        : perl-overloading-0.02-486.fc35.noarch                50/52 
  Verifying        : perl-subs-1.04-486.fc35.noarch                       51/52 
  Verifying        : perl-vars-1.05-486.fc35.noarch                       52/52 

Installed:
  csexec-2.2.2-1.fc35.x86_64                                                    
  divine-4.4.2_4_gd47985e0b-14.fc35.x86_64                                      
  groff-base-1.22.4-8.fc35.x86_64                                               
  libedit-3.1-40.20210910cvs.fc35.x86_64                                        
  libyaml-0.2.5-6.fc35.x86_64                                                   
  ncurses-6.2-8.20210508.fc35.x86_64                                            
  perl-Carp-1.52-478.fc35.noarch                                                
  perl-Class-Struct-0.66-486.fc35.noarch                                        
  perl-DynaLoader-1.50-486.fc35.x86_64                                          
  perl-Encode-4:3.15-482.fc35.x86_64                                            
  perl-Errno-1.33-486.fc35.x86_64                                               
  perl-Exporter-5.76-479.fc35.noarch                                            
  perl-Fcntl-1.14-486.fc35.x86_64                                               
  perl-File-Basename-2.85-486.fc35.noarch                                       
  perl-File-Path-2.18-478.fc35.noarch                                           
  perl-File-Temp-1:0.231.100-478.fc35.noarch                                    
  perl-File-stat-1.09-486.fc35.noarch                                           
  perl-Getopt-Long-1:2.52-478.fc35.noarch                                       
  perl-Getopt-Std-1.13-486.fc35.noarch                                          
  perl-HTTP-Tiny-0.080-1.fc35.noarch                                            
  perl-IO-1.46-486.fc35.x86_64                                                  
  perl-IPC-Open3-1.21-486.fc35.noarch                                           
  perl-MIME-Base64-3.16-478.fc35.x86_64                                         
  perl-POSIX-1.97-486.fc35.x86_64                                               
  perl-PathTools-3.80-478.fc35.x86_64                                           
  perl-Pod-Escapes-1:1.07-478.fc35.noarch                                       
  perl-Pod-Perldoc-3.28.01-479.fc35.noarch                                      
  perl-Pod-Simple-1:3.43-2.fc35.noarch                                          
  perl-Pod-Usage-4:2.01-478.fc35.noarch                                         
  perl-Scalar-List-Utils-5:1.62-463.fc35.x86_64                                 
  perl-SelectSaver-1.02-486.fc35.noarch                                         
  perl-Socket-4:2.032-2.fc35.x86_64                                             
  perl-Storable-1:3.25-1.fc35.x86_64                                            
  perl-Symbol-1.09-486.fc35.noarch                                              
  perl-Term-ANSIColor-5.01-479.fc35.noarch                                      
  perl-Term-Cap-1.17-478.fc35.noarch                                            
  perl-Text-ParseWords-3.30-478.fc35.noarch                                     
  perl-Text-Tabs+Wrap-2021.0814-1.fc35.noarch                                   
  perl-Time-Local-2:1.300-478.fc35.noarch                                       
  perl-constant-1.33-479.fc35.noarch                                            
  perl-if-0.60.900-486.fc35.noarch                                              
  perl-interpreter-4:5.34.1-486.fc35.x86_64                                     
  perl-libs-4:5.34.1-486.fc35.x86_64                                            
  perl-mro-1.25-486.fc35.x86_64                                                 
  perl-overload-1.33-486.fc35.noarch                                            
  perl-overloading-0.02-486.fc35.noarch                                         
  perl-parent-1:0.238-478.fc35.noarch                                           
  perl-podlators-1:4.14-478.fc35.noarch                                         
  perl-subs-1.04-486.fc35.noarch                                                
  perl-vars-1.05-486.fc35.noarch                                                
  python3-pygments-2.9.0-2.fc35.noarch                                          
  python3-pyyaml-5.4.1-4.fc35.x86_64                                            

Complete!

>>> 2023-01-26 06:03:58	"'/usr/bin/mock' '-r' 'fedora-35-x86_64' '--plugin-option=tmpfs:keep_mounted=True' '--config-opts=print_main_output=True' '--quiet' '--shell' 'rpm -qa' | sort -V > /home/mockbuilder/aufover-benchmark/workdir-for-sync/rpm-pkgs/libpwquality-1.4.4-6.fc35/divine/output/debug/rpm-list-mock.txt"

>>> 2023-01-26 06:04:03	"'/usr/bin/mock' '-r' 'fedora-35-x86_64' '--plugin-option=tmpfs:keep_mounted=True' '--config-opts=print_main_output=True' '--quiet' '--shell' 'rpm -qa --provides' | sort -V > /tmp/csmock0cu02e_3/rpm-list-mock-provides.txt"

>>> 2023-01-26 06:04:09	"/usr/bin/mock" "-r" "fedora-35-x86_64" "--plugin-option=tmpfs:keep_mounted=True" "--config-opts=print_main_output=True" "--quiet" "--copyin" "/tmp/csmock0cu02e_3/libpwquality-1.4.4-6.fc35.src.rpm" "/builddir/libpwquality-1.4.4-6.fc35.src.rpm"

>>> 2023-01-26 06:04:14	"/usr/bin/mock" "-r" "fedora-35-x86_64" "--plugin-option=tmpfs:keep_mounted=True" "--config-opts=print_main_output=True" "--quiet" "--chroot" "chown mockbuild -R /builddir"

>>> 2023-01-26 06:04:20	"/usr/bin/mock" "-r" "fedora-35-x86_64" "--plugin-option=tmpfs:keep_mounted=True" "--config-opts=print_main_output=True" "--quiet" "--chroot" "/bin/su mockbuild -l -c \"rpm -Uvh --nodeps '/builddir/libpwquality-1.4.4-6.fc35.src.rpm'\""
Updating / installing...
libpwquality-1.4.4-6.fc35             ########################################

>>> 2023-01-26 06:04:25	"/usr/bin/mock" "-r" "fedora-35-x86_64" "--plugin-option=tmpfs:keep_mounted=True" "--config-opts=print_main_output=True" "--quiet" "--chroot" "/bin/su mockbuild -l -c \"sed -e 's|^ExclusiveArch:.*\\\$||' -i /builddir/build/SPECS/libpwquality.spec\""

>>> 2023-01-26 06:04:31	"/usr/bin/mock" "-r" "fedora-35-x86_64" "--plugin-option=tmpfs:keep_mounted=True" "--config-opts=print_main_output=True" "--quiet" "--chroot" "/bin/su mockbuild -l -c \"rpmbuild -bs --nodeps /builddir/build/SPECS/libpwquality.spec '--define' '_unpackaged_files_terminate_build 0' '--define' 'apidocs 0' '--define' 'with_publican 0' '--without' 'docs' '--without' 'langpacks' '--define' '__cc dioscc' '--define' '__cxx diosc++' '--define' '__cpp dioscc -E' '--define' 'toolchain clang' '--define' 'optflags -O0' '--define' 'build_ldflags -O0' && sh -c 'cd /builddir/build/SRPMS && eval mv -v *.src.rpm /builddir/libpwquality-1.4.4-6.fc35.src.rpm || :'\""
setting SOURCE_DATE_EPOCH=1628640000
Wrote: /builddir/build/SRPMS/libpwquality-1.4.4-6.fc35.src.rpm
renamed 'libpwquality-1.4.4-6.fc35.src.rpm' -> '/builddir/libpwquality-1.4.4-6.fc35.src.rpm'

>>> 2023-01-26 06:04:37	"/usr/bin/mock" "-r" "fedora-35-x86_64" "--plugin-option=tmpfs:keep_mounted=True" "--config-opts=print_main_output=True" "--quiet" "--disable-plugin=selinux" "--copyout" "/builddir/libpwquality-1.4.4-6.fc35.src.rpm" "/tmp/csmock0cu02e_3/libpwquality-1.4.4-6.fc35.src.rpm"

>>> 2023-01-26 06:04:43	"/usr/bin/mock" "-r" "fedora-35-x86_64" "--plugin-option=tmpfs:keep_mounted=True" "--config-opts=print_main_output=True" "--quiet" "--installdeps" "/tmp/csmock0cu02e_3/libpwquality-1.4.4-6.fc35.src.rpm"
No matches found for the following disable plugin patterns: local, spacewalk, versionlock
fedora                   [===                 ] ---  B/s |   0  B     --:-- ETAfedora                   [===                 ] ---  B/s |   0  B     --:-- ETAfedora                                           13 kB/s | 4.5 kB     00:00    
updates                  [   ===              ] ---  B/s |   0  B     --:-- ETAupdates                                          18 kB/s | 2.8 kB     00:00    
Package cracklib-devel-2.9.6-27.fc35.x86_64 is already installed.
Package gcc-11.3.1-3.fc35.x86_64 is already installed.
Package gettext-0.21-8.fc35.x86_64 is already installed.
Package make-1:4.3-6.fc35.x86_64 is already installed.
Package pam-devel-1.5.2-8.fc35.x86_64 is already installed.
Package python3-devel-3.10.8-3.fc35.x86_64 is already installed.
Package python3-setuptools-57.4.0-1.fc35.noarch is already installed.
Dependencies resolved.
Nothing to do.
Complete!

>>> 2023-01-26 06:04:54	"/usr/bin/mock" "-r" "fedora-35-x86_64" "--plugin-option=tmpfs:keep_mounted=True" "--config-opts=print_main_output=True" "--quiet" "--addrepo" "https://download.copr.fedorainfracloud.org/results/@aufover/divine/fedora-\$releasever-\$basearch/" "--install" "divine" "csexec" "gcc"
No matches found for the following disable plugin patterns: local, spacewalk, versionlock
https://download.cop     [===                 ] ---  B/s |   0  B     --:-- ETAhttps://download.copr.fedorainfracloud.org/resu  24 kB/s | 3.3 kB     00:00    
fedora                   [===                 ] ---  B/s |   0  B     --:-- ETAfedora                   [   ===              ] ---  B/s |   0  B     --:-- ETAfedora                                           14 kB/s | 4.5 kB     00:00    
updates                  [      ===           ] ---  B/s |   0  B     --:-- ETAupdates                                          14 kB/s | 2.8 kB     00:00    
Package divine-4.4.2_4_gd47985e0b-14.fc35.x86_64 is already installed.
Package csexec-2.2.2-1.fc35.x86_64 is already installed.
Package gcc-11.3.1-3.fc35.x86_64 is already installed.
Dependencies resolved.
Nothing to do.
Complete!

>>> 2023-01-26 06:05:05	"'/usr/bin/mock' '-r' 'fedora-35-x86_64' '--plugin-option=tmpfs:keep_mounted=True' '--config-opts=print_main_output=True' '--quiet' '--shell' 'rpm -qa' | sort -V > /home/mockbuilder/aufover-benchmark/workdir-for-sync/rpm-pkgs/libpwquality-1.4.4-6.fc35/divine/output/debug/rpm-list-mock.txt"

>>> 2023-01-26 06:05:11	"'/usr/bin/mock' '-r' 'fedora-35-x86_64' '--plugin-option=tmpfs:keep_mounted=True' '--config-opts=print_main_output=True' '--quiet' '--shell' 'rpm -qa --provides' | sort -V > /tmp/csmock0cu02e_3/rpm-list-mock-provides.txt"

>>> 2023-01-26 06:05:16	"/usr/bin/mock" "-r" "fedora-35-x86_64" "--plugin-option=tmpfs:keep_mounted=True" "--config-opts=print_main_output=True" "--quiet" "--addrepo" "https://download.copr.fedorainfracloud.org/results/@aufover/divine/fedora-\$releasever-\$basearch/" "--install" "csdiff"
No matches found for the following disable plugin patterns: local, spacewalk, versionlock
https://download.cop     [===                 ] ---  B/s |   0  B     --:-- ETAhttps://download.copr.fedorainfracloud.org/resu  19 kB/s | 3.3 kB     00:00    
fedora                   [===                 ] ---  B/s |   0  B     --:-- ETAfedora                   [   ===              ] ---  B/s |   0  B     --:-- ETAfedora                                           11 kB/s | 4.5 kB     00:00    
updates                  [      ===           ] ---  B/s |   0  B     --:-- ETAupdates                                          14 kB/s | 2.8 kB     00:00    
Dependencies resolved.
================================================================================
 Package                    Arch        Version              Repository    Size
================================================================================
Installing:
 [1mcsdiff                    [m x86_64      2.7.0-1.fc35         updates      894 k
Installing dependencies:
 [1mboost-filesystem          [m x86_64      1.76.0-5.fc35        updates       58 k
 [1mboost-program-options     [m x86_64      1.76.0-5.fc35        updates      107 k
 [1mboost-system              [m x86_64      1.76.0-5.fc35        updates       14 k

Transaction Summary
================================================================================
Install  4 Packages

Total size: 1.0 M
Installed size: 4.2 M
Downloading Packages:
[SKIPPED] boost-filesystem-1.76.0-5.fc35.x86_64.rpm: Already downloaded        
[SKIPPED] boost-program-options-1.76.0-5.fc35.x86_64.rpm: Already downloaded   
[SKIPPED] boost-system-1.76.0-5.fc35.x86_64.rpm: Already downloaded            
[SKIPPED] csdiff-2.7.0-1.fc35.x86_64.rpm: Already downloaded                   
Running transaction check
Transaction check succeeded.
Running transaction test
Transaction test succeeded.
Running transaction
  Preparing        :  [============                                       ] 1/1  Preparing        :  [=========================                          ] 1/1  Preparing        :  [======================================             ] 1/1  Preparing        :                                                        1/1 
  Installing       : boost-system-1.76.0-5.fc3 [                          ] 1/4  Installing       : boost-system-1.76.0-5.fc3 [=======================   ] 1/4  Installing       : boost-system-1.76.0-5.fc3 [========================= ] 1/4  Installing       : boost-system-1.76.0-5.fc35.x86_64                      1/4 
  Installing       : boost-filesystem-1.76.0-5 [                          ] 2/4  Installing       : boost-filesystem-1.76.0-5 [======                    ] 2/4  Installing       : boost-filesystem-1.76.0-5 [=============             ] 2/4  Installing       : boost-filesystem-1.76.0-5 [====================      ] 2/4  Installing       : boost-filesystem-1.76.0-5 [========================= ] 2/4  Installing       : boost-filesystem-1.76.0-5.fc35.x86_64                  2/4 
  Installing       : boost-program-options-1.7 [                          ] 3/4  Installing       : boost-program-options-1.7 [==                        ] 3/4  Installing       : boost-program-options-1.7 [=====                     ] 3/4  Installing       : boost-program-options-1.7 [========                  ] 3/4  Installing       : boost-program-options-1.7 [===========               ] 3/4  Installing       : boost-program-options-1.7 [==============            ] 3/4  Installing       : boost-program-options-1.7 [=================         ] 3/4  Installing       : boost-program-options-1.7 [====================      ] 3/4  Installing       : boost-program-options-1.7 [=======================   ] 3/4  Installing       : boost-program-options-1.7 [========================= ] 3/4  Installing       : boost-program-options-1.76.0-5.fc35.x86_64             3/4 
  Installing       : csdiff-2.7.0-1.fc35.x86_6 [                          ] 4/4  Installing       : csdiff-2.7.0-1.fc35.x86_6 [=                         ] 4/4  Installing       : csdiff-2.7.0-1.fc35.x86_6 [==                        ] 4/4  Installing       : csdiff-2.7.0-1.fc35.x86_6 [===                       ] 4/4  Installing       : csdiff-2.7.0-1.fc35.x86_6 [====                      ] 4/4  Installing       : csdiff-2.7.0-1.fc35.x86_6 [=====                     ] 4/4  Installing       : csdiff-2.7.0-1.fc35.x86_6 [======                    ] 4/4  Installing       : csdiff-2.7.0-1.fc35.x86_6 [=======                   ] 4/4  Installing       : csdiff-2.7.0-1.fc35.x86_6 [========                  ] 4/4  Installing       : csdiff-2.7.0-1.fc35.x86_6 [=========                 ] 4/4  Installing       : csdiff-2.7.0-1.fc35.x86_6 [==========                ] 4/4  Installing       : csdiff-2.7.0-1.fc35.x86_6 [===========               ] 4/4  Installing       : csdiff-2.7.0-1.fc35.x86_6 [============              ] 4/4  Installing       : csdiff-2.7.0-1.fc35.x86_6 [=============             ] 4/4  Installing       : csdiff-2.7.0-1.fc35.x86_6 [==============            ] 4/4  Installing       : csdiff-2.7.0-1.fc35.x86_6 [===============           ] 4/4  Installing       : csdiff-2.7.0-1.fc35.x86_6 [================          ] 4/4  Installing       : csdiff-2.7.0-1.fc35.x86_6 [=================         ] 4/4  Installing       : csdiff-2.7.0-1.fc35.x86_6 [==================        ] 4/4  Installing       : csdiff-2.7.0-1.fc35.x86_6 [===================       ] 4/4  Installing       : csdiff-2.7.0-1.fc35.x86_6 [====================      ] 4/4  Installing       : csdiff-2.7.0-1.fc35.x86_6 [=====================     ] 4/4  Installing       : csdiff-2.7.0-1.fc35.x86_6 [======================    ] 4/4  Installing       : csdiff-2.7.0-1.fc35.x86_6 [=======================   ] 4/4  Installing       : csdiff-2.7.0-1.fc35.x86_6 [========================  ] 4/4  Installing       : csdiff-2.7.0-1.fc35.x86_6 [========================= ] 4/4  Installing       : csdiff-2.7.0-1.fc35.x86_64                             4/4 
  Running scriptlet: csdiff-2.7.0-1.fc35.x86_64                             4/4 
  Verifying        : boost-filesystem-1.76.0-5.fc35.x86_64                  1/4 
  Verifying        : boost-program-options-1.76.0-5.fc35.x86_64             2/4 
  Verifying        : boost-system-1.76.0-5.fc35.x86_64                      3/4 
  Verifying        : csdiff-2.7.0-1.fc35.x86_64                             4/4 

Installed:
  boost-filesystem-1.76.0-5.fc35.x86_64                                         
  boost-program-options-1.76.0-5.fc35.x86_64                                    
  boost-system-1.76.0-5.fc35.x86_64                                             
  csdiff-2.7.0-1.fc35.x86_64                                                    

Complete!

>>> 2023-01-26 06:05:30	"/usr/bin/mock" "-r" "fedora-35-x86_64" "--plugin-option=tmpfs:keep_mounted=True" "--config-opts=print_main_output=True" "--quiet" "--addrepo" "https://download.copr.fedorainfracloud.org/results/@aufover/divine/fedora-\$releasever-\$basearch/" "--install" "glibc-devel(x86-32)"
No matches found for the following disable plugin patterns: local, spacewalk, versionlock
https://download.cop     [===                 ] ---  B/s |   0  B     --:-- ETAhttps://download.copr.fedorainfracloud.org/resu  20 kB/s | 3.3 kB     00:00    
fedora                   [===                 ] ---  B/s |   0  B     --:-- ETAfedora                                           29 kB/s | 4.5 kB     00:00    
updates                  [   ===              ] ---  B/s |   0  B     --:-- ETAupdates                                         9.6 kB/s | 2.8 kB     00:00    
Dependencies resolved.
================================================================================
 Package                  Arch        Version              Repository      Size
================================================================================
Installing:
 [1mglibc-devel             [m i686        2.34-49.fc35         updates         45 k
Installing dependencies:
 [1mglibc                   [m i686        2.34-49.fc35         updates        1.9 M
 [1mglibc-gconv-extra       [m i686        2.34-49.fc35         updates        1.6 M
 [1mlibgcc                  [m i686        11.3.1-3.fc35        updates        127 k
 [1mlibxcrypt               [m i686        4.4.33-3.fc35        updates        125 k
 [1mlibxcrypt-devel         [m i686        4.4.33-3.fc35        updates         30 k

Transaction Summary
================================================================================
Install  6 Packages

Total size: 3.7 M
Installed size: 14 M
Downloading Packages:
[SKIPPED] glibc-2.34-49.fc35.i686.rpm: Already downloaded                      
[SKIPPED] glibc-devel-2.34-49.fc35.i686.rpm: Already downloaded                
[SKIPPED] glibc-gconv-extra-2.34-49.fc35.i686.rpm: Already downloaded          
[SKIPPED] libgcc-11.3.1-3.fc35.i686.rpm: Already downloaded                    
[SKIPPED] libxcrypt-4.4.33-3.fc35.i686.rpm: Already downloaded                 
[SKIPPED] libxcrypt-devel-4.4.33-3.fc35.i686.rpm: Already downloaded           
Running transaction check
Transaction check succeeded.
Running transaction test
Transaction test succeeded.
Running transaction
  Preparing        :  [========                                           ] 1/1  Preparing        :  [================                                   ] 1/1  Preparing        :  [=========================                          ] 1/1  Preparing        :  [=================================                  ] 1/1  Preparing        :  [==========================================         ] 1/1  Preparing        :                                                        1/1 
  Installing       : libgcc-11.3.1-3.fc35.i686 [                          ] 1/6  Installing       : libgcc-11.3.1-3.fc35.i686 [===                       ] 1/6  Installing       : libgcc-11.3.1-3.fc35.i686 [========                  ] 1/6  Installing       : libgcc-11.3.1-3.fc35.i686 [===========               ] 1/6  Installing       : libgcc-11.3.1-3.fc35.i686 [==============            ] 1/6  Installing       : libgcc-11.3.1-3.fc35.i686 [================          ] 1/6  Installing       : libgcc-11.3.1-3.fc35.i686 [====================      ] 1/6  Installing       : libgcc-11.3.1-3.fc35.i686 [========================  ] 1/6  Installing       : libgcc-11.3.1-3.fc35.i686 [========================= ] 1/6  Installing       : libgcc-11.3.1-3.fc35.i686                              1/6 
  Running scriptlet: libgcc-11.3.1-3.fc35.i686                              1/6 
  Installing       : glibc-gconv-extra-2.34-49 [                          ] 2/6  Installing       : glibc-gconv-extra-2.34-49 [=                         ] 2/6  Installing       : glibc-gconv-extra-2.34-49 [==                        ] 2/6  Installing       : glibc-gconv-extra-2.34-49 [===                       ] 2/6  Installing       : glibc-gconv-extra-2.34-49 [====                      ] 2/6  Installing       : glibc-gconv-extra-2.34-49 [=====                     ] 2/6  Installing       : glibc-gconv-extra-2.34-49 [======                    ] 2/6  Installing       : glibc-gconv-extra-2.34-49 [=======                   ] 2/6  Installing       : glibc-gconv-extra-2.34-49 [========                  ] 2/6  Installing       : glibc-gconv-extra-2.34-49 [=========                 ] 2/6  Installing       : glibc-gconv-extra-2.34-49 [==========                ] 2/6  Installing       : glibc-gconv-extra-2.34-49 [===========               ] 2/6  Installing       : glibc-gconv-extra-2.34-49 [============              ] 2/6  Installing       : glibc-gconv-extra-2.34-49 [=============             ] 2/6  Installing       : glibc-gconv-extra-2.34-49 [==============            ] 2/6  Installing       : glibc-gconv-extra-2.34-49 [===============           ] 2/6  Installing       : glibc-gconv-extra-2.34-49 [================          ] 2/6  Installing       : glibc-gconv-extra-2.34-49 [=================         ] 2/6  Installing       : glibc-gconv-extra-2.34-49 [==================        ] 2/6  Installing       : glibc-gconv-extra-2.34-49 [===================       ] 2/6  Installing       : glibc-gconv-extra-2.34-49 [====================      ] 2/6  Installing       : glibc-gconv-extra-2.34-49 [=====================     ] 2/6  Installing       : glibc-gconv-extra-2.34-49 [======================    ] 2/6  Installing       : glibc-gconv-extra-2.34-49 [=======================   ] 2/6  Installing       : glibc-gconv-extra-2.34-49 [========================  ] 2/6  Installing       : glibc-gconv-extra-2.34-49 [========================= ] 2/6  Installing       : glibc-gconv-extra-2.34-49.fc35.i686                    2/6 
  Running scriptlet: glibc-gconv-extra-2.34-49.fc35.i686                    2/6 
  Running scriptlet: glibc-2.34-49.fc35.i686                                3/6 
  Installing       : glibc-2.34-49.fc35.i686 [                            ] 3/6  Installing       : glibc-2.34-49.fc35.i686 [=                           ] 3/6  Installing       : glibc-2.34-49.fc35.i686 [==                          ] 3/6  Installing       : glibc-2.34-49.fc35.i686 [===                         ] 3/6  Installing       : glibc-2.34-49.fc35.i686 [====                        ] 3/6  Installing       : glibc-2.34-49.fc35.i686 [=====                       ] 3/6  Installing       : glibc-2.34-49.fc35.i686 [======                      ] 3/6  Installing       : glibc-2.34-49.fc35.i686 [=======                     ] 3/6  Installing       : glibc-2.34-49.fc35.i686 [========                    ] 3/6  Installing       : glibc-2.34-49.fc35.i686 [=========                   ] 3/6  Installing       : glibc-2.34-49.fc35.i686 [==========                  ] 3/6  Installing       : glibc-2.34-49.fc35.i686 [===========                 ] 3/6  Installing       : glibc-2.34-49.fc35.i686 [============                ] 3/6  Installing       : glibc-2.34-49.fc35.i686 [=============               ] 3/6  Installing       : glibc-2.34-49.fc35.i686 [==============              ] 3/6  Installing       : glibc-2.34-49.fc35.i686 [===============             ] 3/6  Installing       : glibc-2.34-49.fc35.i686 [================            ] 3/6  Installing       : glibc-2.34-49.fc35.i686 [=================           ] 3/6  Installing       : glibc-2.34-49.fc35.i686 [==================          ] 3/6  Installing       : glibc-2.34-49.fc35.i686 [===================         ] 3/6  Installing       : glibc-2.34-49.fc35.i686 [====================        ] 3/6  Installing       : glibc-2.34-49.fc35.i686 [=====================       ] 3/6  Installing       : glibc-2.34-49.fc35.i686 [==========================  ] 3/6  Installing       : glibc-2.34-49.fc35.i686 [=========================== ] 3/6  Installing       : glibc-2.34-49.fc35.i686                                3/6 
  Running scriptlet: glibc-2.34-49.fc35.i686                                3/6 
  Installing       : libxcrypt-4.4.33-3.fc35.i [                          ] 4/6  Installing       : libxcrypt-4.4.33-3.fc35.i [==                        ] 4/6  Installing       : libxcrypt-4.4.33-3.fc35.i [=====                     ] 4/6  Installing       : libxcrypt-4.4.33-3.fc35.i [========                  ] 4/6  Installing       : libxcrypt-4.4.33-3.fc35.i [===========               ] 4/6  Installing       : libxcrypt-4.4.33-3.fc35.i [==============            ] 4/6  Installing       : libxcrypt-4.4.33-3.fc35.i [=================         ] 4/6  Installing       : libxcrypt-4.4.33-3.fc35.i [==================        ] 4/6  Installing       : libxcrypt-4.4.33-3.fc35.i [=====================     ] 4/6  Installing       : libxcrypt-4.4.33-3.fc35.i [======================    ] 4/6  Installing       : libxcrypt-4.4.33-3.fc35.i [========================  ] 4/6  Installing       : libxcrypt-4.4.33-3.fc35.i [========================= ] 4/6  Installing       : libxcrypt-4.4.33-3.fc35.i686                           4/6 
  Installing       : glibc-devel-2.34-49.fc35. [                          ] 5/6  Installing       : glibc-devel-2.34-49.fc35. [=                         ] 5/6  Installing       : glibc-devel-2.34-49.fc35. [====                      ] 5/6  Installing       : glibc-devel-2.34-49.fc35. [========                  ] 5/6  Installing       : glibc-devel-2.34-49.fc35. [=============             ] 5/6  Installing       : glibc-devel-2.34-49.fc35. [=================         ] 5/6  Installing       : glibc-devel-2.34-49.fc35. [===================       ] 5/6  Installing       : glibc-devel-2.34-49.fc35. [====================      ] 5/6  Installing       : glibc-devel-2.34-49.fc35. [=====================     ] 5/6  Installing       : glibc-devel-2.34-49.fc35. [=======================   ] 5/6  Installing       : glibc-devel-2.34-49.fc35. [========================= ] 5/6  Installing       : glibc-devel-2.34-49.fc35.i686                          5/6 
  Installing       : libxcrypt-devel-4.4.33-3. [                          ] 6/6  Installing       : libxcrypt-devel-4.4.33-3. [========                  ] 6/6  Installing       : libxcrypt-devel-4.4.33-3. [=========                 ] 6/6  Installing       : libxcrypt-devel-4.4.33-3. [==============            ] 6/6  Installing       : libxcrypt-devel-4.4.33-3. [=================         ] 6/6  Installing       : libxcrypt-devel-4.4.33-3. [=====================     ] 6/6  Installing       : libxcrypt-devel-4.4.33-3. [======================    ] 6/6  Installing       : libxcrypt-devel-4.4.33-3. [========================  ] 6/6  Installing       : libxcrypt-devel-4.4.33-3. [========================= ] 6/6  Installing       : libxcrypt-devel-4.4.33-3.fc35.i686                     6/6 
  Running scriptlet: libxcrypt-devel-4.4.33-3.fc35.i686                     6/6 
  Verifying        : glibc-2.34-49.fc35.i686                                1/6 
  Verifying        : glibc-devel-2.34-49.fc35.i686                          2/6 
  Verifying        : glibc-gconv-extra-2.34-49.fc35.i686                    3/6 
  Verifying        : libgcc-11.3.1-3.fc35.i686                              4/6 
  Verifying        : libxcrypt-4.4.33-3.fc35.i686                           5/6 
  Verifying        : libxcrypt-devel-4.4.33-3.fc35.i686                     6/6 

Installed:
  glibc-2.34-49.fc35.i686                 glibc-devel-2.34-49.fc35.i686         
  glibc-gconv-extra-2.34-49.fc35.i686     libgcc-11.3.1-3.fc35.i686             
  libxcrypt-4.4.33-3.fc35.i686            libxcrypt-devel-4.4.33-3.fc35.i686    

Complete!

>>> 2023-01-26 06:05:46	"'/usr/bin/mock' '-r' 'fedora-35-x86_64' '--plugin-option=tmpfs:keep_mounted=True' '--config-opts=print_main_output=True' '--quiet' '--shell' 'rpm -qa' | sort -V > /home/mockbuilder/aufover-benchmark/workdir-for-sync/rpm-pkgs/libpwquality-1.4.4-6.fc35/divine/output/debug/rpm-list-mock.txt"

>>> 2023-01-26 06:05:52	"'/usr/bin/mock' '-r' 'fedora-35-x86_64' '--plugin-option=tmpfs:keep_mounted=True' '--config-opts=print_main_output=True' '--quiet' '--shell' 'rpm -qa --provides' | sort -V > /tmp/csmock0cu02e_3/rpm-list-mock-provides.txt"

>>> 2023-01-26 06:05:58	"tar -cP '/usr/share/csmock/scripts' '/usr/bin/cswrap' '/usr/lib64/cswrap' '/tmp/csmock0cu02e_3/libpwquality-1.4.4-6.fc35.src.rpm' | '/usr/bin/mock' '-r' 'fedora-35-x86_64' '--plugin-option=tmpfs:keep_mounted=True' '--config-opts=print_main_output=True' '--quiet' '--shell' 'tar -xC/'"
tar: Removing leading `/' from member names

scan.ini: analyzer-version-divine = 4.4.2_4_gd47985e0b
>>> 2023-01-26 06:06:03	"/usr/bin/mock" "-r" "fedora-35-x86_64" "--plugin-option=tmpfs:keep_mounted=True" "--config-opts=print_main_output=True" "--quiet" "--chroot" "/bin/su mockbuild -l -c \"mkdir -pv '/builddir/divine-capture'\""
mkdir: created directory '/builddir/divine-capture'

scan.ini: analyzer-version-gcc = 11.3.1
>>> 2023-01-26 06:06:09	"/usr/bin/mock" "-r" "fedora-35-x86_64" "--plugin-option=tmpfs:keep_mounted=True" "--config-opts=print_main_output=True" "--quiet" "--chroot" "rpm -Uvh --nodeps '/tmp/csmock0cu02e_3/libpwquality-1.4.4-6.fc35.src.rpm'"
Updating / installing...
libpwquality-1.4.4-6.fc35             ########################################

>>> 2023-01-26 06:06:15	"/usr/bin/mock" "-r" "fedora-35-x86_64" "--plugin-option=tmpfs:keep_mounted=True" "--config-opts=print_main_output=True" "--quiet" "--chroot" "chmod -R +r /builddir"

>>> 2023-01-26 06:06:20	"/usr/bin/mock" "-r" "fedora-35-x86_64" "--plugin-option=tmpfs:keep_mounted=True" "--config-opts=print_main_output=True" "--quiet" "--chroot" "ln -fv '/usr/share/csmock/scripts/enable-keep-going.sh' '/usr/share/csmock/scripts/chroot-fixups'"
'/usr/share/csmock/scripts/chroot-fixups/enable-keep-going.sh' => '/usr/share/csmock/scripts/enable-keep-going.sh'

>>> 2023-01-26 06:06:26	"/usr/bin/mock" "-r" "fedora-35-x86_64" "--plugin-option=tmpfs:keep_mounted=True" "--config-opts=print_main_output=True" "--quiet" "--shell" "for i in /usr/share/csmock/scripts/chroot-fixups/*; do test -x \$i && echo RUN: \$i >&2 && \$i; done"
RUN: /usr/share/csmock/scripts/chroot-fixups/enable-keep-going.sh
renamed '/usr/bin/make' -> '/usr/bin/make.orig'
+ ls -l /usr/bin/make
-rwxr-xr-x. 1 root root 42 Jan 26 06:06 /usr/bin/make
+ cat /usr/bin/make
#!/bin/sh
exec /usr/bin/make.orig -k "$@"
RUN: /usr/share/csmock/scripts/chroot-fixups/gdk-pixbuf2-triggers.sh
RUN: /usr/share/csmock/scripts/chroot-fixups/glib2-triggers.sh
RUN: /usr/share/csmock/scripts/chroot-fixups/kpathsea-texhash.sh
RUN: /usr/share/csmock/scripts/chroot-fixups/openssl-public-header-files.sh
RUN: /usr/share/csmock/scripts/chroot-fixups/qt5-core-abi.sh
RUN: /usr/share/csmock/scripts/chroot-fixups/rpm-build-scripts.sh
+ sed -e s/fail=1/fail=0/ -i /usr/lib/rpm/redhat/brp-mangle-shebangs
'/usr/lib/rpm/brp-strip-static-archive' -> '/bin/true'
RUN: /usr/share/csmock/scripts/chroot-fixups/rpm-macros.sh
+ sed -e 's|> */dev/stderr|>\&2|' -i /usr/lib/rpm/macros.d/macros.pyproject
RUN: /usr/share/csmock/scripts/chroot-fixups/rpm-python-extras.sh
+ sed -e 's|print(.*PYTHON_EXTRAS_NOT_FOUND_ERROR.*) *$|continue|' -i /usr/lib/rpm/pythondistdeps.py
RUN: /usr/share/csmock/scripts/chroot-fixups/shared-mime-info-triggers.sh
RUN: /usr/share/csmock/scripts/chroot-fixups/symbiotic-timeout.sh

>>> 2023-01-26 06:06:31	"/usr/bin/mock" "-r" "fedora-35-x86_64" "--plugin-option=tmpfs:keep_mounted=True" "--config-opts=print_main_output=True" "--chroot" "/bin/su mockbuild -l -c \"rpmbuild -bp --nodeps /builddir/build/SPECS/libpwquality.spec '--define' '_unpackaged_files_terminate_build 0' '--define' 'apidocs 0' '--define' 'with_publican 0' '--without' 'docs' '--without' 'langpacks' '--define' '__cc dioscc' '--define' '__cxx diosc++' '--define' '__cpp dioscc -E' '--define' 'toolchain clang' '--define' 'optflags -O0' '--define' 'build_ldflags -O0'\""
INFO: mock.py version 3.5 starting (python version = 3.10.9, NVR = mock-3.5-1.fc36)...
Start(bootstrap): init plugins
INFO: selinux enabled
Finish(bootstrap): init plugins
Start: init plugins
INFO: selinux enabled
Finish: init plugins
INFO: Signal handler active
Start: run
Start(bootstrap): chroot init
INFO: calling preinit hooks
INFO: enabled root cache
INFO: enabled package manager cache
Start(bootstrap): cleaning package manager metadata
Finish(bootstrap): cleaning package manager metadata
INFO: enabled HW Info plugin
Mock Version: 3.5
INFO: Mock Version: 3.5
Finish(bootstrap): chroot init
Start: chroot init
INFO: calling preinit hooks
INFO: enabled root cache
INFO: enabled package manager cache
Start: cleaning package manager metadata
Finish: cleaning package manager metadata
INFO: enabled HW Info plugin
Mock Version: 3.5
INFO: Mock Version: 3.5
Finish: chroot init
INFO: Running in chroot: ['/bin/su mockbuild -l -c "rpmbuild -bp --nodeps /builddir/build/SPECS/libpwquality.spec \'--define\' \'_unpackaged_files_terminate_build 0\' \'--define\' \'apidocs 0\' \'--define\' \'with_publican 0\' \'--without\' \'docs\' \'--without\' \'langpacks\' \'--define\' \'__cc dioscc\' \'--define\' \'__cxx diosc++\' \'--define\' \'__cpp dioscc -E\' \'--define\' \'toolchain clang\' \'--define\' \'optflags -O0\' \'--define\' \'build_ldflags -O0\'"']
Start: chroot ['/bin/su mockbuild -l -c "rpmbuild -bp --nodeps /builddir/build/SPECS/libpwquality.spec \'--define\' \'_unpackaged_files_terminate_build 0\' \'--define\' \'apidocs 0\' \'--define\' \'with_publican 0\' \'--without\' \'docs\' \'--without\' \'langpacks\' \'--define\' \'__cc dioscc\' \'--define\' \'__cxx diosc++\' \'--define\' \'__cpp dioscc -E\' \'--define\' \'toolchain clang\' \'--define\' \'optflags -O0\' \'--define\' \'build_ldflags -O0\'"']
setting SOURCE_DATE_EPOCH=1628640000
Executing(%prep): /bin/sh -e /var/tmp/rpm-tmp.aYb1lQ
+ umask 022
+ cd /builddir/build/BUILD
+ cd /builddir/build/BUILD
+ rm -rf libpwquality-1.4.4
+ /usr/bin/bzip2 -dc /builddir/build/SOURCES/libpwquality-1.4.4.tar.bz2
+ /usr/bin/tar -xof -
+ STATUS=0
+ '[' 0 -ne 0 ']'
+ cd libpwquality-1.4.4
+ /usr/bin/chmod -Rf a+rX,u+w,g-w,o-w .
+ RPM_EC=0
++ jobs -p
+ exit 0
Finish: chroot ['/bin/su mockbuild -l -c "rpmbuild -bp --nodeps /builddir/build/SPECS/libpwquality.spec \'--define\' \'_unpackaged_files_terminate_build 0\' \'--define\' \'apidocs 0\' \'--define\' \'with_publican 0\' \'--without\' \'docs\' \'--without\' \'langpacks\' \'--define\' \'__cc dioscc\' \'--define\' \'__cxx diosc++\' \'--define\' \'__cpp dioscc -E\' \'--define\' \'toolchain clang\' \'--define\' \'optflags -O0\' \'--define\' \'build_ldflags -O0\'"']

>>> 2023-01-26 06:06:37	"/usr/bin/mock" "-r" "fedora-35-x86_64" "--plugin-option=tmpfs:keep_mounted=True" "--config-opts=print_main_output=True" "--quiet" "--chroot" "chmod -R +r /builddir/build"

>>> 2023-01-26 06:06:43	"/usr/bin/mock" "-r" "fedora-35-x86_64" "--plugin-option=tmpfs:keep_mounted=True" "--config-opts=print_main_output=True" "--chroot" "/bin/su mockbuild -l -c \"PATH=/usr/lib64/cswrap:\\\$PATH CSWRAP_CAP_FILE=\\\$'/builddir/cswrap-capture.err' CSWRAP_TIMEOUT=\\\$'30' CSWRAP_TIMEOUT_FOR=\\\$':' CC=\\\$'dioscc' CXX=\\\$'diosc++' CSEXEC_WRAP_CMD=\\\$'--skip-ld-linux\\\\a/usr/bin/csexec-divine\\\\a-l\\\\a/builddir/divine-capture\\\\a-d\\\\acheck --lart stubs -o ignore:notimplemented -o ignore:exit --max-time 8 ' CSWRAP_ADD_CFLAGS=\\\$'-Wno-unknown-pragmas:-Wno-unknown-warning-option:-O0:-g:-Wl,--dynamic-linker,/usr/bin/csexec-loader:-Wno-unknown-pragmas:-Wl,--dynamic-linker,/usr/bin/csexec-loader' CSWRAP_DEL_CFLAGS=\\\$'-Werror*:-fdiagnostics-color*:-no-canonical-prefixes:-Wno-error=deprecated-register:-O1:-O2:-O3:-Os:-Ofast:-Og:-Werror*:-fdiagnostics-color*:-no-canonical-prefixes:-Wno-error=deprecated-register' CSWRAP_ADD_CXXFLAGS=\\\$'-Wno-unknown-warning-option:-O0:-g:-Wl,--dynamic-linker,/usr/bin/csexec-loader:-Wl,--dynamic-linker,/usr/bin/csexec-loader' CSWRAP_DEL_CXXFLAGS=\\\$'-Werror*:-fdiagnostics-color*:-no-canonical-prefixes:-Wno-error=deprecated-register:-O1:-O2:-O3:-Os:-Ofast:-Og:-Werror*:-fdiagnostics-color*:-no-canonical-prefixes:-Wno-error=deprecated-register' sh -c \\\"rpmbuild -bc --nodeps --short-circuit /builddir/build/SPECS/libpwquality.spec '--define' '_unpackaged_files_terminate_build 0' '--define' 'apidocs 0' '--define' 'with_publican 0' '--without' 'docs' '--without' 'langpacks' '--define' '__cc dioscc' '--define' '__cxx diosc++' '--define' '__cpp dioscc -E' '--define' 'toolchain clang' '--define' 'optflags -O0' '--define' 'build_ldflags -O0'\\\"\""
INFO: mock.py version 3.5 starting (python version = 3.10.9, NVR = mock-3.5-1.fc36)...
Start(bootstrap): init plugins
INFO: selinux enabled
Finish(bootstrap): init plugins
Start: init plugins
INFO: selinux enabled
Finish: init plugins
INFO: Signal handler active
Start: run
Start(bootstrap): chroot init
INFO: calling preinit hooks
INFO: enabled root cache
INFO: enabled package manager cache
Start(bootstrap): cleaning package manager metadata
Finish(bootstrap): cleaning package manager metadata
INFO: enabled HW Info plugin
Mock Version: 3.5
INFO: Mock Version: 3.5
Finish(bootstrap): chroot init
Start: chroot init
INFO: calling preinit hooks
INFO: enabled root cache
INFO: enabled package manager cache
Start: cleaning package manager metadata
Finish: cleaning package manager metadata
INFO: enabled HW Info plugin
Mock Version: 3.5
INFO: Mock Version: 3.5
Finish: chroot init
INFO: Running in chroot: ['/bin/su mockbuild -l -c "PATH=/usr/lib64/cswrap:\\$PATH CSWRAP_CAP_FILE=\\$\'/builddir/cswrap-capture.err\' CSWRAP_TIMEOUT=\\$\'30\' CSWRAP_TIMEOUT_FOR=\\$\':\' CC=\\$\'dioscc\' CXX=\\$\'diosc++\' CSEXEC_WRAP_CMD=\\$\'--skip-ld-linux\\\\a/usr/bin/csexec-divine\\\\a-l\\\\a/builddir/divine-capture\\\\a-d\\\\acheck --lart stubs -o ignore:notimplemented -o ignore:exit --max-time 8 \' CSWRAP_ADD_CFLAGS=\\$\'-Wno-unknown-pragmas:-Wno-unknown-warning-option:-O0:-g:-Wl,--dynamic-linker,/usr/bin/csexec-loader:-Wno-unknown-pragmas:-Wl,--dynamic-linker,/usr/bin/csexec-loader\' CSWRAP_DEL_CFLAGS=\\$\'-Werror*:-fdiagnostics-color*:-no-canonical-prefixes:-Wno-error=deprecated-register:-O1:-O2:-O3:-Os:-Ofast:-Og:-Werror*:-fdiagnostics-color*:-no-canonical-prefixes:-Wno-error=deprecated-register\' CSWRAP_ADD_CXXFLAGS=\\$\'-Wno-unknown-warning-option:-O0:-g:-Wl,--dynamic-linker,/usr/bin/csexec-loader:-Wl,--dynamic-linker,/usr/bin/csexec-loader\' CSWRAP_DEL_CXXFLAGS=\\$\'-Werror*:-fdiagnostics-color*:-no-canonical-prefixes:-Wno-error=deprecated-register:-O1:-O2:-O3:-Os:-Ofast:-Og:-Werror*:-fdiagnostics-color*:-no-canonical-prefixes:-Wno-error=deprecated-register\' sh -c \\"rpmbuild -bc --nodeps --short-circuit /builddir/build/SPECS/libpwquality.spec \'--define\' \'_unpackaged_files_terminate_build 0\' \'--define\' \'apidocs 0\' \'--define\' \'with_publican 0\' \'--without\' \'docs\' \'--without\' \'langpacks\' \'--define\' \'__cc dioscc\' \'--define\' \'__cxx diosc++\' \'--define\' \'__cpp dioscc -E\' \'--define\' \'toolchain clang\' \'--define\' \'optflags -O0\' \'--define\' \'build_ldflags -O0\'\\""']
Start: chroot ['/bin/su mockbuild -l -c "PATH=/usr/lib64/cswrap:\\$PATH CSWRAP_CAP_FILE=\\$\'/builddir/cswrap-capture.err\' CSWRAP_TIMEOUT=\\$\'30\' CSWRAP_TIMEOUT_FOR=\\$\':\' CC=\\$\'dioscc\' CXX=\\$\'diosc++\' CSEXEC_WRAP_CMD=\\$\'--skip-ld-linux\\\\a/usr/bin/csexec-divine\\\\a-l\\\\a/builddir/divine-capture\\\\a-d\\\\acheck --lart stubs -o ignore:notimplemented -o ignore:exit --max-time 8 \' CSWRAP_ADD_CFLAGS=\\$\'-Wno-unknown-pragmas:-Wno-unknown-warning-option:-O0:-g:-Wl,--dynamic-linker,/usr/bin/csexec-loader:-Wno-unknown-pragmas:-Wl,--dynamic-linker,/usr/bin/csexec-loader\' CSWRAP_DEL_CFLAGS=\\$\'-Werror*:-fdiagnostics-color*:-no-canonical-prefixes:-Wno-error=deprecated-register:-O1:-O2:-O3:-Os:-Ofast:-Og:-Werror*:-fdiagnostics-color*:-no-canonical-prefixes:-Wno-error=deprecated-register\' CSWRAP_ADD_CXXFLAGS=\\$\'-Wno-unknown-warning-option:-O0:-g:-Wl,--dynamic-linker,/usr/bin/csexec-loader:-Wl,--dynamic-linker,/usr/bin/csexec-loader\' CSWRAP_DEL_CXXFLAGS=\\$\'-Werror*:-fdiagnostics-color*:-no-canonical-prefixes:-Wno-error=deprecated-register:-O1:-O2:-O3:-Os:-Ofast:-Og:-Werror*:-fdiagnostics-color*:-no-canonical-prefixes:-Wno-error=deprecated-register\' sh -c \\"rpmbuild -bc --nodeps --short-circuit /builddir/build/SPECS/libpwquality.spec \'--define\' \'_unpackaged_files_terminate_build 0\' \'--define\' \'apidocs 0\' \'--define\' \'with_publican 0\' \'--without\' \'docs\' \'--without\' \'langpacks\' \'--define\' \'__cc dioscc\' \'--define\' \'__cxx diosc++\' \'--define\' \'__cpp dioscc -E\' \'--define\' \'toolchain clang\' \'--define\' \'optflags -O0\' \'--define\' \'build_ldflags -O0\'\\""']
setting SOURCE_DATE_EPOCH=1628640000
Executing(%build): /bin/sh -e /var/tmp/rpm-tmp.yR3D5z
+ umask 022
+ cd /builddir/build/BUILD
+ cd libpwquality-1.4.4
+ CFLAGS=-O0
+ export CFLAGS
+ CXXFLAGS=-O0
+ export CXXFLAGS
+ FFLAGS='-O0 -I/usr/lib64/gfortran/modules'
+ export FFLAGS
+ FCFLAGS='-O0 -I/usr/lib64/gfortran/modules'
+ export FCFLAGS
+ LDFLAGS=-O0
+ export LDFLAGS
+ LT_SYS_LIBRARY_PATH=/usr/lib64:
+ export LT_SYS_LIBRARY_PATH
+ CC=dioscc
+ export CC
+ CXX=diosc++
+ export CXX
+ '[' -fltox '!=' x ']'
++ find . -type f -name configure -print
+ for file in $(find . -type f -name configure -print)
+ /usr/bin/sed -r --in-place=.backup 's/^char \(\*f\) \(\) = /__attribute__ ((used)) char (*f) () = /g' ./configure
+ diff -u ./configure.backup ./configure
+ mv ./configure.backup ./configure
+ /usr/bin/sed -r --in-place=.backup 's/^char \(\*f\) \(\);/__attribute__ ((used)) char (*f) ();/g' ./configure
+ diff -u ./configure.backup ./configure
+ mv ./configure.backup ./configure
+ /usr/bin/sed -r --in-place=.backup 's/^char \$2 \(\);/__attribute__ ((used)) char \$2 ();/g' ./configure
+ diff -u ./configure.backup ./configure
--- ./configure.backup	2020-10-13 03:31:05.000000000 -0400
+++ ./configure	2023-01-26 06:06:48.642248749 -0500
@@ -1891,7 +1891,7 @@
 #ifdef __cplusplus
 extern "C"
 #endif
-char $2 ();
+__attribute__ ((used)) char $2 ();
 /* The GNU C library defines this for functions which it implements
     to always fail with ENOSYS.  Some functions are actually named
     something starting with __ and the normal name is an alias.  */
+ /usr/bin/sed --in-place=.backup '1{$!N;$!N};$!N;s/int x = 1;\nint y = 0;\nint z;\nint nan;/volatile int x = 1; volatile int y = 0; volatile int z, nan;/;P;D' ./configure
+ diff -u ./configure.backup ./configure
+ mv ./configure.backup ./configure
+ /usr/bin/sed --in-place=.backup 's#^lt_cv_sys_global_symbol_to_cdecl=.*#lt_cv_sys_global_symbol_to_cdecl="sed -n -e '\''s/^T .* \\(.*\\)$/extern int \\1();/p'\'' -e '\''s/^$symcode* .* \\(.*\\)$/extern char \\1;/p'\''"#' ./configure
+ diff -u ./configure.backup ./configure
--- ./configure.backup	2023-01-26 06:06:48.642248749 -0500
+++ ./configure	2023-01-26 06:06:48.699247953 -0500
@@ -7254,7 +7254,7 @@
 # Transform an extracted symbol line into a proper C declaration.
 # Some systems (esp. on ia64) link data and code symbols differently,
 # so use this general approach.
-lt_cv_sys_global_symbol_to_cdecl="sed -n"\
+lt_cv_sys_global_symbol_to_cdecl="sed -n -e 's/^T .* \(.*\)$/extern int \1();/p' -e 's/^$symcode* .* \(.*\)$/extern char \1;/p'"
 $lt_cdecl_hook\
 " -e 's/^T .* \(.*\)$/extern int \1();/p'"\
 " -e 's/^$symcode$symcode* .* \(.*\)$/extern char \1;/p'"
@@ -16427,7 +16427,7 @@
 compiler='`$ECHO "$compiler" | $SED "$delay_single_quote_subst"`'
 GCC='`$ECHO "$GCC" | $SED "$delay_single_quote_subst"`'
 lt_cv_sys_global_symbol_pipe='`$ECHO "$lt_cv_sys_global_symbol_pipe" | $SED "$delay_single_quote_subst"`'
-lt_cv_sys_global_symbol_to_cdecl='`$ECHO "$lt_cv_sys_global_symbol_to_cdecl" | $SED "$delay_single_quote_subst"`'
+lt_cv_sys_global_symbol_to_cdecl="sed -n -e 's/^T .* \(.*\)$/extern int \1();/p' -e 's/^$symcode* .* \(.*\)$/extern char \1;/p'"
 lt_cv_sys_global_symbol_to_import='`$ECHO "$lt_cv_sys_global_symbol_to_import" | $SED "$delay_single_quote_subst"`'
 lt_cv_sys_global_symbol_to_c_name_address='`$ECHO "$lt_cv_sys_global_symbol_to_c_name_address" | $SED "$delay_single_quote_subst"`'
 lt_cv_sys_global_symbol_to_c_name_address_lib_prefix='`$ECHO "$lt_cv_sys_global_symbol_to_c_name_address_lib_prefix" | $SED "$delay_single_quote_subst"`'
+ '[' 1 = 1 ']'
+++ dirname ./configure
++ find . -name config.guess -o -name config.sub
+ for i in $(find $(dirname ./configure) -name config.guess -o -name config.sub)
++ basename ./config.guess
+ '[' -f /usr/lib/rpm/redhat/config.guess ']'
+ /usr/bin/rm -f ./config.guess
++ basename ./config.guess
+ /usr/bin/cp -fv /usr/lib/rpm/redhat/config.guess ./config.guess
'/usr/lib/rpm/redhat/config.guess' -> './config.guess'
+ for i in $(find $(dirname ./configure) -name config.guess -o -name config.sub)
++ basename ./config.sub
+ '[' -f /usr/lib/rpm/redhat/config.sub ']'
+ /usr/bin/rm -f ./config.sub
++ basename ./config.sub
+ /usr/bin/cp -fv /usr/lib/rpm/redhat/config.sub ./config.sub
'/usr/lib/rpm/redhat/config.sub' -> './config.sub'
+ '[' 1 = 1 ']'
+ '[' x '!=' 'x-Wl,-z,now ' ']'
++ find . -name ltmain.sh
+ for i in $(find . -name ltmain.sh)
+ /usr/bin/sed -i.backup -e 's~compiler_flags=$~compiler_flags="-Wl,-z,now "~' ./ltmain.sh
+ ./configure --build=x86_64-redhat-linux-gnu --host=x86_64-redhat-linux-gnu --program-prefix= --disable-dependency-tracking --prefix=/usr --exec-prefix=/usr --bindir=/usr/bin --sbindir=/usr/sbin --sysconfdir=/etc --datadir=/usr/share --includedir=/usr/include --libdir=/usr/lib64 --libexecdir=/usr/libexec --localstatedir=/var --sharedstatedir=/var/lib --mandir=/usr/share/man --infodir=/usr/share/info --with-securedir=/usr/lib64/security --with-pythonsitedir=/usr/lib64/python3.10/site-packages --with-python-binary=/usr/bin/python3 --disable-static
checking for a BSD-compatible install... /usr/bin/install -c
checking whether build environment is sane... yes
checking for a thread-safe mkdir -p... /usr/bin/mkdir -p
checking for gawk... gawk
checking whether make sets $(MAKE)... yes
checking whether make supports nested variables... yes
checking build system type... x86_64-redhat-linux-gnu
checking host system type... x86_64-redhat-linux-gnu
checking whether make supports the include directive... yes (GNU style)
checking for x86_64-redhat-linux-gnu-gcc... dioscc
checking whether the C compiler works... yes
checking for C compiler default output file name... a.out
checking for suffix of executables... 
checking whether we are cross compiling... no
checking for suffix of object files... o
checking whether we are using the GNU C compiler... yes
checking whether dioscc accepts -g... yes
checking for dioscc option to accept ISO C89... none needed
checking whether dioscc understands -c and -o together... yes
checking dependency style of dioscc... none
checking how to run the C preprocessor... dioscc -E
checking for grep that handles long lines and -e... /usr/bin/grep
checking for egrep... /usr/bin/grep -E
checking for ANSI C header files... yes
checking for sys/types.h... yes
checking for sys/stat.h... yes
checking for stdlib.h... yes
checking for string.h... yes
checking for memory.h... yes
checking for strings.h... yes
checking for inttypes.h... yes
checking for stdint.h... yes
checking for unistd.h... yes
checking minix/config.h usability... no
checking minix/config.h presence... no
checking for minix/config.h... no
checking whether it is safe to define __EXTENSIONS__... yes
checking for x86_64-redhat-linux-gnu-ar... no
checking for x86_64-redhat-linux-gnu-lib... no
checking for x86_64-redhat-linux-gnu-link... no
checking for ar... ar
checking the archiver (ar) interface... ar
checking for x86_64-redhat-linux-gnu-gcc... (cached) dioscc
checking whether we are using the GNU C compiler... (cached) yes
checking whether dioscc accepts -g... (cached) yes
checking for dioscc option to accept ISO C89... (cached) none needed
checking whether dioscc understands -c and -o together... (cached) yes
checking dependency style of dioscc... (cached) none
checking whether ln -s works... yes
checking how to print strings... printf
checking for a sed that does not truncate output... /usr/bin/sed
checking for fgrep... /usr/bin/grep -F
checking for ld used by dioscc... /usr/bin/ld
checking if the linker (/usr/bin/ld) is GNU ld... yes
checking for BSD- or MS-compatible name lister (nm)... /usr/bin/nm -B
checking the name lister (/usr/bin/nm -B) interface... BSD nm
checking the maximum length of command line arguments... 1572864
checking how to convert x86_64-redhat-linux-gnu file names to x86_64-redhat-linux-gnu format... func_convert_file_noop
checking how to convert x86_64-redhat-linux-gnu file names to toolchain format... func_convert_file_noop
checking for /usr/bin/ld option to reload object files... -r
checking for x86_64-redhat-linux-gnu-objdump... no
checking for objdump... objdump
checking how to recognize dependent libraries... pass_all
checking for x86_64-redhat-linux-gnu-dlltool... no
checking for dlltool... no
checking how to associate runtime and link libraries... printf %s\n
checking for x86_64-redhat-linux-gnu-ar... ar
checking for archiver @FILE support... @
checking for x86_64-redhat-linux-gnu-strip... no
checking for strip... strip
checking for x86_64-redhat-linux-gnu-ranlib... no
checking for ranlib... ranlib
checking command to parse /usr/bin/nm -B output from dioscc object... ./configure: line 7260:  -e 's/^T .* \(.*\)$/extern int \1();/p' -e 's/^[ABCDGIRSTW][ABCDGIRSTW]* .* \(.*\)$/extern char \1;/p': No such file or directory
ok
checking for sysroot... no
checking for a working dd... /usr/bin/dd
checking how to truncate binary pipes... /usr/bin/dd bs=4096 count=1
checking for x86_64-redhat-linux-gnu-mt... no
checking for mt... no
checking if : is a manifest tool... no
checking for dlfcn.h... yes
checking for objdir... .libs
checking if dioscc supports -fno-rtti -fno-exceptions... yes
checking for dioscc option to produce PIC... -fPIC -DPIC
checking if dioscc PIC flag -fPIC -DPIC works... yes
checking if dioscc static flag -static works... no
checking if dioscc supports -c -o file.o... yes
checking if dioscc supports -c -o file.o... (cached) yes
checking whether the dioscc linker (/usr/bin/ld -m elf_x86_64) supports shared libraries... yes
checking whether -lc should be explicitly linked in... yes
checking dynamic linker characteristics... GNU/Linux ld.so
checking how to hardcode library paths into programs... immediate
checking whether stripping libraries is possible... yes
checking if libtool supports shared libraries... yes
checking whether to build shared libraries... yes
checking whether to build static libraries... no
checking whether NLS is requested... yes
checking for msgfmt... /usr/bin/msgfmt
checking for gmsgfmt... /usr/bin/msgfmt
checking for xgettext... /usr/bin/xgettext
checking for msgmerge... /usr/bin/msgmerge
checking for ld used by dioscc... /usr/bin/ld -m elf_x86_64
checking if the linker (/usr/bin/ld -m elf_x86_64) is GNU ld... yes
checking for shared library run path origin... done
checking for CFPreferencesCopyAppValue... no
checking for CFLocaleCopyCurrent... no
checking for GNU gettext in libc... no
checking for iconv... yes
checking for working iconv... yes
checking for GNU gettext in libintl... no
checking whether to use NLS... no
checking for pam_start in -lpam... yes
checking python version... 3.10
checking crack.h usability... yes
checking crack.h presence... yes
checking for crack.h... yes
checking for FascistCheck in -lcrack... yes
checking whether byte ordering is bigendian... no
checking that generated files are newer than configure... done
configure: creating ./config.status
config.status: creating Makefile
config.status: creating libpwquality.spec
config.status: creating src/Makefile
config.status: creating src/pwquality.pc
config.status: creating po/Makefile.in
config.status: creating python/Makefile
config.status: creating doc/Makefile
config.status: creating doc/man/Makefile
config.status: creating python/setup.py
config.status: creating config.h
config.status: executing depfiles commands
config.status: executing libtool commands
config.status: executing po-directories commands
config.status: creating po/POTFILES
config.status: creating po/Makefile
+ /usr/bin/make -O -j4 V=1 VERBOSE=1
/usr/bin/make.orig  all-recursive
Making all in po
make.orig[2]: Nothing to be done for 'all'.
Making all in src
make.orig[2]: Entering directory '/builddir/build/BUILD/libpwquality-1.4.4/src'
dioscc -DHAVE_CONFIG_H -I. -I..     -O0 -c -o pwscore.o pwscore.c
make.orig[2]: Leaving directory '/builddir/build/BUILD/libpwquality-1.4.4/src'
make.orig[2]: Entering directory '/builddir/build/BUILD/libpwquality-1.4.4/src'
/bin/sh ../libtool  --tag=CC   --mode=compile dioscc -DHAVE_CONFIG_H -I. -I..     -O0 -c -o generate.lo generate.c
libtool: compile:  dioscc -DHAVE_CONFIG_H -I. -I.. -O0 -c generate.c  -fPIC -DPIC -o .libs/generate.o
make.orig[2]: Leaving directory '/builddir/build/BUILD/libpwquality-1.4.4/src'
make.orig[2]: Entering directory '/builddir/build/BUILD/libpwquality-1.4.4/src'
/bin/sh ../libtool  --tag=CC   --mode=compile dioscc -DHAVE_CONFIG_H -I. -I..     -O0 -c -o check.lo check.c
libtool: compile:  dioscc -DHAVE_CONFIG_H -I. -I.. -O0 -c check.c  -fPIC -DPIC -o .libs/check.o
make.orig[2]: Leaving directory '/builddir/build/BUILD/libpwquality-1.4.4/src'
make.orig[2]: Entering directory '/builddir/build/BUILD/libpwquality-1.4.4/src'
/bin/sh ../libtool  --tag=CC   --mode=compile dioscc -DHAVE_CONFIG_H -I. -I..     -O0 -c -o settings.lo settings.c
libtool: compile:  dioscc -DHAVE_CONFIG_H -I. -I.. -O0 -c settings.c  -fPIC -DPIC -o .libs/settings.o
make.orig[2]: Leaving directory '/builddir/build/BUILD/libpwquality-1.4.4/src'
make.orig[2]: Entering directory '/builddir/build/BUILD/libpwquality-1.4.4/src'
/bin/sh ../libtool  --tag=CC   --mode=compile dioscc -DHAVE_CONFIG_H -I. -I..     -O0 -c -o error.lo error.c
libtool: compile:  dioscc -DHAVE_CONFIG_H -I. -I.. -O0 -c error.c  -fPIC -DPIC -o .libs/error.o
make.orig[2]: Leaving directory '/builddir/build/BUILD/libpwquality-1.4.4/src'
make.orig[2]: Entering directory '/builddir/build/BUILD/libpwquality-1.4.4/src'
dioscc -DHAVE_CONFIG_H -I. -I..     -O0 -c -o pwmake.o pwmake.c
make.orig[2]: Leaving directory '/builddir/build/BUILD/libpwquality-1.4.4/src'
make.orig[2]: Entering directory '/builddir/build/BUILD/libpwquality-1.4.4/src'
/bin/sh ../libtool  --tag=CC   --mode=compile dioscc -DHAVE_CONFIG_H -I. -I..     -O0 -c -o pam_pwquality.lo pam_pwquality.c
libtool: compile:  dioscc -DHAVE_CONFIG_H -I. -I.. -O0 -c pam_pwquality.c  -fPIC -DPIC -o .libs/pam_pwquality.o
make.orig[2]: Leaving directory '/builddir/build/BUILD/libpwquality-1.4.4/src'
In file included from /builddir/build/BUILD/libpwquality-1.4.4/src/pam_pwquality.c:18: <--[dioscc]
/usr/include/libintl.h:40:6: error: expected function body after function declarator <--[dioscc]
     __THROW __attribute_format_arg__ (1);
     ^
/usr/include/libintl.h:45:6: error: expected function body after function declarator <--[dioscc]
     __THROW __attribute_format_arg__ (2);
     ^
/usr/include/libintl.h:47:6: error: expected function body after function declarator <--[dioscc]
     __THROW __attribute_format_arg__ (2);
     ^
/usr/include/libintl.h:53:6: error: expected function body after function declarator <--[dioscc]
     __THROW __attribute_format_arg__ (2);
     ^
/usr/include/libintl.h:56:6: error: expected function body after function declarator <--[dioscc]
     __THROW __attribute_format_arg__ (2);
     ^
/usr/include/libintl.h:63:6: error: expected function body after function declarator <--[dioscc]
     __THROW __attribute_format_arg__ (1) __attribute_format_arg__ (2);
     ^
/usr/include/libintl.h:69:6: error: expected function body after function declarator <--[dioscc]
     __THROW __attribute_format_arg__ (2) __attribute_format_arg__ (3);
     ^
/usr/include/libintl.h:76:6: error: expected function body after function declarator <--[dioscc]
     __THROW __attribute_format_arg__ (2) __attribute_format_arg__ (3);
     ^
/usr/include/libintl.h:82:52: error: expected function body after function declarator <--[dioscc]
extern char *textdomain (const char *__domainname) __THROW;
                                                   ^
/usr/include/libintl.h:87:32: error: expected function body after function declarator <--[dioscc]
                             const char *__dirname) __THROW;
                                                    ^
/usr/include/libintl.h:92:34: error: expected function body after function declarator <--[dioscc]
                                      const char *__codeset) __THROW;
                                                             ^
/builddir/build/BUILD/libpwquality-1.4.4/src/pam_pwquality.c:115:24: warning: implicit declaration of function 'fgetpwent_r' is invalid in C99 <--[dioscc]
                errn = fgetpwent_r(fp, &pw, buf, sizeof (buf), &pwp);
                       ^
1 warning and 11 errors generated.
Error building pam_pwquality.c
make.orig[2]: *** [Makefile:631: pam_pwquality.lo] Error 1
make.orig[2]: Entering directory '/builddir/build/BUILD/libpwquality-1.4.4/src'
/bin/sh ../libtool  --tag=CC   --mode=link dioscc  -O0 -no-undefined -Wl,--version-script=./libpwquality.map -version-info 1:2:0 -O0 -o libpwquality.la -rpath /usr/lib64 generate.lo check.lo settings.lo error.lo -lcrack  
libtool: link: dioscc -shared  -fPIC -DPIC  .libs/generate.o .libs/check.o .libs/settings.o .libs/error.o   -lcrack -lc -Wl,-z,now  -O0 -Wl,--version-script=./libpwquality.map -O0   -Wl,-soname -Wl,libpwquality.so.1 -o .libs/libpwquality.so.1.0.2
libtool: link: (cd ".libs" && rm -f "libpwquality.so.1" && ln -s "libpwquality.so.1.0.2" "libpwquality.so.1")
libtool: link: (cd ".libs" && rm -f "libpwquality.so" && ln -s "libpwquality.so.1.0.2" "libpwquality.so")
libtool: link: ( cd ".libs" && rm -f "libpwquality.la" && ln -s "../libpwquality.la" "libpwquality.la" )
make.orig[2]: Leaving directory '/builddir/build/BUILD/libpwquality-1.4.4/src'
Warning: bitcode not found in lib: crack
make.orig[2]: Entering directory '/builddir/build/BUILD/libpwquality-1.4.4/src'
/bin/sh ../libtool  --tag=CC   --mode=link dioscc  -O0  -O0 -o pwmake pwmake.o libpwquality.la  
libtool: link: dioscc -O0 -O0 -o .libs/pwmake pwmake.o  ./.libs/libpwquality.so -lcrack
make.orig[2]: Leaving directory '/builddir/build/BUILD/libpwquality-1.4.4/src'
Warning: bitcode not found in lib: crack
make.orig[2]: Entering directory '/builddir/build/BUILD/libpwquality-1.4.4/src'
/bin/sh ../libtool  --tag=CC   --mode=link dioscc  -O0  -O0 -o pwscore pwscore.o libpwquality.la  
libtool: link: dioscc -O0 -O0 -o .libs/pwscore pwscore.o  ./.libs/libpwquality.so -lcrack
make.orig[2]: Leaving directory '/builddir/build/BUILD/libpwquality-1.4.4/src'
Warning: bitcode not found in lib: crack
make.orig[2]: Target 'all' not remade because of errors.
Making all in doc
Making all in man
make.orig[3]: Nothing to be done for 'all'.
make.orig[3]: Nothing to be done for 'all-am'.
Making all in python
make.orig[2]: Entering directory '/builddir/build/BUILD/libpwquality-1.4.4/python'
CFLAGS="-O0 -fno-strict-aliasing" /usr/bin/python3 setup.py build --build-base py3.10
running build
running build_ext
building 'pwquality' extension
creating py3.10
creating py3.10/temp.linux-x86_64-3.10
dioscc -Wno-unused-result -Wsign-compare -DDYNAMIC_ANNOTATIONS_ENABLED=1 -DNDEBUG -O2 -fexceptions -g -grecord-gcc-switches -pipe -Wall -Werror=format-security -Wp,-D_FORTIFY_SOURCE=2 -Wp,-D_GLIBCXX_ASSERTIONS -fstack-protector-strong -m64 -mtune=generic -fasynchronous-unwind-tables -fstack-clash-protection -fcf-protection -D_GNU_SOURCE -fPIC -fwrapv -O2 -fexceptions -g -grecord-gcc-switches -pipe -Wall -Werror=format-security -Wp,-D_FORTIFY_SOURCE=2 -Wp,-D_GLIBCXX_ASSERTIONS -fstack-protector-strong -m64 -mtune=generic -fasynchronous-unwind-tables -fstack-clash-protection -fcf-protection -D_GNU_SOURCE -fPIC -fwrapv -O2 -fexceptions -g -grecord-gcc-switches -pipe -Wall -Werror=format-security -Wp,-D_FORTIFY_SOURCE=2 -Wp,-D_GLIBCXX_ASSERTIONS -fstack-protector-strong -m64 -mtune=generic -fasynchronous-unwind-tables -fstack-clash-protection -fcf-protection -D_GNU_SOURCE -fPIC -fwrapv -O0 -fno-strict-aliasing -fPIC -I../src -I/usr/include/python3.10 -c pwquality.c -o py3.10/temp.linux-x86_64-3.10/pwquality.o
make.orig[2]: Leaving directory '/builddir/build/BUILD/libpwquality-1.4.4/python'
/builddir/build/BUILD/libpwquality-1.4.4/python/setup.py:9: DeprecationWarning: The distutils package is deprecated and slated for removal in Python 3.12. Use setuptools or check PEP 632 for potential alternatives
  from distutils.core import setup, Extension
error: unknown argument: '-grecord-gcc-switches'
error: unknown argument: '-pipe'
error: unknown argument: '-fstack-protector-strong'
error: unknown argument: '-m64'
error: unknown argument: '-mtune=generic'
error: unknown argument: '-fasynchronous-unwind-tables'
error: unknown argument: '-fstack-clash-protection'
error: unknown argument: '-grecord-gcc-switches'
error: unknown argument: '-pipe'
error: unknown argument: '-fstack-protector-strong'
error: unknown argument: '-m64'
error: unknown argument: '-mtune=generic'
error: unknown argument: '-fasynchronous-unwind-tables'
error: unknown argument: '-fstack-clash-protection'
error: unknown argument: '-grecord-gcc-switches'
error: unknown argument: '-pipe'
error: unknown argument: '-fstack-protector-strong'
error: unknown argument: '-m64'
error: unknown argument: '-mtune=generic'
error: unknown argument: '-fasynchronous-unwind-tables'
error: unknown argument: '-fstack-clash-protection'
Failed to create a compiler invocation for pwquality.c
error: command '/usr/lib64/cswrap/dioscc' failed with exit code 1
make.orig[2]: *** [Makefile:480: all-local] Error 1
make.orig[2]: Target 'all' not remade because of errors.
make.orig[1]: *** [Makefile:439: all-recursive] Error 1
make.orig: *** [Makefile:369: all] Error 2

RPM build errors:
error: Bad exit status from /var/tmp/rpm-tmp.yR3D5z (%build)
    Bad exit status from /var/tmp/rpm-tmp.yR3D5z (%build)
Finish: chroot ['/bin/su mockbuild -l -c "PATH=/usr/lib64/cswrap:\\$PATH CSWRAP_CAP_FILE=\\$\'/builddir/cswrap-capture.err\' CSWRAP_TIMEOUT=\\$\'30\' CSWRAP_TIMEOUT_FOR=\\$\':\' CC=\\$\'dioscc\' CXX=\\$\'diosc++\' CSEXEC_WRAP_CMD=\\$\'--skip-ld-linux\\\\a/usr/bin/csexec-divine\\\\a-l\\\\a/builddir/divine-capture\\\\a-d\\\\acheck --lart stubs -o ignore:notimplemented -o ignore:exit --max-time 8 \' CSWRAP_ADD_CFLAGS=\\$\'-Wno-unknown-pragmas:-Wno-unknown-warning-option:-O0:-g:-Wl,--dynamic-linker,/usr/bin/csexec-loader:-Wno-unknown-pragmas:-Wl,--dynamic-linker,/usr/bin/csexec-loader\' CSWRAP_DEL_CFLAGS=\\$\'-Werror*:-fdiagnostics-color*:-no-canonical-prefixes:-Wno-error=deprecated-register:-O1:-O2:-O3:-Os:-Ofast:-Og:-Werror*:-fdiagnostics-color*:-no-canonical-prefixes:-Wno-error=deprecated-register\' CSWRAP_ADD_CXXFLAGS=\\$\'-Wno-unknown-warning-option:-O0:-g:-Wl,--dynamic-linker,/usr/bin/csexec-loader:-Wl,--dynamic-linker,/usr/bin/csexec-loader\' CSWRAP_DEL_CXXFLAGS=\\$\'-Werror*:-fdiagnostics-color*:-no-canonical-prefixes:-Wno-error=deprecated-register:-O1:-O2:-O3:-Os:-Ofast:-Og:-Werror*:-fdiagnostics-color*:-no-canonical-prefixes:-Wno-error=deprecated-register\' sh -c \\"rpmbuild -bc --nodeps --short-circuit /builddir/build/SPECS/libpwquality.spec \'--define\' \'_unpackaged_files_terminate_build 0\' \'--define\' \'apidocs 0\' \'--define\' \'with_publican 0\' \'--without\' \'docs\' \'--without\' \'langpacks\' \'--define\' \'__cc dioscc\' \'--define\' \'__cxx diosc++\' \'--define\' \'__cpp dioscc -E\' \'--define\' \'toolchain clang\' \'--define\' \'optflags -O0\' \'--define\' \'build_ldflags -O0\'\\""']

!!! 2023-01-26 06:07:08	error: %build failed

>>> 2023-01-26 06:07:08	"/usr/bin/mock" "-r" "fedora-35-x86_64" "--plugin-option=tmpfs:keep_mounted=True" "--config-opts=print_main_output=True" "--chroot" "/bin/su mockbuild -l -c \"PATH=/usr/lib64/cswrap:\\\$PATH CSWRAP_CAP_FILE=\\\$'/builddir/cswrap-capture.err' CSWRAP_TIMEOUT=\\\$'30' CSWRAP_TIMEOUT_FOR=\\\$':' CC=\\\$'dioscc' CXX=\\\$'diosc++' CSEXEC_WRAP_CMD=\\\$'--skip-ld-linux\\\\a/usr/bin/csexec-divine\\\\a-l\\\\a/builddir/divine-capture\\\\a-d\\\\acheck --lart stubs -o ignore:notimplemented -o ignore:exit --max-time 8 ' CSWRAP_ADD_CFLAGS=\\\$'-Wno-unknown-pragmas:-Wno-unknown-warning-option:-O0:-g:-Wl,--dynamic-linker,/usr/bin/csexec-loader:-Wno-unknown-pragmas:-Wl,--dynamic-linker,/usr/bin/csexec-loader' CSWRAP_DEL_CFLAGS=\\\$'-Werror*:-fdiagnostics-color*:-no-canonical-prefixes:-Wno-error=deprecated-register:-O1:-O2:-O3:-Os:-Ofast:-Og:-Werror*:-fdiagnostics-color*:-no-canonical-prefixes:-Wno-error=deprecated-register' CSWRAP_ADD_CXXFLAGS=\\\$'-Wno-unknown-warning-option:-O0:-g:-Wl,--dynamic-linker,/usr/bin/csexec-loader:-Wl,--dynamic-linker,/usr/bin/csexec-loader' CSWRAP_DEL_CXXFLAGS=\\\$'-Werror*:-fdiagnostics-color*:-no-canonical-prefixes:-Wno-error=deprecated-register:-O1:-O2:-O3:-Os:-Ofast:-Og:-Werror*:-fdiagnostics-color*:-no-canonical-prefixes:-Wno-error=deprecated-register' sh -c \\\"rpmbuild -bi --nodeps --short-circuit /builddir/build/SPECS/libpwquality.spec '--define' '_unpackaged_files_terminate_build 0' '--define' 'apidocs 0' '--define' 'with_publican 0' '--without' 'docs' '--without' 'langpacks' '--define' '__cc dioscc' '--define' '__cxx diosc++' '--define' '__cpp dioscc -E' '--define' 'toolchain clang' '--define' 'optflags -O0' '--define' 'build_ldflags -O0'\\\"\""
INFO: mock.py version 3.5 starting (python version = 3.10.9, NVR = mock-3.5-1.fc36)...
Start(bootstrap): init plugins
INFO: selinux enabled
Finish(bootstrap): init plugins
Start: init plugins
INFO: selinux enabled
Finish: init plugins
INFO: Signal handler active
Start: run
Start(bootstrap): chroot init
INFO: calling preinit hooks
INFO: enabled root cache
INFO: enabled package manager cache
Start(bootstrap): cleaning package manager metadata
Finish(bootstrap): cleaning package manager metadata
INFO: enabled HW Info plugin
Mock Version: 3.5
INFO: Mock Version: 3.5
Finish(bootstrap): chroot init
Start: chroot init
INFO: calling preinit hooks
INFO: enabled root cache
INFO: enabled package manager cache
Start: cleaning package manager metadata
Finish: cleaning package manager metadata
INFO: enabled HW Info plugin
Mock Version: 3.5
INFO: Mock Version: 3.5
Finish: chroot init
INFO: Running in chroot: ['/bin/su mockbuild -l -c "PATH=/usr/lib64/cswrap:\\$PATH CSWRAP_CAP_FILE=\\$\'/builddir/cswrap-capture.err\' CSWRAP_TIMEOUT=\\$\'30\' CSWRAP_TIMEOUT_FOR=\\$\':\' CC=\\$\'dioscc\' CXX=\\$\'diosc++\' CSEXEC_WRAP_CMD=\\$\'--skip-ld-linux\\\\a/usr/bin/csexec-divine\\\\a-l\\\\a/builddir/divine-capture\\\\a-d\\\\acheck --lart stubs -o ignore:notimplemented -o ignore:exit --max-time 8 \' CSWRAP_ADD_CFLAGS=\\$\'-Wno-unknown-pragmas:-Wno-unknown-warning-option:-O0:-g:-Wl,--dynamic-linker,/usr/bin/csexec-loader:-Wno-unknown-pragmas:-Wl,--dynamic-linker,/usr/bin/csexec-loader\' CSWRAP_DEL_CFLAGS=\\$\'-Werror*:-fdiagnostics-color*:-no-canonical-prefixes:-Wno-error=deprecated-register:-O1:-O2:-O3:-Os:-Ofast:-Og:-Werror*:-fdiagnostics-color*:-no-canonical-prefixes:-Wno-error=deprecated-register\' CSWRAP_ADD_CXXFLAGS=\\$\'-Wno-unknown-warning-option:-O0:-g:-Wl,--dynamic-linker,/usr/bin/csexec-loader:-Wl,--dynamic-linker,/usr/bin/csexec-loader\' CSWRAP_DEL_CXXFLAGS=\\$\'-Werror*:-fdiagnostics-color*:-no-canonical-prefixes:-Wno-error=deprecated-register:-O1:-O2:-O3:-Os:-Ofast:-Og:-Werror*:-fdiagnostics-color*:-no-canonical-prefixes:-Wno-error=deprecated-register\' sh -c \\"rpmbuild -bi --nodeps --short-circuit /builddir/build/SPECS/libpwquality.spec \'--define\' \'_unpackaged_files_terminate_build 0\' \'--define\' \'apidocs 0\' \'--define\' \'with_publican 0\' \'--without\' \'docs\' \'--without\' \'langpacks\' \'--define\' \'__cc dioscc\' \'--define\' \'__cxx diosc++\' \'--define\' \'__cpp dioscc -E\' \'--define\' \'toolchain clang\' \'--define\' \'optflags -O0\' \'--define\' \'build_ldflags -O0\'\\""']
Start: chroot ['/bin/su mockbuild -l -c "PATH=/usr/lib64/cswrap:\\$PATH CSWRAP_CAP_FILE=\\$\'/builddir/cswrap-capture.err\' CSWRAP_TIMEOUT=\\$\'30\' CSWRAP_TIMEOUT_FOR=\\$\':\' CC=\\$\'dioscc\' CXX=\\$\'diosc++\' CSEXEC_WRAP_CMD=\\$\'--skip-ld-linux\\\\a/usr/bin/csexec-divine\\\\a-l\\\\a/builddir/divine-capture\\\\a-d\\\\acheck --lart stubs -o ignore:notimplemented -o ignore:exit --max-time 8 \' CSWRAP_ADD_CFLAGS=\\$\'-Wno-unknown-pragmas:-Wno-unknown-warning-option:-O0:-g:-Wl,--dynamic-linker,/usr/bin/csexec-loader:-Wno-unknown-pragmas:-Wl,--dynamic-linker,/usr/bin/csexec-loader\' CSWRAP_DEL_CFLAGS=\\$\'-Werror*:-fdiagnostics-color*:-no-canonical-prefixes:-Wno-error=deprecated-register:-O1:-O2:-O3:-Os:-Ofast:-Og:-Werror*:-fdiagnostics-color*:-no-canonical-prefixes:-Wno-error=deprecated-register\' CSWRAP_ADD_CXXFLAGS=\\$\'-Wno-unknown-warning-option:-O0:-g:-Wl,--dynamic-linker,/usr/bin/csexec-loader:-Wl,--dynamic-linker,/usr/bin/csexec-loader\' CSWRAP_DEL_CXXFLAGS=\\$\'-Werror*:-fdiagnostics-color*:-no-canonical-prefixes:-Wno-error=deprecated-register:-O1:-O2:-O3:-Os:-Ofast:-Og:-Werror*:-fdiagnostics-color*:-no-canonical-prefixes:-Wno-error=deprecated-register\' sh -c \\"rpmbuild -bi --nodeps --short-circuit /builddir/build/SPECS/libpwquality.spec \'--define\' \'_unpackaged_files_terminate_build 0\' \'--define\' \'apidocs 0\' \'--define\' \'with_publican 0\' \'--without\' \'docs\' \'--without\' \'langpacks\' \'--define\' \'__cc dioscc\' \'--define\' \'__cxx diosc++\' \'--define\' \'__cpp dioscc -E\' \'--define\' \'toolchain clang\' \'--define\' \'optflags -O0\' \'--define\' \'build_ldflags -O0\'\\""']
setting SOURCE_DATE_EPOCH=1628640000
Executing(%install): /bin/sh -e /var/tmp/rpm-tmp.7DgsVc
+ umask 022
+ cd /builddir/build/BUILD
+ '[' /builddir/build/BUILDROOT/libpwquality-1.4.4-6.fc35.x86_64 '!=' / ']'
+ rm -rf /builddir/build/BUILDROOT/libpwquality-1.4.4-6.fc35.x86_64
++ dirname /builddir/build/BUILDROOT/libpwquality-1.4.4-6.fc35.x86_64
+ mkdir -p /builddir/build/BUILDROOT
+ mkdir /builddir/build/BUILDROOT/libpwquality-1.4.4-6.fc35.x86_64
+ cd libpwquality-1.4.4
+ /usr/bin/make install DESTDIR=/builddir/build/BUILDROOT/libpwquality-1.4.4-6.fc35.x86_64 'INSTALL=/usr/bin/install -p'
Making install in po
make.orig[1]: Entering directory '/builddir/build/BUILD/libpwquality-1.4.4/po'
if test "libpwquality" = "gettext-tools"; then \
  /usr/bin/mkdir -p /builddir/build/BUILDROOT/libpwquality-1.4.4-6.fc35.x86_64/usr/share/gettext/po; \
  for file in Makefile.in.in remove-potcdate.sin quot.sed boldquot.sed en@quot.header en@boldquot.header insert-header.sin Rules-quot   Makevars.template; do \
    /usr/bin/install -p -m 644 ./$file \
		    /builddir/build/BUILDROOT/libpwquality-1.4.4-6.fc35.x86_64/usr/share/gettext/po/$file; \
  done; \
  for file in Makevars; do \
    rm -f /builddir/build/BUILDROOT/libpwquality-1.4.4-6.fc35.x86_64/usr/share/gettext/po/$file; \
  done; \
else \
  : ; \
fi
make.orig[1]: Leaving directory '/builddir/build/BUILD/libpwquality-1.4.4/po'
Making install in src
make.orig[1]: Entering directory '/builddir/build/BUILD/libpwquality-1.4.4/src'
/bin/sh ../libtool  --tag=CC   --mode=compile dioscc -DHAVE_CONFIG_H -I. -I..     -O0 -c -o pam_pwquality.lo pam_pwquality.c
libtool: compile:  dioscc -DHAVE_CONFIG_H -I. -I.. -O0 -c pam_pwquality.c  -fPIC -DPIC -o .libs/pam_pwquality.o
In file included from /builddir/build/BUILD/libpwquality-1.4.4/src/pam_pwquality.c:18: <--[dioscc]
/usr/include/libintl.h:40:6: error: expected function body after function declarator <--[dioscc]
     __THROW __attribute_format_arg__ (1);
     ^
/usr/include/libintl.h:45:6: error: expected function body after function declarator <--[dioscc]
     __THROW __attribute_format_arg__ (2);
     ^
/usr/include/libintl.h:47:6: error: expected function body after function declarator <--[dioscc]
     __THROW __attribute_format_arg__ (2);
     ^
/usr/include/libintl.h:53:6: error: expected function body after function declarator <--[dioscc]
     __THROW __attribute_format_arg__ (2);
     ^
/usr/include/libintl.h:56:6: error: expected function body after function declarator <--[dioscc]
     __THROW __attribute_format_arg__ (2);
     ^
/usr/include/libintl.h:63:6: error: expected function body after function declarator <--[dioscc]
     __THROW __attribute_format_arg__ (1) __attribute_format_arg__ (2);
     ^
/usr/include/libintl.h:69:6: error: expected function body after function declarator <--[dioscc]
     __THROW __attribute_format_arg__ (2) __attribute_format_arg__ (3);
     ^
/usr/include/libintl.h:76:6: error: expected function body after function declarator <--[dioscc]
     __THROW __attribute_format_arg__ (2) __attribute_format_arg__ (3);
     ^
/usr/include/libintl.h:82:52: error: expected function body after function declarator <--[dioscc]
extern char *textdomain (const char *__domainname) __THROW;
                                                   ^
/usr/include/libintl.h:87:32: error: expected function body after function declarator <--[dioscc]
                             const char *__dirname) __THROW;
                                                    ^
/usr/include/libintl.h:92:34: error: expected function body after function declarator <--[dioscc]
                                      const char *__codeset) __THROW;
                                                             ^
/builddir/build/BUILD/libpwquality-1.4.4/src/pam_pwquality.c:115:24: warning: implicit declaration of function 'fgetpwent_r' is invalid in C99 <--[dioscc]
                errn = fgetpwent_r(fp, &pw, buf, sizeof (buf), &pwp);
                       ^
1 warning and 11 errors generated.
Error building pam_pwquality.c
make.orig[1]: *** [Makefile:631: pam_pwquality.lo] Error 1
make.orig[1]: Leaving directory '/builddir/build/BUILD/libpwquality-1.4.4/src'
make.orig[1]: Target 'install' not remade because of errors.
Making install in doc
make.orig[1]: Entering directory '/builddir/build/BUILD/libpwquality-1.4.4/doc'
Making install in man
make.orig[2]: Entering directory '/builddir/build/BUILD/libpwquality-1.4.4/doc/man'
make.orig[3]: Entering directory '/builddir/build/BUILD/libpwquality-1.4.4/doc/man'
make.orig[3]: Nothing to be done for 'install-exec-am'.
 /usr/bin/mkdir -p '/builddir/build/BUILDROOT/libpwquality-1.4.4-6.fc35.x86_64/usr/share/man/man1'
 /usr/bin/install -p -m 644 pwmake.1 pwscore.1 '/builddir/build/BUILDROOT/libpwquality-1.4.4-6.fc35.x86_64/usr/share/man/man1'
 /usr/bin/mkdir -p '/builddir/build/BUILDROOT/libpwquality-1.4.4-6.fc35.x86_64/usr/share/man/man3'
 /usr/bin/install -p -m 644 pwquality.3 '/builddir/build/BUILDROOT/libpwquality-1.4.4-6.fc35.x86_64/usr/share/man/man3'
 /usr/bin/mkdir -p '/builddir/build/BUILDROOT/libpwquality-1.4.4-6.fc35.x86_64/usr/share/man/man5'
 /usr/bin/install -p -m 644 pwquality.conf.5 '/builddir/build/BUILDROOT/libpwquality-1.4.4-6.fc35.x86_64/usr/share/man/man5'
 /usr/bin/mkdir -p '/builddir/build/BUILDROOT/libpwquality-1.4.4-6.fc35.x86_64/usr/share/man/man8'
 /usr/bin/install -p -m 644 pam_pwquality.8 '/builddir/build/BUILDROOT/libpwquality-1.4.4-6.fc35.x86_64/usr/share/man/man8'
make.orig[3]: Leaving directory '/builddir/build/BUILD/libpwquality-1.4.4/doc/man'
make.orig[2]: Leaving directory '/builddir/build/BUILD/libpwquality-1.4.4/doc/man'
make.orig[2]: Entering directory '/builddir/build/BUILD/libpwquality-1.4.4/doc'
make.orig[3]: Entering directory '/builddir/build/BUILD/libpwquality-1.4.4/doc'
make.orig[3]: Nothing to be done for 'install-exec-am'.
make.orig[3]: Nothing to be done for 'install-data-am'.
make.orig[3]: Leaving directory '/builddir/build/BUILD/libpwquality-1.4.4/doc'
make.orig[2]: Leaving directory '/builddir/build/BUILD/libpwquality-1.4.4/doc'
make.orig[1]: Leaving directory '/builddir/build/BUILD/libpwquality-1.4.4/doc'
Making install in python
make.orig[1]: Entering directory '/builddir/build/BUILD/libpwquality-1.4.4/python'
CFLAGS="-O0 -fno-strict-aliasing" /usr/bin/python3 setup.py build --build-base py3.10
/builddir/build/BUILD/libpwquality-1.4.4/python/setup.py:9: DeprecationWarning: The distutils package is deprecated and slated for removal in Python 3.12. Use setuptools or check PEP 632 for potential alternatives
  from distutils.core import setup, Extension
running build
running build_ext
building 'pwquality' extension
dioscc -Wno-unused-result -Wsign-compare -DDYNAMIC_ANNOTATIONS_ENABLED=1 -DNDEBUG -O2 -fexceptions -g -grecord-gcc-switches -pipe -Wall -Werror=format-security -Wp,-D_FORTIFY_SOURCE=2 -Wp,-D_GLIBCXX_ASSERTIONS -fstack-protector-strong -m64 -mtune=generic -fasynchronous-unwind-tables -fstack-clash-protection -fcf-protection -D_GNU_SOURCE -fPIC -fwrapv -O2 -fexceptions -g -grecord-gcc-switches -pipe -Wall -Werror=format-security -Wp,-D_FORTIFY_SOURCE=2 -Wp,-D_GLIBCXX_ASSERTIONS -fstack-protector-strong -m64 -mtune=generic -fasynchronous-unwind-tables -fstack-clash-protection -fcf-protection -D_GNU_SOURCE -fPIC -fwrapv -O2 -fexceptions -g -grecord-gcc-switches -pipe -Wall -Werror=format-security -Wp,-D_FORTIFY_SOURCE=2 -Wp,-D_GLIBCXX_ASSERTIONS -fstack-protector-strong -m64 -mtune=generic -fasynchronous-unwind-tables -fstack-clash-protection -fcf-protection -D_GNU_SOURCE -fPIC -fwrapv -O0 -fno-strict-aliasing -fPIC -I../src -I/usr/include/python3.10 -c pwquality.c -o py3.10/temp.linux-x86_64-3.10/pwquality.o
error: unknown argument: '-grecord-gcc-switches'
error: unknown argument: '-pipe'
error: unknown argument: '-fstack-protector-strong'
error: unknown argument: '-m64'
error: unknown argument: '-mtune=generic'
error: unknown argument: '-fasynchronous-unwind-tables'
error: unknown argument: '-fstack-clash-protection'
error: unknown argument: '-grecord-gcc-switches'
error: unknown argument: '-pipe'
error: unknown argument: '-fstack-protector-strong'
error: unknown argument: '-m64'
error: unknown argument: '-mtune=generic'
error: unknown argument: '-fasynchronous-unwind-tables'
error: unknown argument: '-fstack-clash-protection'
error: unknown argument: '-grecord-gcc-switches'
error: unknown argument: '-pipe'
error: unknown argument: '-fstack-protector-strong'
error: unknown argument: '-m64'
error: unknown argument: '-mtune=generic'
error: unknown argument: '-fasynchronous-unwind-tables'
error: unknown argument: '-fstack-clash-protection'
Failed to create a compiler invocation for pwquality.c
error: command '/usr/lib64/cswrap/dioscc' failed with exit code 1
make.orig[1]: *** [Makefile:480: all-local] Error 1
make.orig[1]: Target 'install' not remade because of errors.
make.orig[1]: Leaving directory '/builddir/build/BUILD/libpwquality-1.4.4/python'
make.orig[1]: Entering directory '/builddir/build/BUILD/libpwquality-1.4.4'
make.orig[2]: Entering directory '/builddir/build/BUILD/libpwquality-1.4.4'
make.orig[2]: Nothing to be done for 'install-exec-am'.
make.orig[2]: Nothing to be done for 'install-data-am'.
make.orig[2]: Leaving directory '/builddir/build/BUILD/libpwquality-1.4.4'
make.orig[1]: Leaving directory '/builddir/build/BUILD/libpwquality-1.4.4'
make.orig: *** [Makefile:439: install-recursive] Error 1
make.orig: Target 'install' not remade because of errors.
error: Bad exit status from /var/tmp/rpm-tmp.7DgsVc (%install)
    Bad exit status from /var/tmp/rpm-tmp.7DgsVc (%install)

RPM build errors:
Finish: chroot ['/bin/su mockbuild -l -c "PATH=/usr/lib64/cswrap:\\$PATH CSWRAP_CAP_FILE=\\$\'/builddir/cswrap-capture.err\' CSWRAP_TIMEOUT=\\$\'30\' CSWRAP_TIMEOUT_FOR=\\$\':\' CC=\\$\'dioscc\' CXX=\\$\'diosc++\' CSEXEC_WRAP_CMD=\\$\'--skip-ld-linux\\\\a/usr/bin/csexec-divine\\\\a-l\\\\a/builddir/divine-capture\\\\a-d\\\\acheck --lart stubs -o ignore:notimplemented -o ignore:exit --max-time 8 \' CSWRAP_ADD_CFLAGS=\\$\'-Wno-unknown-pragmas:-Wno-unknown-warning-option:-O0:-g:-Wl,--dynamic-linker,/usr/bin/csexec-loader:-Wno-unknown-pragmas:-Wl,--dynamic-linker,/usr/bin/csexec-loader\' CSWRAP_DEL_CFLAGS=\\$\'-Werror*:-fdiagnostics-color*:-no-canonical-prefixes:-Wno-error=deprecated-register:-O1:-O2:-O3:-Os:-Ofast:-Og:-Werror*:-fdiagnostics-color*:-no-canonical-prefixes:-Wno-error=deprecated-register\' CSWRAP_ADD_CXXFLAGS=\\$\'-Wno-unknown-warning-option:-O0:-g:-Wl,--dynamic-linker,/usr/bin/csexec-loader:-Wl,--dynamic-linker,/usr/bin/csexec-loader\' CSWRAP_DEL_CXXFLAGS=\\$\'-Werror*:-fdiagnostics-color*:-no-canonical-prefixes:-Wno-error=deprecated-register:-O1:-O2:-O3:-Os:-Ofast:-Og:-Werror*:-fdiagnostics-color*:-no-canonical-prefixes:-Wno-error=deprecated-register\' sh -c \\"rpmbuild -bi --nodeps --short-circuit /builddir/build/SPECS/libpwquality.spec \'--define\' \'_unpackaged_files_terminate_build 0\' \'--define\' \'apidocs 0\' \'--define\' \'with_publican 0\' \'--without\' \'docs\' \'--without\' \'langpacks\' \'--define\' \'__cc dioscc\' \'--define\' \'__cxx diosc++\' \'--define\' \'__cpp dioscc -E\' \'--define\' \'toolchain clang\' \'--define\' \'optflags -O0\' \'--define\' \'build_ldflags -O0\'\\""']

!!! 2023-01-26 06:07:14	error: %install failed

>>> 2023-01-26 06:07:14	"'/usr/bin/mock' '-r' 'fedora-35-x86_64' '--plugin-option=tmpfs:keep_mounted=True' '--config-opts=print_main_output=True' '--quiet' '--shell' 'tar -c --remove-files '/builddir/cswrap-capture.err' '/builddir/divine-capture'' | tar -xC '/home/mockbuilder/aufover-benchmark/workdir-for-sync/rpm-pkgs/libpwquality-1.4.4-6.fc35/divine/output/debug/raw-results'"
tar: Removing leading `/' from member names
tar: Removing leading `/' from hard link targets

>>> 2023-01-26 06:07:20	"chmod" "-R" "+r" "/home/mockbuilder/aufover-benchmark/workdir-for-sync/rpm-pkgs/libpwquality-1.4.4-6.fc35/divine/output/debug/raw-results/builddir/divine-capture"

>>> 2023-01-26 06:07:20	"cd '/home/mockbuilder/aufover-benchmark/workdir-for-sync/rpm-pkgs/libpwquality-1.4.4-6.fc35/divine/output/debug/raw-results/builddir/divine-capture' && touch empty.conv && csgrep --mode=json --remove-duplicates *.conv > '/home/mockbuilder/aufover-benchmark/workdir-for-sync/rpm-pkgs/libpwquality-1.4.4-6.fc35/divine/output/debug/uni-results/divine-capture.js'"

scan.ini: time-finished = 2023-01-26 06:07:20
scan.ini: exit-code = 1
>>> 2023-01-26 06:07:20	"cslinker --quiet --cwelist '/usr/share/csmock/cwe-map.csv' --inifile '/home/mockbuilder/aufover-benchmark/workdir-for-sync/rpm-pkgs/libpwquality-1.4.4-6.fc35/divine/output/scan.ini' '/home/mockbuilder/aufover-benchmark/workdir-for-sync/rpm-pkgs/libpwquality-1.4.4-6.fc35/divine/output/debug/uni-results'/* > '/home/mockbuilder/aufover-benchmark/workdir-for-sync/rpm-pkgs/libpwquality-1.4.4-6.fc35/divine/output/debug/scan-results-all.js'"

>>> 2023-01-26 06:07:20	"'/usr/bin/mock' '-r' 'fedora-35-x86_64' '--plugin-option=tmpfs:keep_mounted=True' '--config-opts=print_main_output=True' '--quiet' '--shell' 'csgrep --mode=json --embed-context 3' < '/home/mockbuilder/aufover-benchmark/workdir-for-sync/rpm-pkgs/libpwquality-1.4.4-6.fc35/divine/output/debug/scan-results-all.js' > '/home/mockbuilder/aufover-benchmark/workdir-for-sync/rpm-pkgs/libpwquality-1.4.4-6.fc35/divine/output/debug/scan-results-all.js.tmp'"

>>> 2023-01-26 06:07:25	"/usr/bin/mock" "-r" "fedora-35-x86_64" "--plugin-option=tmpfs:keep_mounted=True" "--config-opts=print_main_output=True" "--quiet" "--clean"

>>> 2023-01-26 06:07:40	"cat '/home/mockbuilder/aufover-benchmark/workdir-for-sync/rpm-pkgs/libpwquality-1.4.4-6.fc35/divine/output/debug/scan-results-all.js' | sed 's|/builddir/build/BUILDROOT/[^/]*/|/builddir/build/BUILD//|' | csgrep --mode=json --path '^/builddir/build/BUILD/' --strip-path-prefix /builddir/build/BUILD/ | csgrep --mode=json --invert-match --path '^ksh-.*[0-9]+\\.c\$' | csgrep --mode=json --invert-match --path 'CMakeFiles/CMakeTmp|conftest.c' | cssort --key=path > '/home/mockbuilder/aufover-benchmark/workdir-for-sync/rpm-pkgs/libpwquality-1.4.4-6.fc35/divine/output/scan-results.js'"

>>> 2023-01-26 06:07:40	"sed 's|/builddir/build/BUILDROOT/[^/]*/|/builddir/build/BUILD//|' '/home/mockbuilder/aufover-benchmark/workdir-for-sync/rpm-pkgs/libpwquality-1.4.4-6.fc35/divine/output/debug/scan-results-all.js' | csgrep --mode=json --strip-path-prefix /builddir/build/BUILD/ | csdiff --show-internal '/home/mockbuilder/aufover-benchmark/workdir-for-sync/rpm-pkgs/libpwquality-1.4.4-6.fc35/divine/output/scan-results.js' - | cssort > '/home/mockbuilder/aufover-benchmark/workdir-for-sync/rpm-pkgs/libpwquality-1.4.4-6.fc35/divine/output/debug/suppressed-results.js'"

>>> 2023-01-26 06:07:40	"csgrep --mode=grep --invert-match --event \"internal warning\" --prune-events=1 '/home/mockbuilder/aufover-benchmark/workdir-for-sync/rpm-pkgs/libpwquality-1.4.4-6.fc35/divine/output/debug/suppressed-results.js' > '/home/mockbuilder/aufover-benchmark/workdir-for-sync/rpm-pkgs/libpwquality-1.4.4-6.fc35/divine/output/debug/suppressed-results.err'"

>>> 2023-01-26 06:07:40	"csgrep --mode=json --invert-match --event \"internal warning\" --prune-events=1 '/home/mockbuilder/aufover-benchmark/workdir-for-sync/rpm-pkgs/libpwquality-1.4.4-6.fc35/divine/output/debug/suppressed-results.js' | cshtml - > '/home/mockbuilder/aufover-benchmark/workdir-for-sync/rpm-pkgs/libpwquality-1.4.4-6.fc35/divine/output/debug/suppressed-results.html'"

>>> 2023-01-26 06:07:40	"csgrep --mode=evtstat --invert-match --event \"internal warning\" --prune-events=1 '/home/mockbuilder/aufover-benchmark/workdir-for-sync/rpm-pkgs/libpwquality-1.4.4-6.fc35/divine/output/debug/suppressed-results.js' | tee '/home/mockbuilder/aufover-benchmark/workdir-for-sync/rpm-pkgs/libpwquality-1.4.4-6.fc35/divine/output/debug/suppressed-results-summary.txt'"

>>> 2023-01-26 06:07:40	"csgrep --mode=grep --invert-match --event \"internal warning\" --prune-events=1 '/home/mockbuilder/aufover-benchmark/workdir-for-sync/rpm-pkgs/libpwquality-1.4.4-6.fc35/divine/output/scan-results.js' > '/home/mockbuilder/aufover-benchmark/workdir-for-sync/rpm-pkgs/libpwquality-1.4.4-6.fc35/divine/output/scan-results.err'"

>>> 2023-01-26 06:07:40	"csgrep --mode=json --invert-match --event \"internal warning\" --prune-events=1 '/home/mockbuilder/aufover-benchmark/workdir-for-sync/rpm-pkgs/libpwquality-1.4.4-6.fc35/divine/output/scan-results.js' | cshtml - > '/home/mockbuilder/aufover-benchmark/workdir-for-sync/rpm-pkgs/libpwquality-1.4.4-6.fc35/divine/output/scan-results.html'"

>>> 2023-01-26 06:07:40	"csgrep --mode=evtstat --invert-match --event \"internal warning\" --prune-events=1 '/home/mockbuilder/aufover-benchmark/workdir-for-sync/rpm-pkgs/libpwquality-1.4.4-6.fc35/divine/output/scan-results.js' | tee '/home/mockbuilder/aufover-benchmark/workdir-for-sync/rpm-pkgs/libpwquality-1.4.4-6.fc35/divine/output/scan-results-summary.txt'"
      1	COMPILER_WARNING                                	warning

<<< 2023-01-26 06:07:40	csmock exit code: 1

