scan.ini: [scan]
scan.ini: tool = csmock
scan.ini: tool-version = csmock-3.3.5-1.fc36
scan.ini: tool-args = '/usr/bin/csmock' '-o' '/home/mockbuilder/aufover-benchmark/workdir-for-sync/rpm-pkgs/python-dmidecode-3.12.2-25.fc35/symbiotic/output' '-f' '/home/mockbuilder/aufover-benchmark/workdir-for-sync/rpm-pkgs/python-dmidecode-3.12.2-25.fc35/python-dmidecode-3.12.2-25.fc35.src.rpm' '-r' 'fedora-35-x86_64' '-t' 'symbiotic' '--symbiotic-timeout=8' '--keep-going'
scan.ini: host = dell-pe-fm120-2a.dell2.lab.eng.bos.redhat.com
scan.ini: store-results-to = /home/mockbuilder/aufover-benchmark/workdir-for-sync/rpm-pkgs/python-dmidecode-3.12.2-25.fc35/symbiotic/output
scan.ini: time-created = 2023-01-29 15:15:11
scan.ini: enabled-plugins = symbiotic, gcc
scan.ini: mock-config = fedora-35-x86_64
scan.ini: project-name = python-dmidecode-3.12.2-25.fc35
>>> 2023-01-29 15:15:11	"rpm -qa | sort -V > '/home/mockbuilder/aufover-benchmark/workdir-for-sync/rpm-pkgs/python-dmidecode-3.12.2-25.fc35/symbiotic/output/debug/rpm-list-host.txt'"

>>> 2023-01-29 15:15:12	"/usr/bin/mock" "-r" "fedora-35-x86_64" "--plugin-option=tmpfs:keep_mounted=True" "--config-opts=print_main_output=True" "--init"
INFO: mock.py version 3.5 starting (python version = 3.10.9, NVR = mock-3.5-1.fc36)...
Start(bootstrap): init plugins
INFO: selinux enabled
Finish(bootstrap): init plugins
Start: init plugins
INFO: selinux enabled
Finish: init plugins
INFO: Signal handler active
Start: run
Start: clean chroot
Finish: clean chroot
Start(bootstrap): chroot init
INFO: calling preinit hooks
INFO: enabled root cache
INFO: enabled package manager cache
Start(bootstrap): cleaning package manager metadata
Finish(bootstrap): cleaning package manager metadata
INFO: enabled HW Info plugin
Mock Version: 3.5
INFO: Mock Version: 3.5
Finish(bootstrap): chroot init
Start: chroot init
INFO: calling preinit hooks
INFO: enabled root cache
Start: unpacking root cache
Finish: unpacking root cache
INFO: enabled package manager cache
Start: cleaning package manager metadata
Finish: cleaning package manager metadata
INFO: enabled HW Info plugin
Mock Version: 3.5
INFO: Mock Version: 3.5
Finish: chroot init
Finish: run

>>> 2023-01-29 15:15:20	"/usr/bin/mock" "-r" "fedora-35-x86_64" "--plugin-option=tmpfs:keep_mounted=True" "--config-opts=print_main_output=True" "--quiet" "--installdeps" "/tmp/csmockjb7rulv2/python-dmidecode-3.12.2-25.fc35.src.rpm"
No matches found for the following disable plugin patterns: local, spacewalk, versionlock
fedora                   [===                 ] ---  B/s |   0  B     --:-- ETAfedora                   [===                 ] ---  B/s |   0  B     --:-- ETAfedora                                           12 kB/s | 5.1 kB     00:00    
updates                  [   ===              ] ---  B/s |   0  B     --:-- ETAupdates                                          16 kB/s | 2.8 kB     00:00    
Dependencies resolved.
================================================================================
 Package                     Arch       Version               Repository   Size
================================================================================
Installing:
 [1mgcc                        [m x86_64     11.3.1-3.fc35         updates      31 M
 [1mlibxml2-devel              [m x86_64     2.9.14-1.fc35         updates     836 k
 [1mmake                       [m x86_64     1:4.3-6.fc35          fedora      533 k
 [1mpython3-devel              [m x86_64     3.10.8-3.fc35         updates     208 k
 [1mpython3-libxml2            [m x86_64     2.9.14-1.fc35         updates     227 k
Installing dependencies:
 [1mannobin-docs               [m noarch     10.79-1.fc35          updates      91 k
 [1mannobin-plugin-gcc         [m x86_64     10.79-1.fc35          updates     882 k
 [1mcmake-filesystem           [m x86_64     3.24.2-1.fc35         updates      16 k
 [1mcpp                        [m x86_64     11.3.1-3.fc35         updates      10 M
 [1mexpat                      [m x86_64     2.5.0-1.fc35          updates     115 k
 [1mgc                         [m x86_64     8.0.4-6.fc35          fedora      103 k
 [1mglibc-devel                [m x86_64     2.34-49.fc35          updates      45 k
 [1mglibc-headers-x86          [m noarch     2.34-49.fc35          updates     445 k
 [1mguile22                    [m x86_64     2.2.7-3.fc35          fedora      6.4 M
 [1mkernel-headers             [m x86_64     6.0.5-100.fc35        updates     1.3 M
 [1mlibmpc                     [m x86_64     1.2.1-3.fc35          fedora       62 k
 [1mlibtool-ltdl               [m x86_64     2.4.6-50.fc35         updates      36 k
 [1mlibxcrypt-devel            [m x86_64     4.4.33-3.fc35         updates      30 k
 [1mmpdecimal                  [m x86_64     2.5.1-2.fc35          fedora       99 k
 [1mpyproject-rpm-macros       [m noarch     1.4.0-1.fc35          updates      40 k
 [1mpython-pip-wheel           [m noarch     21.2.3-4.fc35         updates     1.1 M
 [1mpython-rpm-macros          [m noarch     3.10-13.fc35          updates      16 k
 [1mpython-setuptools-wheel    [m noarch     57.4.0-1.fc35         fedora      505 k
 [1mpython3                    [m x86_64     3.10.8-3.fc35         updates      26 k
 [1mpython3-libs               [m x86_64     3.10.8-3.fc35         updates     7.5 M
 [1mpython3-packaging          [m noarch     21.3-2.fc35           updates      72 k
 [1mpython3-pyparsing          [m noarch     2.4.7-9.fc35          fedora      151 k
 [1mpython3-rpm-generators     [m noarch     12-8.fc35             fedora       31 k
 [1mpython3-rpm-macros         [m noarch     3.10-13.fc35          updates      12 k
 [1mxz-devel                   [m x86_64     5.2.5-9.fc35          updates      52 k
 [1mzlib-devel                 [m x86_64     1.2.11-32.fc35        updates      44 k

Transaction Summary
================================================================================
Install  31 Packages

Total size: 62 M
Total download size: 1.1 M
Installed size: 209 M
Downloading Packages:
[SKIPPED] gc-8.0.4-6.fc35.x86_64.rpm: Already downloaded                       
[SKIPPED] guile22-2.2.7-3.fc35.x86_64.rpm: Already downloaded                  
[SKIPPED] libmpc-1.2.1-3.fc35.x86_64.rpm: Already downloaded                   
[SKIPPED] make-4.3-6.fc35.x86_64.rpm: Already downloaded                       
[SKIPPED] mpdecimal-2.5.1-2.fc35.x86_64.rpm: Already downloaded                
[SKIPPED] python-setuptools-wheel-57.4.0-1.fc35.noarch.rpm: Already downloaded 
[SKIPPED] python3-pyparsing-2.4.7-9.fc35.noarch.rpm: Already downloaded        
[SKIPPED] python3-rpm-generators-12-8.fc35.noarch.rpm: Already downloaded      
[SKIPPED] annobin-docs-10.79-1.fc35.noarch.rpm: Already downloaded             
[SKIPPED] annobin-plugin-gcc-10.79-1.fc35.x86_64.rpm: Already downloaded       
updates                  [      ===           ] ---  B/s |   0  B     --:-- ETA[SKIPPED] cpp-11.3.1-3.fc35.x86_64.rpm: Already downloaded                     
[SKIPPED] expat-2.5.0-1.fc35.x86_64.rpm: Already downloaded                    
[SKIPPED] gcc-11.3.1-3.fc35.x86_64.rpm: Already downloaded                     
[SKIPPED] glibc-devel-2.34-49.fc35.x86_64.rpm: Already downloaded              
[SKIPPED] glibc-headers-x86-2.34-49.fc35.noarch.rpm: Already downloaded        
[SKIPPED] kernel-headers-6.0.5-100.fc35.x86_64.rpm: Already downloaded         
[SKIPPED] libtool-ltdl-2.4.6-50.fc35.x86_64.rpm: Already downloaded            
[SKIPPED] libxcrypt-devel-4.4.33-3.fc35.x86_64.rpm: Already downloaded         
[SKIPPED] pyproject-rpm-macros-1.4.0-1.fc35.noarch.rpm: Already downloaded     
[SKIPPED] python-pip-wheel-21.2.3-4.fc35.noarch.rpm: Already downloaded        
[SKIPPED] python-rpm-macros-3.10-13.fc35.noarch.rpm: Already downloaded        
[SKIPPED] python3-3.10.8-3.fc35.x86_64.rpm: Already downloaded                 
[SKIPPED] python3-devel-3.10.8-3.fc35.x86_64.rpm: Already downloaded           
[SKIPPED] python3-libs-3.10.8-3.fc35.x86_64.rpm: Already downloaded            
[SKIPPED] python3-packaging-21.3-2.fc35.noarch.rpm: Already downloaded         
[SKIPPED] python3-rpm-macros-3.10-13.fc35.noarch.rpm: Already downloaded       
(27/31): cmake-files 98% [===================-] ---  B/s |  61 MB     --:-- ETA[MIRROR] libxml2-devel-2.9.14-1.fc35.x86_64.rpm: Status code: 404 for https://d2lzkl7pfhq30w.cloudfront.net/pub/fedora/linux/updates/35/Everything/x86_64/Packages/l/libxml2-devel-2.9.14-1.fc35.x86_64.rpm (IP: 18.160.0.87)
(27-29/31): cmake-fi 98% [===================-] 1.2 kB/s |  61 MB     15:59 ETA[MIRROR] python3-libxml2-2.9.14-1.fc35.x86_64.rpm: Status code: 404 for https://d2lzkl7pfhq30w.cloudfront.net/pub/fedora/linux/updates/35/Everything/x86_64/Packages/p/python3-libxml2-2.9.14-1.fc35.x86_64.rpm (IP: 18.160.0.87)
(27-29/31): cmake-fi 98% [===================-] 1.2 kB/s |  61 MB     15:59 ETA[MIRROR] cmake-filesystem-3.24.2-1.fc35.x86_64.rpm: Status code: 404 for https://d2lzkl7pfhq30w.cloudfront.net/pub/fedora/linux/updates/35/Everything/x86_64/Packages/c/cmake-filesystem-3.24.2-1.fc35.x86_64.rpm (IP: 18.160.0.87)
(27-29/31): cmake-fi 98% [===================-] 1.2 kB/s |  61 MB     15:59 ETA(27/31): cmake-filesystem-3.24.2-1.fc35.x86_64.  28 kB/s |  16 kB     00:00    
(28-29/31): python3- 98% [===================-]  15 kB/s |  61 MB     01:14 ETA(28/31): xz-devel-5.2.5-9.fc35.x86_64.rpm       153 kB/s |  52 kB     00:00    
(29-30/31): python3- 98% [===================-] 104 kB/s |  62 MB     00:06 ETA(29/31): python3-libxml2-2.9.14-1.fc35.x86_64.r 240 kB/s | 227 kB     00:00    
(30-31/31): zlib-dev 99% [===================-] 133 kB/s |  62 MB     00:03 ETA(30/31): libxml2-devel-2.9.14-1.fc35.x86_64.rpm 846 kB/s | 836 kB     00:00    
(31/31): zlib-devel- 99% [===================-] 224 kB/s |  62 MB     00:00 ETA(31/31): zlib-devel-1.2.11-32.fc35.x86_64.rpm   378 kB/s |  44 kB     00:00    
--------------------------------------------------------------------------------
Total                                           949 kB/s | 1.1 MB     00:01     
Running transaction check
Transaction check succeeded.
Running transaction test
Transaction test succeeded.
Running transaction
  Preparing        :  [=                                                  ] 1/1  Preparing        :  [===                                                ] 1/1  Preparing        :  [====                                               ] 1/1  Preparing        :  [======                                             ] 1/1  Preparing        :  [========                                           ] 1/1  Preparing        :  [=========                                          ] 1/1  Preparing        :  [===========                                        ] 1/1  Preparing        :  [============                                       ] 1/1  Preparing        :  [==============                                     ] 1/1  Preparing        :  [================                                   ] 1/1  Preparing        :  [=================                                  ] 1/1  Preparing        :  [===================                                ] 1/1  Preparing        :  [====================                               ] 1/1  Preparing        :  [======================                             ] 1/1  Preparing        :  [========================                           ] 1/1  Preparing        :  [==========================                         ] 1/1  Preparing        :  [===========================                        ] 1/1  Preparing        :  [=============================                      ] 1/1  Preparing        :  [===============================                    ] 1/1  Preparing        :  [================================                   ] 1/1  Preparing        :  [==================================                 ] 1/1  Preparing        :  [===================================                ] 1/1  Preparing        :  [=====================================              ] 1/1  Preparing        :  [=======================================            ] 1/1  Preparing        :  [========================================           ] 1/1  Preparing        :  [==========================================         ] 1/1  Preparing        :  [============================================       ] 1/1  Preparing        :  [=============================================      ] 1/1  Preparing        :  [===============================================    ] 1/1  Preparing        :  [================================================   ] 1/1  Preparing        :                                                        1/1 
  Installing       : python-rpm-macros-3.10-1 [                         ]  1/31  Installing       : python-rpm-macros-3.10-1 [===                      ]  1/31  Installing       : python-rpm-macros-3.10-1 [===========              ]  1/31  Installing       : python-rpm-macros-3.10-1 [=================        ]  1/31  Installing       : python-rpm-macros-3.10-1 [======================== ]  1/31  Installing       : python-rpm-macros-3.10-13.fc35.noarch                 1/31 
  Installing       : python3-rpm-macros-3.10- [                         ]  2/31  Installing       : python3-rpm-macros-3.10- [======================== ]  2/31  Installing       : python3-rpm-macros-3.10-13.fc35.noarch                2/31 
  Installing       : libmpc-1.2.1-3.fc35.x86_ [                         ]  3/31  Installing       : libmpc-1.2.1-3.fc35.x86_ [=====                    ]  3/31  Installing       : libmpc-1.2.1-3.fc35.x86_ [===========              ]  3/31  Installing       : libmpc-1.2.1-3.fc35.x86_ [=================        ]  3/31  Installing       : libmpc-1.2.1-3.fc35.x86_ [=====================    ]  3/31  Installing       : libmpc-1.2.1-3.fc35.x86_ [======================   ]  3/31  Installing       : libmpc-1.2.1-3.fc35.x86_ [=======================  ]  3/31  Installing       : libmpc-1.2.1-3.fc35.x86_ [======================== ]  3/31  Installing       : libmpc-1.2.1-3.fc35.x86_64                            3/31 
  Installing       : cpp-11.3.1-3.fc35.x86_64 [                         ]  4/31  Installing       : cpp-11.3.1-3.fc35.x86_64 [=                        ]  4/31  Installing       : cpp-11.3.1-3.fc35.x86_64 [==                       ]  4/31  Installing       : cpp-11.3.1-3.fc35.x86_64 [===                      ]  4/31  Installing       : cpp-11.3.1-3.fc35.x86_64 [====                     ]  4/31  Installing       : cpp-11.3.1-3.fc35.x86_64 [=====                    ]  4/31  Installing       : cpp-11.3.1-3.fc35.x86_64 [======                   ]  4/31  Installing       : cpp-11.3.1-3.fc35.x86_64 [=======                  ]  4/31  Installing       : cpp-11.3.1-3.fc35.x86_64 [========                 ]  4/31  Installing       : cpp-11.3.1-3.fc35.x86_64 [=========                ]  4/31  Installing       : cpp-11.3.1-3.fc35.x86_64 [==========               ]  4/31  Installing       : cpp-11.3.1-3.fc35.x86_64 [===========              ]  4/31  Installing       : cpp-11.3.1-3.fc35.x86_64 [============             ]  4/31  Installing       : cpp-11.3.1-3.fc35.x86_64 [=============            ]  4/31  Installing       : cpp-11.3.1-3.fc35.x86_64 [==============           ]  4/31  Installing       : cpp-11.3.1-3.fc35.x86_64 [===============          ]  4/31  Installing       : cpp-11.3.1-3.fc35.x86_64 [================         ]  4/31  Installing       : cpp-11.3.1-3.fc35.x86_64 [=================        ]  4/31  Installing       : cpp-11.3.1-3.fc35.x86_64 [==================       ]  4/31  Installing       : cpp-11.3.1-3.fc35.x86_64 [===================      ]  4/31  Installing       : cpp-11.3.1-3.fc35.x86_64 [====================     ]  4/31  Installing       : cpp-11.3.1-3.fc35.x86_64 [=====================    ]  4/31  Installing       : cpp-11.3.1-3.fc35.x86_64 [======================   ]  4/31  Installing       : cpp-11.3.1-3.fc35.x86_64 [=======================  ]  4/31  Installing       : cpp-11.3.1-3.fc35.x86_64 [======================== ]  4/31  Installing       : cpp-11.3.1-3.fc35.x86_64                              4/31 
  Installing       : pyproject-rpm-macros-1.4 [                         ]  5/31  Installing       : pyproject-rpm-macros-1.4 [==                       ]  5/31  Installing       : pyproject-rpm-macros-1.4 [=======                  ]  5/31  Installing       : pyproject-rpm-macros-1.4 [=========                ]  5/31  Installing       : pyproject-rpm-macros-1.4 [==========               ]  5/31  Installing       : pyproject-rpm-macros-1.4 [===========              ]  5/31  Installing       : pyproject-rpm-macros-1.4 [==================       ]  5/31  Installing       : pyproject-rpm-macros-1.4 [===================      ]  5/31  Installing       : pyproject-rpm-macros-1.4 [======================== ]  5/31  Installing       : pyproject-rpm-macros-1.4.0-1.fc35.noarch              5/31 
  Installing       : zlib-devel-1.2.11-32.fc3 [                         ]  6/31  Installing       : zlib-devel-1.2.11-32.fc3 [==                       ]  6/31  Installing       : zlib-devel-1.2.11-32.fc3 [========                 ]  6/31  Installing       : zlib-devel-1.2.11-32.fc3 [==============           ]  6/31  Installing       : zlib-devel-1.2.11-32.fc3 [===================      ]  6/31  Installing       : zlib-devel-1.2.11-32.fc3 [=====================    ]  6/31  Installing       : zlib-devel-1.2.11-32.fc3 [======================== ]  6/31  Installing       : zlib-devel-1.2.11-32.fc35.x86_64                      6/31 
  Installing       : xz-devel-5.2.5-9.fc35.x8 [                         ]  7/31  Installing       : xz-devel-5.2.5-9.fc35.x8 [=                        ]  7/31  Installing       : xz-devel-5.2.5-9.fc35.x8 [====                     ]  7/31  Installing       : xz-devel-5.2.5-9.fc35.x8 [=======                  ]  7/31  Installing       : xz-devel-5.2.5-9.fc35.x8 [==========               ]  7/31  Installing       : xz-devel-5.2.5-9.fc35.x8 [============             ]  7/31  Installing       : xz-devel-5.2.5-9.fc35.x8 [=============            ]  7/31  Installing       : xz-devel-5.2.5-9.fc35.x8 [===============          ]  7/31  Installing       : xz-devel-5.2.5-9.fc35.x8 [================         ]  7/31  Installing       : xz-devel-5.2.5-9.fc35.x8 [==================       ]  7/31  Installing       : xz-devel-5.2.5-9.fc35.x8 [===================      ]  7/31  Installing       : xz-devel-5.2.5-9.fc35.x8 [====================     ]  7/31  Installing       : xz-devel-5.2.5-9.fc35.x8 [=====================    ]  7/31  Installing       : xz-devel-5.2.5-9.fc35.x8 [======================   ]  7/31  Installing       : xz-devel-5.2.5-9.fc35.x8 [=======================  ]  7/31  Installing       : xz-devel-5.2.5-9.fc35.x8 [======================== ]  7/31  Installing       : xz-devel-5.2.5-9.fc35.x86_64                          7/31 
  Installing       : python-pip-wheel-21.2.3- [                         ]  8/31  Installing       : python-pip-wheel-21.2.3- [=                        ]  8/31  Installing       : python-pip-wheel-21.2.3- [==                       ]  8/31  Installing       : python-pip-wheel-21.2.3- [===                      ]  8/31  Installing       : python-pip-wheel-21.2.3- [====                     ]  8/31  Installing       : python-pip-wheel-21.2.3- [=====                    ]  8/31  Installing       : python-pip-wheel-21.2.3- [======                   ]  8/31  Installing       : python-pip-wheel-21.2.3- [=======                  ]  8/31  Installing       : python-pip-wheel-21.2.3- [========                 ]  8/31  Installing       : python-pip-wheel-21.2.3- [=========                ]  8/31  Installing       : python-pip-wheel-21.2.3- [==========               ]  8/31  Installing       : python-pip-wheel-21.2.3- [===========              ]  8/31  Installing       : python-pip-wheel-21.2.3- [============             ]  8/31  Installing       : python-pip-wheel-21.2.3- [=============            ]  8/31  Installing       : python-pip-wheel-21.2.3- [==============           ]  8/31  Installing       : python-pip-wheel-21.2.3- [===============          ]  8/31  Installing       : python-pip-wheel-21.2.3- [================         ]  8/31  Installing       : python-pip-wheel-21.2.3- [=================        ]  8/31  Installing       : python-pip-wheel-21.2.3- [==================       ]  8/31  Installing       : python-pip-wheel-21.2.3- [===================      ]  8/31  Installing       : python-pip-wheel-21.2.3- [====================     ]  8/31  Installing       : python-pip-wheel-21.2.3- [=====================    ]  8/31  Installing       : python-pip-wheel-21.2.3- [======================   ]  8/31  Installing       : python-pip-wheel-21.2.3- [=======================  ]  8/31  Installing       : python-pip-wheel-21.2.3- [======================== ]  8/31  Installing       : python-pip-wheel-21.2.3-4.fc35.noarch                 8/31 
  Installing       : libtool-ltdl-2.4.6-50.fc [                         ]  9/31  Installing       : libtool-ltdl-2.4.6-50.fc [===========              ]  9/31  Installing       : libtool-ltdl-2.4.6-50.fc [===============          ]  9/31  Installing       : libtool-ltdl-2.4.6-50.fc [======================== ]  9/31  Installing       : libtool-ltdl-2.4.6-50.fc35.x86_64                     9/31 
  Installing       : kernel-headers-6.0.5-100 [                         ] 10/31  Installing       : kernel-headers-6.0.5-100 [=                        ] 10/31  Installing       : kernel-headers-6.0.5-100 [==                       ] 10/31  Installing       : kernel-headers-6.0.5-100 [===                      ] 10/31  Installing       : kernel-headers-6.0.5-100 [====                     ] 10/31  Installing       : kernel-headers-6.0.5-100 [=====                    ] 10/31  Installing       : kernel-headers-6.0.5-100 [======                   ] 10/31  Installing       : kernel-headers-6.0.5-100 [=======                  ] 10/31  Installing       : kernel-headers-6.0.5-100 [========                 ] 10/31  Installing       : kernel-headers-6.0.5-100 [=========                ] 10/31  Installing       : kernel-headers-6.0.5-100 [==========               ] 10/31  Installing       : kernel-headers-6.0.5-100 [===========              ] 10/31  Installing       : kernel-headers-6.0.5-100 [============             ] 10/31  Installing       : kernel-headers-6.0.5-100 [=============            ] 10/31  Installing       : kernel-headers-6.0.5-100 [==============           ] 10/31  Installing       : kernel-headers-6.0.5-100 [===============          ] 10/31  Installing       : kernel-headers-6.0.5-100 [================         ] 10/31  Installing       : kernel-headers-6.0.5-100 [=================        ] 10/31  Installing       : kernel-headers-6.0.5-100 [==================       ] 10/31  Installing       : kernel-headers-6.0.5-100 [===================      ] 10/31  Installing       : kernel-headers-6.0.5-100 [====================     ] 10/31  Installing       : kernel-headers-6.0.5-100 [=====================    ] 10/31  Installing       : kernel-headers-6.0.5-100 [======================   ] 10/31  Installing       : kernel-headers-6.0.5-100 [=======================  ] 10/31  Installing       : kernel-headers-6.0.5-100 [======================== ] 10/31  Installing       : kernel-headers-6.0.5-100.fc35.x86_64                 10/31 
  Installing       : glibc-headers-x86-2.34-4 [                         ] 11/31  Installing       : glibc-headers-x86-2.34-4 [=                        ] 11/31  Installing       : glibc-headers-x86-2.34-4 [==                       ] 11/31  Installing       : glibc-headers-x86-2.34-4 [===                      ] 11/31  Installing       : glibc-headers-x86-2.34-4 [====                     ] 11/31  Installing       : glibc-headers-x86-2.34-4 [=====                    ] 11/31  Installing       : glibc-headers-x86-2.34-4 [======                   ] 11/31  Installing       : glibc-headers-x86-2.34-4 [=======                  ] 11/31  Installing       : glibc-headers-x86-2.34-4 [========                 ] 11/31  Installing       : glibc-headers-x86-2.34-4 [=========                ] 11/31  Installing       : glibc-headers-x86-2.34-4 [==========               ] 11/31  Installing       : glibc-headers-x86-2.34-4 [===========              ] 11/31  Installing       : glibc-headers-x86-2.34-4 [============             ] 11/31  Installing       : glibc-headers-x86-2.34-4 [=============            ] 11/31  Installing       : glibc-headers-x86-2.34-4 [==============           ] 11/31  Installing       : glibc-headers-x86-2.34-4 [===============          ] 11/31  Installing       : glibc-headers-x86-2.34-4 [================         ] 11/31  Installing       : glibc-headers-x86-2.34-4 [=================        ] 11/31  Installing       : glibc-headers-x86-2.34-4 [==================       ] 11/31  Installing       : glibc-headers-x86-2.34-4 [===================      ] 11/31  Installing       : glibc-headers-x86-2.34-4 [====================     ] 11/31  Installing       : glibc-headers-x86-2.34-4 [=====================    ] 11/31  Installing       : glibc-headers-x86-2.34-4 [======================   ] 11/31  Installing       : glibc-headers-x86-2.34-4 [=======================  ] 11/31  Installing       : glibc-headers-x86-2.34-4 [======================== ] 11/31  Installing       : glibc-headers-x86-2.34-49.fc35.noarch                11/31 
  Installing       : libxcrypt-devel-4.4.33-3 [                         ] 12/31  Installing       : libxcrypt-devel-4.4.33-3 [========                 ] 12/31  Installing       : libxcrypt-devel-4.4.33-3 [=========                ] 12/31  Installing       : libxcrypt-devel-4.4.33-3 [=============            ] 12/31  Installing       : libxcrypt-devel-4.4.33-3 [=================        ] 12/31  Installing       : libxcrypt-devel-4.4.33-3 [====================     ] 12/31  Installing       : libxcrypt-devel-4.4.33-3 [=====================    ] 12/31  Installing       : libxcrypt-devel-4.4.33-3 [=======================  ] 12/31  Installing       : libxcrypt-devel-4.4.33-3 [======================== ] 12/31  Installing       : libxcrypt-devel-4.4.33-3.fc35.x86_64                 12/31 
  Installing       : glibc-devel-2.34-49.fc35 [                         ] 13/31  Installing       : glibc-devel-2.34-49.fc35 [=                        ] 13/31  Installing       : glibc-devel-2.34-49.fc35 [====                     ] 13/31  Installing       : glibc-devel-2.34-49.fc35 [=======                  ] 13/31  Installing       : glibc-devel-2.34-49.fc35 [========                 ] 13/31  Installing       : glibc-devel-2.34-49.fc35 [=============            ] 13/31  Installing       : glibc-devel-2.34-49.fc35 [=================        ] 13/31  Installing       : glibc-devel-2.34-49.fc35 [==================       ] 13/31  Installing       : glibc-devel-2.34-49.fc35 [====================     ] 13/31  Installing       : glibc-devel-2.34-49.fc35 [======================   ] 13/31  Installing       : glibc-devel-2.34-49.fc35 [======================== ] 13/31  Installing       : glibc-devel-2.34-49.fc35.x86_64                      13/31 
  Installing       : expat-2.5.0-1.fc35.x86_6 [                         ] 14/31  Installing       : expat-2.5.0-1.fc35.x86_6 [==                       ] 14/31  Installing       : expat-2.5.0-1.fc35.x86_6 [===                      ] 14/31  Installing       : expat-2.5.0-1.fc35.x86_6 [======                   ] 14/31  Installing       : expat-2.5.0-1.fc35.x86_6 [========                 ] 14/31  Installing       : expat-2.5.0-1.fc35.x86_6 [===========              ] 14/31  Installing       : expat-2.5.0-1.fc35.x86_6 [=============            ] 14/31  Installing       : expat-2.5.0-1.fc35.x86_6 [================         ] 14/31  Installing       : expat-2.5.0-1.fc35.x86_6 [===================      ] 14/31  Installing       : expat-2.5.0-1.fc35.x86_6 [=====================    ] 14/31  Installing       : expat-2.5.0-1.fc35.x86_6 [======================== ] 14/31  Installing       : expat-2.5.0-1.fc35.x86_64                            14/31 
  Installing       : cmake-filesystem-3.24.2- [                         ] 15/31  Installing       : cmake-filesystem-3.24.2- [=                        ] 15/31  Installing       : cmake-filesystem-3.24.2- [==                       ] 15/31  Installing       : cmake-filesystem-3.24.2- [===                      ] 15/31  Installing       : cmake-filesystem-3.24.2- [====                     ] 15/31  Installing       : cmake-filesystem-3.24.2- [=====                    ] 15/31  Installing       : cmake-filesystem-3.24.2- [======                   ] 15/31  Installing       : cmake-filesystem-3.24.2- [=======                  ] 15/31  Installing       : cmake-filesystem-3.24.2- [========                 ] 15/31  Installing       : cmake-filesystem-3.24.2- [=========                ] 15/31  Installing       : cmake-filesystem-3.24.2- [==========               ] 15/31  Installing       : cmake-filesystem-3.24.2- [===========              ] 15/31  Installing       : cmake-filesystem-3.24.2- [============             ] 15/31  Installing       : cmake-filesystem-3.24.2- [=============            ] 15/31  Installing       : cmake-filesystem-3.24.2- [==============           ] 15/31  Installing       : cmake-filesystem-3.24.2- [===============          ] 15/31  Installing       : cmake-filesystem-3.24.2- [================         ] 15/31  Installing       : cmake-filesystem-3.24.2- [=================        ] 15/31  Installing       : cmake-filesystem-3.24.2- [==================       ] 15/31  Installing       : cmake-filesystem-3.24.2- [===================      ] 15/31  Installing       : cmake-filesystem-3.24.2- [====================     ] 15/31  Installing       : cmake-filesystem-3.24.2- [=====================    ] 15/31  Installing       : cmake-filesystem-3.24.2- [======================   ] 15/31  Installing       : cmake-filesystem-3.24.2- [=======================  ] 15/31  Installing       : cmake-filesystem-3.24.2- [======================== ] 15/31  Installing       : cmake-filesystem-3.24.2-1.fc35.x86_64                15/31 
  Installing       : annobin-docs-10.79-1.fc3 [                         ] 16/31  Installing       : annobin-docs-10.79-1.fc3 [==                       ] 16/31  Installing       : annobin-docs-10.79-1.fc3 [===========              ] 16/31  Installing       : annobin-docs-10.79-1.fc3 [=============            ] 16/31  Installing       : annobin-docs-10.79-1.fc3 [======================   ] 16/31  Installing       : annobin-docs-10.79-1.fc3 [=======================  ] 16/31  Installing       : annobin-docs-10.79-1.fc3 [======================== ] 16/31  Installing       : annobin-docs-10.79-1.fc35.noarch                     16/31 
  Installing       : python-setuptools-wheel- [                         ] 17/31  Installing       : python-setuptools-wheel- [=                        ] 17/31  Installing       : python-setuptools-wheel- [==                       ] 17/31  Installing       : python-setuptools-wheel- [====                     ] 17/31  Installing       : python-setuptools-wheel- [=====                    ] 17/31  Installing       : python-setuptools-wheel- [======                   ] 17/31  Installing       : python-setuptools-wheel- [========                 ] 17/31  Installing       : python-setuptools-wheel- [=========                ] 17/31  Installing       : python-setuptools-wheel- [===========              ] 17/31  Installing       : python-setuptools-wheel- [============             ] 17/31  Installing       : python-setuptools-wheel- [=============            ] 17/31  Installing       : python-setuptools-wheel- [===============          ] 17/31  Installing       : python-setuptools-wheel- [================         ] 17/31  Installing       : python-setuptools-wheel- [=================        ] 17/31  Installing       : python-setuptools-wheel- [===================      ] 17/31  Installing       : python-setuptools-wheel- [====================     ] 17/31  Installing       : python-setuptools-wheel- [======================   ] 17/31  Installing       : python-setuptools-wheel- [=======================  ] 17/31  Installing       : python-setuptools-wheel- [======================== ] 17/31  Installing       : python-setuptools-wheel-57.4.0-1.fc35.noarch         17/31 
  Installing       : mpdecimal-2.5.1-2.fc35.x [                         ] 18/31  Installing       : mpdecimal-2.5.1-2.fc35.x [===                      ] 18/31  Installing       : mpdecimal-2.5.1-2.fc35.x [====                     ] 18/31  Installing       : mpdecimal-2.5.1-2.fc35.x [=======                  ] 18/31  Installing       : mpdecimal-2.5.1-2.fc35.x [==========               ] 18/31  Installing       : mpdecimal-2.5.1-2.fc35.x [==============           ] 18/31  Installing       : mpdecimal-2.5.1-2.fc35.x [=================        ] 18/31  Installing       : mpdecimal-2.5.1-2.fc35.x [====================     ] 18/31  Installing       : mpdecimal-2.5.1-2.fc35.x [======================== ] 18/31  Installing       : mpdecimal-2.5.1-2.fc35.x86_64                        18/31 
  Installing       : python3-3.10.8-3.fc35.x8 [                         ] 19/31  Installing       : python3-3.10.8-3.fc35.x8 [===========              ] 19/31  Installing       : python3-3.10.8-3.fc35.x8 [============             ] 19/31  Installing       : python3-3.10.8-3.fc35.x8 [===================      ] 19/31  Installing       : python3-3.10.8-3.fc35.x8 [======================== ] 19/31  Installing       : python3-3.10.8-3.fc35.x86_64                         19/31 
  Installing       : python3-libs-3.10.8-3.fc [                         ] 20/31  Installing       : python3-libs-3.10.8-3.fc [=                        ] 20/31  Installing       : python3-libs-3.10.8-3.fc [==                       ] 20/31  Installing       : python3-libs-3.10.8-3.fc [===                      ] 20/31  Installing       : python3-libs-3.10.8-3.fc [====                     ] 20/31  Installing       : python3-libs-3.10.8-3.fc [=====                    ] 20/31  Installing       : python3-libs-3.10.8-3.fc [======                   ] 20/31  Installing       : python3-libs-3.10.8-3.fc [=======                  ] 20/31  Installing       : python3-libs-3.10.8-3.fc [========                 ] 20/31  Installing       : python3-libs-3.10.8-3.fc [=========                ] 20/31  Installing       : python3-libs-3.10.8-3.fc [==========               ] 20/31  Installing       : python3-libs-3.10.8-3.fc [===========              ] 20/31  Installing       : python3-libs-3.10.8-3.fc [============             ] 20/31  Installing       : python3-libs-3.10.8-3.fc [=============            ] 20/31  Installing       : python3-libs-3.10.8-3.fc [==============           ] 20/31  Installing       : python3-libs-3.10.8-3.fc [===============          ] 20/31  Installing       : python3-libs-3.10.8-3.fc [================         ] 20/31  Installing       : python3-libs-3.10.8-3.fc [=================        ] 20/31  Installing       : python3-libs-3.10.8-3.fc [==================       ] 20/31  Installing       : python3-libs-3.10.8-3.fc [===================      ] 20/31  Installing       : python3-libs-3.10.8-3.fc [====================     ] 20/31  Installing       : python3-libs-3.10.8-3.fc [=====================    ] 20/31  Installing       : python3-libs-3.10.8-3.fc [======================   ] 20/31  Installing       : python3-libs-3.10.8-3.fc [=======================  ] 20/31  Installing       : python3-libs-3.10.8-3.fc [======================== ] 20/31  Installing       : python3-libs-3.10.8-3.fc35.x86_64                    20/31 
  Installing       : python3-pyparsing-2.4.7- [                         ] 21/31  Installing       : python3-pyparsing-2.4.7- [=                        ] 21/31  Installing       : python3-pyparsing-2.4.7- [==                       ] 21/31  Installing       : python3-pyparsing-2.4.7- [====                     ] 21/31  Installing       : python3-pyparsing-2.4.7- [=====                    ] 21/31  Installing       : python3-pyparsing-2.4.7- [======                   ] 21/31  Installing       : python3-pyparsing-2.4.7- [=======                  ] 21/31  Installing       : python3-pyparsing-2.4.7- [=========                ] 21/31  Installing       : python3-pyparsing-2.4.7- [==========               ] 21/31  Installing       : python3-pyparsing-2.4.7- [============             ] 21/31  Installing       : python3-pyparsing-2.4.7- [=============            ] 21/31  Installing       : python3-pyparsing-2.4.7- [==============           ] 21/31  Installing       : python3-pyparsing-2.4.7- [===============          ] 21/31  Installing       : python3-pyparsing-2.4.7- [=================        ] 21/31  Installing       : python3-pyparsing-2.4.7- [==================       ] 21/31  Installing       : python3-pyparsing-2.4.7- [===================      ] 21/31  Installing       : python3-pyparsing-2.4.7- [====================     ] 21/31  Installing       : python3-pyparsing-2.4.7- [======================   ] 21/31  Installing       : python3-pyparsing-2.4.7- [=======================  ] 21/31  Installing       : python3-pyparsing-2.4.7- [======================== ] 21/31  Installing       : python3-pyparsing-2.4.7-9.fc35.noarch                21/31 
  Installing       : python3-packaging-21.3-2 [                         ] 22/31  Installing       : python3-packaging-21.3-2 [=                        ] 22/31  Installing       : python3-packaging-21.3-2 [==                       ] 22/31  Installing       : python3-packaging-21.3-2 [===                      ] 22/31  Installing       : python3-packaging-21.3-2 [====                     ] 22/31  Installing       : python3-packaging-21.3-2 [=====                    ] 22/31  Installing       : python3-packaging-21.3-2 [======                   ] 22/31  Installing       : python3-packaging-21.3-2 [=======                  ] 22/31  Installing       : python3-packaging-21.3-2 [========                 ] 22/31  Installing       : python3-packaging-21.3-2 [=========                ] 22/31  Installing       : python3-packaging-21.3-2 [==========               ] 22/31  Installing       : python3-packaging-21.3-2 [=============            ] 22/31  Installing       : python3-packaging-21.3-2 [==============           ] 22/31  Installing       : python3-packaging-21.3-2 [===============          ] 22/31  Installing       : python3-packaging-21.3-2 [================         ] 22/31  Installing       : python3-packaging-21.3-2 [=================        ] 22/31  Installing       : python3-packaging-21.3-2 [==================       ] 22/31  Installing       : python3-packaging-21.3-2 [===================      ] 22/31  Installing       : python3-packaging-21.3-2 [======================   ] 22/31  Installing       : python3-packaging-21.3-2 [=======================  ] 22/31  Installing       : python3-packaging-21.3-2 [======================== ] 22/31  Installing       : python3-packaging-21.3-2.fc35.noarch                 22/31 
  Installing       : python3-rpm-generators-1 [                         ] 23/31  Installing       : python3-rpm-generators-1 [==                       ] 23/31  Installing       : python3-rpm-generators-1 [==========               ] 23/31  Installing       : python3-rpm-generators-1 [===========              ] 23/31  Installing       : python3-rpm-generators-1 [=====================    ] 23/31  Installing       : python3-rpm-generators-1 [======================== ] 23/31  Installing       : python3-rpm-generators-12-8.fc35.noarch              23/31 
  Installing       : gc-8.0.4-6.fc35.x86_64 [                           ] 24/31  Installing       : gc-8.0.4-6.fc35.x86_64 [===                        ] 24/31  Installing       : gc-8.0.4-6.fc35.x86_64 [====                       ] 24/31  Installing       : gc-8.0.4-6.fc35.x86_64 [========                   ] 24/31  Installing       : gc-8.0.4-6.fc35.x86_64 [===========                ] 24/31  Installing       : gc-8.0.4-6.fc35.x86_64 [===============            ] 24/31  Installing       : gc-8.0.4-6.fc35.x86_64 [===================        ] 24/31  Installing       : gc-8.0.4-6.fc35.x86_64 [======================     ] 24/31  Installing       : gc-8.0.4-6.fc35.x86_64 [=========================  ] 24/31  Installing       : gc-8.0.4-6.fc35.x86_64 [========================== ] 24/31  Installing       : gc-8.0.4-6.fc35.x86_64                               24/31 
  Installing       : guile22-2.2.7-3.fc35.x86 [                         ] 25/31  Installing       : guile22-2.2.7-3.fc35.x86 [=                        ] 25/31  Installing       : guile22-2.2.7-3.fc35.x86 [==                       ] 25/31  Installing       : guile22-2.2.7-3.fc35.x86 [===                      ] 25/31  Installing       : guile22-2.2.7-3.fc35.x86 [====                     ] 25/31  Installing       : guile22-2.2.7-3.fc35.x86 [=====                    ] 25/31  Installing       : guile22-2.2.7-3.fc35.x86 [======                   ] 25/31  Installing       : guile22-2.2.7-3.fc35.x86 [=======                  ] 25/31  Installing       : guile22-2.2.7-3.fc35.x86 [========                 ] 25/31  Installing       : guile22-2.2.7-3.fc35.x86 [=========                ] 25/31  Installing       : guile22-2.2.7-3.fc35.x86 [==========               ] 25/31  Installing       : guile22-2.2.7-3.fc35.x86 [===========              ] 25/31  Installing       : guile22-2.2.7-3.fc35.x86 [============             ] 25/31  Installing       : guile22-2.2.7-3.fc35.x86 [=============            ] 25/31  Installing       : guile22-2.2.7-3.fc35.x86 [==============           ] 25/31  Installing       : guile22-2.2.7-3.fc35.x86 [===============          ] 25/31  Installing       : guile22-2.2.7-3.fc35.x86 [================         ] 25/31  Installing       : guile22-2.2.7-3.fc35.x86 [=================        ] 25/31  Installing       : guile22-2.2.7-3.fc35.x86 [==================       ] 25/31  Installing       : guile22-2.2.7-3.fc35.x86 [===================      ] 25/31  Installing       : guile22-2.2.7-3.fc35.x86 [====================     ] 25/31  Installing       : guile22-2.2.7-3.fc35.x86 [=====================    ] 25/31  Installing       : guile22-2.2.7-3.fc35.x86 [======================   ] 25/31  Installing       : guile22-2.2.7-3.fc35.x86 [=======================  ] 25/31  Installing       : guile22-2.2.7-3.fc35.x86 [======================== ] 25/31  Installing       : guile22-2.2.7-3.fc35.x86_64                          25/31 
  Installing       : make-1:4.3-6.fc35.x86_64 [                         ] 26/31  Installing       : make-1:4.3-6.fc35.x86_64 [=                        ] 26/31  Installing       : make-1:4.3-6.fc35.x86_64 [==                       ] 26/31  Installing       : make-1:4.3-6.fc35.x86_64 [===                      ] 26/31  Installing       : make-1:4.3-6.fc35.x86_64 [====                     ] 26/31  Installing       : make-1:4.3-6.fc35.x86_64 [=====                    ] 26/31  Installing       : make-1:4.3-6.fc35.x86_64 [======                   ] 26/31  Installing       : make-1:4.3-6.fc35.x86_64 [=======                  ] 26/31  Installing       : make-1:4.3-6.fc35.x86_64 [========                 ] 26/31  Installing       : make-1:4.3-6.fc35.x86_64 [=========                ] 26/31  Installing       : make-1:4.3-6.fc35.x86_64 [==========               ] 26/31  Installing       : make-1:4.3-6.fc35.x86_64 [===========              ] 26/31  Installing       : make-1:4.3-6.fc35.x86_64 [============             ] 26/31  Installing       : make-1:4.3-6.fc35.x86_64 [=============            ] 26/31  Installing       : make-1:4.3-6.fc35.x86_64 [==============           ] 26/31  Installing       : make-1:4.3-6.fc35.x86_64 [===============          ] 26/31  Installing       : make-1:4.3-6.fc35.x86_64 [================         ] 26/31  Installing       : make-1:4.3-6.fc35.x86_64 [=================        ] 26/31  Installing       : make-1:4.3-6.fc35.x86_64 [==================       ] 26/31  Installing       : make-1:4.3-6.fc35.x86_64 [===================      ] 26/31  Installing       : make-1:4.3-6.fc35.x86_64 [====================     ] 26/31  Installing       : make-1:4.3-6.fc35.x86_64 [=====================    ] 26/31  Installing       : make-1:4.3-6.fc35.x86_64 [======================   ] 26/31  Installing       : make-1:4.3-6.fc35.x86_64 [=======================  ] 26/31  Installing       : make-1:4.3-6.fc35.x86_64 [======================== ] 26/31  Installing       : make-1:4.3-6.fc35.x86_64                             26/31 
  Installing       : gcc-11.3.1-3.fc35.x86_64 [                         ] 27/31  Installing       : gcc-11.3.1-3.fc35.x86_64 [=                        ] 27/31  Installing       : gcc-11.3.1-3.fc35.x86_64 [==                       ] 27/31  Installing       : gcc-11.3.1-3.fc35.x86_64 [===                      ] 27/31  Installing       : gcc-11.3.1-3.fc35.x86_64 [====                     ] 27/31  Installing       : gcc-11.3.1-3.fc35.x86_64 [=====                    ] 27/31  Installing       : gcc-11.3.1-3.fc35.x86_64 [======                   ] 27/31  Installing       : gcc-11.3.1-3.fc35.x86_64 [=======                  ] 27/31  Installing       : gcc-11.3.1-3.fc35.x86_64 [========                 ] 27/31  Installing       : gcc-11.3.1-3.fc35.x86_64 [=========                ] 27/31  Installing       : gcc-11.3.1-3.fc35.x86_64 [==========               ] 27/31  Installing       : gcc-11.3.1-3.fc35.x86_64 [===========              ] 27/31  Installing       : gcc-11.3.1-3.fc35.x86_64 [============             ] 27/31  Installing       : gcc-11.3.1-3.fc35.x86_64 [=============            ] 27/31  Installing       : gcc-11.3.1-3.fc35.x86_64 [==============           ] 27/31  Installing       : gcc-11.3.1-3.fc35.x86_64 [===============          ] 27/31  Installing       : gcc-11.3.1-3.fc35.x86_64 [================         ] 27/31  Installing       : gcc-11.3.1-3.fc35.x86_64 [=================        ] 27/31  Installing       : gcc-11.3.1-3.fc35.x86_64 [==================       ] 27/31  Installing       : gcc-11.3.1-3.fc35.x86_64 [===================      ] 27/31  Installing       : gcc-11.3.1-3.fc35.x86_64 [====================     ] 27/31  Installing       : gcc-11.3.1-3.fc35.x86_64 [=====================    ] 27/31  Installing       : gcc-11.3.1-3.fc35.x86_64 [======================   ] 27/31  Installing       : gcc-11.3.1-3.fc35.x86_64 [=======================  ] 27/31  Installing       : gcc-11.3.1-3.fc35.x86_64 [======================== ] 27/31  Installing       : gcc-11.3.1-3.fc35.x86_64                             27/31 
  Installing       : annobin-plugin-gcc-10.79 [                         ] 28/31  Installing       : annobin-plugin-gcc-10.79 [=                        ] 28/31  Installing       : annobin-plugin-gcc-10.79 [==                       ] 28/31  Installing       : annobin-plugin-gcc-10.79 [===                      ] 28/31  Installing       : annobin-plugin-gcc-10.79 [====                     ] 28/31  Installing       : annobin-plugin-gcc-10.79 [=====                    ] 28/31  Installing       : annobin-plugin-gcc-10.79 [======                   ] 28/31  Installing       : annobin-plugin-gcc-10.79 [=======                  ] 28/31  Installing       : annobin-plugin-gcc-10.79 [========                 ] 28/31  Installing       : annobin-plugin-gcc-10.79 [=========                ] 28/31  Installing       : annobin-plugin-gcc-10.79 [==========               ] 28/31  Installing       : annobin-plugin-gcc-10.79 [===========              ] 28/31  Installing       : annobin-plugin-gcc-10.79 [============             ] 28/31  Installing       : annobin-plugin-gcc-10.79 [=============            ] 28/31  Installing       : annobin-plugin-gcc-10.79 [==============           ] 28/31  Installing       : annobin-plugin-gcc-10.79 [===============          ] 28/31  Installing       : annobin-plugin-gcc-10.79 [================         ] 28/31  Installing       : annobin-plugin-gcc-10.79 [=================        ] 28/31  Installing       : annobin-plugin-gcc-10.79 [==================       ] 28/31  Installing       : annobin-plugin-gcc-10.79 [===================      ] 28/31  Installing       : annobin-plugin-gcc-10.79 [====================     ] 28/31  Installing       : annobin-plugin-gcc-10.79 [=====================    ] 28/31  Installing       : annobin-plugin-gcc-10.79 [======================   ] 28/31  Installing       : annobin-plugin-gcc-10.79 [=======================  ] 28/31  Installing       : annobin-plugin-gcc-10.79 [======================== ] 28/31  Installing       : annobin-plugin-gcc-10.79-1.fc35.x86_64               28/31 
  Installing       : python3-devel-3.10.8-3.f [                         ] 29/31  Installing       : python3-devel-3.10.8-3.f [=                        ] 29/31  Installing       : python3-devel-3.10.8-3.f [==                       ] 29/31  Installing       : python3-devel-3.10.8-3.f [===                      ] 29/31  Installing       : python3-devel-3.10.8-3.f [====                     ] 29/31  Installing       : python3-devel-3.10.8-3.f [=====                    ] 29/31  Installing       : python3-devel-3.10.8-3.f [======                   ] 29/31  Installing       : python3-devel-3.10.8-3.f [=======                  ] 29/31  Installing       : python3-devel-3.10.8-3.f [========                 ] 29/31  Installing       : python3-devel-3.10.8-3.f [=========                ] 29/31  Installing       : python3-devel-3.10.8-3.f [==========               ] 29/31  Installing       : python3-devel-3.10.8-3.f [===========              ] 29/31  Installing       : python3-devel-3.10.8-3.f [============             ] 29/31  Installing       : python3-devel-3.10.8-3.f [=============            ] 29/31  Installing       : python3-devel-3.10.8-3.f [==============           ] 29/31  Installing       : python3-devel-3.10.8-3.f [===============          ] 29/31  Installing       : python3-devel-3.10.8-3.f [================         ] 29/31  Installing       : python3-devel-3.10.8-3.f [=================        ] 29/31  Installing       : python3-devel-3.10.8-3.f [==================       ] 29/31  Installing       : python3-devel-3.10.8-3.f [===================      ] 29/31  Installing       : python3-devel-3.10.8-3.f [====================     ] 29/31  Installing       : python3-devel-3.10.8-3.f [=====================    ] 29/31  Installing       : python3-devel-3.10.8-3.f [======================   ] 29/31  Installing       : python3-devel-3.10.8-3.f [=======================  ] 29/31  Installing       : python3-devel-3.10.8-3.f [======================== ] 29/31  Installing       : python3-devel-3.10.8-3.fc35.x86_64                   29/31 
  Installing       : python3-libxml2-2.9.14-1 [                         ] 30/31  Installing       : python3-libxml2-2.9.14-1 [=                        ] 30/31  Installing       : python3-libxml2-2.9.14-1 [==                       ] 30/31  Installing       : python3-libxml2-2.9.14-1 [===                      ] 30/31  Installing       : python3-libxml2-2.9.14-1 [====                     ] 30/31  Installing       : python3-libxml2-2.9.14-1 [=====                    ] 30/31  Installing       : python3-libxml2-2.9.14-1 [======                   ] 30/31  Installing       : python3-libxml2-2.9.14-1 [=======                  ] 30/31  Installing       : python3-libxml2-2.9.14-1 [========                 ] 30/31  Installing       : python3-libxml2-2.9.14-1 [=========                ] 30/31  Installing       : python3-libxml2-2.9.14-1 [==========               ] 30/31  Installing       : python3-libxml2-2.9.14-1 [===========              ] 30/31  Installing       : python3-libxml2-2.9.14-1 [============             ] 30/31  Installing       : python3-libxml2-2.9.14-1 [=============            ] 30/31  Installing       : python3-libxml2-2.9.14-1 [==============           ] 30/31  Installing       : python3-libxml2-2.9.14-1 [===============          ] 30/31  Installing       : python3-libxml2-2.9.14-1 [================         ] 30/31  Installing       : python3-libxml2-2.9.14-1 [=================        ] 30/31  Installing       : python3-libxml2-2.9.14-1 [==================       ] 30/31  Installing       : python3-libxml2-2.9.14-1 [===================      ] 30/31  Installing       : python3-libxml2-2.9.14-1 [====================     ] 30/31  Installing       : python3-libxml2-2.9.14-1 [=====================    ] 30/31  Installing       : python3-libxml2-2.9.14-1 [======================   ] 30/31  Installing       : python3-libxml2-2.9.14-1 [=======================  ] 30/31  Installing       : python3-libxml2-2.9.14-1 [======================== ] 30/31  Installing       : python3-libxml2-2.9.14-1.fc35.x86_64                 30/31 
  Installing       : libxml2-devel-2.9.14-1.f [                         ] 31/31  Installing       : libxml2-devel-2.9.14-1.f [=                        ] 31/31  Installing       : libxml2-devel-2.9.14-1.f [==                       ] 31/31  Installing       : libxml2-devel-2.9.14-1.f [===                      ] 31/31  Installing       : libxml2-devel-2.9.14-1.f [====                     ] 31/31  Installing       : libxml2-devel-2.9.14-1.f [=====                    ] 31/31  Installing       : libxml2-devel-2.9.14-1.f [======                   ] 31/31  Installing       : libxml2-devel-2.9.14-1.f [=======                  ] 31/31  Installing       : libxml2-devel-2.9.14-1.f [========                 ] 31/31  Installing       : libxml2-devel-2.9.14-1.f [=========                ] 31/31  Installing       : libxml2-devel-2.9.14-1.f [==========               ] 31/31  Installing       : libxml2-devel-2.9.14-1.f [===========              ] 31/31  Installing       : libxml2-devel-2.9.14-1.f [============             ] 31/31  Installing       : libxml2-devel-2.9.14-1.f [=============            ] 31/31  Installing       : libxml2-devel-2.9.14-1.f [==============           ] 31/31  Installing       : libxml2-devel-2.9.14-1.f [===============          ] 31/31  Installing       : libxml2-devel-2.9.14-1.f [================         ] 31/31  Installing       : libxml2-devel-2.9.14-1.f [=================        ] 31/31  Installing       : libxml2-devel-2.9.14-1.f [==================       ] 31/31  Installing       : libxml2-devel-2.9.14-1.f [===================      ] 31/31  Installing       : libxml2-devel-2.9.14-1.f [====================     ] 31/31  Installing       : libxml2-devel-2.9.14-1.f [=====================    ] 31/31  Installing       : libxml2-devel-2.9.14-1.f [======================   ] 31/31  Installing       : libxml2-devel-2.9.14-1.f [=======================  ] 31/31  Installing       : libxml2-devel-2.9.14-1.f [======================== ] 31/31  Installing       : libxml2-devel-2.9.14-1.fc35.x86_64                   31/31 
  Running scriptlet: libxml2-devel-2.9.14-1.fc35.x86_64                   31/31 
  Verifying        : gc-8.0.4-6.fc35.x86_64                                1/31 
  Verifying        : guile22-2.2.7-3.fc35.x86_64                           2/31 
  Verifying        : libmpc-1.2.1-3.fc35.x86_64                            3/31 
  Verifying        : make-1:4.3-6.fc35.x86_64                              4/31 
  Verifying        : mpdecimal-2.5.1-2.fc35.x86_64                         5/31 
  Verifying        : python-setuptools-wheel-57.4.0-1.fc35.noarch          6/31 
  Verifying        : python3-pyparsing-2.4.7-9.fc35.noarch                 7/31 
  Verifying        : python3-rpm-generators-12-8.fc35.noarch               8/31 
  Verifying        : annobin-docs-10.79-1.fc35.noarch                      9/31 
  Verifying        : annobin-plugin-gcc-10.79-1.fc35.x86_64               10/31 
  Verifying        : cmake-filesystem-3.24.2-1.fc35.x86_64                11/31 
  Verifying        : cpp-11.3.1-3.fc35.x86_64                             12/31 
  Verifying        : expat-2.5.0-1.fc35.x86_64                            13/31 
  Verifying        : gcc-11.3.1-3.fc35.x86_64                             14/31 
  Verifying        : glibc-devel-2.34-49.fc35.x86_64                      15/31 
  Verifying        : glibc-headers-x86-2.34-49.fc35.noarch                16/31 
  Verifying        : kernel-headers-6.0.5-100.fc35.x86_64                 17/31 
  Verifying        : libtool-ltdl-2.4.6-50.fc35.x86_64                    18/31 
  Verifying        : libxcrypt-devel-4.4.33-3.fc35.x86_64                 19/31 
  Verifying        : libxml2-devel-2.9.14-1.fc35.x86_64                   20/31 
  Verifying        : pyproject-rpm-macros-1.4.0-1.fc35.noarch             21/31 
  Verifying        : python-pip-wheel-21.2.3-4.fc35.noarch                22/31 
  Verifying        : python-rpm-macros-3.10-13.fc35.noarch                23/31 
  Verifying        : python3-3.10.8-3.fc35.x86_64                         24/31 
  Verifying        : python3-devel-3.10.8-3.fc35.x86_64                   25/31 
  Verifying        : python3-libs-3.10.8-3.fc35.x86_64                    26/31 
  Verifying        : python3-libxml2-2.9.14-1.fc35.x86_64                 27/31 
  Verifying        : python3-packaging-21.3-2.fc35.noarch                 28/31 
  Verifying        : python3-rpm-macros-3.10-13.fc35.noarch               29/31 
  Verifying        : xz-devel-5.2.5-9.fc35.x86_64                         30/31 
  Verifying        : zlib-devel-1.2.11-32.fc35.x86_64                     31/31 

Installed:
  annobin-docs-10.79-1.fc35.noarch                                              
  annobin-plugin-gcc-10.79-1.fc35.x86_64                                        
  cmake-filesystem-3.24.2-1.fc35.x86_64                                         
  cpp-11.3.1-3.fc35.x86_64                                                      
  expat-2.5.0-1.fc35.x86_64                                                     
  gc-8.0.4-6.fc35.x86_64                                                        
  gcc-11.3.1-3.fc35.x86_64                                                      
  glibc-devel-2.34-49.fc35.x86_64                                               
  glibc-headers-x86-2.34-49.fc35.noarch                                         
  guile22-2.2.7-3.fc35.x86_64                                                   
  kernel-headers-6.0.5-100.fc35.x86_64                                          
  libmpc-1.2.1-3.fc35.x86_64                                                    
  libtool-ltdl-2.4.6-50.fc35.x86_64                                             
  libxcrypt-devel-4.4.33-3.fc35.x86_64                                          
  libxml2-devel-2.9.14-1.fc35.x86_64                                            
  make-1:4.3-6.fc35.x86_64                                                      
  mpdecimal-2.5.1-2.fc35.x86_64                                                 
  pyproject-rpm-macros-1.4.0-1.fc35.noarch                                      
  python-pip-wheel-21.2.3-4.fc35.noarch                                         
  python-rpm-macros-3.10-13.fc35.noarch                                         
  python-setuptools-wheel-57.4.0-1.fc35.noarch                                  
  python3-3.10.8-3.fc35.x86_64                                                  
  python3-devel-3.10.8-3.fc35.x86_64                                            
  python3-libs-3.10.8-3.fc35.x86_64                                             
  python3-libxml2-2.9.14-1.fc35.x86_64                                          
  python3-packaging-21.3-2.fc35.noarch                                          
  python3-pyparsing-2.4.7-9.fc35.noarch                                         
  python3-rpm-generators-12-8.fc35.noarch                                       
  python3-rpm-macros-3.10-13.fc35.noarch                                        
  xz-devel-5.2.5-9.fc35.x86_64                                                  
  zlib-devel-1.2.11-32.fc35.x86_64                                              

Complete!

>>> 2023-01-29 15:15:57	"/usr/bin/mock" "-r" "fedora-35-x86_64" "--plugin-option=tmpfs:keep_mounted=True" "--config-opts=print_main_output=True" "--quiet" "--addrepo" "https://download.copr.fedorainfracloud.org/results/@aufover/symbiotic/fedora-\$releasever-\$basearch/" "--addrepo" "https://download.copr.fedorainfracloud.org/results/@aufover/gllvm/fedora-\$releasever-\$basearch/" "--install" "symbiotic" "gllvm" "csexec" "gcc"
No matches found for the following disable plugin patterns: local, spacewalk, versionlock
https://download.cop     [===                 ] ---  B/s |   0  B     --:-- ETAhttps://download.copr.fedorainfracloud.org/resu  25 kB/s | 3.3 kB     00:00    
https://download.cop     [===                 ] ---  B/s |   0  B     --:-- ETAhttps://download.copr.fedorainfracloud.org/resu  25 kB/s | 3.3 kB     00:00    
fedora                   [   ===              ] ---  B/s |   0  B     --:-- ETAfedora                   [      ===           ] ---  B/s |   0  B     --:-- ETAfedora                                           13 kB/s | 5.1 kB     00:00    
updates                  [         ===        ] ---  B/s |   0  B     --:-- ETAupdates                                          16 kB/s | 2.8 kB     00:00    
Package gcc-11.3.1-3.fc35.x86_64 is already installed.
Dependencies resolved.
============================================================================================================================================================
 Package                     Arch    Version                      Repository                                                                            Size
============================================================================================================================================================
Installing:
 [1mcsexec                     [m x86_64  2.2.2-1.fc35                 updates                                                                              365 k
 [1mgllvm                      [m x86_64  1.3.0-2.fc35                 downloadcoprfedorainfracloudorg_results_aufover_gllvm_fedorareleaseverbasearch_      1.6 M
 [1msymbiotic                  [m x86_64  8.0.0.20220822.193644-1.fc35 downloadcoprfedorainfracloudorg_results_aufover_symbiotic_fedorareleaseverbasearch_  2.0 M
Installing dependencies:
 [1mclang                      [m x86_64  13.0.1-1.fc35                updates                                                                               82 k
 [1mclang-libs                 [m x86_64  13.0.1-1.fc35                updates                                                                               22 M
 [1mclang-resource-filesystem  [m x86_64  13.0.1-1.fc35                updates                                                                               12 k
 [1mgcc-c++                    [m x86_64  11.3.1-3.fc35                updates                                                                               12 M
 [1mjsoncpp                    [m x86_64  1.9.4-5.fc35                 updates                                                                               93 k
 [1mlibedit                    [m x86_64  3.1-40.20210910cvs.fc35      fedora                                                                               105 k
 [1mlibstdc++-devel            [m x86_64  11.3.1-3.fc35                updates                                                                              2.2 M
 [1mllvm                       [m x86_64  13.0.1-1.fc35                updates                                                                               15 M
 [1mllvm-libs                  [m x86_64  13.0.1-1.fc35                updates                                                                               25 M
 [1mz3-libs                    [m x86_64  4.8.14-1.fc35                updates                                                                              5.8 M

Transaction Summary
============================================================================================================================================================
Install  13 Packages

Total size: 86 M
Installed size: 337 M
Downloading Packages:
[SKIPPED] symbiotic-8.0.0.20220822.193644-1.fc35.x86_64.rpm: Already downloaded
[SKIPPED] gllvm-1.3.0-2.fc35.x86_64.rpm: Already downloaded                    
[SKIPPED] libedit-3.1-40.20210910cvs.fc35.x86_64.rpm: Already downloaded       
[SKIPPED] clang-13.0.1-1.fc35.x86_64.rpm: Already downloaded                   
[SKIPPED] clang-libs-13.0.1-1.fc35.x86_64.rpm: Already downloaded              
[SKIPPED] clang-resource-filesystem-13.0.1-1.fc35.x86_64.rpm: Already downloaded
[SKIPPED] csexec-2.2.2-1.fc35.x86_64.rpm: Already downloaded                   
[SKIPPED] gcc-c++-11.3.1-3.fc35.x86_64.rpm: Already downloaded                 
[SKIPPED] jsoncpp-1.9.4-5.fc35.x86_64.rpm: Already downloaded                  
[SKIPPED] libstdc++-devel-11.3.1-3.fc35.x86_64.rpm: Already downloaded         
[SKIPPED] llvm-13.0.1-1.fc35.x86_64.rpm: Already downloaded                    
[SKIPPED] llvm-libs-13.0.1-1.fc35.x86_64.rpm: Already downloaded               
[SKIPPED] z3-libs-4.8.14-1.fc35.x86_64.rpm: Already downloaded                 
Running transaction check
Transaction check succeeded.
Running transaction test
Transaction test succeeded.
Running transaction
  Preparing        :  [===                                                ] 1/1  Preparing        :  [=======                                            ] 1/1  Preparing        :  [===========                                        ] 1/1  Preparing        :  [===============                                    ] 1/1  Preparing        :  [===================                                ] 1/1  Preparing        :  [=======================                            ] 1/1  Preparing        :  [===========================                        ] 1/1  Preparing        :  [===============================                    ] 1/1  Preparing        :  [===================================                ] 1/1  Preparing        :  [======================================             ] 1/1  Preparing        :  [==========================================         ] 1/1  Preparing        :  [==============================================     ] 1/1  Preparing        :                                                        1/1 
  Installing       : libstdc++-devel-11.3.1-3 [                         ]  1/13  Installing       : libstdc++-devel-11.3.1-3 [=                        ]  1/13  Installing       : libstdc++-devel-11.3.1-3 [==                       ]  1/13  Installing       : libstdc++-devel-11.3.1-3 [===                      ]  1/13  Installing       : libstdc++-devel-11.3.1-3 [====                     ]  1/13  Installing       : libstdc++-devel-11.3.1-3 [=====                    ]  1/13  Installing       : libstdc++-devel-11.3.1-3 [======                   ]  1/13  Installing       : libstdc++-devel-11.3.1-3 [=======                  ]  1/13  Installing       : libstdc++-devel-11.3.1-3 [========                 ]  1/13  Installing       : libstdc++-devel-11.3.1-3 [=========                ]  1/13  Installing       : libstdc++-devel-11.3.1-3 [==========               ]  1/13  Installing       : libstdc++-devel-11.3.1-3 [===========              ]  1/13  Installing       : libstdc++-devel-11.3.1-3 [============             ]  1/13  Installing       : libstdc++-devel-11.3.1-3 [=============            ]  1/13  Installing       : libstdc++-devel-11.3.1-3 [==============           ]  1/13  Installing       : libstdc++-devel-11.3.1-3 [===============          ]  1/13  Installing       : libstdc++-devel-11.3.1-3 [================         ]  1/13  Installing       : libstdc++-devel-11.3.1-3 [=================        ]  1/13  Installing       : libstdc++-devel-11.3.1-3 [==================       ]  1/13  Installing       : libstdc++-devel-11.3.1-3 [===================      ]  1/13  Installing       : libstdc++-devel-11.3.1-3 [====================     ]  1/13  Installing       : libstdc++-devel-11.3.1-3 [=====================    ]  1/13  Installing       : libstdc++-devel-11.3.1-3 [======================   ]  1/13  Installing       : libstdc++-devel-11.3.1-3 [=======================  ]  1/13  Installing       : libstdc++-devel-11.3.1-3 [======================== ]  1/13  Installing       : libstdc++-devel-11.3.1-3.fc35.x86_64                  1/13 
  Installing       : gcc-c++-11.3.1-3.fc35.x8 [                         ]  2/13  Installing       : gcc-c++-11.3.1-3.fc35.x8 [=                        ]  2/13  Installing       : gcc-c++-11.3.1-3.fc35.x8 [==                       ]  2/13  Installing       : gcc-c++-11.3.1-3.fc35.x8 [===                      ]  2/13  Installing       : gcc-c++-11.3.1-3.fc35.x8 [====                     ]  2/13  Installing       : gcc-c++-11.3.1-3.fc35.x8 [=====                    ]  2/13  Installing       : gcc-c++-11.3.1-3.fc35.x8 [======                   ]  2/13  Installing       : gcc-c++-11.3.1-3.fc35.x8 [=======                  ]  2/13  Installing       : gcc-c++-11.3.1-3.fc35.x8 [========                 ]  2/13  Installing       : gcc-c++-11.3.1-3.fc35.x8 [=========                ]  2/13  Installing       : gcc-c++-11.3.1-3.fc35.x8 [==========               ]  2/13  Installing       : gcc-c++-11.3.1-3.fc35.x8 [===========              ]  2/13  Installing       : gcc-c++-11.3.1-3.fc35.x8 [============             ]  2/13  Installing       : gcc-c++-11.3.1-3.fc35.x8 [=============            ]  2/13  Installing       : gcc-c++-11.3.1-3.fc35.x8 [==============           ]  2/13  Installing       : gcc-c++-11.3.1-3.fc35.x8 [===============          ]  2/13  Installing       : gcc-c++-11.3.1-3.fc35.x8 [================         ]  2/13  Installing       : gcc-c++-11.3.1-3.fc35.x8 [=================        ]  2/13  Installing       : gcc-c++-11.3.1-3.fc35.x8 [==================       ]  2/13  Installing       : gcc-c++-11.3.1-3.fc35.x8 [===================      ]  2/13  Installing       : gcc-c++-11.3.1-3.fc35.x8 [====================     ]  2/13  Installing       : gcc-c++-11.3.1-3.fc35.x8 [=====================    ]  2/13  Installing       : gcc-c++-11.3.1-3.fc35.x8 [======================   ]  2/13  Installing       : gcc-c++-11.3.1-3.fc35.x8 [=======================  ]  2/13  Installing       : gcc-c++-11.3.1-3.fc35.x8 [======================== ]  2/13  Installing       : gcc-c++-11.3.1-3.fc35.x86_64                          2/13 
  Installing       : z3-libs-4.8.14-1.fc35.x8 [                         ]  3/13  Installing       : z3-libs-4.8.14-1.fc35.x8 [=                        ]  3/13  Installing       : z3-libs-4.8.14-1.fc35.x8 [==                       ]  3/13  Installing       : z3-libs-4.8.14-1.fc35.x8 [===                      ]  3/13  Installing       : z3-libs-4.8.14-1.fc35.x8 [====                     ]  3/13  Installing       : z3-libs-4.8.14-1.fc35.x8 [=====                    ]  3/13  Installing       : z3-libs-4.8.14-1.fc35.x8 [======                   ]  3/13  Installing       : z3-libs-4.8.14-1.fc35.x8 [=======                  ]  3/13  Installing       : z3-libs-4.8.14-1.fc35.x8 [========                 ]  3/13  Installing       : z3-libs-4.8.14-1.fc35.x8 [=========                ]  3/13  Installing       : z3-libs-4.8.14-1.fc35.x8 [==========               ]  3/13  Installing       : z3-libs-4.8.14-1.fc35.x8 [===========              ]  3/13  Installing       : z3-libs-4.8.14-1.fc35.x8 [============             ]  3/13  Installing       : z3-libs-4.8.14-1.fc35.x8 [=============            ]  3/13  Installing       : z3-libs-4.8.14-1.fc35.x8 [==============           ]  3/13  Installing       : z3-libs-4.8.14-1.fc35.x8 [===============          ]  3/13  Installing       : z3-libs-4.8.14-1.fc35.x8 [================         ]  3/13  Installing       : z3-libs-4.8.14-1.fc35.x8 [=================        ]  3/13  Installing       : z3-libs-4.8.14-1.fc35.x8 [==================       ]  3/13  Installing       : z3-libs-4.8.14-1.fc35.x8 [===================      ]  3/13  Installing       : z3-libs-4.8.14-1.fc35.x8 [====================     ]  3/13  Installing       : z3-libs-4.8.14-1.fc35.x8 [=====================    ]  3/13  Installing       : z3-libs-4.8.14-1.fc35.x8 [======================   ]  3/13  Installing       : z3-libs-4.8.14-1.fc35.x8 [=======================  ]  3/13  Installing       : z3-libs-4.8.14-1.fc35.x8 [======================== ]  3/13  Installing       : z3-libs-4.8.14-1.fc35.x86_64                          3/13 
  Installing       : jsoncpp-1.9.4-5.fc35.x86 [                         ]  4/13  Installing       : jsoncpp-1.9.4-5.fc35.x86 [===                      ]  4/13  Installing       : jsoncpp-1.9.4-5.fc35.x86 [======                   ]  4/13  Installing       : jsoncpp-1.9.4-5.fc35.x86 [==========               ]  4/13  Installing       : jsoncpp-1.9.4-5.fc35.x86 [=============            ]  4/13  Installing       : jsoncpp-1.9.4-5.fc35.x86 [================         ]  4/13  Installing       : jsoncpp-1.9.4-5.fc35.x86 [====================     ]  4/13  Installing       : jsoncpp-1.9.4-5.fc35.x86 [=======================  ]  4/13  Installing       : jsoncpp-1.9.4-5.fc35.x86 [======================== ]  4/13  Installing       : jsoncpp-1.9.4-5.fc35.x86_64                           4/13 
  Installing       : clang-resource-filesyste [                         ]  5/13  Installing       : clang-resource-filesyste [====                     ]  5/13  Installing       : clang-resource-filesyste [========                 ]  5/13  Installing       : clang-resource-filesyste [============             ]  5/13  Installing       : clang-resource-filesyste [================         ]  5/13  Installing       : clang-resource-filesyste [=====================    ]  5/13  Installing       : clang-resource-filesystem-13.0.1-1.fc35.x86_64        5/13 
  Installing       : libedit-3.1-40.20210910c [                         ]  6/13  Installing       : libedit-3.1-40.20210910c [===                      ]  6/13  Installing       : libedit-3.1-40.20210910c [======                   ]  6/13  Installing       : libedit-3.1-40.20210910c [=========                ]  6/13  Installing       : libedit-3.1-40.20210910c [============             ]  6/13  Installing       : libedit-3.1-40.20210910c [================         ]  6/13  Installing       : libedit-3.1-40.20210910c [===================      ]  6/13  Installing       : libedit-3.1-40.20210910c [======================   ]  6/13  Installing       : libedit-3.1-40.20210910c [=======================  ]  6/13  Installing       : libedit-3.1-40.20210910c [======================== ]  6/13  Installing       : libedit-3.1-40.20210910cvs.fc35.x86_64                6/13 
  Installing       : llvm-libs-13.0.1-1.fc35. [                         ]  7/13  Installing       : llvm-libs-13.0.1-1.fc35. [=                        ]  7/13  Installing       : llvm-libs-13.0.1-1.fc35. [==                       ]  7/13  Installing       : llvm-libs-13.0.1-1.fc35. [===                      ]  7/13  Installing       : llvm-libs-13.0.1-1.fc35. [====                     ]  7/13  Installing       : llvm-libs-13.0.1-1.fc35. [=====                    ]  7/13  Installing       : llvm-libs-13.0.1-1.fc35. [======                   ]  7/13  Installing       : llvm-libs-13.0.1-1.fc35. [=======                  ]  7/13  Installing       : llvm-libs-13.0.1-1.fc35. [========                 ]  7/13  Installing       : llvm-libs-13.0.1-1.fc35. [=========                ]  7/13  Installing       : llvm-libs-13.0.1-1.fc35. [==========               ]  7/13  Installing       : llvm-libs-13.0.1-1.fc35. [===========              ]  7/13  Installing       : llvm-libs-13.0.1-1.fc35. [============             ]  7/13  Installing       : llvm-libs-13.0.1-1.fc35. [=============            ]  7/13  Installing       : llvm-libs-13.0.1-1.fc35. [==============           ]  7/13  Installing       : llvm-libs-13.0.1-1.fc35. [===============          ]  7/13  Installing       : llvm-libs-13.0.1-1.fc35. [================         ]  7/13  Installing       : llvm-libs-13.0.1-1.fc35. [=================        ]  7/13  Installing       : llvm-libs-13.0.1-1.fc35. [==================       ]  7/13  Installing       : llvm-libs-13.0.1-1.fc35. [===================      ]  7/13  Installing       : llvm-libs-13.0.1-1.fc35. [====================     ]  7/13  Installing       : llvm-libs-13.0.1-1.fc35. [=====================    ]  7/13  Installing       : llvm-libs-13.0.1-1.fc35. [======================   ]  7/13  Installing       : llvm-libs-13.0.1-1.fc35. [=======================  ]  7/13  Installing       : llvm-libs-13.0.1-1.fc35. [======================== ]  7/13  Installing       : llvm-libs-13.0.1-1.fc35.x86_64                        7/13 
  Installing       : llvm-13.0.1-1.fc35.x86_6 [                         ]  8/13  Installing       : llvm-13.0.1-1.fc35.x86_6 [=                        ]  8/13  Installing       : llvm-13.0.1-1.fc35.x86_6 [==                       ]  8/13  Installing       : llvm-13.0.1-1.fc35.x86_6 [===                      ]  8/13  Installing       : llvm-13.0.1-1.fc35.x86_6 [====                     ]  8/13  Installing       : llvm-13.0.1-1.fc35.x86_6 [=====                    ]  8/13  Installing       : llvm-13.0.1-1.fc35.x86_6 [======                   ]  8/13  Installing       : llvm-13.0.1-1.fc35.x86_6 [=======                  ]  8/13  Installing       : llvm-13.0.1-1.fc35.x86_6 [========                 ]  8/13  Installing       : llvm-13.0.1-1.fc35.x86_6 [=========                ]  8/13  Installing       : llvm-13.0.1-1.fc35.x86_6 [==========               ]  8/13  Installing       : llvm-13.0.1-1.fc35.x86_6 [===========              ]  8/13  Installing       : llvm-13.0.1-1.fc35.x86_6 [============             ]  8/13  Installing       : llvm-13.0.1-1.fc35.x86_6 [=============            ]  8/13  Installing       : llvm-13.0.1-1.fc35.x86_6 [==============           ]  8/13  Installing       : llvm-13.0.1-1.fc35.x86_6 [===============          ]  8/13  Installing       : llvm-13.0.1-1.fc35.x86_6 [================         ]  8/13  Installing       : llvm-13.0.1-1.fc35.x86_6 [=================        ]  8/13  Installing       : llvm-13.0.1-1.fc35.x86_6 [==================       ]  8/13  Installing       : llvm-13.0.1-1.fc35.x86_6 [===================      ]  8/13  Installing       : llvm-13.0.1-1.fc35.x86_6 [====================     ]  8/13  Installing       : llvm-13.0.1-1.fc35.x86_6 [=====================    ]  8/13  Installing       : llvm-13.0.1-1.fc35.x86_6 [======================   ]  8/13  Installing       : llvm-13.0.1-1.fc35.x86_6 [=======================  ]  8/13  Installing       : llvm-13.0.1-1.fc35.x86_6 [======================== ]  8/13  Installing       : llvm-13.0.1-1.fc35.x86_64                             8/13 
  Installing       : clang-libs-13.0.1-1.fc35 [                         ]  9/13  Installing       : clang-libs-13.0.1-1.fc35 [=                        ]  9/13  Installing       : clang-libs-13.0.1-1.fc35 [==                       ]  9/13  Installing       : clang-libs-13.0.1-1.fc35 [===                      ]  9/13  Installing       : clang-libs-13.0.1-1.fc35 [====                     ]  9/13  Installing       : clang-libs-13.0.1-1.fc35 [=====                    ]  9/13  Installing       : clang-libs-13.0.1-1.fc35 [======                   ]  9/13  Installing       : clang-libs-13.0.1-1.fc35 [=======                  ]  9/13  Installing       : clang-libs-13.0.1-1.fc35 [========                 ]  9/13  Installing       : clang-libs-13.0.1-1.fc35 [=========                ]  9/13  Installing       : clang-libs-13.0.1-1.fc35 [==========               ]  9/13  Installing       : clang-libs-13.0.1-1.fc35 [===========              ]  9/13  Installing       : clang-libs-13.0.1-1.fc35 [============             ]  9/13  Installing       : clang-libs-13.0.1-1.fc35 [=============            ]  9/13  Installing       : clang-libs-13.0.1-1.fc35 [==============           ]  9/13  Installing       : clang-libs-13.0.1-1.fc35 [===============          ]  9/13  Installing       : clang-libs-13.0.1-1.fc35 [================         ]  9/13  Installing       : clang-libs-13.0.1-1.fc35 [=================        ]  9/13  Installing       : clang-libs-13.0.1-1.fc35 [==================       ]  9/13  Installing       : clang-libs-13.0.1-1.fc35 [===================      ]  9/13  Installing       : clang-libs-13.0.1-1.fc35 [====================     ]  9/13  Installing       : clang-libs-13.0.1-1.fc35 [=====================    ]  9/13  Installing       : clang-libs-13.0.1-1.fc35 [======================   ]  9/13  Installing       : clang-libs-13.0.1-1.fc35 [=======================  ]  9/13  Installing       : clang-libs-13.0.1-1.fc35 [======================== ]  9/13  Installing       : clang-libs-13.0.1-1.fc35.x86_64                       9/13 
  Installing       : clang-13.0.1-1.fc35.x86_ [                         ] 10/13  Installing       : clang-13.0.1-1.fc35.x86_ [====                     ] 10/13  Installing       : clang-13.0.1-1.fc35.x86_ [========                 ] 10/13  Installing       : clang-13.0.1-1.fc35.x86_ [============             ] 10/13  Installing       : clang-13.0.1-1.fc35.x86_ [=================        ] 10/13  Installing       : clang-13.0.1-1.fc35.x86_ [=====================    ] 10/13  Installing       : clang-13.0.1-1.fc35.x86_ [=======================  ] 10/13  Installing       : clang-13.0.1-1.fc35.x86_ [======================== ] 10/13  Installing       : clang-13.0.1-1.fc35.x86_64                           10/13 
  Installing       : symbiotic-8.0.0.20220822 [                         ] 11/13  Installing       : symbiotic-8.0.0.20220822 [=                        ] 11/13  Installing       : symbiotic-8.0.0.20220822 [==                       ] 11/13  Installing       : symbiotic-8.0.0.20220822 [===                      ] 11/13  Installing       : symbiotic-8.0.0.20220822 [====                     ] 11/13  Installing       : symbiotic-8.0.0.20220822 [=====                    ] 11/13  Installing       : symbiotic-8.0.0.20220822 [======                   ] 11/13  Installing       : symbiotic-8.0.0.20220822 [=======                  ] 11/13  Installing       : symbiotic-8.0.0.20220822 [========                 ] 11/13  Installing       : symbiotic-8.0.0.20220822 [=========                ] 11/13  Installing       : symbiotic-8.0.0.20220822 [==========               ] 11/13  Installing       : symbiotic-8.0.0.20220822 [===========              ] 11/13  Installing       : symbiotic-8.0.0.20220822 [============             ] 11/13  Installing       : symbiotic-8.0.0.20220822 [=============            ] 11/13  Installing       : symbiotic-8.0.0.20220822 [==============           ] 11/13  Installing       : symbiotic-8.0.0.20220822 [===============          ] 11/13  Installing       : symbiotic-8.0.0.20220822 [================         ] 11/13  Installing       : symbiotic-8.0.0.20220822 [=================        ] 11/13  Installing       : symbiotic-8.0.0.20220822 [==================       ] 11/13  Installing       : symbiotic-8.0.0.20220822 [===================      ] 11/13  Installing       : symbiotic-8.0.0.20220822 [====================     ] 11/13  Installing       : symbiotic-8.0.0.20220822 [=====================    ] 11/13  Installing       : symbiotic-8.0.0.20220822 [======================   ] 11/13  Installing       : symbiotic-8.0.0.20220822 [=======================  ] 11/13  Installing       : symbiotic-8.0.0.20220822 [======================== ] 11/13  Installing       : symbiotic-8.0.0.20220822.193644-1.fc35.x86_64        11/13 
  Installing       : gllvm-1.3.0-2.fc35.x86_6 [                         ] 12/13  Installing       : gllvm-1.3.0-2.fc35.x86_6 [=                        ] 12/13  Installing       : gllvm-1.3.0-2.fc35.x86_6 [==                       ] 12/13  Installing       : gllvm-1.3.0-2.fc35.x86_6 [===                      ] 12/13  Installing       : gllvm-1.3.0-2.fc35.x86_6 [====                     ] 12/13  Installing       : gllvm-1.3.0-2.fc35.x86_6 [=====                    ] 12/13  Installing       : gllvm-1.3.0-2.fc35.x86_6 [======                   ] 12/13  Installing       : gllvm-1.3.0-2.fc35.x86_6 [=======                  ] 12/13  Installing       : gllvm-1.3.0-2.fc35.x86_6 [========                 ] 12/13  Installing       : gllvm-1.3.0-2.fc35.x86_6 [=========                ] 12/13  Installing       : gllvm-1.3.0-2.fc35.x86_6 [==========               ] 12/13  Installing       : gllvm-1.3.0-2.fc35.x86_6 [===========              ] 12/13  Installing       : gllvm-1.3.0-2.fc35.x86_6 [============             ] 12/13  Installing       : gllvm-1.3.0-2.fc35.x86_6 [=============            ] 12/13  Installing       : gllvm-1.3.0-2.fc35.x86_6 [==============           ] 12/13  Installing       : gllvm-1.3.0-2.fc35.x86_6 [===============          ] 12/13  Installing       : gllvm-1.3.0-2.fc35.x86_6 [================         ] 12/13  Installing       : gllvm-1.3.0-2.fc35.x86_6 [=================        ] 12/13  Installing       : gllvm-1.3.0-2.fc35.x86_6 [==================       ] 12/13  Installing       : gllvm-1.3.0-2.fc35.x86_6 [===================      ] 12/13  Installing       : gllvm-1.3.0-2.fc35.x86_6 [====================     ] 12/13  Installing       : gllvm-1.3.0-2.fc35.x86_6 [=====================    ] 12/13  Installing       : gllvm-1.3.0-2.fc35.x86_6 [======================   ] 12/13  Installing       : gllvm-1.3.0-2.fc35.x86_6 [=======================  ] 12/13  Installing       : gllvm-1.3.0-2.fc35.x86_6 [======================== ] 12/13  Installing       : gllvm-1.3.0-2.fc35.x86_64                            12/13 
  Installing       : csexec-2.2.2-1.fc35.x86_ [                         ] 13/13  Installing       : csexec-2.2.2-1.fc35.x86_ [=                        ] 13/13  Installing       : csexec-2.2.2-1.fc35.x86_ [==                       ] 13/13  Installing       : csexec-2.2.2-1.fc35.x86_ [===                      ] 13/13  Installing       : csexec-2.2.2-1.fc35.x86_ [====                     ] 13/13  Installing       : csexec-2.2.2-1.fc35.x86_ [=====                    ] 13/13  Installing       : csexec-2.2.2-1.fc35.x86_ [======                   ] 13/13  Installing       : csexec-2.2.2-1.fc35.x86_ [=======                  ] 13/13  Installing       : csexec-2.2.2-1.fc35.x86_ [========                 ] 13/13  Installing       : csexec-2.2.2-1.fc35.x86_ [=========                ] 13/13  Installing       : csexec-2.2.2-1.fc35.x86_ [==========               ] 13/13  Installing       : csexec-2.2.2-1.fc35.x86_ [===========              ] 13/13  Installing       : csexec-2.2.2-1.fc35.x86_ [============             ] 13/13  Installing       : csexec-2.2.2-1.fc35.x86_ [=============            ] 13/13  Installing       : csexec-2.2.2-1.fc35.x86_ [==============           ] 13/13  Installing       : csexec-2.2.2-1.fc35.x86_ [===============          ] 13/13  Installing       : csexec-2.2.2-1.fc35.x86_ [================         ] 13/13  Installing       : csexec-2.2.2-1.fc35.x86_ [=================        ] 13/13  Installing       : csexec-2.2.2-1.fc35.x86_ [==================       ] 13/13  Installing       : csexec-2.2.2-1.fc35.x86_ [===================      ] 13/13  Installing       : csexec-2.2.2-1.fc35.x86_ [====================     ] 13/13  Installing       : csexec-2.2.2-1.fc35.x86_ [=====================    ] 13/13  Installing       : csexec-2.2.2-1.fc35.x86_ [======================   ] 13/13  Installing       : csexec-2.2.2-1.fc35.x86_ [=======================  ] 13/13  Installing       : csexec-2.2.2-1.fc35.x86_ [======================== ] 13/13  Installing       : csexec-2.2.2-1.fc35.x86_64                           13/13 
  Running scriptlet: csexec-2.2.2-1.fc35.x86_64                           13/13 
  Verifying        : symbiotic-8.0.0.20220822.193644-1.fc35.x86_64         1/13 
  Verifying        : gllvm-1.3.0-2.fc35.x86_64                             2/13 
  Verifying        : libedit-3.1-40.20210910cvs.fc35.x86_64                3/13 
  Verifying        : clang-13.0.1-1.fc35.x86_64                            4/13 
  Verifying        : clang-libs-13.0.1-1.fc35.x86_64                       5/13 
  Verifying        : clang-resource-filesystem-13.0.1-1.fc35.x86_64        6/13 
  Verifying        : csexec-2.2.2-1.fc35.x86_64                            7/13 
  Verifying        : gcc-c++-11.3.1-3.fc35.x86_64                          8/13 
  Verifying        : jsoncpp-1.9.4-5.fc35.x86_64                           9/13 
  Verifying        : libstdc++-devel-11.3.1-3.fc35.x86_64                 10/13 
  Verifying        : llvm-13.0.1-1.fc35.x86_64                            11/13 
  Verifying        : llvm-libs-13.0.1-1.fc35.x86_64                       12/13 
  Verifying        : z3-libs-4.8.14-1.fc35.x86_64                         13/13 

Installed:
  clang-13.0.1-1.fc35.x86_64                                                    
  clang-libs-13.0.1-1.fc35.x86_64                                               
  clang-resource-filesystem-13.0.1-1.fc35.x86_64                                
  csexec-2.2.2-1.fc35.x86_64                                                    
  gcc-c++-11.3.1-3.fc35.x86_64                                                  
  gllvm-1.3.0-2.fc35.x86_64                                                     
  jsoncpp-1.9.4-5.fc35.x86_64                                                   
  libedit-3.1-40.20210910cvs.fc35.x86_64                                        
  libstdc++-devel-11.3.1-3.fc35.x86_64                                          
  llvm-13.0.1-1.fc35.x86_64                                                     
  llvm-libs-13.0.1-1.fc35.x86_64                                                
  symbiotic-8.0.0.20220822.193644-1.fc35.x86_64                                 
  z3-libs-4.8.14-1.fc35.x86_64                                                  

Complete!

>>> 2023-01-29 15:16:31	"'/usr/bin/mock' '-r' 'fedora-35-x86_64' '--plugin-option=tmpfs:keep_mounted=True' '--config-opts=print_main_output=True' '--quiet' '--shell' 'rpm -qa' | sort -V > /home/mockbuilder/aufover-benchmark/workdir-for-sync/rpm-pkgs/python-dmidecode-3.12.2-25.fc35/symbiotic/output/debug/rpm-list-mock.txt"

>>> 2023-01-29 15:16:37	"'/usr/bin/mock' '-r' 'fedora-35-x86_64' '--plugin-option=tmpfs:keep_mounted=True' '--config-opts=print_main_output=True' '--quiet' '--shell' 'rpm -qa --provides' | sort -V > /tmp/csmockjb7rulv2/rpm-list-mock-provides.txt"

>>> 2023-01-29 15:16:43	"/usr/bin/mock" "-r" "fedora-35-x86_64" "--plugin-option=tmpfs:keep_mounted=True" "--config-opts=print_main_output=True" "--quiet" "--copyin" "/tmp/csmockjb7rulv2/python-dmidecode-3.12.2-25.fc35.src.rpm" "/builddir/python-dmidecode-3.12.2-25.fc35.src.rpm"

>>> 2023-01-29 15:16:48	"/usr/bin/mock" "-r" "fedora-35-x86_64" "--plugin-option=tmpfs:keep_mounted=True" "--config-opts=print_main_output=True" "--quiet" "--chroot" "chown mockbuild -R /builddir"

>>> 2023-01-29 15:16:53	"/usr/bin/mock" "-r" "fedora-35-x86_64" "--plugin-option=tmpfs:keep_mounted=True" "--config-opts=print_main_output=True" "--quiet" "--chroot" "/bin/su mockbuild -l -c \"rpm -Uvh --nodeps '/builddir/python-dmidecode-3.12.2-25.fc35.src.rpm'\""
Updating / installing...
python-dmidecode-3.12.2-25.fc35       ########################################

>>> 2023-01-29 15:16:59	"/usr/bin/mock" "-r" "fedora-35-x86_64" "--plugin-option=tmpfs:keep_mounted=True" "--config-opts=print_main_output=True" "--quiet" "--chroot" "/bin/su mockbuild -l -c \"sed -e 's|^ExclusiveArch:.*\\\$||' -i /builddir/build/SPECS/python-dmidecode.spec\""

>>> 2023-01-29 15:17:04	"/usr/bin/mock" "-r" "fedora-35-x86_64" "--plugin-option=tmpfs:keep_mounted=True" "--config-opts=print_main_output=True" "--quiet" "--chroot" "/bin/su mockbuild -l -c \"rpmbuild -bs --nodeps /builddir/build/SPECS/python-dmidecode.spec '--define' '_unpackaged_files_terminate_build 0' '--define' 'apidocs 0' '--define' 'with_publican 0' '--without' 'docs' '--without' 'langpacks' '--define' '__cc gclang' '--define' '__cxx gclang++' '--define' '__cpp gclang -E' '--define' 'toolchain clang' '--define' 'optflags -O0' '--define' 'build_ldflags -O0' && sh -c 'cd /builddir/build/SRPMS && eval mv -v *.src.rpm /builddir/python-dmidecode-3.12.2-25.fc35.src.rpm || :'\""
setting SOURCE_DATE_EPOCH=1627344000
Wrote: /builddir/build/SRPMS/python-dmidecode-3.12.2-25.fc35.src.rpm
renamed 'python-dmidecode-3.12.2-25.fc35.src.rpm' -> '/builddir/python-dmidecode-3.12.2-25.fc35.src.rpm'

>>> 2023-01-29 15:17:10	"/usr/bin/mock" "-r" "fedora-35-x86_64" "--plugin-option=tmpfs:keep_mounted=True" "--config-opts=print_main_output=True" "--quiet" "--disable-plugin=selinux" "--copyout" "/builddir/python-dmidecode-3.12.2-25.fc35.src.rpm" "/tmp/csmockjb7rulv2/python-dmidecode-3.12.2-25.fc35.src.rpm"

>>> 2023-01-29 15:17:16	"/usr/bin/mock" "-r" "fedora-35-x86_64" "--plugin-option=tmpfs:keep_mounted=True" "--config-opts=print_main_output=True" "--quiet" "--installdeps" "/tmp/csmockjb7rulv2/python-dmidecode-3.12.2-25.fc35.src.rpm"
No matches found for the following disable plugin patterns: local, spacewalk, versionlock
fedora                   [===                 ] ---  B/s |   0  B     --:-- ETAfedora                                           27 kB/s | 5.1 kB     00:00    
updates                  [===                 ] ---  B/s |   0  B     --:-- ETAupdates                  [   ===              ] ---  B/s |   0  B     --:-- ETAupdates                                         8.3 kB/s | 2.8 kB     00:00    
Package gcc-11.3.1-3.fc35.x86_64 is already installed.
Package libxml2-devel-2.9.14-1.fc35.x86_64 is already installed.
Package python3-libxml2-2.9.14-1.fc35.x86_64 is already installed.
Package make-1:4.3-6.fc35.x86_64 is already installed.
Package python3-devel-3.10.8-3.fc35.x86_64 is already installed.
Dependencies resolved.
Nothing to do.
Complete!

>>> 2023-01-29 15:17:27	"/usr/bin/mock" "-r" "fedora-35-x86_64" "--plugin-option=tmpfs:keep_mounted=True" "--config-opts=print_main_output=True" "--quiet" "--addrepo" "https://download.copr.fedorainfracloud.org/results/@aufover/symbiotic/fedora-\$releasever-\$basearch/" "--addrepo" "https://download.copr.fedorainfracloud.org/results/@aufover/gllvm/fedora-\$releasever-\$basearch/" "--install" "symbiotic" "gllvm" "csexec" "gcc"
No matches found for the following disable plugin patterns: local, spacewalk, versionlock
https://download.cop     [===                 ] ---  B/s |   0  B     --:-- ETAhttps://download.copr.fedorainfracloud.org/resu  24 kB/s | 3.3 kB     00:00    
https://download.cop     [===                 ] ---  B/s |   0  B     --:-- ETAhttps://download.copr.fedorainfracloud.org/resu  29 kB/s | 3.3 kB     00:00    
fedora                   [   ===              ] ---  B/s |   0  B     --:-- ETAfedora                                           33 kB/s | 5.1 kB     00:00    
updates                  [      ===           ] ---  B/s |   0  B     --:-- ETAupdates                                          16 kB/s | 2.8 kB     00:00    
Package symbiotic-8.0.0.20220822.193644-1.fc35.x86_64 is already installed.
Package gllvm-1.3.0-2.fc35.x86_64 is already installed.
Package csexec-2.2.2-1.fc35.x86_64 is already installed.
Package gcc-11.3.1-3.fc35.x86_64 is already installed.
Dependencies resolved.
Nothing to do.
Complete!

>>> 2023-01-29 15:17:38	"'/usr/bin/mock' '-r' 'fedora-35-x86_64' '--plugin-option=tmpfs:keep_mounted=True' '--config-opts=print_main_output=True' '--quiet' '--shell' 'rpm -qa' | sort -V > /home/mockbuilder/aufover-benchmark/workdir-for-sync/rpm-pkgs/python-dmidecode-3.12.2-25.fc35/symbiotic/output/debug/rpm-list-mock.txt"

>>> 2023-01-29 15:17:44	"'/usr/bin/mock' '-r' 'fedora-35-x86_64' '--plugin-option=tmpfs:keep_mounted=True' '--config-opts=print_main_output=True' '--quiet' '--shell' 'rpm -qa --provides' | sort -V > /tmp/csmockjb7rulv2/rpm-list-mock-provides.txt"

>>> 2023-01-29 15:17:49	"/usr/bin/mock" "-r" "fedora-35-x86_64" "--plugin-option=tmpfs:keep_mounted=True" "--config-opts=print_main_output=True" "--quiet" "--addrepo" "https://download.copr.fedorainfracloud.org/results/@aufover/symbiotic/fedora-\$releasever-\$basearch/" "--addrepo" "https://download.copr.fedorainfracloud.org/results/@aufover/gllvm/fedora-\$releasever-\$basearch/" "--install" "csdiff"
No matches found for the following disable plugin patterns: local, spacewalk, versionlock
https://download.cop     [===                 ] ---  B/s |   0  B     --:-- ETAhttps://download.cop     [===                 ] ---  B/s |   0  B     --:-- ETAhttps://download.copr.fedorainfracloud.org/resu 8.8 kB/s | 3.3 kB     00:00    
https://download.cop     [   ===              ] ---  B/s |   0  B     --:-- ETAhttps://download.cop     [      ===           ] ---  B/s |   0  B     --:-- ETAhttps://download.copr.fedorainfracloud.org/resu 9.3 kB/s | 3.3 kB     00:00    
fedora                   [         ===        ] ---  B/s |   0  B     --:-- ETAfedora                                           27 kB/s | 5.1 kB     00:00    
updates                  [            ===     ] ---  B/s |   0  B     --:-- ETAupdates                                         9.7 kB/s | 2.8 kB     00:00    
Dependencies resolved.
================================================================================
 Package                    Arch        Version              Repository    Size
================================================================================
Installing:
 [1mcsdiff                    [m x86_64      2.7.0-1.fc35         updates      894 k
Installing dependencies:
 [1mboost-filesystem          [m x86_64      1.76.0-5.fc35        updates       58 k
 [1mboost-program-options     [m x86_64      1.76.0-5.fc35        updates      107 k
 [1mboost-system              [m x86_64      1.76.0-5.fc35        updates       14 k

Transaction Summary
================================================================================
Install  4 Packages

Total size: 1.0 M
Installed size: 4.2 M
Downloading Packages:
[SKIPPED] boost-filesystem-1.76.0-5.fc35.x86_64.rpm: Already downloaded        
[SKIPPED] boost-program-options-1.76.0-5.fc35.x86_64.rpm: Already downloaded   
[SKIPPED] boost-system-1.76.0-5.fc35.x86_64.rpm: Already downloaded            
[SKIPPED] csdiff-2.7.0-1.fc35.x86_64.rpm: Already downloaded                   
Running transaction check
Transaction check succeeded.
Running transaction test
Transaction test succeeded.
Running transaction
  Preparing        :  [============                                       ] 1/1  Preparing        :  [=========================                          ] 1/1  Preparing        :  [======================================             ] 1/1  Preparing        :                                                        1/1 
  Installing       : boost-system-1.76.0-5.fc3 [                          ] 1/4  Installing       : boost-system-1.76.0-5.fc3 [=======================   ] 1/4  Installing       : boost-system-1.76.0-5.fc3 [========================= ] 1/4  Installing       : boost-system-1.76.0-5.fc35.x86_64                      1/4 
  Installing       : boost-filesystem-1.76.0-5 [                          ] 2/4  Installing       : boost-filesystem-1.76.0-5 [======                    ] 2/4  Installing       : boost-filesystem-1.76.0-5 [=============             ] 2/4  Installing       : boost-filesystem-1.76.0-5 [====================      ] 2/4  Installing       : boost-filesystem-1.76.0-5 [========================= ] 2/4  Installing       : boost-filesystem-1.76.0-5.fc35.x86_64                  2/4 
  Installing       : boost-program-options-1.7 [                          ] 3/4  Installing       : boost-program-options-1.7 [==                        ] 3/4  Installing       : boost-program-options-1.7 [=====                     ] 3/4  Installing       : boost-program-options-1.7 [========                  ] 3/4  Installing       : boost-program-options-1.7 [===========               ] 3/4  Installing       : boost-program-options-1.7 [==============            ] 3/4  Installing       : boost-program-options-1.7 [=================         ] 3/4  Installing       : boost-program-options-1.7 [====================      ] 3/4  Installing       : boost-program-options-1.7 [=======================   ] 3/4  Installing       : boost-program-options-1.7 [========================= ] 3/4  Installing       : boost-program-options-1.76.0-5.fc35.x86_64             3/4 
  Installing       : csdiff-2.7.0-1.fc35.x86_6 [                          ] 4/4  Installing       : csdiff-2.7.0-1.fc35.x86_6 [=                         ] 4/4  Installing       : csdiff-2.7.0-1.fc35.x86_6 [==                        ] 4/4  Installing       : csdiff-2.7.0-1.fc35.x86_6 [===                       ] 4/4  Installing       : csdiff-2.7.0-1.fc35.x86_6 [====                      ] 4/4  Installing       : csdiff-2.7.0-1.fc35.x86_6 [=====                     ] 4/4  Installing       : csdiff-2.7.0-1.fc35.x86_6 [======                    ] 4/4  Installing       : csdiff-2.7.0-1.fc35.x86_6 [=======                   ] 4/4  Installing       : csdiff-2.7.0-1.fc35.x86_6 [========                  ] 4/4  Installing       : csdiff-2.7.0-1.fc35.x86_6 [=========                 ] 4/4  Installing       : csdiff-2.7.0-1.fc35.x86_6 [==========                ] 4/4  Installing       : csdiff-2.7.0-1.fc35.x86_6 [===========               ] 4/4  Installing       : csdiff-2.7.0-1.fc35.x86_6 [============              ] 4/4  Installing       : csdiff-2.7.0-1.fc35.x86_6 [=============             ] 4/4  Installing       : csdiff-2.7.0-1.fc35.x86_6 [==============            ] 4/4  Installing       : csdiff-2.7.0-1.fc35.x86_6 [===============           ] 4/4  Installing       : csdiff-2.7.0-1.fc35.x86_6 [================          ] 4/4  Installing       : csdiff-2.7.0-1.fc35.x86_6 [=================         ] 4/4  Installing       : csdiff-2.7.0-1.fc35.x86_6 [==================        ] 4/4  Installing       : csdiff-2.7.0-1.fc35.x86_6 [===================       ] 4/4  Installing       : csdiff-2.7.0-1.fc35.x86_6 [====================      ] 4/4  Installing       : csdiff-2.7.0-1.fc35.x86_6 [=====================     ] 4/4  Installing       : csdiff-2.7.0-1.fc35.x86_6 [======================    ] 4/4  Installing       : csdiff-2.7.0-1.fc35.x86_6 [=======================   ] 4/4  Installing       : csdiff-2.7.0-1.fc35.x86_6 [========================  ] 4/4  Installing       : csdiff-2.7.0-1.fc35.x86_6 [========================= ] 4/4  Installing       : csdiff-2.7.0-1.fc35.x86_64                             4/4 
  Running scriptlet: csdiff-2.7.0-1.fc35.x86_64                             4/4 
  Verifying        : boost-filesystem-1.76.0-5.fc35.x86_64                  1/4 
  Verifying        : boost-program-options-1.76.0-5.fc35.x86_64             2/4 
  Verifying        : boost-system-1.76.0-5.fc35.x86_64                      3/4 
  Verifying        : csdiff-2.7.0-1.fc35.x86_64                             4/4 

Installed:
  boost-filesystem-1.76.0-5.fc35.x86_64                                         
  boost-program-options-1.76.0-5.fc35.x86_64                                    
  boost-system-1.76.0-5.fc35.x86_64                                             
  csdiff-2.7.0-1.fc35.x86_64                                                    

Complete!

>>> 2023-01-29 15:18:03	"'/usr/bin/mock' '-r' 'fedora-35-x86_64' '--plugin-option=tmpfs:keep_mounted=True' '--config-opts=print_main_output=True' '--quiet' '--shell' 'rpm -qa' | sort -V > /home/mockbuilder/aufover-benchmark/workdir-for-sync/rpm-pkgs/python-dmidecode-3.12.2-25.fc35/symbiotic/output/debug/rpm-list-mock.txt"

>>> 2023-01-29 15:18:09	"'/usr/bin/mock' '-r' 'fedora-35-x86_64' '--plugin-option=tmpfs:keep_mounted=True' '--config-opts=print_main_output=True' '--quiet' '--shell' 'rpm -qa --provides' | sort -V > /tmp/csmockjb7rulv2/rpm-list-mock-provides.txt"

>>> 2023-01-29 15:18:15	"tar -cP '/usr/share/csmock/scripts' '/usr/bin/cswrap' '/usr/lib64/cswrap' '/tmp/csmockjb7rulv2/python-dmidecode-3.12.2-25.fc35.src.rpm' | '/usr/bin/mock' '-r' 'fedora-35-x86_64' '--plugin-option=tmpfs:keep_mounted=True' '--config-opts=print_main_output=True' '--quiet' '--shell' 'tar -xC/'"
tar: Removing leading `/' from member names

>>> 2023-01-29 15:18:20	"/usr/bin/mock" "-r" "fedora-35-x86_64" "--plugin-option=tmpfs:keep_mounted=True" "--config-opts=print_main_output=True" "--quiet" "--chroot" "/bin/su mockbuild -l -c \"gsanity-check\""

Version info: gsanity-check version 1.3.0
Released: February 18 2021

Logging output to standard error.
Logging level not set, using default of WARNING.

Logging configuration uses the environment variables:

	WLLVM_OUTPUT_LEVEL and WLLVM_OUTPUT_FILE.

Happily sitting atop "linux" operating system.

The C compiler clang is:

	clang version 13.0.1 (Fedora 13.0.1-1.fc35)

The CXX compiler clang++ is:

	clang version 13.0.1 (Fedora 13.0.1-1.fc35)

The bitcode linker llvm-link is:

	LLVM version 13.0.1

The bitcode archiver llvm-ar is:

	LLVM version 13.0.1

Not using a bitcode store.


scan.ini: analyzer-version-symbiotic = 8.0.0.20220822.193644
>>> 2023-01-29 15:18:26	"/usr/bin/mock" "-r" "fedora-35-x86_64" "--plugin-option=tmpfs:keep_mounted=True" "--config-opts=print_main_output=True" "--quiet" "--chroot" "/bin/su mockbuild -l -c \"mkdir -pv '/builddir/symbiotic-capture'\""
mkdir: created directory '/builddir/symbiotic-capture'

scan.ini: analyzer-version-gcc = 11.3.1
>>> 2023-01-29 15:18:32	"/usr/bin/mock" "-r" "fedora-35-x86_64" "--plugin-option=tmpfs:keep_mounted=True" "--config-opts=print_main_output=True" "--quiet" "--chroot" "rpm -Uvh --nodeps '/tmp/csmockjb7rulv2/python-dmidecode-3.12.2-25.fc35.src.rpm'"
Updating / installing...
python-dmidecode-3.12.2-25.fc35       ########################################

>>> 2023-01-29 15:18:37	"/usr/bin/mock" "-r" "fedora-35-x86_64" "--plugin-option=tmpfs:keep_mounted=True" "--config-opts=print_main_output=True" "--quiet" "--chroot" "chmod -R +r /builddir"

>>> 2023-01-29 15:18:43	"/usr/bin/mock" "-r" "fedora-35-x86_64" "--plugin-option=tmpfs:keep_mounted=True" "--config-opts=print_main_output=True" "--quiet" "--chroot" "ln -fv '/usr/share/csmock/scripts/enable-keep-going.sh' '/usr/share/csmock/scripts/chroot-fixups'"
'/usr/share/csmock/scripts/chroot-fixups/enable-keep-going.sh' => '/usr/share/csmock/scripts/enable-keep-going.sh'

>>> 2023-01-29 15:18:48	"/usr/bin/mock" "-r" "fedora-35-x86_64" "--plugin-option=tmpfs:keep_mounted=True" "--config-opts=print_main_output=True" "--quiet" "--shell" "for i in /usr/share/csmock/scripts/chroot-fixups/*; do test -x \$i && echo RUN: \$i >&2 && \$i; done"
RUN: /usr/share/csmock/scripts/chroot-fixups/enable-keep-going.sh
renamed '/usr/bin/make' -> '/usr/bin/make.orig'
+ ls -l /usr/bin/make
-rwxr-xr-x. 1 root root 42 Jan 29 15:18 /usr/bin/make
+ cat /usr/bin/make
#!/bin/sh
exec /usr/bin/make.orig -k "$@"
RUN: /usr/share/csmock/scripts/chroot-fixups/gdk-pixbuf2-triggers.sh
RUN: /usr/share/csmock/scripts/chroot-fixups/glib2-triggers.sh
RUN: /usr/share/csmock/scripts/chroot-fixups/kpathsea-texhash.sh
RUN: /usr/share/csmock/scripts/chroot-fixups/openssl-public-header-files.sh
RUN: /usr/share/csmock/scripts/chroot-fixups/qt5-core-abi.sh
RUN: /usr/share/csmock/scripts/chroot-fixups/rpm-build-scripts.sh
+ sed -e s/fail=1/fail=0/ -i /usr/lib/rpm/redhat/brp-mangle-shebangs
'/usr/lib/rpm/brp-strip-static-archive' -> '/bin/true'
RUN: /usr/share/csmock/scripts/chroot-fixups/rpm-macros.sh
+ sed -e 's|> */dev/stderr|>\&2|' -i /usr/lib/rpm/macros.d/macros.pyproject
RUN: /usr/share/csmock/scripts/chroot-fixups/rpm-python-extras.sh
+ sed -e 's|print(.*PYTHON_EXTRAS_NOT_FOUND_ERROR.*) *$|continue|' -i /usr/lib/rpm/pythondistdeps.py
RUN: /usr/share/csmock/scripts/chroot-fixups/shared-mime-info-triggers.sh
RUN: /usr/share/csmock/scripts/chroot-fixups/symbiotic-timeout.sh
+ sed -e 's|'\''timeout'\''|'\''/usr/bin/timeout'\''|' -i /opt/symbiotic/lib/symbioticpy/symbiotic/transform.py
+ sed -e 's|'\''timeout'\''|'\''/usr/bin/timeout'\''|' -i /opt/symbiotic/lib/symbioticpy/symbiotic/verifier.py

>>> 2023-01-29 15:18:54	"/usr/bin/mock" "-r" "fedora-35-x86_64" "--plugin-option=tmpfs:keep_mounted=True" "--config-opts=print_main_output=True" "--chroot" "/bin/su mockbuild -l -c \"rpmbuild -bp --nodeps /builddir/build/SPECS/python-dmidecode.spec '--define' '_unpackaged_files_terminate_build 0' '--define' 'apidocs 0' '--define' 'with_publican 0' '--without' 'docs' '--without' 'langpacks' '--define' '__cc gclang' '--define' '__cxx gclang++' '--define' '__cpp gclang -E' '--define' 'toolchain clang' '--define' 'optflags -O0' '--define' 'build_ldflags -O0'\""
INFO: mock.py version 3.5 starting (python version = 3.10.9, NVR = mock-3.5-1.fc36)...
Start(bootstrap): init plugins
INFO: selinux enabled
Finish(bootstrap): init plugins
Start: init plugins
INFO: selinux enabled
Finish: init plugins
INFO: Signal handler active
Start: run
Start(bootstrap): chroot init
INFO: calling preinit hooks
INFO: enabled root cache
INFO: enabled package manager cache
Start(bootstrap): cleaning package manager metadata
Finish(bootstrap): cleaning package manager metadata
INFO: enabled HW Info plugin
Mock Version: 3.5
INFO: Mock Version: 3.5
Finish(bootstrap): chroot init
Start: chroot init
INFO: calling preinit hooks
INFO: enabled root cache
INFO: enabled package manager cache
Start: cleaning package manager metadata
Finish: cleaning package manager metadata
INFO: enabled HW Info plugin
Mock Version: 3.5
INFO: Mock Version: 3.5
Finish: chroot init
INFO: Running in chroot: ['/bin/su mockbuild -l -c "rpmbuild -bp --nodeps /builddir/build/SPECS/python-dmidecode.spec \'--define\' \'_unpackaged_files_terminate_build 0\' \'--define\' \'apidocs 0\' \'--define\' \'with_publican 0\' \'--without\' \'docs\' \'--without\' \'langpacks\' \'--define\' \'__cc gclang\' \'--define\' \'__cxx gclang++\' \'--define\' \'__cpp gclang -E\' \'--define\' \'toolchain clang\' \'--define\' \'optflags -O0\' \'--define\' \'build_ldflags -O0\'"']
Start: chroot ['/bin/su mockbuild -l -c "rpmbuild -bp --nodeps /builddir/build/SPECS/python-dmidecode.spec \'--define\' \'_unpackaged_files_terminate_build 0\' \'--define\' \'apidocs 0\' \'--define\' \'with_publican 0\' \'--without\' \'docs\' \'--without\' \'langpacks\' \'--define\' \'__cc gclang\' \'--define\' \'__cxx gclang++\' \'--define\' \'__cpp gclang -E\' \'--define\' \'toolchain clang\' \'--define\' \'optflags -O0\' \'--define\' \'build_ldflags -O0\'"']
setting SOURCE_DATE_EPOCH=1627344000
Executing(%prep): /bin/sh -e /var/tmp/rpm-tmp.SXSAlx
+ umask 022
+ cd /builddir/build/BUILD
+ cd /builddir/build/BUILD
+ rm -rf python-dmidecode-3.12.2
+ /usr/bin/gzip -dc /builddir/build/SOURCES/python-dmidecode-3.12.2.tar.gz
+ /usr/bin/tar -xof -
+ STATUS=0
+ '[' 0 -ne 0 ']'
+ cd python-dmidecode-3.12.2
+ /usr/bin/chmod -Rf a+rX,u+w,g-w,o-w .
+ /usr/bin/cat /builddir/build/SOURCES/python-dmidecode-use_python3.patch
+ /usr/bin/patch -p1 -s --fuzz=0 --no-backup-if-mismatch -f
+ RPM_EC=0
++ jobs -p
+ exit 0
Finish: chroot ['/bin/su mockbuild -l -c "rpmbuild -bp --nodeps /builddir/build/SPECS/python-dmidecode.spec \'--define\' \'_unpackaged_files_terminate_build 0\' \'--define\' \'apidocs 0\' \'--define\' \'with_publican 0\' \'--without\' \'docs\' \'--without\' \'langpacks\' \'--define\' \'__cc gclang\' \'--define\' \'__cxx gclang++\' \'--define\' \'__cpp gclang -E\' \'--define\' \'toolchain clang\' \'--define\' \'optflags -O0\' \'--define\' \'build_ldflags -O0\'"']

>>> 2023-01-29 15:19:00	"/usr/bin/mock" "-r" "fedora-35-x86_64" "--plugin-option=tmpfs:keep_mounted=True" "--config-opts=print_main_output=True" "--quiet" "--chroot" "chmod -R +r /builddir/build"

>>> 2023-01-29 15:19:05	"/usr/bin/mock" "-r" "fedora-35-x86_64" "--plugin-option=tmpfs:keep_mounted=True" "--config-opts=print_main_output=True" "--chroot" "/bin/su mockbuild -l -c \"PATH=/usr/lib64/cswrap:\\\$PATH CSWRAP_CAP_FILE=\\\$'/builddir/cswrap-capture.err' CSWRAP_TIMEOUT=\\\$'30' CSWRAP_TIMEOUT_FOR=\\\$':' CC=\\\$'gclang' CXX=\\\$'gclang++' CSEXEC_WRAP_CMD=\\\$'--skip-ld-linux\\\\a/usr/bin/csexec-symbiotic\\\\a-l\\\\a/builddir/symbiotic-capture\\\\a-s\\\\a--timeout=8 --slicer-timeout=8 --instrumentation-timeout=8 --debug=all --prp=memsafety ' CSWRAP_ADD_CFLAGS=\\\$'-Wno-unknown-pragmas:-Wno-unused-command-line-argument:-Wno-unused-parameter:-Wno-unknown-attributes:-Wno-unused-label:-Wno-unknown-pragmas:-Wno-unused-command-line-argument:-fsanitize-address-use-after-scope:-O0:-Xclang:-disable-llvm-passes:-D__inline=:-g:-Wl,--dynamic-linker,/usr/bin/csexec-loader:-Wno-unknown-pragmas:-Wl,--dynamic-linker,/usr/bin/csexec-loader' CSWRAP_DEL_CFLAGS=\\\$'-Werror*:-fdiagnostics-color*:-no-canonical-prefixes:-Wno-error=deprecated-register:-O1:-O2:-O3:-Os:-Ofast:-Og:-Werror*:-fdiagnostics-color*:-no-canonical-prefixes:-Wno-error=deprecated-register' CSWRAP_ADD_CXXFLAGS=\\\$'-Wno-unused-command-line-argument:-Wno-unused-parameter:-Wno-unknown-attributes:-Wno-unused-label:-Wno-unknown-pragmas:-Wno-unused-command-line-argument:-fsanitize-address-use-after-scope:-O0:-Xclang:-disable-llvm-passes:-D__inline=:-g:-Wl,--dynamic-linker,/usr/bin/csexec-loader:-Wl,--dynamic-linker,/usr/bin/csexec-loader' CSWRAP_DEL_CXXFLAGS=\\\$'-Werror*:-fdiagnostics-color*:-no-canonical-prefixes:-Wno-error=deprecated-register:-O1:-O2:-O3:-Os:-Ofast:-Og:-Werror*:-fdiagnostics-color*:-no-canonical-prefixes:-Wno-error=deprecated-register' sh -c \\\"rpmbuild -bc --nodeps --short-circuit /builddir/build/SPECS/python-dmidecode.spec '--define' '_unpackaged_files_terminate_build 0' '--define' 'apidocs 0' '--define' 'with_publican 0' '--without' 'docs' '--without' 'langpacks' '--define' '__cc gclang' '--define' '__cxx gclang++' '--define' '__cpp gclang -E' '--define' 'toolchain clang' '--define' 'optflags -O0' '--define' 'build_ldflags -O0'\\\"\""
INFO: mock.py version 3.5 starting (python version = 3.10.9, NVR = mock-3.5-1.fc36)...
Start(bootstrap): init plugins
INFO: selinux enabled
Finish(bootstrap): init plugins
Start: init plugins
INFO: selinux enabled
Finish: init plugins
INFO: Signal handler active
Start: run
Start(bootstrap): chroot init
INFO: calling preinit hooks
INFO: enabled root cache
INFO: enabled package manager cache
Start(bootstrap): cleaning package manager metadata
Finish(bootstrap): cleaning package manager metadata
INFO: enabled HW Info plugin
Mock Version: 3.5
INFO: Mock Version: 3.5
Finish(bootstrap): chroot init
Start: chroot init
INFO: calling preinit hooks
INFO: enabled root cache
INFO: enabled package manager cache
Start: cleaning package manager metadata
Finish: cleaning package manager metadata
INFO: enabled HW Info plugin
Mock Version: 3.5
INFO: Mock Version: 3.5
Finish: chroot init
INFO: Running in chroot: ['/bin/su mockbuild -l -c "PATH=/usr/lib64/cswrap:\\$PATH CSWRAP_CAP_FILE=\\$\'/builddir/cswrap-capture.err\' CSWRAP_TIMEOUT=\\$\'30\' CSWRAP_TIMEOUT_FOR=\\$\':\' CC=\\$\'gclang\' CXX=\\$\'gclang++\' CSEXEC_WRAP_CMD=\\$\'--skip-ld-linux\\\\a/usr/bin/csexec-symbiotic\\\\a-l\\\\a/builddir/symbiotic-capture\\\\a-s\\\\a--timeout=8 --slicer-timeout=8 --instrumentation-timeout=8 --debug=all --prp=memsafety \' CSWRAP_ADD_CFLAGS=\\$\'-Wno-unknown-pragmas:-Wno-unused-command-line-argument:-Wno-unused-parameter:-Wno-unknown-attributes:-Wno-unused-label:-Wno-unknown-pragmas:-Wno-unused-command-line-argument:-fsanitize-address-use-after-scope:-O0:-Xclang:-disable-llvm-passes:-D__inline=:-g:-Wl,--dynamic-linker,/usr/bin/csexec-loader:-Wno-unknown-pragmas:-Wl,--dynamic-linker,/usr/bin/csexec-loader\' CSWRAP_DEL_CFLAGS=\\$\'-Werror*:-fdiagnostics-color*:-no-canonical-prefixes:-Wno-error=deprecated-register:-O1:-O2:-O3:-Os:-Ofast:-Og:-Werror*:-fdiagnostics-color*:-no-canonical-prefixes:-Wno-error=deprecated-register\' CSWRAP_ADD_CXXFLAGS=\\$\'-Wno-unused-command-line-argument:-Wno-unused-parameter:-Wno-unknown-attributes:-Wno-unused-label:-Wno-unknown-pragmas:-Wno-unused-command-line-argument:-fsanitize-address-use-after-scope:-O0:-Xclang:-disable-llvm-passes:-D__inline=:-g:-Wl,--dynamic-linker,/usr/bin/csexec-loader:-Wl,--dynamic-linker,/usr/bin/csexec-loader\' CSWRAP_DEL_CXXFLAGS=\\$\'-Werror*:-fdiagnostics-color*:-no-canonical-prefixes:-Wno-error=deprecated-register:-O1:-O2:-O3:-Os:-Ofast:-Og:-Werror*:-fdiagnostics-color*:-no-canonical-prefixes:-Wno-error=deprecated-register\' sh -c \\"rpmbuild -bc --nodeps --short-circuit /builddir/build/SPECS/python-dmidecode.spec \'--define\' \'_unpackaged_files_terminate_build 0\' \'--define\' \'apidocs 0\' \'--define\' \'with_publican 0\' \'--without\' \'docs\' \'--without\' \'langpacks\' \'--define\' \'__cc gclang\' \'--define\' \'__cxx gclang++\' \'--define\' \'__cpp gclang -E\' \'--define\' \'toolchain clang\' \'--define\' \'optflags -O0\' \'--define\' \'build_ldflags -O0\'\\""']
Start: chroot ['/bin/su mockbuild -l -c "PATH=/usr/lib64/cswrap:\\$PATH CSWRAP_CAP_FILE=\\$\'/builddir/cswrap-capture.err\' CSWRAP_TIMEOUT=\\$\'30\' CSWRAP_TIMEOUT_FOR=\\$\':\' CC=\\$\'gclang\' CXX=\\$\'gclang++\' CSEXEC_WRAP_CMD=\\$\'--skip-ld-linux\\\\a/usr/bin/csexec-symbiotic\\\\a-l\\\\a/builddir/symbiotic-capture\\\\a-s\\\\a--timeout=8 --slicer-timeout=8 --instrumentation-timeout=8 --debug=all --prp=memsafety \' CSWRAP_ADD_CFLAGS=\\$\'-Wno-unknown-pragmas:-Wno-unused-command-line-argument:-Wno-unused-parameter:-Wno-unknown-attributes:-Wno-unused-label:-Wno-unknown-pragmas:-Wno-unused-command-line-argument:-fsanitize-address-use-after-scope:-O0:-Xclang:-disable-llvm-passes:-D__inline=:-g:-Wl,--dynamic-linker,/usr/bin/csexec-loader:-Wno-unknown-pragmas:-Wl,--dynamic-linker,/usr/bin/csexec-loader\' CSWRAP_DEL_CFLAGS=\\$\'-Werror*:-fdiagnostics-color*:-no-canonical-prefixes:-Wno-error=deprecated-register:-O1:-O2:-O3:-Os:-Ofast:-Og:-Werror*:-fdiagnostics-color*:-no-canonical-prefixes:-Wno-error=deprecated-register\' CSWRAP_ADD_CXXFLAGS=\\$\'-Wno-unused-command-line-argument:-Wno-unused-parameter:-Wno-unknown-attributes:-Wno-unused-label:-Wno-unknown-pragmas:-Wno-unused-command-line-argument:-fsanitize-address-use-after-scope:-O0:-Xclang:-disable-llvm-passes:-D__inline=:-g:-Wl,--dynamic-linker,/usr/bin/csexec-loader:-Wl,--dynamic-linker,/usr/bin/csexec-loader\' CSWRAP_DEL_CXXFLAGS=\\$\'-Werror*:-fdiagnostics-color*:-no-canonical-prefixes:-Wno-error=deprecated-register:-O1:-O2:-O3:-Os:-Ofast:-Og:-Werror*:-fdiagnostics-color*:-no-canonical-prefixes:-Wno-error=deprecated-register\' sh -c \\"rpmbuild -bc --nodeps --short-circuit /builddir/build/SPECS/python-dmidecode.spec \'--define\' \'_unpackaged_files_terminate_build 0\' \'--define\' \'apidocs 0\' \'--define\' \'with_publican 0\' \'--without\' \'docs\' \'--without\' \'langpacks\' \'--define\' \'__cc gclang\' \'--define\' \'__cxx gclang++\' \'--define\' \'__cpp gclang -E\' \'--define\' \'toolchain clang\' \'--define\' \'optflags -O0\' \'--define\' \'build_ldflags -O0\'\\""']
setting SOURCE_DATE_EPOCH=1627344000
Executing(%build): /bin/sh -e /var/tmp/rpm-tmp.1JcVvD
+ umask 022
+ cd /builddir/build/BUILD
+ cd python-dmidecode-3.12.2
+ export PYTHON_BIN=/usr/bin/python3
+ PYTHON_BIN=/usr/bin/python3
+ export PYTHON_VERSION=3.10
+ PYTHON_VERSION=3.10
+ export 'CFLAGS=-O0 -std=gnu89'
+ CFLAGS='-O0 -std=gnu89'
+ export CC=gcc
+ CC=gcc
+ /usr/bin/make -O -j4 V=1 VERBOSE=1
gcc -O0 -std=gnu89   -c -o src/util.o src/util.c
gcc: error: unrecognized command-line option '-Xclang'
make.orig: *** [<builtin>: src/util.o] Error 1
gcc -O0 -std=gnu89   -c -o src/efi.o src/efi.c
gcc: error: unrecognized command-line option '-Xclang'
make.orig: *** [<builtin>: src/efi.o] Error 1
gcc: error: unrecognized command-line option '-Xclang'
make.orig: *** [<builtin>: src/dmilog.o] Error 1
gcc -O0 -std=gnu89   -c -o src/dmilog.o src/dmilog.c
python3.10 src/setup.py build
running build
running build_py
creating build
creating build/lib.linux-x86_64-3.10
copying dmidecode.py -> build/lib.linux-x86_64-3.10
running build_ext
building 'dmidecodemod' extension
creating build/temp.linux-x86_64-3.10
creating build/temp.linux-x86_64-3.10/src
gcc -Wno-unused-result -Wsign-compare -DDYNAMIC_ANNOTATIONS_ENABLED=1 -DNDEBUG -O2 -fexceptions -g -grecord-gcc-switches -pipe -Wall -Werror=format-security -Wp,-D_FORTIFY_SOURCE=2 -Wp,-D_GLIBCXX_ASSERTIONS -fstack-protector-strong -m64 -mtune=generic -fasynchronous-unwind-tables -fstack-clash-protection -fcf-protection -D_GNU_SOURCE -fPIC -fwrapv -O2 -fexceptions -g -grecord-gcc-switches -pipe -Wall -Werror=format-security -Wp,-D_FORTIFY_SOURCE=2 -Wp,-D_GLIBCXX_ASSERTIONS -fstack-protector-strong -m64 -mtune=generic -fasynchronous-unwind-tables -fstack-clash-protection -fcf-protection -D_GNU_SOURCE -fPIC -fwrapv -O2 -fexceptions -g -grecord-gcc-switches -pipe -Wall -Werror=format-security -Wp,-D_FORTIFY_SOURCE=2 -Wp,-D_GLIBCXX_ASSERTIONS -fstack-protector-strong -m64 -mtune=generic -fasynchronous-unwind-tables -fstack-clash-protection -fcf-protection -D_GNU_SOURCE -fPIC -fwrapv -O0 -std=gnu89 -fPIC -UNDEBUG -I/usr/include/libxml2 -I/usr/include/python3.10 -c src/dmidecode.c -o build/temp.linux-x86_64-3.10/src/dmidecode.o
/builddir/build/BUILD/python-dmidecode-3.12.2/src/setup.py:29: DeprecationWarning: The distutils package is deprecated and slated for removal in Python 3.12. Use setuptools or check PEP 632 for potential alternatives
  from distutils.core import setup, Extension
gcc: error: unrecognized command-line option ‘-Xclang’
error: command '/usr/lib64/cswrap/gcc' failed with exit code 1
make.orig: *** [Makefile:65: build/lib.linux-x86_64-3.10/dmidecodemod.cpython-310-x86_64-linux-gnu.so] Error 1
make.orig: Target 'all' not remade because of errors.

RPM build errors:
error: Bad exit status from /var/tmp/rpm-tmp.1JcVvD (%build)
    Bad exit status from /var/tmp/rpm-tmp.1JcVvD (%build)
Finish: chroot ['/bin/su mockbuild -l -c "PATH=/usr/lib64/cswrap:\\$PATH CSWRAP_CAP_FILE=\\$\'/builddir/cswrap-capture.err\' CSWRAP_TIMEOUT=\\$\'30\' CSWRAP_TIMEOUT_FOR=\\$\':\' CC=\\$\'gclang\' CXX=\\$\'gclang++\' CSEXEC_WRAP_CMD=\\$\'--skip-ld-linux\\\\a/usr/bin/csexec-symbiotic\\\\a-l\\\\a/builddir/symbiotic-capture\\\\a-s\\\\a--timeout=8 --slicer-timeout=8 --instrumentation-timeout=8 --debug=all --prp=memsafety \' CSWRAP_ADD_CFLAGS=\\$\'-Wno-unknown-pragmas:-Wno-unused-command-line-argument:-Wno-unused-parameter:-Wno-unknown-attributes:-Wno-unused-label:-Wno-unknown-pragmas:-Wno-unused-command-line-argument:-fsanitize-address-use-after-scope:-O0:-Xclang:-disable-llvm-passes:-D__inline=:-g:-Wl,--dynamic-linker,/usr/bin/csexec-loader:-Wno-unknown-pragmas:-Wl,--dynamic-linker,/usr/bin/csexec-loader\' CSWRAP_DEL_CFLAGS=\\$\'-Werror*:-fdiagnostics-color*:-no-canonical-prefixes:-Wno-error=deprecated-register:-O1:-O2:-O3:-Os:-Ofast:-Og:-Werror*:-fdiagnostics-color*:-no-canonical-prefixes:-Wno-error=deprecated-register\' CSWRAP_ADD_CXXFLAGS=\\$\'-Wno-unused-command-line-argument:-Wno-unused-parameter:-Wno-unknown-attributes:-Wno-unused-label:-Wno-unknown-pragmas:-Wno-unused-command-line-argument:-fsanitize-address-use-after-scope:-O0:-Xclang:-disable-llvm-passes:-D__inline=:-g:-Wl,--dynamic-linker,/usr/bin/csexec-loader:-Wl,--dynamic-linker,/usr/bin/csexec-loader\' CSWRAP_DEL_CXXFLAGS=\\$\'-Werror*:-fdiagnostics-color*:-no-canonical-prefixes:-Wno-error=deprecated-register:-O1:-O2:-O3:-Os:-Ofast:-Og:-Werror*:-fdiagnostics-color*:-no-canonical-prefixes:-Wno-error=deprecated-register\' sh -c \\"rpmbuild -bc --nodeps --short-circuit /builddir/build/SPECS/python-dmidecode.spec \'--define\' \'_unpackaged_files_terminate_build 0\' \'--define\' \'apidocs 0\' \'--define\' \'with_publican 0\' \'--without\' \'docs\' \'--without\' \'langpacks\' \'--define\' \'__cc gclang\' \'--define\' \'__cxx gclang++\' \'--define\' \'__cpp gclang -E\' \'--define\' \'toolchain clang\' \'--define\' \'optflags -O0\' \'--define\' \'build_ldflags -O0\'\\""']

!!! 2023-01-29 15:19:12	error: %build failed

>>> 2023-01-29 15:19:12	"/usr/bin/mock" "-r" "fedora-35-x86_64" "--plugin-option=tmpfs:keep_mounted=True" "--config-opts=print_main_output=True" "--chroot" "/bin/su mockbuild -l -c \"PATH=/usr/lib64/cswrap:\\\$PATH CSWRAP_CAP_FILE=\\\$'/builddir/cswrap-capture.err' CSWRAP_TIMEOUT=\\\$'30' CSWRAP_TIMEOUT_FOR=\\\$':' CC=\\\$'gclang' CXX=\\\$'gclang++' CSEXEC_WRAP_CMD=\\\$'--skip-ld-linux\\\\a/usr/bin/csexec-symbiotic\\\\a-l\\\\a/builddir/symbiotic-capture\\\\a-s\\\\a--timeout=8 --slicer-timeout=8 --instrumentation-timeout=8 --debug=all --prp=memsafety ' CSWRAP_ADD_CFLAGS=\\\$'-Wno-unknown-pragmas:-Wno-unused-command-line-argument:-Wno-unused-parameter:-Wno-unknown-attributes:-Wno-unused-label:-Wno-unknown-pragmas:-Wno-unused-command-line-argument:-fsanitize-address-use-after-scope:-O0:-Xclang:-disable-llvm-passes:-D__inline=:-g:-Wl,--dynamic-linker,/usr/bin/csexec-loader:-Wno-unknown-pragmas:-Wl,--dynamic-linker,/usr/bin/csexec-loader' CSWRAP_DEL_CFLAGS=\\\$'-Werror*:-fdiagnostics-color*:-no-canonical-prefixes:-Wno-error=deprecated-register:-O1:-O2:-O3:-Os:-Ofast:-Og:-Werror*:-fdiagnostics-color*:-no-canonical-prefixes:-Wno-error=deprecated-register' CSWRAP_ADD_CXXFLAGS=\\\$'-Wno-unused-command-line-argument:-Wno-unused-parameter:-Wno-unknown-attributes:-Wno-unused-label:-Wno-unknown-pragmas:-Wno-unused-command-line-argument:-fsanitize-address-use-after-scope:-O0:-Xclang:-disable-llvm-passes:-D__inline=:-g:-Wl,--dynamic-linker,/usr/bin/csexec-loader:-Wl,--dynamic-linker,/usr/bin/csexec-loader' CSWRAP_DEL_CXXFLAGS=\\\$'-Werror*:-fdiagnostics-color*:-no-canonical-prefixes:-Wno-error=deprecated-register:-O1:-O2:-O3:-Os:-Ofast:-Og:-Werror*:-fdiagnostics-color*:-no-canonical-prefixes:-Wno-error=deprecated-register' sh -c \\\"rpmbuild -bi --nodeps --short-circuit /builddir/build/SPECS/python-dmidecode.spec '--define' '_unpackaged_files_terminate_build 0' '--define' 'apidocs 0' '--define' 'with_publican 0' '--without' 'docs' '--without' 'langpacks' '--define' '__cc gclang' '--define' '__cxx gclang++' '--define' '__cpp gclang -E' '--define' 'toolchain clang' '--define' 'optflags -O0' '--define' 'build_ldflags -O0'\\\"\""
INFO: mock.py version 3.5 starting (python version = 3.10.9, NVR = mock-3.5-1.fc36)...
Start(bootstrap): init plugins
INFO: selinux enabled
Finish(bootstrap): init plugins
Start: init plugins
INFO: selinux enabled
Finish: init plugins
INFO: Signal handler active
Start: run
Start(bootstrap): chroot init
INFO: calling preinit hooks
INFO: enabled root cache
INFO: enabled package manager cache
Start(bootstrap): cleaning package manager metadata
Finish(bootstrap): cleaning package manager metadata
INFO: enabled HW Info plugin
Mock Version: 3.5
INFO: Mock Version: 3.5
Finish(bootstrap): chroot init
Start: chroot init
INFO: calling preinit hooks
INFO: enabled root cache
INFO: enabled package manager cache
Start: cleaning package manager metadata
Finish: cleaning package manager metadata
INFO: enabled HW Info plugin
Mock Version: 3.5
INFO: Mock Version: 3.5
Finish: chroot init
INFO: Running in chroot: ['/bin/su mockbuild -l -c "PATH=/usr/lib64/cswrap:\\$PATH CSWRAP_CAP_FILE=\\$\'/builddir/cswrap-capture.err\' CSWRAP_TIMEOUT=\\$\'30\' CSWRAP_TIMEOUT_FOR=\\$\':\' CC=\\$\'gclang\' CXX=\\$\'gclang++\' CSEXEC_WRAP_CMD=\\$\'--skip-ld-linux\\\\a/usr/bin/csexec-symbiotic\\\\a-l\\\\a/builddir/symbiotic-capture\\\\a-s\\\\a--timeout=8 --slicer-timeout=8 --instrumentation-timeout=8 --debug=all --prp=memsafety \' CSWRAP_ADD_CFLAGS=\\$\'-Wno-unknown-pragmas:-Wno-unused-command-line-argument:-Wno-unused-parameter:-Wno-unknown-attributes:-Wno-unused-label:-Wno-unknown-pragmas:-Wno-unused-command-line-argument:-fsanitize-address-use-after-scope:-O0:-Xclang:-disable-llvm-passes:-D__inline=:-g:-Wl,--dynamic-linker,/usr/bin/csexec-loader:-Wno-unknown-pragmas:-Wl,--dynamic-linker,/usr/bin/csexec-loader\' CSWRAP_DEL_CFLAGS=\\$\'-Werror*:-fdiagnostics-color*:-no-canonical-prefixes:-Wno-error=deprecated-register:-O1:-O2:-O3:-Os:-Ofast:-Og:-Werror*:-fdiagnostics-color*:-no-canonical-prefixes:-Wno-error=deprecated-register\' CSWRAP_ADD_CXXFLAGS=\\$\'-Wno-unused-command-line-argument:-Wno-unused-parameter:-Wno-unknown-attributes:-Wno-unused-label:-Wno-unknown-pragmas:-Wno-unused-command-line-argument:-fsanitize-address-use-after-scope:-O0:-Xclang:-disable-llvm-passes:-D__inline=:-g:-Wl,--dynamic-linker,/usr/bin/csexec-loader:-Wl,--dynamic-linker,/usr/bin/csexec-loader\' CSWRAP_DEL_CXXFLAGS=\\$\'-Werror*:-fdiagnostics-color*:-no-canonical-prefixes:-Wno-error=deprecated-register:-O1:-O2:-O3:-Os:-Ofast:-Og:-Werror*:-fdiagnostics-color*:-no-canonical-prefixes:-Wno-error=deprecated-register\' sh -c \\"rpmbuild -bi --nodeps --short-circuit /builddir/build/SPECS/python-dmidecode.spec \'--define\' \'_unpackaged_files_terminate_build 0\' \'--define\' \'apidocs 0\' \'--define\' \'with_publican 0\' \'--without\' \'docs\' \'--without\' \'langpacks\' \'--define\' \'__cc gclang\' \'--define\' \'__cxx gclang++\' \'--define\' \'__cpp gclang -E\' \'--define\' \'toolchain clang\' \'--define\' \'optflags -O0\' \'--define\' \'build_ldflags -O0\'\\""']
Start: chroot ['/bin/su mockbuild -l -c "PATH=/usr/lib64/cswrap:\\$PATH CSWRAP_CAP_FILE=\\$\'/builddir/cswrap-capture.err\' CSWRAP_TIMEOUT=\\$\'30\' CSWRAP_TIMEOUT_FOR=\\$\':\' CC=\\$\'gclang\' CXX=\\$\'gclang++\' CSEXEC_WRAP_CMD=\\$\'--skip-ld-linux\\\\a/usr/bin/csexec-symbiotic\\\\a-l\\\\a/builddir/symbiotic-capture\\\\a-s\\\\a--timeout=8 --slicer-timeout=8 --instrumentation-timeout=8 --debug=all --prp=memsafety \' CSWRAP_ADD_CFLAGS=\\$\'-Wno-unknown-pragmas:-Wno-unused-command-line-argument:-Wno-unused-parameter:-Wno-unknown-attributes:-Wno-unused-label:-Wno-unknown-pragmas:-Wno-unused-command-line-argument:-fsanitize-address-use-after-scope:-O0:-Xclang:-disable-llvm-passes:-D__inline=:-g:-Wl,--dynamic-linker,/usr/bin/csexec-loader:-Wno-unknown-pragmas:-Wl,--dynamic-linker,/usr/bin/csexec-loader\' CSWRAP_DEL_CFLAGS=\\$\'-Werror*:-fdiagnostics-color*:-no-canonical-prefixes:-Wno-error=deprecated-register:-O1:-O2:-O3:-Os:-Ofast:-Og:-Werror*:-fdiagnostics-color*:-no-canonical-prefixes:-Wno-error=deprecated-register\' CSWRAP_ADD_CXXFLAGS=\\$\'-Wno-unused-command-line-argument:-Wno-unused-parameter:-Wno-unknown-attributes:-Wno-unused-label:-Wno-unknown-pragmas:-Wno-unused-command-line-argument:-fsanitize-address-use-after-scope:-O0:-Xclang:-disable-llvm-passes:-D__inline=:-g:-Wl,--dynamic-linker,/usr/bin/csexec-loader:-Wl,--dynamic-linker,/usr/bin/csexec-loader\' CSWRAP_DEL_CXXFLAGS=\\$\'-Werror*:-fdiagnostics-color*:-no-canonical-prefixes:-Wno-error=deprecated-register:-O1:-O2:-O3:-Os:-Ofast:-Og:-Werror*:-fdiagnostics-color*:-no-canonical-prefixes:-Wno-error=deprecated-register\' sh -c \\"rpmbuild -bi --nodeps --short-circuit /builddir/build/SPECS/python-dmidecode.spec \'--define\' \'_unpackaged_files_terminate_build 0\' \'--define\' \'apidocs 0\' \'--define\' \'with_publican 0\' \'--without\' \'docs\' \'--without\' \'langpacks\' \'--define\' \'__cc gclang\' \'--define\' \'__cxx gclang++\' \'--define\' \'__cpp gclang -E\' \'--define\' \'toolchain clang\' \'--define\' \'optflags -O0\' \'--define\' \'build_ldflags -O0\'\\""']
setting SOURCE_DATE_EPOCH=1627344000
Executing(%install): /bin/sh -e /var/tmp/rpm-tmp.cGWKNt
+ umask 022
+ cd /builddir/build/BUILD
+ '[' /builddir/build/BUILDROOT/python-dmidecode-3.12.2-25.fc35.x86_64 '!=' / ']'
+ rm -rf /builddir/build/BUILDROOT/python-dmidecode-3.12.2-25.fc35.x86_64
++ dirname /builddir/build/BUILDROOT/python-dmidecode-3.12.2-25.fc35.x86_64
+ mkdir -p /builddir/build/BUILDROOT
+ mkdir /builddir/build/BUILDROOT/python-dmidecode-3.12.2-25.fc35.x86_64
+ cd python-dmidecode-3.12.2
+ /usr/bin/python3 src/setup.py install --root /builddir/build/BUILDROOT/python-dmidecode-3.12.2-25.fc35.x86_64 --prefix=/usr
/builddir/build/BUILD/python-dmidecode-3.12.2/src/setup.py:29: DeprecationWarning: The distutils package is deprecated and slated for removal in Python 3.12. Use setuptools or check PEP 632 for potential alternatives
  from distutils.core import setup, Extension
running install
running build
running build_py
running build_ext
building 'dmidecodemod' extension
gclang -Wno-unused-result -Wsign-compare -DDYNAMIC_ANNOTATIONS_ENABLED=1 -DNDEBUG -O2 -fexceptions -g -grecord-gcc-switches -pipe -Wall -Werror=format-security -Wp,-D_FORTIFY_SOURCE=2 -Wp,-D_GLIBCXX_ASSERTIONS -fstack-protector-strong -m64 -mtune=generic -fasynchronous-unwind-tables -fstack-clash-protection -fcf-protection -D_GNU_SOURCE -fPIC -fwrapv -O2 -fexceptions -g -grecord-gcc-switches -pipe -Wall -Werror=format-security -Wp,-D_FORTIFY_SOURCE=2 -Wp,-D_GLIBCXX_ASSERTIONS -fstack-protector-strong -m64 -mtune=generic -fasynchronous-unwind-tables -fstack-clash-protection -fcf-protection -D_GNU_SOURCE -fPIC -fwrapv -O2 -fexceptions -g -grecord-gcc-switches -pipe -Wall -Werror=format-security -Wp,-D_FORTIFY_SOURCE=2 -Wp,-D_GLIBCXX_ASSERTIONS -fstack-protector-strong -m64 -mtune=generic -fasynchronous-unwind-tables -fstack-clash-protection -fcf-protection -D_GNU_SOURCE -fPIC -fwrapv -fPIC -UNDEBUG -I/usr/include/libxml2 -I/usr/include/python3.10 -c src/dmidecode.c -o build/temp.linux-x86_64-3.10/src/dmidecode.o
In file included from In file included from src/dmidecode.c:src/dmidecode.c76::
In file included from 76/usr/include/assert.h:
:In file included from 35/usr/include/assert.h:
:/usr/include/features.h35:
:412/usr/include/features.h::4412:: 4warning: : _FORTIFY_SOURCE requires compiling with optimization (-O) [-W#warnings]warning: 
_FORTIFY_SOURCE requires compiling with optimization (-O) [-W#warnings]
#  warning _FORTIFY_SOURCE requires compiling with optimization (-O)#  warning _FORTIFY_SOURCE requires compiling with optimization (-O)

   ^   ^

/builddir/build/BUILD/python-dmidecode-3.12.2/src/dmidecode.c:3907:42: warning: variable 'str_n' set but not used [-Wunused-but-set-variable] <--[gclang]
                xmlNode *data_n = NULL, *str_n = NULL, *val_n = NULL;
                                         ^
/builddir/build/BUILD/python-dmidecode-3.12.2/src/dmidecode.c:3907:42: warning: variable 'str_n' set but not used [-Wunused-but-set-variable] <--[gclang]
                xmlNode *data_n = NULL, *str_n = NULL, *val_n = NULL;
                                         ^
2 warnings generated.
2 warnings generated.
gclang -Wno-unused-result -Wsign-compare -DDYNAMIC_ANNOTATIONS_ENABLED=1 -DNDEBUG -O2 -fexceptions -g -grecord-gcc-switches -pipe -Wall -Werror=format-security -Wp,-D_FORTIFY_SOURCE=2 -Wp,-D_GLIBCXX_ASSERTIONS -fstack-protector-strong -m64 -mtune=generic -fasynchronous-unwind-tables -fstack-clash-protection -fcf-protection -D_GNU_SOURCE -fPIC -fwrapv -O2 -fexceptions -g -grecord-gcc-switches -pipe -Wall -Werror=format-security -Wp,-D_FORTIFY_SOURCE=2 -Wp,-D_GLIBCXX_ASSERTIONS -fstack-protector-strong -m64 -mtune=generic -fasynchronous-unwind-tables -fstack-clash-protection -fcf-protection -D_GNU_SOURCE -fPIC -fwrapv -O2 -fexceptions -g -grecord-gcc-switches -pipe -Wall -Werror=format-security -Wp,-D_FORTIFY_SOURCE=2 -Wp,-D_GLIBCXX_ASSERTIONS -fstack-protector-strong -m64 -mtune=generic -fasynchronous-unwind-tables -fstack-clash-protection -fcf-protection -D_GNU_SOURCE -fPIC -fwrapv -fPIC -UNDEBUG -I/usr/include/libxml2 -I/usr/include/python3.10 -c src/dmidecodemodule.c -o build/temp.linux-x86_64-3.10/src/dmidecodemodule.o
In file included from /builddir/build/BUILD/python-dmidecode-3.12.2/src/dmidecodemodule.c:42: <--[gclang]
In file included from /usr/include/python3.10/Python.h:11: <--[gclang]
In file included from /usr/lib64/clang/13.0.1/include/limits.h:21: <--[gclang]
In file included from /usr/include/limits.h:26: <--[gclang]
In file included from /usr/include/bits/libc-header-start.h:33: <--[gclang]
/usr/include/features.h:412:4: warning: _FORTIFY_SOURCE requires compiling with optimization (-O) [-W#warnings] <--[gclang]
#  warning _FORTIFY_SOURCE requires compiling with optimization (-O)
   ^
In file included from /builddir/build/BUILD/python-dmidecode-3.12.2/src/dmidecodemodule.c:42: <--[gclang]
In file included from /usr/include/python3.10/Python.h:11: <--[gclang]
In file included from /usr/lib64/clang/13.0.1/include/limits.h:21: <--[gclang]
In file included from /usr/include/limits.h:26: <--[gclang]
In file included from /usr/include/bits/libc-header-start.h:33: <--[gclang]
/usr/include/features.h:412:4: warning: _FORTIFY_SOURCE requires compiling with optimization (-O) [-W#warnings] <--[gclang]
#  warning _FORTIFY_SOURCE requires compiling with optimization (-O)
   ^
/builddir/build/BUILD/python-dmidecode-3.12.2/src/dmidecodemodule.c:486:25: warning: assigning to 'char *' from 'const char *' discards qualifiers [-Wincompatible-pointer-types-discards-qualifiers] <--[gclang]
                section = PyUnicode_AsUTF8(args);
                        ^ ~~~~~~~~~~~~~~~~~~~~~~
/builddir/build/BUILD/python-dmidecode-3.12.2/src/dmidecodemodule.c:486:25: warning: assigning to 'char *' from 'const char *' discards qualifiers [-Wincompatible-pointer-types-discards-qualifiers] <--[gclang]
                section = PyUnicode_AsUTF8(args);
                        ^ ~~~~~~~~~~~~~~~~~~~~~~
/builddir/build/BUILD/python-dmidecode-3.12.2/src/dmidecodemodule.c:617:19: warning: assigning to 'char *' from 'const char *' discards qualifiers [-Wincompatible-pointer-types-discards-qualifiers] <--[gclang]
                f = PyUnicode_AsUTF8(arg);
                  ^ ~~~~~~~~~~~~~~~~~~~~~
/builddir/build/BUILD/python-dmidecode-3.12.2/src/dmidecodemodule.c:617:19: warning: assigning to 'char *' from 'const char *' discards qualifiers [-Wincompatible-pointer-types-discards-qualifiers] <--[gclang]
                f = PyUnicode_AsUTF8(arg);
                  ^ ~~~~~~~~~~~~~~~~~~~~~
/builddir/build/BUILD/python-dmidecode-3.12.2/src/dmidecodemodule.c:665:23: warning: assigning to 'char *' from 'const char *' discards qualifiers [-Wincompatible-pointer-types-discards-qualifiers] <--[gclang]
                fname = PyUnicode_AsUTF8(arg);
                      ^ ~~~~~~~~~~~~~~~~~~~~~
/builddir/build/BUILD/python-dmidecode-3.12.2/src/dmidecodemodule.c:665:23: warning: assigning to 'char *' from 'const char *' discards qualifiers [-Wincompatible-pointer-types-discards-qualifiers] <--[gclang]
                fname = PyUnicode_AsUTF8(arg);
                      ^ ~~~~~~~~~~~~~~~~~~~~~
/builddir/build/BUILD/python-dmidecode-3.12.2/src/dmidecodemodule.c:740:28: warning: incompatible function pointer types initializing 'PyCFunction' (aka 'struct _object *(*)(struct _object *, struct _object *)') with an expression of type 'PyObject *(PyObject *, PyObject *, PyObject *)' (aka 'struct _object *(struct _object *, struct _object *, struct _object *)') [-Wincompatible-function-pointer-types] <--[gclang]
        {(char *)"xmlapi", dmidecode_xmlapi, METH_VARARGS | METH_KEYWORDS,
                           ^~~~~~~~~~~~~~~~
/builddir/build/BUILD/python-dmidecode-3.12.2/src/dmidecodemodule.c:740:28: warning: incompatible function pointer types initializing 'PyCFunction' (aka 'struct _object *(*)(struct _object *, struct _object *)') with an expression of type 'PyObject *(PyObject *, PyObject *, PyObject *)' (aka 'struct _object *(struct _object *, struct _object *, struct _object *)') [-Wincompatible-function-pointer-types] <--[gclang]
        {(char *)"xmlapi", dmidecode_xmlapi, METH_VARARGS | METH_KEYWORDS,
                           ^~~~~~~~~~~~~~~~
/builddir/build/BUILD/python-dmidecode-3.12.2/src/dmidecodemodule.c:846:72: warning: incompatible function pointer types passing 'void (void *)' to parameter of type 'PyCapsule_Destructor' (aka 'void (*)(struct _object *)') [-Wincompatible-function-pointer-types] <--[gclang]
        PyModule_AddObject(module, "options", PyCapsule_New(opt, NULL, destruct_options));
                                                                       ^~~~~~~~~~~~~~~~
/usr/include/python3.10/pycapsule.h:31:26: note: passing argument to parameter 'destructor' here <--[gclang]
    PyCapsule_Destructor destructor);
                         ^
/builddir/build/BUILD/python-dmidecode-3.12.2/src/dmidecodemodule.c:846:72: warning: incompatible function pointer types passing 'void (void *)' to parameter of type 'PyCapsule_Destructor' (aka 'void (*)(struct _object *)') [-Wincompatible-function-pointer-types] <--[gclang]
        PyModule_AddObject(module, "options", PyCapsule_New(opt, NULL, destruct_options));
                                                                       ^~~~~~~~~~~~~~~~
/usr/include/python3.10/pycapsule.h:31:26: note: passing argument to parameter 'destructor' here <--[gclang]
    PyCapsule_Destructor destructor);
                         ^
In file included from /builddir/build/BUILD/python-dmidecode-3.12.2/src/dmidecodemodule.c:48: <--[gclang]
/builddir/build/BUILD/python-dmidecode-3.12.2/src/dmixml.h:78:14: warning: inline function 'dmixml_GetContent' is not defined [-Wundefined-inline] <--[gclang]
inline char *dmixml_GetContent(xmlNode *node);
             ^
/builddir/build/BUILD/python-dmidecode-3.12.2/src/dmidecodemodule.c:840:18: note: used here <--[gclang]
        dmiver = dmixml_GetContent(opt->dmiversion_n);
                 ^
In file included from /builddir/build/BUILD/python-dmidecode-3.12.2/src/dmidecodemodule.c:48: <--[gclang]
/builddir/build/BUILD/python-dmidecode-3.12.2/src/dmixml.h:78:14: warning: inline function 'dmixml_GetContent' is not defined [-Wundefined-inline] <--[gclang]
inline char *dmixml_GetContent(xmlNode *node);
             ^
/builddir/build/BUILD/python-dmidecode-3.12.2/src/dmidecodemodule.c:840:18: note: used here <--[gclang]
        dmiver = dmixml_GetContent(opt->dmiversion_n);
                 ^
7 warnings generated.
7 warnings generated.
gclang -Wno-unused-result -Wsign-compare -DDYNAMIC_ANNOTATIONS_ENABLED=1 -DNDEBUG -O2 -fexceptions -g -grecord-gcc-switches -pipe -Wall -Werror=format-security -Wp,-D_FORTIFY_SOURCE=2 -Wp,-D_GLIBCXX_ASSERTIONS -fstack-protector-strong -m64 -mtune=generic -fasynchronous-unwind-tables -fstack-clash-protection -fcf-protection -D_GNU_SOURCE -fPIC -fwrapv -O2 -fexceptions -g -grecord-gcc-switches -pipe -Wall -Werror=format-security -Wp,-D_FORTIFY_SOURCE=2 -Wp,-D_GLIBCXX_ASSERTIONS -fstack-protector-strong -m64 -mtune=generic -fasynchronous-unwind-tables -fstack-clash-protection -fcf-protection -D_GNU_SOURCE -fPIC -fwrapv -O2 -fexceptions -g -grecord-gcc-switches -pipe -Wall -Werror=format-security -Wp,-D_FORTIFY_SOURCE=2 -Wp,-D_GLIBCXX_ASSERTIONS -fstack-protector-strong -m64 -mtune=generic -fasynchronous-unwind-tables -fstack-clash-protection -fcf-protection -D_GNU_SOURCE -fPIC -fwrapv -fPIC -UNDEBUG -I/usr/include/libxml2 -I/usr/include/python3.10 -c src/dmidump.c -o build/temp.linux-x86_64-3.10/src/dmidump.o
In file included from In file included from src/dmidump.c:src/dmidump.c31::
In file included from 31/usr/include/stdio.h:
:In file included from 27/usr/include/stdio.h:
:In file included from 27/usr/include/bits/libc-header-start.h:
:In file included from 33/usr/include/bits/libc-header-start.h:
:/usr/include/features.h33::
412:/usr/include/features.h4::412 :warning: 4_FORTIFY_SOURCE requires compiling with optimization (-O) [-W#warnings]: 
warning: _FORTIFY_SOURCE requires compiling with optimization (-O) [-W#warnings]
#  warning _FORTIFY_SOURCE requires compiling with optimization (-O)
   ^
#  warning _FORTIFY_SOURCE requires compiling with optimization (-O)
   ^
/builddir/build/BUILD/python-dmidecode-3.12.2/src/dmidump.c:98:49: warning: logical not is only applied to the left hand side of this comparison [-Wlogical-not-parentheses] <--[gclang]
                if(!checksum(buf, buf[0x05]) || !memcmp(buf + 0x10, "_DMI_", 5) == 0 ||
                                                ^                               ~~
/builddir/build/BUILD/python-dmidecode-3.12.2/src/dmidump.c:98:49: warning: logical not is only applied to the left hand side of this comparison [-Wlogical-not-parentheses] <--[gclang]
                if(!checksum(buf, buf[0x05]) || !memcmp(buf + 0x10, "_DMI_", 5) == 0 ||
                                                ^                               ~~
/builddir/build/BUILD/python-dmidecode-3.12.2/src/dmidump.c:98:49: note: add parentheses after the '!' to evaluate the comparison first <--[gclang]
                if(!checksum(buf, buf[0x05]) || !memcmp(buf + 0x10, "_DMI_", 5) == 0 ||
                                                ^
                                                 (                                  )
/builddir/build/BUILD/python-dmidecode-3.12.2/src/dmidump.c:98:49: note: add parentheses after the '!' to evaluate the comparison first <--[gclang]
                if(!checksum(buf, buf[0x05]) || !memcmp(buf + 0x10, "_DMI_", 5) == 0 ||
                                                ^
                                                 (                                  )
/builddir/build/BUILD/python-dmidecode-3.12.2/src/dmidump.c:98:49: note: src/dmidump.cadd parentheses around left hand side expression to silence this warning: <--[gclang]
98:49: note: add parentheses around left hand side expression to silence this warning
                if(!checksum(buf, buf[0x05]) || !memcmp(buf + 0x10, "_DMI_", 5) == 0 ||
                                                ^
                                                (                              )
                if(!checksum(buf, buf[0x05]) || !memcmp(buf + 0x10, "_DMI_", 5) == 0 ||
                                                ^
                                                (                              )
2 warnings generated.
2 warnings generated.
gclang -Wno-unused-result -Wsign-compare -DDYNAMIC_ANNOTATIONS_ENABLED=1 -DNDEBUG -O2 -fexceptions -g -grecord-gcc-switches -pipe -Wall -Werror=format-security -Wp,-D_FORTIFY_SOURCE=2 -Wp,-D_GLIBCXX_ASSERTIONS -fstack-protector-strong -m64 -mtune=generic -fasynchronous-unwind-tables -fstack-clash-protection -fcf-protection -D_GNU_SOURCE -fPIC -fwrapv -O2 -fexceptions -g -grecord-gcc-switches -pipe -Wall -Werror=format-security -Wp,-D_FORTIFY_SOURCE=2 -Wp,-D_GLIBCXX_ASSERTIONS -fstack-protector-strong -m64 -mtune=generic -fasynchronous-unwind-tables -fstack-clash-protection -fcf-protection -D_GNU_SOURCE -fPIC -fwrapv -O2 -fexceptions -g -grecord-gcc-switches -pipe -Wall -Werror=format-security -Wp,-D_FORTIFY_SOURCE=2 -Wp,-D_GLIBCXX_ASSERTIONS -fstack-protector-strong -m64 -mtune=generic -fasynchronous-unwind-tables -fstack-clash-protection -fcf-protection -D_GNU_SOURCE -fPIC -fwrapv -fPIC -UNDEBUG -I/usr/include/libxml2 -I/usr/include/python3.10 -c src/dmierror.c -o build/temp.linux-x86_64-3.10/src/dmierror.o
In file included from /builddir/build/BUILD/python-dmidecode-3.12.2/src/dmierror.c:32: <--[gclang]
In file included from /usr/include/python3.10/Python.h:11: <--[gclang]
In file included from /usr/lib64/clang/13.0.1/include/limits.h:21: <--[gclang]
In file included from /usr/include/limits.h:26: <--[gclang]
In file included from /usr/include/bits/libc-header-start.h:33: <--[gclang]
/usr/include/features.h:412:4: warning: _FORTIFY_SOURCE requires compiling with optimization (-O) [-W#warnings] <--[gclang]
#  warning _FORTIFY_SOURCE requires compiling with optimization (-O)
   ^
In file included from /builddir/build/BUILD/python-dmidecode-3.12.2/src/dmierror.c:32: <--[gclang]
In file included from /usr/include/python3.10/Python.h:11: <--[gclang]
In file included from /usr/lib64/clang/13.0.1/include/limits.h:21: <--[gclang]
In file included from /usr/include/limits.h:26: <--[gclang]
In file included from /usr/include/bits/libc-header-start.h:33: <--[gclang]
/usr/include/features.h:412:4: warning: _FORTIFY_SOURCE requires compiling with optimization (-O) [-W#warnings] <--[gclang]
#  warning _FORTIFY_SOURCE requires compiling with optimization (-O)
   ^
1 warning generated.
1 warning generated.
gclang -Wno-unused-result -Wsign-compare -DDYNAMIC_ANNOTATIONS_ENABLED=1 -DNDEBUG -O2 -fexceptions -g -grecord-gcc-switches -pipe -Wall -Werror=format-security -Wp,-D_FORTIFY_SOURCE=2 -Wp,-D_GLIBCXX_ASSERTIONS -fstack-protector-strong -m64 -mtune=generic -fasynchronous-unwind-tables -fstack-clash-protection -fcf-protection -D_GNU_SOURCE -fPIC -fwrapv -O2 -fexceptions -g -grecord-gcc-switches -pipe -Wall -Werror=format-security -Wp,-D_FORTIFY_SOURCE=2 -Wp,-D_GLIBCXX_ASSERTIONS -fstack-protector-strong -m64 -mtune=generic -fasynchronous-unwind-tables -fstack-clash-protection -fcf-protection -D_GNU_SOURCE -fPIC -fwrapv -O2 -fexceptions -g -grecord-gcc-switches -pipe -Wall -Werror=format-security -Wp,-D_FORTIFY_SOURCE=2 -Wp,-D_GLIBCXX_ASSERTIONS -fstack-protector-strong -m64 -mtune=generic -fasynchronous-unwind-tables -fstack-clash-protection -fcf-protection -D_GNU_SOURCE -fPIC -fwrapv -fPIC -UNDEBUG -I/usr/include/libxml2 -I/usr/include/python3.10 -c src/dmilog.c -o build/temp.linux-x86_64-3.10/src/dmilog.o
In file included from /builddir/build/BUILD/python-dmidecode-3.12.2/src/dmilog.c:31: <--[gclang]
In file included from /usr/include/stdio.h:27: <--[gclang]
In file included from /usr/include/bits/libc-header-start.h:33: <--[gclang]
/usr/include/features.h:412:4: warning: _FORTIFY_SOURCE requires compiling with optimization (-O) [-W#warnings] <--[gclang]
#  warning _FORTIFY_SOURCE requires compiling with optimization (-O)
   ^
In file included from /builddir/build/BUILD/python-dmidecode-3.12.2/src/dmilog.c:31: <--[gclang]
In file included from /usr/include/stdio.h:27: <--[gclang]
In file included from /usr/include/bits/libc-header-start.h:33: <--[gclang]
/usr/include/features.h:412:4: warning: _FORTIFY_SOURCE requires compiling with optimization (-O) [-W#warnings] <--[gclang]
#  warning _FORTIFY_SOURCE requires compiling with optimization (-O)
   ^
1 warning generated.
1 warning generated.
gclang -Wno-unused-result -Wsign-compare -DDYNAMIC_ANNOTATIONS_ENABLED=1 -DNDEBUG -O2 -fexceptions -g -grecord-gcc-switches -pipe -Wall -Werror=format-security -Wp,-D_FORTIFY_SOURCE=2 -Wp,-D_GLIBCXX_ASSERTIONS -fstack-protector-strong -m64 -mtune=generic -fasynchronous-unwind-tables -fstack-clash-protection -fcf-protection -D_GNU_SOURCE -fPIC -fwrapv -O2 -fexceptions -g -grecord-gcc-switches -pipe -Wall -Werror=format-security -Wp,-D_FORTIFY_SOURCE=2 -Wp,-D_GLIBCXX_ASSERTIONS -fstack-protector-strong -m64 -mtune=generic -fasynchronous-unwind-tables -fstack-clash-protection -fcf-protection -D_GNU_SOURCE -fPIC -fwrapv -O2 -fexceptions -g -grecord-gcc-switches -pipe -Wall -Werror=format-security -Wp,-D_FORTIFY_SOURCE=2 -Wp,-D_GLIBCXX_ASSERTIONS -fstack-protector-strong -m64 -mtune=generic -fasynchronous-unwind-tables -fstack-clash-protection -fcf-protection -D_GNU_SOURCE -fPIC -fwrapv -fPIC -UNDEBUG -I/usr/include/libxml2 -I/usr/include/python3.10 -c src/dmioem.c -o build/temp.linux-x86_64-3.10/src/dmioem.o
In file included from /builddir/build/BUILD/python-dmidecode-3.12.2/src/dmioem.c:23: <--[gclang]
In file included from /usr/include/stdio.h:27: <--[gclang]
In file included from /usr/include/bits/libc-header-start.h:33In file included from : <--[gclang]
/usr/include/features.hsrc/dmioem.c::41223::
4In file included from :/usr/include/stdio.h :warning: 27_FORTIFY_SOURCE requires compiling with optimization (-O) [-W#warnings]:

In file included from /usr/include/bits/libc-header-start.h:33: <--[gclang]
/usr/include/features.h:412:4: warning: _FORTIFY_SOURCE requires compiling with optimization (-O) [-W#warnings] <--[gclang]
#  warning _FORTIFY_SOURCE requires compiling with optimization (-O)
   ^
#  warning _FORTIFY_SOURCE requires compiling with optimization (-O)
   ^
1 warning generated.
1 warning generated.
gclang -Wno-unused-result -Wsign-compare -DDYNAMIC_ANNOTATIONS_ENABLED=1 -DNDEBUG -O2 -fexceptions -g -grecord-gcc-switches -pipe -Wall -Werror=format-security -Wp,-D_FORTIFY_SOURCE=2 -Wp,-D_GLIBCXX_ASSERTIONS -fstack-protector-strong -m64 -mtune=generic -fasynchronous-unwind-tables -fstack-clash-protection -fcf-protection -D_GNU_SOURCE -fPIC -fwrapv -O2 -fexceptions -g -grecord-gcc-switches -pipe -Wall -Werror=format-security -Wp,-D_FORTIFY_SOURCE=2 -Wp,-D_GLIBCXX_ASSERTIONS -fstack-protector-strong -m64 -mtune=generic -fasynchronous-unwind-tables -fstack-clash-protection -fcf-protection -D_GNU_SOURCE -fPIC -fwrapv -O2 -fexceptions -g -grecord-gcc-switches -pipe -Wall -Werror=format-security -Wp,-D_FORTIFY_SOURCE=2 -Wp,-D_GLIBCXX_ASSERTIONS -fstack-protector-strong -m64 -mtune=generic -fasynchronous-unwind-tables -fstack-clash-protection -fcf-protection -D_GNU_SOURCE -fPIC -fwrapv -fPIC -UNDEBUG -I/usr/include/libxml2 -I/usr/include/python3.10 -c src/dmixml.c -o build/temp.linux-x86_64-3.10/src/dmixml.o
In file included from /builddir/build/BUILD/python-dmidecode-3.12.2/src/dmixml.c:36: <--[gclang]
In file included from /usr/include/string.h:26: <--[gclang]
In file included from /usr/include/bits/libc-header-start.h:33: <--[gclang]
/usr/include/features.h:412:4: warning: _FORTIFY_SOURCE requires compiling with optimization (-O) [-W#warnings] <--[gclang]
#  warning _FORTIFY_SOURCE requires compiling with optimization (-O)
   ^
In file included from /builddir/build/BUILD/python-dmidecode-3.12.2/src/dmixml.c:36: <--[gclang]
In file included from /usr/include/string.h:26: <--[gclang]
In file included from /usr/include/bits/libc-header-start.h:33: <--[gclang]
/usr/include/features.h:412:4: warning: _FORTIFY_SOURCE requires compiling with optimization (-O) [-W#warnings] <--[gclang]
#  warning _FORTIFY_SOURCE requires compiling with optimization (-O)
   ^
/builddir/build/BUILD/python-dmidecode-3.12.2/src/dmixml.c:68:33: warning: passing 'xmlChar *' (aka 'unsigned char *') to parameter of type 'const char *' converts between pointers to integer types where one is of the unique plain 'char' type and the other is not [-Wpointer-sign] <--[gclang]
        xmlStrVPrintf(ret, len, xmlfmt, ap);
                                ^~~~~~
/usr/include/libxml2/libxml/xmlstring.h:105:54: note: passing argument to parameter 'msg' here <--[gclang]
                                         const char *msg,
                                                     ^
/builddir/build/BUILD/python-dmidecode-3.12.2/src/dmixml.c:68:33: warning: passing 'xmlChar *' (aka 'unsigned char *') to parameter of type 'const char *' converts between pointers to integer types where one is of the unique plain 'char' type and the other is not [-Wpointer-sign] <--[gclang]
        xmlStrVPrintf(ret, len, xmlfmt, ap);
                                ^~~~~~
/usr/include/libxml2/libxml/xmlstring.h:105:54: note: passing argument to parameter 'msg' here <--[gclang]
                                         const char *msg,
                                                     ^
2 warnings generated.
2 warnings generated.
gclang -Wno-unused-result -Wsign-compare -DDYNAMIC_ANNOTATIONS_ENABLED=1 -DNDEBUG -O2 -fexceptions -g -grecord-gcc-switches -pipe -Wall -Werror=format-security -Wp,-D_FORTIFY_SOURCE=2 -Wp,-D_GLIBCXX_ASSERTIONS -fstack-protector-strong -m64 -mtune=generic -fasynchronous-unwind-tables -fstack-clash-protection -fcf-protection -D_GNU_SOURCE -fPIC -fwrapv -O2 -fexceptions -g -grecord-gcc-switches -pipe -Wall -Werror=format-security -Wp,-D_FORTIFY_SOURCE=2 -Wp,-D_GLIBCXX_ASSERTIONS -fstack-protector-strong -m64 -mtune=generic -fasynchronous-unwind-tables -fstack-clash-protection -fcf-protection -D_GNU_SOURCE -fPIC -fwrapv -O2 -fexceptions -g -grecord-gcc-switches -pipe -Wall -Werror=format-security -Wp,-D_FORTIFY_SOURCE=2 -Wp,-D_GLIBCXX_ASSERTIONS -fstack-protector-strong -m64 -mtune=generic -fasynchronous-unwind-tables -fstack-clash-protection -fcf-protection -D_GNU_SOURCE -fPIC -fwrapv -fPIC -UNDEBUG -I/usr/include/libxml2 -I/usr/include/python3.10 -c src/efi.c -o build/temp.linux-x86_64-3.10/src/efi.o
In file included from /builddir/build/BUILD/python-dmidecode-3.12.2/src/efi.c:28: <--[gclang]
In file included from /usr/include/stdio.h:27: <--[gclang]
In file included from /usr/include/bits/libc-header-start.h:33: <--[gclang]
/usr/include/features.h:412:4: warning: _FORTIFY_SOURCE requires compiling with optimization (-O) [-W#warnings] <--[gclang]
#  warning _FORTIFY_SOURCE requires compiling with optimization (-O)
   ^
In file included from /builddir/build/BUILD/python-dmidecode-3.12.2/src/efi.c:28: <--[gclang]
In file included from /usr/include/stdio.h:27: <--[gclang]
In file included from /usr/include/bits/libc-header-start.h:33: <--[gclang]
/usr/include/features.h:412:4: warning: _FORTIFY_SOURCE requires compiling with optimization (-O) [-W#warnings] <--[gclang]
#  warning _FORTIFY_SOURCE requires compiling with optimization (-O)
   ^
1 warning generated.
1 warning generated.
gclang -Wno-unused-result -Wsign-compare -DDYNAMIC_ANNOTATIONS_ENABLED=1 -DNDEBUG -O2 -fexceptions -g -grecord-gcc-switches -pipe -Wall -Werror=format-security -Wp,-D_FORTIFY_SOURCE=2 -Wp,-D_GLIBCXX_ASSERTIONS -fstack-protector-strong -m64 -mtune=generic -fasynchronous-unwind-tables -fstack-clash-protection -fcf-protection -D_GNU_SOURCE -fPIC -fwrapv -O2 -fexceptions -g -grecord-gcc-switches -pipe -Wall -Werror=format-security -Wp,-D_FORTIFY_SOURCE=2 -Wp,-D_GLIBCXX_ASSERTIONS -fstack-protector-strong -m64 -mtune=generic -fasynchronous-unwind-tables -fstack-clash-protection -fcf-protection -D_GNU_SOURCE -fPIC -fwrapv -O2 -fexceptions -g -grecord-gcc-switches -pipe -Wall -Werror=format-security -Wp,-D_FORTIFY_SOURCE=2 -Wp,-D_GLIBCXX_ASSERTIONS -fstack-protector-strong -m64 -mtune=generic -fasynchronous-unwind-tables -fstack-clash-protection -fcf-protection -D_GNU_SOURCE -fPIC -fwrapv -fPIC -UNDEBUG -I/usr/include/libxml2 -I/usr/include/python3.10 -c src/util.c -o build/temp.linux-x86_64-3.10/src/util.o
In file included from /builddir/build/BUILD/python-dmidecode-3.12.2/src/util.c:29: <--[gclang]
In file included from /usr/include/sys/types.h:25: <--[gclang]
/usr/include/features.h:412:4: warning: _FORTIFY_SOURCE requires compiling with optimization (-O) [-W#warnings] <--[gclang]
#  warning _FORTIFY_SOURCE requires compiling with optimization (-O)
   ^
In file included from /builddir/build/BUILD/python-dmidecode-3.12.2/src/util.c:29: <--[gclang]
In file included from /usr/include/sys/types.h:25: <--[gclang]
/usr/include/features.h:412:4: warning: _FORTIFY_SOURCE requires compiling with optimization (-O) [-W#warnings] <--[gclang]
#  warning _FORTIFY_SOURCE requires compiling with optimization (-O)
   ^
1 warning generated.
1 warning generated.
gclang -Wno-unused-result -Wsign-compare -DDYNAMIC_ANNOTATIONS_ENABLED=1 -DNDEBUG -O2 -fexceptions -g -grecord-gcc-switches -pipe -Wall -Werror=format-security -Wp,-D_FORTIFY_SOURCE=2 -Wp,-D_GLIBCXX_ASSERTIONS -fstack-protector-strong -m64 -mtune=generic -fasynchronous-unwind-tables -fstack-clash-protection -fcf-protection -D_GNU_SOURCE -fPIC -fwrapv -O2 -fexceptions -g -grecord-gcc-switches -pipe -Wall -Werror=format-security -Wp,-D_FORTIFY_SOURCE=2 -Wp,-D_GLIBCXX_ASSERTIONS -fstack-protector-strong -m64 -mtune=generic -fasynchronous-unwind-tables -fstack-clash-protection -fcf-protection -D_GNU_SOURCE -fPIC -fwrapv -O2 -fexceptions -g -grecord-gcc-switches -pipe -Wall -Werror=format-security -Wp,-D_FORTIFY_SOURCE=2 -Wp,-D_GLIBCXX_ASSERTIONS -fstack-protector-strong -m64 -mtune=generic -fasynchronous-unwind-tables -fstack-clash-protection -fcf-protection -D_GNU_SOURCE -fPIC -fwrapv -fPIC -UNDEBUG -I/usr/include/libxml2 -I/usr/include/python3.10 -c src/xmlpythonizer.c -o build/temp.linux-x86_64-3.10/src/xmlpythonizer.o
In file included from /builddir/build/BUILD/python-dmidecode-3.12.2/src/xmlpythonizer.c:72: <--[gclang]
In file included from /usr/include/python3.10/Python.h:11: <--[gclang]
In file included from /usr/lib64/clang/13.0.1/include/limits.h:21: <--[gclang]
In file included from /usr/include/limits.h:26: <--[gclang]
In file included from /usr/include/bits/libc-header-start.h:33: <--[gclang]
/usr/include/features.h:412:4: warning: _FORTIFY_SOURCE requires compiling with optimization (-O) [-W#warnings] <--[gclang]
#  warning _FORTIFY_SOURCE requires compiling with optimization (-O)
   ^
In file included from /builddir/build/BUILD/python-dmidecode-3.12.2/src/xmlpythonizer.c:72: <--[gclang]
In file included from /usr/include/python3.10/Python.h:11: <--[gclang]
In file included from /usr/lib64/clang/13.0.1/include/limits.h:21: <--[gclang]
In file included from /usr/include/limits.h:26: <--[gclang]
In file included from /usr/include/bits/libc-header-start.h:33: <--[gclang]
/usr/include/features.h:412:4: warning: _FORTIFY_SOURCE requires compiling with optimization (-O) [-W#warnings] <--[gclang]
#  warning _FORTIFY_SOURCE requires compiling with optimization (-O)
   ^
1 warning generated.
1 warning generated.
gcc -shared -Wl,-z,relro -Wl,--as-needed -Wl,-z,now -g -Wl,-z,relro -Wl,--as-needed -Wl,-z,now -g build/temp.linux-x86_64-3.10/src/dmidecode.o build/temp.linux-x86_64-3.10/src/dmidecodemodule.o build/temp.linux-x86_64-3.10/src/dmidump.o build/temp.linux-x86_64-3.10/src/dmierror.o build/temp.linux-x86_64-3.10/src/dmilog.o build/temp.linux-x86_64-3.10/src/dmioem.o build/temp.linux-x86_64-3.10/src/dmixml.o build/temp.linux-x86_64-3.10/src/efi.o build/temp.linux-x86_64-3.10/src/util.o build/temp.linux-x86_64-3.10/src/xmlpythonizer.o -L/usr/lib64/python3.10/site-packages -L/usr/lib64 -lxml2 -lz -llzma -lm -lxml2mod -o build/lib.linux-x86_64-3.10/dmidecodemod.cpython-310-x86_64-linux-gnu.so
gcc: error: unrecognized command-line option ‘-Xclang’
error: command '/usr/lib64/cswrap/gcc' failed with exit code 1

RPM build errors:
error: Bad exit status from /var/tmp/rpm-tmp.cGWKNt (%install)
    Bad exit status from /var/tmp/rpm-tmp.cGWKNt (%install)
Finish: chroot ['/bin/su mockbuild -l -c "PATH=/usr/lib64/cswrap:\\$PATH CSWRAP_CAP_FILE=\\$\'/builddir/cswrap-capture.err\' CSWRAP_TIMEOUT=\\$\'30\' CSWRAP_TIMEOUT_FOR=\\$\':\' CC=\\$\'gclang\' CXX=\\$\'gclang++\' CSEXEC_WRAP_CMD=\\$\'--skip-ld-linux\\\\a/usr/bin/csexec-symbiotic\\\\a-l\\\\a/builddir/symbiotic-capture\\\\a-s\\\\a--timeout=8 --slicer-timeout=8 --instrumentation-timeout=8 --debug=all --prp=memsafety \' CSWRAP_ADD_CFLAGS=\\$\'-Wno-unknown-pragmas:-Wno-unused-command-line-argument:-Wno-unused-parameter:-Wno-unknown-attributes:-Wno-unused-label:-Wno-unknown-pragmas:-Wno-unused-command-line-argument:-fsanitize-address-use-after-scope:-O0:-Xclang:-disable-llvm-passes:-D__inline=:-g:-Wl,--dynamic-linker,/usr/bin/csexec-loader:-Wno-unknown-pragmas:-Wl,--dynamic-linker,/usr/bin/csexec-loader\' CSWRAP_DEL_CFLAGS=\\$\'-Werror*:-fdiagnostics-color*:-no-canonical-prefixes:-Wno-error=deprecated-register:-O1:-O2:-O3:-Os:-Ofast:-Og:-Werror*:-fdiagnostics-color*:-no-canonical-prefixes:-Wno-error=deprecated-register\' CSWRAP_ADD_CXXFLAGS=\\$\'-Wno-unused-command-line-argument:-Wno-unused-parameter:-Wno-unknown-attributes:-Wno-unused-label:-Wno-unknown-pragmas:-Wno-unused-command-line-argument:-fsanitize-address-use-after-scope:-O0:-Xclang:-disable-llvm-passes:-D__inline=:-g:-Wl,--dynamic-linker,/usr/bin/csexec-loader:-Wl,--dynamic-linker,/usr/bin/csexec-loader\' CSWRAP_DEL_CXXFLAGS=\\$\'-Werror*:-fdiagnostics-color*:-no-canonical-prefixes:-Wno-error=deprecated-register:-O1:-O2:-O3:-Os:-Ofast:-Og:-Werror*:-fdiagnostics-color*:-no-canonical-prefixes:-Wno-error=deprecated-register\' sh -c \\"rpmbuild -bi --nodeps --short-circuit /builddir/build/SPECS/python-dmidecode.spec \'--define\' \'_unpackaged_files_terminate_build 0\' \'--define\' \'apidocs 0\' \'--define\' \'with_publican 0\' \'--without\' \'docs\' \'--without\' \'langpacks\' \'--define\' \'__cc gclang\' \'--define\' \'__cxx gclang++\' \'--define\' \'__cpp gclang -E\' \'--define\' \'toolchain clang\' \'--define\' \'optflags -O0\' \'--define\' \'build_ldflags -O0\'\\""']

!!! 2023-01-29 15:19:23	error: %install failed

>>> 2023-01-29 15:19:23	"'/usr/bin/mock' '-r' 'fedora-35-x86_64' '--plugin-option=tmpfs:keep_mounted=True' '--config-opts=print_main_output=True' '--quiet' '--shell' 'tar -c --remove-files '/builddir/cswrap-capture.err' '/builddir/symbiotic-capture'' | tar -xC '/home/mockbuilder/aufover-benchmark/workdir-for-sync/rpm-pkgs/python-dmidecode-3.12.2-25.fc35/symbiotic/output/debug/raw-results'"
tar: Removing leading `/' from member names
tar: Removing leading `/' from hard link targets

>>> 2023-01-29 15:19:28	"chmod" "-R" "+r" "/home/mockbuilder/aufover-benchmark/workdir-for-sync/rpm-pkgs/python-dmidecode-3.12.2-25.fc35/symbiotic/output/debug/raw-results/builddir/symbiotic-capture"

>>> 2023-01-29 15:19:28	"cd '/home/mockbuilder/aufover-benchmark/workdir-for-sync/rpm-pkgs/python-dmidecode-3.12.2-25.fc35/symbiotic/output/debug/raw-results/builddir/symbiotic-capture' && touch empty.conv && csgrep --mode=json --remove-duplicates *.conv > /home/mockbuilder/aufover-benchmark/workdir-for-sync/rpm-pkgs/python-dmidecode-3.12.2-25.fc35/symbiotic/output/debug/uni-results/symbiotic-capture.js"

scan.ini: time-finished = 2023-01-29 15:19:28
scan.ini: exit-code = 1
>>> 2023-01-29 15:19:28	"cslinker --quiet --cwelist '/usr/share/csmock/cwe-map.csv' --inifile '/home/mockbuilder/aufover-benchmark/workdir-for-sync/rpm-pkgs/python-dmidecode-3.12.2-25.fc35/symbiotic/output/scan.ini' '/home/mockbuilder/aufover-benchmark/workdir-for-sync/rpm-pkgs/python-dmidecode-3.12.2-25.fc35/symbiotic/output/debug/uni-results'/* > '/home/mockbuilder/aufover-benchmark/workdir-for-sync/rpm-pkgs/python-dmidecode-3.12.2-25.fc35/symbiotic/output/debug/scan-results-all.js'"

>>> 2023-01-29 15:19:28	"'/usr/bin/mock' '-r' 'fedora-35-x86_64' '--plugin-option=tmpfs:keep_mounted=True' '--config-opts=print_main_output=True' '--quiet' '--shell' 'csgrep --mode=json --embed-context 3' < '/home/mockbuilder/aufover-benchmark/workdir-for-sync/rpm-pkgs/python-dmidecode-3.12.2-25.fc35/symbiotic/output/debug/scan-results-all.js' > '/home/mockbuilder/aufover-benchmark/workdir-for-sync/rpm-pkgs/python-dmidecode-3.12.2-25.fc35/symbiotic/output/debug/scan-results-all.js.tmp'"

>>> 2023-01-29 15:19:33	"/usr/bin/mock" "-r" "fedora-35-x86_64" "--plugin-option=tmpfs:keep_mounted=True" "--config-opts=print_main_output=True" "--quiet" "--clean"

>>> 2023-01-29 15:19:46	"cat '/home/mockbuilder/aufover-benchmark/workdir-for-sync/rpm-pkgs/python-dmidecode-3.12.2-25.fc35/symbiotic/output/debug/scan-results-all.js' | sed 's|/builddir/build/BUILDROOT/[^/]*/|/builddir/build/BUILD//|' | csgrep --mode=json --path '^/builddir/build/BUILD/' --strip-path-prefix /builddir/build/BUILD/ | csgrep --mode=json --invert-match --path '^ksh-.*[0-9]+\\.c\$' | csgrep --mode=json --invert-match --path 'CMakeFiles/CMakeTmp|conftest.c' | cssort --key=path > '/home/mockbuilder/aufover-benchmark/workdir-for-sync/rpm-pkgs/python-dmidecode-3.12.2-25.fc35/symbiotic/output/scan-results.js'"

>>> 2023-01-29 15:19:46	"sed 's|/builddir/build/BUILDROOT/[^/]*/|/builddir/build/BUILD//|' '/home/mockbuilder/aufover-benchmark/workdir-for-sync/rpm-pkgs/python-dmidecode-3.12.2-25.fc35/symbiotic/output/debug/scan-results-all.js' | csgrep --mode=json --strip-path-prefix /builddir/build/BUILD/ | csdiff --show-internal '/home/mockbuilder/aufover-benchmark/workdir-for-sync/rpm-pkgs/python-dmidecode-3.12.2-25.fc35/symbiotic/output/scan-results.js' - | cssort > '/home/mockbuilder/aufover-benchmark/workdir-for-sync/rpm-pkgs/python-dmidecode-3.12.2-25.fc35/symbiotic/output/debug/suppressed-results.js'"

>>> 2023-01-29 15:19:46	"csgrep --mode=grep --invert-match --event \"internal warning\" --prune-events=1 '/home/mockbuilder/aufover-benchmark/workdir-for-sync/rpm-pkgs/python-dmidecode-3.12.2-25.fc35/symbiotic/output/debug/suppressed-results.js' > '/home/mockbuilder/aufover-benchmark/workdir-for-sync/rpm-pkgs/python-dmidecode-3.12.2-25.fc35/symbiotic/output/debug/suppressed-results.err'"

>>> 2023-01-29 15:19:46	"csgrep --mode=json --invert-match --event \"internal warning\" --prune-events=1 '/home/mockbuilder/aufover-benchmark/workdir-for-sync/rpm-pkgs/python-dmidecode-3.12.2-25.fc35/symbiotic/output/debug/suppressed-results.js' | cshtml - > '/home/mockbuilder/aufover-benchmark/workdir-for-sync/rpm-pkgs/python-dmidecode-3.12.2-25.fc35/symbiotic/output/debug/suppressed-results.html'"

>>> 2023-01-29 15:19:46	"csgrep --mode=evtstat --invert-match --event \"internal warning\" --prune-events=1 '/home/mockbuilder/aufover-benchmark/workdir-for-sync/rpm-pkgs/python-dmidecode-3.12.2-25.fc35/symbiotic/output/debug/suppressed-results.js' | tee '/home/mockbuilder/aufover-benchmark/workdir-for-sync/rpm-pkgs/python-dmidecode-3.12.2-25.fc35/symbiotic/output/debug/suppressed-results-summary.txt'"

>>> 2023-01-29 15:19:46	"csgrep --mode=grep --invert-match --event \"internal warning\" --prune-events=1 '/home/mockbuilder/aufover-benchmark/workdir-for-sync/rpm-pkgs/python-dmidecode-3.12.2-25.fc35/symbiotic/output/scan-results.js' > '/home/mockbuilder/aufover-benchmark/workdir-for-sync/rpm-pkgs/python-dmidecode-3.12.2-25.fc35/symbiotic/output/scan-results.err'"

>>> 2023-01-29 15:19:46	"csgrep --mode=json --invert-match --event \"internal warning\" --prune-events=1 '/home/mockbuilder/aufover-benchmark/workdir-for-sync/rpm-pkgs/python-dmidecode-3.12.2-25.fc35/symbiotic/output/scan-results.js' | cshtml - > '/home/mockbuilder/aufover-benchmark/workdir-for-sync/rpm-pkgs/python-dmidecode-3.12.2-25.fc35/symbiotic/output/scan-results.html'"

>>> 2023-01-29 15:19:46	"csgrep --mode=evtstat --invert-match --event \"internal warning\" --prune-events=1 '/home/mockbuilder/aufover-benchmark/workdir-for-sync/rpm-pkgs/python-dmidecode-3.12.2-25.fc35/symbiotic/output/scan-results.js' | tee '/home/mockbuilder/aufover-benchmark/workdir-for-sync/rpm-pkgs/python-dmidecode-3.12.2-25.fc35/symbiotic/output/scan-results-summary.txt'"
      2	COMPILER_WARNING                                	warning[-Wincompatible-function-pointer-types]
      3	COMPILER_WARNING                                	warning[-Wincompatible-pointer-types-discards-qualifiers]
      1	COMPILER_WARNING                                	warning[-Wlogical-not-parentheses]
      1	COMPILER_WARNING                                	warning[-Wpointer-sign]
      1	COMPILER_WARNING                                	warning[-Wundefined-inline]
      1	COMPILER_WARNING                                	warning[-Wunused-but-set-variable]

<<< 2023-01-29 15:19:46	csmock exit code: 1

